1	24	n/a
1	33	n/a
1	34	n/a
1	44	n/a
1	65	n/a
1	73	n/a
1	77	n/a
2	3	n/a
2	5	n/a
2	22	n/a
2	24	n/a
2	27	n/a
2	30	n/a
2	43	n/a
2	44	n/a
2	46	n/a
2	48	n/a
2	51	n/a
2	52	n/a
2	56	n/a
2	60	n/a
2	62	n/a
2	66	n/a
2	70	n/a
2	75	n/a
2	76	n/a
2	77	n/a
2	80	n/a
2	83	n/a
3	6	n/a
3	9	n/a
3	10	n/a
3	22	n/a
3	27	n/a
3	43	n/a
3	44	n/a
3	46	n/a
3	47	n/a
3	50	n/a
3	51	n/a
3	56	n/a
3	64	n/a
3	66	n/a
3	76	n/a
3	83	n/a
3	84	n/a
4	6	n/a
4	7	n/a
4	8	n/a
4	34	n/a
4	41	n/a
4	47	n/a
4	48	n/a
4	53	n/a
4	55	n/a
4	56	n/a
4	57	n/a
4	58	n/a
4	59	n/a
4	63	n/a
4	64	n/a
4	73	n/a
4	77	n/a
4	78	n/a
4	83	n/a
5	6	n/a
5	15	n/a
5	21	n/a
5	29	n/a
5	30	n/a
5	35	n/a
5	37	n/a
5	40	n/a
5	46	n/a
5	47	n/a
5	54	n/a
5	56	n/a
5	59	n/a
5	64	n/a
5	72	n/a
5	73	n/a
5	77	n/a
5	84	n/a
6	9	n/a
6	15	n/a
6	17	n/a
6	18	n/a
6	19	n/a
6	20	n/a
6	23	n/a
6	24	n/a
6	26	n/a
6	27	n/a
6	36	n/a
6	40	n/a
6	43	n/a
6	47	n/a
6	48	n/a
6	53	n/a
6	54	n/a
6	55	n/a
6	56	n/a
6	58	n/a
6	61	n/a
6	63	n/a
6	64	n/a
6	73	n/a
6	77	n/a
6	78	n/a
6	83	n/a
6	84	n/a
7	8	n/a
7	12	n/a
7	14	n/a
7	15	n/a
7	20	n/a
7	28	n/a
7	30	n/a
7	34	n/a
7	36	n/a
7	40	n/a
7	41	n/a
7	43	n/a
7	44	n/a
7	47	n/a
7	48	n/a
7	50	n/a
7	53	n/a
7	54	n/a
7	55	n/a
7	56	n/a
7	57	n/a
7	58	n/a
7	59	n/a
7	63	n/a
7	64	n/a
7	70	n/a
7	73	n/a
7	76	n/a
7	77	n/a
7	78	n/a
7	83	n/a
7	84	n/a
8	9	n/a
8	12	n/a
8	15	n/a
8	20	n/a
8	24	n/a
8	27	n/a
8	28	n/a
8	34	n/a
8	36	n/a
8	40	n/a
8	43	n/a
8	45	n/a
8	47	n/a
8	48	n/a
8	49	n/a
8	51	n/a
8	53	n/a
8	54	n/a
8	55	n/a
8	56	n/a
8	57	n/a
8	58	n/a
8	59	n/a
8	61	n/a
8	63	n/a
8	64	n/a
8	65	n/a
8	67	n/a
8	69	n/a
8	72	n/a
8	73	n/a
8	76	n/a
8	77	n/a
8	78	n/a
8	83	n/a
8	84	n/a
9	14	n/a
9	15	n/a
9	16	n/a
9	21	n/a
9	25	n/a
9	34	n/a
9	43	n/a
9	44	n/a
9	45	n/a
9	47	n/a
9	48	n/a
9	54	n/a
9	55	n/a
9	56	n/a
9	57	n/a
9	58	n/a
9	60	n/a
9	62	n/a
9	63	n/a
9	64	n/a
9	66	n/a
9	73	n/a
9	77	n/a
9	78	n/a
9	80	n/a
9	83	n/a
10	15	n/a
10	20	n/a
10	34	n/a
10	36	n/a
10	38	n/a
10	40	n/a
10	41	n/a
10	43	n/a
10	47	n/a
10	48	n/a
10	53	n/a
10	54	n/a
10	55	n/a
10	56	n/a
10	57	n/a
10	58	n/a
10	64	n/a
10	73	n/a
10	74	n/a
10	84	n/a
11	30	n/a
11	34	n/a
11	35	n/a
11	62	n/a
11	73	n/a
11	80	n/a
12	14	n/a
12	20	n/a
12	30	n/a
12	34	n/a
12	36	n/a
12	43	n/a
12	47	n/a
12	48	n/a
12	53	n/a
12	54	n/a
12	55	n/a
12	56	n/a
12	57	n/a
12	58	n/a
12	59	n/a
12	60	n/a
12	63	n/a
12	64	n/a
12	73	n/a
12	77	n/a
12	83	n/a
13	21	n/a
13	27	n/a
13	31	n/a
13	37	n/a
13	44	n/a
13	60	n/a
13	62	n/a
13	64	n/a
13	72	n/a
13	75	n/a
13	80	n/a
14	24	n/a
14	27	n/a
14	34	n/a
14	36	n/a
14	40	n/a
14	43	n/a
14	44	n/a
14	53	n/a
14	56	n/a
14	58	n/a
14	59	n/a
14	64	n/a
14	73	n/a
14	77	n/a
14	78	n/a
14	83	n/a
15	16	n/a
15	17	n/a
15	19	n/a
15	21	n/a
15	22	n/a
15	23	n/a
15	25	n/a
15	30	n/a
15	34	n/a
15	36	n/a
15	37	n/a
15	40	n/a
15	43	n/a
15	44	n/a
15	45	n/a
15	47	n/a
15	53	n/a
15	54	n/a
15	55	n/a
15	56	n/a
15	57	n/a
15	58	n/a
15	59	n/a
15	61	n/a
15	64	n/a
15	65	n/a
15	69	n/a
15	70	n/a
15	72	n/a
15	73	n/a
15	77	n/a
15	78	n/a
15	81	n/a
15	83	n/a
16	17	n/a
16	22	n/a
16	23	n/a
16	29	n/a
16	30	n/a
16	33	n/a
16	35	n/a
16	36	n/a
16	37	n/a
16	38	n/a
16	39	n/a
16	40	n/a
16	43	n/a
16	44	n/a
16	45	n/a
16	46	n/a
16	47	n/a
16	64	n/a
16	71	n/a
16	76	n/a
16	83	n/a
16	84	n/a
17	21	n/a
17	23	n/a
17	27	n/a
17	28	n/a
17	30	n/a
17	39	n/a
17	43	n/a
17	44	n/a
17	45	n/a
17	46	n/a
17	48	n/a
17	52	n/a
17	56	n/a
17	63	n/a
17	65	n/a
17	66	n/a
17	67	n/a
17	68	n/a
17	69	n/a
17	72	n/a
17	76	n/a
17	77	n/a
17	79	n/a
17	83	n/a
17	84	n/a
18	34	n/a
18	35	n/a
18	36	n/a
18	39	n/a
18	44	n/a
18	45	n/a
18	46	n/a
18	56	n/a
18	75	n/a
18	80	n/a
19	23	n/a
19	34	n/a
19	35	n/a
19	38	n/a
19	39	n/a
19	43	n/a
19	44	n/a
19	45	n/a
19	46	n/a
19	47	n/a
19	51	n/a
19	68	n/a
19	72	n/a
19	75	n/a
20	28	n/a
20	34	n/a
20	41	n/a
20	47	n/a
20	55	n/a
20	56	n/a
20	57	n/a
20	63	n/a
21	23	n/a
21	26	n/a
21	27	n/a
21	28	n/a
21	34	n/a
21	40	n/a
21	41	n/a
21	43	n/a
21	44	n/a
21	47	n/a
21	52	n/a
21	54	n/a
21	64	n/a
21	71	n/a
21	76	n/a
21	83	n/a
21	84	n/a
22	23	n/a
22	25	n/a
22	27	n/a
22	32	n/a
22	37	n/a
22	40	n/a
22	43	n/a
22	44	n/a
22	45	n/a
22	46	n/a
22	47	n/a
22	49	n/a
22	50	n/a
22	52	n/a
22	56	n/a
22	60	n/a
22	64	n/a
22	66	n/a
22	70	n/a
22	71	n/a
22	72	n/a
22	73	n/a
22	76	n/a
22	77	n/a
22	78	n/a
22	83	n/a
22	84	n/a
23	27	0.245
23	30	n/a
23	35	n/a
23	36	0.142
23	38	n/a
23	39	n/a
23	40	0.084
23	41	n/a
23	43	n/a
23	44	n/a
23	45	n/a
23	46	n/a
23	47	0.144
23	52	n/a
23	54	n/a
23	60	n/a
23	65	n/a
23	66	n/a
23	67	n/a
23	68	n/a
23	71	n/a
23	72	n/a
23	73	n/a
23	75	n/a
23	76	n/a
23	77	n/a
23	78	n/a
23	83	n/a
23	84	n/a
24	25	n/a
24	29	n/a
24	30	n/a
24	34	n/a
24	35	n/a
24	36	n/a
24	39	n/a
24	41	n/a
24	43	n/a
24	44	n/a
24	45	n/a
24	47	n/a
24	48	n/a
24	49	n/a
24	53	n/a
24	54	n/a
24	55	n/a
24	56	n/a
24	57	n/a
24	58	n/a
24	59	n/a
24	60	n/a
24	61	n/a
24	63	n/a
24	64	n/a
24	66	n/a
24	71	n/a
24	72	n/a
24	73	n/a
24	77	n/a
24	78	n/a
24	82	n/a
24	83	n/a
24	84	n/a
25	43	n/a
25	44	n/a
25	53	n/a
25	60	n/a
25	62	n/a
25	66	n/a
25	67	n/a
25	73	n/a
25	74	n/a
25	75	n/a
25	80	n/a
26	30	n/a
26	35	n/a
26	36	n/a
26	39	n/a
26	40	n/a
26	43	n/a
26	44	n/a
26	46	n/a
26	47	n/a
26	51	n/a
26	57	n/a
26	62	n/a
26	66	n/a
26	68	n/a
26	69	n/a
26	70	n/a
26	72	n/a
26	75	n/a
26	76	n/a
26	77	n/a
26	79	n/a
26	80	n/a
26	82	n/a
26	83	n/a
26	84	n/a
27	29	n/a
27	30	n/a
27	33	n/a
27	34	n/a
27	35	n/a
27	36	0.139
27	37	n/a
27	39	n/a
27	40	0.037
27	41	n/a
27	42	n/a
27	43	n/a
27	44	n/a
27	46	n/a
27	47	0.131
27	48	n/a
27	50	n/a
27	51	n/a
27	52	n/a
27	54	n/a
27	56	n/a
27	63	n/a
27	64	n/a
27	66	n/a
27	68	n/a
27	70	n/a
27	71	n/a
27	72	n/a
27	75	n/a
27	76	n/a
27	78	n/a
27	79	n/a
27	83	n/a
27	84	n/a
28	34	n/a
28	36	n/a
28	37	n/a
28	40	n/a
28	41	n/a
28	43	n/a
28	44	n/a
28	46	n/a
28	47	n/a
28	48	n/a
28	53	n/a
28	55	n/a
28	56	n/a
28	57	n/a
28	58	n/a
28	59	n/a
28	63	n/a
28	64	n/a
28	67	n/a
28	72	n/a
28	73	n/a
28	74	n/a
28	76	n/a
28	77	n/a
28	78	n/a
28	83	n/a
28	84	n/a
29	35	n/a
29	36	n/a
29	47	n/a
29	48	n/a
29	54	n/a
29	56	n/a
29	57	n/a
29	59	n/a
29	60	n/a
29	64	n/a
29	65	n/a
29	72	n/a
29	73	n/a
29	76	n/a
29	77	n/a
29	78	n/a
29	82	n/a
29	83	n/a
29	84	n/a
30	41	n/a
30	44	n/a
30	51	n/a
30	52	n/a
30	54	n/a
30	55	n/a
30	59	n/a
30	64	n/a
30	66	n/a
30	75	n/a
30	76	n/a
30	83	n/a
30	84	n/a
31	34	n/a
31	35	n/a
31	36	n/a
31	75	n/a
31	80	n/a
31	84	n/a
32	34	n/a
32	36	n/a
32	40	n/a
33	34	n/a
33	44	n/a
33	47	n/a
33	72	n/a
33	73	n/a
33	76	n/a
33	77	n/a
33	83	n/a
34	35	n/a
34	36	n/a
34	37	n/a
34	40	n/a
34	43	n/a
34	45	n/a
34	47	n/a
34	48	n/a
34	51	n/a
34	52	n/a
34	55	n/a
34	56	n/a
34	57	n/a
34	58	n/a
34	59	n/a
34	63	n/a
34	64	n/a
34	65	n/a
34	66	n/a
34	70	n/a
34	71	n/a
34	72	n/a
34	73	n/a
34	75	n/a
34	76	n/a
34	77	n/a
34	78	n/a
34	82	n/a
34	83	n/a
34	84	n/a
35	37	n/a
35	39	n/a
35	40	n/a
35	43	n/a
35	44	n/a
35	46	n/a
35	47	n/a
35	48	n/a
35	54	n/a
35	56	n/a
35	59	n/a
35	65	n/a
35	69	n/a
35	70	n/a
35	72	n/a
35	73	n/a
35	74	n/a
35	75	n/a
35	76	n/a
35	77	n/a
35	84	n/a
36	37	n/a
36	38	n/a
36	39	n/a
36	40	0.309
36	41	n/a
36	43	n/a
36	44	n/a
36	45	n/a
36	46	n/a
36	47	0.138
36	48	n/a
36	52	n/a
36	56	n/a
36	57	n/a
36	60	n/a
36	64	n/a
36	65	n/a
36	66	n/a
36	67	n/a
36	68	n/a
36	70	n/a
36	71	n/a
36	72	n/a
36	73	n/a
36	75	n/a
36	76	n/a
36	77	n/a
36	80	n/a
36	83	n/a
36	84	n/a
37	38	n/a
37	39	n/a
37	40	n/a
37	41	n/a
37	43	n/a
37	44	n/a
37	46	n/a
37	47	n/a
37	51	n/a
37	52	n/a
37	56	n/a
37	63	n/a
37	64	n/a
37	66	n/a
37	71	n/a
37	72	n/a
37	75	n/a
37	76	n/a
37	83	n/a
37	84	n/a
38	43	n/a
38	44	n/a
38	45	n/a
38	46	n/a
38	47	n/a
38	48	n/a
38	52	n/a
38	57	n/a
38	65	n/a
38	70	n/a
38	71	n/a
38	84	n/a
39	43	n/a
39	44	n/a
39	45	n/a
39	46	n/a
39	47	n/a
39	52	n/a
39	54	n/a
39	56	n/a
39	66	n/a
39	68	n/a
39	70	n/a
39	71	n/a
39	72	n/a
39	75	n/a
39	76	n/a
39	77	n/a
39	79	n/a
39	84	n/a
40	41	n/a
40	43	n/a
40	44	n/a
40	45	n/a
40	47	0.325
40	48	n/a
40	50	n/a
40	52	n/a
40	53	n/a
40	54	n/a
40	55	n/a
40	56	n/a
40	57	n/a
40	58	n/a
40	59	n/a
40	61	n/a
40	63	n/a
40	64	n/a
40	65	n/a
40	70	n/a
40	72	n/a
40	73	n/a
40	76	n/a
40	77	n/a
40	78	n/a
40	83	n/a
40	84	n/a
41	43	n/a
41	45	n/a
41	47	n/a
41	49	n/a
41	56	n/a
41	58	n/a
41	65	n/a
41	70	n/a
41	72	n/a
41	73	n/a
41	76	n/a
41	77	n/a
41	78	n/a
41	84	n/a
42	60	n/a
42	61	n/a
43	46	n/a
43	47	n/a
43	48	n/a
43	50	n/a
43	53	n/a
43	54	n/a
43	55	n/a
43	56	n/a
43	57	n/a
43	59	n/a
43	60	n/a
43	61	n/a
43	63	n/a
43	64	n/a
43	65	n/a
43	71	n/a
43	72	n/a
43	73	n/a
43	76	n/a
43	77	n/a
43	78	n/a
43	81	n/a
43	82	n/a
43	83	n/a
44	46	n/a
44	47	n/a
44	48	n/a
44	64	n/a
44	65	n/a
44	83	n/a
44	84	n/a
45	62	n/a
45	65	n/a
45	72	n/a
46	51	n/a
46	54	n/a
46	59	n/a
46	65	n/a
46	67	n/a
46	68	n/a
46	71	n/a
46	75	n/a
46	76	n/a
46	78	n/a
46	84	n/a
47	49	n/a
47	51	n/a
47	52	n/a
47	55	n/a
47	56	n/a
47	59	n/a
47	65	n/a
47	66	n/a
47	68	n/a
47	70	n/a
47	72	n/a
47	74	n/a
47	75	n/a
47	76	n/a
47	77	n/a
47	81	n/a
47	84	n/a
48	53	n/a
48	55	n/a
48	56	n/a
48	58	n/a
48	59	n/a
48	61	n/a
48	65	n/a
48	68	n/a
48	69	n/a
48	70	n/a
48	72	n/a
48	73	n/a
48	76	n/a
48	77	n/a
50	76	n/a
50	83	n/a
51	58	n/a
51	61	n/a
51	64	n/a
51	71	n/a
52	55	n/a
52	66	n/a
52	72	n/a
52	79	n/a
52	83	n/a
52	84	n/a
53	55	n/a
53	56	n/a
53	57	n/a
53	63	n/a
53	64	n/a
53	78	n/a
53	83	n/a
54	61	n/a
54	71	n/a
54	75	n/a
54	84	n/a
55	63	n/a
55	69	n/a
55	70	n/a
55	72	n/a
55	73	n/a
55	75	n/a
56	57	n/a
56	58	n/a
56	64	n/a
56	68	n/a
56	73	n/a
56	76	n/a
56	78	n/a
56	83	n/a
57	58	n/a
57	59	n/a
57	61	n/a
57	69	n/a
57	73	n/a
57	76	n/a
57	77	n/a
58	81	n/a
58	83	n/a
59	64	n/a
59	81	n/a
59	83	n/a
60	83	n/a
61	66	n/a
61	81	n/a
61	83	n/a
62	76	n/a
62	78	n/a
62	80	n/a
62	83	n/a
63	69	n/a
63	73	n/a
63	78	n/a
64	65	n/a
64	69	n/a
64	70	n/a
64	71	n/a
64	72	n/a
64	74	n/a
64	77	n/a
64	84	n/a
65	66	n/a
65	76	n/a
65	78	n/a
65	82	n/a
65	83	n/a
65	84	n/a
66	70	n/a
66	71	n/a
66	72	n/a
66	74	n/a
66	84	n/a
67	69	n/a
67	81	n/a
67	83	n/a
67	84	n/a
68	83	n/a
68	84	n/a
69	81	n/a
69	83	n/a
72	76	n/a
72	77	n/a
72	79	n/a
72	82	n/a
72	83	n/a
72	84	n/a
73	74	n/a
73	78	n/a
73	81	n/a
73	83	n/a
73	84	n/a
75	81	n/a
75	83	n/a
75	84	n/a
76	79	n/a
76	83	n/a
76	84	n/a
77	78	n/a
77	81	n/a
77	83	n/a
79	83	n/a
81	83	n/a
81	84	n/a
83	84	n/a
#subnet edge score	1.6940000000000002