1	4	n/a
1	13	n/a
1	15	n/a
1	16	n/a
1	18	n/a
1	19	n/a
1	22	n/a
1	24	n/a
1	26	n/a
1	28	n/a
1	29	n/a
1	33	n/a
1	38	n/a
1	40	n/a
1	43	n/a
1	46	n/a
1	47	n/a
1	51	n/a
1	52	n/a
1	54	n/a
1	55	n/a
1	56	n/a
1	58	n/a
1	61	n/a
1	65	n/a
1	66	n/a
1	67	n/a
1	68	n/a
1	73	n/a
1	77	n/a
1	78	n/a
1	82	n/a
1	83	n/a
2	4	n/a
2	12	n/a
2	14	n/a
2	17	n/a
2	23	n/a
2	25	n/a
2	29	n/a
2	30	n/a
2	33	n/a
2	34	n/a
2	39	n/a
2	42	n/a
2	43	n/a
2	45	n/a
2	46	n/a
2	49	n/a
2	51	n/a
2	56	n/a
2	61	n/a
2	62	n/a
2	65	n/a
2	66	n/a
2	67	n/a
2	69	n/a
2	70	n/a
2	72	n/a
2	74	n/a
2	77	n/a
2	80	n/a
2	81	n/a
2	83	n/a
3	6	n/a
3	7	n/a
3	8	n/a
3	9	n/a
3	10	n/a
3	13	n/a
3	15	n/a
3	17	n/a
3	19	n/a
3	20	n/a
3	35	n/a
3	36	n/a
3	37	n/a
3	40	n/a
3	46	n/a
3	53	n/a
3	54	n/a
3	62	n/a
3	70	n/a
3	71	n/a
3	72	n/a
3	80	n/a
3	82	n/a
3	84	n/a
4	5	n/a
4	7	n/a
4	9	n/a
4	12	n/a
4	13	n/a
4	14	n/a
4	19	n/a
4	21	n/a
4	24	n/a
4	26	n/a
4	28	n/a
4	29	n/a
4	31	n/a
4	36	n/a
4	40	n/a
4	44	n/a
4	45	n/a
4	53	n/a
4	54	n/a
4	55	n/a
4	56	n/a
4	57	n/a
4	58	n/a
4	60	n/a
4	63	n/a
4	66	n/a
4	74	n/a
4	75	n/a
4	81	n/a
4	84	n/a
5	12	n/a
5	18	n/a
5	22	n/a
5	23	n/a
5	24	n/a
5	32	n/a
5	33	n/a
5	37	n/a
5	38	n/a
5	39	n/a
5	42	n/a
5	43	n/a
5	44	n/a
5	48	n/a
5	49	n/a
5	53	n/a
5	57	n/a
5	59	n/a
5	60	n/a
5	61	n/a
5	63	n/a
5	68	n/a
5	71	n/a
5	74	n/a
5	76	n/a
5	83	n/a
6	7	n/a
6	9	n/a
6	23	n/a
6	24	0.021
6	25	n/a
6	31	0.032
6	32	n/a
6	33	n/a
6	35	n/a
6	37	n/a
6	45	0.02
6	46	n/a
6	47	n/a
6	51	n/a
6	55	n/a
6	57	n/a
6	58	n/a
6	59	n/a
6	61	n/a
6	63	0.034
6	65	n/a
6	67	n/a
6	72	n/a
6	75	n/a
6	77	n/a
6	78	0.052000000000000005
6	79	n/a
6	80	n/a
6	81	n/a
6	82	n/a
6	83	0.063
6	84	n/a
7	8	n/a
7	10	n/a
7	12	n/a
7	20	n/a
7	22	n/a
7	23	n/a
7	26	n/a
7	27	n/a
7	33	n/a
7	35	n/a
7	36	n/a
7	37	n/a
7	40	n/a
7	41	n/a
7	46	n/a
7	47	n/a
7	53	n/a
7	54	n/a
7	60	n/a
7	63	n/a
7	64	n/a
7	65	n/a
7	66	n/a
7	67	n/a
7	71	n/a
7	73	n/a
7	77	n/a
7	79	n/a
7	80	n/a
7	82	n/a
7	84	n/a
8	14	0.01
8	18	n/a
8	22	n/a
8	23	n/a
8	24	0.006999999999999999
8	26	n/a
8	27	n/a
8	28	n/a
8	29	n/a
8	30	n/a
8	31	0.026
8	33	n/a
8	35	n/a
8	43	n/a
8	45	0.029
8	46	n/a
8	55	n/a
8	56	n/a
8	57	n/a
8	58	n/a
8	59	n/a
8	62	n/a
8	63	0.029
8	73	n/a
8	75	n/a
8	77	n/a
8	78	0.017
8	82	n/a
8	83	0.041999999999999996
8	84	n/a
9	12	n/a
9	15	n/a
9	16	n/a
9	19	n/a
9	21	n/a
9	23	n/a
9	28	n/a
9	32	n/a
9	33	n/a
9	36	n/a
9	40	n/a
9	44	n/a
9	55	n/a
9	59	n/a
9	61	n/a
9	63	n/a
9	65	n/a
9	66	n/a
9	67	n/a
9	68	n/a
9	69	n/a
9	71	n/a
9	72	n/a
9	75	n/a
9	76	n/a
9	84	n/a
10	16	n/a
10	18	n/a
10	19	n/a
10	21	n/a
10	24	n/a
10	29	n/a
10	31	n/a
10	44	n/a
10	46	n/a
10	50	n/a
10	53	n/a
10	54	n/a
10	55	n/a
10	57	n/a
10	58	n/a
10	62	n/a
10	63	n/a
10	64	n/a
10	66	n/a
10	72	n/a
10	74	n/a
10	75	n/a
10	78	n/a
10	79	n/a
10	80	n/a
10	81	n/a
10	83	n/a
11	12	n/a
11	15	n/a
11	18	n/a
11	21	n/a
11	29	n/a
11	31	n/a
11	32	n/a
11	33	n/a
11	38	n/a
11	41	n/a
11	44	n/a
11	50	n/a
11	56	n/a
11	58	n/a
11	59	n/a
11	60	n/a
11	65	n/a
11	67	n/a
11	71	n/a
11	78	n/a
11	82	n/a
11	83	n/a
12	16	n/a
12	18	n/a
12	19	n/a
12	22	n/a
12	24	n/a
12	25	n/a
12	26	n/a
12	29	n/a
12	35	n/a
12	45	n/a
12	48	n/a
12	49	n/a
12	50	n/a
12	55	n/a
12	57	n/a
12	58	n/a
12	60	n/a
12	62	n/a
12	63	n/a
12	65	n/a
12	71	n/a
12	76	n/a
12	78	n/a
12	79	n/a
12	80	n/a
12	82	n/a
13	15	n/a
13	22	n/a
13	26	n/a
13	31	n/a
13	33	n/a
13	36	n/a
13	38	n/a
13	39	n/a
13	42	n/a
13	56	n/a
13	61	n/a
13	67	n/a
13	70	n/a
13	72	n/a
13	79	n/a
13	81	n/a
14	18	n/a
14	19	n/a
14	22	n/a
14	24	0.032
14	25	n/a
14	26	n/a
14	28	n/a
14	31	0.009
14	33	n/a
14	35	n/a
14	38	0.006999999999999999
14	42	n/a
14	43	n/a
14	44	n/a
14	45	0.030000000000000002
14	47	n/a
14	48	n/a
14	51	n/a
14	52	n/a
14	54	n/a
14	56	n/a
14	57	n/a
14	58	n/a
14	61	n/a
14	62	n/a
14	63	0.011
14	68	n/a
14	73	n/a
14	75	n/a
14	76	n/a
14	77	n/a
14	78	0.048
14	79	n/a
14	80	n/a
14	81	n/a
14	83	0.05
15	16	n/a
15	18	n/a
15	21	n/a
15	23	n/a
15	26	n/a
15	33	n/a
15	39	n/a
15	41	n/a
15	42	n/a
15	46	n/a
15	52	n/a
15	53	n/a
15	54	n/a
15	55	n/a
15	62	n/a
15	63	n/a
15	64	n/a
15	70	n/a
15	72	n/a
15	74	n/a
15	75	n/a
15	79	n/a
15	81	n/a
15	82	n/a
15	84	n/a
16	17	n/a
16	26	n/a
16	29	n/a
16	43	n/a
16	49	n/a
16	58	n/a
16	60	n/a
16	61	n/a
16	65	n/a
16	69	n/a
16	73	n/a
16	78	n/a
17	19	n/a
17	21	n/a
17	24	n/a
17	28	n/a
17	29	n/a
17	31	n/a
17	33	n/a
17	35	n/a
17	40	n/a
17	41	n/a
17	43	n/a
17	47	n/a
17	48	n/a
17	49	n/a
17	56	n/a
17	58	n/a
17	71	n/a
17	78	n/a
17	80	n/a
17	84	n/a
18	19	n/a
18	20	n/a
18	21	n/a
18	25	n/a
18	28	n/a
18	29	n/a
18	30	n/a
18	31	n/a
18	32	n/a
18	37	n/a
18	38	n/a
18	45	n/a
18	46	n/a
18	48	n/a
18	49	n/a
18	50	n/a
18	52	n/a
18	59	n/a
18	60	n/a
18	61	n/a
18	63	n/a
18	64	n/a
18	66	n/a
18	67	n/a
18	68	n/a
18	69	n/a
18	72	n/a
18	75	n/a
18	76	n/a
18	79	n/a
19	20	n/a
19	25	n/a
19	26	n/a
19	28	n/a
19	29	n/a
19	31	n/a
19	32	n/a
19	35	n/a
19	43	n/a
19	45	n/a
19	48	n/a
19	49	n/a
19	68	n/a
19	71	n/a
19	72	n/a
19	74	n/a
19	75	n/a
20	22	n/a
20	35	n/a
20	40	n/a
20	45	n/a
20	46	n/a
20	48	n/a
20	49	n/a
20	55	n/a
20	57	n/a
20	58	n/a
20	62	n/a
20	65	n/a
20	66	n/a
20	70	n/a
20	72	n/a
20	74	n/a
20	76	n/a
20	79	n/a
20	80	n/a
20	83	n/a
20	84	n/a
21	25	n/a
21	32	n/a
21	36	n/a
21	41	n/a
21	44	n/a
21	48	n/a
21	49	n/a
21	50	n/a
21	54	n/a
21	57	n/a
21	58	n/a
21	60	n/a
21	70	n/a
21	73	n/a
21	81	n/a
22	23	n/a
22	24	n/a
22	25	n/a
22	29	n/a
22	30	n/a
22	32	n/a
22	34	n/a
22	35	n/a
22	39	n/a
22	42	n/a
22	43	n/a
22	45	n/a
22	46	n/a
22	48	n/a
22	49	n/a
22	50	n/a
22	51	n/a
22	56	n/a
22	59	n/a
22	61	n/a
22	63	n/a
22	65	n/a
22	67	n/a
22	69	n/a
22	70	n/a
22	72	n/a
22	73	n/a
22	75	n/a
22	77	n/a
22	78	n/a
22	83	n/a
23	24	n/a
23	26	n/a
23	27	n/a
23	28	n/a
23	29	n/a
23	38	n/a
23	39	n/a
23	41	n/a
23	43	n/a
23	45	n/a
23	46	n/a
23	50	n/a
23	51	n/a
23	52	n/a
23	58	n/a
23	61	n/a
23	64	n/a
23	66	n/a
23	67	n/a
23	69	n/a
23	72	n/a
23	73	n/a
23	74	n/a
24	26	n/a
24	38	0.025
24	39	n/a
24	44	n/a
24	45	0.012
24	49	n/a
24	50	n/a
24	56	n/a
24	57	n/a
24	62	n/a
24	63	0.048
24	67	n/a
24	78	0.018
24	79	n/a
24	81	n/a
24	83	0.027
25	34	n/a
25	35	n/a
25	36	n/a
25	37	n/a
25	39	n/a
25	40	n/a
25	47	n/a
25	49	n/a
25	50	n/a
25	69	n/a
25	74	n/a
25	75	n/a
25	79	n/a
25	80	n/a
25	81	n/a
26	28	n/a
26	29	n/a
26	30	n/a
26	32	n/a
26	35	n/a
26	36	n/a
26	37	n/a
26	38	n/a
26	41	n/a
26	42	n/a
26	45	n/a
26	46	n/a
26	47	n/a
26	49	n/a
26	50	n/a
26	51	n/a
26	53	n/a
26	55	n/a
26	56	n/a
26	59	n/a
26	60	n/a
26	61	n/a
26	63	n/a
26	67	n/a
26	69	n/a
26	71	n/a
26	72	n/a
26	74	n/a
26	78	n/a
26	79	n/a
27	28	n/a
27	31	n/a
27	32	n/a
27	34	n/a
27	38	n/a
27	39	n/a
27	41	n/a
27	45	n/a
27	47	n/a
27	51	n/a
27	54	n/a
27	60	n/a
27	65	n/a
27	66	n/a
27	67	n/a
27	70	n/a
27	71	n/a
27	74	n/a
27	80	n/a
27	81	n/a
27	82	n/a
28	29	n/a
28	34	n/a
28	38	n/a
28	39	n/a
28	53	n/a
28	56	n/a
28	57	n/a
28	60	n/a
28	63	n/a
28	68	n/a
28	69	n/a
28	78	n/a
28	81	n/a
29	30	n/a
29	35	n/a
29	42	n/a
29	45	n/a
29	47	n/a
29	50	n/a
29	52	n/a
29	56	n/a
29	57	n/a
29	59	n/a
29	61	n/a
29	62	n/a
29	63	n/a
29	65	n/a
29	67	n/a
29	68	n/a
29	69	n/a
29	70	n/a
29	71	n/a
29	74	n/a
29	76	n/a
29	77	n/a
29	78	n/a
29	80	n/a
29	83	n/a
30	36	n/a
30	37	n/a
30	40	n/a
30	41	n/a
30	46	n/a
30	49	n/a
30	50	n/a
30	57	n/a
30	60	n/a
30	61	n/a
30	67	n/a
30	69	n/a
30	71	n/a
30	75	n/a
31	34	n/a
31	36	n/a
31	38	0.006
31	43	n/a
31	45	0.017
31	52	n/a
31	53	n/a
31	59	n/a
31	60	n/a
31	61	n/a
31	62	n/a
31	63	0.012
31	64	n/a
31	65	n/a
31	66	n/a
31	67	n/a
31	72	n/a
31	74	n/a
31	75	n/a
31	78	0.047
31	80	n/a
31	83	0.015
31	84	n/a
32	37	n/a
32	43	n/a
32	45	n/a
32	46	n/a
32	50	n/a
32	51	n/a
32	53	n/a
32	57	n/a
32	61	n/a
32	63	n/a
32	64	n/a
32	68	n/a
32	76	n/a
32	83	n/a
33	35	n/a
33	38	n/a
33	40	n/a
33	43	n/a
33	44	n/a
33	46	n/a
33	50	n/a
33	52	n/a
33	58	n/a
33	59	n/a
33	65	n/a
33	68	n/a
33	70	n/a
33	73	n/a
33	74	n/a
33	75	n/a
33	84	n/a
34	38	n/a
34	44	n/a
34	45	n/a
34	49	n/a
34	52	n/a
34	55	n/a
34	57	n/a
34	60	n/a
34	61	n/a
34	62	n/a
34	65	n/a
34	67	n/a
34	68	n/a
34	74	n/a
34	75	n/a
34	77	n/a
34	79	n/a
34	83	n/a
35	43	n/a
35	49	n/a
35	53	n/a
35	54	n/a
35	56	n/a
35	58	n/a
35	61	n/a
35	62	n/a
35	64	n/a
35	67	n/a
35	68	n/a
35	71	n/a
35	75	n/a
35	81	n/a
36	38	n/a
36	40	n/a
36	45	n/a
36	46	n/a
36	53	n/a
36	57	n/a
36	59	n/a
36	60	n/a
36	63	n/a
36	67	n/a
36	72	n/a
36	81	n/a
36	82	n/a
36	84	n/a
37	45	n/a
37	46	n/a
37	47	n/a
37	51	n/a
37	53	n/a
37	58	n/a
37	61	n/a
37	62	n/a
37	64	n/a
37	67	n/a
37	71	n/a
37	79	n/a
37	81	n/a
38	43	n/a
38	45	0.03899999999999999
38	46	n/a
38	56	n/a
38	57	n/a
38	60	n/a
38	61	n/a
38	63	0.039999999999999994
38	67	n/a
38	68	n/a
38	72	n/a
38	77	n/a
38	78	0.038000000000000006
38	81	n/a
38	83	0.044
38	84	n/a
39	43	n/a
39	45	n/a
39	49	n/a
39	50	n/a
39	51	n/a
39	52	n/a
39	54	n/a
39	58	n/a
39	60	n/a
39	61	n/a
39	63	n/a
39	67	n/a
39	68	n/a
39	72	n/a
39	76	n/a
39	77	n/a
39	79	n/a
39	83	n/a
40	42	n/a
40	48	n/a
40	55	n/a
40	57	n/a
40	60	n/a
40	66	n/a
40	67	n/a
40	73	n/a
40	74	n/a
40	80	n/a
40	83	n/a
41	45	n/a
41	46	n/a
41	47	n/a
41	48	n/a
41	51	n/a
41	52	n/a
41	55	n/a
41	56	n/a
41	57	n/a
41	68	n/a
41	71	n/a
41	73	n/a
41	76	n/a
41	82	n/a
41	83	n/a
42	44	n/a
42	47	n/a
42	48	n/a
42	53	n/a
42	54	n/a
42	55	n/a
42	57	n/a
42	62	n/a
42	63	n/a
42	64	n/a
42	66	n/a
42	67	n/a
42	70	n/a
42	73	n/a
42	77	n/a
42	78	n/a
43	45	n/a
43	51	n/a
43	59	n/a
43	62	n/a
43	64	n/a
43	68	n/a
43	71	n/a
43	81	n/a
43	82	n/a
43	83	n/a
44	48	n/a
44	51	n/a
44	54	n/a
44	58	n/a
44	65	n/a
44	74	n/a
44	75	n/a
44	82	n/a
45	64	n/a
45	66	n/a
45	68	n/a
45	70	n/a
45	72	n/a
45	76	n/a
45	77	n/a
45	78	0.008
45	81	n/a
46	48	n/a
46	49	n/a
46	58	n/a
46	67	n/a
46	70	n/a
46	72	n/a
46	76	n/a
46	81	n/a
47	51	n/a
47	52	n/a
47	53	n/a
47	58	n/a
47	66	n/a
47	68	n/a
47	72	n/a
47	79	n/a
47	81	n/a
47	84	n/a
48	52	n/a
48	56	n/a
48	63	n/a
48	64	n/a
48	70	n/a
48	71	n/a
48	72	n/a
48	74	n/a
48	78	n/a
48	79	n/a
49	52	n/a
49	54	n/a
49	55	n/a
49	58	n/a
49	65	n/a
49	70	n/a
49	72	n/a
49	73	n/a
49	75	n/a
49	79	n/a
49	84	n/a
50	53	n/a
50	61	n/a
50	62	n/a
50	67	n/a
50	75	n/a
50	80	n/a
50	83	n/a
51	52	n/a
51	53	n/a
51	55	n/a
51	56	n/a
51	59	n/a
51	63	n/a
51	69	n/a
51	71	n/a
51	72	n/a
51	77	n/a
51	80	n/a
51	81	n/a
51	82	n/a
52	53	n/a
52	56	n/a
52	57	n/a
52	61	n/a
52	66	n/a
52	67	n/a
52	68	n/a
52	70	n/a
52	71	n/a
52	72	n/a
52	74	n/a
52	75	n/a
52	84	n/a
53	54	n/a
53	58	n/a
53	61	n/a
53	64	n/a
53	66	n/a
53	67	n/a
53	69	n/a
53	70	n/a
53	74	n/a
53	79	n/a
53	84	n/a
54	55	n/a
54	57	n/a
54	58	n/a
54	68	n/a
54	75	n/a
54	81	n/a
54	82	n/a
55	58	n/a
55	59	n/a
55	61	n/a
55	62	n/a
55	64	n/a
55	67	n/a
55	78	n/a
55	82	n/a
55	83	n/a
55	84	n/a
56	57	n/a
56	73	n/a
56	81	n/a
56	82	n/a
56	84	n/a
57	58	n/a
57	59	n/a
57	65	n/a
57	66	n/a
57	68	n/a
57	71	n/a
57	72	n/a
57	75	n/a
57	78	n/a
57	84	n/a
58	61	n/a
58	64	n/a
58	66	n/a
58	72	n/a
58	74	n/a
58	81	n/a
59	61	n/a
59	63	n/a
59	68	n/a
59	71	n/a
59	72	n/a
59	81	n/a
59	83	n/a
60	68	n/a
60	70	n/a
60	71	n/a
60	75	n/a
60	82	n/a
60	84	n/a
61	62	n/a
61	65	n/a
61	66	n/a
61	70	n/a
61	75	n/a
61	80	n/a
61	81	n/a
61	82	n/a
61	84	n/a
62	66	n/a
62	69	n/a
62	70	n/a
62	74	n/a
62	75	n/a
62	78	n/a
62	80	n/a
62	81	n/a
62	84	n/a
63	71	n/a
63	77	n/a
63	84	n/a
64	67	n/a
64	68	n/a
64	73	n/a
64	74	n/a
64	76	n/a
64	80	n/a
65	69	n/a
65	71	n/a
65	74	n/a
65	77	n/a
65	79	n/a
65	80	n/a
65	82	n/a
65	83	n/a
66	74	n/a
66	79	n/a
67	73	n/a
67	80	n/a
68	70	n/a
68	81	n/a
69	71	n/a
69	73	n/a
69	77	n/a
69	79	n/a
69	81	n/a
69	82	n/a
69	83	n/a
69	84	n/a
70	72	n/a
70	73	n/a
70	77	n/a
70	79	n/a
70	83	n/a
71	79	n/a
71	81	n/a
71	83	n/a
72	75	n/a
72	76	n/a
72	84	n/a
73	80	n/a
73	81	n/a
73	83	n/a
73	84	n/a
74	82	n/a
74	83	n/a
74	84	n/a
75	81	n/a
76	81	n/a
76	83	n/a
77	83	n/a
77	84	n/a
78	80	n/a
78	83	0.008
78	84	n/a
79	80	n/a
79	84	n/a
80	81	n/a
80	82	n/a
81	82	n/a
82	84	n/a
#subnet edge score	0.9730000000000006