1	n/a
2	-0.01
3	n/a
4	n/a
5	n/a
6	n/a
7	n/a
8	n/a
9	n/a
10	n/a
11	-0.01
12	n/a
13	-0.01
14	n/a
15	n/a
16	n/a
17	n/a
18	-0.01
19	n/a
20	n/a
21	n/a
22	n/a
23	n/a
24	n/a
25	-0.01
26	-0.01
27	-0.01
28	n/a
29	n/a
30	n/a
31	-0.01
32	n/a
33	n/a
34	-0.01
35	n/a
36	-0.01
37	-0.01
38	-0.01
39	n/a
40	n/a
41	n/a
42	-0.01
43	n/a
44	n/a
45	n/a
46	n/a
47	n/a
48	n/a
49	n/a
50	n/a
51	n/a
52	n/a
53	n/a
54	n/a
55	n/a
56	n/a
57	n/a
58	n/a
59	n/a
60	n/a
61	n/a
62	-0.01
63	n/a
64	n/a
65	n/a
66	n/a
67	n/a
68	n/a
69	n/a
70	n/a
71	n/a
72	n/a
73	n/a
74	n/a
75	n/a
76	-0.01
77	n/a
78	n/a
79	n/a
80	n/a
81	n/a
82	n/a
83	n/a
84	n/a
#subnet node score	-0.15