0	1	0.053
0	2	0.178
0	3	0.052000000000000005
0	4	0.056999999999999995
0	5	0.04500000000000003
0	6	0.0019999999999999766
0	7	0.008000000000000038
0	8	0.09299999999999992
0	9	0.006000000000000019
0	10	0.00799999999999991
0	11	0.1459999999999999
0	12	0.031
0	13	0.04799999999999994
0	14	0.196
0	15	0.07499999999999998
0	16	0.018000000000000096
0	17	0.03500000000000017
0	18	0.08899999999999994
0	19	0.052000000000000046
0	20	0.06800000000000006
0	21	0.11400000000000021
0	22	0.07600000000000018
0	23	0.09500000000000001
0	24	0.05300000000000017
0	25	0.07600000000000048
0	26	0.04600000000000007
0	27	0.08200000000000017
0	28	0.03399999999999973
0	29	0.055000000000000895
0	30	0.005000000000000102
0	31	0.05199999999999992
0	32	0.05399999999999943
0	33	0.030999999999999812
0	34	0.1590000000000003
0	35	0.07600000000000051
0	36	0.06700000000000045
0	37	0.0040000000000002395
0	38	0.001000000000000438
0	39	0.053000000000000526
0	40	0.06500000000000064
0	41	0.042999999999999636
0	42	0.09299999999999921
0	43	0.030999999999998862
0	44	0.029999999999999215
0	45	0.11700000000000141
0	46	0.11200000000000017
0	47	0.011999999999999275
0	48	0.011000000000000228
0	49	0.12200000000000172
0	50	0.0770000000000006
0	51	0.13700000000000004
0	52	0.050000000000000766
0	53	0.03800000000000023
0	54	0.046999999999999945
0	55	0.10400000000000183
0	56	0.09200000000000003
0	57	0.006000000000000685
0	58	0.14799999999999877
0	59	0.043999999999999664
0	60	0.13100000000000006
0	61	0.054000000000002005
0	62	0.04300000000000035
0	63	0.0780000000000017
0	64	0.10100000000000264
0	65	0.11000000000000376
0	67	0.05099999999999873
0	68	0.14899999999999983
0	69	0.041999999999996304
0	70	0.1759999999999979
0	71	0.07400000000000147
0	72	0.09700000000000283
0	73	0.3199999999999994
0	74	0.04299999999999988
0	75	0.16000000000000117
0	76	0.0010000000000009689
0	77	0.10000000000000078
0	78	0.045000000000000276
0	79	0.1440000000000017
0	81	0.019999999999997548
0	82	0.09900000000000113
0	83	0.05000000000000108
1	2	0.06
1	3	0.084
1	4	0.008
1	5	0.048
1	6	0.071
1	7	0.069
1	8	0.001
1	9	0.015
1	10	0.171
1	11	0.006
1	12	0.042
1	13	0.041
1	14	0.111
1	15	0.017
1	16	0.031
1	17	0.041
1	18	0.127
1	19	0.128
1	20	0.022
1	21	0.035
1	22	0.086
1	23	0.038
1	24	0.084
1	25	0.068
1	26	0.016
1	27	0.177
1	28	0.043
1	29	0.009
1	30	0.101
1	31	0.081
1	32	0.109
1	33	0.08
1	34	0.012
1	35	0.001
1	36	0.103
1	37	0.017
1	38	0.034
1	39	0.051
1	40	0.067
1	41	0.025
1	42	0.028
1	43	0.043
1	44	0.15
1	45	0.041
1	46	0.029
1	47	0.005
1	48	0.01
1	49	0.029
1	50	0.078
1	51	0.115
1	53	0.062
1	54	0.047
1	55	0.014
1	56	0.116
1	57	0.088
1	58	0.084
1	59	0.059
1	60	0.166
1	61	0.071
1	62	0.053
1	63	0.108
1	64	0.08
1	65	0.088
1	66	0.006000000000000311
1	67	0.031
1	68	0.105
1	69	0.038
1	70	0.013
1	71	0.116
1	72	0.099
1	73	0.062
1	74	0.102
1	75	0.17
1	76	0.014
1	77	0.117
1	78	0.061
1	79	0.074
1	80	0.12799999999999898
1	81	0.017
1	82	0.002
1	83	0.114
2	3	0.081
2	4	0.082
2	5	0.092
2	6	0.13
2	7	0.102
2	8	0.045
2	9	0.113
2	10	0.121
2	11	0.086
2	12	0.024
2	13	0.104
2	14	0.059
2	15	0.064
2	16	0.07
2	17	0.177
2	18	0.157
2	19	0.113
2	20	0.109
2	21	0.177
2	22	0.031
2	23	0.041
2	24	0.038
2	25	0.187
2	26	0.183
2	27	0.059
2	28	0.076
2	29	0.096
2	30	0.128
2	31	0.041
2	32	0.113
2	33	0.092
2	34	0.043
2	35	0.011
2	36	0.085
2	37	0.053
2	38	0.006
2	39	0.058
2	40	0.155
2	41	0.059
2	42	0.129
2	43	0.186
2	44	0.113
2	45	0.13
2	46	0.065
2	47	0.137
2	48	0.014
2	49	0.026
2	50	0.136
2	51	0.132
2	52	0.13
2	53	0.103
2	54	0.024
2	55	0.071
2	56	0.119
2	57	0.024
2	58	0.047
2	59	0.031
2	60	0.033
2	61	0.209
2	62	0.092
2	63	0.058
2	64	0.074
2	65	0.074
2	66	0.074
2	67	0.089
2	68	0.015
2	69	0.148
2	70	0.019
2	71	0.123
2	72	0.07
2	73	0.081
2	74	0.141
2	75	0.135
2	76	0.137
2	77	0.095
2	78	0.091
2	79	0.021
2	81	0.035
2	82	0.086
2	83	0.015
3	4	0.05
3	5	0.09
3	6	0.018
3	7	0.037
3	8	0.102
3	9	0.052
3	10	0.029
3	11	0.016
3	12	0.036
3	13	0.01
3	14	0.082
3	15	0.104
3	16	0.08
3	17	0.084
3	18	0.014
3	19	0.119
3	20	0.012
3	21	0.144
3	22	0.063
3	23	0.063
3	24	0.163
3	25	0.057
3	26	0.115
3	27	0.025
3	28	0.083
3	29	0.057
3	30	0.021
3	31	0.087
3	32	0.124
3	33	0.069
3	34	0.026
3	35	0.07
3	36	0.061
3	37	0.026
3	38	0.018
3	39	0.009
3	40	0.002
3	41	0.166
3	42	0.047
3	43	0.013
3	44	0.003
3	45	0.069
3	46	0.041
3	47	0.08
3	48	0.004
3	49	0.019
3	50	0.221
3	51	0.125
3	52	0.053
3	53	0.11
3	54	0.013
3	55	0.046
3	56	0.097
3	57	0.017
3	58	0.126
3	59	0.024
3	60	0.146
3	61	0.077
3	62	0.046
3	63	0.035
3	64	0.136
3	65	0.087
3	66	0.021
3	67	0.095
3	68	0.119
3	69	0.073
3	70	0.025
3	71	0.054
3	72	0.022
3	73	0.095
3	74	0.09
3	75	0.051
3	76	0.039
3	77	0.122
3	78	0.14
3	80	0.029
3	81	0.11
3	82	0.027
3	83	0.057
4	5	0.051
4	6	0.133
4	7	0.063
4	8	0.093
4	9	0.094
4	10	0.016
4	11	0.051
4	12	0.01
4	13	0.056
4	14	0.107
4	15	0.039
4	16	0.193
4	17	0.078
4	18	0.184
4	19	0.051
4	20	0.086
4	21	0.099
4	22	0.171
4	23	0.011
4	24	0.06
4	25	0.021
4	26	0.003
4	27	0.057
4	28	0.13
4	29	0.038
4	30	0.048
4	31	0.094
4	32	0.111
4	33	0.098
4	34	0.073
4	35	0.089
4	36	0.104
4	37	0.024
4	38	0.022
4	39	0.139
4	40	0.176
4	41	0.112
4	42	0.116
4	43	0.089
4	44	0.214
4	45	0.035
4	46	0.117
4	47	0.063
4	48	0.141
4	50	0.053
4	51	0.141
4	52	0.171
4	53	0.053
4	54	0.039
4	55	0.018
4	56	0.031
4	57	0.061
4	58	0.116
4	59	0.062
4	60	0.122
4	61	0.088
4	62	0.129
4	63	0.006
4	64	0.252
4	65	0.063
4	67	0.054
4	68	0.059
4	69	0.096
4	70	0.039
4	71	0.045
4	72	0.005
4	74	0.134
4	75	0.096
4	76	0.008
4	77	0.026
4	78	0.062
4	80	0.103
4	82	0.029
4	83	0.155
5	6	0.003
5	7	0.053
5	8	0.079
5	9	0.038
5	10	0.068
5	11	0.179
5	12	0.088
5	13	0.151
5	14	0.127
5	15	0.069
5	16	0.108
5	17	0.147
5	18	0.003
5	19	0.166
5	20	0.03
5	21	0.109
5	22	0.024
5	23	0.104
5	24	0.051
5	25	0.19
5	26	0.137
5	27	0.014
5	28	0.101
5	29	0.024
5	30	0.087
5	31	0.003
5	32	0.038
5	33	0.132
5	34	0.079
5	35	0.067
5	36	0.038
5	37	0.075
5	38	0.046
5	39	0.014
5	40	0.042
5	41	0.105
5	42	0.039
5	43	0.099
5	44	0.172
5	45	0.096
5	46	0.004
5	47	0.07
5	48	0.081
5	49	0.031
5	50	0.115
5	51	0.171
5	52	0.067
5	53	0.032
5	54	0.051
5	55	0.075
5	56	0.016
5	57	0.057
5	58	0.045
5	59	0.097
5	60	0.113
5	61	0.017
5	62	0.04
5	63	0.055
5	64	0.058
5	65	0.078
5	66	0.097
5	67	0.017
5	68	0.172
5	69	0.051
5	70	0.247
5	71	0.008
5	72	0.03
5	73	0.087
5	74	0.149
5	75	0.095
5	76	0.035
5	77	0.059
5	78	0.159
5	79	0.058
5	80	0.042
5	81	0.07
5	82	0.025
5	83	0.034
6	7	0.011
6	8	0.037
6	9	0.05
6	10	0.06
6	11	0.054
6	12	0.061
6	13	0.022
6	14	0.14
6	15	0.106
6	16	0.079
6	17	0.112
6	18	0.236
6	19	0.043
6	20	0.096
6	21	0.2
6	22	0.107
6	23	0.016
6	24	0.03
6	25	0.142
6	26	0.041
6	27	0.068
6	28	0.084
6	29	0.165
6	30	0.151
6	31	0.031
6	32	0.021
6	33	0.028
6	34	0.029
6	35	0.038
6	36	0.093
6	37	0.07
6	38	0.015
6	39	0.033
6	40	0.087
6	41	0.035
6	42	0.043
6	43	0.04
6	44	0.119
6	45	0.124
6	46	0.103
6	47	0.018
6	48	0.068
6	49	0.034
6	50	0.053
6	51	0.152
6	52	0.013
6	53	0.072
6	54	0.016
6	55	0.07
6	56	0.045
6	57	0.064
6	58	0.073
6	59	0.004
6	60	0.071
6	61	0.028
6	62	0.001
6	63	0.036
6	64	0.225
6	65	0.092
6	66	0.115
6	67	0.177
6	68	0.072
6	69	0.138
6	70	0.044
6	71	0.027
6	72	0.009
6	73	0.038
6	74	0.005
6	75	0.104
6	76	0.002
6	77	0.145
6	78	0.04
6	79	0.045
6	80	0.056
6	81	0.039
6	82	0.169
6	83	0.011
7	8	0.184
7	9	0.098
7	10	0.005
7	11	0.074
7	12	0.147
7	13	0.078
7	14	0.053
7	15	0.035
7	16	0.009
7	17	0.006
7	18	0.038
7	19	0.094
7	20	0.013
7	21	0.055
7	22	0.056
7	23	0.085
7	24	0.071
7	25	0.198
7	26	0.037
7	27	0.012
7	28	0.072
7	29	0.019
7	30	0.026
7	31	0.046
7	32	0.075
7	33	0.031
7	34	0.102
7	35	0.119
7	36	0.004
7	37	0.043
7	38	0.017
7	39	0.08
7	40	0.105
7	41	0.056
7	42	0.005
7	43	0.004
7	44	0.053
7	45	0.134
7	46	0.006
7	47	0.065
7	48	0.074
7	49	0.055
7	50	0.052
7	51	0.122
7	52	0.128
7	53	0.09
7	54	0.353
7	55	0.078
7	56	0.181
7	57	0.021
7	58	0.066
7	59	0.015
7	60	0.074
7	61	0.011
7	62	0.159
7	63	0.072
7	64	0.079
7	65	0.018
7	66	0.13
7	67	0.174
7	68	0.082
7	69	0.246
7	70	0.019
7	71	0.19
7	72	0.016
7	73	0.043
7	74	0.028
7	75	0.059
7	76	0.016
7	77	0.11
7	78	0.066
7	79	0.08
7	80	0.003
7	81	0.016
7	82	0.098
7	83	0.047
8	9	0.049
8	10	0.083
8	11	0.091
8	12	0.097
8	13	0.034
8	14	0.143
8	15	0.1
8	16	0.105
8	17	0.121
8	18	0.173
8	19	0.09
8	20	0.001
8	21	0.147
8	22	0.06
8	23	0.04
8	24	0.03
8	25	0.065
8	26	0.032
8	27	0.007
8	28	0.124
8	29	0.021
8	30	0.024
8	31	0.087
8	32	0.05
8	33	0.101
8	34	0.061
8	35	0.107
8	36	0.106
8	37	0.022
8	38	0.022
8	39	0.054
8	40	0.04
8	41	0.041
8	42	0.041
8	43	0.046
8	44	0.007
8	45	0.042
8	46	0.003
8	47	0.16
8	48	0.001
8	49	0.088
8	50	0.204
8	51	0.057
8	52	0.025
8	53	0.066
8	54	0.076
8	55	0.05
8	56	0.115
8	57	0.021
8	58	0.071
8	59	0.092
8	60	0.004
8	61	0.01
8	62	0.061
8	63	0.025
8	64	0.102
8	65	0.053
8	66	0.135
8	67	0.058
8	68	0.047
8	69	0.068
8	70	0.029
8	71	0.005
8	72	0.017
8	73	0.084
8	74	0.115
8	75	0.04
8	76	0.007
8	77	0.001
8	78	0.027
8	79	0.023
8	80	0.074
8	81	0.001
8	82	0.055
8	83	0.154
9	10	0.064
9	11	0.057
9	12	0.046
9	13	0.107
9	14	0.155
9	15	0.016
9	16	0.083
9	17	0.009
9	18	0.107
9	19	0.145
9	20	0.113
9	21	0.035
9	22	0.085
9	23	0.018
9	24	0.063
9	25	0.086
9	26	0.082
9	27	0.043
9	28	0.03
9	29	0.042
9	30	0.124
9	31	0.029
9	32	0.09
9	33	0.018
9	34	0.052
9	35	0.017
9	36	0.094
9	37	0.026
9	38	0.089
9	39	0.053
9	40	0.004
9	41	0.097
9	42	0.003
9	43	0.142
9	44	0.005
9	45	0.139
9	46	0.039
9	47	0.116
9	48	0.024
9	49	0.06
9	50	0.051
9	51	0.095
9	52	0.009
9	53	0.017
9	54	0.06
9	55	0.042
9	56	0.027
9	57	0.025
9	58	0.113
9	59	0.089
9	60	0.072
9	61	0.135
9	62	0.119
9	63	0.178
9	64	0.127
9	65	0.155
9	66	0.026
9	67	0.124
9	68	0.108
9	69	0.089
9	70	0.038
9	71	0.05
9	72	0.004
9	73	0.097
9	74	0.025
9	75	0.133
9	76	0.04
9	77	0.017
9	78	0.065
9	80	0.118
9	81	0.072
9	82	0.038
9	83	0.031
10	11	0.067
10	12	0.112
10	13	0.115
10	14	0.045
10	15	0.042
10	16	0.138
10	17	0.092
10	18	0.085
10	19	0.051
10	20	0.154
10	21	0.161
10	22	0.011
10	23	0.075
10	24	0.059
10	25	0.045
10	26	0.106
10	27	0.06
10	28	0.059
10	29	0.018
10	30	0.027
10	31	0.014
10	32	0.119
10	33	0.001
10	34	0.239
10	35	0.051
10	36	0.034
10	37	0.002
10	38	0.068
10	39	0.13
10	40	0.147
10	41	0.061
10	42	0.293
10	43	0.028
10	44	0.125
10	45	0.097
10	46	0.049
10	47	0.045
10	49	0.029
10	50	0.124
10	51	0.025
10	52	0.053
10	53	0.066
10	54	0.11
10	55	0.009
10	56	0.091
10	57	0.034
10	58	0.028
10	59	0.069
10	60	0.064
10	61	0.047
10	62	0.022
10	63	0.155
10	64	0.013
10	65	0.052
10	66	0.132
10	67	0.046
10	68	0.044
10	69	0.014
10	70	0.18
10	71	0.015
10	72	0.049
10	73	0.016
10	74	0.092
10	75	0.118
10	76	0.104
10	77	0.132
10	78	0.102
10	79	0.134
10	80	0.001
10	81	0.109
10	82	0.039
10	83	0.043
11	12	0.16
11	13	0.094
11	14	0.136
11	15	0.099
11	16	0.266
11	17	0.126
11	18	0.023
11	19	0.118
11	20	0.048
11	21	0.155
11	22	0.03
11	23	0.02
11	24	0.043
11	25	0.062
11	26	0.151
11	27	0.006
11	28	0.033
11	29	0.031
11	30	0.2
11	31	0.177
11	32	0.07
11	33	0.062
11	34	0.05
11	35	0.029
11	36	0.047
11	37	0.038
11	38	0.061
11	39	0.074
11	40	0.106
11	41	0.004
11	42	0.036
11	43	0.114
11	44	0.083
11	45	0.106
11	46	0.103
11	47	0.077
11	48	0.124
11	49	0.032
11	50	0.193
11	51	0.036
11	52	0.047
11	53	0.136
11	54	0.184
11	55	0.089
11	56	0.177
11	57	0.084
11	58	0.021
11	59	0.099
11	60	0.02
11	61	0.028
11	62	0.01
11	63	0.053
11	64	0.046
11	65	0.033
11	67	0.018
11	68	0.019
11	69	0.104
11	70	0.038
11	71	0.05
11	72	0.02
11	73	0.099
11	74	0.056
11	75	0.091
11	76	0.045
11	77	0.004
11	78	0.012
11	79	0.045
11	80	0.051
11	81	0.16
11	82	0.091
11	83	0.134
12	13	0.038
12	14	0.107
12	15	0.059
12	16	0.108
12	17	0.034
12	18	0.07
12	19	0.114
12	20	0.11
12	21	0.044
12	22	0.037
12	23	0.036
12	24	0.069
12	25	0.134
12	26	0.063
12	27	0.055
12	28	0.106
12	29	0.216
12	30	0.021
12	31	0.156
12	32	0.054
12	33	0.028
12	34	0.013
12	35	0.041
12	36	0.002
12	37	0.022
12	38	0.131
12	39	0.001
12	40	0.129
12	41	0.107
12	42	0.076
12	43	0.111
12	44	0.098
12	45	0.09
12	46	0.059
12	47	0.036
12	48	0.134
12	49	0.15
12	50	0.051
12	51	0.098
12	52	0.043
12	53	0.114
12	54	0.075
12	55	0.081
12	56	0.026
12	57	0.023
12	58	0.114
12	59	0.067
12	60	0.037
12	61	0.028
12	62	0.036
12	63	0.055
12	64	0.035
12	65	0.187
12	66	0.109
12	67	0.06
12	68	0.12
12	69	0.155
12	70	0.041
12	71	0.203
12	72	0.101
12	73	0.059
12	74	0.053
12	75	0.119
12	76	0.081
12	77	0.135
12	78	0.183
12	79	0.169
12	80	0.23
12	81	0.103
12	82	0.058
12	83	0.06
13	14	0.004
13	15	0.046
13	16	0.04
13	17	0.001
13	18	0.107
13	19	0.075
13	20	0.089
13	21	0.104
13	22	0.08
13	23	0.012
13	24	0.126
13	25	0.119
13	26	0.09
13	27	0.004
13	28	0.005
13	29	0.089
13	30	0.003
13	31	0.084
13	32	0.057
13	33	0.007
13	34	0.099
13	35	0.051
13	36	0.023
13	37	0.01
13	38	0.078
13	39	0.122
13	40	0.142
13	41	0.088
13	42	0.078
13	43	0.087
13	44	0.067
13	45	0.015
13	46	0.064
13	47	0.088
13	48	0.025
13	49	0.054
13	50	0.001
13	51	0.08
13	52	0.137
13	53	0.061
13	54	0.14
13	55	0.092
13	56	0.237
13	57	0.032
13	58	0.019
13	59	0.157
13	60	0.13
13	61	0.026
13	62	0.098
13	63	0.004
13	64	0.077
13	65	0.014
13	66	0.022
13	67	0.059
13	68	0.026
13	69	0.008
13	70	0.044
13	71	0.123
13	72	0.047
13	73	0.004
13	74	0.055
13	75	0.053
13	76	0.026
13	77	0.085
13	78	0.033
13	79	0.053
13	80	0.092
13	81	0.096
13	82	0.102
13	83	0.076
14	15	0.16
14	16	0.032
14	17	0.02
14	18	0.07
14	19	0.163
14	20	0.12
14	21	0.081
14	22	0.053
14	23	0.094
14	24	0.027
14	25	0.07
14	26	0.009
14	27	0.059
14	28	0.007
14	29	0.066
14	30	0.09
14	31	0.087
14	32	0.054
14	33	0.041
14	34	0.09
14	35	0.078
14	36	0.008
14	37	0.018
14	38	0.207
14	39	0.064
14	40	0.022
14	41	0.013
14	42	0.021
14	43	0.018
14	44	0.162
14	45	0.131
14	46	0.179
14	47	0.025
14	48	0.041
14	49	0.024
14	50	0.012
14	51	0.178
14	52	0.086
14	53	0.052
14	54	0.052
14	55	0.025
14	56	0.073
14	57	0.01
14	58	0.118
14	59	0.116
14	60	0.062
14	61	0.053
14	62	0.061
14	63	0.035
14	64	0.193
14	65	0.24
14	66	0.165
14	67	0.061
14	68	0.067
14	69	0.061
14	70	0.103
14	71	0.106
14	72	0.008
14	73	0.035
14	74	0.112
14	75	0.135
14	76	0.003
14	77	0.017
14	78	0.101
14	79	0.091
14	80	0.145
14	81	0.139
14	82	0.058
14	83	0.073
15	16	0.028
15	17	0.052
15	18	0.151
15	19	0.144
15	20	0.059
15	21	0.038
15	22	0.187
15	23	0.069
15	24	0.031
15	25	0.027
15	26	0.138
15	27	0.132
15	28	0.004
15	29	0.023
15	30	0.006
15	31	0.087
15	32	0.053
15	33	0.069
15	34	0.069
15	35	0.028
15	36	0.019
15	37	0.063
15	38	0.133
15	39	0.022
15	40	0.042
15	41	0.171
15	42	0.021
15	43	0.053
15	44	0.041
15	45	0.052
15	46	0.131
15	47	0.005
15	48	0.045
15	49	0.042
15	50	0.05
15	51	0.008
15	52	0.128
15	53	0.025
15	54	0.133
15	55	0.022
15	56	0.143
15	57	0.046
15	58	0.187
15	59	0.048
15	60	0.021
15	61	0.098
15	62	0.093
15	63	0.189
15	64	0.069
15	65	0.066
15	66	0.029
15	67	0.026
15	68	0.024
15	69	0.014
15	71	0.004
15	72	0.018
15	73	0.08
15	74	0.003
15	75	0.043
15	76	0.005
15	77	0.06
15	78	0.074
15	79	0.049
15	80	0.045
15	81	0.006
15	82	0.007
15	83	0.181
16	17	0.141
16	18	0.073
16	19	0.073
16	20	0.01
16	21	0.027
16	22	0.09
16	23	0.062
16	24	0.138
16	25	0.185
16	26	0.054
16	27	0.025
16	28	0.041
16	29	0.028
16	30	0.158
16	31	0.041
16	32	0.007
16	33	0.047
16	34	0.196
16	35	0.092
16	36	0.101
16	37	0.009
16	38	0.037
16	39	0.031
16	40	0.103
16	41	0.15
16	42	0.082
16	43	0.095
16	44	0.037
16	45	0.121
16	46	0.028
16	47	0.052
16	48	0.038
16	49	0.09
16	50	0.07
16	51	0.089
16	52	0.018
16	53	0.17
16	54	0.073
16	55	0.11
16	56	0.124
16	57	0.017
16	58	0.064
16	59	0.058
16	60	0.007
16	61	0.031
16	62	0.117
16	63	0.028
16	64	0.009
16	65	0.07
16	66	0.07
16	67	0.015
16	68	0.033
16	69	0.044
16	70	0.063
16	71	0.093
16	72	0.036
16	73	0.054
16	74	0.123
16	75	0.108
16	76	0.053
16	77	0.044
16	78	0.075
16	79	0.007
16	81	0.084
16	82	0.09
16	83	0.148
17	18	0.039
17	19	0.088
17	20	0.046
17	21	0.148
17	22	0.084
17	23	0.032
17	24	0.051
17	25	0.087
17	26	0.13
17	27	0.053
17	28	0.091
17	29	0.005
17	30	0.081
17	31	0.113
17	32	0.031
17	33	0.1
17	34	0.07
17	35	0.024
17	36	0.171
17	37	0.112
17	38	0.13
17	39	0.085
17	40	0.034
17	41	0.095
17	42	0.034
17	43	0.084
17	44	0.031
17	45	0.022
17	46	0.006
17	47	0.124
17	48	0.039
17	49	0.067
17	50	0.153
17	51	0.019
17	53	0.17
17	55	0.015
17	56	0.012
17	57	0.047
17	58	0.144
17	59	0.059
17	60	0.083
17	61	0.038
17	62	0.036
17	63	0.067
17	64	0.08
17	65	0.126
17	66	0.066
17	67	0.149
17	69	0.078
17	70	0.061
17	71	0.102
17	72	0.091
17	73	0.102
17	74	0.097
17	75	0.132
17	76	0.082
17	77	0.044
17	78	0.101
17	79	0.007
17	80	0.038
17	82	0.072
17	83	0.004
18	19	0.245
18	20	0.129
18	21	0.148
18	22	0.081
18	23	0.013
18	24	0.084
18	25	0.131
18	26	0.156
18	27	0.098
18	28	0.089
18	29	0.061
18	30	0.044
18	31	0.115
18	32	0.059
18	33	0.068
18	34	0.019
18	35	0.121
18	36	0.134
18	37	0.084
18	38	0.08
18	39	0.166
18	40	0.038
18	41	0.066
18	42	0.018
18	43	0.047
18	44	0.017
18	45	0.027
18	46	0.15
18	47	0.071
18	48	0.013
18	49	0.082
18	50	0.142
18	51	0.055
18	53	0.021
18	54	0.03
18	55	0.098
18	56	0.136
18	57	0.071
18	58	0.043
18	59	0.027
18	60	0.088
18	61	0.049
18	62	0.191
18	63	0.019
18	64	0.041
18	65	0.155
18	66	0.002
18	67	0.01
18	69	0.087
18	70	0.04
18	71	0.168
18	72	0.004
18	73	0.035
18	74	0.136
18	75	0.137
18	76	0.081
18	77	0.031
18	78	0.007
18	79	0.101
18	81	0.15
18	82	0.028
18	83	0.003
19	20	0.008
19	21	0.027
19	22	0.077
19	23	0.127
19	25	0.052
19	26	0.243
19	27	0.069
19	28	0.069
19	29	0.124
19	30	0.027
19	31	0.127
19	32	0.094
19	33	0.008
19	34	0.006
19	35	0.017
19	36	0.027
19	37	0.012
19	38	0.022
19	39	0.031
19	40	0.035
19	41	0.131
19	42	0.107
19	43	0.108
19	44	0.068
19	45	0.082
19	46	0.046
19	47	0.022
19	48	0.047
19	49	0.12
19	50	0.053
19	51	0.049
19	52	0.105
19	53	0.05
19	54	0.073
19	55	0.057
19	56	0.25
19	57	0.03
19	58	0.021
19	59	0.063
19	60	0.054
19	61	0.078
19	62	0.002
19	63	0.142
19	64	0.103
19	65	0.003
19	66	0.016
19	68	0.087
19	69	0.002
19	70	0.069
19	71	0.046
19	72	0.021
19	73	0.04
19	74	0.023
19	75	0.08
19	76	0.007
19	77	0.014
19	78	0.084
19	79	0.144
19	80	0.015
19	81	0.021
19	82	0.076
19	83	0.096
20	21	0.063
20	22	0.07
20	23	0.029
20	24	0.116
20	25	0.192
20	26	0.023
20	27	0.003
20	28	0.018
20	29	0.103
20	30	0.016
20	31	0.002
20	32	0.027
20	33	0.079
20	34	0.054
20	35	0.082
20	36	0.14
20	37	0.062
20	38	0.018
20	39	0.025
20	40	0.128
20	41	0.032
20	42	0.001
20	43	0.141
20	44	0.008
20	45	0.051
20	46	0.071
20	47	0.003
20	48	0.036
20	49	0.029
20	50	0.111
20	51	0.096
20	52	0.029
20	53	0.089
20	54	0.083
20	55	0.021
20	56	0.179
20	57	0.031
20	58	0.021
20	59	0.052
20	60	0.084
20	61	0.042
20	62	0.036
20	63	0.132
20	64	0.007
20	65	0.069
20	66	0.045
20	67	0.053
20	68	0.071
20	69	0.057
20	70	0.075
20	71	0.091
20	72	0.052
20	73	0.006
20	74	0.118
20	75	0.063
20	76	0.035
20	77	0.025
20	78	0.102
20	79	0.015
20	80	0.005
20	81	0.147
20	82	0.067
20	83	0.043
21	22	0.004
21	23	0.012
21	24	0.006
21	25	0.052
21	26	0.019
21	27	0.066
21	28	0.095
21	29	0.026
21	30	0.008
21	31	0.009
21	32	0.028
21	33	0.01
21	34	0.044
21	35	0.004
21	36	0.01
21	37	0.016
21	38	0.023
21	39	0.128
21	40	0.16
21	41	0.058
21	42	0.147
21	43	0.13
21	44	0.125
21	45	0.051
21	46	0.011
21	47	0.208
21	48	0.007
21	49	0.06
21	50	0.022
21	51	0.132
21	52	0.037
21	53	0.061
21	54	0.035
21	55	0.032
21	56	0.089
21	57	0.015
21	58	0.019
21	59	0.047
21	60	0.1
21	61	0.054
21	62	0.123
21	63	0.195
21	64	0.039
21	65	0.078
21	66	0.065
21	67	0.192
21	68	0.25
21	69	0.093
21	70	0.122
21	71	0.077
21	72	0.093
21	73	0.118
21	74	0.028
21	75	0.087
21	76	0.013
21	77	0.105
21	78	0.009
21	79	0.183
21	81	0.101
21	82	0.195
21	83	0.163
22	23	0.001
22	24	0.24
22	25	0.179
22	26	0.021
22	27	0.074
22	28	0.094
22	29	0.095
22	30	0.057
22	31	0.04
22	32	0.031
22	33	0.069
22	34	0.032
22	35	0.081
22	36	0.036
22	38	0.015
22	39	0.008
22	40	0.025
22	41	0.008
22	42	0.064
22	43	0.121
22	44	0.028
22	45	0.053
22	46	0.04
22	47	0.032
22	48	0.134
22	49	0.11
22	50	0.153
22	51	0.071
22	52	0.099
22	53	0.074
22	54	0.08
22	55	0.011
22	56	0.232
22	57	0.096
22	58	0.054
22	59	0.042
22	60	0.048
22	61	0.111
22	62	0.168
22	63	0.165
22	65	0.048
22	66	0.008
22	67	0.138
22	68	0.136
22	69	0.065
22	70	0.069
22	71	0.113
22	72	0.055
22	73	0.233
22	74	0.034
22	75	0.084
22	76	0.009
22	77	0.08
22	78	0.093
22	79	0.043
22	80	0.064
22	81	0.075
22	82	0.115
22	83	0.073
23	24	0.081
23	25	0.029
23	26	0.036
23	27	0.067
23	28	0.08
23	29	0.062
23	30	0.033
23	31	0.015
23	32	0.067
23	33	0.006
23	34	0.112
23	35	0.02
23	36	0.074
23	37	0.013
23	38	0.027
23	39	0.012
23	40	0.046
23	41	0.036
23	42	0.063
23	43	0.01
23	44	0.033
23	45	0.051
23	46	0.026
23	47	0.155
23	48	0.138
23	49	0.029
23	50	0.023
23	51	0.098
23	52	0.002
23	53	0.049
23	54	0.022
23	55	0.056
23	56	0.036
23	58	0.035
23	59	0.013
23	60	0.084
23	61	0.072
23	62	0.031
23	63	0.018
23	64	0.009
23	65	0.001
23	66	0.019
23	67	0.036
23	68	0.194
23	69	0.084
23	70	0.026
23	71	0.036
23	72	0.041
23	73	0.164
23	74	0.108
23	75	0.08
23	76	0.018
23	77	0.036
23	78	0.055
23	79	0.123
23	80	0.076
23	81	0.138
23	82	0.007
23	83	0.001
24	25	0.123
24	26	0.075
24	27	0.056
24	28	0.062
24	29	0.217
24	30	0.002
24	31	0.021
24	32	0.045
24	33	0.029
24	34	0.118
24	35	0.069
24	36	0.088
24	37	0.177
24	38	0.142
24	39	0.097
24	40	0.107
24	41	0.039
24	42	0.049
24	43	0.055
24	44	0.031
24	45	0.041
24	46	0.028
24	47	0.121
24	48	0.1
24	49	0.133
24	50	0.031
24	51	0.021
24	52	0.127
24	53	0.038
24	54	0.062
24	55	0.086
24	56	0.021
24	57	0.156
24	58	0.006
24	59	0.061
24	60	0.011
24	61	0.032
24	62	0.098
24	63	0.155
24	64	0.075
24	65	0.084
24	66	0.057
24	67	0.128
24	68	0.095
24	69	0.063
24	70	0.024
24	71	0.181
24	72	0.01
24	73	0.009
24	74	0.085
24	75	0.093
24	76	0.162
24	77	0.015
24	78	0.041
24	79	0.157
24	80	0.111
24	82	0.048
24	83	0.019
25	26	0.166
25	27	0.042
25	28	0.113
25	29	0.084
25	30	0.042
25	31	0.012
25	32	0.062
25	33	0.096
25	34	0.018
25	35	0.126
25	36	0.153
25	37	0.086
25	38	0.04
25	39	0.028
25	40	0.085
25	41	0.147
25	42	0.133
25	43	0.112
25	44	0.127
25	45	0.131
25	46	0.05
25	47	0.072
25	48	0.158
25	49	0.023
25	50	0.147
25	51	0.169
25	52	0.135
25	53	0.021
25	54	0.154
25	55	0.078
25	56	0.005
25	58	0.009
25	59	0.107
25	60	0.038
25	61	0.12
25	62	0.159
25	63	0.234
25	64	0.174
25	65	0.093
25	66	0.122
25	67	0.142
25	68	0.231
25	69	0.161
25	70	0.101
25	71	0.036
25	72	0.082
25	73	0.143
25	74	0.134
25	75	0.149
25	76	0.123
25	77	0.083
25	78	0.054
25	79	0.145
25	80	0.13
25	81	0.123
25	82	0.186
25	83	0.118
26	27	0.009
26	28	0.01
26	29	0.07
26	30	0.063
26	31	0.057
26	32	0.06
26	33	0.092
26	34	0.044
26	35	0.028
26	36	0.105
26	37	0.044
26	38	0.033
26	39	0.03
26	40	0.101
26	41	0.113
26	42	0.112
26	43	0.123
26	44	0.066
26	45	0.039
26	46	0.036
26	47	0.039
26	48	0.152
26	49	0.02
26	50	0.18
26	51	0.161
26	52	0.14
26	53	0.018
26	54	0.062
26	55	0.052
26	56	0.019
26	57	0.078
26	58	0.079
26	59	0.06
26	60	0.058
26	61	0.102
26	62	0.041
26	63	0.168
26	64	0.033
26	65	0.096
26	66	0.084
26	67	0.113
26	68	0.079
26	69	0.153
26	70	0.097
26	71	0.098
26	72	0.048
26	73	0.166
26	74	0.112
26	75	0.157
26	76	0.044
26	77	0.078
26	78	0.016
26	79	0.106
26	80	0.241
26	81	0.065
26	82	0.069
26	83	0.061
27	28	0.039
27	29	0.014
27	30	0.031
27	31	0.084
27	32	0.037
27	33	0.049
27	34	0.015
27	35	0.036
27	36	0.068
27	37	0.013
27	38	0.03
27	39	0.006
27	40	0.119
27	41	0.013
27	42	0.045
27	43	0.105
27	44	0.057
27	45	0.006
27	46	0.096
27	47	0.142
27	48	0.182
27	49	0.01
27	50	0.007
27	51	0.014
27	52	0.008
27	53	0.025
27	54	0.214
27	55	0.107
27	56	0.078
27	57	0.044
27	58	0.001
27	59	0.138
27	60	0.09
27	61	0.061
27	62	0.128
27	63	0.052
27	64	0.013
27	65	0.124
27	66	0.048
27	67	0.091
27	68	0.061
27	69	0.064
27	70	0.013
27	71	0.075
27	72	0.068
27	73	0.026
27	74	0.042
27	75	0.062
27	76	0.059
27	77	0.058
27	78	0.058
27	79	0.065
27	80	0.023
27	81	0.032
27	82	0.079
27	83	0.092
28	29	0.06
28	30	0.113
28	31	0.231
28	32	0.05
28	33	0.003
28	34	0.107
28	35	0.05
28	36	0.073
28	37	0.025
28	38	0.025
28	39	0.147
28	40	0.065
28	41	0.059
28	42	0.055
28	43	0.044
28	44	0.075
28	45	0.076
28	46	0.037
28	47	0.05
28	48	0.095
28	49	0.007
28	50	0.122
28	51	0.058
28	52	0.045
28	53	0.072
28	54	0.121
28	55	0.046
28	56	0.043
28	57	0.066
28	58	0.019
28	59	0.056
28	60	0.049
28	61	0.094
28	62	0.109
28	63	0.125
28	64	0.05
28	65	0.012
28	66	0.17
28	67	0.235
28	68	0.047
28	69	0.083
28	70	0.003
28	71	0.017
28	72	0.058
28	73	0.143
28	74	0.016
28	75	0.007
28	76	0.097
28	77	0.088
28	78	0.117
28	79	0.077
28	80	0.044
28	81	0.124
28	82	0.14
28	83	0.098
29	30	0.09
29	31	0.086
29	32	0.076
29	33	0.001
29	34	0.081
29	35	0.103
29	36	0.039
29	37	0.05
29	38	0.041
29	39	0.036
29	40	0.063
29	41	0.044
29	42	0.042
29	43	0.06
29	44	0.115
29	45	0.088
29	46	0.051
29	47	0.117
29	48	0.014
29	49	0.018
29	50	0.016
29	51	0.067
29	52	0.13
29	53	0.013
29	54	0.061
29	55	0.012
29	56	0.236
29	57	0.01
29	58	0.193
29	59	0.059
29	60	0.194
29	61	0.078
29	62	0.03
29	63	0.036
29	64	0.12
29	65	0.087
29	66	0.13
29	67	0.007
29	68	0.001
29	69	0.092
29	70	0.056
29	71	0.007
29	72	0.013
29	73	0.001
29	74	0.015
29	75	0.037
29	76	0.013
29	77	0.075
29	78	0.034
29	79	0.006
29	80	0.085
29	81	0.132
29	82	0.036
29	83	0.146
30	31	0.044
30	32	0.078
30	33	0.005
30	34	0.052
30	35	0.051
30	36	0.056
30	37	0.051
30	38	0.183
30	39	0.091
30	40	0.134
30	41	0.102
30	42	0.12
30	43	0.002
30	44	0.043
30	45	0.019
30	46	0.065
30	48	0.036
30	49	0.111
30	50	0.081
30	51	0.038
30	52	0.078
30	53	0.062
30	54	0.064
30	55	0.063
30	56	0.091
30	57	0.177
30	58	0.049
30	59	0.076
30	60	0.078
30	61	0.055
30	62	0.064
30	63	0.013
30	64	0.187
30	65	0.029
30	66	0.106
30	67	0.047
30	69	0.062
30	70	0.047
30	71	0.125
30	72	0.03
30	73	0.039
30	74	0.042
30	75	0.083
30	76	0.009
30	77	0.055
30	78	0.179
30	79	0.14
30	80	0.013
30	82	0.103
30	83	0.018
31	32	0.038
31	33	0.136
31	34	0.039
31	35	0.111
31	36	0.129
31	37	0.007
31	38	0.187
31	39	0.016
31	40	0.101
31	41	0.061
31	42	0.114
31	43	0.072
31	44	0.181
31	45	0.043
31	46	0.054
31	48	0.086
31	49	0.069
31	50	0.076
31	52	0.179
31	53	0.03
31	54	0.021
31	55	0.052
31	56	0.05
31	57	0.029
31	58	0.004
31	59	0.034
31	60	0.057
31	61	0.098
31	62	0.087
31	63	0.062
31	64	0.024
31	66	0.097
31	68	0.024
31	69	0.082
31	70	0.04
31	71	0.011
31	72	0.016
31	73	0.076
31	74	0.065
31	75	0.095
31	76	0.109
31	77	0.021
31	78	0.096
31	79	0.062
31	80	0.077
31	82	0.044
31	83	0.045
32	33	0.008
32	34	0.003
32	35	0.074
32	36	0.002
32	37	0.028
32	38	0.114
32	39	0.134
32	40	0.018
32	41	0.054
32	42	0.006
32	43	0.045
32	44	0.032
32	45	0.124
32	46	0.047
32	47	0.01
32	48	0.121
32	49	0.016
32	50	0.012
32	51	0.144
32	52	0.192
32	54	0.1
32	55	0.217
32	56	0.087
32	57	0.046
32	58	0.014
32	59	0.121
32	60	0.091
32	62	0.151
32	63	0.036
32	64	0.041
32	65	0.057
32	67	0.045
32	68	0.072
32	69	0.033
32	70	0.107
32	71	0.022
32	72	0.008
32	73	0.171
32	74	0.065
32	75	0.072
32	76	0.104
32	77	0.058
32	78	0.047
32	80	0.054
32	81	0.126
32	82	0.003
32	83	0.167
33	34	0.05
33	35	0.004
33	36	0.083
33	37	0.042
33	38	0.078
33	39	0.023
33	40	0.168
33	41	0.296
33	42	0.075
33	43	0.036
33	44	0.088
33	45	0.035
33	46	0.096
33	47	0.095
33	48	0.15
33	49	0.002
33	50	0.052
33	51	0.026
33	52	0.07
33	53	0.062
33	54	0.296
33	55	0.089
33	56	0.055
33	57	0.053
33	58	0.157
33	59	0.324
33	60	0.016
33	61	0.037
33	62	0.069
33	63	0.026
33	64	0.001
33	65	0.016
33	66	0.018
33	67	0.062
33	68	0.04
33	69	0.041
33	70	0.047
33	71	0.128
33	72	0.065
33	73	0.001
33	74	0.145
33	75	0.145
33	76	0.012
33	77	0.049
33	78	0.07
33	79	0.008
33	80	0.002
33	81	0.104
33	82	0.06
33	83	0.084
34	35	0.038
34	36	0.032
34	37	0.014
34	38	0.066
34	39	0.023
34	40	0.001
34	41	0.085
34	42	0.067
34	43	0.124
34	44	0.009
34	45	0.094
34	46	0.079
34	47	0.002
34	48	0.011
34	49	0.093
34	50	0.112
34	51	0.006
34	52	0.019
34	53	0.022
34	54	0.04
34	55	0.071
34	56	0.121
34	57	0.15
34	58	0.112
34	59	0.073
34	60	0.028
34	61	0.15
34	62	0.041
34	63	0.064
34	64	0.038
34	65	0.036
34	66	0.005
34	67	0.094
34	68	0.084
34	69	0.013
34	70	0.075
34	71	0.093
34	72	0.022
34	73	0.022
34	74	0.072
34	75	0.032
34	76	0.057
34	77	0.056
34	78	0.156
34	79	0.075
34	80	0.08
34	81	0.007
34	82	0.115
34	83	0.217
35	36	0.021
35	37	0.088
35	38	0.138
35	39	0.123
35	40	0.039
35	41	0.076
35	42	0.087
35	43	0.086
35	44	0.011
35	45	0.053
35	46	0.099
35	47	0.085
35	48	0.038
35	49	0.007
35	50	0.08
35	51	0.068
35	52	0.116
35	53	0.039
35	54	0.118
35	55	0.074
35	56	0.108
35	57	0.001
35	58	0.033
35	59	0.023
35	60	0.006
35	61	0.072
35	62	0.045
35	63	0.094
35	64	0.024
35	65	0.068
35	66	0.052
35	67	0.038
35	68	0.109
35	69	0.04
35	70	0.021
35	71	0.06
35	72	0.038
35	73	0.062
35	74	0.101
35	75	0.122
35	76	0.025
35	77	0.042
35	78	0.051
35	79	0.03
35	80	0.019
35	81	0.143
35	82	0.001
35	83	0.024
36	37	0.048
36	38	0.092
36	39	0.036
36	40	0.029
36	41	0.091
36	42	0.113
36	43	0.051
36	44	0.142
36	45	0.031
36	46	0.057
36	47	0.203
36	48	0.022
36	49	0.147
36	50	0.114
36	51	0.201
36	52	0.149
36	53	0.046
36	54	0.006
36	55	0.007
36	56	0.023
36	57	0.059
36	58	0.035
36	59	0.063
36	60	0.145
36	61	0.031
36	62	0.119
36	63	0.165
36	64	0.017
36	65	0.121
36	66	0.043
36	67	0.056
36	68	0.008
36	69	0.101
36	70	0.01
36	71	0.085
36	72	0.092
36	73	0.143
36	74	0.123
36	75	0.17
36	76	0.081
36	77	0.161
36	78	0.041
36	79	0.097
36	80	0.15
36	81	0.079
36	82	0.102
36	83	0.105
37	38	0.025
37	39	0.104
37	40	0.134
37	41	0.065
37	42	0.08
37	43	0.171
37	44	0.038
37	45	0.069
37	46	0.095
37	47	0.099
37	48	0.173
37	49	0.028
37	50	0.103
37	51	0.124
37	52	0.109
37	53	0.076
37	54	0.072
37	55	0.027
37	56	0.027
37	57	0.104
37	58	0.025
37	59	0.004
37	60	0.108
37	61	0.175
37	62	0.007
37	63	0.014
37	64	0.005
37	65	0.088
37	66	0.051
37	67	0.004
37	68	0.117
37	69	0.052
37	70	0.055
37	71	0.09
37	72	0.058
37	73	0.025
37	74	0.07
37	75	0.102
37	76	0.026
37	77	0.121
37	78	0.051
37	79	0.132
37	80	0.009
37	81	0.052
37	82	0.032
37	83	0.122
38	39	0.022
38	40	0.084
38	41	0.089
38	42	0.104
38	43	0.084
38	44	0.138
38	45	0.031
38	46	0.061
38	47	0.117
38	48	0.006
38	49	0.113
38	50	0.069
38	51	0.031
38	52	0.01
38	53	0.164
38	54	0.076
38	55	0.169
38	56	0.102
38	57	0.067
38	58	0.013
38	59	0.148
38	60	0.008
38	61	0.227
38	62	0.046
38	63	0.105
38	64	0.019
38	65	0.023
38	66	0.009
38	67	0.04
38	68	0.08
38	69	0.052
38	70	0.008
38	71	0.081
38	72	0.086
38	73	0.1
38	74	0.105
38	75	0.07
38	76	0.003
38	77	0.132
38	78	0.066
38	79	0.103
38	80	0.031
38	81	0.027
38	82	0.029
38	83	0.086
39	40	0.021
39	41	0.13
39	42	0.002
39	43	0.005
39	44	0.089
39	45	0.011
39	46	0.006
39	47	0.016
39	48	0.043
39	49	0.086
39	50	0.049
39	51	0.158
39	52	0.008
39	53	0.013
39	54	0.095
39	55	0.007
39	56	0.062
39	57	0.013
39	58	0.041
39	59	0.009
39	60	0.098
39	61	0.072
39	62	0.066
39	63	0.059
39	64	0.028
39	65	0.007
39	66	0.061
39	67	0.04
39	68	0.103
39	69	0.023
39	70	0.045
39	71	0.113
39	72	0.028
39	73	0.088
39	74	0.096
39	75	0.101
39	76	0.083
39	77	0.069
39	79	0.082
39	80	0.119
39	81	0.102
39	82	0.058
39	83	0.049
40	41	0.021
40	42	0.015
40	43	0.074
40	44	0.155
40	45	0.13
40	46	0.009
40	47	0.063
40	48	0.072
40	49	0.04
40	50	0.136
40	51	0.1
40	52	0.139
40	53	0.115
40	54	0.176
40	55	0.219
40	56	0.113
40	57	0.032
40	58	0.117
40	59	0.112
40	60	0.149
40	61	0.054
40	62	0.022
40	63	0.067
40	64	0.046
40	65	0.092
40	66	0.107
40	68	0.126
40	69	0.007
40	70	0.03
40	71	0.118
40	72	0.087
40	73	0.095
40	74	0.006
40	75	0.103
40	76	0.057
40	77	0.237
40	78	0.111
40	80	0.006
40	81	0.144
40	82	0.021
40	83	0.083
41	42	0.076
41	43	0.173
41	44	0.191
41	45	0.118
41	46	0.116
41	47	0.072
41	48	0.21
41	49	0.071
41	50	0.103
41	51	0.009
41	52	0.043
41	53	0.267
41	54	0.021
41	55	0.058
41	56	0.088
41	57	0.015
41	58	0.134
41	59	0.113
41	60	0.099
41	61	0.07
41	62	0.121
41	63	0.184
41	64	0.05
41	65	0.12
41	66	0.128
41	67	0.11
41	68	0.029
41	69	0.061
41	70	0.033
41	71	0.061
41	72	0.089
41	73	0.034
41	74	0.014
41	75	0.026
41	76	0.037
41	77	0.099
41	78	0.071
41	79	0.027
41	80	0.029
41	81	0.088
41	82	0.099
41	83	0.147
42	43	0.118
42	44	0.107
42	45	0.013
42	46	0.044
42	47	0.03
42	48	0.014
42	49	0.258
42	50	0.015
42	51	0.136
42	52	0.087
42	53	0.037
42	54	0.085
42	55	0.065
42	56	0.022
42	57	0.023
42	58	0.008
42	59	0.13
42	60	0.035
42	61	0.063
42	62	0.045
42	63	0.115
42	64	0.084
42	65	0.024
42	66	0.147
42	67	0.175
42	68	0.083
42	69	0.155
42	70	0.058
42	71	0.14
42	72	0.072
42	73	0.043
42	74	0.146
42	75	0.122
42	76	0.047
42	77	0.073
42	78	0.136
42	79	0.111
42	80	0.077
42	81	0.006
42	82	0.017
42	83	0.029
43	44	0.037
43	46	0.087
43	47	0.084
43	48	0.037
43	49	0.079
43	50	0.044
43	51	0.16
43	52	0.098
43	53	0.04
43	54	0.038
43	55	0.114
43	56	0.049
43	57	0.072
43	58	0.022
43	59	0.117
43	60	0.089
43	61	0.092
43	62	0.02
43	63	0.036
43	64	0.087
43	65	0.053
43	66	0.11
43	67	0.137
43	68	0.109
43	69	0.177
43	70	0.106
43	71	0.165
43	72	0.094
43	73	0.034
43	74	0.131
43	75	0.155
43	76	0.145
43	77	0.086
43	78	0.251
43	79	0.102
43	80	0.022
43	81	0.008
43	82	0.067
43	83	0.033
44	45	0.216
44	46	0.004
44	47	0.027
44	48	0.019
44	49	0.103
44	50	0.001
44	51	0.027
44	52	0.019
44	53	0.02
44	54	0.094
44	55	0.036
44	56	0.007
44	57	0.003
44	58	0.012
44	59	0.128
44	60	0.02
44	61	0.067
44	62	0.013
44	63	0.032
44	64	0.055
44	65	0.033
44	66	0.17
44	67	0.093
44	68	0.037
44	69	0.02
44	70	0.042
44	71	0.041
44	72	0.005
44	73	0.07
44	74	0.137
44	75	0.058
44	76	0.039
44	77	0.047
44	78	0.027
44	79	0.125
44	80	0.135
44	81	0.114
44	82	0.055
44	83	0.015
45	46	0.111
45	47	0.11
45	48	0.08
45	49	0.099
45	50	0.057
45	51	0.003
45	52	0.066
45	53	0.009
45	54	0.054
45	55	0.001
45	56	0.015
45	57	0.085
45	58	0.104
45	59	0.101
45	60	0.019
45	61	0.13
45	62	0.057
45	63	0.012
45	64	0.035
45	65	0.073
45	66	0.011
45	67	0.073
45	68	0.07
45	69	0.049
45	70	0.07
45	71	0.071
45	72	0.047
45	73	0.047
45	74	0.033
45	75	0.014
45	76	0.041
45	77	0.017
45	78	0.045
45	79	0.21
45	80	0.094
45	81	0.08
45	82	0.016
45	83	0.029
46	47	0.114
46	48	0.082
46	49	0.007
46	50	0.021
46	51	0.017
46	52	0.016
46	53	0.056
46	54	0.046
46	55	0.029
46	56	0.09
46	57	0.097
46	58	0.066
46	59	0.085
46	60	0.024
46	61	0.176
46	62	0.07
46	63	0.029
46	64	0.063
46	65	0.079
46	66	0.028
46	67	0.065
46	68	0.016
46	69	0.113
46	70	0.005
46	71	0.001
46	72	0.035
46	73	0.005
46	74	0.053
46	75	0.059
46	76	0.019
46	77	0.147
46	78	0.017
46	79	0.103
46	80	0.125
46	81	0.031
46	82	0.011
46	83	0.063
47	48	0.028
47	49	0.117
47	50	0.039
47	51	0.05
47	52	0.111
47	53	0.095
47	54	0.047
47	55	0.132
47	56	0.013
47	57	0.093
47	58	0.078
47	59	0.015
47	60	0.066
47	61	0.236
47	62	0.067
47	63	0.075
47	64	0.007
47	65	0.028
47	66	0.062
47	67	0.056
47	68	0.02
47	69	0.166
47	70	0.084
47	71	0.056
47	72	0.009
47	73	0.025
47	74	0.108
47	75	0.094
47	76	0.209
47	77	0.046
47	78	0.045
47	79	0.034
47	80	0.146
47	81	0.048
47	82	0.051
47	83	0.094
48	49	0.192
48	50	0.003
48	51	0.184
48	52	0.055
48	53	0.055
48	54	0.005
48	55	0.064
48	56	0.086
48	57	0.065
48	58	0.02
48	59	0.099
48	60	0.01
48	61	0.058
48	62	0.04
48	63	0.084
48	64	0.217
48	65	0.15
48	66	0.105
48	67	0.038
48	68	0.009
48	69	0.162
48	70	0.026
48	71	0.097
48	72	0.059
48	73	0.016
48	74	0.121
48	75	0.157
48	76	0.098
48	77	0.021
48	78	0.041
48	79	0.05
48	80	0.174
48	82	0.007
48	83	0.1
49	50	0.024
49	51	0.052
49	52	0.07
49	53	0.013
49	54	0.027
49	55	0.051
49	56	0.09
49	57	0.002
49	58	0.043
49	59	0.014
49	60	0.016
49	61	0.159
49	62	0.073
49	63	0.008
49	64	0.035
49	65	0.015
49	66	0.046
49	67	0.09
49	68	0.112
49	69	0.104
49	70	0.008
49	71	0.1
49	72	0.081
49	73	0.012
49	74	0.038
49	75	0.05
49	76	0.069
49	77	0.045
49	78	0.093
49	79	0.157
49	80	0.018
49	81	0.033
49	82	0.005
49	83	0.032
50	51	0.089
50	52	0.035
50	53	0.111
50	54	0.081
50	55	0.092
50	56	0.051
50	57	0.028
50	58	0.111
50	59	0.008
50	60	0.055
50	61	0.038
50	62	0.07
50	63	0.094
50	64	0.114
50	65	0.078
50	66	0.026
50	67	0.05
50	68	0.03
50	69	0.079
50	70	0.034
50	71	0.106
50	72	0.1
50	73	0.07
50	74	0.022
50	75	0.028
50	76	0.036
50	77	0.022
50	78	0.087
50	79	0.023
50	80	0.023
50	81	0.006
50	82	0.057
50	83	0.18
51	52	0.099
51	53	0.011
51	54	0.002
51	55	0.099
51	56	0.054
51	57	0.115
51	58	0.094
51	59	0.075
51	61	0.042
51	62	0.057
51	63	0.133
51	64	0.057
51	65	0.059
51	66	0.078
51	67	0.135
51	68	0.028
51	69	0.133
51	70	0.091
51	71	0.009
51	72	0.001
51	73	0.002
51	74	0.108
51	75	0.01
51	76	0.101
51	77	0.081
51	78	0.086
51	79	0.064
51	80	0.037
51	81	0.028
51	82	0.005
51	83	0.146
52	53	0.026
52	54	0.042
52	55	0.006
52	56	0.019
52	57	0.052
52	58	0.006
52	59	0.069
52	60	0.031
52	61	0.106
52	62	0.022
52	63	0.082
52	64	0.147
52	65	0.163
52	66	0.014
52	67	0.18
52	68	0.105
52	69	0.064
52	70	0.054
52	71	0.151
52	72	0.076
52	74	0.034
52	75	0.04
52	76	0.078
52	77	0.057
52	78	0.034
52	79	0.026
52	80	0.037
52	81	0.157
52	82	0.022
52	83	0.065
53	54	0.045
53	55	0.068
53	56	0.011
53	57	0.1
53	58	0.013
53	59	0.06
53	60	0.167
53	61	0.099
53	62	0.086
53	63	0.074
53	64	0.03
53	65	0.001
53	66	0.143
53	67	0.055
53	68	0.099
53	69	0.125
53	70	0.02
53	71	0.122
53	72	0.024
53	73	0.017
53	74	0.053
53	75	0.019
53	76	0.06
53	77	0.089
53	78	0.099
53	79	0.017
53	80	0.135
53	81	0.088
53	82	0.048
53	83	0.035
54	55	0.044
54	56	0.122
54	57	0.082
54	58	0.053
54	59	0.025
54	60	0.03
54	61	0.14
54	62	0.146
54	63	0.089
54	64	0.223
54	65	0.001
54	66	0.116
54	67	0.048
54	68	0.002
54	69	0.122
54	70	0.091
54	71	0.023
54	72	0.122
54	73	0.015
54	74	0.035
54	75	0.02
54	76	0.06
54	77	0.135
54	78	0.083
54	79	0.043
54	80	0.079
54	81	0.005
54	82	0.006
54	83	0.001
55	56	0.052
55	57	0.028
55	58	0.049
55	59	0.072
55	60	0.004
55	61	0.059
55	62	0.077
55	63	0.246
55	64	0.196
55	65	0.086
55	66	0.033
55	67	0.162
55	68	0.023
55	69	0.053
55	70	0.01
55	71	0.034
55	72	0.078
55	73	0.062
55	74	0.154
55	75	0.094
55	76	0.029
55	77	0.005
55	78	0.033
55	79	0.025
55	80	0.123
55	81	0.095
55	82	0.034
55	83	0.036
56	57	0.065
56	58	0.028
56	59	0.105
56	60	0.034
56	61	0.275
56	62	0.116
56	63	0.113
56	64	0.062
56	65	0.048
56	66	0.054
56	67	0.128
56	68	0.05
56	69	0.06
56	70	0.054
56	71	0.05
56	72	0.077
56	73	0.015
56	74	0.111
56	75	0.091
56	76	0.028
56	77	0.11
56	78	0.019
56	79	0.158
56	80	0.095
56	81	0.012
56	82	0.003
56	83	0.126
57	58	0.052
57	59	0.079
57	60	0.017
57	61	0.156
57	62	0.056
57	63	0.09
57	64	0.121
57	65	0.081
57	66	0.125
57	67	0.14
57	68	0.055
57	69	0.126
57	70	0.107
57	71	0.163
57	72	0.021
57	73	0.007
57	74	0.066
57	75	0.031
57	76	0.026
57	78	0.062
57	79	0.1
57	80	0.163
57	81	0.052
57	82	0.063
57	83	0.001
58	59	0.065
58	60	0.087
58	61	0.108
58	62	0.086
58	63	0.154
58	64	0.045
58	65	0.112
58	66	0.052
58	67	0.011
58	68	0.078
58	69	0.028
58	70	0.124
58	71	0.071
58	72	0.117
58	73	0.003
58	74	0.059
58	75	0.014
58	76	0.099
58	77	0.045
58	78	0.121
58	79	0.032
58	80	0.187
58	81	0.093
58	82	0.018
58	83	0.016
59	60	0.075
59	61	0.046
59	62	0.073
59	63	0.2
59	64	0.046
59	65	0.07
59	66	0.097
59	67	0.117
59	68	0.011
59	69	0.072
59	70	0.066
59	71	0.045
59	72	0.276
59	73	0.093
59	74	0.024
59	75	0.246
59	76	0.007
59	77	0.192
59	78	0.226
59	79	0.098
59	80	0.012
59	81	0.012
59	82	0.012
59	83	0.118
60	61	0.02
60	62	0.004
60	63	0.038
60	64	0.088
60	65	0.03
60	66	0.034
60	67	0.006
60	68	0.061
60	69	0.03
60	70	0.133
60	71	0.144
60	72	0.073
60	73	0.173
60	74	0.157
60	75	0.003
60	76	0.036
60	77	0.037
60	78	0.021
60	79	0.011
60	80	0.183
60	81	0.003
60	82	0.013
60	83	0.014
61	62	0.057
61	63	0.036
61	64	0.078
61	65	0.141
61	66	0.073
61	67	0.009
61	68	0.107
61	69	0.008
61	70	0.182
61	71	0.129
61	72	0.027
61	73	0.035
61	74	0.009
61	75	0.12
61	76	0.067
61	77	0.13
61	78	0.131
61	79	0.11
61	80	0.181
61	81	0.088
61	82	0.015
61	83	0.144
62	63	0.094
62	64	0.049
62	65	0.063
62	66	0.085
62	67	0.09
62	68	0.07
62	69	0.06
62	70	0.026
62	71	0.033
62	72	0.034
62	73	0.082
62	74	0.097
62	75	0.077
62	76	0.024
62	77	0.106
62	78	0.005
62	79	0.16
62	80	0.051
62	81	0.129
62	82	0.027
62	83	0.239
63	64	0.256
63	65	0.107
63	66	0.235
63	67	0.057
63	68	0.067
63	69	0.115
63	70	0.108
63	71	0.086
63	72	0.11
63	73	0.039
63	74	0.02
63	75	0.035
63	76	0.133
63	77	0.002
63	78	0.062
63	79	0.141
63	80	0.058
63	81	0.087
63	82	0.051
63	83	0.093
64	65	0.069
64	66	0.004
64	67	0.093
64	68	0.142
64	69	0.145
64	70	0.047
64	71	0.043
64	72	0.102
64	73	0.059
64	74	0.055
64	75	0.071
64	76	0.135
64	77	0.101
64	78	0.1
64	79	0.133
64	81	0.027
64	82	0.013
64	83	0.055
65	66	0.059
65	67	0.015
65	68	0.103
65	69	0.039
65	70	0.005
65	71	0.086
65	72	0.039
65	73	0.184
65	74	0.105
65	75	0.044
65	76	0.063
65	77	0.03
65	78	0.079
65	79	0.1
65	80	0.092
65	81	0.007
65	82	0.02
65	83	0.037
66	67	0.017
66	68	0.136
66	69	0.129
66	70	0.044
66	71	0.014
66	72	0.079
66	73	0.045
66	74	0.009
66	75	0.134
66	76	0.065
66	77	0.069
66	78	0.088
66	79	0.199
66	80	0.01
66	81	0.005
66	82	0.039
66	83	0.135
67	68	0.019
67	69	0.124
67	70	0.081
67	71	0.096
67	72	0.024
67	73	0.039
67	74	0.024
67	75	0.114
67	76	0.084
67	77	0.012
67	78	0.118
67	79	0.001
67	80	0.102
67	81	0.053
67	82	0.009
67	83	0.055
68	69	0.111
68	70	0.014
68	71	0.038
68	72	0.138
68	73	0.071
68	74	0.138
68	75	0.122
68	76	0.071
68	77	0.021
68	78	0.012
68	79	0.096
68	80	0.159
68	81	0.085
68	82	0.025
68	83	0.088
69	70	0.041
69	71	0.014
69	72	0.005
69	73	0.117
69	74	0.1
69	75	0.061
69	76	0.03
69	77	0.065
69	78	0.053
69	79	0.063
69	80	0.047
69	81	0.054
69	82	0.013
69	83	0.046
70	71	0.071
70	72	0.043
70	73	0.001
70	74	0.086
70	75	0.122
70	76	0.031
70	77	0.058
70	78	0.091
70	79	0.158
70	80	0.185
70	81	0.029
70	82	0.067
70	83	0.055
71	72	0.089
71	73	0.257
71	74	0.073
71	75	0.058
71	76	0.117
71	77	0.058
71	78	0.084
71	79	0.067
71	80	0.001
71	81	0.087
71	82	0.075
71	83	0.063
72	73	0.027
72	74	0.127
72	75	0.06
72	76	0.102
72	77	0.006
72	78	0.092
72	79	0.047
72	80	0.126
72	81	0.002
72	82	0.027
72	83	0.159
73	74	0.009
73	75	0.109
73	76	0.041
73	77	0.077
73	78	0.073
73	79	0.194
73	80	0.028
73	81	0.159
73	82	0.143
73	83	0.121
74	75	0.029
74	76	0.147
74	77	0.107
74	78	0.123
74	79	0.028
74	80	0.141
74	81	0.102
74	82	0.063
74	83	0.105
75	76	0.029
75	77	0.084
75	78	0.071
75	79	0.108
75	80	0.163
75	81	0.091
75	82	0.036
75	83	0.128
76	77	0.015
76	78	0.069
76	79	0.061
76	80	0.063
76	81	0.015
76	82	0.02
76	83	0.043
77	78	0.085
77	79	0.011
77	80	0.019
77	81	0.029
77	82	0.071
77	83	0.071
78	79	0.03
78	80	0.023
78	81	0.171
78	82	0.046
78	83	0.136
79	80	0.085
79	81	0.064
79	82	0.056
79	83	0.077
80	81	0.067
80	82	0.007
80	83	0.032
81	82	0.102
81	83	0.132
82	83	0.038
#subnet edge score	246.93199999999962