1	7	n/a
1	8	n/a
1	14	n/a
1	17	n/a
1	23	n/a
1	28	n/a
1	29	n/a
1	30	n/a
2	9	n/a
2	13	n/a
2	17	n/a
2	22	n/a
2	24	n/a
2	25	n/a
2	26	n/a
2	27	n/a
2	31	n/a
2	36	n/a
2	37	n/a
2	38	n/a
2	42	n/a
2	51	n/a
2	75	n/a
2	76	n/a
2	80	n/a
3	7	n/a
3	8	n/a
3	14	n/a
3	17	n/a
3	19	n/a
3	21	n/a
3	23	n/a
3	26	n/a
3	27	n/a
3	28	n/a
3	30	n/a
3	34	n/a
3	36	n/a
3	37	n/a
3	39	n/a
3	51	n/a
3	52	n/a
3	76	n/a
4	9	n/a
4	10	n/a
4	12	n/a
4	15	n/a
4	20	n/a
4	24	n/a
4	28	n/a
5	6	n/a
5	9	n/a
5	12	n/a
5	15	n/a
5	24	n/a
5	32	n/a
5	34	n/a
5	36	n/a
5	40	n/a
5	41	n/a
6	7	n/a
6	8	n/a
6	9	n/a
6	10	n/a
6	12	n/a
6	14	n/a
6	15	n/a
6	20	n/a
6	28	n/a
6	32	n/a
6	36	n/a
6	40	n/a
6	41	n/a
7	8	n/a
7	9	n/a
7	10	n/a
7	14	n/a
7	15	n/a
7	17	n/a
7	21	n/a
7	23	n/a
7	24	n/a
7	28	n/a
7	29	n/a
7	30	n/a
7	33	n/a
7	34	n/a
7	36	n/a
7	38	n/a
7	39	n/a
7	40	n/a
7	41	n/a
8	10	n/a
8	12	n/a
8	14	n/a
8	15	n/a
8	17	n/a
8	23	n/a
8	26	n/a
8	28	n/a
8	29	n/a
8	30	n/a
8	32	n/a
8	34	n/a
8	36	n/a
8	40	n/a
8	41	n/a
9	10	n/a
9	12	n/a
9	15	n/a
9	20	n/a
9	22	n/a
9	24	n/a
9	25	n/a
9	27	n/a
9	28	n/a
9	29	n/a
9	36	n/a
9	40	n/a
9	42	n/a
9	58	n/a
9	73	n/a
9	77	n/a
10	12	n/a
10	14	n/a
10	15	n/a
10	20	n/a
10	24	n/a
10	28	n/a
10	29	n/a
10	34	n/a
10	36	n/a
10	38	n/a
10	40	n/a
10	41	n/a
11	13	n/a
11	17	n/a
11	18	n/a
11	19	n/a
11	25	n/a
11	26	n/a
11	27	n/a
11	31	n/a
11	34	n/a
11	37	n/a
11	38	n/a
11	42	n/a
11	49	n/a
11	62	n/a
11	76	n/a
11	80	n/a
12	14	n/a
12	15	n/a
12	20	n/a
12	24	n/a
12	28	n/a
12	32	n/a
12	34	n/a
12	36	n/a
12	40	n/a
12	41	n/a
13	22	n/a
13	25	n/a
13	26	n/a
13	27	n/a
13	31	n/a
13	32	n/a
13	34	n/a
13	36	n/a
13	37	n/a
13	38	n/a
13	41	n/a
13	42	n/a
13	44	n/a
13	49	n/a
13	60	n/a
13	62	n/a
13	74	n/a
13	75	n/a
13	76	n/a
13	80	n/a
14	17	n/a
14	23	n/a
14	26	n/a
14	28	n/a
14	29	n/a
14	30	n/a
14	32	n/a
14	34	n/a
14	36	n/a
14	40	n/a
14	41	n/a
15	20	n/a
15	24	n/a
15	27	n/a
15	28	n/a
15	32	n/a
15	36	n/a
15	40	n/a
16	21	n/a
16	22	n/a
16	23	n/a
16	24	n/a
16	27	n/a
16	28	n/a
16	36	n/a
16	37	n/a
16	38	n/a
16	39	n/a
16	65	n/a
16	70	n/a
16	71	n/a
16	72	n/a
16	73	n/a
16	76	n/a
17	18	n/a
17	19	n/a
17	21	n/a
17	23	n/a
17	26	n/a
17	27	n/a
17	29	n/a
17	30	n/a
17	33	n/a
17	34	n/a
17	36	n/a
17	37	n/a
17	38	n/a
17	39	n/a
17	76	n/a
18	19	n/a
18	26	n/a
18	27	n/a
18	31	n/a
18	34	n/a
18	36	n/a
18	37	n/a
18	38	n/a
18	75	n/a
18	76	n/a
18	80	n/a
19	23	n/a
19	26	n/a
19	27	n/a
19	34	n/a
19	36	n/a
19	37	n/a
19	38	n/a
19	75	n/a
19	76	n/a
20	24	n/a
20	28	n/a
20	36	n/a
20	40	n/a
21	22	n/a
21	23	n/a
21	27	n/a
21	28	n/a
21	29	n/a
21	30	n/a
21	33	n/a
21	34	n/a
21	36	n/a
21	37	n/a
21	38	n/a
21	39	n/a
21	40	n/a
21	65	n/a
22	23	n/a
22	24	n/a
22	25	n/a
22	27	n/a
22	28	n/a
22	36	n/a
22	38	n/a
22	42	n/a
22	65	n/a
22	71	n/a
22	72	n/a
22	73	n/a
22	76	n/a
23	26	n/a
23	27	n/a
23	28	n/a
23	29	n/a
23	30	n/a
23	33	n/a
23	34	n/a
23	36	n/a
23	37	n/a
23	38	n/a
23	39	n/a
23	40	n/a
23	65	n/a
23	71	n/a
23	72	n/a
23	76	n/a
24	25	n/a
24	27	n/a
24	28	n/a
24	29	n/a
24	33	n/a
24	36	n/a
24	38	n/a
24	39	n/a
24	40	n/a
24	43	n/a
24	47	n/a
24	58	n/a
24	65	n/a
24	71	n/a
24	73	n/a
24	77	n/a
25	26	n/a
25	27	n/a
25	31	n/a
25	37	n/a
25	38	n/a
25	42	n/a
25	49	n/a
25	62	n/a
25	74	n/a
25	75	n/a
25	76	n/a
25	80	n/a
26	27	n/a
26	31	n/a
26	34	n/a
26	36	n/a
26	37	n/a
26	38	n/a
26	39	n/a
26	42	n/a
26	44	n/a
26	45	n/a
26	51	n/a
26	62	n/a
26	67	n/a
26	68	n/a
26	74	n/a
26	75	n/a
26	76	n/a
26	80	n/a
27	28	n/a
27	31	0.066
27	34	n/a
27	36	n/a
27	37	n/a
27	38	n/a
27	39	n/a
27	40	n/a
27	42	n/a
27	43	0.077
27	44	0.093
27	45	0.05
27	46	0.159
27	51	n/a
27	52	0.14
27	62	n/a
27	65	n/a
27	66	0.058
27	67	0.097
27	68	0.157
27	71	n/a
27	72	0.225
27	74	n/a
27	75	0.081
27	76	0.151
27	80	n/a
28	29	n/a
28	30	n/a
28	33	n/a
28	34	n/a
28	36	n/a
28	38	n/a
28	39	n/a
28	40	n/a
28	41	n/a
28	43	n/a
28	47	n/a
28	58	n/a
28	73	n/a
28	77	n/a
29	30	n/a
29	32	n/a
29	33	n/a
29	34	n/a
29	36	n/a
29	38	n/a
29	40	n/a
29	41	n/a
30	33	n/a
30	34	n/a
30	36	n/a
30	38	n/a
30	39	n/a
31	34	n/a
31	37	n/a
31	38	n/a
31	42	n/a
31	44	0.213
31	51	n/a
31	60	0.156
31	62	n/a
31	74	n/a
31	75	0.15
31	76	0.18
31	80	n/a
32	34	n/a
32	36	n/a
32	40	n/a
32	41	n/a
33	34	n/a
33	38	n/a
34	36	n/a
34	37	n/a
34	38	n/a
34	40	n/a
34	41	n/a
34	42	n/a
35	36	n/a
35	37	n/a
35	39	n/a
35	41	n/a
35	43	n/a
35	46	n/a
35	84	n/a
36	37	n/a
36	38	n/a
36	39	n/a
36	40	n/a
36	41	n/a
36	42	n/a
36	43	n/a
36	73	n/a
36	76	n/a
36	77	n/a
36	84	n/a
37	38	n/a
37	39	n/a
37	40	n/a
37	42	n/a
37	49	n/a
37	62	n/a
37	75	n/a
37	76	n/a
37	80	n/a
38	39	n/a
38	40	n/a
38	41	n/a
38	42	n/a
38	76	n/a
39	40	n/a
39	41	n/a
39	76	n/a
39	84	n/a
40	41	n/a
40	73	n/a
40	77	n/a
42	44	n/a
42	45	n/a
42	49	n/a
42	60	n/a
42	62	n/a
42	74	n/a
43	44	0.031
43	45	0.057
43	46	0.112
43	47	n/a
43	48	n/a
43	49	n/a
43	51	n/a
43	52	0.065
43	54	n/a
43	55	n/a
43	56	0.131
43	57	n/a
43	58	n/a
43	59	n/a
43	61	n/a
43	63	0.132
43	64	n/a
43	66	0.099
43	67	0.141
43	68	0.151
43	70	n/a
43	71	n/a
43	72	0.078
43	73	n/a
43	75	0.18
43	76	0.087
43	77	0.123
43	78	0.057
43	79	0.115
43	80	n/a
43	81	n/a
43	83	0.043
43	84	n/a
44	45	0.012
44	46	0.132
44	47	n/a
44	49	n/a
44	51	n/a
44	52	0.113
44	60	0.046
44	62	n/a
44	65	n/a
44	66	0.072
44	67	0.22
44	68	0.092
44	70	n/a
44	72	0.006
44	74	n/a
44	75	0.073
44	76	0.001
44	80	n/a
44	84	n/a
45	46	0.019
45	47	n/a
45	48	n/a
45	49	n/a
45	51	n/a
45	52	0.176
45	56	0.145
45	59	n/a
45	60	0.021
45	62	n/a
45	63	0.053
45	65	n/a
45	66	0.103
45	67	0.251
45	68	0.042
45	70	n/a
45	72	0.017
45	73	n/a
45	74	n/a
45	75	0.145
45	76	0.146
45	77	0.124
45	78	0.095
45	79	0.057
45	80	n/a
45	81	n/a
45	82	n/a
45	83	0.149
46	47	n/a
46	48	n/a
46	52	0.037
46	56	0.093
46	65	n/a
46	70	n/a
46	72	0.038
46	73	n/a
46	75	0.074
46	76	0.058
46	77	0.031
46	79	0.028
46	83	0.07
46	84	n/a
47	48	n/a
47	54	n/a
47	55	n/a
47	56	n/a
47	57	n/a
47	58	n/a
47	59	n/a
47	61	n/a
47	63	n/a
47	64	n/a
47	69	n/a
47	70	n/a
47	72	n/a
47	73	n/a
47	76	n/a
47	77	n/a
47	78	n/a
47	81	n/a
47	83	n/a
48	54	n/a
48	55	n/a
48	56	n/a
48	57	n/a
48	59	n/a
48	60	n/a
48	61	n/a
48	63	n/a
48	64	n/a
48	77	n/a
48	78	n/a
48	81	n/a
48	83	n/a
48	84	n/a
49	51	n/a
49	58	n/a
49	60	n/a
49	62	n/a
49	71	n/a
49	74	n/a
49	75	n/a
49	76	n/a
49	80	n/a
49	83	n/a
50	56	n/a
50	57	n/a
50	63	n/a
50	75	n/a
50	77	n/a
50	78	n/a
50	79	n/a
50	83	n/a
51	58	n/a
51	62	n/a
51	66	n/a
51	71	n/a
51	73	n/a
51	74	n/a
51	75	n/a
51	76	n/a
52	56	0.076
52	57	n/a
52	63	0.091
52	66	0.023
52	68	0.171
52	70	n/a
52	72	0.108
52	75	0.019
52	76	0.171
52	77	0.081
52	79	0.067
52	83	0.125
53	58	n/a
53	59	n/a
53	61	n/a
53	64	n/a
53	69	n/a
53	73	n/a
53	77	n/a
54	55	n/a
54	58	n/a
54	61	n/a
54	64	n/a
54	73	n/a
54	81	n/a
54	83	n/a
55	56	n/a
55	57	n/a
55	59	n/a
55	61	n/a
55	63	n/a
55	64	n/a
55	69	n/a
55	77	n/a
55	81	n/a
56	57	n/a
56	58	n/a
56	59	n/a
56	63	0.039
56	64	n/a
56	66	0.135
56	68	0.15
56	70	n/a
56	72	0.115
56	73	n/a
56	75	0.05
56	77	0.128
56	78	0.089
56	79	0.174
56	82	n/a
56	83	0.042
57	59	n/a
57	61	n/a
57	63	n/a
57	64	n/a
57	72	n/a
57	75	n/a
57	77	n/a
57	78	n/a
57	79	n/a
57	81	n/a
57	83	n/a
58	59	n/a
58	61	n/a
58	64	n/a
58	69	n/a
58	71	n/a
58	73	n/a
58	74	n/a
58	76	n/a
58	77	n/a
58	78	n/a
59	61	n/a
59	63	n/a
59	64	n/a
59	69	n/a
59	73	n/a
59	77	n/a
59	78	n/a
59	83	n/a
60	62	n/a
60	66	0.041
60	67	0.114
60	68	0.127
60	74	n/a
60	75	0.007
60	76	0.131
60	78	0.292
60	80	n/a
60	81	n/a
60	83	0.107
61	63	n/a
61	64	n/a
61	69	n/a
61	73	n/a
61	77	n/a
61	78	n/a
61	83	n/a
62	74	n/a
62	75	n/a
62	76	n/a
62	80	n/a
62	83	n/a
63	66	0.1
63	68	0.117
63	72	0.271
63	75	0.034
63	77	0.09
63	78	0.157
63	79	0.182
63	81	n/a
63	83	0.04
64	69	n/a
64	71	n/a
64	73	n/a
64	76	n/a
64	77	n/a
65	70	n/a
65	71	n/a
65	72	n/a
65	73	n/a
65	76	n/a
65	77	n/a
66	67	0.031
66	68	0.068
66	70	n/a
66	72	0.015
66	75	0.014
66	76	0.143
66	77	0.121
66	79	0.221
66	83	0.097
67	68	0.079
67	72	0.053
67	75	0.176
67	76	0.053
67	79	0.032
67	80	n/a
67	83	0.053
68	72	0.072
68	75	0.076
68	76	0.031
68	79	0.198
68	83	0.075
69	73	n/a
69	77	n/a
70	72	n/a
70	76	n/a
70	77	n/a
70	79	n/a
70	82	n/a
70	83	n/a
71	72	n/a
71	73	n/a
71	74	n/a
71	76	n/a
71	77	n/a
72	75	0.034
72	76	0.047
72	77	0.032
72	79	0.16
72	83	0.039
73	74	n/a
73	76	n/a
73	77	n/a
73	78	n/a
73	82	n/a
73	83	n/a
74	75	n/a
74	76	n/a
74	80	n/a
75	76	0.027
75	79	0.144
75	80	n/a
75	83	0.144
76	77	0.04
76	80	n/a
76	83	0.059
77	78	0.144
77	79	0.066
77	82	n/a
77	83	0.09
78	79	0.188
78	81	n/a
78	82	n/a
78	83	0.084
79	82	n/a
79	83	0.005
80	83	n/a
81	83	n/a
82	83	n/a
#subnet edge score	12.969000000000007