1	2	n/a
1	3	n/a
1	4	n/a
1	5	n/a
1	6	n/a
1	7	n/a
1	8	n/a
1	9	n/a
1	10	n/a
1	11	n/a
1	12	n/a
1	13	n/a
1	14	n/a
1	15	n/a
1	16	n/a
1	17	n/a
1	18	n/a
1	19	n/a
1	20	n/a
1	21	n/a
1	22	n/a
1	23	n/a
1	24	n/a
1	26	n/a
1	27	n/a
1	28	n/a
1	29	n/a
1	30	n/a
1	31	n/a
1	32	n/a
1	33	n/a
1	34	n/a
1	35	n/a
1	36	n/a
1	37	n/a
1	38	n/a
1	39	n/a
1	40	n/a
1	41	n/a
1	43	n/a
1	44	n/a
1	45	n/a
1	46	n/a
1	47	n/a
1	48	n/a
1	49	n/a
1	50	n/a
1	51	n/a
1	52	n/a
1	53	n/a
1	55	n/a
1	56	n/a
1	57	n/a
1	58	n/a
1	59	n/a
1	60	n/a
1	61	n/a
1	63	n/a
1	65	n/a
1	66	n/a
1	68	n/a
1	69	n/a
1	70	n/a
1	71	n/a
1	72	n/a
1	73	n/a
1	75	n/a
1	76	n/a
1	77	n/a
1	78	n/a
1	79	n/a
1	82	n/a
1	83	n/a
1	84	n/a
2	3	n/a
2	4	n/a
2	5	n/a
2	6	n/a
2	7	n/a
2	8	n/a
2	9	n/a
2	10	n/a
2	11	n/a
2	12	n/a
2	13	n/a
2	14	n/a
2	15	n/a
2	16	n/a
2	17	n/a
2	18	n/a
2	19	n/a
2	20	n/a
2	21	n/a
2	22	n/a
2	23	n/a
2	24	n/a
2	25	n/a
2	26	n/a
2	27	n/a
2	28	n/a
2	29	n/a
2	30	n/a
2	31	n/a
2	32	n/a
2	33	n/a
2	34	n/a
2	35	n/a
2	36	n/a
2	37	n/a
2	38	n/a
2	39	n/a
2	40	n/a
2	41	n/a
2	42	n/a
2	43	n/a
2	44	n/a
2	45	n/a
2	46	n/a
2	47	n/a
2	48	n/a
2	49	n/a
2	50	n/a
2	51	n/a
2	52	n/a
2	53	n/a
2	55	n/a
2	56	n/a
2	57	n/a
2	58	n/a
2	59	n/a
2	60	n/a
2	61	n/a
2	62	n/a
2	63	n/a
2	64	n/a
2	65	n/a
2	66	n/a
2	67	n/a
2	68	n/a
2	69	n/a
2	70	n/a
2	71	n/a
2	72	n/a
2	73	n/a
2	74	n/a
2	75	n/a
2	76	n/a
2	77	n/a
2	78	n/a
2	79	n/a
2	80	n/a
2	82	n/a
2	83	n/a
2	84	n/a
3	4	n/a
3	5	n/a
3	6	n/a
3	7	n/a
3	8	n/a
3	9	n/a
3	10	n/a
3	11	n/a
3	12	n/a
3	13	n/a
3	14	n/a
3	15	n/a
3	16	n/a
3	17	n/a
3	18	n/a
3	19	n/a
3	20	n/a
3	21	n/a
3	22	n/a
3	23	n/a
3	24	n/a
3	25	n/a
3	26	n/a
3	27	n/a
3	28	n/a
3	29	n/a
3	30	n/a
3	31	n/a
3	32	n/a
3	33	n/a
3	34	n/a
3	35	n/a
3	36	n/a
3	37	n/a
3	38	n/a
3	39	n/a
3	40	n/a
3	41	n/a
3	42	n/a
3	43	n/a
3	44	n/a
3	45	n/a
3	46	n/a
3	47	n/a
3	48	n/a
3	49	n/a
3	50	n/a
3	51	n/a
3	52	n/a
3	53	n/a
3	54	n/a
3	55	n/a
3	56	n/a
3	57	n/a
3	58	n/a
3	59	n/a
3	60	n/a
3	61	n/a
3	62	n/a
3	63	n/a
3	64	n/a
3	65	n/a
3	66	n/a
3	67	n/a
3	68	n/a
3	69	n/a
3	70	n/a
3	71	n/a
3	72	n/a
3	73	n/a
3	74	n/a
3	75	n/a
3	76	n/a
3	77	n/a
3	78	n/a
3	79	n/a
3	80	n/a
3	82	n/a
3	83	n/a
3	84	n/a
4	5	n/a
4	6	n/a
4	7	n/a
4	8	n/a
4	9	n/a
4	10	n/a
4	11	n/a
4	12	n/a
4	13	n/a
4	14	n/a
4	15	n/a
4	16	n/a
4	17	n/a
4	18	n/a
4	19	n/a
4	20	n/a
4	21	n/a
4	22	n/a
4	23	n/a
4	24	n/a
4	26	n/a
4	27	n/a
4	28	n/a
4	29	n/a
4	30	n/a
4	32	n/a
4	33	n/a
4	34	n/a
4	35	n/a
4	36	n/a
4	37	n/a
4	38	n/a
4	39	n/a
4	40	n/a
4	41	n/a
4	42	n/a
4	43	n/a
4	44	n/a
4	45	n/a
4	46	n/a
4	47	n/a
4	48	n/a
4	49	n/a
4	50	n/a
4	51	n/a
4	52	n/a
4	53	n/a
4	54	n/a
4	55	n/a
4	56	n/a
4	57	n/a
4	58	n/a
4	59	n/a
4	60	n/a
4	61	n/a
4	63	n/a
4	64	n/a
4	65	n/a
4	66	n/a
4	69	n/a
4	70	n/a
4	71	n/a
4	72	n/a
4	73	n/a
4	75	n/a
4	76	n/a
4	77	n/a
4	78	n/a
4	79	n/a
4	81	n/a
4	82	n/a
4	83	n/a
4	84	n/a
5	6	n/a
5	7	n/a
5	8	n/a
5	9	n/a
5	10	n/a
5	11	n/a
5	12	n/a
5	13	n/a
5	14	n/a
5	15	0.10457504823156794
5	16	0.0365936630287413
5	17	n/a
5	19	n/a
5	20	0.1651321047766108
5	21	n/a
5	22	n/a
5	23	n/a
5	24	n/a
5	25	n/a
5	26	n/a
5	27	n/a
5	28	n/a
5	29	n/a
5	30	n/a
5	31	n/a
5	32	0.08618665224844238
5	33	n/a
5	34	n/a
5	35	n/a
5	36	n/a
5	37	n/a
5	38	n/a
5	39	n/a
5	40	n/a
5	41	n/a
5	42	n/a
5	43	0.10887468564663629
5	44	n/a
5	45	n/a
5	46	n/a
5	47	n/a
5	48	n/a
5	49	n/a
5	51	n/a
5	52	n/a
5	53	0.11833521397125142
5	54	n/a
5	55	n/a
5	56	n/a
5	57	n/a
5	58	n/a
5	59	n/a
5	61	n/a
5	62	n/a
5	63	n/a
5	64	0.10561497141177355
5	65	0.22007790442392072
5	66	n/a
5	69	n/a
5	70	n/a
5	71	n/a
5	72	n/a
5	73	n/a
5	75	n/a
5	76	n/a
5	77	n/a
5	78	n/a
5	79	n/a
5	81	n/a
5	83	n/a
5	84	0.17917333730216986
6	7	n/a
6	8	n/a
6	9	n/a
6	10	n/a
6	11	n/a
6	12	n/a
6	13	n/a
6	14	n/a
6	15	n/a
6	16	n/a
6	17	n/a
6	18	n/a
6	19	n/a
6	20	n/a
6	21	n/a
6	22	n/a
6	23	n/a
6	24	n/a
6	25	n/a
6	26	n/a
6	27	n/a
6	28	n/a
6	29	n/a
6	30	n/a
6	31	n/a
6	32	n/a
6	33	n/a
6	34	n/a
6	35	n/a
6	36	n/a
6	37	n/a
6	38	n/a
6	39	n/a
6	40	n/a
6	41	n/a
6	42	n/a
6	43	n/a
6	44	n/a
6	45	n/a
6	46	n/a
6	47	n/a
6	48	n/a
6	49	n/a
6	50	n/a
6	51	n/a
6	52	n/a
6	53	n/a
6	54	n/a
6	55	n/a
6	56	n/a
6	57	n/a
6	58	n/a
6	59	n/a
6	60	n/a
6	61	n/a
6	62	n/a
6	63	n/a
6	64	n/a
6	65	n/a
6	66	n/a
6	67	n/a
6	68	n/a
6	69	n/a
6	70	n/a
6	71	n/a
6	72	n/a
6	73	n/a
6	74	n/a
6	75	n/a
6	76	n/a
6	77	n/a
6	78	n/a
6	79	n/a
6	81	n/a
6	82	n/a
6	83	n/a
6	84	n/a
7	8	n/a
7	9	n/a
7	10	n/a
7	11	n/a
7	12	n/a
7	13	n/a
7	14	n/a
7	15	n/a
7	16	n/a
7	17	n/a
7	18	n/a
7	19	n/a
7	20	n/a
7	21	n/a
7	22	n/a
7	23	n/a
7	24	n/a
7	25	n/a
7	26	n/a
7	27	n/a
7	28	n/a
7	29	n/a
7	30	n/a
7	31	n/a
7	32	n/a
7	33	n/a
7	34	n/a
7	35	n/a
7	36	n/a
7	37	n/a
7	38	n/a
7	39	n/a
7	40	n/a
7	41	n/a
7	42	n/a
7	43	n/a
7	44	n/a
7	45	n/a
7	46	n/a
7	47	n/a
7	48	n/a
7	49	n/a
7	50	n/a
7	51	n/a
7	52	n/a
7	53	n/a
7	54	n/a
7	55	n/a
7	56	n/a
7	57	n/a
7	58	n/a
7	59	n/a
7	60	n/a
7	61	n/a
7	62	n/a
7	63	n/a
7	64	n/a
7	65	n/a
7	66	n/a
7	67	n/a
7	68	n/a
7	69	n/a
7	70	n/a
7	71	n/a
7	72	n/a
7	73	n/a
7	74	n/a
7	75	n/a
7	76	n/a
7	77	n/a
7	78	n/a
7	79	n/a
7	81	n/a
7	82	n/a
7	83	n/a
7	84	n/a
8	9	n/a
8	10	n/a
8	11	n/a
8	12	n/a
8	13	n/a
8	14	n/a
8	15	n/a
8	16	n/a
8	17	n/a
8	18	n/a
8	19	n/a
8	20	n/a
8	21	n/a
8	22	n/a
8	23	n/a
8	24	n/a
8	25	n/a
8	26	n/a
8	27	n/a
8	28	n/a
8	29	n/a
8	30	n/a
8	31	n/a
8	32	n/a
8	33	n/a
8	34	n/a
8	35	n/a
8	36	n/a
8	37	n/a
8	38	n/a
8	39	n/a
8	40	n/a
8	41	n/a
8	42	n/a
8	43	n/a
8	44	n/a
8	45	n/a
8	46	n/a
8	47	n/a
8	48	n/a
8	49	n/a
8	50	n/a
8	51	n/a
8	52	n/a
8	53	n/a
8	54	n/a
8	55	n/a
8	56	n/a
8	57	n/a
8	58	n/a
8	59	n/a
8	60	n/a
8	61	n/a
8	62	n/a
8	63	n/a
8	64	n/a
8	65	n/a
8	66	n/a
8	67	n/a
8	68	n/a
8	69	n/a
8	70	n/a
8	71	n/a
8	72	n/a
8	73	n/a
8	74	n/a
8	75	n/a
8	76	n/a
8	77	n/a
8	78	n/a
8	79	n/a
8	80	n/a
8	81	n/a
8	82	n/a
8	83	n/a
8	84	n/a
9	10	n/a
9	11	n/a
9	12	n/a
9	13	n/a
9	14	n/a
9	15	n/a
9	16	n/a
9	17	n/a
9	18	n/a
9	19	n/a
9	20	n/a
9	21	n/a
9	22	n/a
9	23	n/a
9	24	n/a
9	25	n/a
9	26	n/a
9	27	n/a
9	28	n/a
9	29	n/a
9	30	n/a
9	31	n/a
9	32	n/a
9	33	n/a
9	34	n/a
9	35	n/a
9	36	n/a
9	37	n/a
9	38	n/a
9	39	n/a
9	40	n/a
9	41	n/a
9	42	n/a
9	43	n/a
9	44	n/a
9	45	n/a
9	46	n/a
9	47	n/a
9	48	n/a
9	49	n/a
9	50	n/a
9	51	n/a
9	52	n/a
9	53	n/a
9	54	n/a
9	55	n/a
9	56	n/a
9	57	n/a
9	58	n/a
9	59	n/a
9	60	n/a
9	61	n/a
9	62	n/a
9	63	n/a
9	64	n/a
9	65	n/a
9	66	n/a
9	67	n/a
9	68	n/a
9	69	n/a
9	70	n/a
9	71	n/a
9	72	n/a
9	73	n/a
9	74	n/a
9	75	n/a
9	76	n/a
9	77	n/a
9	78	n/a
9	79	n/a
9	80	n/a
9	81	n/a
9	82	n/a
9	83	n/a
9	84	n/a
10	11	n/a
10	12	n/a
10	13	n/a
10	14	n/a
10	15	n/a
10	16	n/a
10	17	n/a
10	18	n/a
10	19	n/a
10	20	n/a
10	21	n/a
10	22	n/a
10	23	n/a
10	24	n/a
10	25	n/a
10	26	n/a
10	27	n/a
10	28	n/a
10	29	n/a
10	30	n/a
10	31	n/a
10	32	n/a
10	33	n/a
10	34	n/a
10	35	n/a
10	36	n/a
10	37	n/a
10	38	n/a
10	39	n/a
10	40	n/a
10	41	n/a
10	42	n/a
10	43	n/a
10	44	n/a
10	45	n/a
10	46	n/a
10	47	n/a
10	48	n/a
10	49	n/a
10	50	n/a
10	51	n/a
10	52	n/a
10	53	n/a
10	54	n/a
10	55	n/a
10	56	n/a
10	57	n/a
10	58	n/a
10	59	n/a
10	60	n/a
10	61	n/a
10	62	n/a
10	63	n/a
10	64	n/a
10	65	n/a
10	66	n/a
10	67	n/a
10	68	n/a
10	69	n/a
10	70	n/a
10	71	n/a
10	72	n/a
10	73	n/a
10	74	n/a
10	75	n/a
10	76	n/a
10	77	n/a
10	78	n/a
10	79	n/a
10	81	n/a
10	82	n/a
10	83	n/a
10	84	n/a
11	12	n/a
11	13	n/a
11	14	n/a
11	15	n/a
11	16	n/a
11	17	n/a
11	18	n/a
11	19	n/a
11	20	n/a
11	21	n/a
11	22	n/a
11	23	n/a
11	24	n/a
11	25	n/a
11	26	n/a
11	27	n/a
11	28	n/a
11	29	n/a
11	30	n/a
11	31	n/a
11	32	n/a
11	33	n/a
11	34	n/a
11	35	n/a
11	36	n/a
11	37	n/a
11	38	n/a
11	39	n/a
11	40	n/a
11	41	n/a
11	42	n/a
11	43	n/a
11	44	n/a
11	45	n/a
11	46	n/a
11	47	n/a
11	49	n/a
11	51	n/a
11	52	n/a
11	53	n/a
11	54	n/a
11	55	n/a
11	56	n/a
11	57	n/a
11	58	n/a
11	59	n/a
11	60	n/a
11	61	n/a
11	62	n/a
11	63	n/a
11	64	n/a
11	65	n/a
11	66	n/a
11	67	n/a
11	68	n/a
11	70	n/a
11	71	n/a
11	72	n/a
11	73	n/a
11	74	n/a
11	75	n/a
11	76	n/a
11	77	n/a
11	78	n/a
11	79	n/a
11	80	n/a
11	81	n/a
11	83	n/a
11	84	n/a
12	13	n/a
12	14	n/a
12	15	n/a
12	16	n/a
12	17	n/a
12	18	n/a
12	19	n/a
12	20	n/a
12	21	n/a
12	22	n/a
12	23	n/a
12	24	n/a
12	25	n/a
12	26	n/a
12	27	n/a
12	28	n/a
12	29	n/a
12	30	n/a
12	31	n/a
12	32	n/a
12	33	n/a
12	34	n/a
12	35	n/a
12	36	n/a
12	37	n/a
12	38	n/a
12	39	n/a
12	40	n/a
12	41	n/a
12	42	n/a
12	43	n/a
12	44	n/a
12	45	n/a
12	46	n/a
12	47	n/a
12	48	n/a
12	49	n/a
12	50	n/a
12	51	n/a
12	52	n/a
12	53	n/a
12	54	n/a
12	55	n/a
12	56	n/a
12	57	n/a
12	58	n/a
12	59	n/a
12	60	n/a
12	61	n/a
12	62	n/a
12	63	n/a
12	64	n/a
12	65	n/a
12	69	n/a
12	70	n/a
12	71	n/a
12	72	n/a
12	73	n/a
12	74	n/a
12	75	n/a
12	76	n/a
12	77	n/a
12	78	n/a
12	79	n/a
12	81	n/a
12	82	n/a
12	83	n/a
12	84	n/a
13	14	n/a
13	15	n/a
13	16	n/a
13	17	n/a
13	18	n/a
13	19	n/a
13	20	n/a
13	21	n/a
13	22	n/a
13	23	n/a
13	24	n/a
13	25	n/a
13	26	n/a
13	27	n/a
13	28	n/a
13	29	n/a
13	30	n/a
13	31	n/a
13	32	n/a
13	34	n/a
13	35	n/a
13	36	n/a
13	37	n/a
13	38	n/a
13	39	n/a
13	40	n/a
13	41	n/a
13	42	n/a
13	43	n/a
13	44	n/a
13	45	n/a
13	46	n/a
13	47	n/a
13	48	n/a
13	49	n/a
13	51	n/a
13	52	n/a
13	53	n/a
13	54	n/a
13	55	n/a
13	56	n/a
13	57	n/a
13	58	n/a
13	59	n/a
13	60	n/a
13	61	n/a
13	62	n/a
13	63	n/a
13	64	n/a
13	65	n/a
13	66	n/a
13	67	n/a
13	68	n/a
13	69	n/a
13	70	n/a
13	71	n/a
13	72	n/a
13	73	n/a
13	74	n/a
13	75	n/a
13	76	n/a
13	77	n/a
13	78	n/a
13	79	n/a
13	80	n/a
13	81	n/a
13	82	n/a
13	83	n/a
13	84	n/a
14	15	n/a
14	16	n/a
14	17	n/a
14	18	n/a
14	19	n/a
14	20	n/a
14	21	n/a
14	22	n/a
14	23	n/a
14	24	n/a
14	25	n/a
14	26	n/a
14	27	n/a
14	28	n/a
14	29	n/a
14	30	n/a
14	31	n/a
14	32	n/a
14	33	n/a
14	34	n/a
14	35	n/a
14	36	n/a
14	37	n/a
14	38	n/a
14	39	n/a
14	40	n/a
14	41	n/a
14	42	n/a
14	43	n/a
14	44	n/a
14	45	n/a
14	46	n/a
14	47	n/a
14	48	n/a
14	49	n/a
14	50	n/a
14	51	n/a
14	52	n/a
14	53	n/a
14	54	n/a
14	55	n/a
14	56	n/a
14	57	n/a
14	58	n/a
14	59	n/a
14	60	n/a
14	61	n/a
14	62	n/a
14	63	n/a
14	64	n/a
14	65	n/a
14	66	n/a
14	67	n/a
14	68	n/a
14	69	n/a
14	70	n/a
14	71	n/a
14	72	n/a
14	73	n/a
14	74	n/a
14	75	n/a
14	76	n/a
14	77	n/a
14	78	n/a
14	79	n/a
14	80	n/a
14	81	n/a
14	82	n/a
14	83	n/a
14	84	n/a
15	16	0.12314539407838769
15	17	n/a
15	18	n/a
15	19	n/a
15	20	0.05919176626766295
15	21	n/a
15	22	n/a
15	23	n/a
15	24	n/a
15	25	n/a
15	26	n/a
15	27	n/a
15	28	n/a
15	29	n/a
15	30	n/a
15	31	n/a
15	32	0.12650320781760907
15	33	n/a
15	34	n/a
15	35	n/a
15	36	n/a
15	37	n/a
15	38	n/a
15	39	n/a
15	40	n/a
15	41	n/a
15	42	n/a
15	43	0.0033400257539855
15	44	n/a
15	45	n/a
15	46	n/a
15	47	n/a
15	48	n/a
15	49	n/a
15	50	n/a
15	51	n/a
15	52	n/a
15	53	0.005564371728998924
15	54	n/a
15	55	n/a
15	56	n/a
15	57	n/a
15	58	n/a
15	59	n/a
15	60	n/a
15	61	n/a
15	62	n/a
15	63	n/a
15	64	0.058298592689992976
15	65	0.19337086443566684
15	66	n/a
15	67	n/a
15	69	n/a
15	70	n/a
15	71	n/a
15	72	n/a
15	73	n/a
15	74	n/a
15	75	n/a
15	76	n/a
15	77	n/a
15	78	n/a
15	79	n/a
15	80	n/a
15	81	n/a
15	82	n/a
15	83	n/a
15	84	0.0438254448364971
16	17	n/a
16	18	n/a
16	19	n/a
16	20	0.10818550689090288
16	21	n/a
16	22	n/a
16	23	n/a
16	24	n/a
16	25	n/a
16	26	n/a
16	27	n/a
16	28	n/a
16	29	n/a
16	30	n/a
16	31	n/a
16	32	0.026975889423534353
16	33	n/a
16	34	n/a
16	35	n/a
16	36	n/a
16	37	n/a
16	38	n/a
16	39	n/a
16	40	n/a
16	41	n/a
16	42	n/a
16	43	0.07717615896337815
16	44	n/a
16	45	n/a
16	46	n/a
16	47	n/a
16	48	n/a
16	50	n/a
16	51	n/a
16	52	n/a
16	53	0.12027002558083638
16	54	n/a
16	55	n/a
16	56	n/a
16	57	n/a
16	58	n/a
16	59	n/a
16	60	n/a
16	61	n/a
16	62	n/a
16	63	n/a
16	64	0.22930377333005253
16	65	0.05799318166508627
16	66	n/a
16	67	n/a
16	68	n/a
16	69	n/a
16	70	n/a
16	71	n/a
16	72	n/a
16	73	n/a
16	74	n/a
16	75	n/a
16	76	n/a
16	77	n/a
16	78	n/a
16	79	n/a
16	80	n/a
16	82	n/a
16	83	n/a
16	84	0.1834931778310866
17	18	n/a
17	19	n/a
17	20	n/a
17	21	n/a
17	22	n/a
17	23	n/a
17	24	n/a
17	25	n/a
17	26	n/a
17	27	n/a
17	28	n/a
17	29	n/a
17	30	n/a
17	31	n/a
17	32	n/a
17	33	n/a
17	34	n/a
17	35	n/a
17	36	n/a
17	37	n/a
17	38	n/a
17	39	n/a
17	40	n/a
17	41	n/a
17	42	n/a
17	43	n/a
17	44	n/a
17	45	n/a
17	46	n/a
17	47	n/a
17	48	n/a
17	49	n/a
17	50	n/a
17	51	n/a
17	52	n/a
17	55	n/a
17	56	n/a
17	57	n/a
17	58	n/a
17	59	n/a
17	60	n/a
17	61	n/a
17	62	n/a
17	63	n/a
17	64	n/a
17	65	n/a
17	66	n/a
17	67	n/a
17	68	n/a
17	69	n/a
17	70	n/a
17	71	n/a
17	72	n/a
17	73	n/a
17	74	n/a
17	75	n/a
17	76	n/a
17	77	n/a
17	78	n/a
17	79	n/a
17	80	n/a
17	82	n/a
17	83	n/a
17	84	n/a
18	19	n/a
18	20	n/a
18	21	n/a
18	22	n/a
18	23	n/a
18	24	n/a
18	25	n/a
18	26	n/a
18	27	n/a
18	28	n/a
18	29	n/a
18	30	n/a
18	31	n/a
18	32	n/a
18	33	n/a
18	34	n/a
18	35	n/a
18	36	n/a
18	37	n/a
18	38	n/a
18	39	n/a
18	40	n/a
18	41	n/a
18	42	n/a
18	43	n/a
18	44	n/a
18	45	n/a
18	46	n/a
18	47	n/a
18	48	n/a
18	49	n/a
18	51	n/a
18	52	n/a
18	56	n/a
18	57	n/a
18	58	n/a
18	60	n/a
18	62	n/a
18	63	n/a
18	64	n/a
18	65	n/a
18	66	n/a
18	67	n/a
18	68	n/a
18	70	n/a
18	71	n/a
18	72	n/a
18	73	n/a
18	74	n/a
18	75	n/a
18	76	n/a
18	77	n/a
18	78	n/a
18	79	n/a
18	80	n/a
18	83	n/a
18	84	n/a
19	20	n/a
19	21	n/a
19	22	n/a
19	23	n/a
19	24	n/a
19	25	n/a
19	26	n/a
19	27	n/a
19	28	n/a
19	29	n/a
19	30	n/a
19	31	n/a
19	32	n/a
19	33	n/a
19	34	n/a
19	35	n/a
19	36	n/a
19	37	n/a
19	38	n/a
19	39	n/a
19	40	n/a
19	41	n/a
19	42	n/a
19	43	n/a
19	44	n/a
19	45	n/a
19	46	n/a
19	47	n/a
19	49	n/a
19	50	n/a
19	51	n/a
19	52	n/a
19	56	n/a
19	57	n/a
19	58	n/a
19	59	n/a
19	60	n/a
19	62	n/a
19	63	n/a
19	64	n/a
19	65	n/a
19	66	n/a
19	67	n/a
19	68	n/a
19	70	n/a
19	71	n/a
19	72	n/a
19	73	n/a
19	74	n/a
19	75	n/a
19	76	n/a
19	77	n/a
19	78	n/a
19	79	n/a
19	80	n/a
19	82	n/a
19	83	n/a
19	84	n/a
20	21	n/a
20	22	n/a
20	23	n/a
20	24	n/a
20	26	n/a
20	27	n/a
20	28	n/a
20	29	n/a
20	30	n/a
20	31	n/a
20	32	0.1355992747913995
20	33	n/a
20	34	n/a
20	35	n/a
20	36	n/a
20	37	n/a
20	38	n/a
20	39	n/a
20	40	n/a
20	41	n/a
20	42	n/a
20	43	0.1388887350496842
20	44	n/a
20	45	n/a
20	46	n/a
20	47	n/a
20	48	n/a
20	49	n/a
20	50	n/a
20	51	n/a
20	52	n/a
20	53	0.19735361600213105
20	54	n/a
20	55	n/a
20	56	n/a
20	57	n/a
20	58	n/a
20	59	n/a
20	60	n/a
20	61	n/a
20	62	n/a
20	63	n/a
20	64	0.060806223613559744
20	65	0.058659057387607856
20	69	n/a
20	70	n/a
20	71	n/a
20	72	n/a
20	73	n/a
20	74	n/a
20	75	n/a
20	76	n/a
20	77	n/a
20	78	n/a
20	79	n/a
20	81	n/a
20	82	n/a
20	83	n/a
20	84	0.08246148272031288
21	22	n/a
21	23	n/a
21	24	n/a
21	25	n/a
21	26	n/a
21	27	n/a
21	28	n/a
21	29	n/a
21	30	n/a
21	31	n/a
21	32	n/a
21	33	n/a
21	34	n/a
21	35	n/a
21	36	n/a
21	37	n/a
21	38	n/a
21	39	n/a
21	40	n/a
21	41	n/a
21	42	n/a
21	43	n/a
21	44	n/a
21	45	n/a
21	46	n/a
21	47	n/a
21	48	n/a
21	49	n/a
21	50	n/a
21	51	n/a
21	52	n/a
21	53	n/a
21	54	n/a
21	55	n/a
21	56	n/a
21	57	n/a
21	58	n/a
21	59	n/a
21	60	n/a
21	61	n/a
21	62	n/a
21	63	n/a
21	64	n/a
21	65	n/a
21	66	n/a
21	67	n/a
21	68	n/a
21	69	n/a
21	70	n/a
21	71	n/a
21	72	n/a
21	73	n/a
21	74	n/a
21	75	n/a
21	76	n/a
21	77	n/a
21	78	n/a
21	79	n/a
21	80	n/a
21	82	n/a
21	83	n/a
21	84	n/a
22	23	n/a
22	24	n/a
22	25	n/a
22	26	n/a
22	27	n/a
22	28	n/a
22	29	n/a
22	30	n/a
22	31	n/a
22	32	n/a
22	33	n/a
22	34	n/a
22	35	n/a
22	36	n/a
22	37	n/a
22	38	n/a
22	39	n/a
22	40	n/a
22	41	n/a
22	42	n/a
22	43	n/a
22	44	n/a
22	45	n/a
22	46	n/a
22	47	n/a
22	48	n/a
22	49	n/a
22	50	n/a
22	51	n/a
22	52	n/a
22	53	n/a
22	54	n/a
22	55	n/a
22	56	n/a
22	57	n/a
22	58	n/a
22	59	n/a
22	60	n/a
22	61	n/a
22	62	n/a
22	63	n/a
22	64	n/a
22	65	n/a
22	66	n/a
22	67	n/a
22	68	n/a
22	69	n/a
22	70	n/a
22	71	n/a
22	72	n/a
22	73	n/a
22	74	n/a
22	75	n/a
22	76	n/a
22	77	n/a
22	78	n/a
22	79	n/a
22	80	n/a
22	82	n/a
22	83	n/a
22	84	n/a
23	24	n/a
23	25	n/a
23	26	n/a
23	27	n/a
23	28	n/a
23	29	n/a
23	30	n/a
23	31	n/a
23	32	n/a
23	33	n/a
23	34	n/a
23	35	n/a
23	36	n/a
23	37	n/a
23	38	n/a
23	39	n/a
23	40	n/a
23	41	n/a
23	42	n/a
23	43	n/a
23	44	n/a
23	45	n/a
23	46	n/a
23	47	n/a
23	48	n/a
23	49	n/a
23	50	n/a
23	51	n/a
23	52	n/a
23	53	n/a
23	54	n/a
23	55	n/a
23	56	n/a
23	57	n/a
23	58	n/a
23	59	n/a
23	60	n/a
23	61	n/a
23	62	n/a
23	63	n/a
23	64	n/a
23	65	n/a
23	66	n/a
23	67	n/a
23	68	n/a
23	69	n/a
23	70	n/a
23	71	n/a
23	72	n/a
23	73	n/a
23	74	n/a
23	75	n/a
23	76	n/a
23	77	n/a
23	78	n/a
23	79	n/a
23	80	n/a
23	81	n/a
23	82	n/a
23	83	n/a
23	84	n/a
24	25	n/a
24	26	n/a
24	27	n/a
24	28	n/a
24	29	n/a
24	30	n/a
24	31	n/a
24	32	n/a
24	33	n/a
24	34	n/a
24	35	n/a
24	36	n/a
24	37	n/a
24	38	n/a
24	39	n/a
24	40	n/a
24	41	n/a
24	42	n/a
24	43	n/a
24	44	n/a
24	45	n/a
24	46	n/a
24	47	n/a
24	48	n/a
24	49	n/a
24	50	n/a
24	51	n/a
24	52	n/a
24	53	n/a
24	54	n/a
24	55	n/a
24	56	n/a
24	57	n/a
24	58	n/a
24	59	n/a
24	60	n/a
24	61	n/a
24	62	n/a
24	63	n/a
24	64	n/a
24	65	n/a
24	66	n/a
24	67	n/a
24	68	n/a
24	69	n/a
24	70	n/a
24	71	n/a
24	72	n/a
24	73	n/a
24	74	n/a
24	75	n/a
24	76	n/a
24	77	n/a
24	78	n/a
24	79	n/a
24	80	n/a
24	81	n/a
24	82	n/a
24	83	n/a
24	84	n/a
25	26	n/a
25	27	n/a
25	28	n/a
25	29	n/a
25	30	n/a
25	31	n/a
25	32	n/a
25	34	n/a
25	35	n/a
25	36	n/a
25	37	n/a
25	38	n/a
25	39	n/a
25	40	n/a
25	41	n/a
25	42	n/a
25	43	n/a
25	44	n/a
25	45	n/a
25	46	n/a
25	47	n/a
25	49	n/a
25	51	n/a
25	52	n/a
25	53	n/a
25	55	n/a
25	56	n/a
25	57	n/a
25	58	n/a
25	59	n/a
25	60	n/a
25	61	n/a
25	62	n/a
25	63	n/a
25	64	n/a
25	65	n/a
25	66	n/a
25	67	n/a
25	68	n/a
25	70	n/a
25	71	n/a
25	72	n/a
25	73	n/a
25	74	n/a
25	75	n/a
25	76	n/a
25	77	n/a
25	78	n/a
25	79	n/a
25	80	n/a
25	83	n/a
25	84	n/a
26	27	n/a
26	28	n/a
26	29	n/a
26	30	n/a
26	31	n/a
26	32	n/a
26	33	n/a
26	34	n/a
26	35	n/a
26	36	n/a
26	37	n/a
26	38	n/a
26	39	n/a
26	40	n/a
26	41	n/a
26	42	n/a
26	43	n/a
26	44	n/a
26	45	n/a
26	46	n/a
26	47	n/a
26	48	n/a
26	49	n/a
26	50	n/a
26	51	n/a
26	52	n/a
26	53	n/a
26	54	n/a
26	55	n/a
26	56	n/a
26	57	n/a
26	58	n/a
26	59	n/a
26	60	n/a
26	61	n/a
26	62	n/a
26	63	n/a
26	64	n/a
26	65	n/a
26	66	n/a
26	67	n/a
26	68	n/a
26	69	n/a
26	70	n/a
26	71	n/a
26	72	n/a
26	73	n/a
26	74	n/a
26	75	n/a
26	76	n/a
26	77	n/a
26	78	n/a
26	79	n/a
26	80	n/a
26	81	n/a
26	82	n/a
26	83	n/a
26	84	n/a
27	28	n/a
27	29	n/a
27	30	n/a
27	31	n/a
27	32	n/a
27	33	n/a
27	34	n/a
27	35	n/a
27	36	n/a
27	37	n/a
27	38	n/a
27	39	n/a
27	40	n/a
27	41	n/a
27	42	n/a
27	43	n/a
27	44	n/a
27	45	n/a
27	46	n/a
27	47	n/a
27	48	n/a
27	49	n/a
27	50	n/a
27	51	n/a
27	52	n/a
27	53	n/a
27	54	n/a
27	55	n/a
27	56	n/a
27	57	n/a
27	58	n/a
27	59	n/a
27	60	n/a
27	61	n/a
27	62	n/a
27	63	n/a
27	64	n/a
27	65	n/a
27	66	n/a
27	67	n/a
27	68	n/a
27	69	n/a
27	70	n/a
27	71	n/a
27	72	n/a
27	73	n/a
27	74	n/a
27	75	n/a
27	76	n/a
27	77	n/a
27	78	n/a
27	79	n/a
27	80	n/a
27	81	n/a
27	82	n/a
27	83	n/a
27	84	n/a
28	29	n/a
28	30	n/a
28	31	n/a
28	32	n/a
28	33	n/a
28	34	n/a
28	35	n/a
28	36	n/a
28	37	n/a
28	38	n/a
28	39	n/a
28	40	n/a
28	41	n/a
28	42	n/a
28	43	n/a
28	44	n/a
28	45	n/a
28	46	n/a
28	47	n/a
28	48	n/a
28	49	n/a
28	50	n/a
28	51	n/a
28	52	n/a
28	53	n/a
28	54	n/a
28	55	n/a
28	56	n/a
28	57	n/a
28	58	n/a
28	59	n/a
28	60	n/a
28	61	n/a
28	62	n/a
28	63	n/a
28	64	n/a
28	65	n/a
28	66	n/a
28	67	n/a
28	68	n/a
28	69	n/a
28	70	n/a
28	71	n/a
28	72	n/a
28	73	n/a
28	74	n/a
28	75	n/a
28	76	n/a
28	77	n/a
28	78	n/a
28	79	n/a
28	80	n/a
28	81	n/a
28	82	n/a
28	83	n/a
28	84	n/a
29	30	n/a
29	31	n/a
29	32	n/a
29	33	n/a
29	34	n/a
29	35	n/a
29	36	n/a
29	37	n/a
29	38	n/a
29	39	n/a
29	40	n/a
29	41	n/a
29	42	n/a
29	43	n/a
29	44	n/a
29	45	n/a
29	46	n/a
29	47	n/a
29	48	n/a
29	49	n/a
29	50	n/a
29	51	n/a
29	52	n/a
29	53	n/a
29	54	n/a
29	55	n/a
29	56	n/a
29	57	n/a
29	58	n/a
29	59	n/a
29	60	n/a
29	61	n/a
29	62	n/a
29	63	n/a
29	64	n/a
29	65	n/a
29	66	n/a
29	67	n/a
29	68	n/a
29	69	n/a
29	70	n/a
29	71	n/a
29	72	n/a
29	73	n/a
29	74	n/a
29	75	n/a
29	76	n/a
29	77	n/a
29	78	n/a
29	79	n/a
29	80	n/a
29	81	n/a
29	82	n/a
29	83	n/a
29	84	n/a
30	31	n/a
30	32	n/a
30	33	n/a
30	34	n/a
30	35	n/a
30	36	n/a
30	37	n/a
30	38	n/a
30	39	n/a
30	40	n/a
30	41	n/a
30	42	n/a
30	43	n/a
30	44	n/a
30	45	n/a
30	46	n/a
30	47	n/a
30	48	n/a
30	49	n/a
30	50	n/a
30	51	n/a
30	52	n/a
30	53	n/a
30	54	n/a
30	55	n/a
30	56	n/a
30	57	n/a
30	58	n/a
30	59	n/a
30	60	n/a
30	61	n/a
30	63	n/a
30	64	n/a
30	65	n/a
30	66	n/a
30	67	n/a
30	68	n/a
30	69	n/a
30	70	n/a
30	71	n/a
30	72	n/a
30	73	n/a
30	74	n/a
30	75	n/a
30	76	n/a
30	77	n/a
30	78	n/a
30	79	n/a
30	81	n/a
30	82	n/a
30	83	n/a
30	84	n/a
31	32	n/a
31	34	n/a
31	35	n/a
31	36	n/a
31	37	n/a
31	38	n/a
31	39	n/a
31	40	n/a
31	42	n/a
31	43	n/a
31	44	n/a
31	45	n/a
31	46	n/a
31	47	n/a
31	49	n/a
31	51	n/a
31	52	n/a
31	56	n/a
31	58	n/a
31	60	n/a
31	62	n/a
31	63	n/a
31	64	n/a
31	65	n/a
31	66	n/a
31	67	n/a
31	68	n/a
31	71	n/a
31	72	n/a
31	73	n/a
31	74	n/a
31	75	n/a
31	76	n/a
31	77	n/a
31	79	n/a
31	80	n/a
31	81	n/a
31	83	n/a
31	84	n/a
32	33	n/a
32	34	n/a
32	35	n/a
32	36	n/a
32	37	n/a
32	38	n/a
32	39	n/a
32	40	n/a
32	41	n/a
32	42	n/a
32	43	0.13406331266399807
32	44	n/a
32	45	n/a
32	46	n/a
32	47	n/a
32	48	n/a
32	49	n/a
32	51	n/a
32	53	0.2243783180555695
32	54	n/a
32	55	n/a
32	56	n/a
32	57	n/a
32	58	n/a
32	59	n/a
32	61	n/a
32	62	n/a
32	63	n/a
32	64	0.06468404405627064
32	69	n/a
32	70	n/a
32	71	n/a
32	72	n/a
32	73	n/a
32	75	n/a
32	76	n/a
32	77	n/a
32	78	n/a
32	79	n/a
32	81	n/a
32	83	n/a
32	84	0.06473052476077207
33	34	n/a
33	35	n/a
33	36	n/a
33	37	n/a
33	38	n/a
33	39	n/a
33	40	n/a
33	41	n/a
33	43	n/a
33	44	n/a
33	45	n/a
33	46	n/a
33	47	n/a
33	48	n/a
33	50	n/a
33	51	n/a
33	52	n/a
33	53	n/a
33	55	n/a
33	56	n/a
33	57	n/a
33	58	n/a
33	59	n/a
33	61	n/a
33	63	n/a
33	64	n/a
33	65	n/a
33	66	n/a
33	68	n/a
33	69	n/a
33	70	n/a
33	71	n/a
33	72	n/a
33	73	n/a
33	74	n/a
33	75	n/a
33	76	n/a
33	77	n/a
33	78	n/a
33	79	n/a
33	81	n/a
33	82	n/a
33	83	n/a
33	84	n/a
34	35	n/a
34	36	n/a
34	37	n/a
34	38	n/a
34	39	n/a
34	40	n/a
34	41	n/a
34	42	n/a
34	43	n/a
34	44	n/a
34	45	n/a
34	46	n/a
34	47	n/a
34	48	n/a
34	49	n/a
34	50	n/a
34	51	n/a
34	52	n/a
34	53	n/a
34	54	n/a
34	55	n/a
34	56	n/a
34	57	n/a
34	58	n/a
34	59	n/a
34	60	n/a
34	61	n/a
34	62	n/a
34	63	n/a
34	64	n/a
34	65	n/a
34	66	n/a
34	67	n/a
34	68	n/a
34	69	n/a
34	70	n/a
34	71	n/a
34	72	n/a
34	73	n/a
34	74	n/a
34	75	n/a
34	76	n/a
34	77	n/a
34	78	n/a
34	79	n/a
34	80	n/a
34	81	n/a
34	82	n/a
34	83	n/a
34	84	n/a
35	36	n/a
35	37	n/a
35	38	n/a
35	39	n/a
35	40	n/a
35	41	n/a
35	42	n/a
35	43	n/a
35	44	n/a
35	45	n/a
35	46	n/a
35	47	n/a
35	48	n/a
35	49	n/a
35	50	n/a
35	51	n/a
35	52	n/a
35	53	n/a
35	54	n/a
35	55	n/a
35	56	n/a
35	57	n/a
35	58	n/a
35	59	n/a
35	60	n/a
35	61	n/a
35	62	n/a
35	63	n/a
35	64	n/a
35	65	n/a
35	66	n/a
35	67	n/a
35	68	n/a
35	69	n/a
35	70	n/a
35	71	n/a
35	72	n/a
35	73	n/a
35	74	n/a
35	75	n/a
35	76	n/a
35	77	n/a
35	78	n/a
35	79	n/a
35	80	n/a
35	81	n/a
35	82	n/a
35	83	n/a
35	84	n/a
36	37	n/a
36	38	n/a
36	39	n/a
36	40	n/a
36	41	n/a
36	42	n/a
36	43	n/a
36	44	n/a
36	45	n/a
36	46	n/a
36	47	n/a
36	48	n/a
36	49	n/a
36	50	n/a
36	51	n/a
36	52	n/a
36	53	n/a
36	54	n/a
36	55	n/a
36	56	n/a
36	57	n/a
36	58	n/a
36	59	n/a
36	60	n/a
36	61	n/a
36	62	n/a
36	63	n/a
36	64	n/a
36	65	n/a
36	66	n/a
36	67	n/a
36	68	n/a
36	69	n/a
36	70	n/a
36	71	n/a
36	72	n/a
36	73	n/a
36	74	n/a
36	75	n/a
36	76	n/a
36	77	n/a
36	78	n/a
36	79	n/a
36	80	n/a
36	81	n/a
36	82	n/a
36	83	n/a
36	84	n/a
37	38	n/a
37	39	n/a
37	40	n/a
37	41	n/a
37	42	n/a
37	43	n/a
37	44	n/a
37	45	n/a
37	46	n/a
37	47	n/a
37	48	n/a
37	49	n/a
37	50	n/a
37	51	n/a
37	52	n/a
37	53	n/a
37	54	n/a
37	55	n/a
37	56	n/a
37	57	n/a
37	58	n/a
37	59	n/a
37	60	n/a
37	61	n/a
37	62	n/a
37	63	n/a
37	64	n/a
37	65	n/a
37	66	n/a
37	67	n/a
37	68	n/a
37	69	n/a
37	70	n/a
37	71	n/a
37	72	n/a
37	73	n/a
37	74	n/a
37	75	n/a
37	76	n/a
37	77	n/a
37	78	n/a
37	79	n/a
37	80	n/a
37	81	n/a
37	82	n/a
37	83	n/a
37	84	n/a
38	39	n/a
38	40	n/a
38	41	n/a
38	42	n/a
38	43	n/a
38	44	n/a
38	45	n/a
38	46	n/a
38	47	n/a
38	48	n/a
38	49	n/a
38	50	n/a
38	51	n/a
38	52	n/a
38	53	n/a
38	54	n/a
38	55	n/a
38	56	n/a
38	57	n/a
38	58	n/a
38	59	n/a
38	60	n/a
38	61	n/a
38	62	n/a
38	63	n/a
38	64	n/a
38	65	n/a
38	66	n/a
38	67	n/a
38	68	n/a
38	69	n/a
38	70	n/a
38	71	n/a
38	72	n/a
38	73	n/a
38	74	n/a
38	75	n/a
38	76	n/a
38	77	n/a
38	78	n/a
38	79	n/a
38	80	n/a
38	81	n/a
38	82	n/a
38	83	n/a
38	84	n/a
39	40	n/a
39	41	n/a
39	42	n/a
39	43	n/a
39	44	n/a
39	45	n/a
39	46	n/a
39	47	n/a
39	48	n/a
39	49	n/a
39	50	n/a
39	51	n/a
39	52	n/a
39	53	n/a
39	54	n/a
39	55	n/a
39	56	n/a
39	57	n/a
39	58	n/a
39	59	n/a
39	60	n/a
39	61	n/a
39	62	n/a
39	63	n/a
39	64	n/a
39	65	n/a
39	66	n/a
39	67	n/a
39	68	n/a
39	69	n/a
39	70	n/a
39	71	n/a
39	72	n/a
39	73	n/a
39	74	n/a
39	75	n/a
39	76	n/a
39	77	n/a
39	78	n/a
39	79	n/a
39	80	n/a
39	81	n/a
39	82	n/a
39	83	n/a
39	84	n/a
40	41	n/a
40	42	n/a
40	43	n/a
40	44	n/a
40	45	n/a
40	46	n/a
40	47	n/a
40	48	n/a
40	49	n/a
40	50	n/a
40	51	n/a
40	52	n/a
40	53	n/a
40	54	n/a
40	55	n/a
40	56	n/a
40	57	n/a
40	58	n/a
40	59	n/a
40	60	n/a
40	61	n/a
40	62	n/a
40	63	n/a
40	64	n/a
40	65	n/a
40	66	n/a
40	67	n/a
40	68	n/a
40	69	n/a
40	70	n/a
40	71	n/a
40	72	n/a
40	73	n/a
40	74	n/a
40	75	n/a
40	76	n/a
40	77	n/a
40	78	n/a
40	79	n/a
40	80	n/a
40	81	n/a
40	82	n/a
40	83	n/a
40	84	n/a
41	42	n/a
41	43	n/a
41	44	n/a
41	45	n/a
41	46	n/a
41	47	n/a
41	48	n/a
41	49	n/a
41	50	n/a
41	51	n/a
41	52	n/a
41	53	n/a
41	54	n/a
41	55	n/a
41	56	n/a
41	57	n/a
41	58	n/a
41	59	n/a
41	60	n/a
41	61	n/a
41	62	n/a
41	63	n/a
41	64	n/a
41	65	n/a
41	66	n/a
41	69	n/a
41	70	n/a
41	71	n/a
41	72	n/a
41	73	n/a
41	75	n/a
41	76	n/a
41	77	n/a
41	78	n/a
41	79	n/a
41	81	n/a
41	82	n/a
41	83	n/a
41	84	n/a
42	43	n/a
42	44	n/a
42	45	n/a
42	46	n/a
42	47	n/a
42	48	n/a
42	49	n/a
42	50	n/a
42	51	n/a
42	52	n/a
42	54	n/a
42	55	n/a
42	56	n/a
42	57	n/a
42	58	n/a
42	59	n/a
42	60	n/a
42	61	n/a
42	62	n/a
42	63	n/a
42	64	n/a
42	65	n/a
42	66	n/a
42	67	n/a
42	68	n/a
42	69	n/a
42	70	n/a
42	71	n/a
42	72	n/a
42	73	n/a
42	74	n/a
42	75	n/a
42	76	n/a
42	77	n/a
42	78	n/a
42	79	n/a
42	80	n/a
42	81	n/a
42	83	n/a
42	84	n/a
43	44	n/a
43	45	n/a
43	46	n/a
43	47	n/a
43	48	n/a
43	49	n/a
43	50	n/a
43	51	n/a
43	52	n/a
43	53	0.04959453268098839
43	54	n/a
43	55	n/a
43	56	n/a
43	57	n/a
43	58	n/a
43	59	n/a
43	60	n/a
43	61	n/a
43	62	n/a
43	63	n/a
43	64	0.11881129144071259
43	65	0.06209705385047559
43	66	n/a
43	67	n/a
43	68	n/a
43	69	n/a
43	70	n/a
43	71	n/a
43	72	n/a
43	73	n/a
43	74	n/a
43	75	n/a
43	76	n/a
43	77	n/a
43	78	n/a
43	79	n/a
43	80	n/a
43	81	n/a
43	82	n/a
43	83	n/a
43	84	0.07764380189504794
44	45	n/a
44	46	n/a
44	47	n/a
44	48	n/a
44	49	n/a
44	50	n/a
44	51	n/a
44	52	n/a
44	53	n/a
44	54	n/a
44	55	n/a
44	56	n/a
44	57	n/a
44	58	n/a
44	59	n/a
44	60	n/a
44	61	n/a
44	62	n/a
44	63	n/a
44	64	n/a
44	65	n/a
44	66	n/a
44	67	n/a
44	68	n/a
44	69	n/a
44	70	n/a
44	71	n/a
44	72	n/a
44	73	n/a
44	74	n/a
44	75	n/a
44	76	n/a
44	77	n/a
44	78	n/a
44	79	n/a
44	80	n/a
44	81	n/a
44	82	n/a
44	83	n/a
44	84	n/a
45	46	n/a
45	47	n/a
45	48	n/a
45	49	n/a
45	50	n/a
45	51	n/a
45	52	n/a
45	53	n/a
45	54	n/a
45	55	n/a
45	56	n/a
45	57	n/a
45	58	n/a
45	59	n/a
45	60	n/a
45	61	n/a
45	62	n/a
45	63	n/a
45	64	n/a
45	65	n/a
45	66	n/a
45	67	n/a
45	68	n/a
45	69	n/a
45	70	n/a
45	71	n/a
45	72	n/a
45	73	n/a
45	74	n/a
45	75	n/a
45	76	n/a
45	77	n/a
45	78	n/a
45	79	n/a
45	80	n/a
45	81	n/a
45	82	n/a
45	83	n/a
45	84	n/a
46	47	n/a
46	48	n/a
46	49	n/a
46	50	n/a
46	51	n/a
46	52	n/a
46	53	n/a
46	54	n/a
46	55	n/a
46	56	n/a
46	57	n/a
46	58	n/a
46	59	n/a
46	60	n/a
46	61	n/a
46	62	n/a
46	63	n/a
46	64	n/a
46	65	n/a
46	66	n/a
46	67	n/a
46	68	n/a
46	69	n/a
46	70	n/a
46	71	n/a
46	72	n/a
46	73	n/a
46	74	n/a
46	75	n/a
46	76	n/a
46	77	n/a
46	78	n/a
46	79	n/a
46	80	n/a
46	81	n/a
46	82	n/a
46	83	n/a
46	84	n/a
47	48	n/a
47	49	n/a
47	50	n/a
47	51	n/a
47	52	n/a
47	53	n/a
47	54	n/a
47	55	n/a
47	56	n/a
47	57	n/a
47	58	n/a
47	59	n/a
47	60	n/a
47	61	n/a
47	62	n/a
47	63	n/a
47	64	n/a
47	65	n/a
47	66	n/a
47	67	n/a
47	68	n/a
47	69	n/a
47	70	n/a
47	71	n/a
47	72	n/a
47	73	n/a
47	74	n/a
47	75	n/a
47	76	n/a
47	77	n/a
47	78	n/a
47	79	n/a
47	80	n/a
47	81	n/a
47	82	n/a
47	83	n/a
47	84	n/a
48	49	n/a
48	50	n/a
48	51	n/a
48	52	n/a
48	53	n/a
48	54	n/a
48	55	n/a
48	56	n/a
48	57	n/a
48	58	n/a
48	59	n/a
48	60	n/a
48	61	n/a
48	62	n/a
48	63	n/a
48	64	n/a
48	65	n/a
48	66	n/a
48	67	n/a
48	68	n/a
48	69	n/a
48	70	n/a
48	71	n/a
48	72	n/a
48	73	n/a
48	74	n/a
48	75	n/a
48	76	n/a
48	77	n/a
48	78	n/a
48	79	n/a
48	80	n/a
48	81	n/a
48	82	n/a
48	83	n/a
48	84	n/a
49	50	n/a
49	51	n/a
49	52	n/a
49	53	n/a
49	54	n/a
49	55	n/a
49	56	n/a
49	57	n/a
49	58	n/a
49	59	n/a
49	60	n/a
49	61	n/a
49	62	n/a
49	63	n/a
49	64	n/a
49	65	n/a
49	66	n/a
49	67	n/a
49	68	n/a
49	69	n/a
49	70	n/a
49	71	n/a
49	72	n/a
49	73	n/a
49	74	n/a
49	75	n/a
49	76	n/a
49	77	n/a
49	78	n/a
49	79	n/a
49	80	n/a
49	81	n/a
49	83	n/a
49	84	n/a
50	51	n/a
50	52	n/a
50	53	n/a
50	54	n/a
50	55	n/a
50	56	n/a
50	57	n/a
50	58	n/a
50	59	n/a
50	60	n/a
50	61	n/a
50	62	n/a
50	63	n/a
50	64	n/a
50	65	n/a
50	66	n/a
50	67	n/a
50	68	n/a
50	69	n/a
50	70	n/a
50	71	n/a
50	72	n/a
50	73	n/a
50	74	n/a
50	75	n/a
50	76	n/a
50	77	n/a
50	78	n/a
50	79	n/a
50	80	n/a
50	81	n/a
50	82	n/a
50	83	n/a
50	84	n/a
51	52	n/a
51	53	n/a
51	54	n/a
51	55	n/a
51	56	n/a
51	57	n/a
51	58	n/a
51	59	n/a
51	60	n/a
51	61	n/a
51	62	n/a
51	63	n/a
51	64	n/a
51	65	n/a
51	66	n/a
51	67	n/a
51	68	n/a
51	69	n/a
51	70	n/a
51	71	n/a
51	72	n/a
51	73	n/a
51	74	n/a
51	75	n/a
51	76	n/a
51	77	n/a
51	78	n/a
51	79	n/a
51	80	n/a
51	81	n/a
51	82	n/a
51	83	n/a
51	84	n/a
52	53	n/a
52	54	n/a
52	55	n/a
52	56	n/a
52	57	n/a
52	58	n/a
52	59	n/a
52	60	n/a
52	61	n/a
52	62	n/a
52	63	n/a
52	64	n/a
52	65	n/a
52	66	n/a
52	67	n/a
52	68	n/a
52	69	n/a
52	70	n/a
52	71	n/a
52	72	n/a
52	73	n/a
52	74	n/a
52	75	n/a
52	76	n/a
52	77	n/a
52	78	n/a
52	79	n/a
52	80	n/a
52	81	n/a
52	82	n/a
52	83	n/a
52	84	n/a
53	54	n/a
53	55	n/a
53	56	n/a
53	57	n/a
53	58	n/a
53	59	n/a
53	60	n/a
53	61	n/a
53	62	n/a
53	63	n/a
53	64	0.10173334384603454
53	65	0.09854655004562583
53	66	n/a
53	67	n/a
53	68	n/a
53	69	n/a
53	70	n/a
53	71	n/a
53	72	n/a
53	73	n/a
53	75	n/a
53	76	n/a
53	77	n/a
53	78	n/a
53	79	n/a
53	80	n/a
53	81	n/a
53	82	n/a
53	83	n/a
53	84	0.02311702463918799
54	55	n/a
54	56	n/a
54	57	n/a
54	58	n/a
54	59	n/a
54	60	n/a
54	61	n/a
54	62	n/a
54	63	n/a
54	64	n/a
54	65	n/a
54	66	n/a
54	67	n/a
54	68	n/a
54	69	n/a
54	70	n/a
54	71	n/a
54	72	n/a
54	73	n/a
54	74	n/a
54	75	n/a
54	76	n/a
54	77	n/a
54	78	n/a
54	79	n/a
54	80	n/a
54	81	n/a
54	82	n/a
54	83	n/a
54	84	n/a
55	56	n/a
55	57	n/a
55	58	n/a
55	59	n/a
55	60	n/a
55	61	n/a
55	62	n/a
55	63	n/a
55	64	n/a
55	65	n/a
55	66	n/a
55	67	n/a
55	68	n/a
55	69	n/a
55	70	n/a
55	71	n/a
55	72	n/a
55	73	n/a
55	74	n/a
55	75	n/a
55	76	n/a
55	77	n/a
55	78	n/a
55	79	n/a
55	80	n/a
55	81	n/a
55	82	n/a
55	83	n/a
55	84	n/a
56	57	n/a
56	58	n/a
56	59	n/a
56	60	n/a
56	61	n/a
56	62	n/a
56	63	n/a
56	64	n/a
56	65	n/a
56	66	n/a
56	67	n/a
56	68	n/a
56	69	n/a
56	70	n/a
56	71	n/a
56	72	n/a
56	73	n/a
56	74	n/a
56	75	n/a
56	76	n/a
56	77	n/a
56	78	n/a
56	79	n/a
56	80	n/a
56	81	n/a
56	82	n/a
56	83	n/a
56	84	n/a
57	58	n/a
57	59	n/a
57	60	n/a
57	61	n/a
57	62	n/a
57	63	n/a
57	64	n/a
57	65	n/a
57	66	n/a
57	67	n/a
57	68	n/a
57	69	n/a
57	70	n/a
57	71	n/a
57	72	n/a
57	73	n/a
57	74	n/a
57	75	n/a
57	76	n/a
57	77	n/a
57	78	n/a
57	79	n/a
57	80	n/a
57	81	n/a
57	82	n/a
57	83	n/a
57	84	n/a
58	59	n/a
58	60	n/a
58	61	n/a
58	62	n/a
58	63	n/a
58	64	n/a
58	65	n/a
58	66	n/a
58	67	n/a
58	68	n/a
58	69	n/a
58	70	n/a
58	71	n/a
58	72	n/a
58	73	n/a
58	74	n/a
58	75	n/a
58	76	n/a
58	77	n/a
58	78	n/a
58	79	n/a
58	80	n/a
58	81	n/a
58	82	n/a
58	83	n/a
58	84	n/a
59	60	n/a
59	61	n/a
59	62	n/a
59	63	n/a
59	64	n/a
59	65	n/a
59	66	n/a
59	67	n/a
59	68	n/a
59	69	n/a
59	70	n/a
59	71	n/a
59	72	n/a
59	73	n/a
59	74	n/a
59	75	n/a
59	76	n/a
59	77	n/a
59	78	n/a
59	79	n/a
59	80	n/a
59	81	n/a
59	82	n/a
59	83	n/a
59	84	n/a
60	61	n/a
60	62	n/a
60	63	n/a
60	64	n/a
60	65	n/a
60	66	n/a
60	67	n/a
60	68	n/a
60	69	n/a
60	70	n/a
60	71	n/a
60	72	n/a
60	73	n/a
60	74	n/a
60	75	n/a
60	76	n/a
60	77	n/a
60	78	n/a
60	79	n/a
60	80	n/a
60	81	n/a
60	82	n/a
60	83	n/a
60	84	n/a
61	62	n/a
61	63	n/a
61	64	n/a
61	65	n/a
61	66	n/a
61	67	n/a
61	68	n/a
61	69	n/a
61	70	n/a
61	71	n/a
61	72	n/a
61	73	n/a
61	74	n/a
61	75	n/a
61	76	n/a
61	77	n/a
61	78	n/a
61	79	n/a
61	80	n/a
61	81	n/a
61	82	n/a
61	83	n/a
61	84	n/a
62	63	n/a
62	64	n/a
62	65	n/a
62	66	n/a
62	67	n/a
62	68	n/a
62	69	n/a
62	70	n/a
62	71	n/a
62	72	n/a
62	73	n/a
62	74	n/a
62	75	n/a
62	76	n/a
62	77	n/a
62	78	n/a
62	79	n/a
62	80	n/a
62	81	n/a
62	83	n/a
62	84	n/a
63	64	n/a
63	65	n/a
63	66	n/a
63	67	n/a
63	68	n/a
63	69	n/a
63	70	n/a
63	71	n/a
63	72	n/a
63	73	n/a
63	74	n/a
63	75	n/a
63	76	n/a
63	77	n/a
63	78	n/a
63	79	n/a
63	80	n/a
63	81	n/a
63	82	n/a
63	83	n/a
63	84	n/a
64	65	0.17357857311368133
64	66	n/a
64	67	n/a
64	68	n/a
64	69	n/a
64	70	n/a
64	71	n/a
64	72	n/a
64	73	n/a
64	74	n/a
64	75	n/a
64	76	n/a
64	77	n/a
64	78	n/a
64	79	n/a
64	80	n/a
64	81	n/a
64	82	n/a
64	83	n/a
64	84	0.06549427706721145
65	66	n/a
65	67	n/a
65	68	n/a
65	69	n/a
65	70	n/a
65	71	n/a
65	72	n/a
65	73	n/a
65	74	n/a
65	75	n/a
65	76	n/a
65	77	n/a
65	78	n/a
65	79	n/a
65	80	n/a
65	82	n/a
65	83	n/a
65	84	0.05070161564384338
66	67	n/a
66	68	n/a
66	69	n/a
66	70	n/a
66	71	n/a
66	72	n/a
66	73	n/a
66	74	n/a
66	75	n/a
66	76	n/a
66	77	n/a
66	78	n/a
66	79	n/a
66	80	n/a
66	81	n/a
66	82	n/a
66	83	n/a
66	84	n/a
67	68	n/a
67	69	n/a
67	70	n/a
67	71	n/a
67	72	n/a
67	73	n/a
67	74	n/a
67	75	n/a
67	76	n/a
67	77	n/a
67	78	n/a
67	79	n/a
67	80	n/a
67	81	n/a
67	82	n/a
67	83	n/a
67	84	n/a
68	69	n/a
68	70	n/a
68	71	n/a
68	72	n/a
68	73	n/a
68	74	n/a
68	75	n/a
68	76	n/a
68	77	n/a
68	78	n/a
68	79	n/a
68	80	n/a
68	81	n/a
68	82	n/a
68	83	n/a
68	84	n/a
69	70	n/a
69	71	n/a
69	72	n/a
69	73	n/a
69	75	n/a
69	76	n/a
69	77	n/a
69	78	n/a
69	79	n/a
69	80	n/a
69	81	n/a
69	82	n/a
69	83	n/a
69	84	n/a
70	71	n/a
70	72	n/a
70	73	n/a
70	74	n/a
70	75	n/a
70	76	n/a
70	77	n/a
70	78	n/a
70	79	n/a
70	80	n/a
70	81	n/a
70	82	n/a
70	83	n/a
70	84	n/a
71	72	n/a
71	73	n/a
71	74	n/a
71	75	n/a
71	76	n/a
71	77	n/a
71	78	n/a
71	79	n/a
71	80	n/a
71	81	n/a
71	82	n/a
71	83	n/a
71	84	n/a
72	73	n/a
72	74	n/a
72	75	n/a
72	76	n/a
72	77	n/a
72	78	n/a
72	79	n/a
72	80	n/a
72	81	n/a
72	82	n/a
72	83	n/a
72	84	n/a
73	74	n/a
73	75	n/a
73	76	n/a
73	77	n/a
73	78	n/a
73	79	n/a
73	80	n/a
73	81	n/a
73	82	n/a
73	83	n/a
73	84	n/a
74	75	n/a
74	76	n/a
74	77	n/a
74	78	n/a
74	79	n/a
74	80	n/a
74	81	n/a
74	83	n/a
74	84	n/a
75	76	n/a
75	77	n/a
75	78	n/a
75	79	n/a
75	80	n/a
75	81	n/a
75	82	n/a
75	83	n/a
75	84	n/a
76	77	n/a
76	78	n/a
76	79	n/a
76	80	n/a
76	81	n/a
76	82	n/a
76	83	n/a
76	84	n/a
77	78	n/a
77	79	n/a
77	80	n/a
77	81	n/a
77	82	n/a
77	83	n/a
77	84	n/a
78	79	n/a
78	80	n/a
78	81	n/a
78	82	n/a
78	83	n/a
78	84	n/a
79	80	n/a
79	81	n/a
79	82	n/a
79	83	n/a
79	84	n/a
80	81	n/a
80	83	n/a
80	84	n/a
81	82	n/a
81	83	n/a
81	84	n/a
82	83	n/a
82	84	n/a
83	84	n/a
#subnet edge score	4.524143615658907