1	3	n/a
1	6	n/a
1	7	n/a
1	8	n/a
1	10	n/a
1	14	n/a
1	17	n/a
1	19	n/a
1	21	n/a
1	23	n/a
1	24	n/a
1	26	n/a
1	27	n/a
1	28	n/a
1	29	n/a
1	30	n/a
1	33	n/a
1	34	n/a
1	36	n/a
1	38	n/a
1	73	n/a
1	77	n/a
2	3	n/a
2	9	n/a
2	11	n/a
2	13	n/a
2	15	n/a
2	16	n/a
2	17	n/a
2	18	n/a
2	19	n/a
2	22	n/a
2	23	n/a
2	24	n/a
2	25	n/a
2	26	n/a
2	27	n/a
2	28	n/a
2	31	n/a
2	34	n/a
2	36	n/a
2	37	n/a
2	38	n/a
2	39	n/a
2	42	n/a
2	43	n/a
2	44	n/a
2	45	n/a
2	49	n/a
2	51	n/a
2	52	n/a
2	62	n/a
2	66	n/a
2	68	n/a
2	71	n/a
2	72	n/a
2	74	n/a
2	75	n/a
2	76	n/a
2	80	n/a
3	6	n/a
3	7	n/a
3	8	n/a
3	10	n/a
3	14	n/a
3	17	n/a
3	18	n/a
3	19	n/a
3	21	n/a
3	22	n/a
3	23	n/a
3	24	n/a
3	26	n/a
3	27	n/a
3	28	n/a
3	29	n/a
3	30	n/a
3	34	n/a
3	36	n/a
3	37	n/a
3	38	n/a
3	39	n/a
3	40	n/a
3	43	n/a
3	44	n/a
3	45	n/a
3	46	n/a
3	51	n/a
3	52	n/a
3	65	n/a
3	66	n/a
3	68	n/a
3	71	n/a
3	72	n/a
3	75	n/a
3	76	n/a
4	5	n/a
4	6	n/a
4	7	n/a
4	8	n/a
4	9	n/a
4	10	n/a
4	12	n/a
4	14	n/a
4	15	n/a
4	20	n/a
4	24	n/a
4	28	n/a
4	29	n/a
4	34	n/a
4	36	n/a
4	38	n/a
4	40	n/a
4	41	n/a
4	47	n/a
4	53	n/a
4	58	n/a
4	59	n/a
4	61	n/a
4	69	n/a
4	73	n/a
4	77	n/a
5	6	n/a
5	7	n/a
5	8	n/a
5	9	n/a
5	10	n/a
5	12	n/a
5	15	n/a
5	20	n/a
5	24	n/a
5	27	n/a
5	28	n/a
5	29	n/a
5	32	n/a
5	34	n/a
5	35	n/a
5	36	n/a
5	40	n/a
5	41	n/a
5	47	n/a
5	84	n/a
6	7	n/a
6	8	n/a
6	9	n/a
6	10	n/a
6	12	n/a
6	13	n/a
6	14	n/a
6	15	n/a
6	17	n/a
6	20	n/a
6	23	n/a
6	24	n/a
6	26	n/a
6	28	n/a
6	29	n/a
6	30	n/a
6	32	n/a
6	34	n/a
6	36	n/a
6	38	n/a
6	39	n/a
6	40	n/a
6	41	n/a
6	42	n/a
6	47	n/a
6	58	n/a
6	59	n/a
6	73	n/a
6	77	n/a
7	8	n/a
7	9	n/a
7	10	n/a
7	12	n/a
7	14	n/a
7	15	n/a
7	17	n/a
7	19	n/a
7	20	n/a
7	21	n/a
7	23	n/a
7	24	n/a
7	26	n/a
7	27	n/a
7	28	n/a
7	29	n/a
7	30	n/a
7	32	n/a
7	33	n/a
7	34	n/a
7	36	n/a
7	37	n/a
7	38	n/a
7	39	n/a
7	40	n/a
7	41	n/a
7	43	n/a
7	45	n/a
7	47	n/a
7	58	n/a
7	73	n/a
7	77	n/a
8	9	0.089
8	10	0.093
8	12	n/a
8	13	n/a
8	14	n/a
8	15	0.137
8	17	n/a
8	18	n/a
8	19	n/a
8	20	0.172
8	21	n/a
8	23	n/a
8	24	0.168
8	26	n/a
8	27	0.135
8	28	0.095
8	29	n/a
8	30	0.071
8	32	n/a
8	33	n/a
8	34	n/a
8	36	0.197
8	38	0.135
8	39	n/a
8	40	n/a
8	41	n/a
8	42	n/a
8	43	0.126
8	56	n/a
8	58	0.171
8	73	0.174
8	77	0.235
9	10	0.155
9	12	n/a
9	13	n/a
9	14	n/a
9	15	0.151
9	16	0.056
9	17	n/a
9	20	0.157
9	22	0.043
9	23	n/a
9	24	0.006
9	25	n/a
9	26	n/a
9	27	0.086
9	28	0.003
9	29	n/a
9	30	0.055
9	31	n/a
9	33	n/a
9	34	n/a
9	36	0.097
9	37	n/a
9	38	0.062
9	39	n/a
9	40	n/a
9	41	n/a
9	42	n/a
9	43	0.125
9	45	0.107
9	47	0.03
9	49	n/a
9	53	n/a
9	56	n/a
9	58	0.058
9	59	n/a
9	61	n/a
9	62	n/a
9	64	0.058
9	65	0.074
9	69	n/a
9	71	0.068
9	73	0.122
9	75	n/a
9	76	0.129
9	77	0.129
9	78	0.025
9	79	0.051
9	80	n/a
9	83	0.007
10	12	n/a
10	13	n/a
10	14	n/a
10	15	0.152
10	20	0.149
10	24	0.045
10	28	0.015
10	29	n/a
10	30	0.037
10	32	n/a
10	33	n/a
10	34	n/a
10	36	0.181
10	38	0.143
10	39	n/a
10	40	n/a
10	41	n/a
10	43	0.02
10	47	0.072
10	53	n/a
10	55	n/a
10	57	0.116
10	58	0.18
10	59	n/a
10	61	n/a
10	64	0.149
10	69	n/a
10	73	0.076
10	77	0.182
11	13	n/a
11	14	n/a
11	17	n/a
11	18	n/a
11	19	n/a
11	23	n/a
11	25	n/a
11	26	n/a
11	27	n/a
11	29	n/a
11	31	n/a
11	32	n/a
11	34	n/a
11	36	n/a
11	37	n/a
11	38	n/a
11	39	n/a
11	41	n/a
11	42	n/a
11	44	n/a
11	49	n/a
11	51	n/a
11	60	n/a
11	62	n/a
11	67	n/a
11	74	n/a
11	75	n/a
11	76	n/a
11	80	n/a
12	13	n/a
12	14	n/a
12	15	n/a
12	20	n/a
12	24	n/a
12	28	n/a
12	29	n/a
12	32	n/a
12	34	n/a
12	36	n/a
12	38	n/a
12	40	n/a
12	41	n/a
12	42	n/a
12	47	n/a
12	53	n/a
12	54	n/a
12	58	n/a
12	59	n/a
12	61	n/a
12	64	n/a
12	69	n/a
12	73	n/a
12	77	n/a
13	14	n/a
13	18	n/a
13	22	n/a
13	24	n/a
13	25	n/a
13	26	n/a
13	27	n/a
13	29	n/a
13	31	n/a
13	32	n/a
13	34	n/a
13	36	n/a
13	37	n/a
13	38	n/a
13	39	n/a
13	40	n/a
13	41	n/a
13	42	n/a
13	43	n/a
13	44	n/a
13	45	n/a
13	46	n/a
13	48	n/a
13	49	n/a
13	51	n/a
13	60	n/a
13	62	n/a
13	67	n/a
13	71	n/a
13	74	n/a
13	75	n/a
13	76	n/a
13	80	n/a
13	83	n/a
14	15	n/a
14	17	n/a
14	18	n/a
14	19	n/a
14	20	n/a
14	21	n/a
14	23	n/a
14	24	n/a
14	26	n/a
14	27	n/a
14	28	n/a
14	29	n/a
14	30	n/a
14	32	n/a
14	33	n/a
14	34	n/a
14	36	n/a
14	38	n/a
14	39	n/a
14	40	n/a
14	41	n/a
14	42	n/a
14	73	n/a
14	77	n/a
15	20	0.146
15	21	n/a
15	22	0.202
15	23	n/a
15	24	0.201
15	27	0.2
15	28	0.197
15	29	n/a
15	30	0.156
15	32	n/a
15	34	n/a
15	35	n/a
15	36	0.048
15	37	n/a
15	38	0.125
15	40	n/a
15	41	n/a
15	43	0.063
15	47	0.107
15	58	0.168
15	59	n/a
15	61	n/a
15	69	n/a
15	73	0.113
15	77	0.181
15	84	n/a
16	17	n/a
16	21	n/a
16	22	0.037
16	23	n/a
16	24	0.251
16	27	0.023
16	28	0.019
16	30	0.159
16	34	n/a
16	36	0.147
16	37	n/a
16	38	0.144
16	39	n/a
16	40	n/a
16	43	0.118
16	45	0.113
16	46	0.142
16	52	0.061
16	65	0.268
16	70	0.205
16	71	0.144
16	72	n/a
16	73	0.249
16	76	0.033
16	77	0.21
16	79	0.21
17	18	n/a
17	19	n/a
17	21	n/a
17	22	n/a
17	23	n/a
17	24	n/a
17	26	n/a
17	27	n/a
17	28	n/a
17	29	n/a
17	30	n/a
17	33	n/a
17	34	n/a
17	36	n/a
17	37	n/a
17	38	n/a
17	39	n/a
17	43	n/a
17	44	n/a
17	51	n/a
17	52	n/a
17	66	n/a
17	72	n/a
17	75	n/a
17	76	n/a
18	19	n/a
18	21	n/a
18	23	n/a
18	25	n/a
18	26	n/a
18	27	n/a
18	29	n/a
18	30	n/a
18	31	n/a
18	34	n/a
18	36	n/a
18	37	n/a
18	39	n/a
18	42	n/a
18	44	n/a
18	62	n/a
18	67	n/a
18	74	n/a
18	75	n/a
18	76	n/a
18	80	n/a
19	21	n/a
19	23	n/a
19	25	n/a
19	26	n/a
19	27	n/a
19	29	n/a
19	30	n/a
19	31	n/a
19	33	n/a
19	34	n/a
19	36	n/a
19	37	n/a
19	38	n/a
19	39	n/a
19	44	n/a
19	51	n/a
19	52	n/a
19	68	n/a
19	74	n/a
19	75	n/a
19	76	n/a
19	80	n/a
20	24	0.066
20	28	0.121
20	29	n/a
20	32	n/a
20	34	n/a
20	36	0.17
20	38	0.163
20	40	n/a
20	41	n/a
20	47	0.079
20	53	n/a
20	58	0.3
20	59	n/a
20	61	n/a
20	64	0.121
20	69	n/a
20	73	0.136
20	77	0.155
21	22	n/a
21	23	n/a
21	24	n/a
21	26	n/a
21	27	n/a
21	28	n/a
21	29	n/a
21	30	n/a
21	33	n/a
21	34	n/a
21	35	n/a
21	36	n/a
21	37	n/a
21	38	n/a
21	39	n/a
21	40	n/a
21	41	n/a
21	43	n/a
21	45	n/a
21	65	n/a
21	70	n/a
21	71	n/a
21	72	n/a
21	73	n/a
21	76	n/a
21	77	n/a
21	78	n/a
21	79	n/a
21	82	n/a
22	23	n/a
22	24	0.129
22	25	n/a
22	26	n/a
22	27	0.059
22	28	0.067
22	29	n/a
22	30	0.018
22	31	n/a
22	34	n/a
22	36	0.011
22	37	n/a
22	38	0.019
22	39	n/a
22	40	n/a
22	42	n/a
22	43	0.128
22	44	n/a
22	45	0.087
22	46	0.115
22	51	n/a
22	52	0.123
22	58	0.051
22	62	n/a
22	65	0.224
22	70	0.018
22	71	0.168
22	72	n/a
22	73	0.168
22	75	n/a
22	76	0.015
22	77	0.115
22	79	0.053
22	80	n/a
23	24	n/a
23	26	n/a
23	27	n/a
23	28	n/a
23	29	n/a
23	30	n/a
23	33	n/a
23	34	n/a
23	35	n/a
23	36	n/a
23	37	n/a
23	38	n/a
23	39	n/a
23	40	n/a
23	41	n/a
23	43	n/a
23	44	n/a
23	45	n/a
23	46	n/a
23	51	n/a
23	52	n/a
23	65	n/a
23	66	n/a
23	70	n/a
23	71	n/a
23	72	n/a
23	73	n/a
23	76	n/a
23	77	n/a
23	79	n/a
23	84	n/a
24	25	n/a
24	26	n/a
24	27	0.097
24	28	0.043
24	29	n/a
24	30	0.009
24	31	n/a
24	32	n/a
24	33	n/a
24	34	n/a
24	36	0.04
24	37	n/a
24	38	0.077
24	39	n/a
24	40	n/a
24	42	n/a
24	43	0.013
24	45	0.031
24	46	0.129
24	47	0.111
24	48	n/a
24	50	n/a
24	51	n/a
24	52	0.138
24	53	n/a
24	55	n/a
24	56	n/a
24	57	0.171
24	58	0.114
24	59	n/a
24	61	n/a
24	62	n/a
24	63	n/a
24	64	0.201
24	65	0.194
24	69	n/a
24	70	0.064
24	71	0.043
24	72	n/a
24	73	0.162
24	76	0.023
24	77	0.167
24	78	0.166
24	79	0.208
24	80	n/a
24	82	n/a
24	83	0.188
25	26	n/a
25	27	n/a
25	31	n/a
25	34	n/a
25	36	n/a
25	37	n/a
25	38	n/a
25	42	n/a
25	43	n/a
25	44	n/a
25	45	n/a
25	49	n/a
25	51	n/a
25	60	n/a
25	62	n/a
25	67	n/a
25	74	n/a
25	75	n/a
25	76	n/a
25	80	n/a
26	27	n/a
26	28	n/a
26	29	n/a
26	30	n/a
26	31	n/a
26	33	n/a
26	34	n/a
26	36	n/a
26	37	n/a
26	38	n/a
26	39	n/a
26	42	n/a
26	43	n/a
26	44	n/a
26	45	n/a
26	46	n/a
26	49	n/a
26	51	n/a
26	52	n/a
26	60	n/a
26	62	n/a
26	66	n/a
26	67	n/a
26	68	n/a
26	71	n/a
26	74	n/a
26	75	n/a
26	76	n/a
26	80	n/a
26	83	n/a
27	28	0.011
27	29	n/a
27	30	0.078
27	31	n/a
27	33	n/a
27	34	n/a
27	35	n/a
27	36	0.089
27	37	n/a
27	38	0.157
27	39	n/a
27	40	n/a
27	41	n/a
27	42	n/a
27	43	0.057
27	44	n/a
27	45	0.007
27	46	0.147
27	47	0.1
27	49	n/a
27	51	n/a
27	52	0.121
27	58	0.069
27	60	n/a
27	62	n/a
27	65	0.086
27	66	n/a
27	67	n/a
27	68	n/a
27	70	0.119
27	71	0.048
27	72	n/a
27	73	0.062
27	74	n/a
27	75	n/a
27	76	0.028
27	77	0.035
27	80	n/a
27	83	0.06
27	84	n/a
28	29	n/a
28	30	0.041
28	32	n/a
28	33	n/a
28	34	n/a
28	35	n/a
28	36	0.073
28	37	n/a
28	38	0.169
28	39	n/a
28	40	n/a
28	41	n/a
28	43	0.03
28	45	0.051
28	46	0.137
28	47	0.046
28	48	n/a
28	50	n/a
28	53	n/a
28	55	n/a
28	56	n/a
28	57	0.191
28	58	0.071
28	59	n/a
28	61	n/a
28	63	n/a
28	64	0.153
28	65	0.112
28	69	n/a
28	70	0.04
28	71	0.052
28	72	n/a
28	73	0.105
28	76	0.11
28	77	0.155
28	78	0.149
28	79	0.195
28	82	n/a
28	83	0.149
29	30	n/a
29	32	n/a
29	33	n/a
29	34	n/a
29	36	n/a
29	38	n/a
29	39	n/a
29	40	n/a
29	41	n/a
29	43	n/a
29	58	n/a
29	73	n/a
29	77	n/a
30	33	n/a
30	34	n/a
30	36	0.112
30	37	n/a
30	38	0.062
30	39	n/a
30	40	n/a
30	41	n/a
30	43	0.105
30	45	0.067
30	58	0.085
30	65	0.215
30	70	0.117
30	71	0.015
30	73	0.214
30	77	0.214
30	78	0.162
30	79	0.21
31	34	n/a
31	36	n/a
31	37	n/a
31	38	n/a
31	42	n/a
31	43	n/a
31	44	n/a
31	45	n/a
31	49	n/a
31	51	n/a
31	60	n/a
31	62	n/a
31	67	n/a
31	68	n/a
31	71	n/a
31	74	n/a
31	75	n/a
31	76	n/a
31	80	n/a
32	34	n/a
32	36	n/a
32	38	n/a
32	39	n/a
32	40	n/a
32	41	n/a
32	42	n/a
33	34	n/a
33	36	n/a
33	38	n/a
33	43	n/a
33	73	n/a
33	77	n/a
34	36	n/a
34	37	n/a
34	38	n/a
34	39	n/a
34	40	n/a
34	41	n/a
34	42	n/a
34	43	n/a
34	49	n/a
34	51	n/a
34	58	n/a
34	62	n/a
34	73	n/a
34	75	n/a
34	76	n/a
34	77	n/a
34	80	n/a
35	36	n/a
35	37	n/a
35	38	n/a
35	39	n/a
35	40	n/a
35	41	n/a
35	42	n/a
35	43	n/a
35	44	n/a
35	46	n/a
35	47	n/a
35	48	n/a
35	54	n/a
35	64	n/a
35	72	n/a
35	84	n/a
36	37	n/a
36	38	0.058
36	39	n/a
36	40	n/a
36	41	n/a
36	42	n/a
36	43	0.051
36	44	n/a
36	45	0.004
36	46	0.063
36	47	0.039
36	48	n/a
36	51	n/a
36	52	0.059
36	56	n/a
36	58	0.034
36	64	0.24
36	65	0.033
36	66	n/a
36	68	n/a
36	70	0.097
36	71	0.005
36	72	n/a
36	73	0.062
36	74	n/a
36	75	n/a
36	76	0.087
36	77	0.031
36	78	0.031
36	79	0.029
36	80	n/a
36	82	n/a
36	83	0.037
36	84	n/a
37	38	n/a
37	39	n/a
37	40	n/a
37	41	n/a
37	42	n/a
37	43	n/a
37	44	n/a
37	45	n/a
37	46	n/a
37	49	n/a
37	51	n/a
37	52	n/a
37	60	n/a
37	62	n/a
37	65	n/a
37	67	n/a
37	68	n/a
37	71	n/a
37	72	n/a
37	74	n/a
37	75	n/a
37	76	n/a
37	80	n/a
37	84	n/a
38	39	n/a
38	40	n/a
38	41	n/a
38	42	n/a
38	43	0.046
38	44	n/a
38	45	0.103
38	46	0.08
38	48	n/a
38	49	n/a
38	51	n/a
38	52	0.107
38	56	n/a
38	58	0.042
38	62	n/a
38	65	0.053
38	66	n/a
38	67	n/a
38	68	n/a
38	71	0.097
38	72	n/a
38	73	0.002
38	74	n/a
38	75	n/a
38	76	0.05
38	80	n/a
38	84	n/a
39	40	n/a
39	41	n/a
39	42	n/a
39	43	n/a
39	44	n/a
39	45	n/a
39	46	n/a
39	48	n/a
39	51	n/a
39	52	n/a
39	65	n/a
39	71	n/a
39	72	n/a
39	73	n/a
39	75	n/a
39	76	n/a
39	77	n/a
39	84	n/a
40	41	n/a
40	42	n/a
40	43	n/a
40	45	n/a
40	48	n/a
40	53	n/a
40	56	n/a
40	58	n/a
40	59	n/a
40	61	n/a
40	64	n/a
40	69	n/a
40	73	n/a
40	76	n/a
40	77	n/a
40	78	n/a
40	84	n/a
41	42	n/a
41	43	n/a
41	45	n/a
41	46	n/a
41	47	n/a
41	48	n/a
41	49	n/a
41	73	n/a
41	77	n/a
41	83	n/a
41	84	n/a
42	44	n/a
42	45	n/a
42	46	n/a
42	48	n/a
42	49	n/a
42	51	n/a
42	60	n/a
42	62	n/a
42	74	n/a
42	75	n/a
42	76	n/a
42	80	n/a
43	44	n/a
43	45	0.117
43	46	0.14
43	47	0.073
43	48	n/a
43	49	n/a
43	50	n/a
43	51	n/a
43	52	0.112
43	53	n/a
43	54	n/a
43	55	n/a
43	56	n/a
43	57	0.197
43	58	0.052
43	59	n/a
43	60	n/a
43	61	n/a
43	62	n/a
43	63	n/a
43	64	0.113
43	65	0.182
43	66	n/a
43	67	n/a
43	68	n/a
43	69	n/a
43	70	0.183
43	71	0.133
43	72	n/a
43	73	0.059
43	74	n/a
43	75	n/a
43	76	0.071
43	77	0.097
43	78	0.032
43	79	0.011
43	80	n/a
43	81	n/a
43	82	n/a
43	83	0.129
43	84	n/a
44	45	n/a
44	46	n/a
44	47	n/a
44	48	n/a
44	49	n/a
44	51	n/a
44	52	n/a
44	56	n/a
44	60	n/a
44	62	n/a
44	63	n/a
44	64	n/a
44	65	n/a
44	66	n/a
44	67	n/a
44	68	n/a
44	70	n/a
44	71	n/a
44	72	n/a
44	73	n/a
44	74	n/a
44	76	n/a
44	77	n/a
44	79	n/a
44	80	n/a
44	83	n/a
44	84	n/a
45	46	0.06
45	47	0.006
45	48	n/a
45	49	n/a
45	51	n/a
45	52	0.04
45	53	n/a
45	55	n/a
45	56	n/a
45	57	0.122
45	58	0.089
45	59	n/a
45	60	n/a
45	61	n/a
45	62	n/a
45	63	n/a
45	64	0.239
45	65	0.189
45	66	n/a
45	67	n/a
45	68	n/a
45	69	n/a
45	70	0.08
45	71	0.089
45	72	n/a
45	73	0.063
45	74	n/a
45	75	n/a
45	76	0.097
45	77	0.128
45	78	0.067
45	79	0.014
45	80	n/a
45	81	n/a
45	82	n/a
45	83	0.091
45	84	n/a
46	47	0.1
46	48	n/a
46	49	n/a
46	51	n/a
46	52	0.088
46	55	n/a
46	56	n/a
46	57	0.204
46	58	0.173
46	59	n/a
46	60	n/a
46	63	n/a
46	64	0.194
46	65	0.192
46	66	n/a
46	67	n/a
46	68	n/a
46	70	0.084
46	71	0.168
46	72	n/a
46	73	0.015
46	75	n/a
46	76	0.29
46	77	0.071
46	78	0.062
46	79	0.044
46	80	n/a
46	81	n/a
46	83	0.06
46	84	n/a
47	48	n/a
47	49	n/a
47	51	n/a
47	52	0.216
47	53	n/a
47	54	n/a
47	55	n/a
47	56	n/a
47	57	0.094
47	58	0.139
47	59	n/a
47	61	n/a
47	63	n/a
47	64	0.074
47	65	0.128
47	69	n/a
47	70	0.026
47	71	0.116
47	72	n/a
47	73	0.044
47	75	n/a
47	76	0.102
47	77	0.091
47	78	0.11
47	79	0.031
47	81	n/a
47	83	0.029
47	84	n/a
48	49	n/a
48	53	n/a
48	54	n/a
48	55	n/a
48	56	n/a
48	57	n/a
48	58	n/a
48	59	n/a
48	60	n/a
48	61	n/a
48	62	n/a
48	63	n/a
48	64	n/a
48	69	n/a
48	70	n/a
48	72	n/a
48	73	n/a
48	75	n/a
48	76	n/a
48	77	n/a
48	78	n/a
48	79	n/a
48	81	n/a
48	83	n/a
48	84	n/a
49	51	n/a
49	57	n/a
49	58	n/a
49	60	n/a
49	62	n/a
49	63	n/a
49	67	n/a
49	71	n/a
49	73	n/a
49	74	n/a
49	75	n/a
49	76	n/a
49	80	n/a
49	83	n/a
49	84	n/a
50	52	n/a
50	55	n/a
50	56	n/a
50	57	n/a
50	58	n/a
50	59	n/a
50	63	n/a
50	66	n/a
50	68	n/a
50	70	n/a
50	72	n/a
50	73	n/a
50	75	n/a
50	76	n/a
50	77	n/a
50	78	n/a
50	79	n/a
50	82	n/a
50	83	n/a
51	52	n/a
51	58	n/a
51	60	n/a
51	62	n/a
51	64	n/a
51	65	n/a
51	66	n/a
51	67	n/a
51	68	n/a
51	71	n/a
51	72	n/a
51	73	n/a
51	74	n/a
51	75	n/a
51	76	n/a
51	77	n/a
51	80	n/a
51	83	n/a
52	55	n/a
52	56	n/a
52	57	0.112
52	59	n/a
52	63	n/a
52	66	n/a
52	67	n/a
52	68	n/a
52	70	0.028
52	71	0.069
52	72	n/a
52	75	n/a
52	76	0.147
52	77	0.022
52	78	0.132
52	79	0.097
52	83	0.125
53	54	n/a
53	55	n/a
53	56	n/a
53	57	n/a
53	58	n/a
53	59	n/a
53	61	n/a
53	63	n/a
53	64	n/a
53	69	n/a
53	73	n/a
53	77	n/a
53	78	n/a
53	83	n/a
54	55	n/a
54	56	n/a
54	57	n/a
54	58	n/a
54	59	n/a
54	61	n/a
54	64	n/a
54	69	n/a
54	71	n/a
54	73	n/a
54	76	n/a
54	77	n/a
54	78	n/a
54	81	n/a
54	83	n/a
54	84	n/a
55	56	n/a
55	57	n/a
55	58	n/a
55	59	n/a
55	61	n/a
55	63	n/a
55	64	n/a
55	69	n/a
55	72	n/a
55	73	n/a
55	77	n/a
55	78	n/a
55	81	n/a
55	83	n/a
56	57	n/a
56	58	n/a
56	59	n/a
56	60	n/a
56	61	n/a
56	63	n/a
56	64	n/a
56	66	n/a
56	67	n/a
56	68	n/a
56	69	n/a
56	70	n/a
56	72	n/a
56	73	n/a
56	75	n/a
56	76	n/a
56	77	n/a
56	78	n/a
56	79	n/a
56	81	n/a
56	82	n/a
56	83	n/a
57	58	0.225
57	59	n/a
57	60	n/a
57	61	n/a
57	63	n/a
57	64	0.102
57	66	n/a
57	67	n/a
57	68	n/a
57	69	n/a
57	70	0.008
57	72	n/a
57	73	0.204
57	75	n/a
57	76	0.084
57	77	0.23
57	78	0.045
57	79	0.084
57	81	n/a
57	83	0.039
58	59	n/a
58	61	n/a
58	62	n/a
58	63	n/a
58	64	0.123
58	69	n/a
58	71	0.094
58	73	0.046
58	74	n/a
58	75	n/a
58	76	0.05
58	77	0.023
58	78	0.077
58	79	0.084
58	82	n/a
58	83	0.046
59	60	n/a
59	61	n/a
59	63	n/a
59	64	n/a
59	69	n/a
59	73	n/a
59	77	n/a
59	78	n/a
59	81	n/a
59	82	n/a
59	83	n/a
60	61	n/a
60	62	n/a
60	63	n/a
60	66	n/a
60	67	n/a
60	68	n/a
60	70	n/a
60	72	n/a
60	74	n/a
60	75	n/a
60	76	n/a
60	78	n/a
60	79	n/a
60	80	n/a
60	81	n/a
60	83	n/a
61	63	n/a
61	64	n/a
61	69	n/a
61	73	n/a
61	77	n/a
61	78	n/a
61	81	n/a
61	83	n/a
62	67	n/a
62	71	n/a
62	73	n/a
62	74	n/a
62	75	n/a
62	76	n/a
62	78	n/a
62	80	n/a
62	81	n/a
62	83	n/a
63	64	n/a
63	66	n/a
63	67	n/a
63	68	n/a
63	69	n/a
63	70	n/a
63	72	n/a
63	73	n/a
63	75	n/a
63	76	n/a
63	77	n/a
63	78	n/a
63	79	n/a
63	80	n/a
63	81	n/a
63	82	n/a
63	83	n/a
64	69	n/a
64	70	0.248
64	71	0.154
64	72	n/a
64	73	0.196
64	76	0.245
64	77	0.198
64	78	0.236
64	79	0.172
64	81	n/a
64	83	0.142
64	84	n/a
65	70	0.1
65	71	0.057
65	72	n/a
65	73	0.156
65	76	0.093
65	77	0.145
65	79	0.204
65	82	n/a
65	83	0.189
65	84	n/a
66	67	n/a
66	68	n/a
66	70	n/a
66	71	n/a
66	72	n/a
66	73	n/a
66	75	n/a
66	76	n/a
66	77	n/a
66	78	n/a
66	79	n/a
66	82	n/a
66	83	n/a
67	68	n/a
67	70	n/a
67	72	n/a
67	74	n/a
67	75	n/a
67	76	n/a
67	77	n/a
67	78	n/a
67	79	n/a
67	80	n/a
67	83	n/a
68	70	n/a
68	72	n/a
68	74	n/a
68	75	n/a
68	76	n/a
68	77	n/a
68	78	n/a
68	79	n/a
68	80	n/a
68	82	n/a
68	83	n/a
69	73	n/a
69	77	n/a
69	78	n/a
69	83	n/a
70	71	0.064
70	72	n/a
70	73	0.19
70	75	n/a
70	76	0.185
70	77	0.091
70	78	0.006
70	79	0.132
70	82	n/a
70	83	0.142
70	84	n/a
71	72	n/a
71	73	0.061
71	74	n/a
71	75	n/a
71	76	0.011
71	77	0.017
71	78	0.062
71	79	0.001
71	80	n/a
71	83	0.202
72	73	n/a
72	75	n/a
72	76	n/a
72	77	n/a
72	78	n/a
72	79	n/a
72	82	n/a
72	83	n/a
72	84	n/a
73	74	n/a
73	75	n/a
73	76	0.027
73	77	0.081
73	78	0.126
73	79	0.04
73	80	n/a
73	82	n/a
73	83	0.196
74	75	n/a
74	76	n/a
74	83	n/a
75	76	n/a
75	77	n/a
75	78	n/a
75	79	n/a
75	80	n/a
75	82	n/a
75	83	n/a
76	77	0.034
76	78	0.015
76	79	0.107
76	80	n/a
76	82	n/a
76	83	0.124
76	84	n/a
77	78	0.239
77	79	0.07
77	81	n/a
77	82	n/a
77	83	0.216
77	84	n/a
78	79	0.097
78	80	n/a
78	82	n/a
78	83	0.009
79	82	n/a
79	83	0.073
80	83	n/a
81	83	n/a
82	83	n/a
#subnet edge score	34.967000000000006