1	7	n/a
1	8	n/a
1	14	n/a
1	17	n/a
1	23	n/a
1	28	n/a
1	29	n/a
1	30	n/a
2	9	n/a
2	13	n/a
2	17	n/a
2	22	n/a
2	24	n/a
2	25	n/a
2	26	n/a
2	27	n/a
2	31	n/a
2	36	n/a
2	37	n/a
2	38	n/a
2	42	n/a
2	51	n/a
2	62	n/a
2	75	n/a
2	76	n/a
2	80	n/a
3	7	n/a
3	8	n/a
3	14	n/a
3	17	n/a
3	19	n/a
3	21	n/a
3	23	n/a
3	26	n/a
3	27	n/a
3	28	n/a
3	30	n/a
3	34	n/a
3	36	n/a
3	37	n/a
3	38	n/a
3	39	n/a
3	51	n/a
3	52	n/a
3	76	n/a
4	9	n/a
4	10	n/a
4	12	n/a
4	15	n/a
4	20	n/a
4	24	n/a
4	28	n/a
4	77	n/a
5	6	n/a
5	9	n/a
5	12	n/a
5	15	n/a
5	24	n/a
5	32	n/a
5	34	n/a
5	36	n/a
5	40	n/a
5	41	n/a
6	7	n/a
6	8	n/a
6	9	n/a
6	10	n/a
6	12	n/a
6	14	n/a
6	15	n/a
6	20	n/a
6	28	n/a
6	32	n/a
6	36	n/a
6	40	n/a
6	41	n/a
7	8	n/a
7	9	n/a
7	10	n/a
7	14	n/a
7	15	n/a
7	17	n/a
7	21	n/a
7	23	n/a
7	24	n/a
7	28	n/a
7	29	n/a
7	30	n/a
7	33	n/a
7	34	n/a
7	36	n/a
7	38	n/a
7	39	n/a
7	40	n/a
7	41	n/a
8	10	n/a
8	12	n/a
8	14	n/a
8	15	n/a
8	17	n/a
8	23	n/a
8	26	n/a
8	28	n/a
8	29	n/a
8	30	n/a
8	32	n/a
8	34	n/a
8	36	n/a
8	40	n/a
8	41	n/a
9	10	n/a
9	12	n/a
9	15	n/a
9	20	n/a
9	22	n/a
9	24	n/a
9	25	n/a
9	27	n/a
9	28	n/a
9	29	n/a
9	36	n/a
9	38	n/a
9	40	n/a
9	42	n/a
9	58	n/a
9	73	n/a
9	77	n/a
10	12	n/a
10	14	n/a
10	15	n/a
10	20	n/a
10	24	n/a
10	28	n/a
10	29	n/a
10	34	n/a
10	36	n/a
10	38	n/a
10	40	n/a
10	41	n/a
10	58	n/a
11	13	n/a
11	17	n/a
11	18	n/a
11	19	n/a
11	25	n/a
11	26	n/a
11	27	n/a
11	31	n/a
11	34	n/a
11	37	n/a
11	38	n/a
11	42	n/a
11	49	n/a
11	62	n/a
11	74	n/a
11	76	n/a
11	80	n/a
12	14	n/a
12	15	n/a
12	20	n/a
12	24	n/a
12	28	n/a
12	29	n/a
12	32	n/a
12	34	n/a
12	36	n/a
12	40	n/a
12	41	n/a
13	22	n/a
13	25	n/a
13	26	n/a
13	27	n/a
13	31	n/a
13	32	n/a
13	34	n/a
13	36	n/a
13	37	n/a
13	38	n/a
13	41	n/a
13	42	n/a
13	44	n/a
13	49	n/a
13	60	n/a
13	62	n/a
13	74	n/a
13	75	n/a
13	76	n/a
13	80	n/a
14	17	n/a
14	23	n/a
14	26	n/a
14	28	n/a
14	29	n/a
14	30	n/a
14	32	n/a
14	34	n/a
14	36	n/a
14	40	n/a
14	41	n/a
15	20	n/a
15	22	n/a
15	24	n/a
15	27	n/a
15	28	n/a
15	32	n/a
15	36	n/a
15	40	n/a
16	21	n/a
16	22	n/a
16	23	n/a
16	24	0.251
16	27	n/a
16	28	n/a
16	36	n/a
16	37	n/a
16	38	n/a
16	39	n/a
16	65	0.268
16	70	0.205
16	71	0.144
16	72	0.15
16	73	0.249
16	76	0.033
17	18	n/a
17	19	n/a
17	21	n/a
17	23	n/a
17	26	n/a
17	27	n/a
17	29	n/a
17	30	n/a
17	33	n/a
17	34	n/a
17	36	n/a
17	37	n/a
17	38	n/a
17	39	n/a
17	76	n/a
18	19	n/a
18	26	n/a
18	27	n/a
18	31	n/a
18	34	n/a
18	36	n/a
18	37	n/a
18	75	n/a
18	76	n/a
18	80	n/a
19	23	n/a
19	26	n/a
19	27	n/a
19	34	n/a
19	36	n/a
19	37	n/a
19	38	n/a
19	39	n/a
19	75	n/a
19	76	n/a
20	24	n/a
20	28	n/a
20	36	n/a
20	40	n/a
20	77	n/a
21	22	n/a
21	23	n/a
21	27	n/a
21	28	n/a
21	29	n/a
21	30	n/a
21	33	n/a
21	34	n/a
21	36	n/a
21	37	n/a
21	38	n/a
21	39	n/a
21	40	n/a
21	65	n/a
21	71	n/a
22	23	n/a
22	24	n/a
22	25	n/a
22	27	n/a
22	28	n/a
22	36	n/a
22	38	n/a
22	42	n/a
22	65	n/a
22	71	n/a
22	72	n/a
22	73	n/a
22	76	n/a
23	24	n/a
23	26	n/a
23	27	n/a
23	28	n/a
23	29	n/a
23	30	n/a
23	33	n/a
23	34	n/a
23	36	n/a
23	37	n/a
23	38	n/a
23	39	n/a
23	40	n/a
23	46	n/a
23	65	n/a
23	71	n/a
23	72	n/a
23	76	n/a
24	25	n/a
24	27	n/a
24	28	n/a
24	29	n/a
24	33	n/a
24	34	n/a
24	36	n/a
24	38	n/a
24	39	n/a
24	40	n/a
24	43	0.013
24	45	0.031
24	47	0.111
24	58	0.114
24	65	0.194
24	71	0.043
24	73	0.162
24	77	0.167
24	78	0.166
25	26	n/a
25	27	n/a
25	31	n/a
25	37	n/a
25	38	n/a
25	42	n/a
25	49	n/a
25	62	n/a
25	74	n/a
25	75	n/a
25	76	n/a
25	80	n/a
26	27	n/a
26	31	n/a
26	34	n/a
26	36	n/a
26	37	n/a
26	38	n/a
26	39	n/a
26	42	n/a
26	44	n/a
26	45	n/a
26	51	n/a
26	62	n/a
26	66	n/a
26	67	n/a
26	68	n/a
26	74	n/a
26	75	n/a
26	76	n/a
26	80	n/a
27	28	n/a
27	31	n/a
27	34	n/a
27	36	n/a
27	37	n/a
27	38	n/a
27	39	n/a
27	40	n/a
27	42	n/a
27	43	n/a
27	44	n/a
27	45	n/a
27	46	n/a
27	51	n/a
27	52	n/a
27	62	n/a
27	65	n/a
27	66	n/a
27	67	n/a
27	68	n/a
27	71	n/a
27	72	n/a
27	74	n/a
27	75	n/a
27	76	n/a
27	80	n/a
28	29	n/a
28	30	n/a
28	33	n/a
28	34	n/a
28	36	n/a
28	38	n/a
28	39	n/a
28	40	n/a
28	41	n/a
28	43	n/a
28	47	n/a
28	58	n/a
28	71	n/a
28	73	n/a
28	77	n/a
29	30	n/a
29	32	n/a
29	33	n/a
29	34	n/a
29	36	n/a
29	38	n/a
29	40	n/a
29	41	n/a
30	33	n/a
30	34	n/a
30	36	n/a
30	38	n/a
30	39	n/a
31	34	n/a
31	37	n/a
31	38	n/a
31	42	n/a
31	44	n/a
31	51	n/a
31	60	n/a
31	62	n/a
31	67	n/a
31	74	n/a
31	75	n/a
31	76	n/a
31	80	n/a
32	34	n/a
32	36	n/a
32	40	n/a
32	41	n/a
33	34	n/a
33	38	n/a
34	36	n/a
34	37	n/a
34	38	n/a
34	40	n/a
34	41	n/a
34	42	n/a
35	36	n/a
35	37	n/a
35	39	n/a
35	41	n/a
35	43	n/a
35	46	n/a
35	84	n/a
36	37	n/a
36	38	n/a
36	39	n/a
36	40	n/a
36	41	n/a
36	42	n/a
36	43	n/a
36	73	n/a
36	76	n/a
36	77	n/a
36	84	n/a
37	38	n/a
37	39	n/a
37	40	n/a
37	42	n/a
37	49	n/a
37	62	n/a
37	75	n/a
37	76	n/a
37	80	n/a
38	39	n/a
38	40	n/a
38	41	n/a
38	42	n/a
38	76	n/a
39	40	n/a
39	41	n/a
39	72	n/a
39	76	n/a
39	84	n/a
40	41	n/a
40	73	n/a
40	77	n/a
42	44	n/a
42	45	n/a
42	49	n/a
42	60	n/a
42	62	n/a
42	74	n/a
43	44	n/a
43	45	0.117
43	46	0.14
43	47	0.073
43	48	0.113
43	49	n/a
43	51	n/a
43	52	0.112
43	54	0.045
43	55	0.178
43	56	0.015
43	57	0.197
43	58	0.052
43	59	0.127
43	61	0.068
43	63	0.121
43	64	0.113
43	65	0.182
43	66	0.141
43	67	n/a
43	68	n/a
43	70	0.183
43	71	0.133
43	72	0.122
43	73	0.059
43	75	0.111
43	76	0.071
43	77	0.097
43	78	0.032
43	79	0.011
43	80	n/a
43	81	n/a
43	83	0.129
43	84	n/a
44	45	n/a
44	46	n/a
44	47	n/a
44	49	n/a
44	51	n/a
44	52	n/a
44	60	n/a
44	62	n/a
44	65	n/a
44	66	n/a
44	67	n/a
44	68	n/a
44	70	n/a
44	72	n/a
44	74	n/a
44	76	n/a
44	80	n/a
44	84	n/a
45	46	0.06
45	47	0.006
45	48	0.095
45	49	n/a
45	51	n/a
45	52	0.04
45	56	0.1
45	57	0.122
45	58	0.089
45	59	0.059
45	60	n/a
45	62	n/a
45	63	0.099
45	65	0.189
45	66	0.107
45	67	n/a
45	68	n/a
45	70	0.08
45	71	0.089
45	72	0.059
45	73	0.063
45	74	n/a
45	75	0.052
45	76	0.097
45	77	0.128
45	78	0.067
45	79	0.014
45	80	n/a
45	81	n/a
45	82	n/a
45	83	0.091
46	47	0.1
46	48	0.079
46	52	0.088
46	56	0.012
46	65	0.192
46	66	0.029
46	67	n/a
46	68	n/a
46	70	0.084
46	72	0.099
46	73	0.015
46	75	0.218
46	76	0.29
46	77	0.071
46	79	0.044
46	83	0.06
46	84	n/a
47	48	0.088
47	53	n/a
47	54	0.117
47	55	0.008
47	56	0.042
47	57	0.094
47	58	0.139
47	59	0.024
47	61	0.03
47	63	0.113
47	64	0.074
47	69	0.073
47	70	0.026
47	72	0.107
47	73	0.044
47	76	0.102
47	77	0.091
47	78	0.11
47	81	n/a
47	83	0.029
48	54	0.09
48	55	0.05
48	56	0.042
48	57	0.03
48	59	0.006
48	60	n/a
48	61	0.028
48	63	0.091
48	64	0.057
48	77	0.076
48	78	0.121
48	81	n/a
48	83	0.082
48	84	n/a
49	51	n/a
49	58	n/a
49	60	n/a
49	62	n/a
49	71	n/a
49	74	n/a
49	75	n/a
49	76	n/a
49	80	n/a
49	83	n/a
50	56	n/a
50	57	n/a
50	63	n/a
50	75	n/a
50	77	n/a
50	78	n/a
50	79	n/a
50	83	n/a
51	58	n/a
51	62	n/a
51	66	n/a
51	71	n/a
51	73	n/a
51	74	n/a
51	75	n/a
51	76	n/a
51	80	n/a
52	56	0.014
52	57	0.112
52	63	0.058
52	66	0.134
52	68	n/a
52	70	0.028
52	72	0.015
52	75	0.068
52	76	0.147
52	77	0.022
52	79	0.097
52	83	0.125
53	58	n/a
53	59	n/a
53	61	n/a
53	64	n/a
53	69	n/a
53	73	n/a
53	77	n/a
54	55	0.113
54	58	0.08
54	61	0.042
54	64	0.191
54	73	0.024
54	77	0.14
54	81	n/a
54	83	0.175
55	56	0.069
55	57	0.028
55	58	0.098
55	59	0.054
55	61	0.049
55	63	0.059
55	64	0.193
55	69	0.216
55	77	0.058
55	81	n/a
56	57	0.157
56	58	0.076
56	59	0.091
56	63	0.084
56	64	0.186
56	66	0.048
56	68	n/a
56	70	0.012
56	72	0.023
56	73	0.125
56	75	0.077
56	77	0.101
56	78	0.002
56	79	0.027
56	82	n/a
56	83	0.166
57	59	0.116
57	61	0.209
57	63	0.079
57	64	0.102
57	66	0.106
57	72	0.025
57	75	0.01
57	77	0.23
57	78	0.045
57	79	0.084
57	81	n/a
57	83	0.039
58	59	0.016
58	61	0.077
58	64	0.123
58	69	0.129
58	71	0.094
58	73	0.046
58	74	n/a
58	76	0.05
58	77	0.023
58	78	0.077
59	61	0.065
59	63	0.057
59	64	0.072
59	69	0.069
59	73	0.014
59	77	0.109
59	78	0.079
59	83	0.168
60	62	n/a
60	66	n/a
60	67	n/a
60	68	n/a
60	74	n/a
60	75	n/a
60	76	n/a
60	78	n/a
60	80	n/a
60	81	n/a
60	83	n/a
61	63	0.049
61	64	0.03
61	69	0.017
61	73	0.034
61	77	0.099
61	78	0.029
61	83	0.145
62	74	n/a
62	75	n/a
62	76	n/a
62	80	n/a
62	83	n/a
63	66	0.019
63	68	n/a
63	72	0.021
63	75	0.084
63	77	0.179
63	78	0.011
63	79	0.12
63	81	n/a
63	83	0.029
64	69	0.107
64	71	0.154
64	73	0.196
64	76	0.245
64	77	0.198
65	70	0.1
65	71	0.057
65	72	0.022
65	73	0.156
65	76	0.093
65	77	0.145
66	67	n/a
66	68	n/a
66	70	0.007
66	72	0.057
66	75	0.007
66	76	0.101
66	77	0.105
66	79	0.026
66	83	0.058
67	68	n/a
67	72	n/a
67	75	n/a
67	76	n/a
67	79	n/a
67	80	n/a
67	83	n/a
68	72	n/a
68	75	n/a
68	76	n/a
68	79	n/a
68	83	n/a
69	73	0.126
69	77	0.171
70	71	0.064
70	72	0.013
70	76	0.185
70	77	0.091
70	78	0.006
70	79	0.132
70	82	n/a
70	83	0.142
71	72	0.029
71	73	0.061
71	74	n/a
71	76	0.011
71	77	0.017
72	75	0.057
72	76	0.032
72	77	0.011
72	79	0.103
72	83	0.172
73	74	n/a
73	76	0.027
73	77	0.081
73	78	0.126
73	79	0.04
73	82	n/a
73	83	0.196
74	75	n/a
74	76	n/a
75	76	0.144
75	79	0.136
75	80	n/a
75	83	0.079
76	77	0.034
76	80	n/a
76	83	0.124
77	78	0.239
77	79	0.07
77	82	n/a
77	83	0.216
78	79	0.097
78	82	n/a
78	83	0.009
79	82	n/a
79	83	0.073
80	83	n/a
81	83	n/a
82	83	n/a
#subnet edge score	21.824999999999996