1	7	n/a
1	8	n/a
1	10	n/a
1	14	n/a
1	17	n/a
1	21	n/a
1	23	n/a
1	29	n/a
1	30	n/a
1	34	n/a
2	9	n/a
2	13	n/a
2	17	n/a
2	22	n/a
2	24	n/a
2	25	n/a
2	26	n/a
2	27	n/a
2	36	n/a
2	37	n/a
2	38	n/a
2	44	n/a
2	51	n/a
2	52	n/a
2	62	n/a
2	74	n/a
2	75	n/a
2	76	n/a
3	6	0.071
3	7	0.041
3	8	0.08
3	14	0.001
3	17	n/a
3	19	n/a
3	21	n/a
3	23	0.089
3	24	0.151
3	26	n/a
3	27	0.046
3	28	0.089
3	29	0.009
3	30	n/a
3	34	0.17
3	36	0.248
3	37	n/a
3	38	0.156
3	39	n/a
3	40	0.242
3	43	n/a
3	44	n/a
3	45	n/a
3	51	n/a
3	52	n/a
3	65	0.085
3	66	n/a
3	72	n/a
3	73	0.038
3	75	n/a
3	76	n/a
3	77	0.058
4	6	0.064
4	7	0.063
4	8	0.058
4	9	0.079
4	10	0.161
4	12	0.111
4	14	0.138
4	15	0.133
4	20	0.209
4	24	0.225
4	28	0.016
4	34	0.066
4	36	0.157
4	38	0.074
4	40	0.013
4	47	n/a
4	53	n/a
4	58	0.26
4	61	n/a
4	73	0.069
4	77	0.127
5	6	n/a
5	15	n/a
5	32	n/a
5	34	n/a
5	40	n/a
5	41	n/a
6	7	0.007
6	8	0.032
6	9	0.051
6	10	0.16
6	12	0.146
6	14	0.132
6	15	0.027
6	20	0.077
6	23	0.065
6	24	0.129
6	28	0.031
6	29	0.141
6	30	n/a
6	34	0.13
6	36	0.108
6	38	0.055
6	40	0.063
6	41	n/a
6	73	0.105
6	77	0.135
7	8	0.081
7	9	0.076
7	10	0.067
7	12	0.016
7	14	0.107
7	15	0.071
7	17	n/a
7	20	0.067
7	21	n/a
7	23	0.143
7	24	0.059
7	26	n/a
7	27	0.068
7	28	0.061
7	29	0.038
7	30	n/a
7	33	n/a
7	34	0.038
7	35	n/a
7	36	0.031
7	38	0.027
7	39	n/a
7	40	0.109
7	43	n/a
7	58	0.07
7	59	n/a
7	73	0.043
7	76	n/a
7	77	0.117
8	10	0.093
8	12	0.214
8	14	0.225
8	15	0.137
8	17	n/a
8	19	n/a
8	20	0.172
8	21	n/a
8	23	0.087
8	24	0.168
8	26	n/a
8	27	0.135
8	28	0.095
8	29	0.082
8	30	n/a
8	34	0.024
8	36	0.197
8	38	0.135
8	40	0.02
8	41	n/a
8	73	0.174
8	77	0.235
9	10	0.155
9	12	0.044
9	14	0.069
9	15	0.151
9	20	0.157
9	22	n/a
9	24	0.006
9	25	n/a
9	26	n/a
9	27	0.086
9	28	0.003
9	29	0.099
9	34	0.09
9	36	0.097
9	37	n/a
9	38	0.062
9	40	0.012
9	43	n/a
9	45	n/a
9	47	n/a
9	53	n/a
9	56	n/a
9	58	0.058
9	59	n/a
9	61	n/a
9	69	n/a
9	73	0.122
9	76	n/a
9	77	0.129
9	78	n/a
10	12	0.105
10	14	0.056
10	15	0.152
10	20	0.149
10	24	0.045
10	28	0.015
10	29	0.02
10	30	n/a
10	34	0.033
10	35	n/a
10	36	0.181
10	38	0.143
10	40	0.015
10	41	n/a
10	43	n/a
10	53	n/a
10	56	n/a
10	58	0.18
10	73	0.076
10	77	0.182
11	13	n/a
11	17	n/a
11	18	n/a
11	19	n/a
11	25	n/a
11	26	n/a
11	27	n/a
11	34	n/a
11	36	n/a
11	37	n/a
11	38	n/a
11	62	n/a
11	75	n/a
11	76	n/a
12	14	0.11
12	15	0.03
12	20	0.177
12	24	0.132
12	28	0.098
12	29	0.084
12	34	0.089
12	36	0.217
12	38	0.18
12	40	0.014
12	41	n/a
12	53	n/a
12	59	n/a
12	73	0.09
12	77	0.093
13	22	n/a
13	25	n/a
13	26	n/a
13	27	n/a
13	31	n/a
13	34	n/a
13	37	n/a
13	38	n/a
13	44	n/a
13	62	n/a
13	74	n/a
13	75	n/a
13	76	n/a
14	17	n/a
14	19	n/a
14	20	0.137
14	21	n/a
14	23	0.028
14	24	0.06
14	26	n/a
14	27	0.052
14	28	0.004
14	29	0.005
14	30	n/a
14	34	0.091
14	36	0.143
14	38	0.061
14	40	0.067
14	41	n/a
14	43	n/a
14	73	0.138
14	77	0.208
15	20	0.146
15	22	n/a
15	24	0.201
15	27	0.2
15	28	0.197
15	36	0.048
15	40	0.071
15	73	0.113
15	77	0.181
16	17	n/a
16	21	n/a
16	22	n/a
16	23	0.037
16	24	0.251
16	27	0.023
16	28	0.019
16	34	0.07
16	36	0.147
16	37	n/a
16	38	0.144
16	39	n/a
16	40	0.112
16	45	n/a
16	52	n/a
16	65	0.268
16	70	n/a
16	71	n/a
16	72	n/a
16	73	0.249
16	76	n/a
16	77	0.21
17	18	n/a
17	19	n/a
17	21	n/a
17	23	n/a
17	24	n/a
17	26	n/a
17	27	n/a
17	28	n/a
17	29	n/a
17	30	n/a
17	33	n/a
17	34	n/a
17	36	n/a
17	37	n/a
17	38	n/a
17	39	n/a
17	51	n/a
17	52	n/a
17	72	n/a
17	75	n/a
17	76	n/a
18	19	n/a
18	23	n/a
18	26	n/a
18	27	n/a
18	34	n/a
18	36	n/a
18	37	n/a
18	75	n/a
18	76	n/a
19	23	n/a
19	26	n/a
19	27	n/a
19	29	n/a
19	30	n/a
19	34	n/a
19	36	n/a
19	37	n/a
19	38	n/a
19	39	n/a
19	51	n/a
19	75	n/a
19	76	n/a
20	24	0.066
20	28	0.121
20	29	0.118
20	34	0.076
20	36	0.17
20	38	0.163
20	40	0.158
20	53	n/a
20	58	0.3
20	61	n/a
20	73	0.136
20	77	0.155
21	22	n/a
21	23	n/a
21	24	n/a
21	26	n/a
21	27	n/a
21	28	n/a
21	29	n/a
21	30	n/a
21	33	n/a
21	34	n/a
21	35	n/a
21	36	n/a
21	37	n/a
21	38	n/a
21	39	n/a
21	40	n/a
21	43	n/a
21	45	n/a
21	65	n/a
21	70	n/a
21	71	n/a
21	72	n/a
21	73	n/a
21	76	n/a
21	77	n/a
21	78	n/a
21	79	n/a
21	84	n/a
22	23	n/a
22	24	n/a
22	25	n/a
22	27	n/a
22	28	n/a
22	36	n/a
22	37	n/a
22	38	n/a
22	43	n/a
22	52	n/a
22	65	n/a
22	70	n/a
22	71	n/a
22	72	n/a
22	73	n/a
22	75	n/a
22	76	n/a
22	77	n/a
23	24	0.031
23	26	n/a
23	27	0.066
23	28	0.026
23	29	0.067
23	30	n/a
23	33	n/a
23	34	0.047
23	35	n/a
23	36	0.081
23	37	n/a
23	38	0.037
23	39	n/a
23	40	0.091
23	43	n/a
23	45	n/a
23	46	n/a
23	52	n/a
23	65	0.121
23	70	n/a
23	71	n/a
23	72	n/a
23	73	0.037
23	76	n/a
23	77	0.022
23	79	n/a
23	84	n/a
24	25	n/a
24	26	n/a
24	27	0.097
24	28	0.043
24	29	0.087
24	30	n/a
24	33	n/a
24	34	0.04
24	36	0.04
24	37	n/a
24	38	0.077
24	39	n/a
24	40	0.026
24	43	n/a
24	45	n/a
24	47	n/a
24	51	n/a
24	52	n/a
24	53	n/a
24	55	n/a
24	56	n/a
24	58	0.114
24	59	n/a
24	61	n/a
24	63	n/a
24	65	0.194
24	70	n/a
24	71	n/a
24	72	n/a
24	73	0.162
24	76	n/a
24	77	0.167
24	78	n/a
24	79	n/a
24	83	n/a
25	26	n/a
25	27	n/a
25	31	n/a
25	37	n/a
25	38	n/a
25	45	n/a
25	51	n/a
25	62	n/a
25	74	n/a
25	75	n/a
25	76	n/a
26	27	n/a
26	28	n/a
26	29	n/a
26	30	n/a
26	31	n/a
26	34	n/a
26	36	n/a
26	37	n/a
26	38	n/a
26	39	n/a
26	43	n/a
26	44	n/a
26	45	n/a
26	46	n/a
26	51	n/a
26	52	n/a
26	60	n/a
26	62	n/a
26	66	n/a
26	67	n/a
26	68	n/a
26	72	n/a
26	73	n/a
26	74	n/a
26	75	n/a
26	76	n/a
26	80	n/a
26	83	n/a
26	84	n/a
27	28	0.011
27	29	0.035
27	30	n/a
27	31	n/a
27	34	0.02
27	35	n/a
27	36	0.089
27	37	n/a
27	38	0.157
27	39	n/a
27	40	0.104
27	43	n/a
27	44	n/a
27	45	n/a
27	46	n/a
27	51	n/a
27	52	n/a
27	56	n/a
27	58	0.069
27	60	n/a
27	62	n/a
27	65	0.086
27	66	n/a
27	67	n/a
27	68	n/a
27	70	n/a
27	71	n/a
27	72	n/a
27	73	0.062
27	74	n/a
27	75	n/a
27	76	n/a
27	77	0.035
27	79	n/a
27	80	n/a
27	83	n/a
27	84	n/a
28	29	0.027
28	30	n/a
28	33	n/a
28	34	0.018
28	35	n/a
28	36	0.073
28	37	n/a
28	38	0.169
28	39	n/a
28	40	0.05
28	41	n/a
28	43	n/a
28	45	n/a
28	47	n/a
28	52	n/a
28	53	n/a
28	55	n/a
28	56	n/a
28	57	n/a
28	58	0.071
28	59	n/a
28	61	n/a
28	63	n/a
28	65	0.112
28	69	n/a
28	70	n/a
28	71	n/a
28	72	n/a
28	73	0.105
28	76	n/a
28	77	0.155
28	78	n/a
28	79	n/a
28	83	n/a
28	84	n/a
29	30	n/a
29	32	n/a
29	33	n/a
29	34	0.134
29	36	0.014
29	37	n/a
29	38	0.02
29	40	0.136
29	43	n/a
29	73	0.013
29	77	0.13
30	33	n/a
30	34	n/a
30	36	n/a
30	38	n/a
30	39	n/a
30	40	n/a
30	76	n/a
31	37	n/a
31	38	n/a
31	62	n/a
31	75	n/a
31	76	n/a
31	80	n/a
32	34	n/a
32	36	n/a
32	41	n/a
33	34	n/a
33	38	n/a
34	36	0.063
34	37	n/a
34	38	0.08
34	39	n/a
34	40	0.039
34	41	n/a
34	73	0.019
34	75	n/a
34	76	n/a
34	77	0.052
35	36	n/a
35	37	n/a
35	38	n/a
35	39	n/a
35	41	n/a
35	43	n/a
35	44	n/a
35	46	n/a
35	72	n/a
35	77	n/a
35	84	n/a
36	37	n/a
36	38	0.058
36	39	n/a
36	40	0.058
36	41	n/a
36	43	n/a
36	45	n/a
36	46	n/a
36	47	n/a
36	51	n/a
36	52	n/a
36	56	n/a
36	58	0.034
36	65	0.033
36	70	n/a
36	71	n/a
36	72	n/a
36	73	0.062
36	75	n/a
36	76	n/a
36	77	0.031
36	83	n/a
36	84	n/a
37	38	n/a
37	39	n/a
37	40	n/a
37	43	n/a
37	44	n/a
37	45	n/a
37	51	n/a
37	52	n/a
37	62	n/a
37	74	n/a
37	75	n/a
37	76	n/a
37	80	n/a
37	84	n/a
38	39	n/a
38	40	0.018
38	41	n/a
38	43	n/a
38	44	n/a
38	45	n/a
38	46	n/a
38	51	n/a
38	52	n/a
38	56	n/a
38	62	n/a
38	65	0.053
38	71	n/a
38	72	n/a
38	73	0.002
38	75	n/a
38	76	n/a
38	83	n/a
38	84	n/a
39	40	n/a
39	43	n/a
39	72	n/a
39	75	n/a
39	76	n/a
39	84	n/a
40	41	n/a
40	43	n/a
40	58	0.024
40	59	n/a
40	61	n/a
40	73	0.024
40	77	0.026
43	44	n/a
43	45	n/a
43	46	n/a
43	47	n/a
43	48	n/a
43	51	n/a
43	52	n/a
43	53	n/a
43	55	n/a
43	56	n/a
43	57	n/a
43	58	n/a
43	59	n/a
43	61	n/a
43	63	n/a
43	64	n/a
43	65	n/a
43	66	n/a
43	67	n/a
43	68	n/a
43	69	n/a
43	70	n/a
43	71	n/a
43	72	n/a
43	73	n/a
43	75	n/a
43	76	n/a
43	77	n/a
43	78	n/a
43	79	n/a
43	83	n/a
43	84	n/a
44	45	n/a
44	46	n/a
44	47	n/a
44	49	n/a
44	51	n/a
44	52	n/a
44	56	n/a
44	60	n/a
44	62	n/a
44	65	n/a
44	66	n/a
44	67	n/a
44	68	n/a
44	70	n/a
44	71	n/a
44	72	n/a
44	73	n/a
44	76	n/a
44	77	n/a
44	80	n/a
44	83	n/a
44	84	n/a
45	46	n/a
45	47	n/a
45	48	n/a
45	49	n/a
45	51	n/a
45	52	n/a
45	53	n/a
45	55	n/a
45	56	n/a
45	57	n/a
45	58	n/a
45	59	n/a
45	60	n/a
45	61	n/a
45	62	n/a
45	63	n/a
45	65	n/a
45	66	n/a
45	67	n/a
45	68	n/a
45	69	n/a
45	70	n/a
45	71	n/a
45	72	n/a
45	73	n/a
45	74	n/a
45	75	n/a
45	76	n/a
45	77	n/a
45	78	n/a
45	79	n/a
45	80	n/a
45	82	n/a
45	83	n/a
45	84	n/a
46	47	n/a
46	48	n/a
46	52	n/a
46	56	n/a
46	63	n/a
46	65	n/a
46	66	n/a
46	67	n/a
46	68	n/a
46	70	n/a
46	72	n/a
46	73	n/a
46	75	n/a
46	76	n/a
46	77	n/a
46	79	n/a
46	83	n/a
46	84	n/a
47	48	n/a
47	52	n/a
47	53	n/a
47	54	n/a
47	55	n/a
47	56	n/a
47	57	n/a
47	58	n/a
47	59	n/a
47	61	n/a
47	63	n/a
47	64	n/a
47	69	n/a
47	71	n/a
47	72	n/a
47	73	n/a
47	76	n/a
47	77	n/a
47	78	n/a
47	79	n/a
47	81	n/a
47	83	n/a
47	84	n/a
48	54	n/a
48	55	n/a
48	57	n/a
48	59	n/a
48	61	n/a
48	63	n/a
48	73	n/a
48	77	n/a
48	78	n/a
48	81	n/a
48	83	n/a
49	60	n/a
50	56	n/a
50	57	n/a
50	59	n/a
50	63	n/a
50	77	n/a
50	78	n/a
50	79	n/a
50	83	n/a
51	58	n/a
51	62	n/a
51	71	n/a
51	73	n/a
51	74	n/a
51	75	n/a
51	76	n/a
52	56	n/a
52	59	n/a
52	66	n/a
52	68	n/a
52	70	n/a
52	72	n/a
52	75	n/a
52	76	n/a
52	77	n/a
52	79	n/a
52	83	n/a
52	84	n/a
53	55	n/a
53	56	n/a
53	57	n/a
53	58	n/a
53	59	n/a
53	61	n/a
53	63	n/a
53	69	n/a
53	73	n/a
53	77	n/a
53	78	n/a
53	83	n/a
54	55	n/a
54	64	n/a
55	56	n/a
55	57	n/a
55	58	n/a
55	59	n/a
55	61	n/a
55	63	n/a
55	64	n/a
55	69	n/a
55	73	n/a
55	77	n/a
55	78	n/a
55	83	n/a
56	57	n/a
56	58	n/a
56	59	n/a
56	61	n/a
56	63	n/a
56	66	n/a
56	68	n/a
56	69	n/a
56	70	n/a
56	72	n/a
56	73	n/a
56	75	n/a
56	76	n/a
56	77	n/a
56	78	n/a
56	79	n/a
56	82	n/a
56	83	n/a
56	84	n/a
57	59	n/a
57	61	n/a
57	63	n/a
57	64	n/a
57	66	n/a
57	69	n/a
57	70	n/a
57	72	n/a
57	73	n/a
57	75	n/a
57	76	n/a
57	77	n/a
57	78	n/a
57	79	n/a
57	83	n/a
58	59	n/a
58	61	n/a
58	63	n/a
58	64	n/a
58	69	n/a
58	71	n/a
58	73	0.046
58	74	n/a
58	76	n/a
58	77	0.023
58	78	n/a
58	83	n/a
59	61	n/a
59	63	n/a
59	64	n/a
59	69	n/a
59	73	n/a
59	77	n/a
59	78	n/a
59	83	n/a
60	62	n/a
60	66	n/a
60	67	n/a
60	68	n/a
60	75	n/a
60	76	n/a
60	83	n/a
61	63	n/a
61	64	n/a
61	69	n/a
61	73	n/a
61	77	n/a
61	78	n/a
61	83	n/a
62	74	n/a
62	75	n/a
62	76	n/a
62	83	n/a
63	66	n/a
63	68	n/a
63	69	n/a
63	70	n/a
63	72	n/a
63	73	n/a
63	75	n/a
63	76	n/a
63	77	n/a
63	78	n/a
63	79	n/a
63	83	n/a
64	69	n/a
64	71	n/a
64	73	n/a
64	76	n/a
64	77	n/a
65	70	n/a
65	71	n/a
65	72	n/a
65	73	0.156
65	76	n/a
65	77	0.145
65	79	n/a
65	83	n/a
65	84	n/a
66	67	n/a
66	68	n/a
66	70	n/a
66	72	n/a
66	73	n/a
66	75	n/a
66	76	n/a
66	77	n/a
66	78	n/a
66	79	n/a
66	83	n/a
67	68	n/a
67	72	n/a
67	75	n/a
67	76	n/a
67	83	n/a
68	70	n/a
68	72	n/a
68	75	n/a
68	76	n/a
68	77	n/a
68	79	n/a
68	83	n/a
69	73	n/a
69	77	n/a
69	78	n/a
69	83	n/a
70	71	n/a
70	72	n/a
70	73	n/a
70	75	n/a
70	76	n/a
70	77	n/a
70	78	n/a
70	79	n/a
70	82	n/a
70	83	n/a
70	84	n/a
71	72	n/a
71	73	n/a
71	74	n/a
71	76	n/a
71	77	n/a
72	73	n/a
72	75	n/a
72	76	n/a
72	77	n/a
72	78	n/a
72	79	n/a
72	83	n/a
72	84	n/a
73	74	n/a
73	76	n/a
73	77	0.081
73	78	n/a
73	79	n/a
73	82	n/a
73	83	n/a
73	84	n/a
74	76	n/a
75	76	n/a
75	77	n/a
75	78	n/a
75	79	n/a
75	80	n/a
75	83	n/a
75	84	n/a
76	77	n/a
76	78	n/a
76	79	n/a
76	80	n/a
76	83	n/a
76	84	n/a
77	78	n/a
77	79	n/a
77	82	n/a
77	83	n/a
77	84	n/a
78	79	n/a
78	82	n/a
78	83	n/a
79	82	n/a
79	83	n/a
81	83	n/a
82	83	n/a
#subnet edge score	22.517999999999986