1	7	n/a
1	8	n/a
1	10	n/a
1	14	n/a
1	17	n/a
1	21	n/a
1	23	n/a
1	29	n/a
1	30	n/a
1	34	n/a
2	9	n/a
2	13	n/a
2	17	n/a
2	22	n/a
2	24	n/a
2	25	n/a
2	26	n/a
2	27	n/a
2	36	n/a
2	37	n/a
2	38	n/a
2	44	n/a
2	51	n/a
2	52	n/a
2	74	n/a
2	75	n/a
2	76	n/a
3	6	n/a
3	7	0.078
3	8	0.086
3	14	0.062
3	17	0.026
3	19	n/a
3	21	0.094
3	23	0.068
3	24	0.084
3	26	0.055
3	27	0.03
3	28	0.128
3	29	0.049
3	30	0.02
3	34	n/a
3	36	0.166
3	37	n/a
3	39	n/a
3	40	n/a
3	43	0.045
3	44	n/a
3	45	0.085
3	51	n/a
3	52	0.066
3	65	n/a
3	66	0.046
3	72	0.2
3	73	0.046
3	76	0.12
3	77	0.121
4	6	n/a
4	7	n/a
4	8	n/a
4	9	n/a
4	10	n/a
4	12	n/a
4	14	n/a
4	15	n/a
4	20	n/a
4	24	n/a
4	28	n/a
4	34	n/a
4	36	n/a
4	38	n/a
4	40	n/a
4	47	n/a
4	53	n/a
4	58	n/a
4	61	n/a
4	73	n/a
4	77	n/a
5	6	n/a
5	15	n/a
5	32	n/a
5	34	n/a
5	40	n/a
5	41	n/a
6	7	n/a
6	8	n/a
6	9	n/a
6	10	n/a
6	12	n/a
6	14	n/a
6	15	n/a
6	20	n/a
6	23	n/a
6	24	n/a
6	28	n/a
6	29	n/a
6	30	n/a
6	34	n/a
6	36	n/a
6	38	n/a
6	40	n/a
6	41	n/a
6	73	n/a
6	77	n/a
7	8	0.113
7	9	n/a
7	10	n/a
7	12	n/a
7	14	0.038
7	15	n/a
7	17	0.119
7	20	n/a
7	21	0.133
7	23	0.089
7	24	0.091
7	26	0.04
7	27	0.181
7	28	0.094
7	29	0.12
7	30	0.19
7	33	n/a
7	34	n/a
7	35	n/a
7	36	0.128
7	38	0.023
7	39	n/a
7	40	n/a
7	43	0.048
7	58	n/a
7	59	n/a
7	73	0.08
7	76	0.127
7	77	0.088
8	10	n/a
8	12	n/a
8	14	0.036
8	15	n/a
8	17	0.109
8	19	n/a
8	20	n/a
8	21	0.203
8	23	0.127
8	24	0.026
8	26	0.019
8	27	0.067
8	28	0.18
8	29	0.079
8	30	0.172
8	34	n/a
8	36	0.139
8	38	0.129
8	40	n/a
8	41	n/a
8	73	0.139
8	77	0.221
9	10	n/a
9	12	n/a
9	14	n/a
9	15	n/a
9	20	n/a
9	22	n/a
9	24	n/a
9	25	n/a
9	26	n/a
9	27	n/a
9	28	n/a
9	29	n/a
9	34	n/a
9	36	n/a
9	37	n/a
9	38	n/a
9	40	n/a
9	43	n/a
9	45	n/a
9	47	n/a
9	53	n/a
9	56	n/a
9	58	n/a
9	59	n/a
9	61	n/a
9	69	n/a
9	73	n/a
9	76	n/a
9	77	n/a
9	78	n/a
10	12	n/a
10	14	n/a
10	15	n/a
10	20	n/a
10	24	n/a
10	28	n/a
10	29	n/a
10	30	n/a
10	34	n/a
10	35	n/a
10	36	n/a
10	38	n/a
10	40	n/a
10	41	n/a
10	43	n/a
10	53	n/a
10	56	n/a
10	58	n/a
10	73	n/a
10	77	n/a
11	13	n/a
11	17	n/a
11	18	n/a
11	19	n/a
11	25	n/a
11	26	n/a
11	27	n/a
11	34	n/a
11	36	n/a
11	37	n/a
11	38	n/a
11	62	n/a
11	75	n/a
11	76	n/a
12	14	n/a
12	15	n/a
12	20	n/a
12	24	n/a
12	28	n/a
12	29	n/a
12	34	n/a
12	36	n/a
12	38	n/a
12	40	n/a
12	41	n/a
12	53	n/a
12	59	n/a
12	73	n/a
12	77	n/a
13	22	n/a
13	25	n/a
13	26	n/a
13	27	n/a
13	31	n/a
13	34	n/a
13	37	n/a
13	38	n/a
13	44	n/a
13	62	n/a
13	74	n/a
13	75	n/a
13	76	n/a
14	17	0.161
14	19	n/a
14	20	n/a
14	21	0.203
14	23	0.146
14	24	0.104
14	26	0.09
14	27	0.151
14	28	0.124
14	29	0.079
14	30	0.183
14	34	n/a
14	36	0.101
14	38	0.074
14	40	n/a
14	41	n/a
14	43	0.052
14	73	0.163
14	77	0.13
15	20	n/a
15	22	n/a
15	24	n/a
15	27	n/a
15	28	n/a
15	36	n/a
15	40	n/a
15	73	n/a
15	77	n/a
16	17	0.039
16	21	0.13
16	22	n/a
16	23	0.148
16	24	0.057
16	27	0.041
16	28	0.105
16	34	n/a
16	36	0.009
16	37	n/a
16	38	0.057
16	39	n/a
16	40	n/a
16	45	0.051
16	52	0.115
16	65	n/a
16	70	0.103
16	71	n/a
16	72	0.119
16	73	0.209
16	76	0.093
16	77	0.15
17	18	n/a
17	19	n/a
17	21	0.044
17	23	0.016
17	24	0.161
17	26	0.069
17	27	0.055
17	28	0.096
17	29	0.132
17	30	0.118
17	33	n/a
17	34	n/a
17	36	0.115
17	37	n/a
17	38	0.087
17	39	n/a
17	51	n/a
17	52	0.122
17	72	0.09
17	75	n/a
17	76	0.126
18	19	n/a
18	23	n/a
18	26	n/a
18	27	n/a
18	34	n/a
18	36	n/a
18	37	n/a
18	38	n/a
18	75	n/a
18	76	n/a
19	23	n/a
19	26	n/a
19	27	n/a
19	29	n/a
19	30	n/a
19	34	n/a
19	36	n/a
19	37	n/a
19	38	n/a
19	39	n/a
19	51	n/a
19	75	n/a
19	76	n/a
20	24	n/a
20	28	n/a
20	29	n/a
20	34	n/a
20	36	n/a
20	38	n/a
20	40	n/a
20	53	n/a
20	58	n/a
20	61	n/a
20	73	n/a
20	77	n/a
21	22	n/a
21	23	0.118
21	24	0.004
21	26	0.083
21	27	0.063
21	28	0.072
21	29	0.082
21	30	0.071
21	33	n/a
21	34	n/a
21	35	n/a
21	36	0.087
21	37	n/a
21	38	0.101
21	39	n/a
21	40	n/a
21	43	0.097
21	45	0.079
21	65	n/a
21	70	0.079
21	71	n/a
21	72	0.082
21	73	0.102
21	76	0.02
21	77	0.104
21	78	0.161
21	79	0.018
21	84	n/a
22	23	n/a
22	24	n/a
22	25	n/a
22	27	n/a
22	28	n/a
22	36	n/a
22	37	n/a
22	38	n/a
22	43	n/a
22	52	n/a
22	65	n/a
22	70	n/a
22	71	n/a
22	72	n/a
22	73	n/a
22	75	n/a
22	76	n/a
22	77	n/a
23	24	0.011
23	26	0.001
23	27	0.025
23	28	0.063
23	29	0.179
23	30	0.165
23	33	n/a
23	34	n/a
23	35	n/a
23	36	0.034
23	37	n/a
23	38	0.022
23	39	n/a
23	40	n/a
23	43	0.087
23	45	0.1
23	46	n/a
23	52	0.105
23	65	n/a
23	70	0.134
23	71	n/a
23	72	0.126
23	73	0.065
23	76	0.178
23	77	0.065
23	79	0.048
23	84	n/a
24	25	n/a
24	26	0.066
24	27	0.059
24	28	0.085
24	29	0.07
24	30	0.052
24	33	n/a
24	34	n/a
24	36	0.045
24	37	n/a
24	38	0.041
24	39	n/a
24	40	n/a
24	43	0.024
24	45	0.049
24	47	n/a
24	51	n/a
24	52	0.064
24	53	n/a
24	55	n/a
24	56	0.126
24	58	n/a
24	59	n/a
24	61	n/a
24	63	0.057
24	65	n/a
24	70	0.09
24	71	n/a
24	72	0.013
24	73	0.084
24	76	0.096
24	77	0.167
24	78	0.081
24	79	0.114
24	83	n/a
25	26	n/a
25	27	n/a
25	31	n/a
25	37	n/a
25	38	n/a
25	45	n/a
25	51	n/a
25	62	n/a
25	74	n/a
25	75	n/a
25	76	n/a
26	27	0.038
26	28	0.134
26	29	0.163
26	30	0.082
26	31	n/a
26	34	n/a
26	36	0.049
26	37	n/a
26	38	0.003
26	39	n/a
26	43	0.023
26	44	n/a
26	45	0.002
26	46	n/a
26	51	n/a
26	52	0.141
26	60	n/a
26	62	n/a
26	66	0.138
26	67	n/a
26	68	0.152
26	72	0.047
26	73	0.022
26	74	n/a
26	75	n/a
26	76	0.134
26	80	n/a
26	83	n/a
26	84	n/a
27	28	0.003
27	29	0.111
27	30	0.124
27	31	n/a
27	34	n/a
27	35	n/a
27	36	0.112
27	37	n/a
27	38	0.104
27	39	n/a
27	40	n/a
27	43	0.077
27	44	n/a
27	45	0.05
27	46	n/a
27	51	n/a
27	52	0.14
27	56	0.06
27	58	n/a
27	60	n/a
27	62	n/a
27	65	n/a
27	66	0.058
27	67	n/a
27	68	0.157
27	70	0.124
27	71	n/a
27	72	0.225
27	73	0.039
27	74	n/a
27	75	n/a
27	76	0.151
27	77	0.078
27	79	0.21
27	80	n/a
27	83	n/a
27	84	n/a
28	29	0.149
28	30	0.061
28	33	n/a
28	34	n/a
28	35	n/a
28	36	0.158
28	37	n/a
28	38	0.169
28	39	n/a
28	40	n/a
28	41	n/a
28	43	0.074
28	45	0.104
28	47	n/a
28	52	0.164
28	53	n/a
28	55	n/a
28	56	0.187
28	57	n/a
28	58	n/a
28	59	n/a
28	61	n/a
28	63	0.138
28	65	n/a
28	69	n/a
28	70	0.086
28	71	n/a
28	72	0.056
28	73	0.173
28	76	0.003
28	77	0.183
28	78	0.12
28	79	0.036
28	83	n/a
28	84	n/a
29	30	0.053
29	32	n/a
29	33	n/a
29	34	n/a
29	36	0.08
29	37	n/a
29	38	0.014
29	40	n/a
29	43	0.076
29	73	0.131
29	77	0.104
30	33	n/a
30	34	n/a
30	36	0.088
30	38	0.148
30	39	n/a
30	40	n/a
30	76	0.151
31	37	n/a
31	38	n/a
31	62	n/a
31	75	n/a
31	76	n/a
31	80	n/a
32	34	n/a
32	36	n/a
32	41	n/a
33	34	n/a
33	38	n/a
34	36	n/a
34	37	n/a
34	38	n/a
34	39	n/a
34	40	n/a
34	41	n/a
34	73	n/a
34	75	n/a
34	76	n/a
34	77	n/a
35	36	n/a
35	37	n/a
35	38	n/a
35	39	n/a
35	41	n/a
35	43	n/a
35	44	n/a
35	46	n/a
35	72	n/a
35	77	n/a
35	84	n/a
36	37	n/a
36	38	0.045
36	39	n/a
36	40	n/a
36	41	n/a
36	43	0.039
36	45	0.043
36	46	n/a
36	47	n/a
36	51	n/a
36	52	0.124
36	56	0.094
36	58	n/a
36	65	n/a
36	70	0.09
36	71	n/a
36	72	0.055
36	73	0.007
36	75	n/a
36	76	0.026
36	77	0.033
36	83	n/a
36	84	n/a
37	38	n/a
37	39	n/a
37	40	n/a
37	43	n/a
37	44	n/a
37	45	n/a
37	51	n/a
37	52	n/a
37	62	n/a
37	74	n/a
37	75	n/a
37	76	n/a
37	80	n/a
37	84	n/a
38	39	n/a
38	40	n/a
38	41	n/a
38	43	0.059
38	44	n/a
38	45	0.122
38	46	n/a
38	51	n/a
38	52	0.089
38	56	0.013
38	62	n/a
38	71	n/a
38	72	0.039
38	73	0.016
38	75	n/a
38	76	0.104
38	77	0.039
38	83	n/a
38	84	n/a
39	40	n/a
39	43	n/a
39	72	n/a
39	75	n/a
39	76	n/a
39	84	n/a
40	41	n/a
40	43	n/a
40	47	n/a
40	58	n/a
40	59	n/a
40	61	n/a
40	73	n/a
40	77	n/a
43	44	n/a
43	45	0.057
43	46	n/a
43	47	n/a
43	48	n/a
43	51	n/a
43	52	0.065
43	53	n/a
43	55	n/a
43	56	0.131
43	57	n/a
43	58	n/a
43	59	n/a
43	61	n/a
43	63	0.132
43	64	n/a
43	66	0.099
43	67	n/a
43	68	0.151
43	69	n/a
43	70	0.066
43	71	n/a
43	72	0.078
43	73	0.034
43	75	n/a
43	76	0.087
43	77	0.123
43	78	0.057
43	79	0.115
43	83	n/a
43	84	n/a
44	45	n/a
44	46	n/a
44	47	n/a
44	49	n/a
44	51	n/a
44	52	n/a
44	56	n/a
44	60	n/a
44	62	n/a
44	65	n/a
44	66	n/a
44	67	n/a
44	68	n/a
44	70	n/a
44	71	n/a
44	72	n/a
44	73	n/a
44	75	n/a
44	76	n/a
44	77	n/a
44	80	n/a
44	83	n/a
44	84	n/a
45	46	n/a
45	47	n/a
45	48	n/a
45	49	n/a
45	50	n/a
45	51	n/a
45	52	0.176
45	53	n/a
45	55	n/a
45	56	0.145
45	57	n/a
45	58	n/a
45	59	n/a
45	60	n/a
45	61	n/a
45	62	n/a
45	63	0.053
45	65	n/a
45	66	0.103
45	67	n/a
45	68	0.042
45	69	n/a
45	70	0.037
45	71	n/a
45	72	0.017
45	73	0.056
45	74	n/a
45	75	n/a
45	76	0.146
45	77	0.124
45	78	0.095
45	79	0.057
45	80	n/a
45	82	n/a
45	83	n/a
45	84	n/a
46	47	n/a
46	48	n/a
46	52	n/a
46	56	n/a
46	63	n/a
46	65	n/a
46	66	n/a
46	67	n/a
46	68	n/a
46	70	n/a
46	72	n/a
46	73	n/a
46	75	n/a
46	76	n/a
46	77	n/a
46	79	n/a
46	83	n/a
46	84	n/a
47	48	n/a
47	52	n/a
47	53	n/a
47	54	n/a
47	55	n/a
47	56	n/a
47	57	n/a
47	58	n/a
47	59	n/a
47	61	n/a
47	63	n/a
47	64	n/a
47	69	n/a
47	71	n/a
47	72	n/a
47	73	n/a
47	76	n/a
47	77	n/a
47	78	n/a
47	79	n/a
47	81	n/a
47	83	n/a
47	84	n/a
48	54	n/a
48	55	n/a
48	57	n/a
48	59	n/a
48	61	n/a
48	63	n/a
48	73	n/a
48	77	n/a
48	78	n/a
48	81	n/a
48	83	n/a
49	60	n/a
50	56	n/a
50	57	n/a
50	59	n/a
50	63	n/a
50	77	n/a
50	78	n/a
50	79	n/a
50	83	n/a
51	58	n/a
51	62	n/a
51	71	n/a
51	73	n/a
51	74	n/a
51	75	n/a
51	76	n/a
52	56	0.076
52	59	n/a
52	66	0.023
52	68	0.171
52	70	0.13
52	72	0.108
52	73	0.006
52	75	n/a
52	76	0.171
52	77	0.081
52	79	0.067
52	83	n/a
52	84	n/a
53	55	n/a
53	56	n/a
53	57	n/a
53	58	n/a
53	59	n/a
53	61	n/a
53	63	n/a
53	69	n/a
53	73	n/a
53	77	n/a
53	78	n/a
53	83	n/a
54	55	n/a
54	64	n/a
55	56	n/a
55	57	n/a
55	58	n/a
55	59	n/a
55	61	n/a
55	63	n/a
55	64	n/a
55	69	n/a
55	73	n/a
55	77	n/a
55	78	n/a
55	83	n/a
56	57	n/a
56	58	n/a
56	59	n/a
56	61	n/a
56	63	0.039
56	66	0.135
56	68	0.15
56	69	n/a
56	70	0.097
56	72	0.115
56	73	0.106
56	75	n/a
56	76	0.055
56	77	0.128
56	78	0.089
56	79	0.174
56	82	n/a
56	83	n/a
56	84	n/a
57	59	n/a
57	61	n/a
57	63	n/a
57	64	n/a
57	66	n/a
57	69	n/a
57	70	n/a
57	72	n/a
57	73	n/a
57	75	n/a
57	76	n/a
57	77	n/a
57	78	n/a
57	79	n/a
57	83	n/a
58	59	n/a
58	61	n/a
58	63	n/a
58	64	n/a
58	69	n/a
58	71	n/a
58	73	n/a
58	74	n/a
58	76	n/a
58	77	n/a
58	78	n/a
58	83	n/a
59	61	n/a
59	63	n/a
59	64	n/a
59	69	n/a
59	73	n/a
59	77	n/a
59	78	n/a
59	83	n/a
60	62	n/a
60	66	n/a
60	67	n/a
60	68	n/a
60	75	n/a
60	76	n/a
60	83	n/a
61	63	n/a
61	64	n/a
61	69	n/a
61	73	n/a
61	77	n/a
61	78	n/a
61	83	n/a
62	74	n/a
62	75	n/a
62	76	n/a
62	83	n/a
63	66	0.1
63	68	0.117
63	69	n/a
63	70	0.131
63	72	0.271
63	73	0.171
63	75	n/a
63	76	0.182
63	77	0.09
63	78	0.157
63	79	0.182
63	83	n/a
64	69	n/a
64	71	n/a
64	73	n/a
64	76	n/a
64	77	n/a
65	70	n/a
65	71	n/a
65	72	n/a
65	73	n/a
65	76	n/a
65	77	n/a
65	79	n/a
65	83	n/a
65	84	n/a
66	67	n/a
66	68	0.068
66	70	0.026
66	72	0.015
66	73	0.132
66	75	n/a
66	76	0.143
66	77	0.121
66	78	0.098
66	79	0.221
66	83	n/a
67	68	n/a
67	72	n/a
67	75	n/a
67	76	n/a
67	83	n/a
68	70	0.046
68	72	0.072
68	75	n/a
68	76	0.031
68	77	0.049
68	79	0.198
68	83	n/a
69	73	n/a
69	77	n/a
69	78	n/a
69	83	n/a
70	72	0.053
70	73	0.073
70	75	n/a
70	76	0.041
70	77	0.033
70	78	0.236
70	79	0.126
70	82	n/a
70	83	n/a
70	84	n/a
71	72	n/a
71	73	n/a
71	74	n/a
71	76	n/a
71	77	n/a
72	73	0.016
72	75	n/a
72	76	0.047
72	77	0.032
72	78	0.182
72	79	0.16
72	83	n/a
72	84	n/a
73	74	n/a
73	76	0.017
73	77	0.022
73	78	0.137
73	79	0.059
73	82	n/a
73	83	n/a
73	84	n/a
74	76	n/a
75	76	n/a
75	77	n/a
75	78	n/a
75	79	n/a
75	80	n/a
75	83	n/a
75	84	n/a
76	77	0.04
76	78	0.148
76	79	0.116
76	80	n/a
76	83	n/a
76	84	n/a
77	78	0.144
77	79	0.066
77	82	n/a
77	83	n/a
77	84	n/a
78	79	0.188
78	81	n/a
78	82	n/a
78	83	n/a
79	82	n/a
79	83	n/a
81	83	n/a
82	83	n/a
#subnet edge score	29.07300000000001