0	0	n/a
0	1	n/a
0	2	n/a
0	3	n/a
0	4	n/a
0	5	n/a
0	6	n/a
0	7	n/a
0	8	n/a
0	9	n/a
0	10	n/a
0	11	n/a
0	12	n/a
0	13	n/a
0	14	n/a
0	15	n/a
0	16	n/a
0	17	n/a
0	18	n/a
0	19	n/a
0	20	n/a
0	21	n/a
0	22	n/a
0	23	n/a
0	24	n/a
0	25	n/a
0	26	n/a
0	27	n/a
0	28	n/a
0	29	n/a
0	30	n/a
0	31	n/a
0	32	n/a
0	33	n/a
0	34	n/a
0	35	n/a
0	36	n/a
0	37	n/a
0	38	n/a
0	39	n/a
0	40	n/a
0	41	n/a
0	42	n/a
0	43	n/a
0	44	n/a
0	45	n/a
0	46	n/a
0	47	n/a
0	48	n/a
0	49	n/a
0	50	n/a
0	51	n/a
0	52	n/a
0	53	n/a
0	54	n/a
0	55	n/a
0	56	n/a
0	57	n/a
0	58	n/a
0	59	n/a
0	60	n/a
0	61	n/a
0	62	n/a
0	63	n/a
0	64	n/a
0	65	n/a
0	66	n/a
0	67	n/a
0	68	n/a
0	69	n/a
0	70	n/a
0	71	n/a
0	72	n/a
0	73	n/a
0	74	n/a
0	75	n/a
0	76	n/a
0	77	n/a
0	78	n/a
0	79	n/a
0	80	n/a
0	81	n/a
0	82	n/a
0	83	n/a
1	0	n/a
1	1	n/a
1	2	n/a
1	3	n/a
1	4	n/a
1	5	n/a
1	6	n/a
1	7	n/a
1	8	n/a
1	9	n/a
1	10	n/a
1	11	n/a
1	12	n/a
1	13	n/a
1	14	n/a
1	15	n/a
1	16	n/a
1	17	n/a
1	18	n/a
1	19	n/a
1	20	n/a
1	21	n/a
1	22	n/a
1	23	n/a
1	24	n/a
1	25	n/a
1	26	n/a
1	27	n/a
1	28	n/a
1	29	n/a
1	30	n/a
1	31	n/a
1	32	n/a
1	33	n/a
1	34	n/a
1	35	n/a
1	36	n/a
1	37	n/a
1	38	n/a
1	39	n/a
1	40	n/a
1	41	n/a
1	42	n/a
1	43	n/a
1	44	n/a
1	45	n/a
1	46	n/a
1	47	n/a
1	48	n/a
1	49	n/a
1	50	n/a
1	51	n/a
1	52	n/a
1	53	n/a
1	54	n/a
1	55	n/a
1	56	n/a
1	57	n/a
1	58	n/a
1	59	n/a
1	60	n/a
1	61	n/a
1	62	n/a
1	63	n/a
1	64	n/a
1	65	n/a
1	66	n/a
1	67	n/a
1	68	n/a
1	69	n/a
1	70	n/a
1	71	n/a
1	72	n/a
1	73	n/a
1	74	n/a
1	75	n/a
1	76	n/a
1	77	n/a
1	78	n/a
1	79	n/a
1	80	n/a
1	81	n/a
1	82	n/a
1	83	n/a
2	0	n/a
2	1	n/a
2	2	n/a
2	3	n/a
2	4	n/a
2	5	n/a
2	6	n/a
2	7	n/a
2	8	n/a
2	9	n/a
2	10	n/a
2	11	n/a
2	12	n/a
2	13	n/a
2	14	n/a
2	15	n/a
2	16	n/a
2	17	n/a
2	18	n/a
2	19	n/a
2	20	n/a
2	21	n/a
2	22	n/a
2	23	n/a
2	24	n/a
2	25	n/a
2	26	n/a
2	27	n/a
2	28	n/a
2	29	n/a
2	30	n/a
2	31	n/a
2	32	n/a
2	33	n/a
2	34	n/a
2	35	n/a
2	36	n/a
2	37	n/a
2	38	n/a
2	39	n/a
2	40	n/a
2	41	n/a
2	42	n/a
2	43	n/a
2	44	n/a
2	45	n/a
2	46	n/a
2	47	n/a
2	48	n/a
2	49	n/a
2	50	n/a
2	51	n/a
2	52	n/a
2	53	n/a
2	54	n/a
2	55	n/a
2	56	n/a
2	57	n/a
2	58	n/a
2	59	n/a
2	60	n/a
2	61	n/a
2	62	n/a
2	63	n/a
2	64	n/a
2	65	n/a
2	66	n/a
2	67	n/a
2	68	n/a
2	69	n/a
2	70	n/a
2	71	n/a
2	72	n/a
2	73	n/a
2	74	n/a
2	75	n/a
2	76	n/a
2	77	n/a
2	78	n/a
2	79	n/a
2	80	n/a
2	81	n/a
2	82	n/a
2	83	n/a
3	0	n/a
3	1	n/a
3	2	n/a
3	3	n/a
3	4	n/a
3	5	n/a
3	6	n/a
3	7	n/a
3	8	n/a
3	9	n/a
3	10	n/a
3	11	n/a
3	12	n/a
3	13	n/a
3	14	n/a
3	15	n/a
3	16	n/a
3	17	n/a
3	18	n/a
3	19	n/a
3	20	n/a
3	21	n/a
3	22	n/a
3	23	n/a
3	24	n/a
3	25	n/a
3	26	n/a
3	27	n/a
3	28	n/a
3	29	n/a
3	30	n/a
3	31	n/a
3	32	n/a
3	33	n/a
3	34	n/a
3	35	n/a
3	36	n/a
3	37	n/a
3	38	n/a
3	39	n/a
3	40	n/a
3	41	n/a
3	42	n/a
3	43	n/a
3	44	n/a
3	45	n/a
3	46	n/a
3	47	n/a
3	48	n/a
3	49	n/a
3	50	n/a
3	51	n/a
3	52	n/a
3	53	n/a
3	54	n/a
3	55	n/a
3	56	n/a
3	57	n/a
3	58	n/a
3	59	n/a
3	60	n/a
3	61	n/a
3	62	n/a
3	63	n/a
3	64	n/a
3	65	n/a
3	66	n/a
3	67	n/a
3	68	n/a
3	69	n/a
3	70	n/a
3	71	n/a
3	72	n/a
3	73	n/a
3	74	n/a
3	75	n/a
3	76	n/a
3	77	n/a
3	78	n/a
3	79	n/a
3	80	n/a
3	81	n/a
3	82	n/a
3	83	n/a
4	0	n/a
4	1	n/a
4	2	n/a
4	3	n/a
4	4	n/a
4	5	n/a
4	6	n/a
4	7	n/a
4	8	n/a
4	9	n/a
4	10	n/a
4	11	n/a
4	12	n/a
4	13	n/a
4	14	n/a
4	15	n/a
4	16	n/a
4	17	n/a
4	18	n/a
4	19	n/a
4	20	n/a
4	21	n/a
4	22	n/a
4	23	n/a
4	24	n/a
4	25	n/a
4	26	n/a
4	27	n/a
4	28	n/a
4	29	n/a
4	30	n/a
4	31	n/a
4	32	n/a
4	33	n/a
4	34	n/a
4	35	n/a
4	36	n/a
4	37	n/a
4	38	n/a
4	39	n/a
4	40	n/a
4	41	n/a
4	42	n/a
4	43	n/a
4	44	n/a
4	45	n/a
4	46	n/a
4	47	n/a
4	48	n/a
4	49	n/a
4	50	n/a
4	51	n/a
4	52	n/a
4	53	n/a
4	54	n/a
4	55	n/a
4	56	n/a
4	57	n/a
4	58	n/a
4	59	n/a
4	60	n/a
4	61	n/a
4	62	n/a
4	63	n/a
4	64	n/a
4	65	n/a
4	66	n/a
4	67	n/a
4	68	n/a
4	69	n/a
4	70	n/a
4	71	n/a
4	72	n/a
4	73	n/a
4	74	n/a
4	75	n/a
4	76	n/a
4	77	n/a
4	78	n/a
4	79	n/a
4	80	n/a
4	81	n/a
4	82	n/a
4	83	n/a
5	0	n/a
5	1	n/a
5	2	n/a
5	3	n/a
5	4	n/a
5	5	n/a
5	6	n/a
5	7	n/a
5	8	n/a
5	9	n/a
5	10	n/a
5	11	n/a
5	12	n/a
5	13	n/a
5	14	n/a
5	15	n/a
5	16	n/a
5	17	n/a
5	18	n/a
5	19	n/a
5	20	n/a
5	21	n/a
5	22	n/a
5	23	n/a
5	24	n/a
5	25	n/a
5	26	n/a
5	27	n/a
5	28	n/a
5	29	n/a
5	30	n/a
5	31	n/a
5	32	n/a
5	33	n/a
5	34	n/a
5	35	n/a
5	36	n/a
5	37	n/a
5	38	n/a
5	39	n/a
5	40	n/a
5	41	n/a
5	42	n/a
5	43	n/a
5	44	n/a
5	45	n/a
5	46	n/a
5	47	n/a
5	48	n/a
5	49	n/a
5	50	n/a
5	51	n/a
5	52	n/a
5	53	n/a
5	54	n/a
5	55	n/a
5	56	n/a
5	57	n/a
5	58	n/a
5	59	n/a
5	60	n/a
5	61	n/a
5	62	n/a
5	63	n/a
5	64	n/a
5	65	n/a
5	66	n/a
5	67	n/a
5	68	n/a
5	69	n/a
5	70	n/a
5	71	n/a
5	72	n/a
5	73	n/a
5	74	n/a
5	75	n/a
5	76	n/a
5	77	n/a
5	78	n/a
5	79	n/a
5	80	n/a
5	81	n/a
5	82	n/a
5	83	n/a
6	0	n/a
6	1	n/a
6	2	n/a
6	3	n/a
6	4	n/a
6	5	n/a
6	6	0.005
6	7	0.002
6	8	n/a
6	9	n/a
6	10	0.0029999999999999957
6	11	0.009
6	12	n/a
6	13	0.001
6	14	0.03
6	15	n/a
6	16	n/a
6	17	0.003
6	18	n/a
6	19	0.045
6	20	n/a
6	21	0.002
6	22	n/a
6	23	0.002
6	24	n/a
6	25	n/a
6	26	n/a
6	27	n/a
6	28	0.002
6	29	n/a
6	30	n/a
6	31	n/a
6	32	0.004
6	33	0.014
6	34	n/a
6	35	0.009
6	36	0.0
6	37	0.008
6	38	n/a
6	39	0.002
6	40	0.007
6	41	0.027
6	42	0.017
6	43	n/a
6	44	0.001
6	45	0.003
6	46	0.005
6	47	0.001
6	48	0.018
6	49	n/a
6	50	0.008
6	51	n/a
6	52	0.006
6	53	0.024
6	54	0.003
6	55	0.0
6	56	0.004
6	57	0.005
6	58	n/a
6	59	0.008
6	60	n/a
6	61	n/a
6	62	0.003
6	63	0.014
6	64	0.007
6	65	0.0
6	66	0.027
6	67	0.005
6	68	0.002
6	69	n/a
6	70	0.004
6	71	0.0
6	72	0.001
6	73	0.005
6	74	0.004
6	75	0.002
6	76	0.0
6	77	0.0
6	78	0.0
6	79	n/a
6	80	0.008
6	81	0.002
6	82	0.009
6	83	0.02
7	0	n/a
7	1	n/a
7	2	n/a
7	3	n/a
7	4	n/a
7	5	n/a
7	6	0.002
7	7	0.031
7	8	n/a
7	9	n/a
7	10	0.0019999999999997815
7	11	0.002
7	12	n/a
7	13	n/a
7	14	0.029
7	15	n/a
7	16	n/a
7	17	0.011
7	18	n/a
7	19	0.01
7	20	n/a
7	21	0.001
7	22	n/a
7	23	0.009
7	24	n/a
7	25	n/a
7	26	n/a
7	27	n/a
7	28	0.017
7	29	n/a
7	30	n/a
7	31	n/a
7	32	n/a
7	33	0.005
7	34	n/a
7	35	0.026
7	36	0.014
7	37	0.004
7	38	n/a
7	39	0.022
7	40	0.027
7	41	0.001
7	42	0.001
7	43	n/a
7	44	0.001
7	45	0.0
7	46	0.002
7	47	0.003
7	48	0.006
7	49	n/a
7	50	0.01
7	51	n/a
7	52	0.012
7	53	0.039
7	54	0.008
7	55	0.008
7	56	0.009
7	57	0.009
7	58	n/a
7	59	0.006
7	60	n/a
7	61	n/a
7	62	n/a
7	63	n/a
7	64	0.001
7	65	0.005
7	66	0.005
7	67	0.002
7	68	0.003
7	69	0.005
7	70	0.0
7	71	0.004
7	72	0.014
7	73	0.001
7	74	0.0
7	75	n/a
7	76	0.004
7	77	0.029
7	78	0.008
7	79	n/a
7	80	0.007
7	81	0.017
7	82	0.004
7	83	0.001
8	0	n/a
8	1	n/a
8	2	n/a
8	3	n/a
8	4	n/a
8	5	n/a
8	6	n/a
8	7	n/a
8	8	n/a
8	9	n/a
8	10	n/a
8	11	n/a
8	12	n/a
8	13	n/a
8	14	n/a
8	15	n/a
8	16	n/a
8	17	n/a
8	18	n/a
8	19	n/a
8	20	n/a
8	21	n/a
8	22	n/a
8	23	n/a
8	24	n/a
8	25	n/a
8	26	n/a
8	27	n/a
8	28	n/a
8	29	n/a
8	30	n/a
8	31	n/a
8	32	n/a
8	33	n/a
8	34	n/a
8	35	n/a
8	36	n/a
8	37	n/a
8	38	n/a
8	39	n/a
8	40	n/a
8	41	n/a
8	42	n/a
8	43	n/a
8	44	n/a
8	45	n/a
8	46	n/a
8	47	n/a
8	48	n/a
8	49	n/a
8	50	n/a
8	51	n/a
8	52	n/a
8	53	n/a
8	54	n/a
8	55	n/a
8	56	n/a
8	57	n/a
8	58	n/a
8	59	n/a
8	60	n/a
8	61	n/a
8	62	n/a
8	63	n/a
8	64	n/a
8	65	n/a
8	66	n/a
8	67	n/a
8	68	n/a
8	69	n/a
8	70	n/a
8	71	n/a
8	72	n/a
8	73	n/a
8	74	n/a
8	75	n/a
8	76	n/a
8	77	n/a
8	78	n/a
8	79	n/a
8	80	n/a
8	81	n/a
8	82	n/a
8	83	n/a
9	0	n/a
9	1	n/a
9	2	n/a
9	3	n/a
9	4	n/a
9	5	n/a
9	6	n/a
9	7	n/a
9	8	n/a
9	9	n/a
9	10	n/a
9	11	n/a
9	12	n/a
9	13	n/a
9	14	n/a
9	15	n/a
9	16	n/a
9	17	n/a
9	18	n/a
9	19	n/a
9	20	n/a
9	21	n/a
9	22	n/a
9	23	n/a
9	24	n/a
9	25	n/a
9	26	n/a
9	27	n/a
9	28	n/a
9	29	n/a
9	30	n/a
9	31	n/a
9	32	n/a
9	33	n/a
9	34	n/a
9	35	n/a
9	36	n/a
9	37	n/a
9	38	n/a
9	39	n/a
9	40	n/a
9	41	n/a
9	42	n/a
9	43	n/a
9	44	n/a
9	45	n/a
9	46	n/a
9	47	n/a
9	48	n/a
9	49	n/a
9	50	n/a
9	51	n/a
9	52	n/a
9	53	n/a
9	54	n/a
9	55	n/a
9	56	n/a
9	57	n/a
9	58	n/a
9	59	n/a
9	60	n/a
9	61	n/a
9	62	n/a
9	63	n/a
9	64	n/a
9	65	n/a
9	66	n/a
9	67	n/a
9	68	n/a
9	69	n/a
9	70	n/a
9	71	n/a
9	72	n/a
9	73	n/a
9	74	n/a
9	75	n/a
9	76	n/a
9	77	n/a
9	78	n/a
9	79	n/a
9	80	n/a
9	81	n/a
9	82	n/a
9	83	n/a
10	0	n/a
10	1	n/a
10	2	n/a
10	3	n/a
10	4	n/a
10	5	n/a
10	6	0.003
10	7	0.002
10	8	n/a
10	9	n/a
10	10	0.0010000000000000928
10	11	0.019000000000000225
10	12	n/a
10	13	0.0020000000000002273
10	14	0.0030000000000000217
10	15	n/a
10	16	n/a
10	17	0.002000000000000007
10	18	n/a
10	19	0.005999999999999714
10	20	n/a
10	21	0.03399999999999993
10	22	n/a
10	23	-9.71445146547012E-17
10	24	n/a
10	25	n/a
10	26	n/a
10	27	n/a
10	28	0.0030000000000001675
10	29	n/a
10	30	n/a
10	31	n/a
10	32	0.0020000000000000035
10	33	0.0029999999999999758
10	34	n/a
10	35	0.053
10	36	0.003999999999999997
10	37	0.010000000000000037
10	38	n/a
10	39	0.039999999999999966
10	40	0.022000000000000013
10	41	1.48318857196017E-16
10	42	0.001999999999999995
10	43	n/a
10	44	0.009000000000000893
10	45	0.043000000000000003
10	46	0.003999999999999983
10	47	0.007000000000000015
10	48	0.004999999999999935
10	49	n/a
10	50	0.0060000000000000105
10	51	n/a
10	52	0.0029999999999999784
10	53	0.00599999999999995
10	54	0.003000000000000046
10	55	9.9999999999998E-4
10	56	0.007000000000000058
10	57	0.0069999999999999975
10	58	n/a
10	59	0.00700000000000002
10	60	n/a
10	61	n/a
10	62	2.185751579730777E-16
10	63	9.99999999999987E-4
10	64	0.002000000000000008
10	65	0.020000000000000035
10	66	0.015
10	67	0.017000000000000005
10	68	0.003999999999999636
10	69	0.04400000000000018
10	70	0.00200000000000021
10	71	-6.505213034913027E-17
10	72	0.018000000000000023
10	73	0.004999999999999779
10	74	0.010000000000000057
10	75	-4.163336342344337E-17
10	76	0.005999999999999957
10	77	0.0030000000000001874
10	78	1.734723475976807E-16
10	79	n/a
10	80	0.003999999999999599
10	81	-8.673617379884035E-18
10	82	0.009000000000000556
10	83	-4.163336342344337E-17
11	0	n/a
11	1	n/a
11	2	n/a
11	3	n/a
11	4	n/a
11	5	n/a
11	6	0.009
11	7	0.002
11	8	n/a
11	9	n/a
11	10	0.019
11	11	0.016
11	12	n/a
11	13	0.006
11	14	0.018
11	15	n/a
11	16	n/a
11	17	0.013
11	18	n/a
11	19	0.024
11	20	n/a
11	21	0.005
11	22	n/a
11	23	0.005
11	24	n/a
11	25	n/a
11	26	n/a
11	27	n/a
11	28	0.008
11	29	n/a
11	30	n/a
11	31	n/a
11	32	n/a
11	33	0.007
11	34	n/a
11	35	0.018
11	36	0.01
11	37	0.014
11	38	n/a
11	39	0.017
11	40	0.001
11	41	0.05
11	42	0.015
11	43	n/a
11	44	0.019
11	45	0.0
11	46	0.0
11	47	0.007
11	48	0.0
11	49	n/a
11	50	0.043
11	51	n/a
11	52	0.014
11	53	0.0
11	54	0.014
11	55	0.018
11	56	0.001
11	57	0.017
11	58	n/a
11	59	0.003
11	60	n/a
11	61	n/a
11	62	n/a
11	63	0.018
11	64	0.007
11	65	0.0
11	66	0.0
11	67	0.0
11	68	n/a
11	69	0.038
11	70	0.018
11	71	0.009
11	72	0.005
11	73	0.021
11	74	0.002
11	75	0.004
11	76	0.0
11	77	0.011
11	78	0.005
11	79	n/a
11	80	0.0
11	81	0.015
11	82	0.002
11	83	0.004
12	0	n/a
12	1	n/a
12	2	n/a
12	3	n/a
12	4	n/a
12	5	n/a
12	6	n/a
12	7	n/a
12	8	n/a
12	9	n/a
12	10	n/a
12	11	n/a
12	12	n/a
12	13	n/a
12	14	n/a
12	15	n/a
12	16	n/a
12	17	n/a
12	18	n/a
12	19	n/a
12	20	n/a
12	21	n/a
12	22	n/a
12	23	n/a
12	24	n/a
12	25	n/a
12	26	n/a
12	27	n/a
12	28	n/a
12	29	n/a
12	30	n/a
12	31	n/a
12	32	n/a
12	33	n/a
12	34	n/a
12	35	n/a
12	36	n/a
12	37	n/a
12	38	n/a
12	39	n/a
12	40	n/a
12	41	n/a
12	42	n/a
12	43	n/a
12	44	n/a
12	45	n/a
12	46	n/a
12	47	n/a
12	48	n/a
12	49	n/a
12	50	n/a
12	51	n/a
12	52	n/a
12	53	n/a
12	54	n/a
12	55	n/a
12	56	n/a
12	57	n/a
12	58	n/a
12	59	n/a
12	60	n/a
12	61	n/a
12	62	n/a
12	63	n/a
12	64	n/a
12	65	n/a
12	66	n/a
12	67	n/a
12	68	n/a
12	69	n/a
12	70	n/a
12	71	n/a
12	72	n/a
12	73	n/a
12	74	n/a
12	75	n/a
12	76	n/a
12	77	n/a
12	78	n/a
12	79	n/a
12	80	n/a
12	81	n/a
12	82	n/a
12	83	n/a
13	0	n/a
13	1	n/a
13	2	n/a
13	3	n/a
13	4	n/a
13	5	n/a
13	6	0.001
13	7	n/a
13	8	n/a
13	9	n/a
13	10	0.002
13	11	0.006
13	12	n/a
13	13	0.002
13	14	0.006
13	15	n/a
13	16	n/a
13	17	0.005
13	18	n/a
13	19	0.017
13	20	n/a
13	21	0.011
13	22	n/a
13	23	0.008
13	24	n/a
13	25	n/a
13	26	n/a
13	27	n/a
13	28	0.022
13	29	n/a
13	30	n/a
13	31	n/a
13	32	0.016
13	33	0.012
13	34	n/a
13	35	0.034
13	36	0.012
13	37	0.004
13	38	n/a
13	39	0.046
13	40	0.015
13	41	0.001
13	42	0.003
13	43	n/a
13	44	0.015
13	45	0.017
13	46	0.008
13	47	0.0
13	48	0.0
13	49	n/a
13	50	0.003
13	51	n/a
13	52	0.002
13	53	0.0
13	54	0.002
13	55	0.004
13	56	0.007
13	57	0.005
13	58	n/a
13	59	0.003
13	60	n/a
13	61	n/a
13	62	0.011
13	63	0.003
13	64	0.003
13	65	0.001
13	66	0.0
13	67	0.0
13	68	0.013
13	69	0.002
13	70	0.002
13	71	0.003
13	72	0.002
13	73	0.014
13	74	0.009
13	75	0.001
13	76	0.001
13	77	0.0
13	78	0.001
13	79	n/a
13	80	0.029
13	81	0.002
13	82	0.001
13	83	0.001
14	0	n/a
14	1	n/a
14	2	n/a
14	3	n/a
14	4	n/a
14	5	n/a
14	6	0.03
14	7	0.029
14	8	n/a
14	9	n/a
14	10	0.003
14	11	0.018
14	12	n/a
14	13	0.006
14	14	0.026
14	15	n/a
14	16	n/a
14	17	0.002
14	18	n/a
14	19	0.037
14	20	n/a
14	21	0.04
14	22	n/a
14	23	0.051
14	24	n/a
14	25	n/a
14	26	n/a
14	27	n/a
14	28	0.008
14	29	n/a
14	30	n/a
14	31	n/a
14	32	0.007
14	33	0.042
14	34	n/a
14	35	0.001
14	36	0.0
14	37	0.042
14	38	n/a
14	39	0.046
14	40	0.016
14	41	n/a
14	42	n/a
14	43	n/a
14	44	0.001
14	45	0.007
14	46	0.012
14	47	0.0
14	48	0.005
14	49	n/a
14	50	0.01
14	51	n/a
14	52	0.001
14	53	0.004
14	54	0.001
14	55	0.001
14	56	0.0
14	57	0.0
14	58	n/a
14	59	0.007
14	60	n/a
14	61	n/a
14	62	0.02
14	63	0.001
14	64	n/a
14	65	0.008
14	66	0.001
14	67	0.014
14	68	n/a
14	69	0.001
14	70	0.0
14	71	0.0
14	72	0.008
14	73	0.0
14	74	0.045
14	75	0.021
14	76	0.012
14	77	0.022
14	78	0.023
14	79	n/a
14	80	0.035
14	81	0.003
14	82	0.04
14	83	0.003
15	0	n/a
15	1	n/a
15	2	n/a
15	3	n/a
15	4	n/a
15	5	n/a
15	6	n/a
15	7	n/a
15	8	n/a
15	9	n/a
15	10	n/a
15	11	n/a
15	12	n/a
15	13	n/a
15	14	n/a
15	15	n/a
15	16	n/a
15	17	n/a
15	18	n/a
15	19	n/a
15	20	n/a
15	21	n/a
15	22	n/a
15	23	n/a
15	24	n/a
15	25	n/a
15	26	n/a
15	27	n/a
15	28	n/a
15	29	n/a
15	30	n/a
15	31	n/a
15	32	n/a
15	33	n/a
15	34	n/a
15	35	n/a
15	36	n/a
15	37	n/a
15	38	n/a
15	39	n/a
15	40	n/a
15	41	n/a
15	42	n/a
15	43	n/a
15	44	n/a
15	45	n/a
15	46	n/a
15	47	n/a
15	48	n/a
15	49	n/a
15	50	n/a
15	51	n/a
15	52	n/a
15	53	n/a
15	54	n/a
15	55	n/a
15	56	n/a
15	57	n/a
15	58	n/a
15	59	n/a
15	60	n/a
15	61	n/a
15	62	n/a
15	63	n/a
15	64	n/a
15	65	n/a
15	66	n/a
15	67	n/a
15	68	n/a
15	69	n/a
15	70	n/a
15	71	n/a
15	72	n/a
15	73	n/a
15	74	n/a
15	75	n/a
15	76	n/a
15	77	n/a
15	78	n/a
15	79	n/a
15	80	n/a
15	81	n/a
15	82	n/a
15	83	n/a
16	0	n/a
16	1	n/a
16	2	n/a
16	3	n/a
16	4	n/a
16	5	n/a
16	6	n/a
16	7	n/a
16	8	n/a
16	9	n/a
16	10	n/a
16	11	n/a
16	12	n/a
16	13	n/a
16	14	n/a
16	15	n/a
16	16	n/a
16	17	n/a
16	18	n/a
16	19	n/a
16	20	n/a
16	21	n/a
16	22	n/a
16	23	n/a
16	24	n/a
16	25	n/a
16	26	n/a
16	27	n/a
16	28	n/a
16	29	n/a
16	30	n/a
16	31	n/a
16	32	n/a
16	33	n/a
16	34	n/a
16	35	n/a
16	36	n/a
16	37	n/a
16	38	n/a
16	39	n/a
16	40	n/a
16	41	n/a
16	42	n/a
16	43	n/a
16	44	n/a
16	45	n/a
16	46	n/a
16	47	n/a
16	48	n/a
16	49	n/a
16	50	n/a
16	51	n/a
16	52	n/a
16	53	n/a
16	54	n/a
16	55	n/a
16	56	n/a
16	57	n/a
16	58	n/a
16	59	n/a
16	60	n/a
16	61	n/a
16	62	n/a
16	63	n/a
16	64	n/a
16	65	n/a
16	66	n/a
16	67	n/a
16	68	n/a
16	69	n/a
16	70	n/a
16	71	n/a
16	72	n/a
16	73	n/a
16	74	n/a
16	75	n/a
16	76	n/a
16	77	n/a
16	78	n/a
16	79	n/a
16	80	n/a
16	81	n/a
16	82	n/a
16	83	n/a
17	0	n/a
17	1	n/a
17	2	n/a
17	3	n/a
17	4	n/a
17	5	n/a
17	6	0.003
17	7	0.011
17	8	n/a
17	9	n/a
17	10	0.002
17	11	0.013
17	12	n/a
17	13	0.005
17	14	0.002
17	15	n/a
17	16	n/a
17	17	0.005
17	18	n/a
17	19	0.001
17	20	n/a
17	21	0.022
17	22	n/a
17	23	0.007
17	24	n/a
17	25	n/a
17	26	n/a
17	27	n/a
17	28	0.008
17	29	n/a
17	30	n/a
17	31	n/a
17	32	n/a
17	33	0.006
17	34	n/a
17	35	0.019
17	36	0.017
17	37	0.012
17	38	n/a
17	39	0.0
17	40	0.0
17	41	n/a
17	42	0.003
17	43	n/a
17	44	0.006
17	45	0.009
17	46	0.007
17	47	0.003
17	48	0.037
17	49	n/a
17	50	0.0
17	51	n/a
17	52	0.007
17	53	0.008
17	54	0.008
17	55	0.0
17	56	0.009
17	57	0.005
17	58	n/a
17	59	0.0
17	60	n/a
17	61	n/a
17	62	n/a
17	63	0.005
17	64	0.005
17	65	0.001
17	66	0.005
17	67	0.0
17	68	n/a
17	69	0.015
17	70	0.003
17	71	0.054
17	72	0.0
17	73	0.031
17	74	0.008
17	75	0.001
17	76	0.014
17	77	0.001
17	78	0.0
17	79	n/a
17	80	0.007
17	81	0.0
17	82	0.009
17	83	0.001
18	0	n/a
18	1	n/a
18	2	n/a
18	3	n/a
18	4	n/a
18	5	n/a
18	6	n/a
18	7	n/a
18	8	n/a
18	9	n/a
18	10	n/a
18	11	n/a
18	12	n/a
18	13	n/a
18	14	n/a
18	15	n/a
18	16	n/a
18	17	n/a
18	18	n/a
18	19	n/a
18	20	n/a
18	21	n/a
18	22	n/a
18	23	n/a
18	24	n/a
18	25	n/a
18	26	n/a
18	27	n/a
18	28	n/a
18	29	n/a
18	30	n/a
18	31	n/a
18	32	n/a
18	33	n/a
18	34	n/a
18	35	n/a
18	36	n/a
18	37	n/a
18	38	n/a
18	39	n/a
18	40	n/a
18	41	n/a
18	42	n/a
18	43	n/a
18	44	n/a
18	45	n/a
18	46	n/a
18	47	n/a
18	48	n/a
18	49	n/a
18	50	n/a
18	51	n/a
18	52	n/a
18	53	n/a
18	54	n/a
18	55	n/a
18	56	n/a
18	57	n/a
18	58	n/a
18	59	n/a
18	60	n/a
18	61	n/a
18	62	n/a
18	63	n/a
18	64	n/a
18	65	n/a
18	66	n/a
18	67	n/a
18	68	n/a
18	69	n/a
18	70	n/a
18	71	n/a
18	72	n/a
18	73	n/a
18	74	n/a
18	75	n/a
18	76	n/a
18	77	n/a
18	78	n/a
18	79	n/a
18	80	n/a
18	81	n/a
18	82	n/a
18	83	n/a
19	0	n/a
19	1	n/a
19	2	n/a
19	3	n/a
19	4	n/a
19	5	n/a
19	6	0.045
19	7	0.01
19	8	n/a
19	9	n/a
19	10	0.006
19	11	0.024
19	12	n/a
19	13	0.017
19	14	0.037
19	15	n/a
19	16	n/a
19	17	0.001
19	18	n/a
19	19	0.014
19	20	n/a
19	21	0.005
19	22	n/a
19	23	n/a
19	24	n/a
19	25	n/a
19	26	n/a
19	27	n/a
19	28	0.024
19	29	n/a
19	30	n/a
19	31	n/a
19	32	n/a
19	33	0.016
19	34	n/a
19	35	0.007
19	36	0.027
19	37	0.024
19	38	n/a
19	39	0.029
19	40	0.009
19	41	0.002
19	42	0.002
19	43	n/a
19	44	0.001
19	45	0.0
19	46	0.001
19	47	0.0
19	48	0.045
19	49	n/a
19	50	0.013
19	51	n/a
19	52	0.006
19	53	0.009
19	54	0.001
19	55	0.0
19	56	0.039
19	57	0.001
19	58	n/a
19	59	0.015
19	60	n/a
19	61	n/a
19	62	n/a
19	63	0.001
19	64	0.014
19	65	0.001
19	66	0.0
19	67	0.0
19	68	0.011
19	69	0.003
19	70	0.016
19	71	0.001
19	72	0.0
19	73	0.003
19	74	0.01
19	75	0.003
19	76	0.0
19	77	0.001
19	78	0.003
19	79	n/a
19	80	0.01
19	81	0.0
19	82	0.0
19	83	0.016
20	0	n/a
20	1	n/a
20	2	n/a
20	3	n/a
20	4	n/a
20	5	n/a
20	6	n/a
20	7	n/a
20	8	n/a
20	9	n/a
20	10	n/a
20	11	n/a
20	12	n/a
20	13	n/a
20	14	n/a
20	15	n/a
20	16	n/a
20	17	n/a
20	18	n/a
20	19	n/a
20	20	n/a
20	21	n/a
20	22	n/a
20	23	n/a
20	24	n/a
20	25	n/a
20	26	n/a
20	27	n/a
20	28	n/a
20	29	n/a
20	30	n/a
20	31	n/a
20	32	n/a
20	33	n/a
20	34	n/a
20	35	n/a
20	36	n/a
20	37	n/a
20	38	n/a
20	39	n/a
20	40	n/a
20	41	n/a
20	42	n/a
20	43	n/a
20	44	n/a
20	45	n/a
20	46	n/a
20	47	n/a
20	48	n/a
20	49	n/a
20	50	n/a
20	51	n/a
20	52	n/a
20	53	n/a
20	54	n/a
20	55	n/a
20	56	n/a
20	57	n/a
20	58	n/a
20	59	n/a
20	60	n/a
20	61	n/a
20	62	n/a
20	63	n/a
20	64	n/a
20	65	n/a
20	66	n/a
20	67	n/a
20	68	n/a
20	69	n/a
20	70	n/a
20	71	n/a
20	72	n/a
20	73	n/a
20	74	n/a
20	75	n/a
20	76	n/a
20	77	n/a
20	78	n/a
20	79	n/a
20	80	n/a
20	81	n/a
20	82	n/a
20	83	n/a
21	0	n/a
21	1	n/a
21	2	n/a
21	3	n/a
21	4	n/a
21	5	n/a
21	6	0.002
21	7	0.001
21	8	n/a
21	9	n/a
21	10	0.034
21	11	0.005
21	12	n/a
21	13	0.011
21	14	0.04
21	15	n/a
21	16	n/a
21	17	0.022
21	18	n/a
21	19	0.005
21	20	n/a
21	21	0.017
21	22	n/a
21	23	0.011
21	24	n/a
21	25	n/a
21	26	n/a
21	27	n/a
21	28	n/a
21	29	n/a
21	30	n/a
21	31	n/a
21	32	0.003
21	33	0.01
21	34	n/a
21	35	0.012
21	36	0.008
21	37	0.024
21	38	n/a
21	39	0.0
21	40	0.0
21	41	0.03
21	42	0.016
21	43	n/a
21	44	0.002
21	45	0.001
21	46	0.019
21	47	0.0
21	48	0.007
21	49	n/a
21	50	0.001
21	51	n/a
21	52	0.004
21	53	0.0
21	54	0.007
21	55	0.001
21	56	0.005
21	57	0.038
21	58	n/a
21	59	0.002
21	60	n/a
21	61	n/a
21	62	0.012
21	63	0.007
21	64	0.006
21	65	0.0
21	66	0.0
21	67	0.006
21	68	0.001
21	69	0.023
21	70	0.004
21	71	0.026
21	72	0.009
21	73	0.001
21	74	0.011
21	75	0.013
21	76	0.025
21	77	0.001
21	78	0.013
21	79	n/a
21	80	0.0
21	81	0.0
21	82	0.005
21	83	0.003
22	0	n/a
22	1	n/a
22	2	n/a
22	3	n/a
22	4	n/a
22	5	n/a
22	6	n/a
22	7	n/a
22	8	n/a
22	9	n/a
22	10	n/a
22	11	n/a
22	12	n/a
22	13	n/a
22	14	n/a
22	15	n/a
22	16	n/a
22	17	n/a
22	18	n/a
22	19	n/a
22	20	n/a
22	21	n/a
22	22	n/a
22	23	n/a
22	24	n/a
22	25	n/a
22	26	n/a
22	27	n/a
22	28	n/a
22	29	n/a
22	30	n/a
22	31	n/a
22	32	n/a
22	33	n/a
22	34	n/a
22	35	n/a
22	36	n/a
22	37	n/a
22	38	n/a
22	39	n/a
22	40	n/a
22	41	n/a
22	42	n/a
22	43	n/a
22	44	n/a
22	45	n/a
22	46	n/a
22	47	n/a
22	48	n/a
22	49	n/a
22	50	n/a
22	51	n/a
22	52	n/a
22	53	n/a
22	54	n/a
22	55	n/a
22	56	n/a
22	57	n/a
22	58	n/a
22	59	n/a
22	60	n/a
22	61	n/a
22	62	n/a
22	63	n/a
22	64	n/a
22	65	n/a
22	66	n/a
22	67	n/a
22	68	n/a
22	69	n/a
22	70	n/a
22	71	n/a
22	72	n/a
22	73	n/a
22	74	n/a
22	75	n/a
22	76	n/a
22	77	n/a
22	78	n/a
22	79	n/a
22	80	n/a
22	81	n/a
22	82	n/a
22	83	n/a
23	0	n/a
23	1	n/a
23	2	n/a
23	3	n/a
23	4	n/a
23	5	n/a
23	6	0.002
23	7	0.009
23	8	n/a
23	9	n/a
23	10	n/a
23	11	0.005
23	12	n/a
23	13	0.008
23	14	0.051
23	15	n/a
23	16	n/a
23	17	0.007
23	18	n/a
23	19	n/a
23	20	n/a
23	21	0.011
23	22	n/a
23	23	0.013
23	24	n/a
23	25	n/a
23	26	n/a
23	27	n/a
23	28	0.008
23	29	n/a
23	30	n/a
23	31	n/a
23	32	0.02
23	33	0.022
23	34	n/a
23	35	0.01
23	36	0.005
23	37	0.012
23	38	n/a
23	39	0.013
23	40	0.004
23	41	n/a
23	42	0.008
23	43	n/a
23	44	0.013
23	45	0.004
23	46	0.004
23	47	0.002
23	48	0.003
23	49	n/a
23	50	0.008
23	51	n/a
23	52	0.0
23	53	0.022
23	54	0.006
23	55	0.016
23	56	0.012
23	57	0.007
23	58	n/a
23	59	0.004
23	60	n/a
23	61	n/a
23	62	0.006
23	63	0.002
23	64	0.019
23	65	0.011
23	66	0.006
23	67	0.003
23	68	0.007
23	69	0.005
23	70	0.009
23	71	0.012
23	72	0.01
23	73	0.0
23	74	0.0
23	75	0.016
23	76	0.003
23	77	0.017
23	78	0.01
23	79	n/a
23	80	0.019
23	81	0.001
23	82	0.03
23	83	0.0
24	0	n/a
24	1	n/a
24	2	n/a
24	3	n/a
24	4	n/a
24	5	n/a
24	6	n/a
24	7	n/a
24	8	n/a
24	9	n/a
24	10	n/a
24	11	n/a
24	12	n/a
24	13	n/a
24	14	n/a
24	15	n/a
24	16	n/a
24	17	n/a
24	18	n/a
24	19	n/a
24	20	n/a
24	21	n/a
24	22	n/a
24	23	n/a
24	24	n/a
24	25	n/a
24	26	n/a
24	27	n/a
24	28	n/a
24	29	n/a
24	30	n/a
24	31	n/a
24	32	n/a
24	33	n/a
24	34	n/a
24	35	n/a
24	36	n/a
24	37	n/a
24	38	n/a
24	39	n/a
24	40	n/a
24	41	n/a
24	42	n/a
24	43	n/a
24	44	n/a
24	45	n/a
24	46	n/a
24	47	n/a
24	48	n/a
24	49	n/a
24	50	n/a
24	51	n/a
24	52	n/a
24	53	n/a
24	54	n/a
24	55	n/a
24	56	n/a
24	57	n/a
24	58	n/a
24	59	n/a
24	60	n/a
24	61	n/a
24	62	n/a
24	63	n/a
24	64	n/a
24	65	n/a
24	66	n/a
24	67	n/a
24	68	n/a
24	69	n/a
24	70	n/a
24	71	n/a
24	72	n/a
24	73	n/a
24	74	n/a
24	75	n/a
24	76	n/a
24	77	n/a
24	78	n/a
24	79	n/a
24	80	n/a
24	81	n/a
24	82	n/a
24	83	n/a
25	0	n/a
25	1	n/a
25	2	n/a
25	3	n/a
25	4	n/a
25	5	n/a
25	6	n/a
25	7	n/a
25	8	n/a
25	9	n/a
25	10	n/a
25	11	n/a
25	12	n/a
25	13	n/a
25	14	n/a
25	15	n/a
25	16	n/a
25	17	n/a
25	18	n/a
25	19	n/a
25	20	n/a
25	21	n/a
25	22	n/a
25	23	n/a
25	24	n/a
25	25	n/a
25	26	n/a
25	27	n/a
25	28	n/a
25	29	n/a
25	30	n/a
25	31	n/a
25	32	n/a
25	33	n/a
25	34	n/a
25	35	n/a
25	36	n/a
25	37	n/a
25	38	n/a
25	39	n/a
25	40	n/a
25	41	n/a
25	42	n/a
25	43	n/a
25	44	n/a
25	45	n/a
25	46	n/a
25	47	n/a
25	48	n/a
25	49	n/a
25	50	n/a
25	51	n/a
25	52	n/a
25	53	n/a
25	54	n/a
25	55	n/a
25	56	n/a
25	57	n/a
25	58	n/a
25	59	n/a
25	60	n/a
25	61	n/a
25	62	n/a
25	63	n/a
25	64	n/a
25	65	n/a
25	66	n/a
25	67	n/a
25	68	n/a
25	69	n/a
25	70	n/a
25	71	n/a
25	72	n/a
25	73	n/a
25	74	n/a
25	75	n/a
25	76	n/a
25	77	n/a
25	78	n/a
25	79	n/a
25	80	n/a
25	81	n/a
25	82	n/a
25	83	n/a
26	0	n/a
26	1	n/a
26	2	n/a
26	3	n/a
26	4	n/a
26	5	n/a
26	6	n/a
26	7	n/a
26	8	n/a
26	9	n/a
26	10	n/a
26	11	n/a
26	12	n/a
26	13	n/a
26	14	n/a
26	15	n/a
26	16	n/a
26	17	n/a
26	18	n/a
26	19	n/a
26	20	n/a
26	21	n/a
26	22	n/a
26	23	n/a
26	24	n/a
26	25	n/a
26	26	n/a
26	27	n/a
26	28	n/a
26	29	n/a
26	30	n/a
26	31	n/a
26	32	n/a
26	33	n/a
26	34	n/a
26	35	n/a
26	36	n/a
26	37	n/a
26	38	n/a
26	39	n/a
26	40	n/a
26	41	n/a
26	42	n/a
26	43	n/a
26	44	n/a
26	45	n/a
26	46	n/a
26	47	n/a
26	48	n/a
26	49	n/a
26	50	n/a
26	51	n/a
26	52	n/a
26	53	n/a
26	54	n/a
26	55	n/a
26	56	n/a
26	57	n/a
26	58	n/a
26	59	n/a
26	60	n/a
26	61	n/a
26	62	n/a
26	63	n/a
26	64	n/a
26	65	n/a
26	66	n/a
26	67	n/a
26	68	n/a
26	69	n/a
26	70	n/a
26	71	n/a
26	72	n/a
26	73	n/a
26	74	n/a
26	75	n/a
26	76	n/a
26	77	n/a
26	78	n/a
26	79	n/a
26	80	n/a
26	81	n/a
26	82	n/a
26	83	n/a
27	0	n/a
27	1	n/a
27	2	n/a
27	3	n/a
27	4	n/a
27	5	n/a
27	6	n/a
27	7	n/a
27	8	n/a
27	9	n/a
27	10	n/a
27	11	n/a
27	12	n/a
27	13	n/a
27	14	n/a
27	15	n/a
27	16	n/a
27	17	n/a
27	18	n/a
27	19	n/a
27	20	n/a
27	21	n/a
27	22	n/a
27	23	n/a
27	24	n/a
27	25	n/a
27	26	n/a
27	27	n/a
27	28	n/a
27	29	n/a
27	30	n/a
27	31	n/a
27	32	n/a
27	33	n/a
27	34	n/a
27	35	n/a
27	36	n/a
27	37	n/a
27	38	n/a
27	39	n/a
27	40	n/a
27	41	n/a
27	42	n/a
27	43	n/a
27	44	n/a
27	45	n/a
27	46	n/a
27	47	n/a
27	48	n/a
27	49	n/a
27	50	n/a
27	51	n/a
27	52	n/a
27	53	n/a
27	54	n/a
27	55	n/a
27	56	n/a
27	57	n/a
27	58	n/a
27	59	n/a
27	60	n/a
27	61	n/a
27	62	n/a
27	63	n/a
27	64	n/a
27	65	n/a
27	66	n/a
27	67	n/a
27	68	n/a
27	69	n/a
27	70	n/a
27	71	n/a
27	72	n/a
27	73	n/a
27	74	n/a
27	75	n/a
27	76	n/a
27	77	n/a
27	78	n/a
27	79	n/a
27	80	n/a
27	81	n/a
27	82	n/a
27	83	n/a
28	0	n/a
28	1	n/a
28	2	n/a
28	3	n/a
28	4	n/a
28	5	n/a
28	6	0.002
28	7	0.017
28	8	n/a
28	9	n/a
28	10	0.003
28	11	0.008
28	12	n/a
28	13	0.022
28	14	0.008
28	15	n/a
28	16	n/a
28	17	0.008
28	18	n/a
28	19	0.024
28	20	n/a
28	21	n/a
28	22	n/a
28	23	0.008
28	24	n/a
28	25	n/a
28	26	n/a
28	27	n/a
28	28	0.007
28	29	n/a
28	30	n/a
28	31	n/a
28	32	0.009
28	33	0.003
28	34	n/a
28	35	0.024
28	36	0.013
28	37	0.004
28	38	n/a
28	39	0.041
28	40	0.008
28	41	0.002
28	42	0.006
28	43	n/a
28	44	0.014
28	45	0.006
28	46	0.003
28	47	0.002
28	48	0.002
28	49	n/a
28	50	0.003
28	51	n/a
28	52	0.0
28	53	0.005
28	54	0.006
28	55	0.011
28	56	0.005
28	57	0.001
28	58	n/a
28	59	0.012
28	60	n/a
28	61	n/a
28	62	0.009
28	63	0.009
28	64	0.001
28	65	0.039
28	66	0.002
28	67	0.0
28	68	n/a
28	69	0.005
28	70	0.031
28	71	0.015
28	72	0.006
28	73	0.001
28	74	0.04
28	75	n/a
28	76	0.001
28	77	0.004
28	78	0.0
28	79	n/a
28	80	0.002
28	81	0.014
28	82	0.005
28	83	0.003
29	0	n/a
29	1	n/a
29	2	n/a
29	3	n/a
29	4	n/a
29	5	n/a
29	6	n/a
29	7	n/a
29	8	n/a
29	9	n/a
29	10	n/a
29	11	n/a
29	12	n/a
29	13	n/a
29	14	n/a
29	15	n/a
29	16	n/a
29	17	n/a
29	18	n/a
29	19	n/a
29	20	n/a
29	21	n/a
29	22	n/a
29	23	n/a
29	24	n/a
29	25	n/a
29	26	n/a
29	27	n/a
29	28	n/a
29	29	n/a
29	30	n/a
29	31	n/a
29	32	n/a
29	33	n/a
29	34	n/a
29	35	n/a
29	36	n/a
29	37	n/a
29	38	n/a
29	39	n/a
29	40	n/a
29	41	n/a
29	42	n/a
29	43	n/a
29	44	n/a
29	45	n/a
29	46	n/a
29	47	n/a
29	48	n/a
29	49	n/a
29	50	n/a
29	51	n/a
29	52	n/a
29	53	n/a
29	54	n/a
29	55	n/a
29	56	n/a
29	57	n/a
29	58	n/a
29	59	n/a
29	60	n/a
29	61	n/a
29	62	n/a
29	63	n/a
29	64	n/a
29	65	n/a
29	66	n/a
29	67	n/a
29	68	n/a
29	69	n/a
29	70	n/a
29	71	n/a
29	72	n/a
29	73	n/a
29	74	n/a
29	75	n/a
29	76	n/a
29	77	n/a
29	78	n/a
29	79	n/a
29	80	n/a
29	81	n/a
29	82	n/a
29	83	n/a
30	0	n/a
30	1	n/a
30	2	n/a
30	3	n/a
30	4	n/a
30	5	n/a
30	6	n/a
30	7	n/a
30	8	n/a
30	9	n/a
30	10	n/a
30	11	n/a
30	12	n/a
30	13	n/a
30	14	n/a
30	15	n/a
30	16	n/a
30	17	n/a
30	18	n/a
30	19	n/a
30	20	n/a
30	21	n/a
30	22	n/a
30	23	n/a
30	24	n/a
30	25	n/a
30	26	n/a
30	27	n/a
30	28	n/a
30	29	n/a
30	30	n/a
30	31	n/a
30	32	n/a
30	33	n/a
30	34	n/a
30	35	n/a
30	36	n/a
30	37	n/a
30	38	n/a
30	39	n/a
30	40	n/a
30	41	n/a
30	42	n/a
30	43	n/a
30	44	n/a
30	45	n/a
30	46	n/a
30	47	n/a
30	48	n/a
30	49	n/a
30	50	n/a
30	51	n/a
30	52	n/a
30	53	n/a
30	54	n/a
30	55	n/a
30	56	n/a
30	57	n/a
30	58	n/a
30	59	n/a
30	60	n/a
30	61	n/a
30	62	n/a
30	63	n/a
30	64	n/a
30	65	n/a
30	66	n/a
30	67	n/a
30	68	n/a
30	69	n/a
30	70	n/a
30	71	n/a
30	72	n/a
30	73	n/a
30	74	n/a
30	75	n/a
30	76	n/a
30	77	n/a
30	78	n/a
30	79	n/a
30	80	n/a
30	81	n/a
30	82	n/a
30	83	n/a
31	0	n/a
31	1	n/a
31	2	n/a
31	3	n/a
31	4	n/a
31	5	n/a
31	6	n/a
31	7	n/a
31	8	n/a
31	9	n/a
31	10	n/a
31	11	n/a
31	12	n/a
31	13	n/a
31	14	n/a
31	15	n/a
31	16	n/a
31	17	n/a
31	18	n/a
31	19	n/a
31	20	n/a
31	21	n/a
31	22	n/a
31	23	n/a
31	24	n/a
31	25	n/a
31	26	n/a
31	27	n/a
31	28	n/a
31	29	n/a
31	30	n/a
31	31	n/a
31	32	n/a
31	33	n/a
31	34	n/a
31	35	n/a
31	36	n/a
31	37	n/a
31	38	n/a
31	39	n/a
31	40	n/a
31	41	n/a
31	42	n/a
31	43	n/a
31	44	n/a
31	45	n/a
31	46	n/a
31	47	n/a
31	48	n/a
31	49	n/a
31	50	n/a
31	51	n/a
31	52	n/a
31	53	n/a
31	54	n/a
31	55	n/a
31	56	n/a
31	57	n/a
31	58	n/a
31	59	n/a
31	60	n/a
31	61	n/a
31	62	n/a
31	63	n/a
31	64	n/a
31	65	n/a
31	66	n/a
31	67	n/a
31	68	n/a
31	69	n/a
31	70	n/a
31	71	n/a
31	72	n/a
31	73	n/a
31	74	n/a
31	75	n/a
31	76	n/a
31	77	n/a
31	78	n/a
31	79	n/a
31	80	n/a
31	81	n/a
31	82	n/a
31	83	n/a
32	0	n/a
32	1	n/a
32	2	n/a
32	3	n/a
32	4	n/a
32	5	n/a
32	6	0.004
32	7	n/a
32	8	n/a
32	9	n/a
32	10	0.002
32	11	n/a
32	12	n/a
32	13	0.016
32	14	0.007
32	15	n/a
32	16	n/a
32	17	n/a
32	18	n/a
32	19	n/a
32	20	n/a
32	21	0.003
32	22	n/a
32	23	0.02
32	24	n/a
32	25	n/a
32	26	n/a
32	27	n/a
32	28	0.009
32	29	n/a
32	30	n/a
32	31	n/a
32	32	0.006
32	33	0.012
32	34	n/a
32	35	0.003
32	36	0.024
32	37	0.015
32	38	n/a
32	39	0.004
32	40	0.013
32	41	0.008
32	42	n/a
32	43	n/a
32	44	0.003
32	45	0.002
32	46	0.007
32	47	0.001
32	48	0.008
32	49	n/a
32	50	0.002
32	51	n/a
32	52	0.046
32	53	0.0
32	54	0.01
32	55	0.007
32	56	0.008
32	57	0.0
32	58	n/a
32	59	0.008
32	60	n/a
32	61	n/a
32	62	n/a
32	63	0.029
32	64	0.004
32	65	0.0
32	66	0.0
32	67	0.002
32	68	0.002
32	69	0.016
32	70	0.009
32	71	0.002
32	72	0.023
32	73	0.002
32	74	0.005
32	75	0.005
32	76	0.017
32	77	0.0
32	78	0.001
32	79	n/a
32	80	0.003
32	81	0.008
32	82	0.004
32	83	0.001
33	0	n/a
33	1	n/a
33	2	n/a
33	3	n/a
33	4	n/a
33	5	n/a
33	6	0.014
33	7	0.005
33	8	n/a
33	9	n/a
33	10	0.003
33	11	0.007
33	12	n/a
33	13	0.012
33	14	0.042
33	15	n/a
33	16	n/a
33	17	0.006
33	18	n/a
33	19	0.016
33	20	n/a
33	21	0.01
33	22	n/a
33	23	0.022
33	24	n/a
33	25	n/a
33	26	n/a
33	27	n/a
33	28	0.003
33	29	n/a
33	30	n/a
33	31	n/a
33	32	0.012
33	33	0.004
33	34	n/a
33	35	0.038
33	36	0.029
33	37	0.006
33	38	n/a
33	39	0.034
33	40	0.007
33	41	0.007
33	42	0.003
33	43	n/a
33	44	0.007
33	45	0.001
33	46	0.008
33	47	0.0
33	48	0.001
33	49	n/a
33	50	0.027
33	51	n/a
33	52	0.011
33	53	0.008
33	54	0.001
33	55	0.023
33	56	0.014
33	57	0.0
33	58	n/a
33	59	0.013
33	60	n/a
33	61	n/a
33	62	0.002
33	63	n/a
33	64	n/a
33	65	0.001
33	66	0.019
33	67	0.047
33	68	n/a
33	69	0.001
33	70	0.0
33	71	0.0
33	72	0.001
33	73	0.005
33	74	0.012
33	75	0.008
33	76	0.004
33	77	0.0
33	78	0.009
33	79	n/a
33	80	0.001
33	81	0.0
33	82	0.002
33	83	0.0
34	0	n/a
34	1	n/a
34	2	n/a
34	3	n/a
34	4	n/a
34	5	n/a
34	6	n/a
34	7	n/a
34	8	n/a
34	9	n/a
34	10	n/a
34	11	n/a
34	12	n/a
34	13	n/a
34	14	n/a
34	15	n/a
34	16	n/a
34	17	n/a
34	18	n/a
34	19	n/a
34	20	n/a
34	21	n/a
34	22	n/a
34	23	n/a
34	24	n/a
34	25	n/a
34	26	n/a
34	27	n/a
34	28	n/a
34	29	n/a
34	30	n/a
34	31	n/a
34	32	n/a
34	33	n/a
34	34	n/a
34	35	n/a
34	36	n/a
34	37	n/a
34	38	n/a
34	39	n/a
34	40	n/a
34	41	n/a
34	42	n/a
34	43	n/a
34	44	n/a
34	45	n/a
34	46	n/a
34	47	n/a
34	48	n/a
34	49	n/a
34	50	n/a
34	51	n/a
34	52	n/a
34	53	n/a
34	54	n/a
34	55	n/a
34	56	n/a
34	57	n/a
34	58	n/a
34	59	n/a
34	60	n/a
34	61	n/a
34	62	n/a
34	63	n/a
34	64	n/a
34	65	n/a
34	66	n/a
34	67	n/a
34	68	n/a
34	69	n/a
34	70	n/a
34	71	n/a
34	72	n/a
34	73	n/a
34	74	n/a
34	75	n/a
34	76	n/a
34	77	n/a
34	78	n/a
34	79	n/a
34	80	n/a
34	81	n/a
34	82	n/a
34	83	n/a
35	0	n/a
35	1	n/a
35	2	n/a
35	3	n/a
35	4	n/a
35	5	n/a
35	6	0.009
35	7	0.026
35	8	n/a
35	9	n/a
35	10	0.053
35	11	0.018
35	12	n/a
35	13	0.034
35	14	0.001
35	15	n/a
35	16	n/a
35	17	0.019
35	18	n/a
35	19	0.007
35	20	n/a
35	21	0.012
35	22	n/a
35	23	0.01
35	24	n/a
35	25	n/a
35	26	n/a
35	27	n/a
35	28	0.024
35	29	n/a
35	30	n/a
35	31	n/a
35	32	0.003
35	33	0.038
35	34	n/a
35	35	0.001
35	36	0.02
35	37	0.053
35	38	n/a
35	39	0.039
35	40	0.011
35	41	0.0
35	42	0.001
35	43	n/a
35	44	0.009
35	45	0.002
35	46	0.0
35	47	0.006
35	48	0.0
35	49	n/a
35	50	0.011
35	51	n/a
35	52	0.0
35	53	0.001
35	54	0.021
35	55	0.016
35	56	0.002
35	57	0.002
35	58	n/a
35	59	0.001
35	60	n/a
35	61	n/a
35	62	0.02
35	63	0.003
35	64	0.008
35	65	0.001
35	66	0.004
35	67	0.0
35	68	0.002
35	69	0.012
35	70	0.009
35	71	0.006
35	72	0.007
35	73	0.003
35	74	0.017
35	75	0.009
35	76	0.01
35	77	0.011
35	78	0.014
35	79	n/a
35	80	0.018
35	81	0.004
35	82	0.065
35	83	0.011
36	0	n/a
36	1	n/a
36	2	n/a
36	3	n/a
36	4	n/a
36	5	n/a
36	6	0.0
36	7	0.014
36	8	n/a
36	9	n/a
36	10	0.004
36	11	0.01
36	12	n/a
36	13	0.012
36	14	0.0
36	15	n/a
36	16	n/a
36	17	0.017
36	18	n/a
36	19	0.027
36	20	n/a
36	21	0.008
36	22	n/a
36	23	0.005
36	24	n/a
36	25	n/a
36	26	n/a
36	27	n/a
36	28	0.013
36	29	n/a
36	30	n/a
36	31	n/a
36	32	0.024
36	33	0.029
36	34	n/a
36	35	0.02
36	36	0.02
36	37	0.014
36	38	n/a
36	39	0.003
36	40	0.009
36	41	0.0
36	42	0.001
36	43	n/a
36	44	0.003
36	45	0.001
36	46	0.0
36	47	0.0
36	48	0.0
36	49	n/a
36	50	0.013
36	51	n/a
36	52	0.01
36	53	0.002
36	54	0.0
36	55	0.007
36	56	0.004
36	57	0.002
36	58	n/a
36	59	0.004
36	60	n/a
36	61	n/a
36	62	0.005
36	63	0.024
36	64	0.025
36	65	0.0
36	66	0.004
36	67	0.033
36	68	0.0
36	69	0.001
36	70	0.025
36	71	0.003
36	72	0.009
36	73	0.007
36	74	0.015
36	75	0.008
36	76	0.023
36	77	0.01
36	78	0.003
36	79	n/a
36	80	0.001
36	81	0.004
36	82	0.007
36	83	0.011
37	0	n/a
37	1	n/a
37	2	n/a
37	3	n/a
37	4	n/a
37	5	n/a
37	6	0.008
37	7	0.004
37	8	n/a
37	9	n/a
37	10	0.01
37	11	0.014
37	12	n/a
37	13	0.004
37	14	0.042
37	15	n/a
37	16	n/a
37	17	0.012
37	18	n/a
37	19	0.024
37	20	n/a
37	21	0.024
37	22	n/a
37	23	0.012
37	24	n/a
37	25	n/a
37	26	n/a
37	27	n/a
37	28	0.004
37	29	n/a
37	30	n/a
37	31	n/a
37	32	0.015
37	33	0.006
37	34	n/a
37	35	0.053
37	36	0.014
37	37	0.035
37	38	n/a
37	39	0.058
37	40	0.0
37	41	0.011
37	42	0.005
37	43	n/a
37	44	0.0
37	45	0.004
37	46	0.006
37	47	0.0
37	48	0.014
37	49	n/a
37	50	0.019
37	51	n/a
37	52	0.004
37	53	0.013
37	54	0.0
37	55	0.021
37	56	0.001
37	57	0.014
37	58	n/a
37	59	0.0
37	60	n/a
37	61	n/a
37	62	0.001
37	63	0.002
37	64	0.0
37	65	0.0
37	66	0.007
37	67	0.003
37	68	0.004
37	69	0.0
37	70	0.016
37	71	0.002
37	72	0.005
37	73	0.004
37	74	0.018
37	75	0.011
37	76	0.005
37	77	0.003
37	78	0.003
37	79	n/a
37	80	0.015
37	81	0.001
37	82	0.004
37	83	0.016
38	0	n/a
38	1	n/a
38	2	n/a
38	3	n/a
38	4	n/a
38	5	n/a
38	6	n/a
38	7	n/a
38	8	n/a
38	9	n/a
38	10	n/a
38	11	n/a
38	12	n/a
38	13	n/a
38	14	n/a
38	15	n/a
38	16	n/a
38	17	n/a
38	18	n/a
38	19	n/a
38	20	n/a
38	21	n/a
38	22	n/a
38	23	n/a
38	24	n/a
38	25	n/a
38	26	n/a
38	27	n/a
38	28	n/a
38	29	n/a
38	30	n/a
38	31	n/a
38	32	n/a
38	33	n/a
38	34	n/a
38	35	n/a
38	36	n/a
38	37	n/a
38	38	n/a
38	39	n/a
38	40	n/a
38	41	n/a
38	42	n/a
38	43	n/a
38	44	n/a
38	45	n/a
38	46	n/a
38	47	n/a
38	48	n/a
38	49	n/a
38	50	n/a
38	51	n/a
38	52	n/a
38	53	n/a
38	54	n/a
38	55	n/a
38	56	n/a
38	57	n/a
38	58	n/a
38	59	n/a
38	60	n/a
38	61	n/a
38	62	n/a
38	63	n/a
38	64	n/a
38	65	n/a
38	66	n/a
38	67	n/a
38	68	n/a
38	69	n/a
38	70	n/a
38	71	n/a
38	72	n/a
38	73	n/a
38	74	n/a
38	75	n/a
38	76	n/a
38	77	n/a
38	78	n/a
38	79	n/a
38	80	n/a
38	81	n/a
38	82	n/a
38	83	n/a
39	0	n/a
39	1	n/a
39	2	n/a
39	3	n/a
39	4	n/a
39	5	n/a
39	6	0.002
39	7	0.022
39	8	n/a
39	9	n/a
39	10	0.04
39	11	0.017
39	12	n/a
39	13	0.046
39	14	0.046
39	15	n/a
39	16	n/a
39	17	0.0
39	18	n/a
39	19	0.029
39	20	n/a
39	21	0.0
39	22	n/a
39	23	0.013
39	24	n/a
39	25	n/a
39	26	n/a
39	27	n/a
39	28	0.041
39	29	n/a
39	30	n/a
39	31	n/a
39	32	0.004
39	33	0.034
39	34	n/a
39	35	0.039
39	36	0.003
39	37	0.058
39	38	n/a
39	39	0.047
39	40	0.004
39	41	0.002
39	42	0.0
39	43	n/a
39	44	0.01
39	45	0.002
39	46	0.016
39	47	0.002
39	48	0.009
39	49	n/a
39	50	0.0
39	51	n/a
39	52	0.023
39	53	0.005
39	54	0.0
39	55	0.01
39	56	0.006
39	57	0.007
39	58	n/a
39	59	0.003
39	60	n/a
39	61	n/a
39	62	0.004
39	63	0.003
39	64	0.001
39	65	0.0
39	66	0.002
39	67	0.006
39	68	0.01
39	69	0.0
39	70	0.075
39	71	0.001
39	72	0.004
39	73	0.0
39	74	0.012
39	75	0.013
39	76	0.005
39	77	0.002
39	78	0.007
39	79	n/a
39	80	0.017
39	81	0.0
39	82	0.0
39	83	0.0
40	0	n/a
40	1	n/a
40	2	n/a
40	3	n/a
40	4	n/a
40	5	n/a
40	6	0.007
40	7	0.027
40	8	n/a
40	9	n/a
40	10	0.022
40	11	0.001
40	12	n/a
40	13	0.015
40	14	0.016
40	15	n/a
40	16	n/a
40	17	0.0
40	18	n/a
40	19	0.009
40	20	n/a
40	21	0.0
40	22	n/a
40	23	0.004
40	24	n/a
40	25	n/a
40	26	n/a
40	27	n/a
40	28	0.008
40	29	n/a
40	30	n/a
40	31	n/a
40	32	0.013
40	33	0.007
40	34	n/a
40	35	0.011
40	36	0.009
40	37	0.0
40	38	n/a
40	39	0.004
40	40	0.001
40	41	0.008
40	42	0.017
40	43	n/a
40	44	0.004
40	45	0.0
40	46	0.012
40	47	0.002
40	48	0.001
40	49	n/a
40	50	0.023
40	51	n/a
40	52	0.077
40	53	0.0
40	54	0.001
40	55	0.0
40	56	0.002
40	57	0.0
40	58	n/a
40	59	0.0
40	60	n/a
40	61	n/a
40	62	0.006
40	63	0.015
40	64	0.005
40	65	0.0
40	66	0.0
40	67	0.0
40	68	0.0
40	69	0.001
40	70	0.001
40	71	0.0
40	72	0.001
40	73	0.007
40	74	0.002
40	75	0.001
40	76	0.035
40	77	0.011
40	78	0.0
40	79	n/a
40	80	0.023
40	81	0.002
40	82	0.001
40	83	0.009
41	0	n/a
41	1	n/a
41	2	n/a
41	3	n/a
41	4	n/a
41	5	n/a
41	6	0.027
41	7	0.001
41	8	n/a
41	9	n/a
41	10	n/a
41	11	0.05
41	12	n/a
41	13	0.001
41	14	n/a
41	15	n/a
41	16	n/a
41	17	n/a
41	18	n/a
41	19	0.002
41	20	n/a
41	21	0.03
41	22	n/a
41	23	n/a
41	24	n/a
41	25	n/a
41	26	n/a
41	27	n/a
41	28	0.002
41	29	n/a
41	30	n/a
41	31	n/a
41	32	0.008
41	33	0.007
41	34	n/a
41	35	0.0
41	36	0.0
41	37	0.011
41	38	n/a
41	39	0.002
41	40	0.008
41	41	n/a
41	42	0.002
41	43	n/a
41	44	0.009
41	45	0.001
41	46	0.008
41	47	0.035
41	48	0.001
41	49	n/a
41	50	0.011
41	51	n/a
41	52	0.0
41	53	0.049
41	54	0.019
41	55	0.002
41	56	0.005
41	57	0.0
41	58	n/a
41	59	0.025
41	60	n/a
41	61	n/a
41	62	0.012
41	63	n/a
41	64	0.002
41	65	0.0
41	66	0.0
41	67	0.001
41	68	n/a
41	69	0.002
41	70	0.001
41	71	0.002
41	72	0.0
41	73	0.01
41	74	0.001
41	75	0.014
41	76	0.002
41	77	0.004
41	78	0.002
41	79	n/a
41	80	0.001
41	81	0.007
41	82	0.0
41	83	0.002
42	0	n/a
42	1	n/a
42	2	n/a
42	3	n/a
42	4	n/a
42	5	n/a
42	6	0.017
42	7	0.001
42	8	n/a
42	9	n/a
42	10	0.002
42	11	0.015
42	12	n/a
42	13	0.003
42	14	n/a
42	15	n/a
42	16	n/a
42	17	0.003
42	18	n/a
42	19	0.002
42	20	n/a
42	21	0.016
42	22	n/a
42	23	0.008
42	24	n/a
42	25	n/a
42	26	n/a
42	27	n/a
42	28	0.006
42	29	n/a
42	30	n/a
42	31	n/a
42	32	n/a
42	33	0.003
42	34	n/a
42	35	0.001
42	36	0.001
42	37	0.005
42	38	n/a
42	39	0.0
42	40	0.017
42	41	0.002
42	42	0.01
42	43	n/a
42	44	0.003
42	45	0.001
42	46	0.017
42	47	0.003
42	48	0.001
42	49	n/a
42	50	0.01
42	51	n/a
42	52	0.001
42	53	0.01
42	54	0.007
42	55	0.012
42	56	0.034
42	57	0.037
42	58	n/a
42	59	0.008
42	60	n/a
42	61	n/a
42	62	0.033
42	63	0.001
42	64	0.007
42	65	0.017
42	66	0.01
42	67	0.004
42	68	0.006
42	69	0.001
42	70	0.006
42	71	0.0
42	72	0.009
42	73	0.012
42	74	0.008
42	75	0.004
42	76	0.019
42	77	0.051
42	78	0.023
42	79	n/a
42	80	0.015
42	81	0.038
42	82	0.047
42	83	0.012
43	0	n/a
43	1	n/a
43	2	n/a
43	3	n/a
43	4	n/a
43	5	n/a
43	6	n/a
43	7	n/a
43	8	n/a
43	9	n/a
43	10	n/a
43	11	n/a
43	12	n/a
43	13	n/a
43	14	n/a
43	15	n/a
43	16	n/a
43	17	n/a
43	18	n/a
43	19	n/a
43	20	n/a
43	21	n/a
43	22	n/a
43	23	n/a
43	24	n/a
43	25	n/a
43	26	n/a
43	27	n/a
43	28	n/a
43	29	n/a
43	30	n/a
43	31	n/a
43	32	n/a
43	33	n/a
43	34	n/a
43	35	n/a
43	36	n/a
43	37	n/a
43	38	n/a
43	39	n/a
43	40	n/a
43	41	n/a
43	42	n/a
43	43	n/a
43	44	n/a
43	45	n/a
43	46	n/a
43	47	n/a
43	48	n/a
43	49	n/a
43	50	n/a
43	51	n/a
43	52	n/a
43	53	n/a
43	54	n/a
43	55	n/a
43	56	n/a
43	57	n/a
43	58	n/a
43	59	n/a
43	60	n/a
43	61	n/a
43	62	n/a
43	63	n/a
43	64	n/a
43	65	n/a
43	66	n/a
43	67	n/a
43	68	n/a
43	69	n/a
43	70	n/a
43	71	n/a
43	72	n/a
43	73	n/a
43	74	n/a
43	75	n/a
43	76	n/a
43	77	n/a
43	78	n/a
43	79	n/a
43	80	n/a
43	81	n/a
43	82	n/a
43	83	n/a
44	0	n/a
44	1	n/a
44	2	n/a
44	3	n/a
44	4	n/a
44	5	n/a
44	6	0.001
44	7	0.001
44	8	n/a
44	9	n/a
44	10	0.009
44	11	0.019
44	12	n/a
44	13	0.015
44	14	0.001
44	15	n/a
44	16	n/a
44	17	0.006
44	18	n/a
44	19	0.001
44	20	n/a
44	21	0.002
44	22	n/a
44	23	0.013
44	24	n/a
44	25	n/a
44	26	n/a
44	27	n/a
44	28	0.014
44	29	n/a
44	30	n/a
44	31	n/a
44	32	0.003
44	33	0.007
44	34	n/a
44	35	0.009
44	36	0.003
44	37	0.0
44	38	n/a
44	39	0.01
44	40	0.004
44	41	0.009
44	42	0.003
44	43	n/a
44	44	0.001
44	45	0.019
44	46	0.035
44	47	0.024
44	48	0.022
44	49	n/a
44	50	0.009
44	51	n/a
44	52	0.02
44	53	0.002
44	54	0.0
44	55	0.026
44	56	0.022
44	57	0.022
44	58	n/a
44	59	0.0
44	60	n/a
44	61	n/a
44	62	0.017
44	63	0.042
44	64	0.017
44	65	0.034
44	66	0.004
44	67	0.008
44	68	0.014
44	69	0.018
44	70	0.01
44	71	0.01
44	72	0.022
44	73	0.004
44	74	0.015
44	75	0.022
44	76	0.044
44	77	0.03
44	78	0.035
44	79	n/a
44	80	0.015
44	81	0.031
44	82	0.018
44	83	0.002
45	0	n/a
45	1	n/a
45	2	n/a
45	3	n/a
45	4	n/a
45	5	n/a
45	6	0.003
45	7	0.0
45	8	n/a
45	9	n/a
45	10	0.043
45	11	0.0
45	12	n/a
45	13	0.017
45	14	0.007
45	15	n/a
45	16	n/a
45	17	0.009
45	18	n/a
45	19	0.0
45	20	n/a
45	21	0.001
45	22	n/a
45	23	0.004
45	24	n/a
45	25	n/a
45	26	n/a
45	27	n/a
45	28	0.006
45	29	n/a
45	30	n/a
45	31	n/a
45	32	0.002
45	33	0.001
45	34	n/a
45	35	0.002
45	36	0.001
45	37	0.004
45	38	n/a
45	39	0.002
45	40	0.0
45	41	0.001
45	42	0.001
45	43	n/a
45	44	0.019
45	45	0.024
45	46	0.011
45	47	0.002
45	48	0.005
45	49	n/a
45	50	0.01
45	51	n/a
45	52	0.005
45	53	0.002
45	54	0.001
45	55	0.026
45	56	0.0
45	57	0.014
45	58	n/a
45	59	0.016
45	60	n/a
45	61	n/a
45	62	0.03
45	63	0.0
45	64	0.025
45	65	0.04
45	66	0.031
45	67	0.051
45	68	0.005
45	69	0.04
45	70	0.035
45	71	0.023
45	72	0.02
45	73	0.029
45	74	0.042
45	75	0.038
45	76	0.033
45	77	0.0
45	78	0.038
45	79	n/a
45	80	0.021
45	81	0.023
45	82	0.055
45	83	0.006
46	0	n/a
46	1	n/a
46	2	n/a
46	3	n/a
46	4	n/a
46	5	n/a
46	6	0.005
46	7	0.002
46	8	n/a
46	9	n/a
46	10	0.004
46	11	0.0
46	12	n/a
46	13	0.008
46	14	0.012
46	15	n/a
46	16	n/a
46	17	0.007
46	18	n/a
46	19	0.001
46	20	n/a
46	21	0.019
46	22	n/a
46	23	0.004
46	24	n/a
46	25	n/a
46	26	n/a
46	27	n/a
46	28	0.003
46	29	n/a
46	30	n/a
46	31	n/a
46	32	0.007
46	33	0.008
46	34	n/a
46	35	0.0
46	36	0.0
46	37	0.006
46	38	n/a
46	39	0.016
46	40	0.012
46	41	0.008
46	42	0.017
46	43	n/a
46	44	0.035
46	45	0.011
46	46	0.038
46	47	0.0
46	48	0.031
46	49	n/a
46	50	0.006
46	51	n/a
46	52	0.022
46	53	0.003
46	54	0.026
46	55	0.022
46	56	0.064
46	57	0.058
46	58	n/a
46	59	0.001
46	60	n/a
46	61	n/a
46	62	0.03
46	63	0.032
46	64	0.0
46	65	0.001
46	66	0.001
46	67	0.004
46	68	0.032
46	69	0.002
46	70	0.012
46	71	0.01
46	72	0.022
46	73	0.018
46	74	0.004
46	75	0.014
46	76	0.018
46	77	0.061
46	78	0.011
46	79	n/a
46	80	0.047
46	81	0.003
46	82	0.058
46	83	0.005
47	0	n/a
47	1	n/a
47	2	n/a
47	3	n/a
47	4	n/a
47	5	n/a
47	6	0.001
47	7	0.003
47	8	n/a
47	9	n/a
47	10	0.007
47	11	0.007
47	12	n/a
47	13	0.0
47	14	0.0
47	15	n/a
47	16	n/a
47	17	0.003
47	18	n/a
47	19	0.0
47	20	n/a
47	21	0.0
47	22	n/a
47	23	0.002
47	24	n/a
47	25	n/a
47	26	n/a
47	27	n/a
47	28	0.002
47	29	n/a
47	30	n/a
47	31	n/a
47	32	0.001
47	33	0.0
47	34	n/a
47	35	0.006
47	36	0.0
47	37	0.0
47	38	n/a
47	39	0.002
47	40	0.002
47	41	0.035
47	42	0.003
47	43	n/a
47	44	0.024
47	45	0.002
47	46	0.0
47	47	0.0
47	48	0.003
47	49	n/a
47	50	0.04
47	51	n/a
47	52	0.021
47	53	0.026
47	54	0.04
47	55	0.002
47	56	0.079
47	57	0.001
47	58	n/a
47	59	0.001
47	60	n/a
47	61	n/a
47	62	0.03
47	63	0.003
47	64	0.001
47	65	0.004
47	66	0.005
47	67	0.016
47	68	0.01
47	69	0.012
47	70	0.001
47	71	0.001
47	72	0.001
47	73	0.0
47	74	0.004
47	75	0.007
47	76	0.0
47	77	0.014
47	78	0.047
47	79	n/a
47	80	0.062
47	81	0.0
47	82	0.001
47	83	0.028
48	0	n/a
48	1	n/a
48	2	n/a
48	3	n/a
48	4	n/a
48	5	n/a
48	6	0.018
48	7	0.006
48	8	n/a
48	9	n/a
48	10	0.005
48	11	0.0
48	12	n/a
48	13	0.0
48	14	0.005
48	15	n/a
48	16	n/a
48	17	0.037
48	18	n/a
48	19	0.045
48	20	n/a
48	21	0.007
48	22	n/a
48	23	0.003
48	24	n/a
48	25	n/a
48	26	n/a
48	27	n/a
48	28	0.002
48	29	n/a
48	30	n/a
48	31	n/a
48	32	0.008
48	33	0.001
48	34	n/a
48	35	0.0
48	36	0.0
48	37	0.014
48	38	n/a
48	39	0.009
48	40	0.001
48	41	0.001
48	42	0.001
48	43	n/a
48	44	0.022
48	45	0.005
48	46	0.031
48	47	0.003
48	48	0.049
48	49	n/a
48	50	0.006
48	51	n/a
48	52	0.002
48	53	0.016
48	54	0.004
48	55	0.013
48	56	0.0
48	57	0.043
48	58	n/a
48	59	0.0
48	60	n/a
48	61	n/a
48	62	0.004
48	63	0.015
48	64	0.006
48	65	0.0
48	66	0.054
48	67	0.012
48	68	0.005
48	69	0.001
48	70	0.033
48	71	0.004
48	72	0.002
48	73	0.025
48	74	0.007
48	75	0.003
48	76	0.011
48	77	0.012
48	78	0.003
48	79	n/a
48	80	0.023
48	81	0.0
48	82	0.01
48	83	0.0
49	0	n/a
49	1	n/a
49	2	n/a
49	3	n/a
49	4	n/a
49	5	n/a
49	6	n/a
49	7	n/a
49	8	n/a
49	9	n/a
49	10	n/a
49	11	n/a
49	12	n/a
49	13	n/a
49	14	n/a
49	15	n/a
49	16	n/a
49	17	n/a
49	18	n/a
49	19	n/a
49	20	n/a
49	21	n/a
49	22	n/a
49	23	n/a
49	24	n/a
49	25	n/a
49	26	n/a
49	27	n/a
49	28	n/a
49	29	n/a
49	30	n/a
49	31	n/a
49	32	n/a
49	33	n/a
49	34	n/a
49	35	n/a
49	36	n/a
49	37	n/a
49	38	n/a
49	39	n/a
49	40	n/a
49	41	n/a
49	42	n/a
49	43	n/a
49	44	n/a
49	45	n/a
49	46	n/a
49	47	n/a
49	48	n/a
49	49	n/a
49	50	n/a
49	51	n/a
49	52	n/a
49	53	n/a
49	54	n/a
49	55	n/a
49	56	n/a
49	57	n/a
49	58	n/a
49	59	n/a
49	60	n/a
49	61	n/a
49	62	n/a
49	63	n/a
49	64	n/a
49	65	n/a
49	66	n/a
49	67	n/a
49	68	n/a
49	69	n/a
49	70	n/a
49	71	n/a
49	72	n/a
49	73	n/a
49	74	n/a
49	75	n/a
49	76	n/a
49	77	n/a
49	78	n/a
49	79	n/a
49	80	n/a
49	81	n/a
49	82	n/a
49	83	n/a
50	0	n/a
50	1	n/a
50	2	n/a
50	3	n/a
50	4	n/a
50	5	n/a
50	6	0.008
50	7	0.01
50	8	n/a
50	9	n/a
50	10	0.006
50	11	0.043
50	12	n/a
50	13	0.003
50	14	0.01
50	15	n/a
50	16	n/a
50	17	0.0
50	18	n/a
50	19	0.013
50	20	n/a
50	21	0.001
50	22	n/a
50	23	0.008
50	24	n/a
50	25	n/a
50	26	n/a
50	27	n/a
50	28	0.003
50	29	n/a
50	30	n/a
50	31	n/a
50	32	0.002
50	33	0.027
50	34	n/a
50	35	0.011
50	36	0.013
50	37	0.019
50	38	n/a
50	39	0.0
50	40	0.023
50	41	0.011
50	42	0.01
50	43	n/a
50	44	0.009
50	45	0.01
50	46	0.006
50	47	0.04
50	48	0.006
50	49	n/a
50	50	0.014
50	51	n/a
50	52	0.0
50	53	0.086
50	54	0.008
50	55	0.003
50	56	0.007
50	57	0.014
50	58	n/a
50	59	0.024
50	60	n/a
50	61	n/a
50	62	0.001
50	63	0.022
50	64	0.003
50	65	0.008
50	66	0.004
50	67	0.029
50	68	0.027
50	69	0.009
50	70	0.008
50	71	0.0
50	72	0.002
50	73	0.018
50	74	0.033
50	75	0.01
50	76	0.021
50	77	0.0
50	78	0.0
50	79	n/a
50	80	0.022
50	81	0.002
50	82	0.001
50	83	0.002
51	0	n/a
51	1	n/a
51	2	n/a
51	3	n/a
51	4	n/a
51	5	n/a
51	6	n/a
51	7	n/a
51	8	n/a
51	9	n/a
51	10	n/a
51	11	n/a
51	12	n/a
51	13	n/a
51	14	n/a
51	15	n/a
51	16	n/a
51	17	n/a
51	18	n/a
51	19	n/a
51	20	n/a
51	21	n/a
51	22	n/a
51	23	n/a
51	24	n/a
51	25	n/a
51	26	n/a
51	27	n/a
51	28	n/a
51	29	n/a
51	30	n/a
51	31	n/a
51	32	n/a
51	33	n/a
51	34	n/a
51	35	n/a
51	36	n/a
51	37	n/a
51	38	n/a
51	39	n/a
51	40	n/a
51	41	n/a
51	42	n/a
51	43	n/a
51	44	n/a
51	45	n/a
51	46	n/a
51	47	n/a
51	48	n/a
51	49	n/a
51	50	n/a
51	51	n/a
51	52	n/a
51	53	n/a
51	54	n/a
51	55	n/a
51	56	n/a
51	57	n/a
51	58	n/a
51	59	n/a
51	60	n/a
51	61	n/a
51	62	n/a
51	63	n/a
51	64	n/a
51	65	n/a
51	66	n/a
51	67	n/a
51	68	n/a
51	69	n/a
51	70	n/a
51	71	n/a
51	72	n/a
51	73	n/a
51	74	n/a
51	75	n/a
51	76	n/a
51	77	n/a
51	78	n/a
51	79	n/a
51	80	n/a
51	81	n/a
51	82	n/a
51	83	n/a
52	0	n/a
52	1	n/a
52	2	n/a
52	3	n/a
52	4	n/a
52	5	n/a
52	6	0.006
52	7	0.012
52	8	n/a
52	9	n/a
52	10	0.003
52	11	0.014
52	12	n/a
52	13	0.002
52	14	0.001
52	15	n/a
52	16	n/a
52	17	0.007
52	18	n/a
52	19	0.006
52	20	n/a
52	21	0.004
52	22	n/a
52	23	0.0
52	24	n/a
52	25	n/a
52	26	n/a
52	27	n/a
52	28	0.0
52	29	n/a
52	30	n/a
52	31	n/a
52	32	0.046
52	33	0.011
52	34	n/a
52	35	0.0
52	36	0.01
52	37	0.004
52	38	n/a
52	39	0.023
52	40	0.077
52	41	0.0
52	42	0.001
52	43	n/a
52	44	0.02
52	45	0.005
52	46	0.022
52	47	0.021
52	48	0.002
52	49	n/a
52	50	0.0
52	51	n/a
52	52	0.0
52	53	0.0
52	54	0.001
52	55	0.005
52	56	0.019
52	57	0.004
52	58	n/a
52	59	0.0
52	60	n/a
52	61	n/a
52	62	0.013
52	63	0.0
52	64	0.0
52	65	0.016
52	66	0.002
52	67	0.001
52	68	0.002
52	69	0.0
52	70	0.0
52	71	0.009
52	72	0.001
52	73	0.0
52	74	0.005
52	75	0.017
52	76	0.004
52	77	0.021
52	78	0.008
52	79	n/a
52	80	0.002
52	81	0.001
52	82	0.031
52	83	0.018
53	0	n/a
53	1	n/a
53	2	n/a
53	3	n/a
53	4	n/a
53	5	n/a
53	6	0.024
53	7	0.039
53	8	n/a
53	9	n/a
53	10	0.006
53	11	0.0
53	12	n/a
53	13	0.0
53	14	0.004
53	15	n/a
53	16	n/a
53	17	0.008
53	18	n/a
53	19	0.009
53	20	n/a
53	21	0.0
53	22	n/a
53	23	0.022
53	24	n/a
53	25	n/a
53	26	n/a
53	27	n/a
53	28	0.005
53	29	n/a
53	30	n/a
53	31	n/a
53	32	0.0
53	33	0.008
53	34	n/a
53	35	0.001
53	36	0.002
53	37	0.013
53	38	n/a
53	39	0.005
53	40	0.0
53	41	0.049
53	42	0.01
53	43	n/a
53	44	0.002
53	45	0.002
53	46	0.003
53	47	0.026
53	48	0.016
53	49	n/a
53	50	0.086
53	51	n/a
53	52	0.0
53	53	0.0
53	54	0.004
53	55	0.009
53	56	0.011
53	57	0.03
53	58	n/a
53	59	0.001
53	60	n/a
53	61	n/a
53	62	0.002
53	63	0.001
53	64	0.008
53	65	0.001
53	66	0.002
53	67	0.0
53	68	0.001
53	69	0.024
53	70	0.015
53	71	0.0
53	72	0.018
53	73	0.004
53	74	0.0
53	75	0.018
53	76	0.001
53	77	0.002
53	78	0.015
53	79	n/a
53	80	0.0
53	81	0.004
53	82	0.001
53	83	0.001
54	0	n/a
54	1	n/a
54	2	n/a
54	3	n/a
54	4	n/a
54	5	n/a
54	6	0.003
54	7	0.008
54	8	n/a
54	9	n/a
54	10	0.003
54	11	0.014
54	12	n/a
54	13	0.002
54	14	0.001
54	15	n/a
54	16	n/a
54	17	0.008
54	18	n/a
54	19	0.001
54	20	n/a
54	21	0.007
54	22	n/a
54	23	0.006
54	24	n/a
54	25	n/a
54	26	n/a
54	27	n/a
54	28	0.006
54	29	n/a
54	30	n/a
54	31	n/a
54	32	0.01
54	33	0.001
54	34	n/a
54	35	0.021
54	36	0.0
54	37	0.0
54	38	n/a
54	39	0.0
54	40	0.001
54	41	0.019
54	42	0.007
54	43	n/a
54	44	0.0
54	45	0.001
54	46	0.026
54	47	0.04
54	48	0.004
54	49	n/a
54	50	0.008
54	51	n/a
54	52	0.001
54	53	0.004
54	54	0.01
54	55	0.005
54	56	0.009
54	57	0.003
54	58	n/a
54	59	0.001
54	60	n/a
54	61	n/a
54	62	0.002
54	63	0.006
54	64	0.016
54	65	0.0
54	66	0.001
54	67	0.002
54	68	0.001
54	69	0.0
54	70	0.053
54	71	0.001
54	72	0.001
54	73	0.004
54	74	0.018
54	75	0.0
54	76	0.001
54	77	0.005
54	78	0.016
54	79	n/a
54	80	0.002
54	81	0.004
54	82	0.015
54	83	0.0
55	0	n/a
55	1	n/a
55	2	n/a
55	3	n/a
55	4	n/a
55	5	n/a
55	6	0.0
55	7	0.008
55	8	n/a
55	9	n/a
55	10	0.001
55	11	0.018
55	12	n/a
55	13	0.004
55	14	0.001
55	15	n/a
55	16	n/a
55	17	0.0
55	18	n/a
55	19	0.0
55	20	n/a
55	21	0.001
55	22	n/a
55	23	0.016
55	24	n/a
55	25	n/a
55	26	n/a
55	27	n/a
55	28	0.011
55	29	n/a
55	30	n/a
55	31	n/a
55	32	0.007
55	33	0.023
55	34	n/a
55	35	0.016
55	36	0.007
55	37	0.021
55	38	n/a
55	39	0.01
55	40	0.0
55	41	0.002
55	42	0.012
55	43	n/a
55	44	0.026
55	45	0.026
55	46	0.022
55	47	0.002
55	48	0.013
55	49	n/a
55	50	0.003
55	51	n/a
55	52	0.005
55	53	0.009
55	54	0.005
55	55	0.037
55	56	0.008
55	57	0.002
55	58	n/a
55	59	0.013
55	60	n/a
55	61	n/a
55	62	0.033
55	63	0.002
55	64	0.037
55	65	0.014
55	66	0.002
55	67	0.006
55	68	0.025
55	69	0.022
55	70	0.0
55	71	0.008
55	72	0.007
55	73	0.017
55	74	0.016
55	75	0.006
55	76	0.002
55	77	0.014
55	78	0.014
55	79	n/a
55	80	0.006
55	81	0.01
55	82	0.044
55	83	0.009
56	0	n/a
56	1	n/a
56	2	n/a
56	3	n/a
56	4	n/a
56	5	n/a
56	6	0.004
56	7	0.009
56	8	n/a
56	9	n/a
56	10	0.007
56	11	0.001
56	12	n/a
56	13	0.007
56	14	0.0
56	15	n/a
56	16	n/a
56	17	0.009
56	18	n/a
56	19	0.039
56	20	n/a
56	21	0.005
56	22	n/a
56	23	0.012
56	24	n/a
56	25	n/a
56	26	n/a
56	27	n/a
56	28	0.005
56	29	n/a
56	30	n/a
56	31	n/a
56	32	0.008
56	33	0.014
56	34	n/a
56	35	0.002
56	36	0.004
56	37	0.001
56	38	n/a
56	39	0.006
56	40	0.002
56	41	0.005
56	42	0.034
56	43	n/a
56	44	0.022
56	45	0.0
56	46	0.064
56	47	0.079
56	48	0.0
56	49	n/a
56	50	0.007
56	51	n/a
56	52	0.019
56	53	0.011
56	54	0.009
56	55	0.008
56	56	0.028
56	57	0.0
56	58	n/a
56	59	0.027
56	60	n/a
56	61	n/a
56	62	0.034
56	63	0.014
56	64	0.0
56	65	0.006
56	66	0.014
56	67	0.023
56	68	0.0
56	69	0.002
56	70	0.003
56	71	0.001
56	72	0.001
56	73	0.002
56	74	0.014
56	75	0.006
56	76	0.003
56	77	0.016
56	78	0.001
56	79	n/a
56	80	0.005
56	81	0.024
56	82	0.035
56	83	0.003
57	0	n/a
57	1	n/a
57	2	n/a
57	3	n/a
57	4	n/a
57	5	n/a
57	6	0.005
57	7	0.009
57	8	n/a
57	9	n/a
57	10	0.007
57	11	0.017
57	12	n/a
57	13	0.005
57	14	0.0
57	15	n/a
57	16	n/a
57	17	0.005
57	18	n/a
57	19	0.001
57	20	n/a
57	21	0.038
57	22	n/a
57	23	0.007
57	24	n/a
57	25	n/a
57	26	n/a
57	27	n/a
57	28	0.001
57	29	n/a
57	30	n/a
57	31	n/a
57	32	0.0
57	33	0.0
57	34	n/a
57	35	0.002
57	36	0.002
57	37	0.014
57	38	n/a
57	39	0.007
57	40	0.0
57	41	0.0
57	42	0.037
57	43	n/a
57	44	0.022
57	45	0.014
57	46	0.058
57	47	0.001
57	48	0.043
57	49	n/a
57	50	0.014
57	51	n/a
57	52	0.004
57	53	0.03
57	54	0.003
57	55	0.002
57	56	0.0
57	57	0.014
57	58	n/a
57	59	0.014
57	60	n/a
57	61	n/a
57	62	0.019
57	63	0.028
57	64	0.0
57	65	0.008
57	66	0.002
57	67	0.061
57	68	0.002
57	69	0.002
57	70	0.025
57	71	0.001
57	72	0.0
57	73	0.031
57	74	0.011
57	75	0.022
57	76	0.001
57	77	0.012
57	78	0.014
57	79	n/a
57	80	0.021
57	81	0.004
57	82	0.043
57	83	0.007
58	0	n/a
58	1	n/a
58	2	n/a
58	3	n/a
58	4	n/a
58	5	n/a
58	6	n/a
58	7	n/a
58	8	n/a
58	9	n/a
58	10	n/a
58	11	n/a
58	12	n/a
58	13	n/a
58	14	n/a
58	15	n/a
58	16	n/a
58	17	n/a
58	18	n/a
58	19	n/a
58	20	n/a
58	21	n/a
58	22	n/a
58	23	n/a
58	24	n/a
58	25	n/a
58	26	n/a
58	27	n/a
58	28	n/a
58	29	n/a
58	30	n/a
58	31	n/a
58	32	n/a
58	33	n/a
58	34	n/a
58	35	n/a
58	36	n/a
58	37	n/a
58	38	n/a
58	39	n/a
58	40	n/a
58	41	n/a
58	42	n/a
58	43	n/a
58	44	n/a
58	45	n/a
58	46	n/a
58	47	n/a
58	48	n/a
58	49	n/a
58	50	n/a
58	51	n/a
58	52	n/a
58	53	n/a
58	54	n/a
58	55	n/a
58	56	n/a
58	57	n/a
58	58	n/a
58	59	n/a
58	60	n/a
58	61	n/a
58	62	n/a
58	63	n/a
58	64	n/a
58	65	n/a
58	66	n/a
58	67	n/a
58	68	n/a
58	69	n/a
58	70	n/a
58	71	n/a
58	72	n/a
58	73	n/a
58	74	n/a
58	75	n/a
58	76	n/a
58	77	n/a
58	78	n/a
58	79	n/a
58	80	n/a
58	81	n/a
58	82	n/a
58	83	n/a
59	0	n/a
59	1	n/a
59	2	n/a
59	3	n/a
59	4	n/a
59	5	n/a
59	6	0.008
59	7	0.006
59	8	n/a
59	9	n/a
59	10	0.007
59	11	0.003
59	12	n/a
59	13	0.003
59	14	0.007
59	15	n/a
59	16	n/a
59	17	0.0
59	18	n/a
59	19	0.015
59	20	n/a
59	21	0.002
59	22	n/a
59	23	0.004
59	24	n/a
59	25	n/a
59	26	n/a
59	27	n/a
59	28	0.012
59	29	n/a
59	30	n/a
59	31	n/a
59	32	0.008
59	33	0.013
59	34	n/a
59	35	0.001
59	36	0.004
59	37	0.0
59	38	n/a
59	39	0.003
59	40	0.0
59	41	0.025
59	42	0.008
59	43	n/a
59	44	0.0
59	45	0.016
59	46	0.001
59	47	0.001
59	48	0.0
59	49	n/a
59	50	0.024
59	51	n/a
59	52	0.0
59	53	0.001
59	54	0.001
59	55	0.013
59	56	0.027
59	57	0.014
59	58	n/a
59	59	0.015
59	60	n/a
59	61	n/a
59	62	0.011
59	63	0.005
59	64	0.001
59	65	0.004
59	66	0.0
59	67	0.002
59	68	0.004
59	69	0.005
59	70	0.0
59	71	0.003
59	72	0.006
59	73	0.058
59	74	0.031
59	75	0.0
59	76	0.003
59	77	0.001
59	78	0.002
59	79	n/a
59	80	0.0
59	81	0.011
59	82	0.01
59	83	0.001
60	0	n/a
60	1	n/a
60	2	n/a
60	3	n/a
60	4	n/a
60	5	n/a
60	6	n/a
60	7	n/a
60	8	n/a
60	9	n/a
60	10	n/a
60	11	n/a
60	12	n/a
60	13	n/a
60	14	n/a
60	15	n/a
60	16	n/a
60	17	n/a
60	18	n/a
60	19	n/a
60	20	n/a
60	21	n/a
60	22	n/a
60	23	n/a
60	24	n/a
60	25	n/a
60	26	n/a
60	27	n/a
60	28	n/a
60	29	n/a
60	30	n/a
60	31	n/a
60	32	n/a
60	33	n/a
60	34	n/a
60	35	n/a
60	36	n/a
60	37	n/a
60	38	n/a
60	39	n/a
60	40	n/a
60	41	n/a
60	42	n/a
60	43	n/a
60	44	n/a
60	45	n/a
60	46	n/a
60	47	n/a
60	48	n/a
60	49	n/a
60	50	n/a
60	51	n/a
60	52	n/a
60	53	n/a
60	54	n/a
60	55	n/a
60	56	n/a
60	57	n/a
60	58	n/a
60	59	n/a
60	60	n/a
60	61	n/a
60	62	n/a
60	63	n/a
60	64	n/a
60	65	n/a
60	66	n/a
60	67	n/a
60	68	n/a
60	69	n/a
60	70	n/a
60	71	n/a
60	72	n/a
60	73	n/a
60	74	n/a
60	75	n/a
60	76	n/a
60	77	n/a
60	78	n/a
60	79	n/a
60	80	n/a
60	81	n/a
60	82	n/a
60	83	n/a
61	0	n/a
61	1	n/a
61	2	n/a
61	3	n/a
61	4	n/a
61	5	n/a
61	6	n/a
61	7	n/a
61	8	n/a
61	9	n/a
61	10	n/a
61	11	n/a
61	12	n/a
61	13	n/a
61	14	n/a
61	15	n/a
61	16	n/a
61	17	n/a
61	18	n/a
61	19	n/a
61	20	n/a
61	21	n/a
61	22	n/a
61	23	n/a
61	24	n/a
61	25	n/a
61	26	n/a
61	27	n/a
61	28	n/a
61	29	n/a
61	30	n/a
61	31	n/a
61	32	n/a
61	33	n/a
61	34	n/a
61	35	n/a
61	36	n/a
61	37	n/a
61	38	n/a
61	39	n/a
61	40	n/a
61	41	n/a
61	42	n/a
61	43	n/a
61	44	n/a
61	45	n/a
61	46	n/a
61	47	n/a
61	48	n/a
61	49	n/a
61	50	n/a
61	51	n/a
61	52	n/a
61	53	n/a
61	54	n/a
61	55	n/a
61	56	n/a
61	57	n/a
61	58	n/a
61	59	n/a
61	60	n/a
61	61	n/a
61	62	n/a
61	63	n/a
61	64	n/a
61	65	n/a
61	66	n/a
61	67	n/a
61	68	n/a
61	69	n/a
61	70	n/a
61	71	n/a
61	72	n/a
61	73	n/a
61	74	n/a
61	75	n/a
61	76	n/a
61	77	n/a
61	78	n/a
61	79	n/a
61	80	n/a
61	81	n/a
61	82	n/a
61	83	n/a
62	0	n/a
62	1	n/a
62	2	n/a
62	3	n/a
62	4	n/a
62	5	n/a
62	6	0.003
62	7	n/a
62	8	n/a
62	9	n/a
62	10	n/a
62	11	n/a
62	12	n/a
62	13	0.011
62	14	0.02
62	15	n/a
62	16	n/a
62	17	n/a
62	18	n/a
62	19	n/a
62	20	n/a
62	21	0.012
62	22	n/a
62	23	0.006
62	24	n/a
62	25	n/a
62	26	n/a
62	27	n/a
62	28	0.009
62	29	n/a
62	30	n/a
62	31	n/a
62	32	n/a
62	33	0.002
62	34	n/a
62	35	0.02
62	36	0.005
62	37	0.001
62	38	n/a
62	39	0.004
62	40	0.006
62	41	0.012
62	42	0.033
62	43	n/a
62	44	0.017
62	45	0.03
62	46	0.03
62	47	0.03
62	48	0.004
62	49	n/a
62	50	0.001
62	51	n/a
62	52	0.013
62	53	0.002
62	54	0.002
62	55	0.033
62	56	0.034
62	57	0.019
62	58	n/a
62	59	0.011
62	60	n/a
62	61	n/a
62	62	0.036
62	63	n/a
62	64	0.046
62	65	0.008
62	66	0.045
62	67	0.025
62	68	0.008
62	69	0.007
62	70	0.0
62	71	0.0
62	72	0.003
62	73	0.013
62	74	0.021
62	75	0.017
62	76	0.006
62	77	0.023
62	78	0.005
62	79	n/a
62	80	0.004
62	81	0.014
62	82	0.019
62	83	0.011
63	0	n/a
63	1	n/a
63	2	n/a
63	3	n/a
63	4	n/a
63	5	n/a
63	6	0.014
63	7	n/a
63	8	n/a
63	9	n/a
63	10	0.001
63	11	0.018
63	12	n/a
63	13	0.003
63	14	0.001
63	15	n/a
63	16	n/a
63	17	0.005
63	18	n/a
63	19	0.001
63	20	n/a
63	21	0.007
63	22	n/a
63	23	0.002
63	24	n/a
63	25	n/a
63	26	n/a
63	27	n/a
63	28	0.009
63	29	n/a
63	30	n/a
63	31	n/a
63	32	0.029
63	33	n/a
63	34	n/a
63	35	0.003
63	36	0.024
63	37	0.002
63	38	n/a
63	39	0.003
63	40	0.015
63	41	n/a
63	42	0.001
63	43	n/a
63	44	0.042
63	45	0.0
63	46	0.032
63	47	0.003
63	48	0.015
63	49	n/a
63	50	0.022
63	51	n/a
63	52	0.0
63	53	0.001
63	54	0.006
63	55	0.002
63	56	0.014
63	57	0.028
63	58	n/a
63	59	0.005
63	60	n/a
63	61	n/a
63	62	n/a
63	63	0.004
63	64	0.002
63	65	0.03
63	66	0.0
63	67	0.002
63	68	0.003
63	69	n/a
63	70	0.038
63	71	0.0
63	72	0.021
63	73	0.003
63	74	0.006
63	75	0.025
63	76	0.023
63	77	0.003
63	78	0.023
63	79	n/a
63	80	0.011
63	81	0.006
63	82	0.007
63	83	0.008
64	0	n/a
64	1	n/a
64	2	n/a
64	3	n/a
64	4	n/a
64	5	n/a
64	6	0.007
64	7	0.001
64	8	n/a
64	9	n/a
64	10	0.002
64	11	0.007
64	12	n/a
64	13	0.003
64	14	n/a
64	15	n/a
64	16	n/a
64	17	0.005
64	18	n/a
64	19	0.014
64	20	n/a
64	21	0.006
64	22	n/a
64	23	0.019
64	24	n/a
64	25	n/a
64	26	n/a
64	27	n/a
64	28	0.001
64	29	n/a
64	30	n/a
64	31	n/a
64	32	0.004
64	33	n/a
64	34	n/a
64	35	0.008
64	36	0.025
64	37	0.0
64	38	n/a
64	39	0.001
64	40	0.005
64	41	0.002
64	42	0.007
64	43	n/a
64	44	0.017
64	45	0.025
64	46	0.0
64	47	0.001
64	48	0.006
64	49	n/a
64	50	0.003
64	51	n/a
64	52	0.0
64	53	0.008
64	54	0.016
64	55	0.037
64	56	0.0
64	57	0.0
64	58	n/a
64	59	0.001
64	60	n/a
64	61	n/a
64	62	0.046
64	63	0.002
64	64	n/a
64	65	0.01
64	66	0.04
64	67	0.005
64	68	n/a
64	69	0.002
64	70	0.008
64	71	0.0
64	72	0.0
64	73	0.003
64	74	0.002
64	75	n/a
64	76	0.0
64	77	0.014
64	78	0.025
64	79	n/a
64	80	0.0
64	81	0.036
64	82	0.006
64	83	0.007
65	0	n/a
65	1	n/a
65	2	n/a
65	3	n/a
65	4	n/a
65	5	n/a
65	6	0.0
65	7	0.005
65	8	n/a
65	9	n/a
65	10	0.02
65	11	0.0
65	12	n/a
65	13	0.001
65	14	0.008
65	15	n/a
65	16	n/a
65	17	0.001
65	18	n/a
65	19	0.001
65	20	n/a
65	21	0.0
65	22	n/a
65	23	0.011
65	24	n/a
65	25	n/a
65	26	n/a
65	27	n/a
65	28	0.039
65	29	n/a
65	30	n/a
65	31	n/a
65	32	0.0
65	33	0.001
65	34	n/a
65	35	0.001
65	36	0.0
65	37	0.0
65	38	n/a
65	39	0.0
65	40	0.0
65	41	0.0
65	42	0.017
65	43	n/a
65	44	0.034
65	45	0.04
65	46	0.001
65	47	0.004
65	48	0.0
65	49	n/a
65	50	0.008
65	51	n/a
65	52	0.016
65	53	0.001
65	54	0.0
65	55	0.014
65	56	0.006
65	57	0.008
65	58	n/a
65	59	0.004
65	60	n/a
65	61	n/a
65	62	0.008
65	63	0.03
65	64	0.01
65	65	0.018
65	66	0.009
65	67	0.006
65	68	0.001
65	69	0.003
65	70	0.004
65	71	0.009
65	72	0.013
65	73	0.0
65	74	0.068
65	75	0.02
65	76	0.007
65	77	0.035
65	78	0.009
65	79	n/a
65	80	0.012
65	81	0.031
65	82	0.028
65	83	0.029
66	0	n/a
66	1	n/a
66	2	n/a
66	3	n/a
66	4	n/a
66	5	n/a
66	6	0.027
66	7	0.005
66	8	n/a
66	9	n/a
66	10	0.015
66	11	0.0
66	12	n/a
66	13	0.0
66	14	0.001
66	15	n/a
66	16	n/a
66	17	0.005
66	18	n/a
66	19	0.0
66	20	n/a
66	21	0.0
66	22	n/a
66	23	0.006
66	24	n/a
66	25	n/a
66	26	n/a
66	27	n/a
66	28	0.002
66	29	n/a
66	30	n/a
66	31	n/a
66	32	0.0
66	33	0.019
66	34	n/a
66	35	0.004
66	36	0.004
66	37	0.007
66	38	n/a
66	39	0.002
66	40	0.0
66	41	0.0
66	42	0.01
66	43	n/a
66	44	0.004
66	45	0.031
66	46	0.001
66	47	0.005
66	48	0.054
66	49	n/a
66	50	0.004
66	51	n/a
66	52	0.002
66	53	0.002
66	54	0.001
66	55	0.002
66	56	0.014
66	57	0.002
66	58	n/a
66	59	0.0
66	60	n/a
66	61	n/a
66	62	0.045
66	63	0.0
66	64	0.04
66	65	0.009
66	66	0.001
66	67	0.014
66	68	0.001
66	69	0.001
66	70	0.003
66	71	0.02
66	72	0.024
66	73	0.008
66	74	0.006
66	75	0.017
66	76	0.015
66	77	0.004
66	78	0.028
66	79	n/a
66	80	0.004
66	81	0.007
66	82	0.021
66	83	0.0
67	0	n/a
67	1	n/a
67	2	n/a
67	3	n/a
67	4	n/a
67	5	n/a
67	6	0.005
67	7	0.002
67	8	n/a
67	9	n/a
67	10	0.017
67	11	0.0
67	12	n/a
67	13	0.0
67	14	0.014
67	15	n/a
67	16	n/a
67	17	0.0
67	18	n/a
67	19	0.0
67	20	n/a
67	21	0.006
67	22	n/a
67	23	0.003
67	24	n/a
67	25	n/a
67	26	n/a
67	27	n/a
67	28	0.0
67	29	n/a
67	30	n/a
67	31	n/a
67	32	0.002
67	33	0.047
67	34	n/a
67	35	0.0
67	36	0.033
67	37	0.003
67	38	n/a
67	39	0.006
67	40	0.0
67	41	0.001
67	42	0.004
67	43	n/a
67	44	0.008
67	45	0.051
67	46	0.004
67	47	0.016
67	48	0.012
67	49	n/a
67	50	0.029
67	51	n/a
67	52	0.001
67	53	0.0
67	54	0.002
67	55	0.006
67	56	0.023
67	57	0.061
67	58	n/a
67	59	0.002
67	60	n/a
67	61	n/a
67	62	0.025
67	63	0.002
67	64	0.005
67	65	0.006
67	66	0.014
67	67	0.005
67	68	0.002
67	69	0.013
67	70	0.007
67	71	0.006
67	72	0.002
67	73	0.011
67	74	0.019
67	75	0.021
67	76	0.006
67	77	0.003
67	78	0.023
67	79	n/a
67	80	0.009
67	81	0.004
67	82	0.019
67	83	0.02
68	0	n/a
68	1	n/a
68	2	n/a
68	3	n/a
68	4	n/a
68	5	n/a
68	6	0.002
68	7	0.003
68	8	n/a
68	9	n/a
68	10	0.004
68	11	n/a
68	12	n/a
68	13	0.013
68	14	n/a
68	15	n/a
68	16	n/a
68	17	n/a
68	18	n/a
68	19	0.011
68	20	n/a
68	21	0.001
68	22	n/a
68	23	0.007
68	24	n/a
68	25	n/a
68	26	n/a
68	27	n/a
68	28	n/a
68	29	n/a
68	30	n/a
68	31	n/a
68	32	0.002
68	33	n/a
68	34	n/a
68	35	0.002
68	36	0.0
68	37	0.004
68	38	n/a
68	39	0.01
68	40	0.0
68	41	n/a
68	42	0.006
68	43	n/a
68	44	0.014
68	45	0.005
68	46	0.032
68	47	0.01
68	48	0.005
68	49	n/a
68	50	0.027
68	51	n/a
68	52	0.002
68	53	0.001
68	54	0.001
68	55	0.025
68	56	0.0
68	57	0.002
68	58	n/a
68	59	0.004
68	60	n/a
68	61	n/a
68	62	0.008
68	63	0.003
68	64	n/a
68	65	0.001
68	66	0.001
68	67	0.002
68	68	0.008
68	69	0.025
68	70	0.002
68	71	0.001
68	72	0.004
68	73	0.015
68	74	0.047
68	75	0.001
68	76	0.001
68	77	0.007
68	78	0.003
68	79	n/a
68	80	0.021
68	81	0.004
68	82	0.024
68	83	0.004
69	0	n/a
69	1	n/a
69	2	n/a
69	3	n/a
69	4	n/a
69	5	n/a
69	6	n/a
69	7	0.005
69	8	n/a
69	9	n/a
69	10	0.044
69	11	0.038
69	12	n/a
69	13	0.002
69	14	0.001
69	15	n/a
69	16	n/a
69	17	0.015
69	18	n/a
69	19	0.003
69	20	n/a
69	21	0.023
69	22	n/a
69	23	0.005
69	24	n/a
69	25	n/a
69	26	n/a
69	27	n/a
69	28	0.005
69	29	n/a
69	30	n/a
69	31	n/a
69	32	0.016
69	33	0.001
69	34	n/a
69	35	0.012
69	36	0.001
69	37	0.0
69	38	n/a
69	39	0.0
69	40	0.001
69	41	0.002
69	42	0.001
69	43	n/a
69	44	0.018
69	45	0.04
69	46	0.002
69	47	0.012
69	48	0.001
69	49	n/a
69	50	0.009
69	51	n/a
69	52	0.0
69	53	0.024
69	54	0.0
69	55	0.022
69	56	0.002
69	57	0.002
69	58	n/a
69	59	0.005
69	60	n/a
69	61	n/a
69	62	0.007
69	63	n/a
69	64	0.002
69	65	0.003
69	66	0.001
69	67	0.013
69	68	0.025
69	69	0.007
69	70	0.001
69	71	0.001
69	72	0.003
69	73	0.0
69	74	0.027
69	75	0.003
69	76	0.0
69	77	0.01
69	78	0.009
69	79	n/a
69	80	0.002
69	81	0.002
69	82	0.022
69	83	0.02
70	0	n/a
70	1	n/a
70	2	n/a
70	3	n/a
70	4	n/a
70	5	n/a
70	6	0.004
70	7	0.0
70	8	n/a
70	9	n/a
70	10	0.002
70	11	0.018
70	12	n/a
70	13	0.002
70	14	0.0
70	15	n/a
70	16	n/a
70	17	0.003
70	18	n/a
70	19	0.016
70	20	n/a
70	21	0.004
70	22	n/a
70	23	0.009
70	24	n/a
70	25	n/a
70	26	n/a
70	27	n/a
70	28	0.031
70	29	n/a
70	30	n/a
70	31	n/a
70	32	0.009
70	33	0.0
70	34	n/a
70	35	0.009
70	36	0.025
70	37	0.016
70	38	n/a
70	39	0.075
70	40	0.001
70	41	0.001
70	42	0.006
70	43	n/a
70	44	0.01
70	45	0.035
70	46	0.012
70	47	0.001
70	48	0.033
70	49	n/a
70	50	0.008
70	51	n/a
70	52	0.0
70	53	0.015
70	54	0.053
70	55	0.0
70	56	0.003
70	57	0.025
70	58	n/a
70	59	0.0
70	60	n/a
70	61	n/a
70	62	0.0
70	63	0.038
70	64	0.008
70	65	0.004
70	66	0.003
70	67	0.007
70	68	0.002
70	69	0.001
70	70	0.033
70	71	0.034
70	72	0.001
70	73	0.01
70	74	0.024
70	75	0.01
70	76	0.003
70	77	0.006
70	78	0.001
70	79	n/a
70	80	0.038
70	81	0.009
70	82	0.016
70	83	0.004
71	0	n/a
71	1	n/a
71	2	n/a
71	3	n/a
71	4	n/a
71	5	n/a
71	6	0.0
71	7	0.004
71	8	n/a
71	9	n/a
71	10	0.0
71	11	0.009
71	12	n/a
71	13	0.003
71	14	0.0
71	15	n/a
71	16	n/a
71	17	0.054
71	18	n/a
71	19	0.001
71	20	n/a
71	21	0.026
71	22	n/a
71	23	0.012
71	24	n/a
71	25	n/a
71	26	n/a
71	27	n/a
71	28	0.015
71	29	n/a
71	30	n/a
71	31	n/a
71	32	0.002
71	33	0.0
71	34	n/a
71	35	0.006
71	36	0.003
71	37	0.002
71	38	n/a
71	39	0.001
71	40	0.0
71	41	0.002
71	42	0.0
71	43	n/a
71	44	0.01
71	45	0.023
71	46	0.01
71	47	0.001
71	48	0.004
71	49	n/a
71	50	0.0
71	51	n/a
71	52	0.009
71	53	0.0
71	54	0.001
71	55	0.008
71	56	0.001
71	57	0.001
71	58	n/a
71	59	0.003
71	60	n/a
71	61	n/a
71	62	0.0
71	63	0.0
71	64	0.0
71	65	0.009
71	66	0.02
71	67	0.006
71	68	0.001
71	69	0.001
71	70	0.034
71	71	0.005
71	72	0.009
71	73	0.021
71	74	0.008
71	75	0.023
71	76	0.001
71	77	0.009
71	78	0.0
71	79	n/a
71	80	0.005
71	81	0.023
71	82	0.009
71	83	0.011
72	0	n/a
72	1	n/a
72	2	n/a
72	3	n/a
72	4	n/a
72	5	n/a
72	6	0.001
72	7	0.014
72	8	n/a
72	9	n/a
72	10	0.018
72	11	0.005
72	12	n/a
72	13	0.002
72	14	0.008
72	15	n/a
72	16	n/a
72	17	0.0
72	18	n/a
72	19	0.0
72	20	n/a
72	21	0.009
72	22	n/a
72	23	0.01
72	24	n/a
72	25	n/a
72	26	n/a
72	27	n/a
72	28	0.006
72	29	n/a
72	30	n/a
72	31	n/a
72	32	0.023
72	33	0.001
72	34	n/a
72	35	0.007
72	36	0.009
72	37	0.005
72	38	n/a
72	39	0.004
72	40	0.001
72	41	0.0
72	42	0.009
72	43	n/a
72	44	0.022
72	45	0.02
72	46	0.022
72	47	0.001
72	48	0.002
72	49	n/a
72	50	0.002
72	51	n/a
72	52	0.001
72	53	0.018
72	54	0.001
72	55	0.007
72	56	0.001
72	57	0.0
72	58	n/a
72	59	0.006
72	60	n/a
72	61	n/a
72	62	0.003
72	63	0.021
72	64	0.0
72	65	0.013
72	66	0.024
72	67	0.002
72	68	0.004
72	69	0.003
72	70	0.001
72	71	0.009
72	72	0.0
72	73	0.022
72	74	0.018
72	75	0.002
72	76	0.0
72	77	0.016
72	78	0.007
72	79	n/a
72	80	0.059
72	81	0.023
72	82	0.029
72	83	0.01
73	0	n/a
73	1	n/a
73	2	n/a
73	3	n/a
73	4	n/a
73	5	n/a
73	6	0.005
73	7	0.001
73	8	n/a
73	9	n/a
73	10	0.005
73	11	0.021
73	12	n/a
73	13	0.014
73	14	0.0
73	15	n/a
73	16	n/a
73	17	0.031
73	18	n/a
73	19	0.003
73	20	n/a
73	21	0.001
73	22	n/a
73	23	0.0
73	24	n/a
73	25	n/a
73	26	n/a
73	27	n/a
73	28	0.001
73	29	n/a
73	30	n/a
73	31	n/a
73	32	0.002
73	33	0.005
73	34	n/a
73	35	0.003
73	36	0.007
73	37	0.004
73	38	n/a
73	39	0.0
73	40	0.007
73	41	0.01
73	42	0.012
73	43	n/a
73	44	0.004
73	45	0.029
73	46	0.018
73	47	0.0
73	48	0.025
73	49	n/a
73	50	0.018
73	51	n/a
73	52	0.0
73	53	0.004
73	54	0.004
73	55	0.017
73	56	0.002
73	57	0.031
73	58	n/a
73	59	0.058
73	60	n/a
73	61	n/a
73	62	0.013
73	63	0.003
73	64	0.003
73	65	0.0
73	66	0.008
73	67	0.011
73	68	0.015
73	69	0.0
73	70	0.01
73	71	0.021
73	72	0.022
73	73	0.029
73	74	0.004
73	75	0.0
73	76	0.003
73	77	0.003
73	78	0.0
73	79	n/a
73	80	0.0
73	81	0.015
73	82	0.001
73	83	0.001
74	0	n/a
74	1	n/a
74	2	n/a
74	3	n/a
74	4	n/a
74	5	n/a
74	6	0.004
74	7	0.0
74	8	n/a
74	9	n/a
74	10	0.01
74	11	0.002
74	12	n/a
74	13	0.009
74	14	0.045
74	15	n/a
74	16	n/a
74	17	0.008
74	18	n/a
74	19	0.01
74	20	n/a
74	21	0.011
74	22	n/a
74	23	0.0
74	24	n/a
74	25	n/a
74	26	n/a
74	27	n/a
74	28	0.04
74	29	n/a
74	30	n/a
74	31	n/a
74	32	0.005
74	33	0.012
74	34	n/a
74	35	0.017
74	36	0.015
74	37	0.018
74	38	n/a
74	39	0.012
74	40	0.002
74	41	0.001
74	42	0.008
74	43	n/a
74	44	0.015
74	45	0.042
74	46	0.004
74	47	0.004
74	48	0.007
74	49	n/a
74	50	0.033
74	51	n/a
74	52	0.005
74	53	0.0
74	54	0.018
74	55	0.016
74	56	0.014
74	57	0.011
74	58	n/a
74	59	0.031
74	60	n/a
74	61	n/a
74	62	0.021
74	63	0.006
74	64	0.002
74	65	0.068
74	66	0.006
74	67	0.019
74	68	0.047
74	69	0.027
74	70	0.024
74	71	0.008
74	72	0.018
74	73	0.004
74	74	0.011
74	75	0.013
74	76	0.027
74	77	0.045
74	78	0.013
74	79	n/a
74	80	0.002
74	81	0.013
74	82	0.019
74	83	0.012
75	0	n/a
75	1	n/a
75	2	n/a
75	3	n/a
75	4	n/a
75	5	n/a
75	6	0.002
75	7	n/a
75	8	n/a
75	9	n/a
75	10	n/a
75	11	0.004
75	12	n/a
75	13	0.001
75	14	0.021
75	15	n/a
75	16	n/a
75	17	0.001
75	18	n/a
75	19	0.003
75	20	n/a
75	21	0.013
75	22	n/a
75	23	0.016
75	24	n/a
75	25	n/a
75	26	n/a
75	27	n/a
75	28	n/a
75	29	n/a
75	30	n/a
75	31	n/a
75	32	0.005
75	33	0.008
75	34	n/a
75	35	0.009
75	36	0.008
75	37	0.011
75	38	n/a
75	39	0.013
75	40	0.001
75	41	0.014
75	42	0.004
75	43	n/a
75	44	0.022
75	45	0.038
75	46	0.014
75	47	0.007
75	48	0.003
75	49	n/a
75	50	0.01
75	51	n/a
75	52	0.017
75	53	0.018
75	54	0.0
75	55	0.006
75	56	0.006
75	57	0.022
75	58	n/a
75	59	0.0
75	60	n/a
75	61	n/a
75	62	0.017
75	63	0.025
75	64	n/a
75	65	0.02
75	66	0.017
75	67	0.021
75	68	0.001
75	69	0.003
75	70	0.01
75	71	0.023
75	72	0.002
75	73	0.0
75	74	0.013
75	75	0.004
75	76	0.01
75	77	0.033
75	78	0.016
75	79	n/a
75	80	0.011
75	81	0.004
75	82	0.031
75	83	0.008
76	0	n/a
76	1	n/a
76	2	n/a
76	3	n/a
76	4	n/a
76	5	n/a
76	6	0.0
76	7	0.004
76	8	n/a
76	9	n/a
76	10	0.006
76	11	0.0
76	12	n/a
76	13	0.001
76	14	0.012
76	15	n/a
76	16	n/a
76	17	0.014
76	18	n/a
76	19	0.0
76	20	n/a
76	21	0.025
76	22	n/a
76	23	0.003
76	24	n/a
76	25	n/a
76	26	n/a
76	27	n/a
76	28	0.001
76	29	n/a
76	30	n/a
76	31	n/a
76	32	0.017
76	33	0.004
76	34	n/a
76	35	0.01
76	36	0.023
76	37	0.005
76	38	n/a
76	39	0.005
76	40	0.035
76	41	0.002
76	42	0.019
76	43	n/a
76	44	0.044
76	45	0.033
76	46	0.018
76	47	0.0
76	48	0.011
76	49	n/a
76	50	0.021
76	51	n/a
76	52	0.004
76	53	0.001
76	54	0.001
76	55	0.002
76	56	0.003
76	57	0.001
76	58	n/a
76	59	0.003
76	60	n/a
76	61	n/a
76	62	0.006
76	63	0.023
76	64	0.0
76	65	0.007
76	66	0.015
76	67	0.006
76	68	0.001
76	69	0.0
76	70	0.003
76	71	0.001
76	72	0.0
76	73	0.003
76	74	0.027
76	75	0.01
76	76	0.011
76	77	0.024
76	78	0.002
76	79	n/a
76	80	0.016
76	81	0.062
76	82	0.062
76	83	0.022
77	0	n/a
77	1	n/a
77	2	n/a
77	3	n/a
77	4	n/a
77	5	n/a
77	6	0.0
77	7	0.029
77	8	n/a
77	9	n/a
77	10	0.003
77	11	0.011
77	12	n/a
77	13	0.0
77	14	0.022
77	15	n/a
77	16	n/a
77	17	0.001
77	18	n/a
77	19	0.001
77	20	n/a
77	21	0.001
77	22	n/a
77	23	0.017
77	24	n/a
77	25	n/a
77	26	n/a
77	27	n/a
77	28	0.004
77	29	n/a
77	30	n/a
77	31	n/a
77	32	0.0
77	33	0.0
77	34	n/a
77	35	0.011
77	36	0.01
77	37	0.003
77	38	n/a
77	39	0.002
77	40	0.011
77	41	0.004
77	42	0.051
77	43	n/a
77	44	0.03
77	45	0.0
77	46	0.061
77	47	0.014
77	48	0.012
77	49	n/a
77	50	0.0
77	51	n/a
77	52	0.021
77	53	0.002
77	54	0.005
77	55	0.014
77	56	0.016
77	57	0.012
77	58	n/a
77	59	0.001
77	60	n/a
77	61	n/a
77	62	0.023
77	63	0.003
77	64	0.014
77	65	0.035
77	66	0.004
77	67	0.003
77	68	0.007
77	69	0.01
77	70	0.006
77	71	0.009
77	72	0.016
77	73	0.003
77	74	0.045
77	75	0.033
77	76	0.024
77	77	0.005
77	78	0.007
77	79	n/a
77	80	0.001
77	81	0.003
77	82	0.02
77	83	0.0
78	0	n/a
78	1	n/a
78	2	n/a
78	3	n/a
78	4	n/a
78	5	n/a
78	6	0.0
78	7	0.008
78	8	n/a
78	9	n/a
78	10	0.0
78	11	0.005
78	12	n/a
78	13	0.001
78	14	0.023
78	15	n/a
78	16	n/a
78	17	0.0
78	18	n/a
78	19	0.003
78	20	n/a
78	21	0.013
78	22	n/a
78	23	0.01
78	24	n/a
78	25	n/a
78	26	n/a
78	27	n/a
78	28	0.0
78	29	n/a
78	30	n/a
78	31	n/a
78	32	0.001
78	33	0.009
78	34	n/a
78	35	0.014
78	36	0.003
78	37	0.003
78	38	n/a
78	39	0.007
78	40	0.0
78	41	0.002
78	42	0.023
78	43	n/a
78	44	0.035
78	45	0.038
78	46	0.011
78	47	0.047
78	48	0.003
78	49	n/a
78	50	0.0
78	51	n/a
78	52	0.008
78	53	0.015
78	54	0.016
78	55	0.014
78	56	0.001
78	57	0.014
78	58	n/a
78	59	0.002
78	60	n/a
78	61	n/a
78	62	0.005
78	63	0.023
78	64	0.025
78	65	0.009
78	66	0.028
78	67	0.023
78	68	0.003
78	69	0.009
78	70	0.001
78	71	0.0
78	72	0.007
78	73	0.0
78	74	0.013
78	75	0.016
78	76	0.002
78	77	0.007
78	78	0.008
78	79	n/a
78	80	0.016
78	81	0.041
78	82	0.033
78	83	0.007
79	0	n/a
79	1	n/a
79	2	n/a
79	3	n/a
79	4	n/a
79	5	n/a
79	6	n/a
79	7	n/a
79	8	n/a
79	9	n/a
79	10	n/a
79	11	n/a
79	12	n/a
79	13	n/a
79	14	n/a
79	15	n/a
79	16	n/a
79	17	n/a
79	18	n/a
79	19	n/a
79	20	n/a
79	21	n/a
79	22	n/a
79	23	n/a
79	24	n/a
79	25	n/a
79	26	n/a
79	27	n/a
79	28	n/a
79	29	n/a
79	30	n/a
79	31	n/a
79	32	n/a
79	33	n/a
79	34	n/a
79	35	n/a
79	36	n/a
79	37	n/a
79	38	n/a
79	39	n/a
79	40	n/a
79	41	n/a
79	42	n/a
79	43	n/a
79	44	n/a
79	45	n/a
79	46	n/a
79	47	n/a
79	48	n/a
79	49	n/a
79	50	n/a
79	51	n/a
79	52	n/a
79	53	n/a
79	54	n/a
79	55	n/a
79	56	n/a
79	57	n/a
79	58	n/a
79	59	n/a
79	60	n/a
79	61	n/a
79	62	n/a
79	63	n/a
79	64	n/a
79	65	n/a
79	66	n/a
79	67	n/a
79	68	n/a
79	69	n/a
79	70	n/a
79	71	n/a
79	72	n/a
79	73	n/a
79	74	n/a
79	75	n/a
79	76	n/a
79	77	n/a
79	78	n/a
79	79	n/a
79	80	n/a
79	81	n/a
79	82	n/a
79	83	n/a
80	0	n/a
80	1	n/a
80	2	n/a
80	3	n/a
80	4	n/a
80	5	n/a
80	6	0.008
80	7	0.007
80	8	n/a
80	9	n/a
80	10	0.004
80	11	0.0
80	12	n/a
80	13	0.029
80	14	0.035
80	15	n/a
80	16	n/a
80	17	0.007
80	18	n/a
80	19	0.01
80	20	n/a
80	21	0.0
80	22	n/a
80	23	0.019
80	24	n/a
80	25	n/a
80	26	n/a
80	27	n/a
80	28	0.002
80	29	n/a
80	30	n/a
80	31	n/a
80	32	0.003
80	33	0.001
80	34	n/a
80	35	0.018
80	36	0.001
80	37	0.015
80	38	n/a
80	39	0.017
80	40	0.023
80	41	0.001
80	42	0.015
80	43	n/a
80	44	0.015
80	45	0.021
80	46	0.047
80	47	0.062
80	48	0.023
80	49	n/a
80	50	0.022
80	51	n/a
80	52	0.002
80	53	0.0
80	54	0.002
80	55	0.006
80	56	0.005
80	57	0.021
80	58	n/a
80	59	0.0
80	60	n/a
80	61	n/a
80	62	0.004
80	63	0.011
80	64	0.0
80	65	0.012
80	66	0.004
80	67	0.009
80	68	0.021
80	69	0.002
80	70	0.038
80	71	0.005
80	72	0.059
80	73	0.0
80	74	0.002
80	75	0.011
80	76	0.016
80	77	0.001
80	78	0.016
80	79	n/a
80	80	0.014
80	81	0.021
80	82	0.04
80	83	0.001
81	0	n/a
81	1	n/a
81	2	n/a
81	3	n/a
81	4	n/a
81	5	n/a
81	6	0.002
81	7	0.017
81	8	n/a
81	9	n/a
81	10	0.0
81	11	0.015
81	12	n/a
81	13	0.002
81	14	0.003
81	15	n/a
81	16	n/a
81	17	0.0
81	18	n/a
81	19	0.0
81	20	n/a
81	21	0.0
81	22	n/a
81	23	0.001
81	24	n/a
81	25	n/a
81	26	n/a
81	27	n/a
81	28	0.014
81	29	n/a
81	30	n/a
81	31	n/a
81	32	0.008
81	33	0.0
81	34	n/a
81	35	0.004
81	36	0.004
81	37	0.001
81	38	n/a
81	39	0.0
81	40	0.002
81	41	0.007
81	42	0.038
81	43	n/a
81	44	0.031
81	45	0.023
81	46	0.003
81	47	0.0
81	48	0.0
81	49	n/a
81	50	0.002
81	51	n/a
81	52	0.001
81	53	0.004
81	54	0.004
81	55	0.01
81	56	0.024
81	57	0.004
81	58	n/a
81	59	0.011
81	60	n/a
81	61	n/a
81	62	0.014
81	63	0.006
81	64	0.036
81	65	0.031
81	66	0.007
81	67	0.004
81	68	0.004
81	69	0.002
81	70	0.009
81	71	0.023
81	72	0.023
81	73	0.015
81	74	0.013
81	75	0.004
81	76	0.062
81	77	0.003
81	78	0.041
81	79	n/a
81	80	0.021
81	81	0.006
81	82	0.035
81	83	0.002
82	0	n/a
82	1	n/a
82	2	n/a
82	3	n/a
82	4	n/a
82	5	n/a
82	6	0.009
82	7	0.004
82	8	n/a
82	9	n/a
82	10	0.009
82	11	0.002
82	12	n/a
82	13	0.001
82	14	0.04
82	15	n/a
82	16	n/a
82	17	0.009
82	18	n/a
82	19	0.0
82	20	n/a
82	21	0.005
82	22	n/a
82	23	0.03
82	24	n/a
82	25	n/a
82	26	n/a
82	27	n/a
82	28	0.005
82	29	n/a
82	30	n/a
82	31	n/a
82	32	0.004
82	33	0.002
82	34	n/a
82	35	0.065
82	36	0.007
82	37	0.004
82	38	n/a
82	39	0.0
82	40	0.001
82	41	0.0
82	42	0.047
82	43	n/a
82	44	0.018
82	45	0.055
82	46	0.058
82	47	0.001
82	48	0.01
82	49	n/a
82	50	0.001
82	51	n/a
82	52	0.031
82	53	0.001
82	54	0.015
82	55	0.044
82	56	0.035
82	57	0.043
82	58	n/a
82	59	0.01
82	60	n/a
82	61	n/a
82	62	0.019
82	63	0.007
82	64	0.006
82	65	0.028
82	66	0.021
82	67	0.019
82	68	0.024
82	69	0.022
82	70	0.016
82	71	0.009
82	72	0.029
82	73	0.001
82	74	0.019
82	75	0.031
82	76	0.062
82	77	0.02
82	78	0.033
82	79	n/a
82	80	0.04
82	81	0.035
82	82	0.022
82	83	0.004
83	0	n/a
83	1	n/a
83	2	n/a
83	3	n/a
83	4	n/a
83	5	n/a
83	6	0.02
83	7	0.001
83	8	n/a
83	9	n/a
83	10	0.0
83	11	0.004
83	12	n/a
83	13	0.001
83	14	0.003
83	15	n/a
83	16	n/a
83	17	0.001
83	18	n/a
83	19	0.016
83	20	n/a
83	21	0.003
83	22	n/a
83	23	0.0
83	24	n/a
83	25	n/a
83	26	n/a
83	27	n/a
83	28	0.003
83	29	n/a
83	30	n/a
83	31	n/a
83	32	0.001
83	33	0.0
83	34	n/a
83	35	0.011
83	36	0.011
83	37	0.016
83	38	n/a
83	39	0.0
83	40	0.009
83	41	0.002
83	42	0.012
83	43	n/a
83	44	0.002
83	45	0.006
83	46	0.005
83	47	0.028
83	48	0.0
83	49	n/a
83	50	0.002
83	51	n/a
83	52	0.018
83	53	0.001
83	54	0.0
83	55	0.009
83	56	0.003
83	57	0.007
83	58	n/a
83	59	0.001
83	60	n/a
83	61	n/a
83	62	0.011
83	63	0.008
83	64	0.007
83	65	0.029
83	66	0.0
83	67	0.02
83	68	0.004
83	69	0.02
83	70	0.004
83	71	0.011
83	72	0.01
83	73	0.001
83	74	0.012
83	75	0.008
83	76	0.022
83	77	0.0
83	78	0.007
83	79	n/a
83	80	0.001
83	81	0.002
83	82	0.004
83	83	0.049
#subnet edge score	30.327000000000083