1	7	n/a
1	8	n/a
1	10	n/a
1	14	n/a
1	17	n/a
1	21	n/a
1	23	n/a
1	29	n/a
1	30	n/a
1	34	n/a
2	9	n/a
2	13	n/a
2	17	n/a
2	22	n/a
2	25	n/a
2	26	n/a
2	27	n/a
2	36	n/a
2	37	n/a
2	38	n/a
2	44	n/a
2	51	n/a
2	52	n/a
2	62	n/a
2	74	n/a
2	75	n/a
2	76	n/a
3	6	n/a
3	7	n/a
3	8	n/a
3	14	n/a
3	17	n/a
3	19	n/a
3	21	n/a
3	23	n/a
3	24	n/a
3	26	0.15
3	27	n/a
3	28	0.13
3	29	n/a
3	30	n/a
3	34	n/a
3	36	0.055
3	37	n/a
3	38	n/a
3	39	n/a
3	40	n/a
3	43	0.016
3	44	0.143
3	45	0.054
3	51	n/a
3	52	0.086
3	65	0.101
3	66	0.026
3	72	0.044
3	73	0.078
3	75	n/a
3	76	0.079
3	77	0.014
4	6	n/a
4	7	n/a
4	8	n/a
4	9	n/a
4	10	n/a
4	12	n/a
4	14	n/a
4	15	n/a
4	20	n/a
4	24	n/a
4	28	n/a
4	34	n/a
4	36	n/a
4	38	n/a
4	40	n/a
4	47	n/a
4	53	n/a
4	58	n/a
4	61	n/a
4	73	n/a
4	77	n/a
5	6	n/a
5	15	n/a
5	32	n/a
5	40	n/a
5	41	n/a
6	7	n/a
6	8	n/a
6	9	n/a
6	10	n/a
6	12	n/a
6	14	n/a
6	15	n/a
6	23	n/a
6	24	n/a
6	28	n/a
6	29	n/a
6	30	n/a
6	32	n/a
6	34	n/a
6	36	n/a
6	38	n/a
6	40	n/a
6	41	n/a
6	73	n/a
6	77	n/a
7	8	n/a
7	9	n/a
7	10	n/a
7	12	n/a
7	14	n/a
7	15	n/a
7	17	n/a
7	20	n/a
7	21	n/a
7	23	n/a
7	24	n/a
7	26	n/a
7	27	n/a
7	28	n/a
7	29	n/a
7	30	n/a
7	33	n/a
7	34	n/a
7	35	n/a
7	36	n/a
7	38	n/a
7	39	n/a
7	40	n/a
7	43	n/a
7	58	n/a
7	59	n/a
7	73	n/a
7	76	n/a
7	77	n/a
8	10	n/a
8	12	n/a
8	14	n/a
8	15	n/a
8	17	n/a
8	19	n/a
8	20	n/a
8	21	n/a
8	23	n/a
8	24	n/a
8	26	n/a
8	27	n/a
8	28	n/a
8	29	n/a
8	30	n/a
8	34	n/a
8	36	n/a
8	38	n/a
8	40	n/a
8	41	n/a
8	73	n/a
8	77	n/a
9	10	n/a
9	12	n/a
9	14	n/a
9	15	n/a
9	20	n/a
9	22	n/a
9	24	n/a
9	25	n/a
9	26	n/a
9	27	n/a
9	28	n/a
9	29	n/a
9	34	n/a
9	36	n/a
9	37	n/a
9	38	n/a
9	40	n/a
9	43	n/a
9	45	n/a
9	47	n/a
9	53	n/a
9	56	n/a
9	58	n/a
9	59	n/a
9	61	n/a
9	69	n/a
9	73	n/a
9	76	n/a
9	77	n/a
9	78	n/a
10	12	n/a
10	14	n/a
10	15	n/a
10	20	n/a
10	23	n/a
10	24	n/a
10	28	n/a
10	29	n/a
10	30	n/a
10	34	n/a
10	35	n/a
10	36	n/a
10	38	n/a
10	40	n/a
10	41	n/a
10	43	n/a
10	53	n/a
10	56	n/a
10	58	n/a
10	73	n/a
10	77	n/a
11	13	n/a
11	17	n/a
11	18	n/a
11	19	n/a
11	25	n/a
11	26	n/a
11	27	n/a
11	34	n/a
11	36	n/a
11	37	n/a
11	38	n/a
11	62	n/a
11	75	n/a
11	76	n/a
12	14	n/a
12	15	n/a
12	20	n/a
12	24	n/a
12	28	n/a
12	29	n/a
12	34	n/a
12	36	n/a
12	38	n/a
12	40	n/a
12	41	n/a
12	47	n/a
12	53	n/a
12	59	n/a
12	73	n/a
12	77	n/a
13	22	n/a
13	25	n/a
13	26	n/a
13	27	n/a
13	31	n/a
13	34	n/a
13	37	n/a
13	38	n/a
13	44	n/a
13	62	n/a
13	74	n/a
13	75	n/a
13	76	n/a
14	17	n/a
14	19	n/a
14	20	n/a
14	21	n/a
14	23	n/a
14	24	n/a
14	26	n/a
14	27	n/a
14	28	n/a
14	29	n/a
14	30	n/a
14	33	n/a
14	34	n/a
14	36	n/a
14	38	n/a
14	40	n/a
14	41	n/a
14	43	n/a
14	73	n/a
15	20	n/a
15	22	n/a
15	24	n/a
15	27	n/a
15	28	n/a
15	36	n/a
15	40	n/a
15	73	n/a
15	77	n/a
16	17	n/a
16	21	n/a
16	22	n/a
16	23	n/a
16	24	n/a
16	27	n/a
16	28	n/a
16	34	n/a
16	36	n/a
16	37	n/a
16	38	n/a
16	39	n/a
16	40	n/a
16	45	n/a
16	52	n/a
16	65	n/a
16	70	n/a
16	71	n/a
16	72	n/a
16	73	n/a
16	76	n/a
16	77	n/a
17	18	n/a
17	19	n/a
17	21	n/a
17	23	n/a
17	24	n/a
17	26	n/a
17	27	n/a
17	28	n/a
17	29	n/a
17	30	n/a
17	33	n/a
17	34	n/a
17	36	n/a
17	37	n/a
17	38	n/a
17	39	n/a
17	51	n/a
17	52	n/a
17	72	n/a
17	75	n/a
17	76	n/a
18	19	n/a
18	23	n/a
18	26	n/a
18	27	n/a
18	34	n/a
18	36	n/a
18	37	n/a
18	38	n/a
18	75	n/a
18	76	n/a
19	23	n/a
19	26	n/a
19	27	n/a
19	29	n/a
19	30	n/a
19	34	n/a
19	36	n/a
19	37	n/a
19	38	n/a
19	39	n/a
19	51	n/a
19	75	n/a
19	76	n/a
20	24	n/a
20	28	n/a
20	29	n/a
20	34	n/a
20	36	n/a
20	38	n/a
20	40	n/a
20	53	n/a
20	58	n/a
20	59	n/a
20	61	n/a
20	73	n/a
20	77	n/a
21	22	n/a
21	23	n/a
21	24	n/a
21	26	n/a
21	27	n/a
21	28	n/a
21	29	n/a
21	30	n/a
21	33	n/a
21	34	n/a
21	35	n/a
21	36	n/a
21	37	n/a
21	38	n/a
21	39	n/a
21	40	n/a
21	43	n/a
21	45	n/a
21	65	n/a
21	70	n/a
21	71	n/a
21	72	n/a
21	73	n/a
21	76	n/a
21	77	n/a
21	78	n/a
21	79	n/a
21	84	n/a
22	23	n/a
22	24	n/a
22	25	n/a
22	26	n/a
22	27	n/a
22	28	n/a
22	36	n/a
22	37	n/a
22	38	n/a
22	40	n/a
22	43	n/a
22	52	n/a
22	65	n/a
22	70	n/a
22	71	n/a
22	72	n/a
22	73	n/a
22	75	n/a
22	76	n/a
22	77	n/a
23	24	n/a
23	26	n/a
23	27	n/a
23	28	n/a
23	29	n/a
23	30	n/a
23	33	n/a
23	34	n/a
23	35	n/a
23	36	n/a
23	37	n/a
23	38	n/a
23	39	n/a
23	40	n/a
23	43	n/a
23	45	n/a
23	46	n/a
23	52	n/a
23	65	n/a
23	70	n/a
23	71	n/a
23	72	n/a
23	76	n/a
23	77	n/a
23	79	n/a
23	84	n/a
24	25	n/a
24	26	n/a
24	27	n/a
24	28	n/a
24	29	n/a
24	30	n/a
24	33	n/a
24	34	n/a
24	35	n/a
24	36	n/a
24	37	n/a
24	38	n/a
24	39	n/a
24	40	n/a
24	41	n/a
24	43	n/a
24	45	n/a
24	47	n/a
24	51	n/a
24	52	n/a
24	53	n/a
24	55	n/a
24	56	n/a
24	58	n/a
24	59	n/a
24	61	n/a
24	63	n/a
24	65	n/a
24	70	n/a
24	71	n/a
24	72	n/a
24	73	n/a
24	75	n/a
24	76	n/a
24	77	n/a
24	78	n/a
24	79	n/a
24	83	n/a
24	84	n/a
25	26	n/a
25	27	n/a
25	31	n/a
25	37	n/a
25	38	n/a
25	45	n/a
25	51	n/a
25	62	n/a
25	74	n/a
25	75	n/a
25	76	n/a
26	27	n/a
26	28	0.058
26	29	n/a
26	30	n/a
26	31	n/a
26	34	n/a
26	35	n/a
26	36	0.078
26	37	n/a
26	38	n/a
26	39	n/a
26	43	0.063
26	44	0.059
26	45	0.042
26	46	0.057
26	51	n/a
26	52	0.137
26	60	n/a
26	62	n/a
26	66	0.043
26	67	n/a
26	68	n/a
26	71	0.045
26	72	0.037
26	73	0.045
26	74	n/a
26	75	n/a
26	76	0.069
26	80	n/a
26	83	0.038
26	84	n/a
27	28	n/a
27	29	n/a
27	30	n/a
27	31	n/a
27	34	n/a
27	35	n/a
27	36	n/a
27	37	n/a
27	38	n/a
27	39	n/a
27	40	n/a
27	43	n/a
27	44	n/a
27	45	n/a
27	46	n/a
27	51	n/a
27	52	n/a
27	56	n/a
27	58	n/a
27	60	n/a
27	62	n/a
27	65	n/a
27	66	n/a
27	67	n/a
27	68	n/a
27	70	n/a
27	71	n/a
27	72	n/a
27	73	n/a
27	74	n/a
27	75	n/a
27	76	n/a
27	77	n/a
27	80	n/a
27	83	n/a
27	84	n/a
28	29	n/a
28	30	n/a
28	33	n/a
28	34	n/a
28	35	n/a
28	36	0.009
28	37	n/a
28	38	n/a
28	39	n/a
28	40	n/a
28	41	n/a
28	43	0.01
28	45	0.039
28	47	0.004
28	52	0.066
28	53	n/a
28	55	0.145
28	56	0.009
28	57	0.059
28	58	0.075
28	59	0.101
28	61	n/a
28	63	0.001
28	65	0.002
28	69	0.071
28	70	0.029
28	71	0.014
28	72	0.049
28	73	0.046
28	76	0.093
28	77	0.071
28	78	0.019
28	79	0.021
28	83	0.064
28	84	n/a
29	30	n/a
29	32	n/a
29	33	n/a
29	34	n/a
29	36	n/a
29	38	n/a
29	40	n/a
29	43	n/a
29	73	n/a
29	77	n/a
30	33	n/a
30	34	n/a
30	36	n/a
30	38	n/a
30	39	n/a
30	40	n/a
30	65	n/a
30	70	n/a
30	76	n/a
31	37	n/a
31	38	n/a
31	62	n/a
31	75	n/a
31	76	n/a
31	80	n/a
32	34	n/a
32	36	n/a
32	40	n/a
32	41	n/a
33	34	n/a
33	38	n/a
34	36	n/a
34	37	n/a
34	38	n/a
34	39	n/a
34	40	n/a
34	41	n/a
34	73	n/a
34	75	n/a
34	76	n/a
34	77	n/a
35	36	n/a
35	37	n/a
35	38	n/a
35	39	n/a
35	41	n/a
35	43	n/a
35	44	n/a
35	45	n/a
35	46	n/a
35	72	n/a
35	76	n/a
35	77	n/a
35	84	n/a
36	37	n/a
36	38	n/a
36	39	n/a
36	40	n/a
36	41	n/a
36	43	0.032
36	44	0.07
36	45	0.061
36	46	0.034
36	47	0.027
36	51	n/a
36	52	0.002
36	56	0.101
36	58	0.029
36	65	0.077
36	70	0.101
36	71	0.057
36	72	0.027
36	73	0.026
36	75	n/a
36	76	0.003
36	77	0.02
36	83	0.215
37	38	n/a
37	39	n/a
37	40	n/a
37	43	n/a
37	44	n/a
37	45	n/a
37	51	n/a
37	52	n/a
37	62	n/a
37	74	n/a
37	75	n/a
37	76	n/a
37	80	n/a
37	84	n/a
38	39	n/a
38	40	n/a
38	41	n/a
38	43	n/a
38	44	n/a
38	45	n/a
38	46	n/a
38	51	n/a
38	52	n/a
38	56	n/a
38	62	n/a
38	65	n/a
38	71	n/a
38	72	n/a
38	73	n/a
38	75	n/a
38	76	n/a
38	77	n/a
38	83	n/a
38	84	n/a
39	40	n/a
39	43	n/a
39	72	n/a
39	73	n/a
39	75	n/a
39	76	n/a
39	77	n/a
39	84	n/a
40	41	n/a
40	43	n/a
40	47	n/a
40	58	n/a
40	59	n/a
40	61	n/a
40	73	n/a
40	77	n/a
43	44	0.001
43	45	0.039
43	46	0.019
43	47	0.033
43	48	0.071
43	51	n/a
43	52	0.017
43	53	n/a
43	55	0.037
43	56	0.01
43	57	0.082
43	58	0.19
43	59	0.031
43	61	n/a
43	63	0.076
43	64	0.025
43	65	0.059
43	66	0.084
43	67	n/a
43	68	n/a
43	69	0.085
43	70	0.023
43	71	0.121
43	72	0.016
43	73	0.035
43	75	n/a
43	76	0.015
43	77	0.058
43	78	0.121
43	79	0.081
43	83	0.135
43	84	n/a
44	45	0.023
44	46	0.03
44	47	0.125
44	49	n/a
44	51	n/a
44	52	0.071
44	56	0.088
44	60	n/a
44	62	n/a
44	65	0.087
44	66	0.086
44	67	n/a
44	68	n/a
44	70	0.017
44	71	0.043
44	72	0.035
44	73	0.034
44	75	n/a
44	76	0.059
44	77	0.012
44	80	n/a
44	83	0.081
44	84	n/a
45	46	0.056
45	47	0.065
45	48	0.078
45	49	n/a
45	50	n/a
45	51	n/a
45	52	0.009
45	53	n/a
45	55	0.078
45	56	0.033
45	57	0.119
45	58	0.077
45	59	0.023
45	60	n/a
45	61	n/a
45	62	n/a
45	63	0.069
45	65	0.065
45	66	0.103
45	67	n/a
45	68	n/a
45	69	0.014
45	70	0.019
45	71	0.033
45	72	0.012
45	73	0.034
45	74	n/a
45	75	n/a
45	76	0.027
45	77	0.079
45	78	0.104
45	79	0.042
45	80	n/a
45	82	n/a
45	83	0.142
45	84	n/a
46	47	0.084
46	48	0.049
46	52	0.04
46	56	0.018
46	63	0.021
46	65	0.145
46	66	0.152
46	67	n/a
46	68	n/a
46	70	0.158
46	72	0.131
46	73	0.086
46	75	n/a
46	76	0.082
46	77	0.136
46	79	0.131
46	83	0.184
46	84	n/a
47	48	0.025
47	52	0.027
47	53	n/a
47	54	n/a
47	55	0.036
47	56	0.003
47	57	0.154
47	58	0.217
47	59	0.026
47	61	n/a
47	63	0.069
47	64	0.146
47	69	0.075
47	71	0.035
47	72	0.041
47	73	0.012
47	76	0.031
47	77	0.022
47	78	0.158
47	79	0.012
47	81	n/a
47	83	0.142
47	84	n/a
48	54	n/a
48	55	0.15
48	57	0.244
48	59	0.017
48	61	n/a
48	63	0.11
48	73	0.016
48	77	0.08
48	81	n/a
48	83	0.06
49	60	n/a
50	56	n/a
50	57	n/a
50	59	n/a
50	63	n/a
50	75	n/a
50	78	n/a
50	79	n/a
50	83	n/a
51	58	n/a
51	62	n/a
51	68	n/a
51	71	n/a
51	73	n/a
51	74	n/a
51	75	n/a
51	76	n/a
52	56	0.084
52	59	0.077
52	66	0.115
52	68	n/a
52	70	0.143
52	72	0.06
52	73	0.068
52	75	n/a
52	76	0.052
52	77	0.098
52	79	0.18
52	83	0.066
52	84	n/a
53	55	n/a
53	56	n/a
53	57	n/a
53	58	n/a
53	59	n/a
53	61	n/a
53	63	n/a
53	69	n/a
53	73	n/a
53	77	n/a
53	78	n/a
53	83	n/a
54	55	n/a
54	64	n/a
55	56	0.051
55	57	0.021
55	58	0.039
55	59	0.067
55	61	n/a
55	63	0.03
55	64	0.062
55	69	0.111
55	73	0.126
55	77	0.064
55	78	0.032
55	83	0.047
56	57	0.014
56	58	0.038
56	59	0.011
56	61	n/a
56	63	0.065
56	64	0.129
56	66	0.039
56	68	n/a
56	69	0.007
56	70	0.02
56	72	0.064
56	73	0.006
56	75	n/a
56	76	0.037
56	77	0.076
56	78	0.001
56	79	0.017
56	82	n/a
56	83	0.073
57	59	0.082
57	61	n/a
57	63	0.171
57	64	0.014
57	66	0.014
57	69	0.151
57	70	0.051
57	72	0.148
57	73	0.043
57	75	n/a
57	76	0.077
57	77	0.067
57	78	0.099
57	79	0.061
57	83	0.143
58	59	0.057
58	61	n/a
58	63	0.033
58	64	0.156
58	69	0.023
58	71	0.142
58	73	0.11
58	74	n/a
58	76	0.043
58	77	0.055
58	78	0.043
58	83	0.135
59	61	n/a
59	63	0.033
59	64	0.095
59	69	0.03
59	73	0.065
59	77	0.093
59	78	0.032
59	83	0.015
60	62	n/a
60	66	n/a
60	67	n/a
60	68	n/a
60	75	n/a
60	76	n/a
60	83	n/a
61	63	n/a
61	64	n/a
61	69	n/a
61	73	n/a
61	77	n/a
61	78	n/a
61	83	n/a
62	74	n/a
62	75	n/a
62	76	n/a
62	83	n/a
63	66	0.006
63	68	n/a
63	69	0.074
63	70	0.008
63	72	0.113
63	73	0.052
63	75	n/a
63	76	0.016
63	77	0.031
63	78	0.018
63	79	0.066
63	83	0.01
64	69	0.041
64	71	0.108
64	73	0.064
64	76	0.073
64	77	0.086
65	70	0.005
65	71	0.096
65	72	0.004
65	73	0.007
65	76	0.041
65	77	0.02
65	79	0.062
65	83	0.142
65	84	n/a
66	67	n/a
66	68	n/a
66	70	0.015
66	72	0.084
66	73	0.085
66	75	n/a
66	76	0.023
66	78	0.08
66	79	0.014
66	83	0.082
67	68	n/a
67	70	n/a
67	72	n/a
67	75	n/a
67	76	n/a
67	83	n/a
68	70	n/a
68	72	n/a
68	75	n/a
68	76	n/a
68	77	n/a
68	79	n/a
68	83	n/a
69	73	0.172
69	77	0.066
69	78	0.068
69	83	0.009
70	71	0.06
70	72	0.006
70	73	0.016
70	75	n/a
70	76	0.01
70	77	0.086
70	78	0.009
70	79	0.059
70	82	n/a
70	83	0.068
70	84	n/a
71	72	0.105
71	73	0.044
71	74	n/a
71	76	0.016
71	77	0.001
72	73	0.005
72	75	n/a
72	76	0.124
72	77	0.059
72	78	0.005
72	79	0.087
72	83	0.052
72	84	n/a
73	74	n/a
73	76	0.021
73	77	0.114
73	78	0.055
73	79	0.01
73	83	0.064
73	84	n/a
74	76	n/a
75	76	n/a
75	77	n/a
75	78	n/a
75	79	n/a
75	80	n/a
75	83	n/a
75	84	n/a
76	77	0.024
76	78	0.073
76	79	0.011
76	80	n/a
76	83	0.064
76	84	n/a
77	78	0.056
77	79	0.028
77	82	n/a
77	83	0.108
77	84	n/a
78	79	0.052
78	81	n/a
78	82	n/a
78	83	0.032
79	82	n/a
79	83	0.072
81	83	n/a
82	83	n/a
#subnet edge score	18.394999999999996