1	3	n/a
1	6	n/a
1	7	n/a
1	8	n/a
1	10	n/a
1	14	n/a
1	17	n/a
1	19	n/a
1	21	n/a
1	23	n/a
1	24	n/a
1	26	n/a
1	27	n/a
1	28	n/a
1	29	n/a
1	30	n/a
1	33	n/a
1	34	n/a
1	36	n/a
1	38	n/a
1	73	n/a
1	77	n/a
2	3	n/a
2	9	n/a
2	11	n/a
2	13	n/a
2	15	n/a
2	16	n/a
2	17	n/a
2	18	n/a
2	19	n/a
2	22	n/a
2	23	n/a
2	24	n/a
2	25	n/a
2	26	n/a
2	27	n/a
2	28	n/a
2	31	n/a
2	34	n/a
2	36	n/a
2	37	n/a
2	38	n/a
2	39	n/a
2	42	n/a
2	43	n/a
2	44	n/a
2	45	n/a
2	49	n/a
2	51	n/a
2	52	n/a
2	62	n/a
2	66	n/a
2	68	n/a
2	71	n/a
2	72	n/a
2	74	n/a
2	75	n/a
2	76	n/a
2	80	n/a
3	6	n/a
3	7	n/a
3	8	n/a
3	10	n/a
3	14	n/a
3	17	n/a
3	18	n/a
3	19	n/a
3	21	n/a
3	22	n/a
3	23	n/a
3	24	n/a
3	26	n/a
3	27	n/a
3	28	n/a
3	29	n/a
3	30	n/a
3	33	n/a
3	34	n/a
3	36	n/a
3	37	n/a
3	38	n/a
3	39	n/a
3	40	n/a
3	43	n/a
3	44	n/a
3	45	n/a
3	46	n/a
3	51	n/a
3	52	n/a
3	65	n/a
3	66	n/a
3	68	n/a
3	71	n/a
3	72	n/a
3	75	n/a
3	76	n/a
4	5	n/a
4	6	n/a
4	7	n/a
4	8	n/a
4	9	n/a
4	10	n/a
4	12	n/a
4	14	n/a
4	15	n/a
4	20	n/a
4	24	n/a
4	28	n/a
4	29	n/a
4	34	n/a
4	36	n/a
4	38	n/a
4	40	n/a
4	41	n/a
4	47	n/a
4	53	n/a
4	58	n/a
4	59	n/a
4	61	n/a
4	69	n/a
4	73	n/a
4	77	n/a
5	6	n/a
5	7	n/a
5	8	n/a
5	9	n/a
5	10	n/a
5	12	n/a
5	15	n/a
5	20	n/a
5	24	n/a
5	27	n/a
5	28	n/a
5	29	n/a
5	32	n/a
5	34	n/a
5	35	n/a
5	36	n/a
5	40	n/a
5	41	n/a
5	47	n/a
5	84	n/a
6	7	n/a
6	8	n/a
6	9	n/a
6	10	n/a
6	12	n/a
6	13	n/a
6	14	n/a
6	15	n/a
6	17	n/a
6	20	n/a
6	23	n/a
6	24	n/a
6	26	n/a
6	28	n/a
6	29	n/a
6	30	n/a
6	32	n/a
6	34	n/a
6	36	n/a
6	38	n/a
6	39	n/a
6	40	n/a
6	41	n/a
6	42	n/a
6	47	n/a
6	58	n/a
6	59	n/a
6	73	n/a
6	77	n/a
7	8	n/a
7	9	n/a
7	10	n/a
7	12	n/a
7	14	n/a
7	15	n/a
7	17	n/a
7	19	n/a
7	20	n/a
7	21	n/a
7	23	n/a
7	24	n/a
7	26	n/a
7	27	n/a
7	28	n/a
7	29	n/a
7	30	n/a
7	32	n/a
7	33	n/a
7	34	n/a
7	36	n/a
7	37	n/a
7	38	n/a
7	39	n/a
7	40	n/a
7	41	n/a
7	43	n/a
7	45	n/a
7	47	n/a
7	58	n/a
7	73	n/a
7	77	n/a
8	9	n/a
8	10	n/a
8	12	n/a
8	13	n/a
8	14	n/a
8	15	n/a
8	17	n/a
8	18	n/a
8	19	n/a
8	20	n/a
8	21	n/a
8	23	n/a
8	24	n/a
8	26	n/a
8	27	n/a
8	28	n/a
8	29	n/a
8	30	n/a
8	32	n/a
8	33	n/a
8	34	n/a
8	36	n/a
8	38	n/a
8	39	n/a
8	40	n/a
8	41	n/a
8	42	n/a
8	43	n/a
8	56	n/a
8	58	n/a
8	73	n/a
8	77	n/a
9	10	n/a
9	12	n/a
9	13	n/a
9	14	n/a
9	15	n/a
9	16	n/a
9	17	n/a
9	20	n/a
9	21	n/a
9	22	n/a
9	23	n/a
9	24	n/a
9	25	n/a
9	26	n/a
9	27	n/a
9	28	n/a
9	29	n/a
9	30	n/a
9	31	n/a
9	33	n/a
9	34	n/a
9	36	n/a
9	37	n/a
9	38	n/a
9	39	n/a
9	40	n/a
9	41	n/a
9	42	n/a
9	43	n/a
9	45	n/a
9	47	n/a
9	49	n/a
9	53	n/a
9	56	n/a
9	58	n/a
9	59	n/a
9	61	n/a
9	62	n/a
9	63	n/a
9	64	n/a
9	65	n/a
9	69	n/a
9	70	n/a
9	71	n/a
9	72	n/a
9	73	n/a
9	75	n/a
9	76	n/a
9	77	n/a
9	78	n/a
9	79	n/a
9	80	n/a
9	83	n/a
10	12	n/a
10	13	n/a
10	14	n/a
10	15	n/a
10	20	n/a
10	24	n/a
10	28	n/a
10	29	n/a
10	30	n/a
10	32	n/a
10	33	n/a
10	34	n/a
10	36	n/a
10	38	n/a
10	39	n/a
10	40	n/a
10	41	n/a
10	43	n/a
10	47	n/a
10	53	n/a
10	55	n/a
10	57	n/a
10	58	n/a
10	59	n/a
10	61	n/a
10	64	n/a
10	69	n/a
10	73	n/a
10	77	n/a
11	13	n/a
11	14	n/a
11	17	n/a
11	18	n/a
11	19	n/a
11	23	n/a
11	25	n/a
11	26	n/a
11	27	n/a
11	29	n/a
11	31	n/a
11	32	n/a
11	34	n/a
11	36	n/a
11	37	n/a
11	38	n/a
11	39	n/a
11	41	n/a
11	42	n/a
11	44	n/a
11	49	n/a
11	51	n/a
11	60	n/a
11	62	n/a
11	67	n/a
11	74	n/a
11	75	n/a
11	76	n/a
11	80	n/a
12	13	n/a
12	14	n/a
12	15	n/a
12	20	n/a
12	24	n/a
12	28	n/a
12	29	n/a
12	32	n/a
12	34	n/a
12	35	n/a
12	36	n/a
12	38	n/a
12	40	n/a
12	41	n/a
12	42	n/a
12	47	n/a
12	53	n/a
12	54	n/a
12	58	n/a
12	59	n/a
12	61	n/a
12	64	n/a
12	69	n/a
12	73	n/a
12	77	n/a
13	14	n/a
13	18	n/a
13	22	n/a
13	24	n/a
13	25	n/a
13	26	n/a
13	27	n/a
13	29	n/a
13	31	n/a
13	32	n/a
13	34	n/a
13	36	n/a
13	37	n/a
13	38	n/a
13	39	n/a
13	40	n/a
13	41	n/a
13	42	n/a
13	43	n/a
13	44	n/a
13	45	n/a
13	46	n/a
13	48	n/a
13	49	n/a
13	51	n/a
13	60	n/a
13	62	n/a
13	67	n/a
13	71	n/a
13	74	n/a
13	75	n/a
13	76	n/a
13	80	n/a
13	83	n/a
14	15	n/a
14	17	n/a
14	18	n/a
14	19	n/a
14	20	n/a
14	21	n/a
14	23	n/a
14	24	n/a
14	26	n/a
14	27	n/a
14	28	n/a
14	29	n/a
14	30	n/a
14	32	n/a
14	33	n/a
14	34	n/a
14	36	n/a
14	38	n/a
14	39	n/a
14	40	n/a
14	41	n/a
14	42	n/a
14	73	n/a
14	77	n/a
15	20	n/a
15	21	n/a
15	22	n/a
15	23	n/a
15	24	n/a
15	27	n/a
15	28	n/a
15	29	n/a
15	30	n/a
15	32	n/a
15	34	n/a
15	35	n/a
15	36	n/a
15	37	n/a
15	38	n/a
15	39	n/a
15	40	n/a
15	41	n/a
15	43	n/a
15	47	n/a
15	53	n/a
15	58	n/a
15	59	n/a
15	61	n/a
15	69	n/a
15	73	n/a
15	77	n/a
15	84	n/a
16	17	n/a
16	21	n/a
16	22	n/a
16	23	n/a
16	24	n/a
16	27	n/a
16	28	n/a
16	30	n/a
16	34	n/a
16	36	n/a
16	37	n/a
16	38	n/a
16	39	n/a
16	40	n/a
16	43	n/a
16	45	n/a
16	46	n/a
16	52	n/a
16	65	n/a
16	70	n/a
16	71	n/a
16	72	n/a
16	73	n/a
16	76	n/a
16	77	n/a
16	79	n/a
17	18	n/a
17	19	n/a
17	21	n/a
17	22	n/a
17	23	n/a
17	24	n/a
17	26	n/a
17	27	n/a
17	28	n/a
17	29	n/a
17	30	n/a
17	33	n/a
17	34	n/a
17	36	n/a
17	37	n/a
17	38	n/a
17	39	n/a
17	43	n/a
17	44	n/a
17	51	n/a
17	52	n/a
17	66	n/a
17	72	n/a
17	75	n/a
17	76	n/a
18	19	n/a
18	21	n/a
18	23	n/a
18	25	n/a
18	26	n/a
18	27	n/a
18	29	n/a
18	30	n/a
18	31	n/a
18	34	n/a
18	36	n/a
18	37	n/a
18	38	n/a
18	39	n/a
18	42	n/a
18	44	n/a
18	62	n/a
18	67	n/a
18	74	n/a
18	75	n/a
18	76	n/a
18	80	n/a
19	21	n/a
19	23	n/a
19	25	n/a
19	26	n/a
19	27	n/a
19	29	n/a
19	30	n/a
19	31	n/a
19	33	n/a
19	34	n/a
19	36	n/a
19	37	n/a
19	38	n/a
19	39	n/a
19	44	n/a
19	51	n/a
19	52	n/a
19	68	n/a
19	74	n/a
19	75	n/a
19	76	n/a
19	80	n/a
20	24	n/a
20	28	n/a
20	29	n/a
20	32	n/a
20	34	n/a
20	36	n/a
20	38	n/a
20	40	n/a
20	41	n/a
20	47	n/a
20	53	n/a
20	58	n/a
20	59	n/a
20	61	n/a
20	64	n/a
20	69	n/a
20	73	n/a
20	77	n/a
21	22	n/a
21	23	n/a
21	24	n/a
21	26	n/a
21	27	n/a
21	28	n/a
21	29	n/a
21	30	n/a
21	33	n/a
21	34	n/a
21	35	n/a
21	36	n/a
21	37	n/a
21	38	n/a
21	39	n/a
21	40	n/a
21	41	n/a
21	43	n/a
21	65	n/a
21	70	n/a
21	71	n/a
21	72	n/a
21	73	n/a
21	76	n/a
21	77	n/a
21	78	n/a
21	79	n/a
21	82	n/a
22	23	n/a
22	24	0.01830155088373567
22	25	n/a
22	26	n/a
22	27	0.09536832523619887
22	28	0.08651955167593035
22	29	n/a
22	30	n/a
22	31	n/a
22	34	n/a
22	36	0.054992876671573966
22	37	n/a
22	38	n/a
22	39	n/a
22	40	n/a
22	42	n/a
22	43	0.1688475820050724
22	44	n/a
22	45	0.04252747175472262
22	46	0.1781195993817962
22	51	n/a
22	52	0.08261630426960323
22	58	n/a
22	62	n/a
22	65	0.13536658788642242
22	70	0.19939061221532983
22	71	0.15276909955547885
22	72	0.18006216535488745
22	73	0.2520346605330911
22	75	0.046267924298871665
22	76	0.020251795200569463
22	77	0.214890840507472
22	79	0.08585538539219909
22	80	n/a
23	24	n/a
23	26	n/a
23	27	n/a
23	28	n/a
23	29	n/a
23	30	n/a
23	33	n/a
23	34	n/a
23	35	n/a
23	36	n/a
23	37	n/a
23	38	n/a
23	39	n/a
23	40	n/a
23	41	n/a
23	43	n/a
23	44	n/a
23	45	n/a
23	46	n/a
23	51	n/a
23	52	n/a
23	65	n/a
23	66	n/a
23	70	n/a
23	71	n/a
23	72	n/a
23	73	n/a
23	76	n/a
23	77	n/a
23	79	n/a
23	84	n/a
24	25	n/a
24	26	n/a
24	27	0.07584599626277186
24	28	0.006226120040259125
24	29	n/a
24	30	n/a
24	31	n/a
24	32	n/a
24	33	n/a
24	34	n/a
24	36	0.10874366295393552
24	37	n/a
24	38	n/a
24	39	n/a
24	40	n/a
24	41	n/a
24	42	n/a
24	43	0.09538764818499496
24	45	0.04200190645748916
24	46	0.03337226723782336
24	47	0.03320826824321986
24	48	0.12196656121167944
24	50	n/a
24	51	n/a
24	52	0.2507821803168157
24	53	n/a
24	55	n/a
24	56	0.1772290511516776
24	57	n/a
24	58	n/a
24	59	n/a
24	61	n/a
24	62	n/a
24	63	n/a
24	64	0.12222553314521992
24	65	0.10196180134932928
24	69	n/a
24	70	0.11488154259413985
24	71	0.13857412655844653
24	72	0.14826254042135703
24	73	0.08012773358478735
24	76	0.09806912597786663
24	77	0.16830500976783278
24	78	0.09486121760381645
24	79	0.14016343045570676
24	80	n/a
24	82	n/a
24	83	0.12359725364049533
25	26	n/a
25	27	n/a
25	31	n/a
25	34	n/a
25	36	n/a
25	37	n/a
25	38	n/a
25	42	n/a
25	43	n/a
25	44	n/a
25	45	n/a
25	49	n/a
25	51	n/a
25	60	n/a
25	62	n/a
25	67	n/a
25	74	n/a
25	75	n/a
25	76	n/a
25	80	n/a
26	27	n/a
26	28	n/a
26	29	n/a
26	30	n/a
26	31	n/a
26	33	n/a
26	34	n/a
26	36	n/a
26	37	n/a
26	38	n/a
26	39	n/a
26	42	n/a
26	43	n/a
26	44	n/a
26	45	n/a
26	46	n/a
26	49	n/a
26	51	n/a
26	52	n/a
26	60	n/a
26	62	n/a
26	66	n/a
26	67	n/a
26	68	n/a
26	71	n/a
26	74	n/a
26	75	n/a
26	76	n/a
26	80	n/a
26	83	n/a
27	28	0.14783521972714642
27	29	n/a
27	30	n/a
27	31	n/a
27	33	n/a
27	34	n/a
27	35	n/a
27	36	0.05921759389067157
27	37	n/a
27	38	n/a
27	39	n/a
27	40	n/a
27	41	n/a
27	42	n/a
27	43	0.01677878308305123
27	44	n/a
27	45	0.06578518470038236
27	46	0.17078106919908032
27	47	0.040954453104822354
27	49	n/a
27	51	n/a
27	52	0.05149830271963029
27	58	n/a
27	60	n/a
27	62	n/a
27	65	0.06729231906760312
27	66	0.011632843859763693
27	67	n/a
27	68	n/a
27	70	0.13060880479699918
27	71	0.17658156388173324
27	72	0.07574144332364303
27	73	0.0658894018626357
27	74	n/a
27	75	0.01794904577176657
27	76	0.07003706048184992
27	77	0.04751471149903536
27	80	n/a
27	83	0.051120243813477344
27	84	n/a
28	29	n/a
28	30	n/a
28	32	n/a
28	33	n/a
28	34	n/a
28	35	n/a
28	36	0.09635720510666207
28	37	n/a
28	38	n/a
28	39	n/a
28	40	n/a
28	41	n/a
28	43	0.14955890478890418
28	45	0.014759246310281896
28	46	0.07394084951442174
28	47	0.09413682406563803
28	48	0.16128903155058008
28	50	n/a
28	53	n/a
28	55	n/a
28	56	0.15326841220088644
28	57	n/a
28	58	n/a
28	59	n/a
28	61	n/a
28	63	n/a
28	64	0.1599632672624807
28	65	0.10101071309641853
28	69	n/a
28	70	0.09955974651964071
28	71	0.050670965823361405
28	72	0.05751348530409684
28	73	0.03220557416738826
28	76	0.15900927894032724
28	77	0.12845102291708765
28	78	0.10891841975521997
28	79	0.10016960888559835
28	82	n/a
28	83	0.18090769871116175
29	30	n/a
29	32	n/a
29	33	n/a
29	34	n/a
29	36	n/a
29	38	n/a
29	39	n/a
29	40	n/a
29	41	n/a
29	42	n/a
29	43	n/a
29	58	n/a
29	73	n/a
29	77	n/a
30	33	n/a
30	34	n/a
30	36	n/a
30	37	n/a
30	38	n/a
30	39	n/a
30	40	n/a
30	41	n/a
30	43	n/a
30	45	n/a
30	58	n/a
30	65	n/a
30	70	n/a
30	71	n/a
30	73	n/a
30	77	n/a
30	78	n/a
30	79	n/a
31	34	n/a
31	36	n/a
31	37	n/a
31	38	n/a
31	42	n/a
31	43	n/a
31	44	n/a
31	45	n/a
31	49	n/a
31	51	n/a
31	60	n/a
31	62	n/a
31	67	n/a
31	68	n/a
31	71	n/a
31	74	n/a
31	75	n/a
31	76	n/a
31	80	n/a
32	34	n/a
32	36	n/a
32	38	n/a
32	39	n/a
32	40	n/a
32	41	n/a
32	42	n/a
33	34	n/a
33	36	n/a
33	38	n/a
33	43	n/a
33	73	n/a
33	77	n/a
34	36	n/a
34	37	n/a
34	38	n/a
34	39	n/a
34	40	n/a
34	41	n/a
34	42	n/a
34	43	n/a
34	49	n/a
34	51	n/a
34	58	n/a
34	62	n/a
34	73	n/a
34	75	n/a
34	76	n/a
34	77	n/a
34	80	n/a
35	36	n/a
35	37	n/a
35	38	n/a
35	39	n/a
35	40	n/a
35	41	n/a
35	42	n/a
35	43	n/a
35	44	n/a
35	45	n/a
35	46	n/a
35	47	n/a
35	48	n/a
35	54	n/a
35	64	n/a
35	72	n/a
35	84	n/a
36	37	n/a
36	38	n/a
36	39	n/a
36	40	n/a
36	41	n/a
36	42	n/a
36	43	0.038157072260663824
36	44	n/a
36	45	0.07337789977640823
36	46	0.04981793466828769
36	47	0.02080117859137718
36	48	0.02293195394992727
36	51	n/a
36	52	0.10664415977547989
36	56	0.13089591708175047
36	58	n/a
36	64	0.03771633421926759
36	65	0.04329390844439551
36	66	0.09870688223741443
36	68	n/a
36	70	0.08671190150134485
36	71	0.08475798860447663
36	72	0.158559887133854
36	73	0.05423074044711366
36	74	n/a
36	75	0.0400805566343597
36	76	0.18556561407240904
36	77	0.04427794447087588
36	78	0.017329034279132533
36	79	0.014129125813301762
36	80	n/a
36	82	n/a
36	83	0.06486549292348079
36	84	n/a
37	38	n/a
37	39	n/a
37	40	n/a
37	41	n/a
37	42	n/a
37	43	n/a
37	44	n/a
37	45	n/a
37	46	n/a
37	49	n/a
37	51	n/a
37	52	n/a
37	60	n/a
37	62	n/a
37	65	n/a
37	67	n/a
37	68	n/a
37	71	n/a
37	72	n/a
37	74	n/a
37	75	n/a
37	76	n/a
37	80	n/a
37	84	n/a
38	39	n/a
38	40	n/a
38	41	n/a
38	42	n/a
38	43	n/a
38	44	n/a
38	45	n/a
38	46	n/a
38	48	n/a
38	49	n/a
38	51	n/a
38	52	n/a
38	56	n/a
38	58	n/a
38	62	n/a
38	65	n/a
38	66	n/a
38	67	n/a
38	68	n/a
38	71	n/a
38	72	n/a
38	73	n/a
38	74	n/a
38	75	n/a
38	76	n/a
38	77	n/a
38	80	n/a
38	84	n/a
39	40	n/a
39	41	n/a
39	42	n/a
39	43	n/a
39	44	n/a
39	45	n/a
39	46	n/a
39	48	n/a
39	51	n/a
39	52	n/a
39	65	n/a
39	71	n/a
39	72	n/a
39	73	n/a
39	75	n/a
39	76	n/a
39	77	n/a
39	84	n/a
40	41	n/a
40	42	n/a
40	43	n/a
40	45	n/a
40	47	n/a
40	48	n/a
40	53	n/a
40	54	n/a
40	56	n/a
40	58	n/a
40	59	n/a
40	61	n/a
40	64	n/a
40	69	n/a
40	73	n/a
40	76	n/a
40	77	n/a
40	78	n/a
40	84	n/a
41	42	n/a
41	43	n/a
41	45	n/a
41	46	n/a
41	47	n/a
41	48	n/a
41	49	n/a
41	57	n/a
41	73	n/a
41	77	n/a
41	83	n/a
41	84	n/a
42	44	n/a
42	45	n/a
42	46	n/a
42	48	n/a
42	49	n/a
42	51	n/a
42	60	n/a
42	62	n/a
42	74	n/a
42	75	n/a
42	76	n/a
42	80	n/a
42	83	n/a
43	44	n/a
43	45	0.054999375083605175
43	46	0.03695905242599483
43	47	0.01870464149475275
43	48	0.11532444185431603
43	49	n/a
43	50	n/a
43	51	n/a
43	52	0.08211920448706365
43	53	n/a
43	54	n/a
43	55	n/a
43	56	0.029726453421982216
43	57	n/a
43	58	n/a
43	59	n/a
43	60	n/a
43	61	n/a
43	62	n/a
43	63	n/a
43	64	0.0714632839712229
43	65	0.07062432505573209
43	66	0.04438229381397594
43	67	n/a
43	68	n/a
43	69	n/a
43	70	0.016184808387777035
43	71	0.058741826141535794
43	72	0.028337624493405742
43	73	0.04734705442763563
43	74	n/a
43	75	0.07216493971943667
43	76	0.04803525827893292
43	77	0.10077107281267574
43	78	0.07852004337506857
43	79	0.24854960348815577
43	80	n/a
43	81	n/a
43	82	n/a
43	83	0.052922000887892624
43	84	n/a
44	45	n/a
44	46	n/a
44	47	n/a
44	48	n/a
44	49	n/a
44	51	n/a
44	52	n/a
44	56	n/a
44	60	n/a
44	62	n/a
44	63	n/a
44	65	n/a
44	66	n/a
44	67	n/a
44	68	n/a
44	70	n/a
44	71	n/a
44	72	n/a
44	73	n/a
44	74	n/a
44	75	n/a
44	76	n/a
44	77	n/a
44	79	n/a
44	80	n/a
44	83	n/a
44	84	n/a
45	46	0.0730668447428635
45	47	0.1602167153104457
45	48	0.013137795574355567
45	49	n/a
45	50	n/a
45	51	n/a
45	52	0.05849332912190773
45	53	n/a
45	55	n/a
45	56	0.07671372830588366
45	57	n/a
45	58	n/a
45	59	n/a
45	60	n/a
45	61	n/a
45	62	n/a
45	63	n/a
45	64	0.14611600067686512
45	65	0.0201543804567647
45	66	0.037150648569201646
45	67	n/a
45	68	n/a
45	69	n/a
45	70	0.00699135235827414
45	71	0.004357043981888732
45	72	0.08643081908861762
45	73	0.0724314940671661
45	74	n/a
45	75	0.08465087060016217
45	76	0.009289346636248148
45	77	0.03015481812491541
45	78	0.06388453087277766
45	79	0.11436429708906642
45	80	n/a
45	81	n/a
45	82	n/a
45	83	0.12517432176990287
45	84	n/a
46	47	0.1203313300790996
46	48	0.031307578011628256
46	49	n/a
46	51	n/a
46	52	0.12408211148844817
46	55	n/a
46	56	0.05212569100578793
46	57	n/a
46	58	n/a
46	59	n/a
46	60	n/a
46	63	n/a
46	64	0.11175826095509926
46	65	0.09528525692202175
46	66	0.09944954496901162
46	67	n/a
46	68	n/a
46	70	0.07681644934691068
46	71	0.03552936649134038
46	72	0.15484854509832646
46	73	0.11306022867569494
46	75	0.1553625155075235
46	76	0.12818962080827365
46	77	0.047549990145089066
46	78	0.05942825680339528
46	79	0.12233588757676432
46	80	n/a
46	81	n/a
46	83	0.11989960203809039
46	84	n/a
47	48	0.19450542319487515
47	49	n/a
47	51	n/a
47	52	0.06457572338132343
47	53	n/a
47	54	n/a
47	55	n/a
47	56	0.042044835852369615
47	57	n/a
47	58	n/a
47	59	n/a
47	61	n/a
47	63	n/a
47	64	0.061778067335999
47	65	0.10765327082057098
47	69	n/a
47	70	0.012388019005941494
47	71	0.026646691205983845
47	72	0.028973875700106625
47	73	0.02621589428814639
47	75	0.018867403566868814
47	76	0.03140745590617191
47	77	0.0791591038712129
47	78	0.10598705769323832
47	79	0.047060544760080245
47	81	n/a
47	83	0.08992948544355436
47	84	n/a
48	49	n/a
48	53	n/a
48	54	n/a
48	55	n/a
48	56	0.04742287649044108
48	57	n/a
48	58	n/a
48	59	n/a
48	60	n/a
48	61	n/a
48	62	n/a
48	63	n/a
48	64	0.03833973514663288
48	69	n/a
48	70	0.03713670329773059
48	72	0.0811007349396072
48	73	0.13587710731000424
48	75	5.62408525980321E-4
48	76	0.005896682120683357
48	77	0.20256492803571946
48	78	0.007261779609619383
48	79	0.16295038924333238
48	81	n/a
48	83	0.11285070715716204
48	84	n/a
49	51	n/a
49	57	n/a
49	58	n/a
49	60	n/a
49	62	n/a
49	63	n/a
49	67	n/a
49	71	n/a
49	73	n/a
49	74	n/a
49	75	n/a
49	76	n/a
49	80	n/a
49	83	n/a
49	84	n/a
50	52	n/a
50	56	n/a
50	57	n/a
50	58	n/a
50	59	n/a
50	63	n/a
50	66	n/a
50	68	n/a
50	70	n/a
50	72	n/a
50	73	n/a
50	75	n/a
50	76	n/a
50	77	n/a
50	78	n/a
50	79	n/a
50	82	n/a
50	83	n/a
51	52	n/a
51	54	n/a
51	58	n/a
51	60	n/a
51	62	n/a
51	64	n/a
51	65	n/a
51	66	n/a
51	68	n/a
51	71	n/a
51	72	n/a
51	73	n/a
51	74	n/a
51	75	n/a
51	76	n/a
51	77	n/a
51	80	n/a
51	83	n/a
52	55	n/a
52	56	0.0032327627248220727
52	57	n/a
52	59	n/a
52	63	n/a
52	66	0.005535597402695234
52	67	n/a
52	68	n/a
52	70	0.11933523032308216
52	71	0.03813279255755867
52	72	0.14732839445485663
52	73	0.09308514486050916
52	75	0.11003474201971139
52	76	0.051038841072504074
52	77	0.14003502759968917
52	78	0.01391512127349859
52	79	0.03964730828106551
52	83	0.05289228923204198
53	54	n/a
53	55	n/a
53	56	n/a
53	57	n/a
53	58	n/a
53	59	n/a
53	61	n/a
53	63	n/a
53	64	n/a
53	69	n/a
53	73	n/a
53	77	n/a
53	78	n/a
53	83	n/a
54	55	n/a
54	56	n/a
54	57	n/a
54	58	n/a
54	59	n/a
54	61	n/a
54	64	n/a
54	69	n/a
54	71	n/a
54	73	n/a
54	76	n/a
54	77	n/a
54	78	n/a
54	81	n/a
54	83	n/a
54	84	n/a
55	56	n/a
55	57	n/a
55	58	n/a
55	59	n/a
55	61	n/a
55	63	n/a
55	64	n/a
55	69	n/a
55	72	n/a
55	73	n/a
55	77	n/a
55	78	n/a
55	81	n/a
55	83	n/a
56	57	n/a
56	58	n/a
56	59	n/a
56	60	n/a
56	61	n/a
56	63	n/a
56	64	0.1648683199185988
56	66	0.11911275013643552
56	67	n/a
56	68	n/a
56	69	n/a
56	70	0.0011167236856836295
56	72	0.1212291885621132
56	73	0.050702319745767215
56	75	0.006051283715992258
56	76	0.011098569369051436
56	77	0.008228552015386309
56	78	0.014523523731839398
56	79	0.09486720801021073
56	81	n/a
56	82	n/a
56	83	0.14797706731762325
57	58	n/a
57	59	n/a
57	60	n/a
57	61	n/a
57	63	n/a
57	64	n/a
57	66	n/a
57	67	n/a
57	68	n/a
57	69	n/a
57	70	n/a
57	72	n/a
57	73	n/a
57	75	n/a
57	76	n/a
57	77	n/a
57	78	n/a
57	79	n/a
57	81	n/a
57	83	n/a
58	59	n/a
58	61	n/a
58	62	n/a
58	63	n/a
58	64	n/a
58	69	n/a
58	71	n/a
58	73	n/a
58	74	n/a
58	75	n/a
58	76	n/a
58	77	n/a
58	78	n/a
58	79	n/a
58	80	n/a
58	82	n/a
58	83	n/a
59	60	n/a
59	61	n/a
59	63	n/a
59	64	n/a
59	69	n/a
59	73	n/a
59	77	n/a
59	78	n/a
59	81	n/a
59	82	n/a
59	83	n/a
60	61	n/a
60	62	n/a
60	63	n/a
60	66	n/a
60	67	n/a
60	68	n/a
60	70	n/a
60	72	n/a
60	74	n/a
60	75	n/a
60	76	n/a
60	78	n/a
60	79	n/a
60	80	n/a
60	81	n/a
60	83	n/a
61	63	n/a
61	64	n/a
61	69	n/a
61	73	n/a
61	77	n/a
61	78	n/a
61	81	n/a
61	83	n/a
62	67	n/a
62	71	n/a
62	73	n/a
62	74	n/a
62	75	n/a
62	76	n/a
62	78	n/a
62	80	n/a
62	81	n/a
62	83	n/a
63	64	n/a
63	66	n/a
63	67	n/a
63	68	n/a
63	69	n/a
63	70	n/a
63	72	n/a
63	73	n/a
63	75	n/a
63	76	n/a
63	77	n/a
63	78	n/a
63	79	n/a
63	80	n/a
63	81	n/a
63	82	n/a
63	83	n/a
64	69	n/a
64	70	0.23962824378462685
64	71	0.20940405171593218
64	72	0.25932385112766776
64	73	0.13495233207420002
64	74	n/a
64	76	0.2685698211578487
64	77	0.1392549681454185
64	78	0.15249569924917053
64	79	0.22607392764070663
64	81	n/a
64	83	0.04669792794980331
64	84	n/a
65	70	0.13766246395646461
65	71	0.0683018938445331
65	72	0.005098740438026683
65	73	0.12623782475788742
65	76	0.06268469633145983
65	77	0.08736282250321199
65	79	0.10793840392709131
65	82	n/a
65	83	0.15873849502478776
65	84	n/a
66	67	n/a
66	68	n/a
66	70	0.1841479142121992
66	71	0.07550769929744554
66	72	0.010259540882043039
66	73	0.04342133226232363
66	75	0.13169210097094072
66	76	0.09263778173901716
66	77	0.22616992983816134
66	78	0.05949634392942898
66	79	0.13337068421716175
66	82	n/a
66	83	0.1856277995862413
67	68	n/a
67	70	n/a
67	72	n/a
67	74	n/a
67	75	n/a
67	76	n/a
67	77	n/a
67	78	n/a
67	79	n/a
67	80	n/a
67	83	n/a
68	70	n/a
68	72	n/a
68	74	n/a
68	75	n/a
68	76	n/a
68	77	n/a
68	78	n/a
68	79	n/a
68	80	n/a
68	82	n/a
68	83	n/a
69	73	n/a
69	77	n/a
69	78	n/a
69	83	n/a
70	71	0.01605982489393727
70	72	0.05402058009694686
70	73	0.07253275304966464
70	75	0.09280301278168715
70	76	0.07626161890557959
70	77	0.028787630207185298
70	78	0.11479127440439496
70	79	0.2601552158514717
70	82	n/a
70	83	0.07848965337738462
70	84	n/a
71	72	0.007741892567782696
71	73	0.04325978647160361
71	74	n/a
71	75	0.05071593219664358
71	76	0.03324112248445609
71	77	0.0595237001383703
71	78	0.0046607997435081615
71	79	0.022589439667578357
71	80	n/a
71	83	0.044837985669830424
72	73	0.07569434884760863
72	75	0.015281106376166122
72	76	0.031609123060288014
72	77	0.008443449523220202
72	78	0.03431769039114454
72	79	0.01987568509264013
72	82	n/a
72	83	0.09573675029780247
72	84	n/a
73	74	n/a
73	75	0.11283767165728903
73	76	0.024490516682605216
73	77	0.018779812239650095
73	78	0.1198422928857551
73	79	0.045476884265933715
73	80	n/a
73	81	n/a
73	82	n/a
73	83	0.14017272334257247
74	75	n/a
74	76	n/a
74	80	n/a
74	83	n/a
75	76	0.11627233415487276
75	77	0.051269473716245295
75	78	0.1573446109376833
75	79	0.05287730490759302
75	80	n/a
75	82	n/a
75	83	0.032295113042772064
76	77	0.0903373020795617
76	78	0.06502055343808238
76	79	0.046392835649227276
76	80	n/a
76	82	n/a
76	83	0.03094833877690869
76	84	n/a
77	78	0.09088978737093592
77	79	0.07246363639859407
77	81	n/a
77	82	n/a
77	83	0.10618504390425804
77	84	n/a
78	79	0.060367258982494634
78	80	n/a
78	81	n/a
78	82	n/a
78	83	0.0221482205356113
79	82	n/a
79	83	0.1406564747185596
80	83	n/a
81	83	n/a
82	83	n/a
#subnet edge score	22.79215253172435