0	1	0.023
0	2	0.202
0	3	0.09400000000000004
0	4	0.035
0	5	0.043999999999999956
0	6	0.007000000000000079
0	7	0.08400000000000002
0	8	0.05300000000000003
0	9	0.025
0	10	0.06800000000000003
0	12	0.07199999999999998
0	13	0.01399999999999997
0	14	0.054000000000000145
0	15	0.09300000000000007
0	16	0.033
0	17	0.12100000000000016
0	18	0.003999999999999792
0	19	0.08599999999999997
0	20	0.02799999999999986
0	21	0.022000000000000176
0	22	0.06399999999999978
0	23	0.065
0	24	0.08899999999999962
0	25	0.08700000000000041
0	26	0.13799999999999946
0	27	0.11700000000000006
0	28	0.053000000000000116
0	29	0.019999999999999553
0	30	0.05799999999999999
0	31	0.013000000000000692
0	32	0.05899999999999932
0	33	0.02599999999999953
0	34	0.026000000000000995
0	35	0.02599999999999942
0	36	0.08199999999999975
0	37	0.0030000000000001276
0	38	0.01999999999999992
0	39	0.010999999999998483
0	40	0.08900000000000023
0	41	0.1509999999999997
0	42	0.08200000000000045
0	43	0.01900000000000006
0	44	0.030000000000000318
0	45	0.09100000000000025
0	46	0.0440000000000005
0	47	0.03199999999999969
0	48	0.017999999999999083
0	49	0.009000000000001115
0	50	0.011000000000001203
0	51	0.08300000000000045
0	52	0.19099999999999911
0	53	0.04599999999999865
0	54	0.14299999999999924
0	55	0.11000000000000046
0	56	0.06799999999999759
0	57	0.12400000000000089
0	58	0.07400000000000179
0	59	0.02099999999999716
0	60	0.14400000000000063
0	61	0.046000000000000985
0	62	0.05600000000000088
0	63	0.06000000000000084
0	64	0.10000000000000217
0	65	0.0020000000000005708
0	67	0.18099999999999966
0	68	0.12099999999999918
0	69	0.1329999999999992
0	70	0.12000000000000074
0	71	0.11300000000000159
0	72	0.05900000000000089
0	73	0.07600000000000062
0	74	0.016000000000001458
0	75	0.03999999999999982
0	76	0.09099999999999905
0	77	0.10099999999999881
0	78	0.1699999999999973
0	79	0.04599999999999943
0	81	0.001999999999998947
0	82	0.08599999999999833
0	83	0.006999999999999729
1	2	0.05
1	3	0.199
1	4	0.032
1	5	0.048
1	6	0.095
1	7	0.043
1	8	0.036
1	9	0.046
1	10	0.168
1	11	0.1110000000000006
1	12	0.113
1	13	0.016
1	14	0.027
1	15	0.007
1	16	0.033
1	17	0.001
1	18	0.112
1	19	0.046
1	20	0.08
1	21	0.021
1	22	0.033
1	24	0.113
1	25	0.033
1	26	0.08
1	27	0.106
1	28	0.005
1	29	0.132
1	30	0.141
1	31	0.11
1	32	0.207
1	33	0.07
1	34	0.025
1	35	0.06
1	36	0.043
1	37	0.05
1	38	0.114
1	39	0.035
1	40	0.163
1	41	0.077
1	42	0.035
1	43	0.012
1	44	0.028
1	45	0.05
1	46	0.073
1	47	0.068
1	48	0.016
1	49	0.054
1	50	0.054
1	51	0.021
1	52	0.01
1	53	0.091
1	54	0.119
1	55	0.076
1	56	0.012
1	57	0.069
1	58	0.119
1	59	0.202
1	60	0.168
1	61	0.056
1	62	0.002
1	63	0.106
1	64	0.011
1	65	0.034
1	66	0.034999999999999185
1	67	0.065
1	68	0.133
1	69	0.131
1	70	0.075
1	71	0.066
1	72	0.13
1	73	0.107
1	74	0.004
1	75	0.051
1	76	0.075
1	77	0.017
1	78	0.012
1	79	0.031
1	80	0.10699999999999923
1	81	0.04
1	82	0.182
1	83	0.088
2	3	0.01
2	4	0.009
2	5	0.075
2	6	0.189
2	7	0.158
2	8	0.072
2	9	0.146
2	10	0.224
2	11	0.109
2	12	0.193
2	13	0.172
2	14	0.122
2	15	0.049
2	16	0.002
2	17	0.055
2	18	0.053
2	19	0.04
2	20	0.144
2	21	0.123
2	22	0.092
2	23	0.051
2	24	0.055
2	25	0.15
2	26	0.074
2	27	0.13
2	28	0.135
2	29	0.137
2	30	0.189
2	31	0.098
2	32	0.076
2	33	0.09
2	34	0.03
2	35	0.055
2	36	0.068
2	37	0.091
2	38	0.003
2	39	0.12
2	40	0.101
2	41	0.09
2	42	0.016
2	43	0.143
2	44	0.054
2	45	0.094
2	46	0.23
2	47	0.059
2	48	0.06
2	49	0.181
2	50	0.139
2	51	0.086
2	52	0.245
2	53	0.17
2	54	0.063
2	55	0.034
2	56	0.176
2	57	0.279
2	58	0.004
2	59	0.042
2	60	0.09
2	61	0.032
2	62	0.098
2	63	0.075
2	64	0.101
2	65	0.026
2	66	0.026
2	67	0.023
2	68	0.001
2	69	0.059
2	70	0.051
2	71	0.044
2	72	0.078
2	73	0.087
2	74	0.045
2	75	0.079
2	76	0.014
2	77	0.241
2	78	0.247
2	79	0.05
2	81	0.197
2	82	0.021
2	83	0.035
3	4	0.077
3	5	0.069
3	6	0.046
3	7	0.042
3	8	0.006
3	9	0.015
3	10	0.017
3	11	0.122
3	12	0.025
3	13	0.025
3	14	0.061
3	15	0.1
3	16	0.013
3	17	0.091
3	18	0.054
3	19	0.144
3	20	0.053
3	21	0.014
3	22	0.075
3	23	0.123
3	24	0.101
3	25	0.175
3	26	0.05
3	27	0.089
3	28	0.101
3	29	0.076
3	30	0.162
3	31	0.038
3	32	0.105
3	33	0.124
3	34	0.08
3	35	0.001
3	36	0.091
3	37	0.009
3	38	0.078
3	39	0.007
3	40	0.014
3	41	0.136
3	42	0.064
3	43	0.075
3	44	0.137
3	45	0.094
3	46	0.001
3	47	0.023
3	48	0.144
3	49	0.043
3	50	0.176
3	51	0.175
3	52	0.086
3	53	0.113
3	54	0.045
3	55	0.119
3	56	0.097
3	57	0.107
3	58	0.126
3	59	0.149
3	60	0.19
3	61	0.112
3	62	0.092
3	63	0.081
3	65	0.016
3	67	0.098
3	68	0.045
3	69	0.039
3	70	0.05
3	71	0.099
3	72	0.078
3	73	0.061
3	74	0.164
3	75	0.162
3	76	0.1
3	77	0.09
3	78	0.061
3	80	0.102
3	81	0.176
3	82	0.02
3	83	0.099
4	5	0.092
4	6	0.08
4	7	0.057
4	8	0.231
4	9	0.07
4	10	0.016
4	11	0.057
4	12	0.031
4	13	0.029
4	14	0.127
4	15	0.007
4	16	0.201
4	17	0.108
4	18	0.169
4	19	0.038
4	20	0.065
4	21	0.001
4	22	0.113
4	23	0.081
4	24	0.022
4	25	0.037
4	26	0.146
4	27	0.137
4	28	0.042
4	29	0.042
4	30	0.061
4	31	0.111
4	32	0.17
4	33	0.121
4	34	0.052
4	35	0.022
4	36	0.072
4	37	0.063
4	38	0.064
4	39	0.02
4	40	0.219
4	41	0.061
4	42	0.099
4	43	0.024
4	44	0.07
4	45	0.017
4	46	0.195
4	47	0.022
4	48	0.173
4	49	0.137
4	50	0.006
4	51	0.101
4	52	0.08
4	53	0.094
4	54	0.079
4	55	0.242
4	56	0.094
4	57	0.106
4	58	0.123
4	60	0.014
4	61	0.008
4	62	0.042
4	63	0.02
4	64	0.139
4	65	0.087
4	67	0.152
4	68	0.006
4	69	0.002
4	70	0.043
4	71	0.24
4	72	0.127
4	73	0.03
4	74	0.116
4	75	0.08
4	76	0.124
4	77	0.004
4	78	0.036
4	80	0.152
4	81	0.046
4	82	0.045
4	83	0.066
5	6	0.018
5	7	0.019
5	8	0.005
5	9	0.052
5	10	0.03
5	11	0.073
5	12	0.012
5	13	0.011
5	14	0.138
5	15	0.013
5	16	0.028
5	17	0.158
5	18	0.094
5	21	0.06
5	22	0.124
5	23	0.001
5	24	0.147
5	25	0.053
5	26	0.177
5	27	0.019
5	28	0.001
5	29	0.073
5	30	0.13
5	31	0.11
5	32	0.034
5	33	0.104
5	34	0.017
5	35	0.051
5	36	0.009
5	37	0.013
5	38	0.016
5	39	0.156
5	40	0.063
5	41	0.085
5	42	0.262
5	43	0.013
5	44	0.023
5	45	0.019
5	46	0.111
5	47	0.131
5	48	0.033
5	49	0.113
5	50	0.063
5	51	0.13
5	52	0.031
5	53	0.271
5	54	0.007
5	55	0.051
5	56	0.051
5	57	0.03
5	58	0.115
5	59	0.225
5	60	0.106
5	61	0.035
5	62	0.104
5	63	0.035
5	64	0.028
5	65	0.137
5	66	0.141
5	67	0.098
5	68	0.034
5	69	0.041
5	70	0.071
5	71	0.009
5	72	0.039
5	73	0.121
5	74	0.229
5	75	0.031
5	76	0.07
5	77	0.073
5	78	0.032
5	79	0.048
5	80	0.083
5	81	0.154
5	82	0.111
5	83	0.061
6	7	0.065
6	8	0.055
6	9	0.083
6	10	0.048
6	11	0.01
6	12	0.148
6	13	0.1
6	14	0.142
6	15	0.185
6	16	0.11
6	17	0.001
6	18	0.142
6	19	0.063
6	20	0.048
6	21	0.025
6	22	0.11
6	23	0.073
6	24	0.155
6	25	0.109
6	26	0.103
6	27	0.052
6	28	0.099
6	29	0.102
6	30	0.174
6	31	0.136
6	32	0.034
6	33	0.03
6	34	0.028
6	35	0.021
6	36	0.121
6	37	0.016
6	38	0.05
6	39	0.051
6	40	0.116
6	41	0.204
6	42	0.057
6	43	0.074
6	44	0.143
6	45	0.046
6	46	0.028
6	47	0.011
6	48	0.069
6	49	0.048
6	50	0.104
6	51	0.113
6	52	0.065
6	53	0.101
6	54	0.037
6	55	0.021
6	56	0.037
6	57	0.036
6	58	0.088
6	59	0.107
6	60	0.053
6	61	0.025
6	62	0.05
6	63	0.002
6	64	0.075
6	65	0.039
6	66	0.177
6	67	0.104
6	68	0.153
6	69	0.025
6	70	0.013
6	71	0.003
6	72	0.002
6	73	0.037
6	74	0.109
6	75	0.067
6	76	0.077
6	77	0.096
6	78	0.03
6	79	0.152
6	80	0.082
6	81	0.081
6	82	0.13
6	83	0.087
7	8	0.021
7	9	0.021
7	10	0.07
7	11	0.05
7	12	0.029
7	13	0.075
7	14	0.097
7	15	0.025
7	16	0.06
7	17	0.02
7	18	0.038
7	19	0.022
7	20	0.017
7	21	0.089
7	22	0.122
7	23	0.012
7	24	0.129
7	25	0.081
7	26	0.082
7	27	0.022
7	28	0.017
7	29	0.045
7	30	0.042
7	31	0.077
7	32	0.139
7	33	0.015
7	34	0.03
7	35	0.087
7	36	0.002
7	37	0.002
7	38	0.119
7	39	0.057
7	40	0.152
7	41	0.009
7	42	0.038
7	43	0.018
7	44	0.015
7	45	0.041
7	46	0.01
7	47	0.068
7	48	0.066
7	49	0.005
7	50	0.062
7	51	0.059
7	52	0.129
7	53	0.271
7	54	0.041
7	55	0.075
7	56	0.024
7	57	0.014
7	58	0.021
7	59	0.182
7	60	0.146
7	61	0.049
7	62	0.033
7	63	0.103
7	64	0.036
7	65	0.064
7	66	0.015
7	67	0.048
7	68	0.154
7	69	0.191
7	70	0.008
7	71	0.097
7	72	0.033
7	73	0.073
7	74	0.079
7	75	0.03
7	76	0.013
7	77	0.134
7	78	0.032
7	79	0.091
7	80	0.141
7	81	0.128
7	82	0.069
7	83	0.061
8	9	0.007
8	10	0.048
8	11	0.031
8	12	0.125
8	13	0.032
8	14	0.126
8	15	0.011
8	16	0.01
8	17	0.036
8	18	0.015
8	19	0.006
8	20	0.127
8	21	0.061
8	22	0.121
8	23	0.03
8	24	0.045
8	25	0.044
8	26	0.017
8	27	0.009
8	28	0.065
8	29	0.068
8	30	0.037
8	31	0.058
8	32	0.073
8	33	0.07
8	34	0.027
8	35	0.073
8	36	0.011
8	37	0.012
8	38	0.112
8	39	0.143
8	40	0.121
8	41	0.022
8	42	0.004
8	43	0.017
8	44	0.066
8	45	0.114
8	46	0.082
8	47	0.014
8	48	0.176
8	49	0.069
8	50	0.036
8	51	0.005
8	52	0.073
8	53	0.02
8	54	0.139
8	55	0.018
8	56	0.048
8	57	0.066
8	58	0.033
8	59	0.041
8	60	0.048
8	61	0.087
8	62	0.157
8	63	0.098
8	64	0.088
8	65	0.111
8	66	0.019
8	67	0.071
8	68	0.055
8	69	0.144
8	70	0.006
8	71	0.033
8	72	0.07
8	73	0.078
8	74	0.186
8	75	0.011
8	76	0.028
8	77	0.041
8	78	0.11
8	79	0.056
8	80	0.011
8	81	0.091
8	82	0.036
8	83	0.051
9	10	0.154
9	11	0.005
9	12	0.159
9	13	0.001
9	14	0.136
9	16	0.008
9	17	0.184
9	18	0.02
9	19	0.017
9	20	0.005
9	21	0.103
9	22	0.055
9	23	0.05
9	24	0.079
9	25	0.069
9	26	0.088
9	27	0.007
9	28	0.007
9	29	0.02
9	30	0.213
9	31	0.085
9	32	0.023
9	33	0.026
9	34	0.007
9	35	0.004
9	36	0.053
9	37	0.019
9	38	0.079
9	39	0.011
9	40	0.073
9	41	0.029
9	42	0.021
9	43	0.035
9	44	0.022
9	45	0.166
9	46	0.116
9	47	0.027
9	48	0.104
9	49	0.151
9	50	0.009
9	51	0.067
9	52	0.069
9	53	0.121
9	54	0.041
9	55	0.099
9	56	0.008
9	57	0.106
9	58	0.11
9	59	0.024
9	60	0.142
9	61	0.067
9	62	0.054
9	63	0.02
9	64	0.092
9	65	0.058
9	66	0.008
9	67	0.038
9	68	0.103
9	69	0.073
9	70	0.043
9	71	0.062
9	72	0.084
9	73	0.1
9	74	0.191
9	75	0.116
9	76	0.056
9	77	0.053
9	78	0.073
9	80	0.018
9	81	0.06
9	82	0.01
9	83	0.103
10	11	0.198
10	12	0.14
10	13	0.021
10	14	0.007
10	15	0.063
10	16	0.02
10	17	0.033
10	18	0.078
10	19	0.12
10	20	0.134
10	21	0.225
10	22	0.046
10	23	0.012
10	24	0.035
10	25	0.005
10	26	0.034
10	27	0.134
10	28	0.095
10	29	0.04
10	30	0.039
10	31	0.169
10	32	0.014
10	33	0.009
10	34	0.155
10	35	0.197
10	36	0.025
10	37	0.016
10	38	0.009
10	39	0.224
10	40	0.13
10	41	0.069
10	42	0.013
10	43	0.008
10	44	0.019
10	45	0.208
10	46	0.108
10	47	0.051
10	48	0.036
10	49	0.032
10	50	0.135
10	51	0.004
10	52	0.059
10	53	0.132
10	55	0.097
10	56	0.094
10	57	0.065
10	58	0.065
10	59	0.094
10	60	0.025
10	61	0.03
10	62	0.061
10	63	0.052
10	64	0.053
10	65	0.199
10	66	0.107
10	67	0.083
10	68	0.152
10	69	0.236
10	70	0.09
10	71	0.063
10	72	0.151
10	73	0.181
10	74	0.003
10	75	0.064
10	76	0.005
10	77	0.116
10	78	0.075
10	79	0.079
10	80	0.068
10	81	0.07
10	82	0.053
10	83	0.029
11	12	0.234
11	13	0.041
11	14	0.041
11	15	0.065
11	16	0.029
11	17	0.154
11	18	0.059
11	19	0.024
11	20	0.105
11	21	0.077
11	22	0.043
11	23	0.024
11	24	0.06
11	25	0.018
11	26	0.026
11	27	0.03
11	28	0.037
11	29	0.036
11	30	0.117
11	31	0.142
11	32	0.024
11	33	0.017
11	34	0.117
11	35	0.04
11	36	0.057
11	37	0.006
11	38	0.082
11	39	0.104
11	40	0.051
11	41	0.206
11	42	0.093
11	43	0.017
11	44	0.165
11	45	0.082
11	46	0.014
11	47	0.057
11	48	0.017
11	49	0.022
11	50	0.19
11	51	0.022
11	52	0.083
11	53	0.003
11	54	0.175
11	55	0.184
11	56	0.013
11	57	0.063
11	58	0.025
11	59	0.098
11	60	0.033
11	61	0.157
11	62	0.067
11	63	0.104
11	64	0.046
11	65	0.052
11	67	0.062
11	68	0.033
11	69	0.19
11	70	0.183
11	71	0.187
11	72	0.003
11	73	0.213
11	74	0.035
11	75	0.079
11	76	0.06
11	77	0.001
11	78	0.046
11	79	0.152
11	80	0.049
11	81	0.078
11	82	0.024
11	83	0.036
12	13	0.049
12	14	0.107
12	15	0.061
12	16	0.06
12	17	0.118
12	18	0.304
12	19	0.131
12	20	0.067
12	21	0.085
12	22	0.099
12	23	0.145
12	24	0.144
12	25	0.132
12	26	0.041
12	27	0.166
12	28	0.204
12	29	0.08
12	30	0.015
12	31	0.062
12	32	0.08
12	33	0.121
12	34	0.169
12	35	0.097
12	36	0.008
12	37	0.057
12	38	0.216
12	39	0.073
12	40	0.065
12	41	0.025
12	42	0.061
12	43	0.011
12	44	0.031
12	45	0.008
12	46	0.254
12	47	0.074
12	48	0.05
12	49	0.166
12	50	0.057
12	51	0.106
12	52	0.024
12	53	0.132
12	54	0.05
12	55	0.066
12	56	0.021
12	57	0.024
12	58	0.013
12	59	0.04
12	60	0.105
12	61	0.01
12	62	0.044
12	63	0.058
12	64	0.072
12	65	0.045
12	66	0.125
12	67	0.035
12	68	0.093
12	69	0.003
12	70	0.012
12	71	0.074
12	72	0.069
12	73	0.014
12	74	0.022
12	75	0.008
12	76	0.006
12	77	0.169
12	78	0.075
12	79	0.065
12	80	0.084
12	81	0.02
12	82	0.093
12	83	0.076
13	14	0.109
13	15	0.011
13	16	0.07
13	17	0.079
13	18	0.05
13	19	0.001
13	20	0.01
13	21	0.083
13	22	0.078
13	23	0.011
13	24	0.015
13	25	0.076
13	26	0.053
13	27	0.021
13	28	0.057
13	29	0.059
13	30	0.166
13	31	0.167
13	32	0.043
13	33	0.002
13	34	0.161
13	35	0.092
13	36	0.067
13	37	0.018
13	38	0.038
13	39	0.156
13	40	0.039
13	41	0.01
13	42	0.015
13	43	0.016
13	44	0.149
13	45	0.139
13	46	0.104
13	47	0.108
13	48	0.058
13	49	0.014
13	50	0.118
13	51	0.011
13	52	0.109
13	53	0.063
13	54	0.06
13	55	0.054
13	56	0.061
13	57	0.104
13	58	0.067
13	59	0.01
13	60	0.086
13	61	0.038
13	62	0.098
13	63	0.041
13	64	0.098
13	65	0.028
13	66	0.052
13	67	0.029
13	68	0.226
13	69	0.068
13	70	0.18
13	71	0.039
13	72	0.012
13	73	0.054
13	74	0.174
13	75	0.038
13	77	0.139
13	78	0.027
13	79	0.055
13	80	0.1
13	81	0.023
13	82	0.018
13	83	0.022
14	15	0.002
14	16	0.059
14	17	0.097
14	18	0.174
14	19	0.084
14	20	0.006
14	21	0.094
14	22	0.019
14	23	0.126
14	24	0.063
14	25	0.083
14	26	0.019
14	27	0.068
14	28	0.02
14	29	0.066
14	30	0.1
14	31	0.141
14	32	0.094
14	33	0.203
14	34	0.047
14	35	0.037
14	37	0.095
14	38	0.104
14	39	0.135
14	40	0.121
14	41	0.019
14	42	0.019
14	43	0.071
14	44	0.066
14	45	0.06
14	46	0.223
14	47	0.009
14	48	0.015
14	49	0.097
14	50	0.151
14	51	0.026
14	52	0.026
14	53	0.092
14	54	0.053
14	55	0.009
14	56	0.005
14	57	0.03
14	58	0.089
14	59	0.046
14	60	0.186
14	61	0.051
14	62	0.074
14	63	0.088
14	64	0.002
14	65	0.166
14	66	0.056
14	67	0.15
14	68	0.095
14	69	0.024
14	70	0.008
14	71	0.094
14	72	0.049
14	73	0.079
14	74	0.249
14	75	0.142
14	76	0.036
14	77	0.062
14	78	0.114
14	79	0.033
14	80	0.195
14	81	0.102
14	82	0.142
14	83	0.074
15	16	0.09
15	17	0.163
15	18	0.076
15	19	0.039
15	20	0.035
15	21	0.02
15	22	0.016
15	23	0.004
15	24	0.013
15	25	0.046
15	26	0.015
15	27	0.034
15	28	0.015
15	29	0.094
15	30	0.014
15	31	0.016
15	32	0.045
15	33	0.003
15	34	0.059
15	35	0.042
15	36	0.036
15	37	0.048
15	38	0.192
15	39	0.082
15	40	0.049
15	41	0.028
15	42	0.052
15	43	0.008
15	44	0.025
15	45	0.049
15	46	0.023
15	47	0.106
15	48	0.03
15	49	0.009
15	50	0.222
15	51	0.087
15	52	0.084
15	53	0.043
15	54	0.138
15	55	0.139
15	56	0.107
15	57	0.098
15	58	0.136
15	59	0.181
15	60	0.074
15	61	0.187
15	62	0.01
15	63	0.154
15	64	0.025
15	65	0.067
15	66	0.166
15	67	0.105
15	68	0.125
15	69	0.031
15	70	0.006
15	71	0.009
15	72	0.048
15	73	0.096
15	74	0.117
15	75	0.047
15	76	0.017
15	77	0.002
15	78	0.029
15	79	0.086
15	80	0.03
15	81	0.073
15	82	0.021
15	83	0.064
16	17	0.04
16	18	0.114
16	19	0.018
16	20	0.004
16	21	0.008
16	22	0.048
16	23	0.003
16	24	0.054
16	25	0.067
16	26	0.005
16	27	0.032
16	28	0.041
16	29	0.037
16	30	0.019
16	31	0.034
16	32	0.015
16	33	0.109
16	34	0.011
16	35	0.084
16	36	0.024
16	37	0.092
16	38	0.097
16	39	0.19
16	40	0.009
16	41	0.049
16	42	0.057
16	43	0.003
16	44	0.03
16	45	0.042
16	46	0.008
16	47	0.051
16	48	0.055
16	49	0.144
16	50	0.038
16	51	0.041
16	52	0.015
16	53	0.137
16	54	0.085
16	55	0.078
16	56	0.092
16	57	0.055
16	58	0.063
16	59	0.131
16	60	0.078
16	61	0.056
16	62	0.09
16	63	0.189
16	64	0.07
16	65	0.011
16	66	0.056
16	67	0.039
16	68	0.156
16	69	0.106
16	70	0.066
16	71	0.017
16	72	0.136
16	73	0.043
16	74	0.085
16	75	0.029
16	76	0.048
16	77	0.06
16	78	0.094
16	79	0.137
16	81	0.141
16	82	0.062
16	83	0.159
17	18	0.029
17	19	0.013
17	20	0.033
17	21	0.181
17	22	0.021
17	23	0.143
17	24	0.063
17	25	0.012
17	26	0.042
17	27	0.23
17	28	0.033
17	29	0.046
17	30	0.148
17	31	0.002
17	32	0.008
17	33	0.054
17	34	0.028
17	35	0.089
17	36	0.03
17	37	0.027
17	38	0.053
17	39	0.014
17	40	0.016
17	41	0.091
17	42	0.004
17	43	0.022
17	44	0.07
17	45	0.078
17	46	0.032
17	47	0.163
17	48	0.143
17	49	0.014
17	50	0.068
17	51	0.183
17	52	0.107
17	53	0.137
17	54	0.137
17	55	0.041
17	56	0.035
17	57	0.041
17	58	0.046
17	59	0.054
17	60	0.005
17	61	0.041
17	62	0.058
17	63	0.175
17	64	0.128
17	65	0.008
17	66	0.048
17	67	0.006
17	69	0.149
17	70	0.055
17	71	0.261
17	72	0.042
17	73	0.269
17	74	0.003
17	75	0.045
17	76	0.02
17	77	0.04
17	78	0.105
17	79	0.018
17	80	0.076
17	82	0.08
17	83	0.018
18	19	0.003
18	20	0.128
18	21	0.027
18	22	0.001
18	23	0.01
18	24	0.119
18	25	0.093
18	26	0.076
18	27	0.036
18	28	0.024
18	29	0.024
18	30	0.104
18	31	0.03
18	32	0.119
18	33	0.081
18	34	0.202
18	35	0.036
18	36	0.014
18	37	0.024
18	38	0.022
18	39	0.075
18	40	0.018
18	41	0.102
18	42	0.11
18	43	0.012
18	44	0.081
18	45	0.004
18	46	0.036
18	47	0.213
18	48	0.157
18	49	0.186
18	50	0.1
18	51	0.07
18	53	0.03
18	54	0.122
18	55	0.031
18	56	0.083
18	57	0.144
18	58	0.019
18	59	0.111
18	60	0.095
18	61	0.018
18	62	0.009
18	63	0.053
18	64	0.084
18	65	0.011
18	66	0.049
18	67	0.02
18	69	0.088
18	70	0.005
18	71	0.239
18	72	0.012
18	73	0.074
18	74	0.066
18	75	0.08
18	76	0.106
18	77	0.046
18	78	0.029
18	79	0.28
18	81	0.063
18	82	0.157
18	83	0.037
19	20	0.187
19	21	0.063
19	22	0.098
19	23	0.169
19	25	0.021
19	26	0.142
19	27	0.07
19	28	0.035
19	29	0.013
19	30	0.102
19	31	0.071
19	32	0.051
19	33	0.066
19	34	0.11
19	35	0.047
19	36	0.225
19	37	0.052
19	38	0.065
19	39	0.046
19	40	0.027
19	41	0.043
19	42	0.058
19	43	0.036
19	44	0.017
19	45	0.01
19	46	0.13
19	47	0.197
19	48	0.164
19	49	0.049
19	50	0.107
19	51	0.01
19	52	0.008
19	53	0.18
19	54	0.12
19	55	0.002
19	56	0.145
19	57	0.048
19	58	0.088
19	59	0.009
19	60	0.081
19	61	0.022
19	62	0.053
19	63	0.032
19	64	0.082
19	65	0.047
19	66	0.083
19	68	0.133
19	69	0.086
19	70	0.051
19	71	0.032
19	72	0.101
19	73	0.064
19	74	0.126
19	75	0.004
19	76	0.104
19	77	0.019
19	78	0.025
19	79	0.122
19	80	0.077
19	81	0.095
19	82	0.007
19	83	0.008
20	21	0.019
20	22	0.027
20	23	0.004
20	24	0.146
20	25	0.05
20	26	0.05
20	27	0.063
20	28	0.012
20	29	0.009
20	30	0.067
20	31	0.125
20	32	0.015
20	33	0.004
20	34	0.088
20	35	0.017
20	36	0.029
20	37	0.032
20	38	0.095
20	39	0.107
20	40	0.016
20	41	0.121
20	42	0.07
20	43	0.011
20	44	0.013
20	45	0.006
20	46	0.138
20	47	0.018
20	48	0.143
20	49	0.026
20	50	0.045
20	51	0.229
20	52	0.13
20	53	0.07
20	54	0.185
20	55	0.016
20	56	0.097
20	57	0.02
20	58	0.105
20	59	0.196
20	60	0.071
20	61	0.027
20	62	0.124
20	63	0.083
20	64	0.009
20	65	0.07
20	66	0.055
20	67	0.05
20	68	0.033
20	69	0.043
20	70	0.02
20	71	0.005
20	72	0.023
20	73	0.092
20	74	0.005
20	75	0.076
20	76	0.005
20	77	0.008
20	78	0.05
20	79	0.003
20	80	0.137
20	81	0.149
20	82	0.033
20	83	0.111
21	22	0.035
21	23	0.036
21	24	0.015
21	25	0.038
21	26	0.017
21	27	0.041
21	28	0.074
21	29	0.031
21	30	0.086
21	31	0.127
21	32	0.078
21	33	0.139
21	34	0.075
21	35	0.043
21	36	0.049
21	37	0.021
21	38	0.165
21	39	0.009
21	40	0.039
21	41	0.151
21	42	0.072
21	43	0.078
21	44	0.033
21	45	0.01
21	46	0.076
21	47	0.044
21	48	0.023
21	49	0.132
21	50	0.104
21	51	0.113
21	52	0.069
21	53	0.144
21	54	0.055
21	55	0.012
21	56	0.023
21	57	0.122
21	58	0.02
21	59	0.033
21	60	0.059
21	61	0.042
21	62	0.073
21	63	0.15
21	64	0.022
21	65	0.011
21	66	0.032
21	67	0.097
21	68	0.008
21	69	0.061
21	70	0.036
21	71	0.076
21	72	0.011
21	73	0.011
21	74	0.041
21	75	0.037
21	76	0.045
21	77	0.088
21	78	0.097
21	79	0.048
21	81	0.108
21	82	0.025
21	83	0.113
22	23	0.006
22	24	0.013
22	25	0.051
22	26	0.039
22	27	0.032
22	28	0.085
22	29	0.074
22	30	0.173
22	31	0.043
22	32	0.007
22	33	0.009
22	34	0.088
22	35	0.025
22	36	0.002
22	37	0.016
22	38	0.06
22	39	0.062
22	40	0.103
22	41	0.14
22	42	0.02
22	43	0.079
22	44	0.003
22	45	0.042
22	46	0.145
22	47	0.158
22	48	0.174
22	49	0.012
22	50	0.021
22	51	0.074
22	52	0.053
22	53	0.111
22	54	0.106
22	55	0.092
22	56	0.05
22	57	0.002
22	58	0.126
22	59	0.139
22	60	0.011
22	61	0.109
22	62	0.107
22	63	0.112
22	64	0.01
22	65	0.032
22	66	0.1
22	67	0.016
22	68	0.086
22	69	0.032
22	70	0.057
22	71	0.031
22	73	0.193
22	74	0.03
22	75	0.048
22	76	0.02
22	77	0.074
22	78	0.012
22	79	0.05
22	80	0.08
22	81	0.029
22	82	0.087
22	83	0.016
23	24	0.026
23	25	0.054
23	26	0.022
23	27	0.008
23	28	0.032
23	29	0.06
23	30	0.039
23	31	0.027
23	32	0.019
23	33	0.018
23	34	0.125
23	35	0.012
23	36	0.019
23	37	0.03
23	38	0.108
23	39	0.026
23	40	0.13
23	41	0.021
23	42	0.023
23	43	0.001
23	44	0.023
23	45	0.004
23	46	0.019
23	47	0.104
23	48	0.057
23	49	0.118
23	50	0.021
23	51	0.049
23	52	0.015
23	53	0.093
23	54	0.005
23	55	0.035
23	56	0.033
23	57	0.007
23	58	0.047
23	59	0.053
23	60	0.076
23	61	0.013
23	62	0.021
23	63	0.052
23	64	0.05
23	65	0.162
23	66	0.031
23	67	0.052
23	68	0.108
23	69	0.028
23	70	0.005
23	71	0.011
23	72	0.022
23	73	0.028
23	74	0.034
23	75	0.011
23	76	0.038
23	77	0.082
23	78	0.021
23	79	0.034
23	80	0.113
23	81	0.093
23	82	0.078
23	83	0.124
24	25	0.028
24	26	0.008
24	27	0.107
24	28	0.118
24	29	0.092
24	30	0.032
24	31	0.212
24	32	0.137
24	33	0.052
24	34	0.019
24	35	0.111
24	36	0.079
24	37	0.077
24	38	0.083
24	39	0.084
24	40	0.002
24	41	0.111
24	42	0.026
24	43	0.014
24	44	0.013
24	45	0.021
24	46	0.018
24	47	0.076
24	48	0.074
24	49	0.1
24	50	0.01
24	51	0.02
24	52	0.185
24	53	0.061
24	54	0.049
24	55	0.028
24	56	0.093
24	57	0.054
24	58	0.124
24	59	0.126
24	60	0.196
24	61	0.065
24	62	0.051
24	63	0.016
24	64	0.114
24	65	0.105
24	66	0.127
24	67	0.012
24	68	0.061
24	69	0.148
24	70	0.053
24	71	0.014
24	72	0.055
24	73	0.093
24	74	0.006
24	75	0.003
24	76	0.111
24	77	0.105
24	78	0.009
24	79	0.09
24	80	0.03
24	81	0.107
24	82	0.107
24	83	0.109
25	26	0.086
25	27	0.058
25	28	0.001
25	29	0.032
25	30	0.003
25	31	0.083
25	32	0.133
25	33	0.06
25	34	0.027
25	35	0.078
25	36	0.107
25	37	0.059
25	38	0.128
25	39	0.017
25	40	0.019
25	41	0.098
25	42	0.063
25	43	0.059
25	44	0.042
25	45	0.057
25	46	0.112
25	47	0.105
25	48	0.151
25	49	0.108
25	50	0.112
25	51	0.137
25	52	0.117
25	53	0.032
25	54	0.092
25	55	0.166
25	56	0.164
25	57	0.165
25	58	0.017
25	59	0.064
25	60	0.179
25	61	0.014
25	62	0.036
25	63	0.041
25	64	0.176
25	65	0.043
25	66	0.031
25	67	0.063
25	68	0.092
25	69	0.093
25	70	0.045
25	71	0.037
25	72	0.045
25	73	0.004
25	74	0.05
25	75	0.069
25	76	0.039
25	77	0.003
25	78	0.112
25	79	0.052
25	80	0.059
25	81	0.042
25	82	0.038
25	83	0.029
26	27	0.012
26	28	0.026
26	29	0.047
26	30	0.01
26	31	0.039
26	32	0.103
26	33	0.031
26	34	0.056
26	35	0.054
26	36	0.056
26	37	0.061
26	38	0.05
26	39	0.078
26	40	0.07
26	41	0.048
26	42	0.001
26	43	0.004
26	44	0.006
26	45	0.028
26	46	0.08
26	47	0.162
26	48	0.054
26	49	0.048
26	50	0.108
26	51	0.066
26	52	0.038
26	53	0.163
26	54	0.023
26	55	0.007
26	56	0.055
26	57	0.036
26	58	0.078
26	59	0.018
26	60	0.028
26	61	0.007
26	62	0.032
26	63	0.06
26	64	0.023
26	65	0.022
26	66	0.035
26	67	0.012
26	68	0.083
26	69	0.04
26	70	0.051
26	71	0.026
26	72	0.04
26	73	0.025
26	74	0.022
26	75	0.037
26	76	0.04
26	77	0.193
26	79	0.047
26	80	0.016
26	81	0.014
26	82	0.052
26	83	0.016
27	28	0.017
27	29	0.007
27	30	0.177
27	31	0.108
27	32	0.044
27	33	0.036
27	34	0.046
27	35	0.009
27	36	0.049
27	37	0.024
27	38	0.028
27	39	0.038
27	40	0.007
27	41	0.021
27	42	0.01
27	43	0.048
27	44	0.039
27	45	0.005
27	46	0.004
27	47	0.083
27	48	0.08
27	49	0.035
27	50	0.049
27	51	0.066
27	52	0.084
27	53	0.159
27	54	0.145
27	55	0.009
27	56	0.059
27	57	0.075
27	58	0.101
27	59	0.086
27	60	0.045
27	61	0.169
27	62	0.001
27	63	0.121
27	64	0.002
27	65	0.108
27	66	0.025
27	67	0.116
27	68	0.071
27	69	0.029
27	70	0.014
27	71	0.049
27	72	0.046
27	73	0.102
27	74	0.042
27	75	0.093
27	76	0.071
27	77	0.019
27	78	0.021
27	79	0.001
27	80	0.044
27	81	0.065
27	82	0.064
27	83	0.041
28	29	0.055
28	30	0.082
28	31	0.056
28	32	0.018
28	33	0.025
28	34	0.08
28	35	0.038
28	36	0.019
28	37	0.027
28	38	0.007
28	39	0.099
28	40	0.017
28	41	0.133
28	42	0.011
28	43	0.097
28	44	0.066
28	45	0.116
28	46	0.122
28	47	0.005
28	48	0.089
28	49	0.069
28	50	0.038
28	51	0.026
28	52	0.062
28	53	0.001
28	54	0.027
28	55	0.195
28	56	0.094
28	57	0.009
28	58	0.257
28	59	0.339
28	60	0.048
28	61	0.019
28	62	0.171
28	63	0.057
28	64	0.035
28	65	0.18
28	66	0.046
28	67	0.015
28	68	0.025
28	69	0.015
28	70	0.087
28	71	0.104
28	72	0.008
28	73	0.02
28	74	0.118
28	75	0.08
28	76	0.052
28	77	0.031
28	78	0.037
28	79	0.081
28	80	0.016
28	81	0.098
28	82	0.027
28	83	0.034
29	30	0.042
29	31	0.136
29	32	0.023
29	33	0.039
29	34	0.025
29	35	0.051
29	36	0.005
29	37	0.036
29	38	0.095
29	39	0.054
29	40	0.03
29	41	0.041
29	42	0.033
29	43	0.07
29	44	0.001
29	45	0.129
29	46	0.016
29	47	0.014
29	48	0.029
29	50	0.044
29	51	0.122
29	52	0.177
29	53	0.084
29	54	0.003
29	55	0.01
29	56	0.107
29	57	0.139
29	58	0.073
29	59	0.023
29	60	0.055
29	61	0.116
29	62	0.083
29	63	0.074
29	64	0.012
29	65	0.01
29	66	0.024
29	67	0.12
29	68	0.006
29	69	0.011
29	70	0.181
29	71	0.089
29	72	0.018
29	73	0.07
29	74	0.028
29	75	0.056
29	76	0.018
29	77	0.037
29	78	0.16
29	79	0.091
29	80	0.131
29	81	0.013
29	82	0.02
29	83	0.036
30	31	0.079
30	32	0.152
30	33	0.065
30	34	0.037
30	35	0.037
30	36	0.003
30	37	0.026
30	38	0.146
30	39	0.064
30	40	0.133
30	41	0.069
30	42	0.136
30	43	0.005
30	44	0.11
30	45	0.204
30	46	0.077
30	48	0.151
30	49	0.061
30	50	0.088
30	51	0.067
30	52	0.152
30	53	0.091
30	54	0.061
30	55	0.145
30	56	0.04
30	57	0.005
30	58	0.152
30	59	0.171
30	61	0.025
30	62	0.053
30	63	0.139
30	64	0.113
30	65	0.013
30	66	0.062
30	67	0.079
30	69	0.015
30	70	0.052
30	71	0.031
30	72	0.012
30	73	0.19
30	74	0.054
30	75	0.021
30	76	0.22
30	77	0.083
30	78	0.195
30	79	0.037
30	80	0.094
30	82	0.136
30	83	0.015
31	32	0.016
31	33	0.149
31	34	0.042
31	35	0.041
31	36	0.215
31	37	0.045
31	38	0.212
31	39	0.195
31	40	0.205
31	41	0.115
31	42	0.082
31	43	0.021
31	44	0.037
31	45	0.043
31	46	0.059
31	47	0.14
31	48	0.023
31	49	0.076
31	50	0.133
31	52	0.027
31	53	0.029
31	54	0.136
31	55	0.077
31	56	0.077
31	57	0.066
31	58	0.005
31	59	0.237
31	60	0.176
31	61	0.066
31	62	0.145
31	63	0.007
31	64	0.137
31	66	0.063
31	68	0.118
31	69	0.023
31	70	0.074
31	71	0.041
31	72	0.019
31	73	0.035
31	74	0.103
31	75	0.044
31	76	0.044
31	77	0.016
31	78	0.004
31	79	0.098
31	80	0.119
31	82	0.032
31	83	0.012
32	33	0.01
32	34	0.069
32	35	0.003
32	36	0.045
32	37	0.032
32	38	0.121
32	39	0.006
32	40	0.127
32	42	0.021
32	43	0.079
32	44	0.008
32	45	0.094
32	46	0.033
32	47	0.057
32	48	0.061
32	49	0.132
32	50	0.045
32	51	0.194
32	52	0.203
32	54	0.216
32	55	0.055
32	56	0.165
32	57	0.026
32	58	0.102
32	59	0.076
32	60	0.001
32	62	0.089
32	63	0.106
32	64	0.054
32	65	0.096
32	67	0.082
32	68	0.09
32	69	0.053
32	70	0.138
32	71	0.025
32	72	0.102
32	73	0.098
32	74	0.109
32	75	0.119
32	76	0.044
32	77	0.031
32	78	0.012
32	80	0.01
32	81	0.043
32	82	0.064
32	83	0.063
33	34	0.121
33	35	0.111
33	36	0.017
33	37	0.042
33	38	0.095
33	39	0.136
33	40	0.059
33	41	0.001
33	42	0.004
33	43	0.108
33	44	0.129
33	45	0.057
33	46	0.118
33	47	0.097
33	48	0.047
33	49	0.048
33	50	0.146
33	51	0.009
33	52	0.124
33	53	0.143
33	54	0.025
33	55	0.161
33	56	0.155
33	57	0.013
33	58	0.031
33	59	0.047
33	60	0.042
33	61	0.036
33	62	0.027
33	63	0.161
33	64	0.02
33	65	0.093
33	66	0.111
33	67	0.23
33	68	0.006
33	69	0.062
33	70	0.036
33	71	0.005
33	72	0.019
33	73	0.104
33	74	0.01
33	75	0.039
33	76	0.011
33	77	0.039
33	78	0.158
33	79	0.109
33	80	0.09
33	81	0.047
33	82	0.021
33	83	0.086
34	35	0.025
34	36	0.027
34	37	0.037
34	38	0.068
34	39	0.046
34	40	0.03
34	41	0.012
34	42	0.034
34	43	0.049
34	44	0.006
34	45	0.086
34	46	0.039
34	47	0.131
34	48	0.052
34	49	0.006
34	50	0.016
34	51	0.092
34	52	0.076
34	53	0.048
34	54	0.081
34	55	0.08
34	56	0.005
34	57	0.106
34	58	0.111
34	59	0.15
34	60	0.079
34	61	0.14
34	62	0.115
34	63	0.054
34	64	0.078
34	65	0.003
34	66	0.132
34	67	0.197
34	68	0.005
34	69	0.063
34	70	0.142
34	71	0.074
34	72	0.072
34	73	0.024
34	74	0.022
34	75	0.063
34	76	0.005
34	77	0.006
34	78	0.143
34	79	0.042
34	80	0.051
34	81	0.013
34	82	0.088
34	83	0.071
35	36	0.046
35	37	0.141
35	38	0.061
35	39	0.126
35	40	0.05
35	41	0.041
35	42	0.032
35	43	0.07
35	44	0.061
35	45	0.034
35	46	0.027
35	47	0.124
35	48	0.041
35	49	0.007
35	50	0.012
35	51	0.002
35	52	0.1
35	53	0.016
35	54	0.171
35	55	0.101
35	56	0.128
35	57	0.029
35	58	0.043
35	59	0.051
35	60	0.143
35	61	0.075
35	62	0.059
35	63	0.028
35	64	0.077
35	65	0.007
35	66	0.035
35	67	0.043
35	68	0.038
35	69	0.101
35	70	0.057
35	71	0.027
35	72	0.026
35	73	0.03
35	74	0.005
35	75	0.003
35	76	0.02
35	77	0.055
35	78	0.144
35	79	0.025
35	80	0.048
35	81	0.09
35	82	0.215
36	37	0.017
36	38	0.028
36	39	0.022
36	40	0.015
36	41	0.018
36	42	0.065
36	43	0.08
36	44	0.031
36	45	0.102
36	46	0.013
36	47	0.047
36	48	0.044
36	49	0.276
36	50	0.012
36	51	0.133
36	52	0.072
36	53	0.008
36	54	0.118
36	55	0.001
36	56	0.066
36	57	0.134
36	58	0.085
36	59	0.075
36	60	0.011
36	61	0.036
36	62	0.041
36	63	0.195
36	64	0.125
36	65	0.078
36	66	0.035
36	67	0.02
36	68	0.084
36	69	0.043
36	70	0.037
36	72	0.065
36	73	0.032
36	74	0.013
36	75	0.049
36	76	0.047
36	77	0.106
36	78	0.012
36	79	0.024
36	80	0.015
36	81	0.091
36	82	0.022
36	83	0.011
37	38	0.106
37	39	0.137
37	40	0.013
37	41	0.02
37	42	0.018
37	43	0.028
37	44	0.09
37	45	0.029
37	46	0.027
37	47	0.008
37	48	0.179
37	49	0.057
37	50	0.041
37	51	0.058
37	53	0.152
37	54	0.009
37	55	0.042
37	56	0.032
37	57	0.063
37	58	0.146
37	59	0.125
37	60	0.164
37	61	0.002
37	62	0.101
37	63	0.003
37	64	0.028
37	65	0.012
37	66	0.135
37	67	0.047
37	68	0.094
37	69	0.025
37	70	0.05
37	71	0.007
37	72	0.001
37	73	0.202
37	74	0.01
37	75	0.019
37	76	0.008
37	77	0.046
37	78	0.161
37	79	0.032
37	80	0.054
37	81	0.016
37	82	0.073
37	83	0.033
38	39	0.064
38	40	0.012
38	41	0.002
38	42	0.056
38	43	0.136
38	44	0.084
38	45	0.059
38	46	0.212
38	47	0.014
38	48	0.172
38	49	0.103
38	50	0.071
38	51	0.115
38	52	0.01
38	53	0.058
38	54	0.015
38	55	0.092
38	56	0.033
38	57	0.086
38	58	0.004
38	59	0.063
38	60	0.038
38	61	0.157
38	62	0.028
38	63	0.12
38	64	0.13
38	65	0.058
38	66	0.054
38	67	0.015
38	68	0.015
38	69	0.022
38	70	0.06
38	71	0.122
38	72	0.122
38	73	0.124
38	74	0.02
38	75	0.094
38	76	0.047
38	77	0.061
38	78	0.117
38	79	0.037
38	80	0.053
38	81	0.036
38	82	0.167
38	83	0.096
39	40	0.043
39	41	0.065
39	42	0.056
39	43	0.041
39	44	0.049
39	45	0.043
39	46	0.119
39	47	0.038
39	48	0.093
39	49	0.035
39	50	0.043
39	51	0.095
39	52	0.085
39	53	0.018
39	54	0.064
39	56	0.042
39	57	0.051
39	58	0.097
39	59	0.24
39	60	0.037
39	61	0.062
39	62	0.16
39	63	0.051
39	64	0.044
39	65	0.008
39	66	0.08
39	67	0.099
39	68	0.007
39	69	0.032
39	70	0.277
39	71	0.085
39	72	0.007
39	73	0.015
39	74	0.128
39	75	0.16
39	76	0.032
39	77	0.041
39	78	0.02
39	79	0.142
39	80	0.057
39	81	0.065
39	82	0.04
39	83	0.086
40	41	0.128
40	42	0.106
40	43	0.119
40	44	0.043
40	45	0.005
40	46	0.058
40	47	0.102
40	48	0.02
40	49	0.065
40	50	0.233
40	51	0.056
40	52	0.26
40	53	0.028
40	54	0.063
40	55	0.113
40	56	0.022
40	57	0.005
40	58	0.062
40	59	0.03
40	60	0.131
40	61	0.107
40	62	0.153
40	63	0.072
40	64	0.063
40	65	0.063
40	66	0.005
40	68	0.031
40	69	0.085
40	70	0.025
40	71	0.036
40	72	0.08
40	73	0.122
40	74	0.052
40	75	0.051
40	76	0.142
40	77	0.128
40	78	0.009
40	80	0.116
40	81	0.129
40	82	0.062
40	83	0.049
41	42	0.103
41	43	0.077
41	44	0.071
41	45	0.074
41	46	0.089
41	47	0.145
41	48	0.006
41	49	0.077
41	50	0.094
41	51	0.106
41	52	0.032
41	53	0.297
41	54	0.132
41	55	0.02
41	56	0.066
41	57	0.074
41	58	0.041
41	59	0.02
41	60	0.052
41	61	0.154
41	62	0.006
41	63	0.002
41	64	0.044
41	65	0.134
41	66	0.05
41	67	0.073
41	68	0.025
41	69	0.03
41	70	0.045
41	71	0.117
41	72	0.036
41	73	0.135
41	74	0.118
41	75	0.004
41	76	0.041
41	77	0.089
41	78	0.051
41	79	0.02
41	80	0.028
41	82	0.032
41	83	0.144
42	43	0.001
42	44	0.039
42	45	0.019
42	46	0.033
42	47	0.071
42	48	0.038
42	49	0.167
42	50	0.051
42	51	0.017
42	52	0.029
42	53	0.043
42	54	0.037
42	55	0.01
42	56	0.082
42	57	0.19
42	58	0.031
42	59	0.039
42	60	0.07
42	61	0.02
42	62	0.076
42	63	0.025
42	64	0.059
42	65	0.084
42	66	0.016
42	67	0.01
42	68	0.085
42	69	0.023
42	70	0.121
42	71	0.016
42	72	0.035
42	73	0.134
42	74	0.029
42	75	0.015
42	76	0.058
42	77	0.121
42	78	0.081
42	79	0.01
42	80	0.067
42	81	0.166
42	82	0.135
42	83	0.066
43	44	0.023
43	45	0.03
43	46	0.125
43	47	0.15
43	48	0.035
43	49	0.19
43	50	0.028
43	51	0.071
43	52	0.052
43	53	0.013
43	54	0.001
43	55	0.088
43	56	0.068
43	57	0.168
43	58	0.09
43	59	0.139
43	60	0.103
43	61	0.057
43	62	0.139
43	63	0.041
43	64	0.087
43	65	0.086
43	66	0.077
43	67	0.015
43	68	0.109
43	69	0.017
43	70	0.043
43	71	0.035
43	72	0.034
43	73	0.082
43	74	0.079
43	75	0.059
43	76	0.012
43	77	0.002
43	78	0.07
43	79	0.087
43	80	0.088
43	81	0.015
43	82	0.081
43	83	0.021
44	45	0.056
44	46	0.065
44	47	0.078
44	48	0.116
44	49	0.006
44	50	0.043
44	51	0.009
44	52	0.027
44	53	0.126
44	54	0.078
44	55	0.033
44	56	0.119
44	57	0.077
44	58	0.023
44	59	0.076
44	60	0.033
44	61	0.041
44	62	0.069
44	63	0.13
44	64	0.065
44	65	0.103
44	66	0.027
44	67	0.02
44	68	0.014
44	69	0.019
44	70	0.033
44	71	0.012
44	72	0.034
44	73	0.035
44	74	0.009
44	75	0.027
44	76	0.079
44	77	0.104
44	78	0.042
44	79	0.035
44	80	0.155
44	81	0.078
44	82	0.142
44	83	0.016
45	46	0.084
45	47	0.049
45	48	0.078
45	49	0.148
45	50	0.027
45	51	0.04
45	52	0.06
45	53	0.024
45	54	0.074
45	55	0.018
45	56	0.058
45	57	0.033
45	58	0.017
45	59	0.031
45	60	0.007
45	61	0.04
45	62	0.021
45	63	0.046
45	64	0.145
45	65	0.152
45	66	0.073
45	67	0.093
45	68	0.051
45	69	0.158
45	70	0.127
45	71	0.131
45	72	0.086
45	73	0.158
45	74	0.036
45	75	0.082
45	76	0.136
45	77	0.04
45	78	0.131
45	79	0.025
45	80	0.126
45	81	0.128
45	82	0.184
45	83	0.013
46	47	0.025
46	48	0.105
46	49	0.01
46	50	0.115
46	51	0.027
46	52	0.098
46	53	0.047
46	54	0.036
46	55	0.003
46	56	0.154
46	57	0.217
46	58	0.026
46	59	0.158
46	60	0.07
46	61	0.095
46	62	0.069
46	63	0.146
46	64	0.14
46	65	0.011
46	66	0.009
46	67	0.036
46	68	0.075
46	69	0.148
46	70	0.035
46	71	0.041
46	72	0.012
46	73	0.109
46	74	0.009
46	75	0.031
46	76	0.022
46	77	0.158
46	78	0.012
46	79	0.068
46	80	0.189
46	81	0.016
46	82	0.142
46	83	0.011
47	48	0.028
47	49	0.003
47	50	0.225
47	51	0.038
47	52	0.01
47	53	0.117
47	54	0.15
47	55	0.093
47	56	0.244
47	57	0.018
47	58	0.017
47	59	0.066
47	60	0.03
47	61	0.055
47	62	0.11
47	63	0.057
47	64	0.051
47	65	0.011
47	66	0.031
47	67	0.063
47	68	0.038
47	69	0.037
47	70	0.024
47	71	0.021
47	72	0.016
47	73	0.071
47	74	0.007
47	75	0.075
47	76	0.08
47	77	0.042
47	78	0.229
47	79	0.004
47	80	0.22
47	81	0.003
47	82	0.06
47	83	0.146
48	49	0.017
48	50	0.048
48	51	0.072
48	52	0.026
48	53	0.051
48	54	0.056
48	55	0.111
48	56	0.02
48	57	0.155
48	58	0.076
48	59	0.145
48	60	0.041
48	61	0.021
48	62	0.047
48	63	0.096
48	64	0.065
48	65	0.017
48	66	0.298
48	67	0.175
48	68	0.101
48	69	0.094
48	70	0.221
48	71	0.024
48	72	0.036
48	73	0.21
48	74	0.043
48	75	0.046
48	76	0.151
48	77	0.058
48	78	0.063
48	79	0.116
48	80	0.108
48	82	0.016
48	83	0.002
49	50	0.084
49	51	0.012
49	52	0.086
49	53	0.032
49	54	0.096
49	55	0.074
49	56	0.023
49	57	0.012
49	58	0.07
49	59	0.163
49	60	0.062
49	61	0.091
49	62	0.013
49	63	0.104
49	64	0.108
49	65	0.065
49	66	0.022
49	67	0.009
49	68	0.093
49	69	0.001
49	70	0.084
49	71	0.105
49	72	0.028
49	73	0.069
49	74	0.076
49	75	0.013
49	77	0.121
49	78	0.09
49	79	0.228
49	80	0.013
49	81	0.106
49	82	0.028
49	83	0.02
50	51	0.032
50	52	0.042
50	53	0.308
50	54	0.082
50	55	0.002
50	56	0.076
50	57	0.099
50	58	0.175
50	59	0.162
50	60	0.073
50	61	0.026
50	62	0.005
50	63	0.137
50	64	0.065
50	65	0.117
50	66	0.023
50	67	0.038
50	68	0.207
50	69	0.076
50	70	0.074
50	71	0.125
50	72	0.026
50	73	0.161
50	74	0.005
50	75	0.016
50	76	0.042
50	77	0.033
50	78	0.002
50	79	0.21
50	80	0.157
50	82	0.035
50	83	0.005
51	52	0.112
51	53	0.149
51	54	0.097
51	55	0.084
51	56	0.12
51	57	0.23
51	58	0.077
51	59	0.14
51	60	0.046
51	61	0.007
51	62	0.062
51	63	0.139
51	64	0.037
51	65	0.115
51	66	0.112
51	67	0.022
51	68	0.024
51	69	0.143
51	70	0.027
51	71	0.06
51	72	0.068
51	73	0.006
51	74	0.015
51	75	0.052
51	76	0.098
51	77	0.081
51	78	0.18
51	79	0.011
51	80	0.207
51	81	0.138
51	82	0.066
51	83	0.011
52	53	0.087
52	54	0.074
52	55	0.012
52	56	0.003
52	57	0.041
52	58	0.048
52	59	0.102
52	60	0.048
52	61	0.05
52	62	0.022
52	63	0.004
52	64	0.055
52	65	0.175
52	66	0.015
52	67	0.035
52	68	0.023
52	69	0.019
52	70	0.041
52	71	0.053
52	72	0.089
52	74	0.074
52	75	0.109
52	76	0.015
52	77	0.065
52	78	0.12
52	79	0.015
52	80	0.02
52	81	0.031
52	82	0.072
52	83	0.1
53	54	0.047
53	55	0.088
53	56	0.135
53	57	0.207
53	58	0.092
53	59	0.115
53	60	0.043
53	61	0.089
53	62	0.039
53	63	0.033
53	64	0.011
53	65	0.052
53	66	0.073
53	67	0.023
53	68	0.031
53	69	0.169
53	70	0.005
53	71	0.036
53	72	0.051
53	73	0.015
53	74	0.005
53	75	0.034
53	76	0.006
53	77	0.018
53	78	0.009
53	79	0.033
53	80	0.011
53	81	0.017
53	82	0.044
53	83	0.076
54	55	0.051
54	56	0.021
54	57	0.039
54	58	0.067
54	59	0.037
54	60	0.069
54	61	0.099
54	62	0.03
54	63	0.062
54	64	0.08
54	65	0.029
54	66	0.065
54	67	0.043
54	68	0.111
54	69	0.026
54	70	0.172
54	71	0.003
54	72	0.126
54	73	0.01
54	74	0.064
54	75	0.054
54	76	0.064
54	77	0.032
54	78	0.056
54	79	0.138
54	80	0.022
54	81	0.055
54	82	0.047
54	83	0.061
55	56	0.014
55	57	0.038
55	58	0.011
55	59	0.076
55	60	0.075
55	61	0.02
55	62	0.065
55	63	0.129
55	64	0.186
55	65	0.039
55	66	0.015
55	67	0.003
55	68	0.007
55	69	0.02
55	70	0.066
55	71	0.064
55	72	0.006
55	73	0.092
55	74	0.005
55	75	0.037
55	76	0.076
55	77	0.001
55	78	0.017
55	79	0.054
55	80	0.014
55	81	0.007
55	82	0.073
55	83	0.135
56	57	0.055
56	58	0.082
56	59	0.105
56	60	0.134
56	61	0.059
56	62	0.171
56	63	0.014
56	64	0.042
56	65	0.014
56	66	0.052
56	67	0.002
56	68	0.151
56	69	0.051
56	70	0.119
56	71	0.148
56	72	0.043
56	73	0.066
56	74	0.056
56	75	0.077
56	76	0.067
56	77	0.099
56	78	0.061
56	79	0.109
56	80	0.075
56	81	0.024
56	82	0.143
56	83	0.057
57	58	0.057
57	59	0.104
57	60	0.014
57	61	0.026
57	62	0.033
57	63	0.156
57	64	0.008
57	65	0.107
57	66	0.023
57	67	0.189
57	68	0.023
57	69	0.067
57	70	0.142
57	71	0.047
57	72	0.11
57	73	0.149
57	74	0.021
57	75	0.043
57	76	0.055
57	77	0.043
57	78	0.068
57	79	0.005
57	80	0.005
57	81	0.066
57	82	0.135
57	83	0.139
58	59	0.045
58	60	0.029
58	61	0.113
58	62	0.033
58	63	0.095
58	64	0.048
58	65	0.029
58	66	0.024
58	67	0.011
58	68	0.03
58	69	0.005
58	70	0.025
58	71	0.06
58	72	0.065
58	73	0.008
58	74	0.072
58	75	0.064
58	76	0.093
58	77	0.032
58	78	0.068
58	79	0.062
58	80	0.091
58	81	0.05
58	82	0.015
58	83	0.187
59	60	0.189
59	61	0.061
59	62	0.045
59	63	0.083
59	64	0.042
59	65	0.031
59	66	0.03
59	67	0.023
59	68	0.066
59	69	0.04
59	70	0.069
59	71	0.101
59	72	0.08
59	73	0.255
59	74	0.036
59	75	0.095
59	76	0.105
59	77	0.066
59	78	0.002
59	79	0.177
59	80	0.03
59	81	0.129
59	82	0.026
59	83	0.007
60	61	0.201
60	62	0.074
60	63	0.026
60	64	0.007
60	65	0.114
60	66	0.029
60	67	0.03
60	68	0.004
60	69	0.006
60	70	0.048
60	71	0.086
60	72	0.064
60	73	0.102
60	74	0.004
60	75	0.02
60	76	0.057
60	77	0.017
60	78	0.069
60	79	0.01
60	80	0.11
60	81	0.07
60	82	0.022
60	83	0.011
61	62	0.19
61	63	0.106
61	64	0.033
61	65	0.044
61	66	0.213
61	67	0.006
61	68	0.112
61	69	0.182
61	70	0.07
61	71	0.059
61	72	0.027
61	73	0.043
61	74	0.02
61	75	0.023
61	76	0.08
61	77	0.082
61	78	0.067
61	79	0.155
61	80	0.129
61	81	0.043
61	82	0.013
61	83	0.067
62	63	0.051
62	64	0.259
62	65	0.006
62	66	0.169
62	67	0.033
62	68	0.074
62	69	0.008
62	70	0.09
62	71	0.113
62	72	0.052
62	73	0.179
62	74	0.003
62	75	0.016
62	76	0.031
62	77	0.018
62	78	0.066
62	79	0.105
62	80	0.12
62	81	0.055
62	82	0.01
62	83	0.14
63	64	0.086
63	65	0.226
63	66	0.023
63	67	0.116
63	68	0.041
63	69	0.022
63	70	0.108
63	71	0.005
63	72	0.064
63	73	0.067
63	74	0.133
63	75	0.073
63	76	0.086
63	77	0.018
63	78	0.177
63	79	0.061
63	80	0.052
63	81	0.063
63	82	0.014
63	83	0.116
64	65	0.109
64	66	0.215
64	67	0.142
64	68	0.007
64	69	0.005
64	70	0.096
64	71	0.004
64	72	0.007
64	73	0.066
64	74	0.019
64	75	0.041
64	76	0.02
64	77	0.116
64	78	0.062
64	79	0.102
64	81	0.178
64	82	0.142
64	83	0.111
65	66	0.013
65	67	0.031
65	68	0.048
65	69	0.015
65	70	0.094
65	71	0.084
65	72	0.085
65	73	0.096
65	74	0.127
65	75	0.023
65	77	0.08
65	78	0.014
65	79	0.041
65	80	0.004
65	81	0.08
65	82	0.082
65	83	0.16
66	67	0.066
66	68	0.095
66	69	0.039
66	70	0.053
66	71	0.062
66	72	0.204
66	73	0.175
66	74	0.017
66	75	0.028
66	76	0.162
66	77	0.04
66	78	0.113
66	79	0.076
66	80	0.169
66	81	0.003
66	82	0.087
66	83	0.077
67	68	0.017
67	69	0.009
67	70	0.14
67	71	0.025
67	72	0.049
67	73	0.154
67	74	0.001
67	75	0.016
67	76	0.016
67	77	0.003
67	78	0.018
67	79	0.135
67	80	0.076
67	81	0.078
67	82	0.037
67	83	0.128
68	69	0.162
68	70	0.038
68	71	0.023
68	72	0.172
68	73	0.139
68	74	0.3
68	75	0.005
68	76	0.066
68	77	0.068
68	78	0.048
68	79	0.107
68	80	0.123
68	81	0.092
68	82	0.009
68	83	0.057
69	70	0.06
69	71	0.006
69	72	0.016
69	73	0.048
69	74	0.001
69	75	0.01
69	76	0.086
69	77	0.009
69	78	0.059
69	79	0.033
69	80	0.109
69	81	0.051
69	82	0.068
69	83	0.116
70	71	0.105
70	72	0.044
70	73	0.112
70	74	0.063
70	75	0.016
70	76	0.001
70	77	0.038
70	78	0.048
70	79	0.034
70	80	0.223
70	81	0.024
70	82	0.051
70	83	0.138
71	72	0.005
71	73	0.125
71	74	0.028
71	75	0.124
71	76	0.059
71	77	0.005
71	78	0.087
71	79	0.006
71	80	0.095
71	81	0.095
71	82	0.052
71	83	0.047
72	73	0.053
72	74	0.059
72	75	0.021
72	76	0.114
72	77	0.055
72	78	0.01
72	79	0.04
72	80	0.142
72	81	0.062
72	82	0.064
72	83	0.052
73	74	0.032
73	75	0.061
73	76	0.078
73	77	0.099
73	78	0.004
73	79	0.154
73	80	0.013
73	81	0.137
73	82	0.127
73	83	0.119
74	75	0.036
74	76	0.066
74	77	0.038
74	78	0.052
74	79	0.028
74	80	0.063
74	81	0.088
74	82	0.058
74	83	0.017
75	76	0.024
75	77	0.073
75	78	0.011
75	79	0.084
75	80	0.071
75	81	0.081
75	82	0.064
75	83	0.004
76	77	0.056
76	78	0.028
76	79	0.107
76	80	0.055
76	81	0.133
76	82	0.108
76	83	0.079
77	78	0.052
77	79	0.159
77	80	0.065
77	81	0.036
77	82	0.032
77	83	0.03
78	79	0.093
78	80	0.127
78	81	0.129
78	82	0.072
78	83	0.08
79	80	0.082
79	81	0.091
79	82	0.058
79	83	0.058
80	81	0.151
80	82	0.183
80	83	0.115
81	82	0.145
81	83	0.059
82	83	0.119
#subnet edge score	238.29499999999933