1	7	n/a
1	8	n/a
1	14	n/a
1	23	n/a
1	29	n/a
1	30	n/a
2	9	n/a
2	13	0.103
2	22	n/a
2	24	n/a
2	25	n/a
2	26	0.118
2	27	0.139
2	31	0.043
2	36	0.068
2	37	0.02
2	38	0.015
2	42	0.13
2	51	0.05
2	76	0.128
3	7	n/a
3	8	n/a
3	17	n/a
3	21	n/a
3	23	n/a
3	26	n/a
3	27	n/a
3	36	n/a
3	37	n/a
3	38	n/a
3	39	n/a
3	76	n/a
4	9	n/a
4	10	n/a
4	12	n/a
4	15	n/a
4	20	n/a
4	24	n/a
4	28	n/a
5	6	n/a
5	12	n/a
5	15	n/a
5	24	n/a
5	32	n/a
5	34	n/a
5	40	n/a
5	41	n/a
6	7	n/a
6	8	n/a
6	10	n/a
6	12	n/a
6	15	n/a
6	28	n/a
6	32	n/a
6	40	n/a
6	41	n/a
7	8	n/a
7	10	n/a
7	14	n/a
7	23	n/a
7	24	n/a
7	28	n/a
7	29	n/a
7	30	n/a
7	33	n/a
7	36	n/a
7	38	n/a
8	10	n/a
8	12	n/a
8	14	n/a
8	17	n/a
8	23	n/a
8	28	n/a
8	30	n/a
8	32	n/a
8	40	n/a
8	41	n/a
9	10	n/a
9	12	n/a
9	15	n/a
9	20	n/a
9	22	n/a
9	24	n/a
9	27	n/a
9	28	n/a
9	40	n/a
9	58	n/a
9	73	n/a
9	77	n/a
10	12	n/a
10	14	n/a
10	15	n/a
10	20	n/a
10	28	n/a
10	29	n/a
10	34	n/a
10	36	n/a
10	40	n/a
10	41	n/a
11	13	0.171
11	17	0.048
11	18	0.108
11	19	n/a
11	25	n/a
11	26	0.159
11	27	0.021
11	31	0.015
11	34	0.041
11	37	0.108
11	38	0.196
11	42	0.216
11	49	0.059
11	62	0.095
11	80	0.063
12	15	n/a
12	20	n/a
12	24	n/a
12	28	n/a
12	40	n/a
13	25	n/a
13	26	0.176
13	27	0.009
13	31	0.084
13	34	0.187
13	36	0.138
13	37	0.024
13	38	0.121
13	41	n/a
13	42	0.026
13	44	0.021
13	49	0.059
13	62	0.064
13	74	0.003
13	75	0.056
13	76	0.026
13	80	0.096
14	17	n/a
14	23	n/a
14	28	n/a
14	29	n/a
14	30	n/a
14	32	n/a
14	34	n/a
14	41	n/a
15	20	n/a
15	24	n/a
15	28	n/a
15	36	n/a
15	40	n/a
16	21	n/a
16	22	n/a
16	23	n/a
16	24	n/a
16	27	n/a
16	28	n/a
16	36	n/a
16	38	n/a
16	39	n/a
16	65	n/a
16	71	n/a
16	72	n/a
16	76	n/a
17	18	0.185
17	19	n/a
17	21	n/a
17	23	n/a
17	26	0.084
17	27	0.084
17	29	n/a
17	30	n/a
17	34	0.114
17	36	0.116
17	37	0.102
17	38	0.024
17	76	0.047
18	19	n/a
18	26	0.004
18	27	0.009
18	31	0.14
18	34	0.052
18	36	0.013
18	37	0.113
18	38	0.18
18	76	0.03
19	26	n/a
19	27	n/a
19	34	n/a
19	36	n/a
19	37	n/a
19	38	n/a
19	76	n/a
20	24	n/a
20	28	n/a
21	23	n/a
21	28	n/a
21	30	n/a
21	33	n/a
21	34	n/a
21	36	n/a
21	37	n/a
21	38	n/a
21	39	n/a
21	40	n/a
22	23	n/a
22	24	n/a
22	25	n/a
22	27	n/a
22	28	n/a
22	36	n/a
22	65	n/a
22	71	n/a
22	72	n/a
22	76	n/a
23	27	n/a
23	28	n/a
23	29	n/a
23	30	n/a
23	34	n/a
23	36	n/a
23	37	n/a
23	38	n/a
23	39	n/a
23	40	n/a
23	65	n/a
23	71	n/a
23	72	n/a
23	76	n/a
24	27	n/a
24	28	n/a
24	33	n/a
24	36	n/a
24	40	n/a
24	58	n/a
24	71	n/a
24	73	n/a
24	77	n/a
25	26	n/a
25	27	n/a
25	31	n/a
25	42	n/a
25	49	n/a
25	62	n/a
25	74	n/a
25	75	n/a
25	76	n/a
25	80	n/a
26	27	0.09
26	31	0.026
26	34	0.08
26	36	0.062
26	37	0.015
26	38	0.058
26	39	n/a
26	42	0.093
26	51	0.15
26	62	0.046
26	67	0.019
26	74	0.024
26	75	0.123
26	76	0.123
26	80	0.108
27	28	n/a
27	31	0.126
27	34	0.026
27	36	0.047
27	37	0.043
27	38	0.01
27	39	n/a
27	42	0.037
27	43	0.035
27	44	0.066
27	45	0.017
27	46	n/a
27	51	0.162
27	52	0.172
27	65	n/a
27	66	0.014
27	68	n/a
27	71	n/a
27	72	0.18
27	74	0.059
27	75	0.087
27	76	0.082
27	80	0.054
28	29	n/a
28	30	n/a
28	33	n/a
28	34	n/a
28	36	n/a
28	38	n/a
28	39	n/a
28	40	n/a
28	58	n/a
28	73	n/a
28	77	n/a
29	30	n/a
29	32	n/a
29	33	n/a
29	34	n/a
29	41	n/a
30	33	n/a
30	34	n/a
30	36	n/a
30	38	n/a
31	34	0.069
31	37	0.13
31	38	0.001
31	62	0.015
31	74	0.152
31	75	0.053
31	76	0.007
31	80	0.073
32	34	n/a
32	36	n/a
32	40	n/a
32	41	n/a
33	34	n/a
33	38	n/a
34	36	0.01
34	38	0.129
34	41	n/a
34	42	0.113
35	36	n/a
35	39	n/a
35	46	n/a
35	84	n/a
36	37	0.169
36	38	0.176
36	39	n/a
36	40	n/a
36	41	n/a
36	42	0.019
36	76	0.04
36	84	n/a
37	38	0.056
37	39	n/a
37	42	0.113
37	62	0.006
37	76	0.022
38	39	n/a
38	41	n/a
38	42	0.18
38	76	0.071
39	40	n/a
39	41	n/a
39	76	n/a
39	84	n/a
40	41	n/a
42	44	0.021
42	49	0.024
42	62	0.096
43	44	0.046
43	45	0.174
43	46	n/a
43	47	n/a
43	48	n/a
43	49	0.03
43	51	0.101
43	52	0.057
43	56	0.116
43	58	n/a
43	59	n/a
43	64	n/a
43	65	n/a
43	67	0.029
43	68	n/a
43	70	n/a
43	71	n/a
43	72	0.038
43	73	n/a
43	75	0.025
43	76	0.021
43	77	n/a
43	81	n/a
43	83	0.149
43	84	n/a
44	45	0.144
44	46	n/a
44	49	0.119
44	51	0.08
44	52	0.095
44	60	0.069
44	62	0.021
44	66	0.197
44	67	0.119
44	68	n/a
44	70	n/a
44	72	0.07
44	75	0.049
44	76	0.051
44	80	0.04
45	46	n/a
45	48	n/a
45	49	0.123
45	51	0.017
45	52	0.031
45	56	0.123
45	59	n/a
45	60	0.082
45	62	0.163
45	66	0.083
45	67	0.148
45	68	n/a
45	70	n/a
45	72	0.057
45	75	0.074
45	76	0.054
45	77	n/a
45	78	n/a
45	79	n/a
45	80	0.086
45	82	n/a
45	83	0.099
46	47	n/a
46	48	n/a
46	52	n/a
46	65	n/a
46	70	n/a
46	72	n/a
46	75	n/a
46	76	n/a
46	77	n/a
46	84	n/a
47	48	n/a
47	54	n/a
47	55	n/a
47	56	n/a
47	57	n/a
47	58	n/a
47	59	n/a
47	61	n/a
47	63	n/a
47	64	n/a
47	72	n/a
47	73	n/a
47	77	n/a
47	81	n/a
48	54	n/a
48	55	n/a
48	57	n/a
48	59	n/a
48	63	n/a
48	77	n/a
48	78	n/a
48	81	n/a
48	83	n/a
49	51	0.16
49	60	0.094
49	62	0.057
49	74	0.11
49	80	0.033
49	83	0.077
50	56	n/a
50	57	n/a
50	63	n/a
50	78	n/a
50	79	n/a
51	58	n/a
51	62	0.132
51	71	n/a
51	73	n/a
51	74	0.072
51	75	0.006
51	76	0.003
52	56	0.16
52	57	n/a
52	66	0.079
52	68	n/a
52	72	0.207
52	75	0.196
52	76	0.084
52	77	n/a
53	58	n/a
53	59	n/a
53	61	n/a
53	64	n/a
53	69	n/a
53	73	n/a
53	77	n/a
54	55	n/a
54	64	n/a
54	73	n/a
54	81	n/a
54	83	n/a
55	56	n/a
55	57	n/a
55	59	n/a
55	61	n/a
55	64	n/a
55	77	n/a
55	81	n/a
56	57	n/a
56	59	n/a
56	63	n/a
56	66	0.11
56	70	n/a
56	72	0.09
56	73	n/a
56	77	n/a
56	78	n/a
56	79	n/a
56	83	0.109
57	59	n/a
57	61	n/a
57	63	n/a
57	64	n/a
57	77	n/a
57	79	n/a
57	81	n/a
58	59	n/a
58	61	n/a
58	64	n/a
58	71	n/a
58	73	n/a
58	76	n/a
58	77	n/a
59	61	n/a
59	63	n/a
59	64	n/a
59	69	n/a
59	77	n/a
59	78	n/a
59	83	n/a
60	62	0.047
60	67	0.012
60	68	n/a
60	74	0.176
60	75	0.088
60	80	0.151
60	83	0.064
61	64	n/a
61	69	n/a
61	73	n/a
61	77	n/a
62	74	0.011
62	75	0.034
62	76	0.047
62	80	0.075
62	83	0.086
63	75	n/a
63	77	n/a
63	78	n/a
63	79	n/a
63	81	n/a
63	83	n/a
64	69	n/a
64	73	n/a
64	77	n/a
65	70	n/a
65	71	n/a
65	72	n/a
65	73	n/a
65	76	n/a
65	77	n/a
66	67	0.078
66	68	n/a
66	70	n/a
66	72	0.073
66	75	0.226
66	76	0.027
66	79	n/a
66	83	0.1
67	68	n/a
67	75	0.027
67	76	0.091
67	80	0.184
67	83	0.005
68	72	n/a
68	75	n/a
68	76	n/a
68	79	n/a
68	83	n/a
69	73	n/a
69	77	n/a
70	72	n/a
70	77	n/a
70	79	n/a
70	82	n/a
70	83	n/a
71	72	n/a
71	73	n/a
71	74	n/a
71	76	n/a
71	77	n/a
72	75	0.048
72	76	0.117
72	77	n/a
72	79	n/a
72	83	0.018
73	76	n/a
73	77	n/a
73	78	n/a
74	75	0.013
74	76	0.065
74	80	0.122
75	76	0.036
75	80	0.054
75	83	0.02
76	80	0.074
76	83	0.074
77	78	n/a
77	79	n/a
77	82	n/a
77	83	n/a
78	79	n/a
78	81	n/a
78	82	n/a
78	83	n/a
79	82	n/a
79	83	n/a
80	83	0.112
81	83	n/a
82	83	n/a
#subnet edge score	15.593999999999998