1	3	n/a
1	6	n/a
1	7	n/a
1	8	n/a
1	10	n/a
1	14	n/a
1	17	n/a
1	19	n/a
1	21	n/a
1	23	n/a
1	24	n/a
1	26	n/a
1	27	n/a
1	28	n/a
1	29	n/a
1	30	n/a
1	33	n/a
1	34	n/a
1	36	n/a
1	38	n/a
1	73	n/a
1	77	n/a
2	3	n/a
2	9	n/a
2	11	0.096
2	13	0.103
2	15	n/a
2	16	n/a
2	17	n/a
2	18	n/a
2	19	n/a
2	22	0.143
2	23	n/a
2	24	0.138
2	25	n/a
2	26	0.118
2	27	0.139
2	28	n/a
2	31	0.043
2	34	n/a
2	36	0.068
2	37	0.02
2	38	0.015
2	39	n/a
2	42	0.13
2	43	0.019
2	44	0.042
2	45	0.058
2	49	0.048
2	51	0.05
2	52	0.3
2	60	0.16
2	62	0.021
2	66	0.089
2	68	n/a
2	71	0.135
2	72	0.083
2	74	0.037
2	75	0.081
2	76	0.128
2	80	0.119
3	6	n/a
3	7	n/a
3	8	n/a
3	10	n/a
3	14	n/a
3	17	n/a
3	19	n/a
3	21	n/a
3	22	n/a
3	23	n/a
3	24	n/a
3	26	n/a
3	27	n/a
3	28	n/a
3	29	n/a
3	30	n/a
3	33	n/a
3	34	n/a
3	36	n/a
3	37	n/a
3	38	n/a
3	39	n/a
3	40	n/a
3	43	n/a
3	44	n/a
3	45	n/a
3	46	n/a
3	51	n/a
3	52	n/a
3	65	n/a
3	66	n/a
3	68	n/a
3	71	n/a
3	72	n/a
3	75	n/a
3	76	n/a
4	5	n/a
4	6	n/a
4	7	n/a
4	8	n/a
4	9	n/a
4	10	n/a
4	12	n/a
4	14	n/a
4	15	n/a
4	20	n/a
4	24	n/a
4	28	n/a
4	29	n/a
4	34	n/a
4	36	n/a
4	38	n/a
4	40	n/a
4	41	n/a
4	47	n/a
4	53	n/a
4	58	n/a
4	59	n/a
4	61	n/a
4	64	n/a
4	69	n/a
4	73	n/a
4	77	n/a
5	6	n/a
5	7	n/a
5	8	n/a
5	9	n/a
5	10	n/a
5	12	n/a
5	15	n/a
5	20	n/a
5	24	n/a
5	27	n/a
5	28	n/a
5	29	n/a
5	32	n/a
5	34	n/a
5	35	n/a
5	36	n/a
5	40	n/a
5	41	n/a
5	47	n/a
5	84	n/a
6	7	n/a
6	8	n/a
6	9	n/a
6	10	n/a
6	12	n/a
6	13	n/a
6	14	n/a
6	15	n/a
6	17	n/a
6	20	n/a
6	23	n/a
6	24	n/a
6	26	n/a
6	28	n/a
6	29	n/a
6	30	n/a
6	32	n/a
6	36	n/a
6	38	n/a
6	39	n/a
6	40	n/a
6	41	n/a
6	42	n/a
6	47	n/a
6	58	n/a
6	59	n/a
6	73	n/a
6	77	n/a
7	8	n/a
7	9	n/a
7	10	n/a
7	12	n/a
7	14	n/a
7	15	n/a
7	17	n/a
7	19	n/a
7	20	n/a
7	21	n/a
7	23	n/a
7	24	n/a
7	26	n/a
7	27	n/a
7	28	n/a
7	29	n/a
7	30	n/a
7	32	n/a
7	33	n/a
7	34	n/a
7	36	n/a
7	37	n/a
7	38	n/a
7	39	n/a
7	40	n/a
7	41	n/a
7	43	n/a
7	45	n/a
7	47	n/a
7	58	n/a
7	73	n/a
7	77	n/a
8	9	n/a
8	10	n/a
8	12	n/a
8	13	n/a
8	14	n/a
8	15	n/a
8	17	n/a
8	19	n/a
8	20	n/a
8	21	n/a
8	23	n/a
8	24	n/a
8	26	n/a
8	27	n/a
8	28	n/a
8	29	n/a
8	30	n/a
8	32	n/a
8	33	n/a
8	34	n/a
8	36	n/a
8	38	n/a
8	39	n/a
8	40	n/a
8	41	n/a
8	42	n/a
8	43	n/a
8	56	n/a
8	58	n/a
8	73	n/a
8	77	n/a
9	10	n/a
9	12	n/a
9	13	n/a
9	14	n/a
9	15	n/a
9	16	n/a
9	17	n/a
9	20	n/a
9	22	n/a
9	23	n/a
9	24	n/a
9	25	n/a
9	26	n/a
9	27	n/a
9	28	n/a
9	29	n/a
9	30	n/a
9	31	n/a
9	33	n/a
9	34	n/a
9	37	n/a
9	38	n/a
9	39	n/a
9	40	n/a
9	41	n/a
9	42	n/a
9	43	n/a
9	45	n/a
9	47	n/a
9	49	n/a
9	53	n/a
9	56	n/a
9	58	n/a
9	59	n/a
9	61	n/a
9	62	n/a
9	64	n/a
9	65	n/a
9	69	n/a
9	71	n/a
9	72	n/a
9	73	n/a
9	75	n/a
9	76	n/a
9	77	n/a
9	78	n/a
9	79	n/a
9	80	n/a
9	83	n/a
10	12	n/a
10	13	n/a
10	14	n/a
10	15	n/a
10	20	n/a
10	24	n/a
10	28	n/a
10	29	n/a
10	30	n/a
10	32	n/a
10	33	n/a
10	34	n/a
10	36	n/a
10	38	n/a
10	39	n/a
10	40	n/a
10	41	n/a
10	43	n/a
10	47	n/a
10	53	n/a
10	55	n/a
10	57	n/a
10	58	n/a
10	59	n/a
10	61	n/a
10	64	n/a
10	69	n/a
10	73	n/a
10	77	n/a
11	13	0.171
11	14	n/a
11	17	n/a
11	18	n/a
11	19	n/a
11	23	n/a
11	25	n/a
11	26	0.159
11	27	0.021
11	29	n/a
11	31	0.015
11	32	n/a
11	34	n/a
11	36	0.137
11	37	0.108
11	38	0.196
11	39	n/a
11	41	n/a
11	42	0.216
11	44	0.021
11	49	0.059
11	51	0.036
11	60	0.04
11	62	0.095
11	67	0.099
11	74	0.01
11	75	0.103
11	76	0.106
11	80	0.063
12	13	n/a
12	14	n/a
12	15	n/a
12	20	n/a
12	24	n/a
12	28	n/a
12	29	n/a
12	32	n/a
12	34	n/a
12	36	n/a
12	38	n/a
12	40	n/a
12	41	n/a
12	42	n/a
12	47	n/a
12	53	n/a
12	54	n/a
12	58	n/a
12	59	n/a
12	61	n/a
12	64	n/a
12	69	n/a
12	73	n/a
12	77	n/a
13	14	n/a
13	18	n/a
13	22	0.027
13	24	0.078
13	25	n/a
13	26	0.176
13	27	0.009
13	29	n/a
13	31	0.084
13	32	n/a
13	34	n/a
13	36	0.138
13	37	0.024
13	38	0.121
13	39	n/a
13	40	n/a
13	41	n/a
13	42	0.026
13	43	0.003
13	44	0.021
13	45	0.012
13	46	0.001
13	48	n/a
13	49	0.059
13	51	0.055
13	60	0.062
13	62	0.064
13	67	0.104
13	71	0.051
13	74	0.003
13	75	0.056
13	76	0.026
13	80	0.096
13	83	0.066
14	15	n/a
14	17	n/a
14	18	n/a
14	19	n/a
14	20	n/a
14	21	n/a
14	23	n/a
14	24	n/a
14	26	n/a
14	27	n/a
14	28	n/a
14	29	n/a
14	30	n/a
14	32	n/a
14	33	n/a
14	34	n/a
14	36	n/a
14	38	n/a
14	39	n/a
14	40	n/a
14	41	n/a
14	42	n/a
14	73	n/a
14	77	n/a
15	20	n/a
15	21	n/a
15	22	n/a
15	23	n/a
15	24	n/a
15	27	n/a
15	28	n/a
15	29	n/a
15	30	n/a
15	32	n/a
15	34	n/a
15	35	n/a
15	36	n/a
15	37	n/a
15	38	n/a
15	39	n/a
15	40	n/a
15	41	n/a
15	43	n/a
15	47	n/a
15	53	n/a
15	58	n/a
15	59	n/a
15	61	n/a
15	64	n/a
15	69	n/a
15	73	n/a
15	77	n/a
15	84	n/a
16	17	n/a
16	21	n/a
16	22	n/a
16	23	n/a
16	24	n/a
16	26	n/a
16	27	n/a
16	28	n/a
16	30	n/a
16	34	n/a
16	36	n/a
16	37	n/a
16	38	n/a
16	39	n/a
16	40	n/a
16	43	n/a
16	45	n/a
16	46	n/a
16	52	n/a
16	65	n/a
16	70	n/a
16	71	n/a
16	72	n/a
16	73	n/a
16	76	n/a
16	77	n/a
16	79	n/a
17	18	n/a
17	19	n/a
17	21	n/a
17	22	n/a
17	23	n/a
17	24	n/a
17	26	n/a
17	27	n/a
17	28	n/a
17	29	n/a
17	30	n/a
17	33	n/a
17	34	n/a
17	36	n/a
17	37	n/a
17	38	n/a
17	39	n/a
17	43	n/a
17	44	n/a
17	51	n/a
17	52	n/a
17	66	n/a
17	72	n/a
17	75	n/a
17	76	n/a
18	19	n/a
18	21	n/a
18	23	n/a
18	25	n/a
18	26	n/a
18	27	n/a
18	29	n/a
18	30	n/a
18	31	n/a
18	34	n/a
18	36	n/a
18	37	n/a
18	38	n/a
18	39	n/a
18	42	n/a
18	44	n/a
18	62	n/a
18	67	n/a
18	74	n/a
18	75	n/a
18	76	n/a
18	80	n/a
19	21	n/a
19	23	n/a
19	25	n/a
19	26	n/a
19	27	n/a
19	28	n/a
19	29	n/a
19	30	n/a
19	31	n/a
19	33	n/a
19	34	n/a
19	36	n/a
19	37	n/a
19	38	n/a
19	39	n/a
19	44	n/a
19	51	n/a
19	68	n/a
19	74	n/a
19	75	n/a
19	76	n/a
19	80	n/a
20	24	n/a
20	28	n/a
20	29	n/a
20	32	n/a
20	34	n/a
20	36	n/a
20	38	n/a
20	40	n/a
20	41	n/a
20	47	n/a
20	53	n/a
20	58	n/a
20	59	n/a
20	61	n/a
20	64	n/a
20	69	n/a
20	73	n/a
20	77	n/a
21	22	n/a
21	23	n/a
21	24	n/a
21	26	n/a
21	27	n/a
21	28	n/a
21	30	n/a
21	33	n/a
21	34	n/a
21	35	n/a
21	36	n/a
21	37	n/a
21	38	n/a
21	39	n/a
21	40	n/a
21	41	n/a
21	43	n/a
21	65	n/a
21	70	n/a
21	71	n/a
21	72	n/a
21	73	n/a
21	76	n/a
21	77	n/a
21	78	n/a
21	79	n/a
21	82	n/a
22	23	n/a
22	24	0.063
22	25	n/a
22	26	0.113
22	27	0.087
22	28	n/a
22	29	n/a
22	30	n/a
22	31	0.104
22	34	n/a
22	36	0.091
22	37	0.119
22	38	0.129
22	39	n/a
22	40	n/a
22	42	0.114
22	43	0.026
22	44	0.032
22	45	0.07
22	46	0.102
22	52	0.053
22	58	n/a
22	62	0.034
22	65	n/a
22	70	n/a
22	71	0.057
22	72	0.022
22	73	n/a
22	75	0.028
22	76	0.024
22	77	n/a
22	79	n/a
22	80	0.055
23	24	n/a
23	26	n/a
23	27	n/a
23	28	n/a
23	29	n/a
23	30	n/a
23	33	n/a
23	34	n/a
23	35	n/a
23	36	n/a
23	37	n/a
23	38	n/a
23	39	n/a
23	40	n/a
23	41	n/a
23	43	n/a
23	44	n/a
23	45	n/a
23	46	n/a
23	51	n/a
23	52	n/a
23	65	n/a
23	66	n/a
23	70	n/a
23	71	n/a
23	72	n/a
23	73	n/a
23	76	n/a
23	77	n/a
23	79	n/a
23	84	n/a
24	25	n/a
24	26	0.022
24	27	0.018
24	28	n/a
24	29	n/a
24	30	n/a
24	31	0.036
24	32	n/a
24	33	n/a
24	34	n/a
24	36	0.048
24	37	0.238
24	38	0.076
24	39	n/a
24	40	n/a
24	41	n/a
24	42	0.037
24	43	0.039
24	45	0.052
24	46	0.049
24	47	n/a
24	48	n/a
24	50	n/a
24	51	0.084
24	52	0.22
24	53	n/a
24	55	n/a
24	56	n/a
24	57	n/a
24	58	n/a
24	59	n/a
24	61	n/a
24	62	0.068
24	63	n/a
24	64	n/a
24	65	n/a
24	69	n/a
24	70	n/a
24	71	0.041
24	72	0.034
24	73	n/a
24	76	0.165
24	77	n/a
24	78	n/a
24	79	n/a
24	80	0.037
24	82	n/a
24	83	0.033
25	26	n/a
25	27	n/a
25	31	n/a
25	34	n/a
25	36	n/a
25	37	n/a
25	38	n/a
25	42	n/a
25	43	n/a
25	44	n/a
25	45	n/a
25	49	n/a
25	51	n/a
25	60	n/a
25	62	n/a
25	67	n/a
25	74	n/a
25	75	n/a
25	76	n/a
25	80	n/a
26	27	0.09
26	28	n/a
26	29	n/a
26	30	n/a
26	31	0.026
26	33	n/a
26	34	n/a
26	36	0.062
26	37	0.015
26	38	0.058
26	39	n/a
26	42	0.093
26	43	0.029
26	44	0.083
26	45	0.051
26	46	0.094
26	49	0.182
26	51	0.15
26	52	0.036
26	60	0.012
26	62	0.046
26	66	0.085
26	67	0.019
26	68	n/a
26	71	0.175
26	74	0.024
26	75	0.123
26	76	0.123
26	80	0.108
26	83	0.102
27	28	n/a
27	29	n/a
27	30	n/a
27	31	0.126
27	33	n/a
27	34	n/a
27	35	n/a
27	36	0.047
27	37	0.043
27	38	0.01
27	39	n/a
27	40	n/a
27	41	n/a
27	42	0.037
27	43	0.035
27	44	0.066
27	45	0.017
27	46	0.091
27	47	n/a
27	49	0.037
27	51	0.162
27	52	0.172
27	58	n/a
27	60	0.1
27	65	n/a
27	66	0.014
27	67	0.051
27	68	n/a
27	70	n/a
27	71	0.06
27	72	0.18
27	73	n/a
27	74	0.059
27	75	0.087
27	76	0.082
27	77	n/a
27	80	0.054
27	83	0.078
27	84	n/a
28	29	n/a
28	30	n/a
28	32	n/a
28	33	n/a
28	34	n/a
28	35	n/a
28	36	n/a
28	37	n/a
28	38	n/a
28	39	n/a
28	40	n/a
28	41	n/a
28	43	n/a
28	45	n/a
28	46	n/a
28	47	n/a
28	48	n/a
28	50	n/a
28	53	n/a
28	55	n/a
28	56	n/a
28	57	n/a
28	58	n/a
28	59	n/a
28	61	n/a
28	63	n/a
28	64	n/a
28	65	n/a
28	69	n/a
28	70	n/a
28	71	n/a
28	72	n/a
28	73	n/a
28	76	n/a
28	77	n/a
28	78	n/a
28	79	n/a
28	82	n/a
28	83	n/a
29	30	n/a
29	32	n/a
29	33	n/a
29	34	n/a
29	36	n/a
29	38	n/a
29	39	n/a
29	40	n/a
29	41	n/a
29	42	n/a
29	43	n/a
29	58	n/a
29	73	n/a
29	77	n/a
30	33	n/a
30	34	n/a
30	36	n/a
30	37	n/a
30	38	n/a
30	39	n/a
30	40	n/a
30	41	n/a
30	43	n/a
30	45	n/a
30	58	n/a
30	65	n/a
30	70	n/a
30	71	n/a
30	73	n/a
30	77	n/a
30	78	n/a
30	79	n/a
31	34	n/a
31	36	0.054
31	37	0.13
31	38	0.001
31	42	0.092
31	43	0.153
31	44	0.155
31	45	0.152
31	49	0.167
31	51	0.162
31	60	0.188
31	62	0.015
31	67	0.066
31	68	n/a
31	71	0.059
31	74	0.152
31	75	0.053
31	76	0.007
31	80	0.073
32	34	n/a
32	36	n/a
32	38	n/a
32	39	n/a
32	40	n/a
32	41	n/a
32	42	n/a
33	34	n/a
33	36	n/a
33	38	n/a
33	43	n/a
33	73	n/a
33	77	n/a
34	36	n/a
34	37	n/a
34	38	n/a
34	39	n/a
34	40	n/a
34	41	n/a
34	42	n/a
34	43	n/a
34	49	n/a
34	51	n/a
34	58	n/a
34	73	n/a
34	74	n/a
34	75	n/a
34	76	n/a
34	77	n/a
34	80	n/a
35	36	n/a
35	37	n/a
35	38	n/a
35	39	n/a
35	40	n/a
35	41	n/a
35	42	n/a
35	43	n/a
35	44	n/a
35	45	n/a
35	46	n/a
35	47	n/a
35	48	n/a
35	54	n/a
35	64	n/a
35	72	n/a
35	84	n/a
36	37	0.169
36	38	0.176
36	39	n/a
36	40	n/a
36	41	n/a
36	42	0.019
36	43	0.033
36	44	0.081
36	45	0.069
36	46	0.099
36	47	n/a
36	48	n/a
36	51	0.087
36	52	0.003
36	56	n/a
36	58	n/a
36	64	n/a
36	65	n/a
36	66	0.057
36	68	n/a
36	70	n/a
36	71	0.067
36	72	0.163
36	73	n/a
36	74	0.002
36	75	0.028
36	76	0.04
36	77	n/a
36	78	n/a
36	79	n/a
36	80	0.004
36	82	n/a
36	83	0.064
36	84	n/a
37	38	0.056
37	39	n/a
37	40	n/a
37	41	n/a
37	42	0.113
37	43	0.062
37	44	0.012
37	45	0.031
37	46	0.043
37	49	0.07
37	51	0.022
37	52	0.009
37	60	0.012
37	62	0.006
37	65	n/a
37	67	0.119
37	68	n/a
37	71	0.005
37	72	0.029
37	74	0.043
37	75	0.075
37	76	0.022
37	80	0.045
37	84	n/a
38	39	n/a
38	40	n/a
38	41	n/a
38	42	0.18
38	43	0.043
38	44	0.072
38	45	0.095
38	46	0.03
38	48	n/a
38	49	0.122
38	51	0.039
38	52	0.012
38	56	n/a
38	58	n/a
38	62	0.067
38	65	n/a
38	66	0.06
38	67	0.188
38	68	n/a
38	71	0.156
38	72	0.258
38	73	n/a
38	74	0.106
38	75	0.015
38	76	0.071
38	80	0.016
38	84	n/a
39	40	n/a
39	41	n/a
39	42	n/a
39	43	n/a
39	44	n/a
39	45	n/a
39	46	n/a
39	48	n/a
39	51	n/a
39	52	n/a
39	65	n/a
39	71	n/a
39	72	n/a
39	73	n/a
39	75	n/a
39	76	n/a
39	77	n/a
39	84	n/a
40	41	n/a
40	42	n/a
40	43	n/a
40	45	n/a
40	47	n/a
40	48	n/a
40	54	n/a
40	56	n/a
40	58	n/a
40	59	n/a
40	61	n/a
40	64	n/a
40	73	n/a
40	76	n/a
40	77	n/a
40	78	n/a
40	84	n/a
41	42	n/a
41	43	n/a
41	45	n/a
41	46	n/a
41	47	n/a
41	48	n/a
41	49	n/a
41	56	n/a
41	57	n/a
41	73	n/a
41	77	n/a
41	83	n/a
41	84	n/a
42	44	0.021
42	45	0.034
42	46	0.087
42	48	n/a
42	49	0.024
42	51	0.057
42	60	0.007
42	62	0.096
42	74	0.016
42	75	0.121
42	76	0.034
42	80	0.038
42	83	0.012
43	44	0.046
43	45	0.174
43	46	0.1
43	47	n/a
43	48	n/a
43	49	0.03
43	50	n/a
43	51	0.101
43	52	0.057
43	53	n/a
43	54	n/a
43	55	n/a
43	56	n/a
43	57	n/a
43	58	n/a
43	59	n/a
43	60	0.01
43	61	n/a
43	62	0.034
43	63	n/a
43	64	n/a
43	65	n/a
43	67	0.029
43	68	n/a
43	69	n/a
43	70	n/a
43	71	0.093
43	72	0.038
43	73	n/a
43	74	0.147
43	75	0.025
43	76	0.021
43	77	n/a
43	78	n/a
43	79	n/a
43	80	0.001
43	81	n/a
43	82	n/a
43	83	0.149
43	84	n/a
44	45	0.144
44	46	0.102
44	47	n/a
44	48	n/a
44	49	0.119
44	51	0.08
44	52	0.095
44	56	n/a
44	60	0.069
44	62	0.021
44	63	n/a
44	65	n/a
44	66	0.197
44	67	0.119
44	68	n/a
44	70	n/a
44	71	0.068
44	72	0.07
44	73	n/a
44	74	0.026
44	75	0.049
44	76	0.051
44	77	n/a
44	79	n/a
44	80	0.04
44	83	0.076
44	84	n/a
45	46	0.162
45	47	n/a
45	48	n/a
45	49	0.123
45	50	n/a
45	51	0.017
45	52	0.031
45	53	n/a
45	55	n/a
45	56	n/a
45	57	n/a
45	58	n/a
45	59	n/a
45	60	0.082
45	61	n/a
45	62	0.163
45	63	n/a
45	64	n/a
45	65	n/a
45	66	0.083
45	67	0.148
45	68	n/a
45	69	n/a
45	70	n/a
45	71	0.082
45	72	0.057
45	73	n/a
45	74	0.079
45	75	0.074
45	76	0.054
45	77	n/a
45	78	n/a
45	79	n/a
45	80	0.086
45	81	n/a
45	82	n/a
45	83	0.099
45	84	n/a
46	47	n/a
46	48	n/a
46	49	0.051
46	51	0.041
46	52	0.049
46	55	n/a
46	56	n/a
46	57	n/a
46	58	n/a
46	59	n/a
46	60	0.057
46	63	n/a
46	64	n/a
46	65	n/a
46	66	0.127
46	67	0.061
46	68	n/a
46	70	n/a
46	71	0.036
46	72	0.042
46	73	n/a
46	75	0.069
46	76	0.042
46	77	n/a
46	78	n/a
46	79	n/a
46	80	0.04
46	81	n/a
46	83	0.091
46	84	n/a
47	48	n/a
47	49	n/a
47	51	n/a
47	52	n/a
47	53	n/a
47	54	n/a
47	55	n/a
47	56	n/a
47	57	n/a
47	58	n/a
47	59	n/a
47	61	n/a
47	63	n/a
47	64	n/a
47	65	n/a
47	69	n/a
47	70	n/a
47	71	n/a
47	72	n/a
47	73	n/a
47	75	n/a
47	76	n/a
47	77	n/a
47	78	n/a
47	79	n/a
47	81	n/a
47	83	n/a
47	84	n/a
48	53	n/a
48	54	n/a
48	55	n/a
48	56	n/a
48	57	n/a
48	58	n/a
48	59	n/a
48	60	n/a
48	61	n/a
48	62	n/a
48	63	n/a
48	64	n/a
48	69	n/a
48	70	n/a
48	72	n/a
48	73	n/a
48	75	n/a
48	76	n/a
48	77	n/a
48	78	n/a
48	79	n/a
48	81	n/a
48	83	n/a
48	84	n/a
49	51	0.16
49	57	n/a
49	58	n/a
49	60	0.094
49	62	0.057
49	63	n/a
49	67	0.281
49	71	0.125
49	73	n/a
49	74	0.11
49	75	0.046
49	76	0.055
49	80	0.033
49	83	0.077
49	84	n/a
50	52	n/a
50	55	n/a
50	56	n/a
50	57	n/a
50	58	n/a
50	59	n/a
50	63	n/a
50	66	n/a
50	68	n/a
50	70	n/a
50	72	n/a
50	73	n/a
50	75	n/a
50	76	n/a
50	77	n/a
50	78	n/a
50	79	n/a
50	82	n/a
50	83	n/a
51	52	0.064
51	58	n/a
51	60	0.228
51	62	0.132
51	64	n/a
51	65	n/a
51	66	0.05
51	67	0.084
51	68	n/a
51	71	0.096
51	72	0.019
51	73	n/a
51	74	0.072
51	75	0.006
51	76	0.003
51	77	n/a
51	80	0.09
51	83	0.062
52	55	n/a
52	56	n/a
52	57	n/a
52	59	n/a
52	63	n/a
52	66	0.079
52	67	0.077
52	68	n/a
52	70	n/a
52	71	0.029
52	72	0.207
52	73	n/a
52	75	0.196
52	76	0.084
52	77	n/a
52	78	n/a
52	79	n/a
52	83	0.031
53	54	n/a
53	55	n/a
53	56	n/a
53	57	n/a
53	58	n/a
53	59	n/a
53	61	n/a
53	63	n/a
53	64	n/a
53	69	n/a
53	73	n/a
53	77	n/a
53	78	n/a
53	83	n/a
54	55	n/a
54	56	n/a
54	57	n/a
54	58	n/a
54	59	n/a
54	61	n/a
54	64	n/a
54	69	n/a
54	71	n/a
54	73	n/a
54	76	n/a
54	77	n/a
54	78	n/a
54	81	n/a
54	83	n/a
54	84	n/a
55	56	n/a
55	57	n/a
55	58	n/a
55	59	n/a
55	61	n/a
55	63	n/a
55	64	n/a
55	69	n/a
55	72	n/a
55	73	n/a
55	77	n/a
55	78	n/a
55	81	n/a
55	83	n/a
56	57	n/a
56	58	n/a
56	59	n/a
56	60	n/a
56	61	n/a
56	63	n/a
56	64	n/a
56	66	n/a
56	67	n/a
56	68	n/a
56	69	n/a
56	70	n/a
56	72	n/a
56	73	n/a
56	75	n/a
56	76	n/a
56	77	n/a
56	78	n/a
56	79	n/a
56	81	n/a
56	82	n/a
56	83	n/a
57	58	n/a
57	59	n/a
57	60	n/a
57	61	n/a
57	63	n/a
57	64	n/a
57	66	n/a
57	67	n/a
57	68	n/a
57	69	n/a
57	70	n/a
57	72	n/a
57	73	n/a
57	75	n/a
57	76	n/a
57	77	n/a
57	78	n/a
57	79	n/a
57	81	n/a
57	82	n/a
57	83	n/a
58	59	n/a
58	61	n/a
58	62	n/a
58	63	n/a
58	64	n/a
58	69	n/a
58	71	n/a
58	73	n/a
58	74	n/a
58	75	n/a
58	76	n/a
58	77	n/a
58	78	n/a
58	79	n/a
58	82	n/a
58	83	n/a
59	60	n/a
59	61	n/a
59	63	n/a
59	64	n/a
59	69	n/a
59	73	n/a
59	77	n/a
59	78	n/a
59	81	n/a
59	83	n/a
60	62	0.047
60	63	n/a
60	66	0.015
60	67	0.012
60	68	n/a
60	70	n/a
60	72	0.137
60	74	0.176
60	75	0.088
60	76	0.026
60	78	n/a
60	79	n/a
60	80	0.151
60	81	n/a
60	83	0.064
61	63	n/a
61	64	n/a
61	69	n/a
61	73	n/a
61	77	n/a
61	78	n/a
61	81	n/a
61	83	n/a
62	67	0.246
62	71	0.103
62	73	n/a
62	74	0.011
62	75	0.034
62	76	0.047
62	78	n/a
62	80	0.075
62	81	n/a
62	83	0.086
63	64	n/a
63	66	n/a
63	67	n/a
63	68	n/a
63	69	n/a
63	70	n/a
63	72	n/a
63	73	n/a
63	75	n/a
63	76	n/a
63	77	n/a
63	78	n/a
63	79	n/a
63	80	n/a
63	81	n/a
63	82	n/a
63	83	n/a
64	69	n/a
64	70	n/a
64	71	n/a
64	72	n/a
64	73	n/a
64	76	n/a
64	77	n/a
64	78	n/a
64	79	n/a
64	81	n/a
64	83	n/a
64	84	n/a
65	70	n/a
65	71	n/a
65	72	n/a
65	73	n/a
65	76	n/a
65	77	n/a
65	79	n/a
65	82	n/a
65	83	n/a
65	84	n/a
66	67	0.078
66	68	n/a
66	70	n/a
66	71	0.094
66	72	0.073
66	73	n/a
66	75	0.226
66	76	0.027
66	77	n/a
66	78	n/a
66	79	n/a
66	82	n/a
66	83	0.1
67	68	n/a
67	70	n/a
67	72	0.067
67	74	0.184
67	75	0.027
67	76	0.091
67	77	n/a
67	78	n/a
67	79	n/a
67	80	0.184
67	83	0.005
68	70	n/a
68	72	n/a
68	74	n/a
68	75	n/a
68	76	n/a
68	77	n/a
68	78	n/a
68	79	n/a
68	80	n/a
68	82	n/a
68	83	n/a
69	73	n/a
69	77	n/a
69	78	n/a
69	83	n/a
70	71	n/a
70	72	n/a
70	73	n/a
70	75	n/a
70	76	n/a
70	77	n/a
70	78	n/a
70	79	n/a
70	82	n/a
70	83	n/a
70	84	n/a
71	72	0.077
71	73	n/a
71	74	0.105
71	75	0.039
71	76	0.008
71	77	n/a
71	78	n/a
71	79	n/a
71	80	0.006
71	83	0.011
72	73	n/a
72	75	0.048
72	76	0.117
72	77	n/a
72	78	n/a
72	79	n/a
72	82	n/a
72	83	0.018
72	84	n/a
73	74	n/a
73	75	n/a
73	76	n/a
73	77	n/a
73	78	n/a
73	79	n/a
73	80	n/a
73	82	n/a
73	83	n/a
74	75	0.013
74	76	0.065
74	80	0.122
74	83	0.022
75	76	0.036
75	77	n/a
75	78	n/a
75	79	n/a
75	80	0.054
75	82	n/a
75	83	0.02
76	77	n/a
76	78	n/a
76	79	n/a
76	80	0.074
76	82	n/a
76	83	0.074
76	84	n/a
77	78	n/a
77	79	n/a
77	81	n/a
77	82	n/a
77	83	n/a
77	84	n/a
78	79	n/a
78	80	n/a
78	81	n/a
78	82	n/a
78	83	n/a
79	82	n/a
79	83	n/a
80	83	0.112
81	83	n/a
82	83	n/a
#subnet edge score	27.674