1	7	n/a
1	8	n/a
1	14	n/a
1	17	n/a
1	23	n/a
1	29	n/a
1	30	n/a
2	9	n/a
2	13	n/a
2	17	n/a
2	22	n/a
2	24	n/a
2	25	n/a
2	26	n/a
2	27	n/a
2	31	n/a
2	36	n/a
2	37	n/a
2	38	n/a
2	42	n/a
2	51	n/a
2	62	n/a
2	75	n/a
2	76	n/a
2	80	n/a
3	7	n/a
3	8	n/a
3	14	n/a
3	17	n/a
3	19	n/a
3	21	n/a
3	23	n/a
3	26	n/a
3	27	n/a
3	28	n/a
3	30	n/a
3	34	n/a
3	36	n/a
3	37	n/a
3	38	n/a
3	39	n/a
3	51	n/a
3	52	n/a
3	76	n/a
4	9	n/a
4	10	n/a
4	12	n/a
4	15	n/a
4	20	n/a
4	24	n/a
4	28	n/a
5	6	n/a
5	9	n/a
5	12	n/a
5	15	n/a
5	24	n/a
5	32	n/a
5	34	n/a
5	36	n/a
5	40	n/a
5	41	n/a
6	7	n/a
6	8	n/a
6	10	n/a
6	12	n/a
6	14	n/a
6	15	n/a
6	20	n/a
6	28	n/a
6	32	n/a
6	36	n/a
6	40	n/a
6	41	n/a
7	8	n/a
7	9	n/a
7	10	n/a
7	14	n/a
7	15	n/a
7	17	n/a
7	21	n/a
7	23	n/a
7	24	n/a
7	28	n/a
7	29	n/a
7	30	n/a
7	33	n/a
7	34	n/a
7	36	n/a
7	38	n/a
7	39	n/a
7	40	n/a
7	41	n/a
8	10	n/a
8	12	n/a
8	14	n/a
8	15	n/a
8	17	n/a
8	23	n/a
8	26	n/a
8	28	n/a
8	29	n/a
8	30	n/a
8	32	n/a
8	36	n/a
8	40	n/a
8	41	n/a
9	10	n/a
9	12	n/a
9	15	n/a
9	20	n/a
9	22	n/a
9	24	n/a
9	25	n/a
9	27	n/a
9	28	n/a
9	36	n/a
9	40	n/a
9	42	n/a
9	58	n/a
9	73	n/a
9	77	n/a
10	12	n/a
10	14	n/a
10	15	n/a
10	20	n/a
10	24	n/a
10	28	n/a
10	29	n/a
10	34	n/a
10	36	n/a
10	38	n/a
10	40	n/a
10	41	n/a
11	13	n/a
11	17	n/a
11	18	n/a
11	19	n/a
11	25	n/a
11	26	n/a
11	27	n/a
11	31	n/a
11	34	n/a
11	37	n/a
11	38	n/a
11	42	n/a
11	49	n/a
11	62	n/a
11	76	n/a
11	80	n/a
12	14	n/a
12	15	n/a
12	20	n/a
12	24	n/a
12	28	n/a
12	36	n/a
12	40	n/a
12	41	n/a
13	25	n/a
13	26	n/a
13	27	n/a
13	31	n/a
13	32	n/a
13	34	n/a
13	36	n/a
13	37	n/a
13	38	n/a
13	41	n/a
13	42	n/a
13	44	n/a
13	49	n/a
13	60	n/a
13	62	n/a
13	74	n/a
13	75	n/a
13	76	n/a
13	80	n/a
14	17	n/a
14	23	n/a
14	26	n/a
14	28	n/a
14	29	n/a
14	30	n/a
14	32	n/a
14	34	n/a
14	36	n/a
14	40	n/a
14	41	n/a
15	20	n/a
15	24	n/a
15	27	n/a
15	28	n/a
15	32	n/a
15	36	n/a
15	40	n/a
16	21	n/a
16	22	n/a
16	23	n/a
16	24	n/a
16	27	n/a
16	28	n/a
16	36	n/a
16	37	n/a
16	38	n/a
16	39	n/a
16	65	n/a
16	70	n/a
16	71	n/a
16	72	n/a
16	76	n/a
17	18	n/a
17	19	n/a
17	21	n/a
17	23	n/a
17	26	n/a
17	27	n/a
17	29	n/a
17	30	n/a
17	33	n/a
17	34	n/a
17	36	n/a
17	37	n/a
17	38	n/a
17	39	n/a
17	76	n/a
18	19	n/a
18	26	n/a
18	27	n/a
18	31	n/a
18	34	n/a
18	36	n/a
18	37	n/a
18	38	n/a
18	75	n/a
18	76	n/a
18	80	n/a
19	23	n/a
19	26	n/a
19	27	n/a
19	34	n/a
19	36	n/a
19	37	n/a
19	38	n/a
19	75	n/a
19	76	n/a
20	24	n/a
20	28	n/a
20	40	n/a
21	22	n/a
21	23	n/a
21	27	n/a
21	28	n/a
21	29	n/a
21	30	n/a
21	33	n/a
21	34	n/a
21	36	n/a
21	37	n/a
21	38	n/a
21	39	n/a
21	40	n/a
21	65	n/a
22	23	n/a
22	24	n/a
22	25	n/a
22	27	n/a
22	28	n/a
22	36	n/a
22	38	n/a
22	42	n/a
22	65	n/a
22	71	n/a
22	72	n/a
22	73	n/a
22	76	n/a
23	26	n/a
23	27	n/a
23	28	n/a
23	29	n/a
23	30	n/a
23	33	n/a
23	34	n/a
23	36	n/a
23	37	n/a
23	38	n/a
23	39	n/a
23	40	n/a
23	65	n/a
23	71	n/a
23	72	n/a
23	76	n/a
24	25	n/a
24	27	n/a
24	28	n/a
24	29	n/a
24	33	n/a
24	36	n/a
24	38	n/a
24	39	n/a
24	40	n/a
24	43	n/a
24	47	n/a
24	58	n/a
24	65	n/a
24	71	n/a
24	73	n/a
24	77	n/a
25	26	n/a
25	27	n/a
25	31	n/a
25	37	n/a
25	38	n/a
25	42	n/a
25	49	n/a
25	62	n/a
25	74	n/a
25	75	n/a
25	76	n/a
25	80	n/a
26	27	n/a
26	31	n/a
26	34	n/a
26	36	n/a
26	37	n/a
26	38	n/a
26	39	n/a
26	42	n/a
26	44	n/a
26	51	n/a
26	62	n/a
26	67	n/a
26	68	n/a
26	74	n/a
26	75	n/a
26	76	n/a
26	80	n/a
27	28	n/a
27	31	n/a
27	34	n/a
27	36	n/a
27	37	n/a
27	38	n/a
27	39	n/a
27	40	n/a
27	42	n/a
27	43	n/a
27	44	n/a
27	45	n/a
27	46	n/a
27	51	n/a
27	52	n/a
27	62	n/a
27	65	n/a
27	66	n/a
27	67	n/a
27	68	n/a
27	71	n/a
27	72	n/a
27	74	n/a
27	75	n/a
27	76	n/a
27	80	n/a
28	29	n/a
28	30	n/a
28	33	n/a
28	34	n/a
28	36	n/a
28	38	n/a
28	39	n/a
28	40	n/a
28	41	n/a
28	43	n/a
28	58	n/a
28	73	n/a
28	77	n/a
29	30	n/a
29	32	n/a
29	33	n/a
29	34	n/a
29	36	n/a
29	38	n/a
29	40	n/a
29	41	n/a
30	33	n/a
30	34	n/a
30	36	n/a
30	38	n/a
30	39	n/a
31	34	n/a
31	37	n/a
31	38	n/a
31	42	n/a
31	44	n/a
31	60	n/a
31	62	n/a
31	74	n/a
31	75	n/a
31	76	n/a
31	80	n/a
32	34	n/a
32	36	n/a
32	40	n/a
32	41	n/a
33	34	n/a
33	38	n/a
34	36	n/a
34	37	n/a
34	38	n/a
34	40	n/a
34	41	n/a
34	42	n/a
35	36	n/a
35	39	n/a
35	43	n/a
35	46	n/a
35	84	n/a
36	37	n/a
36	38	n/a
36	39	n/a
36	40	n/a
36	41	n/a
36	42	n/a
36	43	n/a
36	73	n/a
36	76	n/a
36	77	n/a
36	84	n/a
37	38	n/a
37	39	n/a
37	40	n/a
37	42	n/a
37	49	n/a
37	62	n/a
37	75	n/a
37	76	n/a
37	80	n/a
38	39	n/a
38	40	n/a
38	41	n/a
38	42	n/a
38	76	n/a
39	40	n/a
39	41	n/a
39	76	n/a
39	84	n/a
40	41	n/a
40	73	n/a
40	77	n/a
42	44	n/a
42	45	n/a
42	49	n/a
42	60	n/a
42	62	n/a
42	74	n/a
43	44	n/a
43	45	0.054999375083605175
43	46	0.03695905242599483
43	47	0.01870464149475275
43	48	0.11532444185431603
43	49	n/a
43	51	n/a
43	52	0.08211920448706365
43	55	0.04971037726107215
43	56	0.029726453421982216
43	57	0.05035631490185718
43	58	n/a
43	59	0.14213592956094617
43	61	n/a
43	63	0.09418699366269039
43	64	0.0714632839712229
43	65	n/a
43	66	0.04438229381397594
43	67	n/a
43	68	n/a
43	70	0.016184808387777035
43	71	n/a
43	72	0.028337624493405742
43	73	n/a
43	75	0.07216493971943667
43	76	0.04803525827893292
43	77	0.10077107281267574
43	78	n/a
43	79	0.24854960348815577
43	80	n/a
43	81	n/a
43	83	0.052922000887892624
43	84	n/a
44	45	n/a
44	46	n/a
44	49	n/a
44	51	n/a
44	52	n/a
44	60	n/a
44	62	n/a
44	65	n/a
44	66	n/a
44	67	n/a
44	68	n/a
44	70	n/a
44	72	n/a
44	74	n/a
44	75	n/a
44	76	n/a
44	80	n/a
44	84	n/a
45	46	0.0730668447428635
45	47	0.1602167153104457
45	48	0.013137795574355567
45	49	n/a
45	51	n/a
45	52	0.05849332912190773
45	56	0.07671372830588366
45	59	0.035200588027905
45	60	n/a
45	62	n/a
45	63	0.01978595272679089
45	65	n/a
45	66	0.037150648569201646
45	67	n/a
45	68	n/a
45	70	0.00699135235827414
45	72	0.08643081908861762
45	73	n/a
45	74	n/a
45	75	0.08465087060016217
45	76	0.009289346636248148
45	77	0.03015481812491541
45	78	n/a
45	79	0.11436429708906642
45	80	n/a
45	82	n/a
45	83	0.12517432176990287
46	47	0.1203313300790996
46	48	0.031307578011628256
46	52	0.12408211148844817
46	56	0.05212569100578793
46	65	n/a
46	70	0.07681644934691068
46	72	0.15484854509832646
46	73	n/a
46	75	0.1553625155075235
46	76	0.12818962080827365
46	77	0.047549990145089066
46	83	0.11989960203809039
46	84	n/a
47	48	0.19450542319487515
47	54	n/a
47	55	0.02682275086260907
47	56	0.042044835852369615
47	57	0.07297029653121072
47	58	n/a
47	59	0.18982145018562405
47	61	n/a
47	63	0.1366476977098694
47	64	0.061778067335999
47	69	n/a
47	70	0.012388019005941494
47	72	0.028973875700106625
47	73	n/a
47	76	0.03140745590617191
47	77	0.0791591038712129
47	78	n/a
47	81	n/a
47	83	0.08992948544355436
48	54	n/a
48	55	0.05693957130072225
48	56	0.04742287649044108
48	57	0.035418488714223366
48	59	0.18899561223987263
48	60	n/a
48	61	n/a
48	63	0.003185015482460505
48	64	0.03833973514663288
48	77	0.20256492803571946
48	78	n/a
48	81	n/a
48	83	0.11285070715716204
48	84	n/a
49	51	n/a
49	58	n/a
49	60	n/a
49	62	n/a
49	71	n/a
49	74	n/a
49	75	n/a
49	76	n/a
49	80	n/a
49	83	n/a
50	56	n/a
50	57	n/a
50	63	n/a
50	77	n/a
50	78	n/a
50	79	n/a
50	83	n/a
51	58	n/a
51	62	n/a
51	66	n/a
51	71	n/a
51	73	n/a
51	74	n/a
51	75	n/a
51	76	n/a
52	56	0.0032327627248220727
52	57	0.014754384225041012
52	63	0.04051409223140318
52	66	0.005535597402695234
52	68	n/a
52	70	0.11933523032308216
52	72	0.14732839445485663
52	75	0.11003474201971139
52	76	0.051038841072504074
52	77	0.14003502759968917
53	58	n/a
53	59	n/a
53	61	n/a
53	64	n/a
53	69	n/a
53	73	n/a
53	77	n/a
54	55	n/a
54	58	n/a
54	61	n/a
54	64	n/a
54	73	n/a
54	81	n/a
54	83	n/a
55	56	0.1965415286175524
55	57	0.058493865687024395
55	59	0.007728739943979736
55	61	n/a
55	63	0.15466915805482087
55	64	0.05354750230468001
55	69	n/a
55	77	0.07618006048490601
55	81	n/a
56	57	0.1269647732152633
56	58	n/a
56	59	0.16735080871066693
56	63	0.06918467200941754
56	64	0.1648683199185988
56	66	0.11911275013643552
56	68	n/a
56	70	0.0011167236856836295
56	72	0.1212291885621132
56	73	n/a
56	75	0.006051283715992258
56	77	0.008228552015386309
56	78	n/a
56	79	0.09486720801021073
56	82	n/a
56	83	0.14797706731762325
57	59	0.08347681842163208
57	61	n/a
57	63	0.11879733584573555
57	64	0.04077727541008674
57	72	0.10236700063838347
57	75	0.13601263836895716
57	77	0.1622104858816444
57	78	n/a
57	79	0.015654072203550983
57	81	n/a
57	83	0.02696101843989051
58	59	n/a
58	61	n/a
58	64	n/a
58	69	n/a
58	71	n/a
58	73	n/a
58	74	n/a
58	76	n/a
58	77	n/a
58	78	n/a
59	61	n/a
59	63	0.021836549305668303
59	64	0.025545310797227546
59	69	n/a
59	73	n/a
59	77	0.04390589582978652
59	78	n/a
59	83	0.2359389863456559
60	62	n/a
60	66	n/a
60	67	n/a
60	68	n/a
60	74	n/a
60	75	n/a
60	76	n/a
60	78	n/a
60	80	n/a
60	81	n/a
60	83	n/a
61	63	n/a
61	64	n/a
61	69	n/a
61	73	n/a
61	77	n/a
61	78	n/a
61	83	n/a
62	74	n/a
62	75	n/a
62	76	n/a
62	80	n/a
62	83	n/a
63	66	0.08139041714958767
63	68	n/a
63	72	0.021143200246363073
63	75	0.07264934791343619
63	77	0.16053861615633844
63	78	n/a
63	79	0.0669624572701658
63	81	n/a
63	83	0.0022094035343971858
64	69	n/a
64	71	n/a
64	73	n/a
64	76	0.2685698211578487
64	77	0.1392549681454185
65	70	n/a
65	71	n/a
65	72	n/a
65	73	n/a
65	76	n/a
65	77	n/a
66	67	n/a
66	68	n/a
66	70	0.1841479142121992
66	72	0.010259540882043039
66	75	0.13169210097094072
66	76	0.09263778173901716
66	77	0.22616992983816134
66	79	0.13337068421716175
66	83	0.1856277995862413
67	68	n/a
67	72	n/a
67	75	n/a
67	76	n/a
67	79	n/a
67	80	n/a
67	83	n/a
68	72	n/a
68	75	n/a
68	76	n/a
68	79	n/a
68	83	n/a
69	73	n/a
69	77	n/a
70	71	n/a
70	72	0.05402058009694686
70	76	0.07626161890557959
70	77	0.028787630207185298
70	79	0.2601552158514717
70	82	n/a
70	83	0.07848965337738462
71	72	n/a
71	73	n/a
71	74	n/a
71	76	n/a
71	77	n/a
72	75	0.015281106376166122
72	76	0.031609123060288014
72	77	0.008443449523220202
72	79	0.01987568509264013
72	83	0.09573675029780247
73	74	n/a
73	76	n/a
73	77	n/a
73	78	n/a
73	82	n/a
74	75	n/a
74	76	n/a
74	80	n/a
75	76	0.11627233415487276
75	79	0.05287730490759302
75	80	n/a
75	83	0.032295113042772064
76	77	0.0903373020795617
76	80	n/a
76	83	0.03094833877690869
77	78	n/a
77	79	0.07246363639859407
77	82	n/a
77	83	0.10618504390425804
78	79	n/a
78	81	n/a
78	82	n/a
78	83	n/a
79	82	n/a
79	83	0.1406564747185596
80	83	n/a
81	83	n/a
82	83	n/a
#subnet edge score	11.257258933473759