1	3	n/a
1	6	n/a
1	7	n/a
1	8	n/a
1	10	n/a
1	14	n/a
1	17	n/a
1	19	n/a
1	21	n/a
1	23	n/a
1	24	n/a
1	26	n/a
1	27	n/a
1	28	n/a
1	29	n/a
1	30	n/a
1	33	n/a
1	34	n/a
1	36	n/a
1	38	n/a
1	73	n/a
1	77	n/a
2	3	n/a
2	9	n/a
2	11	n/a
2	13	n/a
2	15	n/a
2	16	n/a
2	17	n/a
2	18	n/a
2	19	n/a
2	22	n/a
2	23	n/a
2	24	n/a
2	25	n/a
2	26	n/a
2	27	n/a
2	28	n/a
2	31	n/a
2	34	n/a
2	36	n/a
2	37	n/a
2	38	n/a
2	39	n/a
2	42	n/a
2	43	n/a
2	44	n/a
2	45	n/a
2	49	n/a
2	51	n/a
2	52	n/a
2	62	n/a
2	66	n/a
2	68	n/a
2	71	n/a
2	72	n/a
2	74	n/a
2	75	n/a
2	76	n/a
2	80	n/a
3	6	n/a
3	7	n/a
3	8	n/a
3	10	n/a
3	14	n/a
3	17	n/a
3	18	n/a
3	19	n/a
3	21	n/a
3	22	n/a
3	23	n/a
3	24	n/a
3	26	n/a
3	27	n/a
3	28	n/a
3	29	n/a
3	30	n/a
3	33	n/a
3	34	n/a
3	36	n/a
3	37	n/a
3	38	n/a
3	39	n/a
3	40	n/a
3	43	n/a
3	44	n/a
3	45	n/a
3	46	n/a
3	51	n/a
3	52	n/a
3	65	n/a
3	66	n/a
3	68	n/a
3	71	n/a
3	72	n/a
3	75	n/a
3	76	n/a
4	5	n/a
4	6	n/a
4	7	n/a
4	8	n/a
4	9	n/a
4	10	n/a
4	12	n/a
4	14	n/a
4	15	n/a
4	20	n/a
4	24	n/a
4	28	n/a
4	29	n/a
4	34	n/a
4	36	n/a
4	38	n/a
4	40	n/a
4	41	n/a
4	47	n/a
4	53	n/a
4	58	n/a
4	59	n/a
4	61	n/a
4	69	n/a
4	73	n/a
4	77	n/a
5	6	n/a
5	7	n/a
5	8	n/a
5	9	n/a
5	10	n/a
5	12	n/a
5	15	n/a
5	20	n/a
5	24	n/a
5	27	n/a
5	28	n/a
5	29	n/a
5	32	n/a
5	34	n/a
5	35	n/a
5	36	n/a
5	40	n/a
5	41	n/a
5	47	n/a
5	84	n/a
6	7	n/a
6	8	n/a
6	9	n/a
6	10	n/a
6	12	n/a
6	13	n/a
6	14	n/a
6	15	n/a
6	17	n/a
6	20	n/a
6	23	n/a
6	24	n/a
6	26	n/a
6	28	n/a
6	29	n/a
6	30	n/a
6	32	n/a
6	34	n/a
6	36	n/a
6	38	n/a
6	39	n/a
6	40	n/a
6	41	n/a
6	42	n/a
6	47	n/a
6	58	n/a
6	59	n/a
6	73	n/a
6	77	n/a
7	8	n/a
7	9	n/a
7	10	n/a
7	12	n/a
7	14	n/a
7	15	n/a
7	17	n/a
7	19	n/a
7	20	n/a
7	21	n/a
7	23	n/a
7	24	n/a
7	26	n/a
7	27	n/a
7	28	n/a
7	29	n/a
7	30	n/a
7	32	n/a
7	33	n/a
7	34	n/a
7	36	n/a
7	37	n/a
7	38	n/a
7	39	n/a
7	40	n/a
7	41	n/a
7	43	n/a
7	45	n/a
7	47	n/a
7	58	n/a
7	73	n/a
7	77	n/a
8	9	n/a
8	10	n/a
8	12	n/a
8	13	n/a
8	14	n/a
8	15	n/a
8	17	n/a
8	18	n/a
8	19	n/a
8	20	n/a
8	21	n/a
8	23	n/a
8	24	n/a
8	26	n/a
8	27	n/a
8	28	n/a
8	29	n/a
8	30	n/a
8	32	n/a
8	33	n/a
8	34	n/a
8	36	n/a
8	38	n/a
8	39	n/a
8	40	n/a
8	41	n/a
8	42	n/a
8	43	n/a
8	56	n/a
8	58	n/a
8	73	n/a
8	77	n/a
9	10	n/a
9	12	n/a
9	13	n/a
9	14	n/a
9	15	n/a
9	16	n/a
9	17	n/a
9	20	n/a
9	21	n/a
9	22	n/a
9	23	n/a
9	24	n/a
9	25	n/a
9	26	n/a
9	27	n/a
9	28	n/a
9	29	n/a
9	30	n/a
9	31	n/a
9	33	n/a
9	34	n/a
9	36	n/a
9	37	n/a
9	38	n/a
9	39	n/a
9	40	n/a
9	41	n/a
9	42	n/a
9	43	n/a
9	45	n/a
9	47	n/a
9	49	n/a
9	53	n/a
9	56	n/a
9	58	n/a
9	59	n/a
9	61	n/a
9	62	n/a
9	63	n/a
9	64	n/a
9	65	n/a
9	69	n/a
9	70	n/a
9	71	n/a
9	72	n/a
9	73	n/a
9	75	n/a
9	76	n/a
9	77	n/a
9	78	n/a
9	79	n/a
9	80	n/a
9	83	n/a
10	12	n/a
10	13	n/a
10	14	n/a
10	15	n/a
10	20	n/a
10	24	n/a
10	28	n/a
10	29	n/a
10	30	n/a
10	32	n/a
10	33	n/a
10	34	n/a
10	36	n/a
10	38	n/a
10	39	n/a
10	40	n/a
10	41	n/a
10	43	n/a
10	47	n/a
10	53	n/a
10	55	n/a
10	57	n/a
10	58	n/a
10	59	n/a
10	61	n/a
10	64	n/a
10	69	n/a
10	73	n/a
10	77	n/a
11	13	n/a
11	14	n/a
11	17	n/a
11	18	n/a
11	19	n/a
11	23	n/a
11	25	n/a
11	26	n/a
11	27	n/a
11	29	n/a
11	31	n/a
11	32	n/a
11	34	n/a
11	36	n/a
11	37	n/a
11	38	n/a
11	39	n/a
11	41	n/a
11	42	n/a
11	44	n/a
11	49	n/a
11	51	n/a
11	60	n/a
11	62	n/a
11	67	n/a
11	74	n/a
11	75	n/a
11	76	n/a
11	80	n/a
12	13	n/a
12	14	n/a
12	15	n/a
12	20	n/a
12	24	n/a
12	28	n/a
12	29	n/a
12	32	n/a
12	34	n/a
12	35	n/a
12	36	n/a
12	38	n/a
12	40	n/a
12	41	n/a
12	42	n/a
12	47	n/a
12	53	n/a
12	54	n/a
12	58	n/a
12	59	n/a
12	61	n/a
12	64	n/a
12	69	n/a
12	73	n/a
12	77	n/a
13	14	n/a
13	18	n/a
13	22	n/a
13	24	n/a
13	25	n/a
13	26	n/a
13	27	n/a
13	29	n/a
13	31	n/a
13	32	n/a
13	34	n/a
13	36	n/a
13	37	n/a
13	38	n/a
13	39	n/a
13	40	n/a
13	41	n/a
13	42	n/a
13	43	n/a
13	44	n/a
13	45	n/a
13	46	n/a
13	48	n/a
13	49	n/a
13	51	n/a
13	60	n/a
13	62	n/a
13	67	n/a
13	71	n/a
13	74	n/a
13	75	n/a
13	76	n/a
13	80	n/a
13	83	n/a
14	15	n/a
14	17	n/a
14	18	n/a
14	19	n/a
14	20	n/a
14	21	n/a
14	23	n/a
14	24	n/a
14	26	n/a
14	27	n/a
14	28	n/a
14	29	n/a
14	30	n/a
14	32	n/a
14	33	n/a
14	34	n/a
14	36	n/a
14	38	n/a
14	39	n/a
14	40	n/a
14	41	n/a
14	42	n/a
14	73	n/a
14	77	n/a
15	20	n/a
15	21	n/a
15	22	n/a
15	23	n/a
15	24	n/a
15	27	n/a
15	28	n/a
15	29	n/a
15	30	n/a
15	32	n/a
15	34	n/a
15	35	n/a
15	36	n/a
15	37	n/a
15	38	n/a
15	39	n/a
15	40	n/a
15	41	n/a
15	43	n/a
15	47	n/a
15	53	n/a
15	58	n/a
15	59	n/a
15	61	n/a
15	69	n/a
15	73	n/a
15	77	n/a
15	84	n/a
16	17	n/a
16	21	n/a
16	22	n/a
16	23	n/a
16	24	n/a
16	27	n/a
16	28	n/a
16	30	n/a
16	34	n/a
16	36	n/a
16	37	n/a
16	38	n/a
16	39	n/a
16	40	n/a
16	43	n/a
16	45	n/a
16	46	n/a
16	52	n/a
16	65	n/a
16	70	n/a
16	71	n/a
16	72	n/a
16	73	n/a
16	76	n/a
16	77	n/a
16	79	n/a
17	18	n/a
17	19	n/a
17	21	n/a
17	22	n/a
17	23	n/a
17	24	n/a
17	26	n/a
17	27	n/a
17	28	n/a
17	29	n/a
17	30	n/a
17	33	n/a
17	34	n/a
17	36	n/a
17	37	n/a
17	38	n/a
17	39	n/a
17	43	n/a
17	44	n/a
17	51	n/a
17	52	n/a
17	66	n/a
17	72	n/a
17	75	n/a
17	76	n/a
18	19	n/a
18	21	n/a
18	23	n/a
18	25	n/a
18	26	n/a
18	27	n/a
18	29	n/a
18	30	n/a
18	31	n/a
18	34	n/a
18	36	n/a
18	37	n/a
18	38	n/a
18	39	n/a
18	42	n/a
18	44	n/a
18	62	n/a
18	67	n/a
18	74	n/a
18	75	n/a
18	76	n/a
18	80	n/a
19	21	n/a
19	23	n/a
19	25	n/a
19	26	n/a
19	27	n/a
19	29	n/a
19	30	n/a
19	31	n/a
19	33	n/a
19	34	n/a
19	36	n/a
19	37	n/a
19	38	n/a
19	39	n/a
19	44	n/a
19	51	n/a
19	52	n/a
19	68	n/a
19	74	n/a
19	75	n/a
19	76	n/a
19	80	n/a
20	24	n/a
20	28	n/a
20	29	n/a
20	32	n/a
20	34	n/a
20	36	n/a
20	38	n/a
20	40	n/a
20	41	n/a
20	47	n/a
20	53	n/a
20	58	n/a
20	59	n/a
20	61	n/a
20	64	n/a
20	69	n/a
20	73	n/a
20	77	n/a
21	22	n/a
21	23	n/a
21	24	n/a
21	26	n/a
21	27	n/a
21	28	n/a
21	29	n/a
21	30	n/a
21	33	n/a
21	34	n/a
21	35	n/a
21	36	n/a
21	37	n/a
21	38	n/a
21	39	n/a
21	40	n/a
21	41	n/a
21	43	n/a
21	65	n/a
21	70	n/a
21	71	n/a
21	72	n/a
21	73	n/a
21	76	n/a
21	77	n/a
21	78	n/a
21	79	n/a
21	82	n/a
22	23	n/a
22	24	n/a
22	25	n/a
22	26	n/a
22	27	n/a
22	28	n/a
22	29	n/a
22	30	n/a
22	31	n/a
22	34	n/a
22	36	n/a
22	37	n/a
22	38	n/a
22	39	n/a
22	40	n/a
22	42	n/a
22	43	n/a
22	44	n/a
22	45	n/a
22	46	n/a
22	51	n/a
22	52	n/a
22	58	n/a
22	62	n/a
22	65	n/a
22	70	n/a
22	71	n/a
22	72	n/a
22	73	n/a
22	75	n/a
22	76	n/a
22	77	n/a
22	79	n/a
22	80	n/a
23	24	n/a
23	26	n/a
23	27	n/a
23	28	n/a
23	29	n/a
23	30	n/a
23	33	n/a
23	34	n/a
23	35	n/a
23	36	n/a
23	37	n/a
23	38	n/a
23	39	n/a
23	40	n/a
23	41	n/a
23	43	n/a
23	44	n/a
23	45	n/a
23	46	n/a
23	51	n/a
23	52	n/a
23	65	n/a
23	66	n/a
23	70	n/a
23	71	n/a
23	72	n/a
23	73	n/a
23	76	n/a
23	77	n/a
23	79	n/a
23	84	n/a
24	25	n/a
24	26	n/a
24	27	n/a
24	28	n/a
24	29	n/a
24	30	n/a
24	31	n/a
24	32	n/a
24	33	n/a
24	34	n/a
24	36	n/a
24	37	n/a
24	38	n/a
24	39	n/a
24	40	n/a
24	41	n/a
24	42	n/a
24	43	n/a
24	45	n/a
24	46	n/a
24	47	n/a
24	48	n/a
24	50	n/a
24	51	n/a
24	52	n/a
24	53	n/a
24	55	n/a
24	56	n/a
24	57	n/a
24	58	n/a
24	59	n/a
24	61	n/a
24	62	n/a
24	63	n/a
24	64	n/a
24	65	n/a
24	69	n/a
24	70	n/a
24	71	n/a
24	72	n/a
24	73	n/a
24	76	n/a
24	77	n/a
24	78	n/a
24	79	n/a
24	80	n/a
24	82	n/a
24	83	n/a
25	26	n/a
25	27	n/a
25	31	n/a
25	34	n/a
25	36	n/a
25	37	n/a
25	38	n/a
25	42	n/a
25	43	n/a
25	44	n/a
25	45	n/a
25	49	n/a
25	51	n/a
25	60	n/a
25	62	n/a
25	67	n/a
25	74	n/a
25	75	n/a
25	76	n/a
25	80	n/a
26	27	n/a
26	28	n/a
26	29	n/a
26	30	n/a
26	31	n/a
26	33	n/a
26	34	n/a
26	36	n/a
26	37	n/a
26	38	n/a
26	39	n/a
26	42	n/a
26	43	n/a
26	44	n/a
26	45	n/a
26	46	n/a
26	49	n/a
26	51	n/a
26	52	n/a
26	60	n/a
26	62	n/a
26	66	n/a
26	67	n/a
26	68	n/a
26	71	n/a
26	74	n/a
26	75	n/a
26	76	n/a
26	80	n/a
26	83	n/a
27	28	n/a
27	29	n/a
27	30	n/a
27	31	n/a
27	33	n/a
27	34	n/a
27	35	n/a
27	36	n/a
27	37	n/a
27	38	n/a
27	39	n/a
27	40	n/a
27	41	n/a
27	42	n/a
27	43	n/a
27	44	n/a
27	45	n/a
27	46	n/a
27	47	n/a
27	49	n/a
27	51	n/a
27	52	n/a
27	58	n/a
27	60	n/a
27	62	n/a
27	65	n/a
27	66	n/a
27	67	n/a
27	68	n/a
27	70	n/a
27	71	n/a
27	72	n/a
27	73	n/a
27	74	n/a
27	75	n/a
27	76	n/a
27	77	n/a
27	80	n/a
27	83	n/a
27	84	n/a
28	29	n/a
28	30	n/a
28	32	n/a
28	33	n/a
28	34	n/a
28	35	n/a
28	36	n/a
28	37	n/a
28	38	n/a
28	39	n/a
28	40	n/a
28	41	n/a
28	43	n/a
28	45	n/a
28	46	n/a
28	47	n/a
28	48	n/a
28	50	n/a
28	53	n/a
28	55	n/a
28	56	n/a
28	57	n/a
28	58	n/a
28	59	n/a
28	61	n/a
28	63	n/a
28	64	n/a
28	65	n/a
28	69	n/a
28	70	n/a
28	71	n/a
28	72	n/a
28	73	n/a
28	76	n/a
28	77	n/a
28	78	n/a
28	79	n/a
28	82	n/a
28	83	n/a
29	30	n/a
29	32	n/a
29	33	n/a
29	34	n/a
29	36	n/a
29	38	n/a
29	39	n/a
29	40	n/a
29	41	n/a
29	42	n/a
29	43	n/a
29	58	n/a
29	73	n/a
29	77	n/a
30	33	n/a
30	34	n/a
30	36	n/a
30	37	n/a
30	38	n/a
30	39	n/a
30	40	n/a
30	41	n/a
30	43	n/a
30	45	n/a
30	58	n/a
30	65	n/a
30	70	n/a
30	71	n/a
30	73	n/a
30	77	n/a
30	78	n/a
30	79	n/a
31	34	n/a
31	36	n/a
31	37	n/a
31	38	n/a
31	42	n/a
31	43	n/a
31	44	n/a
31	45	n/a
31	49	n/a
31	51	n/a
31	60	n/a
31	62	n/a
31	67	n/a
31	68	n/a
31	71	n/a
31	74	n/a
31	75	n/a
31	76	n/a
31	80	n/a
32	34	n/a
32	36	n/a
32	38	n/a
32	39	n/a
32	40	n/a
32	41	n/a
32	42	n/a
33	34	n/a
33	36	n/a
33	38	n/a
33	43	n/a
33	73	n/a
33	77	n/a
34	36	n/a
34	37	n/a
34	38	n/a
34	39	n/a
34	40	n/a
34	41	n/a
34	42	n/a
34	43	n/a
34	49	n/a
34	51	n/a
34	58	n/a
34	62	n/a
34	73	n/a
34	75	n/a
34	76	n/a
34	77	n/a
34	80	n/a
35	36	n/a
35	37	n/a
35	38	n/a
35	39	n/a
35	40	n/a
35	41	n/a
35	42	n/a
35	43	n/a
35	44	n/a
35	45	n/a
35	46	n/a
35	47	n/a
35	48	n/a
35	54	n/a
35	64	n/a
35	72	n/a
35	84	n/a
36	37	n/a
36	38	n/a
36	39	n/a
36	40	n/a
36	41	n/a
36	42	n/a
36	43	n/a
36	44	n/a
36	45	n/a
36	46	n/a
36	47	n/a
36	48	n/a
36	51	n/a
36	52	n/a
36	56	n/a
36	58	n/a
36	64	n/a
36	65	n/a
36	66	n/a
36	68	n/a
36	70	n/a
36	71	n/a
36	72	n/a
36	73	n/a
36	74	n/a
36	75	n/a
36	76	n/a
36	77	n/a
36	78	n/a
36	79	n/a
36	80	n/a
36	82	n/a
36	83	n/a
36	84	n/a
37	38	n/a
37	39	n/a
37	40	n/a
37	41	n/a
37	42	n/a
37	43	n/a
37	44	n/a
37	45	n/a
37	46	n/a
37	49	n/a
37	51	n/a
37	52	n/a
37	60	n/a
37	62	n/a
37	65	n/a
37	67	n/a
37	68	n/a
37	71	n/a
37	72	n/a
37	74	n/a
37	75	n/a
37	76	n/a
37	80	n/a
37	84	n/a
38	39	n/a
38	40	n/a
38	41	n/a
38	42	n/a
38	43	n/a
38	44	n/a
38	45	n/a
38	46	n/a
38	48	n/a
38	49	n/a
38	51	n/a
38	52	n/a
38	56	n/a
38	58	n/a
38	62	n/a
38	65	n/a
38	66	n/a
38	67	n/a
38	68	n/a
38	71	n/a
38	72	n/a
38	73	n/a
38	74	n/a
38	75	n/a
38	76	n/a
38	77	n/a
38	80	n/a
38	84	n/a
39	40	n/a
39	41	n/a
39	42	n/a
39	43	n/a
39	44	n/a
39	45	n/a
39	46	n/a
39	48	n/a
39	51	n/a
39	52	n/a
39	65	n/a
39	71	n/a
39	72	n/a
39	73	n/a
39	75	n/a
39	76	n/a
39	77	n/a
39	84	n/a
40	41	n/a
40	42	n/a
40	43	n/a
40	45	n/a
40	47	n/a
40	48	n/a
40	53	n/a
40	54	n/a
40	56	n/a
40	58	n/a
40	59	n/a
40	61	n/a
40	64	n/a
40	69	n/a
40	73	n/a
40	76	n/a
40	77	n/a
40	78	n/a
40	84	n/a
41	42	n/a
41	43	n/a
41	45	n/a
41	46	n/a
41	47	n/a
41	48	n/a
41	49	n/a
41	57	n/a
41	73	n/a
41	77	n/a
41	83	n/a
41	84	n/a
42	44	n/a
42	45	n/a
42	46	n/a
42	48	n/a
42	49	n/a
42	51	n/a
42	60	n/a
42	62	n/a
42	74	n/a
42	75	n/a
42	76	n/a
42	80	n/a
42	83	n/a
43	44	0.006828210809254807
43	45	0.012297627388943792
43	46	0.02937369325559783
43	47	0.025613750028788476
43	48	0.012721379581765935
43	49	0.07051904271814355
43	50	n/a
43	51	0.035687626587835704
43	52	0.04808363991424376
43	53	n/a
43	54	n/a
43	55	n/a
43	56	0.051721196369973244
43	57	0.10997346722446871
43	58	0.17282940544563424
43	59	n/a
43	60	0.1331909011174804
43	61	n/a
43	62	n/a
43	63	0.1300982929076763
43	64	0.03095469284431423
43	65	n/a
43	66	0.0916311814144889
43	67	0.06471153293568915
43	68	0.014378024142707318
43	69	n/a
43	70	n/a
43	71	0.07311116894445491
43	72	0.03723215819678239
43	73	0.022334324792975147
43	74	0.14827340810630543
43	75	0.008696773294660927
43	76	0.006941096452180257
43	77	0.07218398901403845
43	78	0.18392136011582416
43	79	0.11528572109429967
43	80	n/a
43	81	0.10196066163228171
43	82	0.23536069975990426
43	83	0.13106551571023783
43	84	n/a
44	45	0.065227965673719
44	46	0.08634815926759598
44	47	0.07281341639476994
44	48	0.12900764886605356
44	49	0.10066672998813983
44	51	0.02378791719563332
44	52	0.05051009818903298
44	56	0.04321786738582005
44	60	0.167267982885754
44	62	n/a
44	63	0.051495475246029945
44	65	n/a
44	66	0.11684965523074181
44	67	0.03386549100207607
44	68	0.0803050949176619
44	70	n/a
44	71	0.025076914097877778
44	72	1.9374820588719243E-4
44	73	0.03401333590214875
44	74	0.09526446185489566
44	75	0.006173535084703326
44	76	0.012318198093071572
44	77	0.0074725210261987985
44	79	0.05901374354218174
44	80	n/a
44	83	0.090974095225039
44	84	n/a
45	46	0.08589832505063964
45	47	0.12578933162976114
45	48	0.13462522744668118
45	49	0.10860031221001985
45	50	n/a
45	51	0.011593211505382776
45	52	0.017655049013579636
45	53	n/a
45	55	n/a
45	56	0.10393254010387333
45	57	0.15181584147077734
45	58	0.12008406857912478
45	59	n/a
45	60	0.07439466970118337
45	61	n/a
45	62	n/a
45	63	0.13128528010968318
45	64	0.13219876222096832
45	65	n/a
45	66	0.1157483465332497
45	67	0.002470130283749518
45	68	4.1879332455953917E-4
45	69	n/a
45	70	n/a
45	71	0.022310020000212923
45	72	0.03419933740239404
45	73	0.05484812777161478
45	74	0.08461792812555571
45	75	0.031088477923050216
45	76	0.028538154913907147
45	77	0.1166193391177536
45	78	0.1604290912802662
45	79	0.10341429977629052
45	80	n/a
45	81	0.17045148550032604
45	82	0.10755787024015126
45	83	0.123768271074221
45	84	n/a
46	47	0.11572116358030445
46	48	0.01226480453418412
46	49	0.07443375828247162
46	51	0.0487326805936641
46	52	0.04989709669859958
46	55	n/a
46	56	0.10193893962234891
46	57	0.007831861618459607
46	58	0.09582146864708047
46	59	n/a
46	60	0.0950699572498488
46	63	0.16171028662254772
46	64	0.027218889556184716
46	65	n/a
46	66	0.19029568883378586
46	67	0.14550196884130165
46	68	0.1778411849102094
46	70	n/a
46	71	0.14412137523752808
46	72	0.1294618263985807
46	73	0.054977834392472495
46	75	0.13038516513681384
46	76	0.12006741210093698
46	77	0.11973046026312287
46	78	0.05463239200659714
46	79	0.16706433510723312
46	80	n/a
46	81	0.1286056112271666
46	83	0.23317858353977133
46	84	n/a
47	48	0.023408854253323775
47	49	0.17223792100752797
47	51	0.113207379063691
47	52	0.08395978090421327
47	53	n/a
47	54	n/a
47	55	n/a
47	56	0.08035523446705406
47	57	0.20437409898037862
47	58	0.23708886656463746
47	59	n/a
47	61	n/a
47	63	0.12577479024181284
47	64	0.11894515218653005
47	65	n/a
47	69	n/a
47	70	n/a
47	71	0.04338728873878979
47	72	0.0495283597452335
47	73	0.07001346334139204
47	75	0.01139316081050145
47	76	0.08035240227659345
47	77	0.0581968738842995
47	78	0.2216302258521129
47	79	0.07555750174026092
47	81	0.23383159727856032
47	83	0.1940799448755295
47	84	n/a
48	49	0.06493974999506681
48	53	n/a
48	54	n/a
48	55	n/a
48	56	0.09742774432378792
48	57	0.26876457158921563
48	58	0.035076339439198204
48	59	n/a
48	60	0.010747200966549778
48	61	n/a
48	62	n/a
48	63	0.16150810491463158
48	64	0.07273600469805287
48	69	n/a
48	70	n/a
48	72	0.038617124203872304
48	73	0.04485003912951912
48	75	0.07550349559300842
48	76	0.10575928502376086
48	77	0.07304180457650856
48	78	0.1157615523811009
48	79	0.2828565452528079
48	81	0.2636490875931711
48	83	0.06252303752387224
48	84	n/a
49	51	0.03774172908497337
49	57	0.016408725847600322
49	58	0.15038193012872833
49	60	0.1288231479694384
49	62	n/a
49	63	0.013922022250440313
49	67	0.2420859573347112
49	71	0.24881850520166182
49	73	0.020829144275364787
49	74	0.15864674129821246
49	75	0.05624220139926211
49	76	0.034748490946819074
49	80	n/a
49	83	0.0701878561610341
49	84	n/a
50	52	n/a
50	56	n/a
50	57	n/a
50	58	n/a
50	59	n/a
50	63	n/a
50	66	n/a
50	68	n/a
50	70	n/a
50	72	n/a
50	73	n/a
50	75	n/a
50	76	n/a
50	77	n/a
50	78	n/a
50	79	n/a
50	82	n/a
50	83	n/a
51	52	0.09219148890220961
51	54	n/a
51	58	0.08887479828975868
51	60	0.21166000482552225
51	62	n/a
51	64	0.11183086565993634
51	65	n/a
51	66	0.1391655208970669
51	68	0.04239055801080264
51	71	0.06684512588636861
51	72	0.11927791328870037
51	73	0.014345819331232528
51	74	0.14645721846870915
51	75	0.07936953884361049
51	76	0.022209724194675148
51	77	0.09900491124126747
51	80	n/a
51	83	0.031038379111116364
52	55	n/a
52	56	0.028875303616467285
52	57	0.10285943964307812
52	59	n/a
52	63	0.056297687410800025
52	66	0.16345421186998613
52	67	0.09246036929518277
52	68	0.04099310328852536
52	70	n/a
52	71	0.14872434440912624
52	72	0.04699833407016911
52	73	0.06494232245933768
52	75	0.07563014791894919
52	76	0.049620432491875685
52	77	0.08355739196337716
52	78	0.06323839102449325
52	79	0.11768328592329613
52	83	0.0462225320697997
53	54	n/a
53	55	n/a
53	56	n/a
53	57	n/a
53	58	n/a
53	59	n/a
53	61	n/a
53	63	n/a
53	64	n/a
53	69	n/a
53	73	n/a
53	77	n/a
53	78	n/a
53	83	n/a
54	55	n/a
54	56	n/a
54	57	n/a
54	58	n/a
54	59	n/a
54	61	n/a
54	64	n/a
54	69	n/a
54	71	n/a
54	73	n/a
54	76	n/a
54	77	n/a
54	78	n/a
54	81	n/a
54	83	n/a
54	84	n/a
55	56	n/a
55	57	n/a
55	58	n/a
55	59	n/a
55	61	n/a
55	63	n/a
55	64	n/a
55	69	n/a
55	72	n/a
55	73	n/a
55	77	n/a
55	78	n/a
55	81	n/a
55	83	n/a
56	57	0.041089031439638435
56	58	0.024942210309066817
56	59	n/a
56	60	0.037496747648286755
56	61	n/a
56	63	0.10974892699935995
56	64	0.15656188151152217
56	66	0.07391367118681007
56	67	0.08981062953513202
56	68	0.009806573910766853
56	69	n/a
56	70	n/a
56	72	0.0026193866512622347
56	73	0.0022752791744232474
56	75	0.06002467067069214
56	76	0.003336637660110216
56	77	0.056932075284690895
56	78	0.04096010771037797
56	79	0.04604139942346417
56	81	0.004021862102438261
56	82	0.005320648567132847
56	83	0.1384269870538243
57	58	0.0196027994134507
57	59	n/a
57	60	0.11665021065029833
57	61	n/a
57	63	0.20720890977777517
57	64	0.06301414117021034
57	66	0.02044680744001144
57	67	0.09913566305113923
57	68	0.09408274162579776
57	69	n/a
57	70	n/a
57	72	0.10033291113250892
57	73	0.009873212081130754
57	75	0.030151133954784273
57	76	0.012194939551399808
57	77	0.022483515405221675
57	78	0.13189173284662048
57	79	0.029173859061165652
57	81	0.11823696800768448
57	83	0.17947822630746268
58	59	n/a
58	61	n/a
58	62	n/a
58	63	0.06237629486179116
58	64	0.16332389555281895
58	69	n/a
58	71	0.14208343443686103
58	73	0.06518501908626996
58	74	0.1452285205945809
58	75	0.03478777415239256
58	76	0.06743465078647869
58	77	0.03834762428165745
58	78	0.05500715377543369
58	79	0.09835475391812482
58	80	n/a
58	82	0.010302209426399762
58	83	0.1729214735588619
59	60	n/a
59	61	n/a
59	63	n/a
59	64	n/a
59	69	n/a
59	73	n/a
59	77	n/a
59	78	n/a
59	81	n/a
59	82	n/a
59	83	n/a
60	61	n/a
60	62	n/a
60	63	0.09380622228587628
60	66	0.004271165548465084
60	67	0.005891858424334784
60	68	0.018222485709746473
60	70	n/a
60	72	0.1334716118070558
60	74	0.19147180115757692
60	75	0.05606575008214409
60	76	0.1215615020475072
60	78	0.05171821793860023
60	79	0.008290126448561698
60	80	n/a
60	81	0.0707558809077909
60	83	0.018981845616773033
61	63	n/a
61	64	n/a
61	69	n/a
61	73	n/a
61	77	n/a
61	78	n/a
61	81	n/a
61	83	n/a
62	67	n/a
62	71	n/a
62	73	n/a
62	74	n/a
62	75	n/a
62	76	n/a
62	78	n/a
62	80	n/a
62	81	n/a
62	83	n/a
63	64	0.08302550335312112
63	66	0.030929385713284876
63	67	0.15213182375931714
63	68	0.07785547312146454
63	69	n/a
63	70	n/a
63	72	0.08788479050606167
63	73	0.0234378875922504
63	75	0.06483719018523913
63	76	0.05461235182154672
63	77	0.008501105324808413
63	78	0.06887454559269535
63	79	0.013988323163416114
63	80	n/a
63	81	0.004091055638093946
63	82	0.0944245110763186
63	83	0.10811423594525853
64	69	n/a
64	70	n/a
64	71	0.14079447612959642
64	72	0.007182237824989084
64	73	0.0805113151010277
64	74	0.03628970180818578
64	76	0.06663615839650187
64	77	0.0978529260714809
64	78	0.018683982178000335
64	79	0.15404049137001435
64	81	0.12844438424701277
64	83	0.030824279111209156
64	84	n/a
65	70	n/a
65	71	n/a
65	72	n/a
65	73	n/a
65	76	n/a
65	77	n/a
65	79	n/a
65	82	n/a
65	83	n/a
65	84	n/a
66	67	0.04452087617643579
66	68	0.07083857083508914
66	70	n/a
66	71	0.06752072602988524
66	72	0.048835109392771206
66	73	0.04804578937790019
66	75	0.21977907056299484
66	76	0.040804816869580415
66	77	0.015925424910004277
66	78	0.10869501428418178
66	79	0.04166973262875045
66	82	0.15806084792769162
66	83	0.13253873744279565
67	68	0.10502960743324058
67	70	n/a
67	72	0.055187561076892086
67	74	0.09622032462657289
67	75	0.028284277434104096
67	76	0.07294111703527269
67	77	0.13113846165580148
67	78	0.008193089905166245
67	79	0.13036731297928034
67	80	n/a
67	83	0.12174133677872281
68	70	n/a
68	72	0.01012712099777947
68	74	0.15816391997498974
68	75	0.08291568576177294
68	76	0.05594733167770321
68	77	0.0014540184927923302
68	78	0.01131203369312007
68	79	0.07709381594544956
68	80	n/a
68	82	0.09991540413417319
68	83	0.06952373061179017
69	73	n/a
69	77	n/a
69	78	n/a
69	83	n/a
70	71	n/a
70	72	n/a
70	73	n/a
70	75	n/a
70	76	n/a
70	77	n/a
70	78	n/a
70	79	n/a
70	82	n/a
70	83	n/a
70	84	n/a
71	72	0.12420985989299946
71	73	0.012964676793153062
71	74	0.09450571589731126
71	75	0.10386676211450933
71	76	0.012338829862946838
71	77	0.017057799038893776
71	78	0.09843396714403248
71	79	0.06981593220275503
71	80	n/a
71	83	0.11812133228459398
72	73	0.004315037993507066
72	75	0.03523407516749169
72	76	0.08522691065865126
72	77	0.06400476886758222
72	78	0.014941118471328474
72	79	0.07383217674993457
72	82	0.1436498368764741
72	83	0.023887863026055323
72	84	n/a
73	74	0.08213447346942004
73	75	0.0918984621964927
73	76	0.027693846820258397
73	77	0.07859945379974936
73	78	0.057311885167796714
73	79	0.0182447133224468
73	80	n/a
73	81	0.14290783269742996
73	82	0.11211167234979479
73	83	0.08623684446790501
74	75	0.006908293035808461
74	76	0.07188999826750919
74	80	n/a
74	83	0.07920951024951683
75	76	7.276878781304602E-4
75	77	0.10027529119957171
75	78	0.11065254685971036
75	79	0.02760953558086666
75	80	n/a
75	82	0.0896207929578088
75	83	0.07121746234985442
76	77	0.022616743269421688
76	78	0.08844447873456618
76	79	0.036118605409016895
76	80	n/a
76	82	0.07357174261873406
76	83	0.06265855962399315
76	84	n/a
77	78	0.07064185293410272
77	79	0.01889513557102982
77	81	0.18247838055505466
77	82	0.15974354157410972
77	83	0.15316778388114477
77	84	n/a
78	79	0.04721027741505766
78	80	n/a
78	81	0.01919602238183123
78	82	0.024484843731943342
78	83	0.07857779188475203
79	82	0.15001365240884826
79	83	0.105860057573935
80	83	n/a
81	83	0.2324349485061374
82	83	0.12337107243469171
#subnet edge score	28.00089106273246