0	0	0.02098588531615645
0	1	0.011965202508292005
0	2	n/a
0	3	0.06124965694049104
0	4	n/a
0	5	n/a
0	6	n/a
0	7	n/a
0	8	n/a
0	9	0.006486988928578608
0	10	n/a
0	11	n/a
0	12	n/a
0	13	0.008783923592089607
0	14	n/a
0	15	n/a
0	16	n/a
0	17	n/a
0	18	n/a
0	19	n/a
0	20	n/a
0	21	n/a
0	22	n/a
0	23	0.07106707916133921
0	24	n/a
0	25	n/a
0	26	n/a
0	27	n/a
0	28	n/a
0	29	n/a
0	30	0.04919077481822634
0	31	0.02631851828950596
0	32	0.06499060590804799
0	33	n/a
0	34	0.004662844114325941
0	35	n/a
0	36	n/a
0	37	0.01850232927385743
0	38	n/a
0	39	n/a
0	40	n/a
0	41	0.12842101883331689
0	42	n/a
0	43	0.004868840039138822
0	44	n/a
0	45	0.08851189409155194
0	46	n/a
0	47	n/a
0	48	0.021922780883194798
0	49	n/a
0	50	n/a
0	51	n/a
0	52	n/a
0	53	n/a
0	54	0.12755436180873872
0	55	n/a
0	56	n/a
0	57	0.11602873195752701
0	58	n/a
0	59	n/a
0	60	n/a
0	61	0.04135542221197762
0	62	0.052578540870800196
0	63	0.05437157674947248
0	64	0.08199121349844217
0	65	n/a
0	66	0.0
0	67	0.13840000625207485
0	68	n/a
0	69	0.10990006816649846
0	70	0.11223940440068682
0	71	n/a
0	72	n/a
0	73	0.07184921785845093
0	74	n/a
0	75	n/a
0	76	n/a
0	77	0.08894159612101471
0	78	0.1414427853901222
0	79	0.0413554222119777
0	80	0.0
0	81	0.0028020597826168806
0	82	n/a
0	83	n/a
1	0	0.011965202508292005
1	1	0.10095621150634868
1	2	n/a
1	3	0.1825033901116914
1	4	n/a
1	5	n/a
1	6	n/a
1	7	n/a
1	8	n/a
1	9	n/a
1	10	n/a
1	11	n/a
1	12	n/a
1	13	n/a
1	14	n/a
1	15	0.0038653431299686984
1	16	0.04757872242908783
1	17	n/a
1	18	n/a
1	19	n/a
1	20	n/a
1	21	n/a
1	22	n/a
1	23	0.014779063326349753
1	24	n/a
1	25	n/a
1	26	n/a
1	27	n/a
1	28	0.002356951016061054
1	29	n/a
1	30	0.09907204540955807
1	31	n/a
1	32	n/a
1	33	0.08213396649107883
1	34	n/a
1	35	n/a
1	36	n/a
1	37	0.05489870553078936
1	38	n/a
1	39	n/a
1	40	n/a
1	41	0.0897257682832347
1	42	n/a
1	43	0.009129139280678248
1	44	0.024124300423913822
1	45	n/a
1	46	n/a
1	47	n/a
1	48	n/a
1	49	n/a
1	50	n/a
1	51	n/a
1	52	n/a
1	53	n/a
1	54	0.09723252120864774
1	55	n/a
1	56	n/a
1	57	n/a
1	58	n/a
1	59	0.1750667596898963
1	60	n/a
1	61	0.05539679006169679
1	62	0.011715976182938001
1	63	0.0960557195517203
1	64	0.021072650117153764
1	65	0.045573300682643245
1	66	n/a
1	67	n/a
1	68	0.12504429709109638
1	69	0.11069412043274177
1	70	0.053969048437552035
1	71	0.06453787678689457
1	72	0.10047252451020702
1	73	0.10792264207408127
1	74	0.016467834892274377
1	75	0.06200632882168992
1	76	0.06261740326147798
1	77	0.0037105825644523634
1	78	n/a
1	79	0.01317174464579187
1	80	n/a
1	81	n/a
1	82	n/a
1	83	0.057307452707792035
2	0	n/a
2	1	n/a
2	2	n/a
2	3	n/a
2	4	n/a
2	5	n/a
2	6	n/a
2	7	n/a
2	8	n/a
2	9	n/a
2	10	n/a
2	11	n/a
2	12	n/a
2	13	n/a
2	14	n/a
2	15	n/a
2	16	n/a
2	17	n/a
2	18	n/a
2	19	n/a
2	20	n/a
2	21	n/a
2	22	n/a
2	23	n/a
2	24	n/a
2	25	n/a
2	26	n/a
2	27	n/a
2	28	n/a
2	29	n/a
2	30	n/a
2	31	n/a
2	32	n/a
2	33	n/a
2	34	n/a
2	35	n/a
2	36	n/a
2	37	n/a
2	38	n/a
2	39	n/a
2	40	n/a
2	41	n/a
2	42	n/a
2	43	n/a
2	44	n/a
2	45	n/a
2	46	n/a
2	47	n/a
2	48	n/a
2	49	n/a
2	50	n/a
2	51	n/a
2	52	n/a
2	53	n/a
2	54	n/a
2	55	n/a
2	56	n/a
2	57	n/a
2	58	n/a
2	59	n/a
2	60	n/a
2	61	n/a
2	62	n/a
2	63	n/a
2	64	n/a
2	65	n/a
2	66	n/a
2	67	n/a
2	68	n/a
2	69	n/a
2	70	n/a
2	71	n/a
2	72	n/a
2	73	n/a
2	74	n/a
2	75	n/a
2	76	n/a
2	77	n/a
2	78	n/a
2	79	n/a
2	80	n/a
2	81	n/a
2	82	n/a
2	83	n/a
3	0	0.06124965694049104
3	1	0.1825033901116914
3	2	n/a
3	3	n/a
3	4	n/a
3	5	n/a
3	6	n/a
3	7	n/a
3	8	n/a
3	9	0.007479386737392893
3	10	n/a
3	11	n/a
3	12	n/a
3	13	n/a
3	14	n/a
3	15	n/a
3	16	0.036257276928352594
3	17	n/a
3	18	n/a
3	19	n/a
3	20	0.05733722619354237
3	21	n/a
3	22	0.0712799926962309
3	23	n/a
3	24	n/a
3	25	0.15449016848553573
3	26	n/a
3	27	n/a
3	28	n/a
3	29	0.07369806473241873
3	30	n/a
3	31	0.022664762316016957
3	32	0.10482471381318216
3	33	0.04722411513854407
3	34	n/a
3	35	n/a
3	36	n/a
3	37	0.013013878277723998
3	38	0.07253269588156469
3	39	n/a
3	40	n/a
3	41	0.12200301569272176
3	42	n/a
3	43	0.06965471487733776
3	44	n/a
3	45	0.08348688779022274
3	46	n/a
3	47	n/a
3	48	n/a
3	49	0.03902147741213459
3	50	n/a
3	51	n/a
3	52	n/a
3	53	n/a
3	54	0.0442741928116858
3	55	n/a
3	56	n/a
3	57	n/a
3	58	n/a
3	59	0.1298534871085242
3	60	n/a
3	61	n/a
3	62	0.06849153612966968
3	63	0.03550704568720972
3	64	0.010789487331919615
3	65	0.004257000091868284
3	66	0.01114239354934116
3	67	0.07790165544326115
3	68	n/a
3	69	0.031004236153965966
3	70	0.054761511826052704
3	71	0.08685639830632333
3	72	n/a
3	73	n/a
3	74	0.15158732811219047
3	75	0.14995612894244134
3	76	n/a
3	77	0.09544094096816422
3	78	0.07351816358271362
3	79	0.0
3	80	n/a
3	81	0.16805460693320368
3	82	n/a
3	83	n/a
4	0	n/a
4	1	n/a
4	2	n/a
4	3	n/a
4	4	n/a
4	5	n/a
4	6	n/a
4	7	n/a
4	8	n/a
4	9	n/a
4	10	n/a
4	11	n/a
4	12	n/a
4	13	n/a
4	14	n/a
4	15	n/a
4	16	n/a
4	17	n/a
4	18	n/a
4	19	n/a
4	20	n/a
4	21	n/a
4	22	n/a
4	23	n/a
4	24	n/a
4	25	n/a
4	26	n/a
4	27	n/a
4	28	n/a
4	29	n/a
4	30	n/a
4	31	n/a
4	32	n/a
4	33	n/a
4	34	n/a
4	35	n/a
4	36	n/a
4	37	n/a
4	38	n/a
4	39	n/a
4	40	n/a
4	41	n/a
4	42	n/a
4	43	n/a
4	44	n/a
4	45	n/a
4	46	n/a
4	47	n/a
4	48	n/a
4	49	n/a
4	50	n/a
4	51	n/a
4	52	n/a
4	53	n/a
4	54	n/a
4	55	n/a
4	56	n/a
4	57	n/a
4	58	n/a
4	59	n/a
4	60	n/a
4	61	n/a
4	62	n/a
4	63	n/a
4	64	n/a
4	65	n/a
4	66	n/a
4	67	n/a
4	68	n/a
4	69	n/a
4	70	n/a
4	71	n/a
4	72	n/a
4	73	n/a
4	74	n/a
4	75	n/a
4	76	n/a
4	77	n/a
4	78	n/a
4	79	n/a
4	80	n/a
4	81	n/a
4	82	n/a
4	83	n/a
5	0	n/a
5	1	n/a
5	2	n/a
5	3	n/a
5	4	n/a
5	5	n/a
5	6	n/a
5	7	n/a
5	8	n/a
5	9	n/a
5	10	n/a
5	11	n/a
5	12	n/a
5	13	n/a
5	14	n/a
5	15	n/a
5	16	n/a
5	17	n/a
5	18	n/a
5	19	n/a
5	20	n/a
5	21	n/a
5	22	n/a
5	23	n/a
5	24	n/a
5	25	n/a
5	26	n/a
5	27	n/a
5	28	n/a
5	29	n/a
5	30	n/a
5	31	n/a
5	32	n/a
5	33	n/a
5	34	n/a
5	35	n/a
5	36	n/a
5	37	n/a
5	38	n/a
5	39	n/a
5	40	n/a
5	41	n/a
5	42	n/a
5	43	n/a
5	44	n/a
5	45	n/a
5	46	n/a
5	47	n/a
5	48	n/a
5	49	n/a
5	50	n/a
5	51	n/a
5	52	n/a
5	53	n/a
5	54	n/a
5	55	n/a
5	56	n/a
5	57	n/a
5	58	n/a
5	59	n/a
5	60	n/a
5	61	n/a
5	62	n/a
5	63	n/a
5	64	n/a
5	65	n/a
5	66	n/a
5	67	n/a
5	68	n/a
5	69	n/a
5	70	n/a
5	71	n/a
5	72	n/a
5	73	n/a
5	74	n/a
5	75	n/a
5	76	n/a
5	77	n/a
5	78	n/a
5	79	n/a
5	80	n/a
5	81	n/a
5	82	n/a
5	83	n/a
6	0	n/a
6	1	n/a
6	2	n/a
6	3	n/a
6	4	n/a
6	5	n/a
6	6	n/a
6	7	n/a
6	8	n/a
6	9	n/a
6	10	n/a
6	11	n/a
6	12	n/a
6	13	n/a
6	14	n/a
6	15	0.1802418510968345
6	16	n/a
6	17	n/a
6	18	n/a
6	19	n/a
6	20	n/a
6	21	n/a
6	22	n/a
6	23	n/a
6	24	n/a
6	25	n/a
6	26	n/a
6	27	n/a
6	28	n/a
6	29	n/a
6	30	0.14953062454342336
6	31	n/a
6	32	n/a
6	33	0.04100811798989145
6	34	n/a
6	35	n/a
6	36	n/a
6	37	0.0025747854304345565
6	38	0.05604787305241444
6	39	n/a
6	40	n/a
6	41	0.17790770717200816
6	42	n/a
6	43	0.05647483730526002
6	44	n/a
6	45	0.04258176197796258
6	46	n/a
6	47	n/a
6	48	0.06447969030638893
6	49	n/a
6	50	n/a
6	51	n/a
6	52	n/a
6	53	n/a
6	54	n/a
6	55	n/a
6	56	n/a
6	57	0.048285628948857
6	58	n/a
6	59	n/a
6	60	n/a
6	61	0.012022917144575736
6	62	n/a
6	63	n/a
6	64	0.08453727511107909
6	65	0.03760513844051276
6	66	n/a
6	67	0.0878606602588888
6	68	n/a
6	69	n/a
6	70	n/a
6	71	n/a
6	72	0.005862157106487105
6	73	n/a
6	74	0.08611493366323134
6	75	n/a
6	76	n/a
6	77	n/a
6	78	n/a
6	79	0.14710102253120588
6	80	0.06632951827912151
6	81	0.06719254187727812
6	82	n/a
6	83	0.08009020474132279
7	0	n/a
7	1	n/a
7	2	n/a
7	3	n/a
7	4	n/a
7	5	n/a
7	6	n/a
7	7	n/a
7	8	n/a
7	9	n/a
7	10	n/a
7	11	n/a
7	12	n/a
7	13	n/a
7	14	n/a
7	15	n/a
7	16	n/a
7	17	n/a
7	18	n/a
7	19	n/a
7	20	n/a
7	21	n/a
7	22	n/a
7	23	n/a
7	24	n/a
7	25	n/a
7	26	n/a
7	27	n/a
7	28	n/a
7	29	n/a
7	30	n/a
7	31	n/a
7	32	n/a
7	33	n/a
7	34	n/a
7	35	n/a
7	36	n/a
7	37	n/a
7	38	n/a
7	39	n/a
7	40	n/a
7	41	n/a
7	42	n/a
7	43	n/a
7	44	n/a
7	45	n/a
7	46	n/a
7	47	n/a
7	48	n/a
7	49	n/a
7	50	n/a
7	51	n/a
7	52	n/a
7	53	n/a
7	54	n/a
7	55	n/a
7	56	n/a
7	57	n/a
7	58	n/a
7	59	n/a
7	60	n/a
7	61	n/a
7	62	n/a
7	63	n/a
7	64	n/a
7	65	n/a
7	66	n/a
7	67	n/a
7	68	n/a
7	69	n/a
7	70	n/a
7	71	n/a
7	72	n/a
7	73	n/a
7	74	n/a
7	75	n/a
7	76	n/a
7	77	n/a
7	78	n/a
7	79	n/a
7	80	n/a
7	81	n/a
7	82	n/a
7	83	n/a
8	0	n/a
8	1	n/a
8	2	n/a
8	3	n/a
8	4	n/a
8	5	n/a
8	6	n/a
8	7	n/a
8	8	n/a
8	9	n/a
8	10	n/a
8	11	n/a
8	12	n/a
8	13	n/a
8	14	n/a
8	15	n/a
8	16	n/a
8	17	n/a
8	18	n/a
8	19	n/a
8	20	n/a
8	21	n/a
8	22	n/a
8	23	n/a
8	24	n/a
8	25	n/a
8	26	n/a
8	27	n/a
8	28	n/a
8	29	n/a
8	30	n/a
8	31	n/a
8	32	n/a
8	33	n/a
8	34	n/a
8	35	n/a
8	36	n/a
8	37	n/a
8	38	n/a
8	39	n/a
8	40	n/a
8	41	n/a
8	42	n/a
8	43	n/a
8	44	n/a
8	45	n/a
8	46	n/a
8	47	n/a
8	48	n/a
8	49	n/a
8	50	n/a
8	51	n/a
8	52	n/a
8	53	n/a
8	54	n/a
8	55	n/a
8	56	n/a
8	57	n/a
8	58	n/a
8	59	n/a
8	60	n/a
8	61	n/a
8	62	n/a
8	63	n/a
8	64	n/a
8	65	n/a
8	66	n/a
8	67	n/a
8	68	n/a
8	69	n/a
8	70	n/a
8	71	n/a
8	72	n/a
8	73	n/a
8	74	n/a
8	75	n/a
8	76	n/a
8	77	n/a
8	78	n/a
8	79	n/a
8	80	n/a
8	81	n/a
8	82	n/a
8	83	n/a
9	0	0.006486988928578608
9	1	n/a
9	2	n/a
9	3	0.007479386737392893
9	4	n/a
9	5	n/a
9	6	n/a
9	7	n/a
9	8	n/a
9	9	0.018685365285444348
9	10	n/a
9	11	n/a
9	12	n/a
9	13	0.02061432579125778
9	14	n/a
9	15	0.005192167473839119
9	16	0.0188192564878434
9	17	n/a
9	18	n/a
9	19	n/a
9	20	0.0029550824590649067
9	21	n/a
9	22	n/a
9	23	n/a
9	24	n/a
9	25	n/a
9	26	n/a
9	27	0.007103302971110559
9	28	0.023041604697187815
9	29	0.027762316576940574
9	30	0.18773472402337926
9	31	n/a
9	32	0.030213251695541753
9	33	0.03586288095789806
9	34	0.014136808260547768
9	35	n/a
9	36	n/a
9	37	0.02901471246179956
9	38	n/a
9	39	n/a
9	40	n/a
9	41	n/a
9	42	n/a
9	43	0.031369197872127455
9	44	n/a
9	45	0.1547484017241682
9	46	n/a
9	47	n/a
9	48	0.09405335336396338
9	49	n/a
9	50	n/a
9	51	n/a
9	52	n/a
9	53	n/a
9	54	0.04457045515972702
9	55	n/a
9	56	n/a
9	57	n/a
9	58	n/a
9	59	0.02068010885885353
9	60	n/a
9	61	n/a
9	62	0.05914960080963702
9	63	n/a
9	64	0.09793813140243803
9	65	0.043334406615793526
9	66	0.00987083601595731
9	67	n/a
9	68	n/a
9	69	0.056925996976279106
9	70	0.03932936076580629
9	71	0.05773363431462572
9	72	n/a
9	73	n/a
9	74	n/a
9	75	0.10372540686430068
9	76	n/a
9	77	n/a
9	78	0.06332615904053099
9	79	0.0
9	80	0.01239415928515128
9	81	0.04999149637936681
9	82	0.02390031543892056
9	83	n/a
10	0	n/a
10	1	n/a
10	2	n/a
10	3	n/a
10	4	n/a
10	5	n/a
10	6	n/a
10	7	n/a
10	8	n/a
10	9	n/a
10	10	n/a
10	11	n/a
10	12	n/a
10	13	n/a
10	14	n/a
10	15	n/a
10	16	n/a
10	17	n/a
10	18	n/a
10	19	n/a
10	20	n/a
10	21	n/a
10	22	n/a
10	23	n/a
10	24	n/a
10	25	n/a
10	26	n/a
10	27	n/a
10	28	n/a
10	29	n/a
10	30	n/a
10	31	n/a
10	32	n/a
10	33	n/a
10	34	n/a
10	35	n/a
10	36	n/a
10	37	n/a
10	38	n/a
10	39	n/a
10	40	n/a
10	41	n/a
10	42	n/a
10	43	n/a
10	44	n/a
10	45	n/a
10	46	n/a
10	47	n/a
10	48	n/a
10	49	n/a
10	50	n/a
10	51	n/a
10	52	n/a
10	53	n/a
10	54	n/a
10	55	n/a
10	56	n/a
10	57	n/a
10	58	n/a
10	59	n/a
10	60	n/a
10	61	n/a
10	62	n/a
10	63	n/a
10	64	n/a
10	65	n/a
10	66	n/a
10	67	n/a
10	68	n/a
10	69	n/a
10	70	n/a
10	71	n/a
10	72	n/a
10	73	n/a
10	74	n/a
10	75	n/a
10	76	n/a
10	77	n/a
10	78	n/a
10	79	n/a
10	80	n/a
10	81	n/a
10	82	n/a
10	83	n/a
11	0	n/a
11	1	n/a
11	2	n/a
11	3	n/a
11	4	n/a
11	5	n/a
11	6	n/a
11	7	n/a
11	8	n/a
11	9	n/a
11	10	n/a
11	11	n/a
11	12	n/a
11	13	n/a
11	14	n/a
11	15	n/a
11	16	n/a
11	17	n/a
11	18	n/a
11	19	n/a
11	20	n/a
11	21	n/a
11	22	n/a
11	23	n/a
11	24	n/a
11	25	n/a
11	26	n/a
11	27	n/a
11	28	n/a
11	29	n/a
11	30	n/a
11	31	n/a
11	32	n/a
11	33	n/a
11	34	n/a
11	35	n/a
11	36	n/a
11	37	n/a
11	38	n/a
11	39	n/a
11	40	n/a
11	41	n/a
11	42	n/a
11	43	n/a
11	44	n/a
11	45	n/a
11	46	n/a
11	47	n/a
11	48	n/a
11	49	n/a
11	50	n/a
11	51	n/a
11	52	n/a
11	53	n/a
11	54	n/a
11	55	n/a
11	56	n/a
11	57	n/a
11	58	n/a
11	59	n/a
11	60	n/a
11	61	n/a
11	62	n/a
11	63	n/a
11	64	n/a
11	65	n/a
11	66	n/a
11	67	n/a
11	68	n/a
11	69	n/a
11	70	n/a
11	71	n/a
11	72	n/a
11	73	n/a
11	74	n/a
11	75	n/a
11	76	n/a
11	77	n/a
11	78	n/a
11	79	n/a
11	80	n/a
11	81	n/a
11	82	n/a
11	83	n/a
12	0	n/a
12	1	n/a
12	2	n/a
12	3	n/a
12	4	n/a
12	5	n/a
12	6	n/a
12	7	n/a
12	8	n/a
12	9	n/a
12	10	n/a
12	11	n/a
12	12	n/a
12	13	n/a
12	14	n/a
12	15	n/a
12	16	n/a
12	17	n/a
12	18	n/a
12	19	n/a
12	20	n/a
12	21	n/a
12	22	n/a
12	23	n/a
12	24	n/a
12	25	n/a
12	26	n/a
12	27	n/a
12	28	n/a
12	29	n/a
12	30	n/a
12	31	n/a
12	32	n/a
12	33	n/a
12	34	n/a
12	35	n/a
12	36	n/a
12	37	n/a
12	38	n/a
12	39	n/a
12	40	n/a
12	41	n/a
12	42	n/a
12	43	n/a
12	44	n/a
12	45	n/a
12	46	n/a
12	47	n/a
12	48	n/a
12	49	n/a
12	50	n/a
12	51	n/a
12	52	n/a
12	53	n/a
12	54	n/a
12	55	n/a
12	56	n/a
12	57	n/a
12	58	n/a
12	59	n/a
12	60	n/a
12	61	n/a
12	62	n/a
12	63	n/a
12	64	n/a
12	65	n/a
12	66	n/a
12	67	n/a
12	68	n/a
12	69	n/a
12	70	n/a
12	71	n/a
12	72	n/a
12	73	n/a
12	74	n/a
12	75	n/a
12	76	n/a
12	77	n/a
12	78	n/a
12	79	n/a
12	80	n/a
12	81	n/a
12	82	n/a
12	83	n/a
13	0	0.008783923592089607
13	1	n/a
13	2	n/a
13	3	n/a
13	4	n/a
13	5	n/a
13	6	n/a
13	7	n/a
13	8	n/a
13	9	0.02061432579125778
13	10	n/a
13	11	n/a
13	12	n/a
13	13	n/a
13	14	n/a
13	15	n/a
13	16	n/a
13	17	0.07975072348333166
13	18	n/a
13	19	n/a
13	20	0.005622934502078501
13	21	n/a
13	22	n/a
13	23	0.010320585165676235
13	24	n/a
13	25	n/a
13	26	n/a
13	27	1.943929328666661E-4
13	28	0.06895312136480457
13	29	n/a
13	30	n/a
13	31	n/a
13	32	0.03271229329528708
13	33	0.0071523929108714066
13	34	0.16700799658659515
13	35	n/a
13	36	n/a
13	37	n/a
13	38	0.03508095409107261
13	39	n/a
13	40	n/a
13	41	0.008366896198806744
13	42	n/a
13	43	n/a
13	44	0.11438679910759326
13	45	n/a
13	46	n/a
13	47	n/a
13	48	n/a
13	49	0.005153830406650852
13	50	n/a
13	51	n/a
13	52	n/a
13	53	n/a
13	54	0.04622483079135562
13	55	n/a
13	56	n/a
13	57	n/a
13	58	0.05246668876601318
13	59	n/a
13	60	n/a
13	61	n/a
13	62	n/a
13	63	0.03686753405130876
13	64	0.08895080358166431
13	65	0.03521871302413533
13	66	0.041943365645971196
13	67	n/a
13	68	0.1825003444970828
13	69	0.07383170543523697
13	70	n/a
13	71	n/a
13	72	0.002439706806873594
13	73	n/a
13	74	n/a
13	75	n/a
13	76	0.00806682900066238
13	77	n/a
13	78	n/a
13	79	n/a
13	80	0.0981717721466487
13	81	n/a
13	82	n/a
13	83	n/a
14	0	n/a
14	1	n/a
14	2	n/a
14	3	n/a
14	4	n/a
14	5	n/a
14	6	n/a
14	7	n/a
14	8	n/a
14	9	n/a
14	10	n/a
14	11	n/a
14	12	n/a
14	13	n/a
14	14	n/a
14	15	n/a
14	16	n/a
14	17	n/a
14	18	n/a
14	19	n/a
14	20	n/a
14	21	n/a
14	22	n/a
14	23	n/a
14	24	n/a
14	25	n/a
14	26	n/a
14	27	n/a
14	28	n/a
14	29	n/a
14	30	n/a
14	31	n/a
14	32	n/a
14	33	n/a
14	34	n/a
14	35	n/a
14	36	n/a
14	37	n/a
14	38	n/a
14	39	n/a
14	40	n/a
14	41	n/a
14	42	n/a
14	43	n/a
14	44	n/a
14	45	n/a
14	46	n/a
14	47	n/a
14	48	n/a
14	49	n/a
14	50	n/a
14	51	n/a
14	52	n/a
14	53	n/a
14	54	n/a
14	55	n/a
14	56	n/a
14	57	n/a
14	58	n/a
14	59	n/a
14	60	n/a
14	61	n/a
14	62	n/a
14	63	n/a
14	64	n/a
14	65	n/a
14	66	n/a
14	67	n/a
14	68	n/a
14	69	n/a
14	70	n/a
14	71	n/a
14	72	n/a
14	73	n/a
14	74	n/a
14	75	n/a
14	76	n/a
14	77	n/a
14	78	n/a
14	79	n/a
14	80	n/a
14	81	n/a
14	82	n/a
14	83	n/a
15	0	n/a
15	1	0.0038653431299686984
15	2	n/a
15	3	n/a
15	4	n/a
15	5	n/a
15	6	0.1802418510968345
15	7	n/a
15	8	n/a
15	9	0.005192167473839119
15	10	n/a
15	11	n/a
15	12	n/a
15	13	n/a
15	14	n/a
15	15	0.059249176190495315
15	16	0.038323870938164147
15	17	n/a
15	18	n/a
15	19	n/a
15	20	n/a
15	21	n/a
15	22	0.01646330734816749
15	23	0.011880118843386541
15	24	n/a
15	25	n/a
15	26	n/a
15	27	n/a
15	28	n/a
15	29	n/a
15	30	n/a
15	31	0.01524976970434225
15	32	0.05006520820818058
15	33	0.01227846378614213
15	34	n/a
15	35	n/a
15	36	n/a
15	37	0.05318014546949804
15	38	0.1346943813569552
15	39	n/a
15	40	n/a
15	41	0.01960078643136071
15	42	n/a
15	43	0.006873060081111706
15	44	n/a
15	45	n/a
15	46	n/a
15	47	n/a
15	48	n/a
15	49	0.01863971129289353
15	50	n/a
15	51	n/a
15	52	n/a
15	53	n/a
15	54	n/a
15	55	n/a
15	56	n/a
15	57	0.09296836187886218
15	58	0.1090681212392403
15	59	n/a
15	60	0.07828482932113415
15	61	n/a
15	62	n/a
15	63	0.1320156872388911
15	64	0.030676324932618033
15	65	0.06952300096949918
15	66	n/a
15	67	0.0770960432722949
15	68	0.11721001610447936
15	69	n/a
15	70	0.008371801097716685
15	71	0.009407506823827273
15	72	0.05540064056098465
15	73	0.0890401000990364
15	74	0.08789523885950787
15	75	n/a
15	76	0.003879658770875355
15	77	0.018865245991436165
15	78	0.04196234198314345
15	79	n/a
15	80	n/a
15	81	n/a
15	82	0.02569043742399381
15	83	n/a
16	0	n/a
16	1	0.04757872242908783
16	2	n/a
16	3	0.036257276928352594
16	4	n/a
16	5	n/a
16	6	n/a
16	7	n/a
16	8	n/a
16	9	0.0188192564878434
16	10	n/a
16	11	n/a
16	12	n/a
16	13	n/a
16	14	n/a
16	15	0.038323870938164147
16	16	0.1356203804164214
16	17	0.0472663310984844
16	18	n/a
16	19	n/a
16	20	0.00884321581713039
16	21	n/a
16	22	0.04506884147723839
16	23	0.01455499342187507
16	24	n/a
16	25	n/a
16	26	n/a
16	27	n/a
16	28	n/a
16	29	n/a
16	30	n/a
16	31	0.03291469724614116
16	32	0.020709187456618487
16	33	0.10502165574139592
16	34	0.021362210256245323
16	35	n/a
16	36	n/a
16	37	0.09023929617897153
16	38	n/a
16	39	n/a
16	40	n/a
16	41	n/a
16	42	n/a
16	43	0.015112985810943348
16	44	0.03915505025860654
16	45	n/a
16	46	n/a
16	47	n/a
16	48	0.047563425159467765
16	49	n/a
16	50	n/a
16	51	n/a
16	52	n/a
16	53	n/a
16	54	n/a
16	55	n/a
16	56	n/a
16	57	0.04501753370189651
16	58	n/a
16	59	n/a
16	60	0.07366467184734572
16	61	0.049081271757170614
16	62	n/a
16	63	0.15617519723948942
16	64	n/a
16	65	0.0022913509979179424
16	66	0.06556611228832702
16	67	0.02894241326085558
16	68	0.1449549278037973
16	69	n/a
16	70	n/a
16	71	0.009574163764235309
16	72	0.1183977995544811
16	73	n/a
16	74	n/a
16	75	7.469759326454471E-4
16	76	0.0020296570419133515
16	77	0.06409849694759139
16	78	n/a
16	79	0.11415103538470367
16	80	0.0
16	81	n/a
16	82	n/a
16	83	0.1353928161759796
17	0	n/a
17	1	n/a
17	2	n/a
17	3	n/a
17	4	n/a
17	5	n/a
17	6	n/a
17	7	n/a
17	8	n/a
17	9	n/a
17	10	n/a
17	11	n/a
17	12	n/a
17	13	0.07975072348333166
17	14	n/a
17	15	n/a
17	16	0.0472663310984844
17	17	0.06826733276792474
17	18	n/a
17	19	n/a
17	20	n/a
17	21	n/a
17	22	0.025844110234884986
17	23	n/a
17	24	n/a
17	25	n/a
17	26	n/a
17	27	n/a
17	28	n/a
17	29	0.04728414948836527
17	30	n/a
17	31	1.6195322602306008E-4
17	32	0.015610683327060743
17	33	0.0623601153963301
17	34	0.028313570871309215
17	35	n/a
17	36	n/a
17	37	0.04230769303700405
17	38	0.0517012998200548
17	39	n/a
17	40	n/a
17	41	n/a
17	42	n/a
17	43	n/a
17	44	0.06797571317915639
17	45	0.06976395698057826
17	46	n/a
17	47	n/a
17	48	n/a
17	49	n/a
17	50	n/a
17	51	n/a
17	52	n/a
17	53	n/a
17	54	n/a
17	55	n/a
17	56	n/a
17	57	0.029377197006680327
17	58	0.04135542221197767
17	59	n/a
17	60	0.015461504535174813
17	61	n/a
17	62	0.04843763846544691
17	63	0.16485920909930976
17	64	n/a
17	65	0.0023323753045096825
17	66	n/a
17	67	n/a
17	68	n/a
17	69	n/a
17	70	n/a
17	71	n/a
17	72	0.038787750735273685
17	73	n/a
17	74	0.012766507515393644
17	75	n/a
17	76	0.017173307368922853
17	77	0.03277059284545852
17	78	n/a
17	79	n/a
17	80	0.07156845087461436
17	81	0.0
17	82	n/a
17	83	n/a
18	0	n/a
18	1	n/a
18	2	n/a
18	3	n/a
18	4	n/a
18	5	n/a
18	6	n/a
18	7	n/a
18	8	n/a
18	9	n/a
18	10	n/a
18	11	n/a
18	12	n/a
18	13	n/a
18	14	n/a
18	15	n/a
18	16	n/a
18	17	n/a
18	18	n/a
18	19	n/a
18	20	n/a
18	21	n/a
18	22	n/a
18	23	n/a
18	24	n/a
18	25	n/a
18	26	n/a
18	27	n/a
18	28	n/a
18	29	n/a
18	30	n/a
18	31	n/a
18	32	n/a
18	33	n/a
18	34	n/a
18	35	n/a
18	36	n/a
18	37	n/a
18	38	n/a
18	39	n/a
18	40	n/a
18	41	n/a
18	42	n/a
18	43	n/a
18	44	n/a
18	45	n/a
18	46	n/a
18	47	n/a
18	48	n/a
18	49	n/a
18	50	n/a
18	51	n/a
18	52	n/a
18	53	n/a
18	54	n/a
18	55	n/a
18	56	n/a
18	57	n/a
18	58	n/a
18	59	n/a
18	60	n/a
18	61	n/a
18	62	n/a
18	63	n/a
18	64	n/a
18	65	n/a
18	66	n/a
18	67	n/a
18	68	n/a
18	69	n/a
18	70	n/a
18	71	n/a
18	72	n/a
18	73	n/a
18	74	n/a
18	75	n/a
18	76	n/a
18	77	n/a
18	78	n/a
18	79	n/a
18	80	n/a
18	81	n/a
18	82	n/a
18	83	n/a
19	0	n/a
19	1	n/a
19	2	n/a
19	3	n/a
19	4	n/a
19	5	n/a
19	6	n/a
19	7	n/a
19	8	n/a
19	9	n/a
19	10	n/a
19	11	n/a
19	12	n/a
19	13	n/a
19	14	n/a
19	15	n/a
19	16	n/a
19	17	n/a
19	18	n/a
19	19	n/a
19	20	n/a
19	21	n/a
19	22	n/a
19	23	n/a
19	24	n/a
19	25	n/a
19	26	n/a
19	27	n/a
19	28	n/a
19	29	n/a
19	30	n/a
19	31	n/a
19	32	n/a
19	33	n/a
19	34	n/a
19	35	n/a
19	36	n/a
19	37	n/a
19	38	n/a
19	39	n/a
19	40	n/a
19	41	n/a
19	42	n/a
19	43	n/a
19	44	n/a
19	45	n/a
19	46	n/a
19	47	n/a
19	48	n/a
19	49	n/a
19	50	n/a
19	51	n/a
19	52	n/a
19	53	n/a
19	54	n/a
19	55	n/a
19	56	n/a
19	57	n/a
19	58	n/a
19	59	n/a
19	60	n/a
19	61	n/a
19	62	n/a
19	63	n/a
19	64	n/a
19	65	n/a
19	66	n/a
19	67	n/a
19	68	n/a
19	69	n/a
19	70	n/a
19	71	n/a
19	72	n/a
19	73	n/a
19	74	n/a
19	75	n/a
19	76	n/a
19	77	n/a
19	78	n/a
19	79	n/a
19	80	n/a
19	81	n/a
19	82	n/a
19	83	n/a
20	0	n/a
20	1	n/a
20	2	n/a
20	3	0.05733722619354237
20	4	n/a
20	5	n/a
20	6	n/a
20	7	n/a
20	8	n/a
20	9	0.0029550824590649067
20	10	n/a
20	11	n/a
20	12	n/a
20	13	0.005622934502078501
20	14	n/a
20	15	n/a
20	16	0.00884321581713039
20	17	n/a
20	18	n/a
20	19	n/a
20	20	n/a
20	21	n/a
20	22	n/a
20	23	0.008913238393032681
20	24	n/a
20	25	n/a
20	26	n/a
20	27	0.06143887327517861
20	28	0.002053935202157961
20	29	0.014951731884381907
20	30	n/a
20	31	n/a
20	32	0.0027835200704306585
20	33	0.008224410885854112
20	34	0.09238677309582428
20	35	n/a
20	36	n/a
20	37	0.03807479207454379
20	38	0.09062877645620931
20	39	n/a
20	40	n/a
20	41	n/a
20	42	n/a
20	43	0.015249227980876332
20	44	n/a
20	45	n/a
20	46	n/a
20	47	n/a
20	48	n/a
20	49	0.03792546077790533
20	50	n/a
20	51	n/a
20	52	n/a
20	53	n/a
20	54	n/a
20	55	n/a
20	56	n/a
20	57	n/a
20	58	0.1071165986474554
20	59	0.17120906595137028
20	60	0.0576525821263188
20	61	n/a
20	62	n/a
20	63	0.07243520659488134
20	64	0.006901780103982326
20	65	0.08400750095699877
20	66	n/a
20	67	n/a
20	68	n/a
20	69	0.054965608682810016
20	70	0.03487745383635815
20	71	0.008117150974851054
20	72	0.03711912333058577
20	73	0.07801783957541894
20	74	n/a
20	75	n/a
20	76	0.025063243174891406
20	77	0.01613116005382025
20	78	n/a
20	79	0.005277941021206773
20	80	0.1319945081998872
20	81	n/a
20	82	n/a
20	83	0.10846347668621349
21	0	n/a
21	1	n/a
21	2	n/a
21	3	n/a
21	4	n/a
21	5	n/a
21	6	n/a
21	7	n/a
21	8	n/a
21	9	n/a
21	10	n/a
21	11	n/a
21	12	n/a
21	13	n/a
21	14	n/a
21	15	n/a
21	16	n/a
21	17	n/a
21	18	n/a
21	19	n/a
21	20	n/a
21	21	n/a
21	22	n/a
21	23	n/a
21	24	n/a
21	25	n/a
21	26	n/a
21	27	n/a
21	28	n/a
21	29	n/a
21	30	n/a
21	31	n/a
21	32	n/a
21	33	n/a
21	34	n/a
21	35	n/a
21	36	n/a
21	37	n/a
21	38	n/a
21	39	n/a
21	40	n/a
21	41	n/a
21	42	n/a
21	43	n/a
21	44	n/a
21	45	n/a
21	46	n/a
21	47	n/a
21	48	n/a
21	49	n/a
21	50	n/a
21	51	n/a
21	52	n/a
21	53	n/a
21	54	n/a
21	55	n/a
21	56	n/a
21	57	n/a
21	58	n/a
21	59	n/a
21	60	n/a
21	61	n/a
21	62	n/a
21	63	n/a
21	64	n/a
21	65	n/a
21	66	n/a
21	67	n/a
21	68	n/a
21	69	n/a
21	70	n/a
21	71	n/a
21	72	n/a
21	73	n/a
21	74	n/a
21	75	n/a
21	76	n/a
21	77	n/a
21	78	n/a
21	79	n/a
21	80	n/a
21	81	n/a
21	82	n/a
21	83	n/a
22	0	n/a
22	1	n/a
22	2	n/a
22	3	0.0712799926962309
22	4	n/a
22	5	n/a
22	6	n/a
22	7	n/a
22	8	n/a
22	9	n/a
22	10	n/a
22	11	n/a
22	12	n/a
22	13	n/a
22	14	n/a
22	15	0.01646330734816749
22	16	0.04506884147723839
22	17	0.025844110234884986
22	18	n/a
22	19	n/a
22	20	n/a
22	21	n/a
22	22	0.013526978523405805
22	23	0.018603469374344057
22	24	n/a
22	25	n/a
22	26	n/a
22	27	n/a
22	28	n/a
22	29	n/a
22	30	0.14671946924871093
22	31	n/a
22	32	0.01887932695163791
22	33	0.0098752196200549
22	34	0.09196302086011415
22	35	n/a
22	36	n/a
22	37	n/a
22	38	0.05836884790612735
22	39	n/a
22	40	n/a
22	41	0.1101532285542374
22	42	n/a
22	43	n/a
22	44	0.015103840196236649
22	45	0.049228055327171755
22	46	n/a
22	47	n/a
22	48	0.16262363707782196
22	49	n/a
22	50	n/a
22	51	n/a
22	52	n/a
22	53	n/a
22	54	n/a
22	55	n/a
22	56	n/a
22	57	0.01799918648264525
22	58	n/a
22	59	n/a
22	60	0.0024738243610949637
22	61	n/a
22	62	n/a
22	63	0.10289967671738681
22	64	0.005716863234896337
22	65	0.030648217303309785
22	66	0.0835155036491215
22	67	6.798842524915958E-4
22	68	n/a
22	69	0.03955724225389491
22	70	0.0652585427864511
22	71	0.044430669012343195
22	72	0.0109153975856442
22	73	n/a
22	74	0.013432630669982158
22	75	n/a
22	76	0.03201481787859582
22	77	0.04769911743930868
22	78	n/a
22	79	0.04949678357026209
22	80	0.0722743593216535
22	81	0.035859200881047354
22	82	n/a
22	83	0.02190357865762834
23	0	0.07106707916133921
23	1	0.014779063326349753
23	2	n/a
23	3	n/a
23	4	n/a
23	5	n/a
23	6	n/a
23	7	n/a
23	8	n/a
23	9	n/a
23	10	n/a
23	11	n/a
23	12	n/a
23	13	0.010320585165676235
23	14	n/a
23	15	0.011880118843386541
23	16	0.01455499342187507
23	17	n/a
23	18	n/a
23	19	n/a
23	20	0.008913238393032681
23	21	n/a
23	22	0.018603469374344057
23	23	0.0417024066004566
23	24	n/a
23	25	n/a
23	26	n/a
23	27	0.02178048223386651
23	28	n/a
23	29	n/a
23	30	0.04869863808409309
23	31	0.012400683411141524
23	32	0.035989201831788074
23	33	0.00714706632437507
23	34	0.06513971269714705
23	35	n/a
23	36	n/a
23	37	n/a
23	38	0.10183340065997064
23	39	n/a
23	40	n/a
23	41	n/a
23	42	n/a
23	43	0.012969957965497355
23	44	0.03423956289941461
23	45	0.016913024433807676
23	46	n/a
23	47	n/a
23	48	n/a
23	49	0.09946208303588269
23	50	n/a
23	51	n/a
23	52	n/a
23	53	n/a
23	54	0.007671916483144223
23	55	n/a
23	56	n/a
23	57	0.02132774220309283
23	58	n/a
23	59	n/a
23	60	n/a
23	61	n/a
23	62	n/a
23	63	n/a
23	64	0.05625435193683933
23	65	0.12691114587939056
23	66	n/a
23	67	0.04147087581893429
23	68	n/a
23	69	n/a
23	70	0.00814164639785062
23	71	0.02427788048975973
23	72	0.03507392076469024
23	73	n/a
23	74	n/a
23	75	0.013024939305389593
23	76	n/a
23	77	0.08154502383585764
23	78	0.03557443140593776
23	79	n/a
23	80	0.10017663554723648
23	81	n/a
23	82	0.08499263550853983
23	83	0.04257448175175822
24	0	n/a
24	1	n/a
24	2	n/a
24	3	n/a
24	4	n/a
24	5	n/a
24	6	n/a
24	7	n/a
24	8	n/a
24	9	n/a
24	10	n/a
24	11	n/a
24	12	n/a
24	13	n/a
24	14	n/a
24	15	n/a
24	16	n/a
24	17	n/a
24	18	n/a
24	19	n/a
24	20	n/a
24	21	n/a
24	22	n/a
24	23	n/a
24	24	n/a
24	25	n/a
24	26	n/a
24	27	n/a
24	28	n/a
24	29	n/a
24	30	n/a
24	31	n/a
24	32	n/a
24	33	n/a
24	34	n/a
24	35	n/a
24	36	n/a
24	37	n/a
24	38	n/a
24	39	n/a
24	40	n/a
24	41	n/a
24	42	n/a
24	43	n/a
24	44	n/a
24	45	n/a
24	46	n/a
24	47	n/a
24	48	n/a
24	49	n/a
24	50	n/a
24	51	n/a
24	52	n/a
24	53	n/a
24	54	n/a
24	55	n/a
24	56	n/a
24	57	n/a
24	58	n/a
24	59	n/a
24	60	n/a
24	61	n/a
24	62	n/a
24	63	n/a
24	64	n/a
24	65	n/a
24	66	n/a
24	67	n/a
24	68	n/a
24	69	n/a
24	70	n/a
24	71	n/a
24	72	n/a
24	73	n/a
24	74	n/a
24	75	n/a
24	76	n/a
24	77	n/a
24	78	n/a
24	79	n/a
24	80	n/a
24	81	n/a
24	82	n/a
24	83	n/a
25	0	n/a
25	1	n/a
25	2	n/a
25	3	0.15449016848553573
25	4	n/a
25	5	n/a
25	6	n/a
25	7	n/a
25	8	n/a
25	9	n/a
25	10	n/a
25	11	n/a
25	12	n/a
25	13	n/a
25	14	n/a
25	15	n/a
25	16	n/a
25	17	n/a
25	18	n/a
25	19	n/a
25	20	n/a
25	21	n/a
25	22	n/a
25	23	n/a
25	24	n/a
25	25	n/a
25	26	n/a
25	27	n/a
25	28	0.01543925467603016
25	29	n/a
25	30	n/a
25	31	n/a
25	32	0.10401581279570231
25	33	n/a
25	34	n/a
25	35	n/a
25	36	n/a
25	37	n/a
25	38	n/a
25	39	n/a
25	40	n/a
25	41	n/a
25	42	n/a
25	43	n/a
25	44	n/a
25	45	0.042077483133083515
25	46	n/a
25	47	n/a
25	48	n/a
25	49	0.09152813768097073
25	50	n/a
25	51	n/a
25	52	n/a
25	53	n/a
25	54	n/a
25	55	n/a
25	56	n/a
25	57	0.1771429970724586
25	58	n/a
25	59	n/a
25	60	0.15593089110082817
25	61	4.0854581636348E-4
25	62	n/a
25	63	0.04081925103485692
25	64	n/a
25	65	n/a
25	66	n/a
25	67	n/a
25	68	0.08494033388313885
25	69	n/a
25	70	0.03533368900396849
25	71	n/a
25	72	n/a
25	73	0.010704207485872147
25	74	n/a
25	75	n/a
25	76	n/a
25	77	0.00818553409548987
25	78	n/a
25	79	n/a
25	80	n/a
25	81	n/a
25	82	n/a
25	83	n/a
26	0	n/a
26	1	n/a
26	2	n/a
26	3	n/a
26	4	n/a
26	5	n/a
26	6	n/a
26	7	n/a
26	8	n/a
26	9	n/a
26	10	n/a
26	11	n/a
26	12	n/a
26	13	n/a
26	14	n/a
26	15	n/a
26	16	n/a
26	17	n/a
26	18	n/a
26	19	n/a
26	20	n/a
26	21	n/a
26	22	n/a
26	23	n/a
26	24	n/a
26	25	n/a
26	26	n/a
26	27	n/a
26	28	n/a
26	29	n/a
26	30	n/a
26	31	n/a
26	32	n/a
26	33	n/a
26	34	n/a
26	35	n/a
26	36	n/a
26	37	n/a
26	38	n/a
26	39	n/a
26	40	n/a
26	41	n/a
26	42	n/a
26	43	n/a
26	44	n/a
26	45	n/a
26	46	n/a
26	47	n/a
26	48	n/a
26	49	n/a
26	50	n/a
26	51	n/a
26	52	n/a
26	53	n/a
26	54	n/a
26	55	n/a
26	56	n/a
26	57	n/a
26	58	n/a
26	59	n/a
26	60	n/a
26	61	n/a
26	62	n/a
26	63	n/a
26	64	n/a
26	65	n/a
26	66	n/a
26	67	n/a
26	68	n/a
26	69	n/a
26	70	n/a
26	71	n/a
26	72	n/a
26	73	n/a
26	74	n/a
26	75	n/a
26	76	n/a
26	77	n/a
26	78	n/a
26	79	n/a
26	80	n/a
26	81	n/a
26	82	n/a
26	83	n/a
27	0	n/a
27	1	n/a
27	2	n/a
27	3	n/a
27	4	n/a
27	5	n/a
27	6	n/a
27	7	n/a
27	8	n/a
27	9	0.007103302971110559
27	10	n/a
27	11	n/a
27	12	n/a
27	13	1.943929328666661E-4
27	14	n/a
27	15	n/a
27	16	n/a
27	17	n/a
27	18	n/a
27	19	n/a
27	20	0.06143887327517861
27	21	n/a
27	22	n/a
27	23	0.02178048223386651
27	24	n/a
27	25	n/a
27	26	n/a
27	27	0.030381643884715044
27	28	0.006639904327262233
27	29	0.01793273085672217
27	30	n/a
27	31	n/a
27	32	n/a
27	33	n/a
27	34	0.056591986528070265
27	35	n/a
27	36	n/a
27	37	n/a
27	38	0.03448778603405422
27	39	n/a
27	40	n/a
27	41	0.025860019874194375
27	42	n/a
27	43	n/a
27	44	0.04345841060460668
27	45	0.01107831388883547
27	46	n/a
27	47	n/a
27	48	0.07135406864968616
27	49	n/a
27	50	n/a
27	51	n/a
27	52	n/a
27	53	n/a
27	54	n/a
27	55	n/a
27	56	n/a
27	57	n/a
27	58	n/a
27	59	n/a
27	60	n/a
27	61	0.151632550942482
27	62	0.012951390534267693
27	63	0.12037666354157081
27	64	0.01326786204823642
27	65	0.07669089032748505
27	66	n/a
27	67	0.08843257089380611
27	68	n/a
27	69	0.0431826893377983
27	70	0.02420189622101361
27	71	n/a
27	72	n/a
27	73	0.09413567331541288
27	74	n/a
27	75	n/a
27	76	n/a
27	77	0.03398725915560127
27	78	0.03427379230458531
27	79	n/a
27	80	0.055849302944617124
27	81	n/a
27	82	n/a
27	83	n/a
28	0	n/a
28	1	0.002356951016061054
28	2	n/a
28	3	n/a
28	4	n/a
28	5	n/a
28	6	n/a
28	7	n/a
28	8	n/a
28	9	0.023041604697187815
28	10	n/a
28	11	n/a
28	12	n/a
28	13	0.06895312136480457
28	14	n/a
28	15	n/a
28	16	n/a
28	17	n/a
28	18	n/a
28	19	n/a
28	20	0.002053935202157961
28	21	n/a
28	22	n/a
28	23	n/a
28	24	n/a
28	25	0.01543925467603016
28	26	n/a
28	27	0.006639904327262233
28	28	0.03189839924396569
28	29	n/a
28	30	n/a
28	31	0.04361338885194203
28	32	0.031121142324871395
28	33	n/a
28	34	0.07172550918515326
28	35	n/a
28	36	n/a
28	37	n/a
28	38	0.0036812073013354363
28	39	n/a
28	40	n/a
28	41	n/a
28	42	n/a
28	43	0.08613609159573925
28	44	0.07465603753920777
28	45	n/a
28	46	n/a
28	47	n/a
28	48	n/a
28	49	n/a
28	50	n/a
28	51	n/a
28	52	n/a
28	53	n/a
28	54	0.017276569761503244
28	55	n/a
28	56	n/a
28	57	n/a
28	58	n/a
28	59	n/a
28	60	n/a
28	61	n/a
28	62	n/a
28	63	n/a
28	64	n/a
28	65	0.16965836122134836
28	66	n/a
28	67	0.01530187823160425
28	68	n/a
28	69	0.027027902660300893
28	70	0.09648940208732944
28	71	n/a
28	72	0.023385271069750923
28	73	0.0241555420788119
28	74	n/a
28	75	0.07613237109903255
28	76	n/a
28	77	n/a
28	78	n/a
28	79	n/a
28	80	n/a
28	81	n/a
28	82	0.03220157559934153
28	83	n/a
29	0	n/a
29	1	n/a
29	2	n/a
29	3	0.07369806473241873
29	4	n/a
29	5	n/a
29	6	n/a
29	7	n/a
29	8	n/a
29	9	0.027762316576940574
29	10	n/a
29	11	n/a
29	12	n/a
29	13	n/a
29	14	n/a
29	15	n/a
29	16	n/a
29	17	0.04728414948836527
29	18	n/a
29	19	n/a
29	20	0.014951731884381907
29	21	n/a
29	22	n/a
29	23	n/a
29	24	n/a
29	25	n/a
29	26	n/a
29	27	0.01793273085672217
29	28	n/a
29	29	0.016172539846450004
29	30	n/a
29	31	n/a
29	32	n/a
29	33	0.03851516124964578
29	34	0.02266113283724822
29	35	n/a
29	36	n/a
29	37	0.044077112715821515
29	38	0.09238542922623132
29	39	n/a
29	40	n/a
29	41	0.03347927913616212
29	42	n/a
29	43	0.07003854283633648
29	44	n/a
29	45	n/a
29	46	n/a
29	47	n/a
29	48	0.020352676820410694
29	49	n/a
29	50	n/a
29	51	n/a
29	52	n/a
29	53	n/a
29	54	n/a
29	55	n/a
29	56	n/a
29	57	n/a
29	58	0.0653507181428272
29	59	n/a
29	60	0.04398631240022197
29	61	n/a
29	62	n/a
29	63	0.05876110240596518
29	64	0.015967152844628407
29	65	n/a
29	66	n/a
29	67	n/a
29	68	0.030725372078876812
29	69	0.015405260715136194
29	70	n/a
29	71	n/a
29	72	0.027214549875184502
29	73	0.06480589321731466
29	74	0.02730697442452386
29	75	n/a
29	76	0.02774074696611741
29	77	0.018905245920765597
29	78	n/a
29	79	0.05939106386425585
29	80	0.11140433389009911
29	81	n/a
29	82	0.03489891656107029
29	83	n/a
30	0	0.04919077481822634
30	1	0.09907204540955807
30	2	n/a
30	3	n/a
30	4	n/a
30	5	n/a
30	6	0.14953062454342336
30	7	n/a
30	8	n/a
30	9	0.18773472402337926
30	10	n/a
30	11	n/a
30	12	n/a
30	13	n/a
30	14	n/a
30	15	n/a
30	16	n/a
30	17	n/a
30	18	n/a
30	19	n/a
30	20	n/a
30	21	n/a
30	22	0.14671946924871093
30	23	0.04869863808409309
30	24	n/a
30	25	n/a
30	26	n/a
30	27	n/a
30	28	n/a
30	29	n/a
30	30	0.0156415986682533
30	31	n/a
30	32	0.14710102253120574
30	33	n/a
30	34	n/a
30	35	n/a
30	36	n/a
30	37	0.03413989396209903
30	38	n/a
30	39	n/a
30	40	n/a
30	41	n/a
30	42	n/a
30	43	0.008613716721957598
30	44	n/a
30	45	0.17096795706501233
30	46	n/a
30	47	n/a
30	48	n/a
30	49	n/a
30	50	n/a
30	51	n/a
30	52	n/a
30	53	n/a
30	54	0.051435837472621974
30	55	n/a
30	56	n/a
30	57	n/a
30	58	0.11893661042243807
30	59	n/a
30	60	0.011142393549341142
30	61	0.03312250777483366
30	62	0.0453357473185698
30	63	0.12528580015584823
30	64	n/a
30	65	n/a
30	66	n/a
30	67	0.06429298522824102
30	68	n/a
30	69	n/a
30	70	0.05468304264769088
30	71	n/a
30	72	n/a
30	73	n/a
30	74	0.06576307766142549
30	75	0.00199222737670424
30	76	n/a
30	77	n/a
30	78	n/a
30	79	n/a
30	80	0.08502469853365811
30	81	0.0
30	82	0.11776470737130097
30	83	0.011523687352577253
31	0	0.02631851828950596
31	1	n/a
31	2	n/a
31	3	0.022664762316016957
31	4	n/a
31	5	n/a
31	6	n/a
31	7	n/a
31	8	n/a
31	9	n/a
31	10	n/a
31	11	n/a
31	12	n/a
31	13	n/a
31	14	n/a
31	15	0.01524976970434225
31	16	0.03291469724614116
31	17	1.6195322602306008E-4
31	18	n/a
31	19	n/a
31	20	n/a
31	21	n/a
31	22	n/a
31	23	0.012400683411141524
31	24	n/a
31	25	n/a
31	26	n/a
31	27	n/a
31	28	0.04361338885194203
31	29	n/a
31	30	n/a
31	31	0.01769328641443222
31	32	n/a
31	33	0.12028944175071371
31	34	n/a
31	35	n/a
31	36	n/a
31	37	0.043349233868139804
31	38	0.17589369424824583
31	39	n/a
31	40	n/a
31	41	0.09112890992001561
31	42	n/a
31	43	n/a
31	44	0.03531296856019026
31	45	n/a
31	46	n/a
31	47	n/a
31	48	n/a
31	49	0.0518924363964961
31	50	n/a
31	51	n/a
31	52	n/a
31	53	n/a
31	54	n/a
31	55	n/a
31	56	n/a
31	57	n/a
31	58	0.011813545953816082
31	59	n/a
31	60	0.1587270789942675
31	61	n/a
31	62	n/a
31	63	0.02413885152621196
31	64	0.13063200173913547
31	65	0.0
31	66	0.05653555635989886
31	67	0.0
31	68	n/a
31	69	n/a
31	70	n/a
31	71	n/a
31	72	n/a
31	73	0.02160093471649834
31	74	n/a
31	75	n/a
31	76	0.044469297526595696
31	77	n/a
31	78	n/a
31	79	n/a
31	80	0.0895221730458384
31	81	0.0
31	82	n/a
31	83	n/a
32	0	0.06499060590804799
32	1	n/a
32	2	n/a
32	3	0.10482471381318216
32	4	n/a
32	5	n/a
32	6	n/a
32	7	n/a
32	8	n/a
32	9	0.030213251695541753
32	10	n/a
32	11	n/a
32	12	n/a
32	13	0.03271229329528708
32	14	n/a
32	15	0.05006520820818058
32	16	0.020709187456618487
32	17	0.015610683327060743
32	18	n/a
32	19	n/a
32	20	0.0027835200704306585
32	21	n/a
32	22	0.01887932695163791
32	23	0.035989201831788074
32	24	n/a
32	25	0.10401581279570231
32	26	n/a
32	27	n/a
32	28	0.031121142324871395
32	29	n/a
32	30	0.14710102253120574
32	31	n/a
32	32	0.0017799601938659451
32	33	0.02824854122478799
32	34	0.06756477126704014
32	35	n/a
32	36	n/a
32	37	0.042768598581205665
32	38	n/a
32	39	n/a
32	40	n/a
32	41	n/a
32	42	n/a
32	43	0.07709331329948106
32	44	0.01814819039399762
32	45	n/a
32	46	n/a
32	47	n/a
32	48	n/a
32	49	n/a
32	50	n/a
32	51	n/a
32	52	n/a
32	53	n/a
32	54	n/a
32	55	n/a
32	56	n/a
32	57	0.015822824016184282
32	58	n/a
32	59	n/a
32	60	0.001429226793470431
32	61	n/a
32	62	n/a
32	63	n/a
32	64	0.050847355189443236
32	65	n/a
32	66	0.0
32	67	0.07069285100915694
32	68	0.07743927092008057
32	69	n/a
32	70	n/a
32	71	n/a
32	72	0.10347832037080103
32	73	n/a
32	74	n/a
32	75	0.12895487869322475
32	76	0.05667857030494192
32	77	n/a
32	78	n/a
32	79	0.0
32	80	n/a
32	81	n/a
32	82	n/a
32	83	n/a
33	0	n/a
33	1	0.08213396649107883
33	2	n/a
33	3	0.04722411513854407
33	4	n/a
33	5	n/a
33	6	0.04100811798989145
33	7	n/a
33	8	n/a
33	9	0.03586288095789806
33	10	n/a
33	11	n/a
33	12	n/a
33	13	0.0071523929108714066
33	14	n/a
33	15	0.01227846378614213
33	16	0.10502165574139592
33	17	0.0623601153963301
33	18	n/a
33	19	n/a
33	20	0.008224410885854112
33	21	n/a
33	22	0.0098752196200549
33	23	0.00714706632437507
33	24	n/a
33	25	n/a
33	26	n/a
33	27	n/a
33	28	n/a
33	29	0.03851516124964578
33	30	n/a
33	31	0.12028944175071371
33	32	0.02824854122478799
33	33	0.06860397473720319
33	34	0.11796199010656272
33	35	n/a
33	36	n/a
33	37	0.050175189539575435
33	38	n/a
33	39	n/a
33	40	n/a
33	41	n/a
33	42	n/a
33	43	n/a
33	44	0.10061185854112858
33	45	n/a
33	46	n/a
33	47	n/a
33	48	n/a
33	49	n/a
33	50	n/a
33	51	n/a
33	52	n/a
33	53	n/a
33	54	n/a
33	55	n/a
33	56	n/a
33	57	n/a
33	58	n/a
33	59	0.058053402412638164
33	60	0.040756089538006676
33	61	n/a
33	62	n/a
33	63	0.13134644239188475
33	64	0.02296900790010872
33	65	n/a
33	66	n/a
33	67	n/a
33	68	n/a
33	69	n/a
33	70	0.031304903427305235
33	71	n/a
33	72	n/a
33	73	0.10971293115788305
33	74	0.0073721422630323745
33	75	n/a
33	76	n/a
33	77	n/a
33	78	n/a
33	79	n/a
33	80	0.0744308908974185
33	81	n/a
33	82	n/a
33	83	0.0682392376662324
34	0	0.004662844114325941
34	1	n/a
34	2	n/a
34	3	n/a
34	4	n/a
34	5	n/a
34	6	n/a
34	7	n/a
34	8	n/a
34	9	0.014136808260547768
34	10	n/a
34	11	n/a
34	12	n/a
34	13	0.16700799658659515
34	14	n/a
34	15	n/a
34	16	0.021362210256245323
34	17	0.028313570871309215
34	18	n/a
34	19	n/a
34	20	0.09238677309582428
34	21	n/a
34	22	0.09196302086011415
34	23	0.06513971269714705
34	24	n/a
34	25	n/a
34	26	n/a
34	27	0.056591986528070265
34	28	0.07172550918515326
34	29	0.02266113283724822
34	30	n/a
34	31	n/a
34	32	0.06756477126704014
34	33	0.11796199010656272
34	34	0.0701249048805143
34	35	n/a
34	36	n/a
34	37	0.06383921754944802
34	38	n/a
34	39	n/a
34	40	n/a
34	41	n/a
34	42	n/a
34	43	n/a
34	44	n/a
34	45	0.08968060380235146
34	46	n/a
34	47	n/a
34	48	n/a
34	49	n/a
34	50	n/a
34	51	n/a
34	52	n/a
34	53	n/a
34	54	0.06919198298167625
34	55	n/a
34	56	n/a
34	57	n/a
34	58	n/a
34	59	n/a
34	60	0.05883959014437439
34	61	0.11792086931070062
34	62	n/a
34	63	0.04497275491986283
34	64	0.07979251411867684
34	65	n/a
34	66	n/a
34	67	0.15808555527098486
34	68	n/a
34	69	0.04434570615726009
34	70	0.12115342998382965
34	71	0.07407030112251771
34	72	0.04043991535678945
34	73	n/a
34	74	0.03556725031423175
34	75	0.01939362834663793
34	76	0.011127344445205065
34	77	n/a
34	78	0.12971025072324904
34	79	n/a
34	80	0.04299671015514614
34	81	n/a
34	82	n/a
34	83	0.07610572781802616
35	0	n/a
35	1	n/a
35	2	n/a
35	3	n/a
35	4	n/a
35	5	n/a
35	6	n/a
35	7	n/a
35	8	n/a
35	9	n/a
35	10	n/a
35	11	n/a
35	12	n/a
35	13	n/a
35	14	n/a
35	15	n/a
35	16	n/a
35	17	n/a
35	18	n/a
35	19	n/a
35	20	n/a
35	21	n/a
35	22	n/a
35	23	n/a
35	24	n/a
35	25	n/a
35	26	n/a
35	27	n/a
35	28	n/a
35	29	n/a
35	30	n/a
35	31	n/a
35	32	n/a
35	33	n/a
35	34	n/a
35	35	n/a
35	36	n/a
35	37	n/a
35	38	n/a
35	39	n/a
35	40	n/a
35	41	n/a
35	42	n/a
35	43	n/a
35	44	n/a
35	45	n/a
35	46	n/a
35	47	n/a
35	48	n/a
35	49	n/a
35	50	n/a
35	51	n/a
35	52	n/a
35	53	n/a
35	54	n/a
35	55	n/a
35	56	n/a
35	57	n/a
35	58	n/a
35	59	n/a
35	60	n/a
35	61	n/a
35	62	n/a
35	63	n/a
35	64	n/a
35	65	n/a
35	66	n/a
35	67	n/a
35	68	n/a
35	69	n/a
35	70	n/a
35	71	n/a
35	72	n/a
35	73	n/a
35	74	n/a
35	75	n/a
35	76	n/a
35	77	n/a
35	78	n/a
35	79	n/a
35	80	n/a
35	81	n/a
35	82	n/a
35	83	n/a
36	0	n/a
36	1	n/a
36	2	n/a
36	3	n/a
36	4	n/a
36	5	n/a
36	6	n/a
36	7	n/a
36	8	n/a
36	9	n/a
36	10	n/a
36	11	n/a
36	12	n/a
36	13	n/a
36	14	n/a
36	15	n/a
36	16	n/a
36	17	n/a
36	18	n/a
36	19	n/a
36	20	n/a
36	21	n/a
36	22	n/a
36	23	n/a
36	24	n/a
36	25	n/a
36	26	n/a
36	27	n/a
36	28	n/a
36	29	n/a
36	30	n/a
36	31	n/a
36	32	n/a
36	33	n/a
36	34	n/a
36	35	n/a
36	36	n/a
36	37	n/a
36	38	n/a
36	39	n/a
36	40	n/a
36	41	n/a
36	42	n/a
36	43	n/a
36	44	n/a
36	45	n/a
36	46	n/a
36	47	n/a
36	48	n/a
36	49	n/a
36	50	n/a
36	51	n/a
36	52	n/a
36	53	n/a
36	54	n/a
36	55	n/a
36	56	n/a
36	57	n/a
36	58	n/a
36	59	n/a
36	60	n/a
36	61	n/a
36	62	n/a
36	63	n/a
36	64	n/a
36	65	n/a
36	66	n/a
36	67	n/a
36	68	n/a
36	69	n/a
36	70	n/a
36	71	n/a
36	72	n/a
36	73	n/a
36	74	n/a
36	75	n/a
36	76	n/a
36	77	n/a
36	78	n/a
36	79	n/a
36	80	n/a
36	81	n/a
36	82	n/a
36	83	n/a
37	0	0.01850232927385743
37	1	0.05489870553078936
37	2	n/a
37	3	0.013013878277723998
37	4	n/a
37	5	n/a
37	6	0.0025747854304345565
37	7	n/a
37	8	n/a
37	9	0.02901471246179956
37	10	n/a
37	11	n/a
37	12	n/a
37	13	n/a
37	14	n/a
37	15	0.05318014546949804
37	16	0.09023929617897153
37	17	0.04230769303700405
37	18	n/a
37	19	n/a
37	20	0.03807479207454379
37	21	n/a
37	22	n/a
37	23	n/a
37	24	n/a
37	25	n/a
37	26	n/a
37	27	n/a
37	28	n/a
37	29	0.044077112715821515
37	30	0.03413989396209903
37	31	0.043349233868139804
37	32	0.042768598581205665
37	33	0.050175189539575435
37	34	0.06383921754944802
37	35	n/a
37	36	n/a
37	37	0.14636062428150742
37	38	0.10376292796525247
37	39	n/a
37	40	n/a
37	41	n/a
37	42	n/a
37	43	n/a
37	44	n/a
37	45	0.03469030624300628
37	46	n/a
37	47	n/a
37	48	0.14855646917412818
37	49	n/a
37	50	n/a
37	51	n/a
37	52	n/a
37	53	n/a
37	54	n/a
37	55	n/a
37	56	n/a
37	57	0.06874603920215704
37	58	n/a
37	59	n/a
37	60	n/a
37	61	0.003550229407403724
37	62	n/a
37	63	0.016570333770917794
37	64	0.0286712874071927
37	65	0.008753230446288748
37	66	n/a
37	67	n/a
37	68	0.08572268385811388
37	69	n/a
37	70	0.0551660187497738
37	71	0.019305146376342897
37	72	0.010540089596507053
37	73	n/a
37	74	0.011350293990649523
37	75	0.004936599696452813
37	76	0.006820035876767055
37	77	n/a
37	78	0.10483113801050911
37	79	0.04254802266507866
37	80	0.06322026922523812
37	81	0.0056200053275440535
37	82	0.07690510127508605
37	83	0.03600628346714355
38	0	n/a
38	1	n/a
38	2	n/a
38	3	0.07253269588156469
38	4	n/a
38	5	n/a
38	6	0.05604787305241444
38	7	n/a
38	8	n/a
38	9	n/a
38	10	n/a
38	11	n/a
38	12	n/a
38	13	0.03508095409107261
38	14	n/a
38	15	0.1346943813569552
38	16	n/a
38	17	0.0517012998200548
38	18	n/a
38	19	n/a
38	20	0.09062877645620931
38	21	n/a
38	22	0.05836884790612735
38	23	0.10183340065997064
38	24	n/a
38	25	n/a
38	26	n/a
38	27	0.03448778603405422
38	28	0.0036812073013354363
38	29	0.09238542922623132
38	30	n/a
38	31	0.17589369424824583
38	32	n/a
38	33	n/a
38	34	n/a
38	35	n/a
38	36	n/a
38	37	0.10376292796525247
38	38	0.04851408143993353
38	39	n/a
38	40	n/a
38	41	n/a
38	42	n/a
38	43	n/a
38	44	0.09352288527844933
38	45	n/a
38	46	n/a
38	47	n/a
38	48	n/a
38	49	n/a
38	50	n/a
38	51	n/a
38	52	n/a
38	53	n/a
38	54	n/a
38	55	n/a
38	56	n/a
38	57	0.07743059166927771
38	58	0.014581059826197429
38	59	n/a
38	60	0.0207971455229238
38	61	n/a
38	62	n/a
38	63	0.10582421796367715
38	64	n/a
38	65	n/a
38	66	n/a
38	67	n/a
38	68	0.0023526342097495863
38	69	n/a
38	70	n/a
38	71	n/a
38	72	0.10958831399858134
38	73	0.12171596604644726
38	74	n/a
38	75	n/a
38	76	0.04301576887571494
38	77	n/a
38	78	0.10663713563587376
38	79	n/a
38	80	0.05585414734145235
38	81	0.04318095386707183
38	82	n/a
38	83	n/a
39	0	n/a
39	1	n/a
39	2	n/a
39	3	n/a
39	4	n/a
39	5	n/a
39	6	n/a
39	7	n/a
39	8	n/a
39	9	n/a
39	10	n/a
39	11	n/a
39	12	n/a
39	13	n/a
39	14	n/a
39	15	n/a
39	16	n/a
39	17	n/a
39	18	n/a
39	19	n/a
39	20	n/a
39	21	n/a
39	22	n/a
39	23	n/a
39	24	n/a
39	25	n/a
39	26	n/a
39	27	n/a
39	28	n/a
39	29	n/a
39	30	n/a
39	31	n/a
39	32	n/a
39	33	n/a
39	34	n/a
39	35	n/a
39	36	n/a
39	37	n/a
39	38	n/a
39	39	n/a
39	40	n/a
39	41	n/a
39	42	n/a
39	43	n/a
39	44	n/a
39	45	n/a
39	46	n/a
39	47	n/a
39	48	n/a
39	49	n/a
39	50	n/a
39	51	n/a
39	52	n/a
39	53	n/a
39	54	n/a
39	55	n/a
39	56	n/a
39	57	n/a
39	58	n/a
39	59	n/a
39	60	n/a
39	61	n/a
39	62	n/a
39	63	n/a
39	64	n/a
39	65	n/a
39	66	n/a
39	67	n/a
39	68	n/a
39	69	n/a
39	70	n/a
39	71	n/a
39	72	n/a
39	73	n/a
39	74	n/a
39	75	n/a
39	76	n/a
39	77	n/a
39	78	n/a
39	79	n/a
39	80	n/a
39	81	n/a
39	82	n/a
39	83	n/a
40	0	n/a
40	1	n/a
40	2	n/a
40	3	n/a
40	4	n/a
40	5	n/a
40	6	n/a
40	7	n/a
40	8	n/a
40	9	n/a
40	10	n/a
40	11	n/a
40	12	n/a
40	13	n/a
40	14	n/a
40	15	n/a
40	16	n/a
40	17	n/a
40	18	n/a
40	19	n/a
40	20	n/a
40	21	n/a
40	22	n/a
40	23	n/a
40	24	n/a
40	25	n/a
40	26	n/a
40	27	n/a
40	28	n/a
40	29	n/a
40	30	n/a
40	31	n/a
40	32	n/a
40	33	n/a
40	34	n/a
40	35	n/a
40	36	n/a
40	37	n/a
40	38	n/a
40	39	n/a
40	40	n/a
40	41	n/a
40	42	n/a
40	43	n/a
40	44	n/a
40	45	n/a
40	46	n/a
40	47	n/a
40	48	n/a
40	49	n/a
40	50	n/a
40	51	n/a
40	52	n/a
40	53	n/a
40	54	n/a
40	55	n/a
40	56	n/a
40	57	n/a
40	58	n/a
40	59	n/a
40	60	n/a
40	61	n/a
40	62	n/a
40	63	n/a
40	64	n/a
40	65	n/a
40	66	n/a
40	67	n/a
40	68	n/a
40	69	n/a
40	70	n/a
40	71	n/a
40	72	n/a
40	73	n/a
40	74	n/a
40	75	n/a
40	76	n/a
40	77	n/a
40	78	n/a
40	79	n/a
40	80	n/a
40	81	n/a
40	82	n/a
40	83	n/a
41	0	0.12842101883331689
41	1	0.0897257682832347
41	2	n/a
41	3	0.12200301569272176
41	4	n/a
41	5	n/a
41	6	0.17790770717200816
41	7	n/a
41	8	n/a
41	9	n/a
41	10	n/a
41	11	n/a
41	12	n/a
41	13	0.008366896198806744
41	14	n/a
41	15	0.01960078643136071
41	16	n/a
41	17	n/a
41	18	n/a
41	19	n/a
41	20	n/a
41	21	n/a
41	22	0.1101532285542374
41	23	n/a
41	24	n/a
41	25	n/a
41	26	n/a
41	27	0.025860019874194375
41	28	n/a
41	29	0.03347927913616212
41	30	n/a
41	31	0.09112890992001561
41	32	n/a
41	33	n/a
41	34	n/a
41	35	n/a
41	36	n/a
41	37	n/a
41	38	n/a
41	39	n/a
41	40	n/a
41	41	n/a
41	42	n/a
41	43	n/a
41	44	0.062322380990630165
41	45	n/a
41	46	n/a
41	47	n/a
41	48	0.01524377408201398
41	49	0.06954260986386042
41	50	n/a
41	51	n/a
41	52	n/a
41	53	n/a
41	54	0.11977690257045183
41	55	n/a
41	56	n/a
41	57	n/a
41	58	0.05202660058507529
41	59	0.03166838258602702
41	60	0.053706565909131525
41	61	n/a
41	62	n/a
41	63	0.010748485586284063
41	64	n/a
41	65	n/a
41	66	n/a
41	67	n/a
41	68	0.021826282598843845
41	69	n/a
41	70	0.015720908407075598
41	71	n/a
41	72	n/a
41	73	0.09762611716157212
41	74	n/a
41	75	0.015810738530773468
41	76	0.04128190772892769
41	77	0.08232138682966736
41	78	0.03536790042975184
41	79	0.020776859608699468
41	80	n/a
41	81	0.02624890788065926
41	82	0.02741185098653819
41	83	n/a
42	0	n/a
42	1	n/a
42	2	n/a
42	3	n/a
42	4	n/a
42	5	n/a
42	6	n/a
42	7	n/a
42	8	n/a
42	9	n/a
42	10	n/a
42	11	n/a
42	12	n/a
42	13	n/a
42	14	n/a
42	15	n/a
42	16	n/a
42	17	n/a
42	18	n/a
42	19	n/a
42	20	n/a
42	21	n/a
42	22	n/a
42	23	n/a
42	24	n/a
42	25	n/a
42	26	n/a
42	27	n/a
42	28	n/a
42	29	n/a
42	30	n/a
42	31	n/a
42	32	n/a
42	33	n/a
42	34	n/a
42	35	n/a
42	36	n/a
42	37	n/a
42	38	n/a
42	39	n/a
42	40	n/a
42	41	n/a
42	42	n/a
42	43	n/a
42	44	n/a
42	45	n/a
42	46	n/a
42	47	n/a
42	48	n/a
42	49	n/a
42	50	n/a
42	51	n/a
42	52	n/a
42	53	n/a
42	54	n/a
42	55	n/a
42	56	n/a
42	57	n/a
42	58	n/a
42	59	n/a
42	60	n/a
42	61	n/a
42	62	n/a
42	63	n/a
42	64	n/a
42	65	n/a
42	66	n/a
42	67	n/a
42	68	n/a
42	69	n/a
42	70	n/a
42	71	n/a
42	72	n/a
42	73	n/a
42	74	n/a
42	75	n/a
42	76	n/a
42	77	n/a
42	78	n/a
42	79	n/a
42	80	n/a
42	81	n/a
42	82	n/a
42	83	n/a
43	0	0.004868840039138822
43	1	0.009129139280678248
43	2	n/a
43	3	0.06965471487733776
43	4	n/a
43	5	n/a
43	6	0.05647483730526002
43	7	n/a
43	8	n/a
43	9	0.031369197872127455
43	10	n/a
43	11	n/a
43	12	n/a
43	13	n/a
43	14	n/a
43	15	0.006873060081111706
43	16	0.015112985810943348
43	17	n/a
43	18	n/a
43	19	n/a
43	20	0.015249227980876332
43	21	n/a
43	22	n/a
43	23	0.012969957965497355
43	24	n/a
43	25	n/a
43	26	n/a
43	27	n/a
43	28	0.08613609159573925
43	29	0.07003854283633648
43	30	0.008613716721957598
43	31	n/a
43	32	0.07709331329948106
43	33	n/a
43	34	n/a
43	35	n/a
43	36	n/a
43	37	n/a
43	38	n/a
43	39	n/a
43	40	n/a
43	41	n/a
43	42	n/a
43	43	0.05632518930562385
43	44	n/a
43	45	0.02348958263159345
43	46	n/a
43	47	n/a
43	48	0.04936757544845101
43	49	n/a
43	50	n/a
43	51	n/a
43	52	n/a
43	53	n/a
43	54	0.0018700557891494483
43	55	n/a
43	56	n/a
43	57	0.1398236441015675
43	58	n/a
43	59	n/a
43	60	0.08220453167554335
43	61	n/a
43	62	n/a
43	63	n/a
43	64	0.08735021645829621
43	65	0.09184739828504329
43	66	n/a
43	67	0.03355490244417288
43	68	0.09533327097861992
43	69	0.03392272173089919
43	70	n/a
43	71	0.04445109742542997
43	72	n/a
43	73	0.08757177410362986
43	74	n/a
43	75	n/a
43	76	0.008739722884966402
43	77	0.008777718938112284
43	78	n/a
43	79	n/a
43	80	0.09295687727491284
43	81	0.022602039016415856
43	82	0.08133566355283323
43	83	n/a
44	0	n/a
44	1	0.024124300423913822
44	2	n/a
44	3	n/a
44	4	n/a
44	5	n/a
44	6	n/a
44	7	n/a
44	8	n/a
44	9	n/a
44	10	n/a
44	11	n/a
44	12	n/a
44	13	0.11438679910759326
44	14	n/a
44	15	n/a
44	16	0.03915505025860654
44	17	0.06797571317915639
44	18	n/a
44	19	n/a
44	20	n/a
44	21	n/a
44	22	0.015103840196236649
44	23	0.03423956289941461
44	24	n/a
44	25	n/a
44	26	n/a
44	27	0.04345841060460668
44	28	0.07465603753920777
44	29	n/a
44	30	n/a
44	31	0.03531296856019026
44	32	0.01814819039399762
44	33	0.10061185854112858
44	34	n/a
44	35	n/a
44	36	n/a
44	37	n/a
44	38	0.09352288527844933
44	39	n/a
44	40	n/a
44	41	0.062322380990630165
44	42	n/a
44	43	n/a
44	44	0.018671063077496698
44	45	0.057715735275505754
44	46	n/a
44	47	n/a
44	48	0.11236670576877217
44	49	0.019081877102631237
44	50	n/a
44	51	n/a
44	52	n/a
44	53	n/a
44	54	n/a
44	55	n/a
44	56	n/a
44	57	0.07884107484864998
44	58	5.868955683981577E-4
44	59	n/a
44	60	n/a
44	61	n/a
44	62	0.06408115975915508
44	63	0.1274334252494054
44	64	0.0739233958455588
44	65	0.10991124000651821
44	66	n/a
44	67	0.0019166651791832064
44	68	0.00422746575452842
44	69	0.045656155867422894
44	70	0.04557462864910295
44	71	0.029207821063335557
44	72	0.0482312508764854
44	73	0.033141986045467815
44	74	0.02796204873367175
44	75	0.04945423041735716
44	76	0.09098349316900523
44	77	0.09877591928498354
44	78	0.06349655254048736
44	79	n/a
44	80	0.12275766624341722
44	81	0.09135371525615223
44	82	0.1427234385080209
44	83	2.3758317778807176E-4
45	0	0.08851189409155194
45	1	n/a
45	2	n/a
45	3	0.08348688779022274
45	4	n/a
45	5	n/a
45	6	0.04258176197796258
45	7	n/a
45	8	n/a
45	9	0.1547484017241682
45	10	n/a
45	11	n/a
45	12	n/a
45	13	n/a
45	14	n/a
45	15	n/a
45	16	n/a
45	17	0.06976395698057826
45	18	n/a
45	19	n/a
45	20	n/a
45	21	n/a
45	22	0.049228055327171755
45	23	0.016913024433807676
45	24	n/a
45	25	0.042077483133083515
45	26	n/a
45	27	0.01107831388883547
45	28	n/a
45	29	n/a
45	30	0.17096795706501233
45	31	n/a
45	32	n/a
45	33	n/a
45	34	0.08968060380235146
45	35	n/a
45	36	n/a
45	37	0.03469030624300628
45	38	n/a
45	39	n/a
45	40	n/a
45	41	n/a
45	42	n/a
45	43	0.02348958263159345
45	44	0.057715735275505754
45	45	0.07044566456867801
45	46	n/a
45	47	n/a
45	48	0.07991784469664531
45	49	0.13746045780719038
45	50	n/a
45	51	n/a
45	52	n/a
45	53	n/a
45	54	n/a
45	55	n/a
45	56	n/a
45	57	0.04303588153697192
45	58	0.025328163530760894
45	59	0.04094649953852014
45	60	0.006095110030228445
45	61	n/a
45	62	0.024907280849591897
45	63	0.03226563803211914
45	64	0.1401121159993351
45	65	0.15736753865416855
45	66	0.07491247097221684
45	67	0.08909628043971335
45	68	n/a
45	69	0.15697707931564728
45	70	0.10184173617713287
45	71	0.12435394350180728
45	72	0.08658358518186869
45	73	n/a
45	74	0.04887401664882589
45	75	0.09403336102482907
45	76	0.13129554187170867
45	77	n/a
45	78	0.1290698096314886
45	79	0.014476229547185216
45	80	0.11882977902127168
45	81	0.11699286192359183
45	82	0.17159229365747047
45	83	0.024471679757773666
46	0	n/a
46	1	n/a
46	2	n/a
46	3	n/a
46	4	n/a
46	5	n/a
46	6	n/a
46	7	n/a
46	8	n/a
46	9	n/a
46	10	n/a
46	11	n/a
46	12	n/a
46	13	n/a
46	14	n/a
46	15	n/a
46	16	n/a
46	17	n/a
46	18	n/a
46	19	n/a
46	20	n/a
46	21	n/a
46	22	n/a
46	23	n/a
46	24	n/a
46	25	n/a
46	26	n/a
46	27	n/a
46	28	n/a
46	29	n/a
46	30	n/a
46	31	n/a
46	32	n/a
46	33	n/a
46	34	n/a
46	35	n/a
46	36	n/a
46	37	n/a
46	38	n/a
46	39	n/a
46	40	n/a
46	41	n/a
46	42	n/a
46	43	n/a
46	44	n/a
46	45	n/a
46	46	n/a
46	47	n/a
46	48	n/a
46	49	n/a
46	50	n/a
46	51	n/a
46	52	n/a
46	53	n/a
46	54	n/a
46	55	n/a
46	56	n/a
46	57	n/a
46	58	n/a
46	59	n/a
46	60	n/a
46	61	n/a
46	62	n/a
46	63	n/a
46	64	n/a
46	65	n/a
46	66	n/a
46	67	n/a
46	68	n/a
46	69	n/a
46	70	n/a
46	71	n/a
46	72	n/a
46	73	n/a
46	74	n/a
46	75	n/a
46	76	n/a
46	77	n/a
46	78	n/a
46	79	n/a
46	80	n/a
46	81	n/a
46	82	n/a
46	83	n/a
47	0	n/a
47	1	n/a
47	2	n/a
47	3	n/a
47	4	n/a
47	5	n/a
47	6	n/a
47	7	n/a
47	8	n/a
47	9	n/a
47	10	n/a
47	11	n/a
47	12	n/a
47	13	n/a
47	14	n/a
47	15	n/a
47	16	n/a
47	17	n/a
47	18	n/a
47	19	n/a
47	20	n/a
47	21	n/a
47	22	n/a
47	23	n/a
47	24	n/a
47	25	n/a
47	26	n/a
47	27	n/a
47	28	n/a
47	29	n/a
47	30	n/a
47	31	n/a
47	32	n/a
47	33	n/a
47	34	n/a
47	35	n/a
47	36	n/a
47	37	n/a
47	38	n/a
47	39	n/a
47	40	n/a
47	41	n/a
47	42	n/a
47	43	n/a
47	44	n/a
47	45	n/a
47	46	n/a
47	47	n/a
47	48	n/a
47	49	n/a
47	50	n/a
47	51	n/a
47	52	n/a
47	53	n/a
47	54	n/a
47	55	n/a
47	56	n/a
47	57	n/a
47	58	n/a
47	59	n/a
47	60	n/a
47	61	n/a
47	62	n/a
47	63	n/a
47	64	n/a
47	65	n/a
47	66	n/a
47	67	n/a
47	68	n/a
47	69	n/a
47	70	n/a
47	71	n/a
47	72	n/a
47	73	n/a
47	74	n/a
47	75	n/a
47	76	n/a
47	77	n/a
47	78	n/a
47	79	n/a
47	80	n/a
47	81	n/a
47	82	n/a
47	83	n/a
48	0	0.021922780883196533
48	1	n/a
48	2	n/a
48	3	n/a
48	4	n/a
48	5	n/a
48	6	0.06447969030638734
48	7	n/a
48	8	n/a
48	9	0.09405335336396331
48	10	n/a
48	11	n/a
48	12	n/a
48	13	n/a
48	14	n/a
48	15	n/a
48	16	0.04756342515946632
48	17	n/a
48	18	n/a
48	19	n/a
48	20	n/a
48	21	n/a
48	22	0.1626236370778234
48	23	n/a
48	24	n/a
48	25	n/a
48	26	n/a
48	27	0.07135406864968567
48	28	n/a
48	29	0.02035267682041115
48	30	n/a
48	31	n/a
48	32	n/a
48	33	n/a
48	34	n/a
48	35	n/a
48	36	n/a
48	37	0.14855646917412785
48	38	n/a
48	39	n/a
48	40	n/a
48	41	0.015243774082014432
48	42	n/a
48	43	0.049367575448450295
48	44	0.11236670576877308
48	45	0.07991784469664892
48	46	n/a
48	47	n/a
48	48	0.11894042521678347
48	49	n/a
48	50	n/a
48	51	n/a
48	52	n/a
48	53	n/a
48	54	0.051378815685784285
48	55	n/a
48	56	n/a
48	57	0.14293486730784855
48	58	0.06505883754571773
48	59	n/a
48	60	n/a
48	61	n/a
48	62	n/a
48	63	0.08726869866328038
48	64	n/a
48	65	0.016510399649980967
48	66	n/a
48	67	0.1532557385822656
48	68	0.09512838347832542
48	69	0.08548010109673147
48	70	0.1643281180697002
48	71	0.018561068325935626
48	72	n/a
48	73	0.19353180819617372
48	74	n/a
48	75	n/a
48	76	n/a
48	77	0.06782259119253375
48	78	n/a
48	79	n/a
48	80	0.10252419405570334
48	81	-2.7755575615628914E-16
48	82	n/a
48	83	n/a
49	0	n/a
49	1	n/a
49	2	n/a
49	3	0.03902147741213459
49	4	n/a
49	5	n/a
49	6	n/a
49	7	n/a
49	8	n/a
49	9	n/a
49	10	n/a
49	11	n/a
49	12	n/a
49	13	0.005153830406650852
49	14	n/a
49	15	0.01863971129289353
49	16	n/a
49	17	n/a
49	18	n/a
49	19	n/a
49	20	0.03792546077790533
49	21	n/a
49	22	n/a
49	23	0.09946208303588269
49	24	n/a
49	25	0.09152813768097073
49	26	n/a
49	27	n/a
49	28	n/a
49	29	n/a
49	30	n/a
49	31	0.0518924363964961
49	32	n/a
49	33	n/a
49	34	n/a
49	35	n/a
49	36	n/a
49	37	n/a
49	38	n/a
49	39	n/a
49	40	n/a
49	41	0.06954260986386042
49	42	n/a
49	43	n/a
49	44	0.019081877102631237
49	45	0.13746045780719038
49	46	n/a
49	47	n/a
49	48	n/a
49	49	n/a
49	50	n/a
49	51	n/a
49	52	n/a
49	53	n/a
49	54	n/a
49	55	n/a
49	56	n/a
49	57	n/a
49	58	n/a
49	59	n/a
49	60	n/a
49	61	n/a
49	62	n/a
49	63	n/a
49	64	0.1047633925402927
49	65	n/a
49	66	0.01644013064768724
49	67	0.021263109620748583
49	68	n/a
49	69	0.016469165130291813
49	70	n/a
49	71	n/a
49	72	0.04116218922136872
49	73	0.0655788440461278
49	74	n/a
49	75	n/a
49	76	0.02068970336007113
49	77	n/a
49	78	n/a
49	79	n/a
49	80	n/a
49	81	n/a
49	82	0.042425171784030075
49	83	n/a
50	0	n/a
50	1	n/a
50	2	n/a
50	3	n/a
50	4	n/a
50	5	n/a
50	6	n/a
50	7	n/a
50	8	n/a
50	9	n/a
50	10	n/a
50	11	n/a
50	12	n/a
50	13	n/a
50	14	n/a
50	15	n/a
50	16	n/a
50	17	n/a
50	18	n/a
50	19	n/a
50	20	n/a
50	21	n/a
50	22	n/a
50	23	n/a
50	24	n/a
50	25	n/a
50	26	n/a
50	27	n/a
50	28	n/a
50	29	n/a
50	30	n/a
50	31	n/a
50	32	n/a
50	33	n/a
50	34	n/a
50	35	n/a
50	36	n/a
50	37	n/a
50	38	n/a
50	39	n/a
50	40	n/a
50	41	n/a
50	42	n/a
50	43	n/a
50	44	n/a
50	45	n/a
50	46	n/a
50	47	n/a
50	48	n/a
50	49	n/a
50	50	n/a
50	51	n/a
50	52	n/a
50	53	n/a
50	54	n/a
50	55	n/a
50	56	n/a
50	57	n/a
50	58	n/a
50	59	n/a
50	60	n/a
50	61	n/a
50	62	n/a
50	63	n/a
50	64	n/a
50	65	n/a
50	66	n/a
50	67	n/a
50	68	n/a
50	69	n/a
50	70	n/a
50	71	n/a
50	72	n/a
50	73	n/a
50	74	n/a
50	75	n/a
50	76	n/a
50	77	n/a
50	78	n/a
50	79	n/a
50	80	n/a
50	81	n/a
50	82	n/a
50	83	n/a
51	0	n/a
51	1	n/a
51	2	n/a
51	3	n/a
51	4	n/a
51	5	n/a
51	6	n/a
51	7	n/a
51	8	n/a
51	9	n/a
51	10	n/a
51	11	n/a
51	12	n/a
51	13	n/a
51	14	n/a
51	15	n/a
51	16	n/a
51	17	n/a
51	18	n/a
51	19	n/a
51	20	n/a
51	21	n/a
51	22	n/a
51	23	n/a
51	24	n/a
51	25	n/a
51	26	n/a
51	27	n/a
51	28	n/a
51	29	n/a
51	30	n/a
51	31	n/a
51	32	n/a
51	33	n/a
51	34	n/a
51	35	n/a
51	36	n/a
51	37	n/a
51	38	n/a
51	39	n/a
51	40	n/a
51	41	n/a
51	42	n/a
51	43	n/a
51	44	n/a
51	45	n/a
51	46	n/a
51	47	n/a
51	48	n/a
51	49	n/a
51	50	n/a
51	51	n/a
51	52	n/a
51	53	n/a
51	54	n/a
51	55	n/a
51	56	n/a
51	57	n/a
51	58	n/a
51	59	n/a
51	60	n/a
51	61	n/a
51	62	n/a
51	63	n/a
51	64	n/a
51	65	n/a
51	66	n/a
51	67	n/a
51	68	n/a
51	69	n/a
51	70	n/a
51	71	n/a
51	72	n/a
51	73	n/a
51	74	n/a
51	75	n/a
51	76	n/a
51	77	n/a
51	78	n/a
51	79	n/a
51	80	n/a
51	81	n/a
51	82	n/a
51	83	n/a
52	0	n/a
52	1	n/a
52	2	n/a
52	3	n/a
52	4	n/a
52	5	n/a
52	6	n/a
52	7	n/a
52	8	n/a
52	9	n/a
52	10	n/a
52	11	n/a
52	12	n/a
52	13	n/a
52	14	n/a
52	15	n/a
52	16	n/a
52	17	n/a
52	18	n/a
52	19	n/a
52	20	n/a
52	21	n/a
52	22	n/a
52	23	n/a
52	24	n/a
52	25	n/a
52	26	n/a
52	27	n/a
52	28	n/a
52	29	n/a
52	30	n/a
52	31	n/a
52	32	n/a
52	33	n/a
52	34	n/a
52	35	n/a
52	36	n/a
52	37	n/a
52	38	n/a
52	39	n/a
52	40	n/a
52	41	n/a
52	42	n/a
52	43	n/a
52	44	n/a
52	45	n/a
52	46	n/a
52	47	n/a
52	48	n/a
52	49	n/a
52	50	n/a
52	51	n/a
52	52	n/a
52	53	n/a
52	54	n/a
52	55	n/a
52	56	n/a
52	57	n/a
52	58	n/a
52	59	n/a
52	60	n/a
52	61	n/a
52	62	n/a
52	63	n/a
52	64	n/a
52	65	n/a
52	66	n/a
52	67	n/a
52	68	n/a
52	69	n/a
52	70	n/a
52	71	n/a
52	72	n/a
52	73	n/a
52	74	n/a
52	75	n/a
52	76	n/a
52	77	n/a
52	78	n/a
52	79	n/a
52	80	n/a
52	81	n/a
52	82	n/a
52	83	n/a
53	0	n/a
53	1	n/a
53	2	n/a
53	3	n/a
53	4	n/a
53	5	n/a
53	6	n/a
53	7	n/a
53	8	n/a
53	9	n/a
53	10	n/a
53	11	n/a
53	12	n/a
53	13	n/a
53	14	n/a
53	15	n/a
53	16	n/a
53	17	n/a
53	18	n/a
53	19	n/a
53	20	n/a
53	21	n/a
53	22	n/a
53	23	n/a
53	24	n/a
53	25	n/a
53	26	n/a
53	27	n/a
53	28	n/a
53	29	n/a
53	30	n/a
53	31	n/a
53	32	n/a
53	33	n/a
53	34	n/a
53	35	n/a
53	36	n/a
53	37	n/a
53	38	n/a
53	39	n/a
53	40	n/a
53	41	n/a
53	42	n/a
53	43	n/a
53	44	n/a
53	45	n/a
53	46	n/a
53	47	n/a
53	48	n/a
53	49	n/a
53	50	n/a
53	51	n/a
53	52	n/a
53	53	n/a
53	54	n/a
53	55	n/a
53	56	n/a
53	57	n/a
53	58	n/a
53	59	n/a
53	60	n/a
53	61	n/a
53	62	n/a
53	63	n/a
53	64	n/a
53	65	n/a
53	66	n/a
53	67	n/a
53	68	n/a
53	69	n/a
53	70	n/a
53	71	n/a
53	72	n/a
53	73	n/a
53	74	n/a
53	75	n/a
53	76	n/a
53	77	n/a
53	78	n/a
53	79	n/a
53	80	n/a
53	81	n/a
53	82	n/a
53	83	n/a
54	0	0.12755436180873872
54	1	0.09723252120864774
54	2	n/a
54	3	0.0442741928116858
54	4	n/a
54	5	n/a
54	6	n/a
54	7	n/a
54	8	n/a
54	9	0.04457045515972702
54	10	n/a
54	11	n/a
54	12	n/a
54	13	0.04622483079135562
54	14	n/a
54	15	n/a
54	16	n/a
54	17	n/a
54	18	n/a
54	19	n/a
54	20	n/a
54	21	n/a
54	22	n/a
54	23	0.007671916483144223
54	24	n/a
54	25	n/a
54	26	n/a
54	27	n/a
54	28	0.017276569761503244
54	29	n/a
54	30	0.051435837472621974
54	31	n/a
54	32	n/a
54	33	n/a
54	34	0.06919198298167625
54	35	n/a
54	36	n/a
54	37	n/a
54	38	n/a
54	39	n/a
54	40	n/a
54	41	0.11977690257045183
54	42	n/a
54	43	0.0018700557891494483
54	44	n/a
54	45	n/a
54	46	n/a
54	47	n/a
54	48	0.05137881568578479
54	49	n/a
54	50	n/a
54	51	n/a
54	52	n/a
54	53	n/a
54	54	0.026793810034705857
54	55	n/a
54	56	n/a
54	57	0.02466914711023693
54	58	n/a
54	59	n/a
54	60	n/a
54	61	n/a
54	62	n/a
54	63	n/a
54	64	0.07990324719166386
54	65	n/a
54	66	0.0527632852387383
54	67	0.028234174344556134
54	68	n/a
54	69	0.03128565304725147
54	70	0.16418663876745915
54	71	n/a
54	72	n/a
54	73	0.005731756507623057
54	74	0.07732219720628108
54	75	0.03996575961195713
54	76	n/a
54	77	n/a
54	78	0.06449541793790342
54	79	n/a
54	80	n/a
54	81	0.060924594930325475
54	82	0.043706544876349236
54	83	0.04299640244662524
55	0	n/a
55	1	n/a
55	2	n/a
55	3	n/a
55	4	n/a
55	5	n/a
55	6	n/a
55	7	n/a
55	8	n/a
55	9	n/a
55	10	n/a
55	11	n/a
55	12	n/a
55	13	n/a
55	14	n/a
55	15	n/a
55	16	n/a
55	17	n/a
55	18	n/a
55	19	n/a
55	20	n/a
55	21	n/a
55	22	n/a
55	23	n/a
55	24	n/a
55	25	n/a
55	26	n/a
55	27	n/a
55	28	n/a
55	29	n/a
55	30	n/a
55	31	n/a
55	32	n/a
55	33	n/a
55	34	n/a
55	35	n/a
55	36	n/a
55	37	n/a
55	38	n/a
55	39	n/a
55	40	n/a
55	41	n/a
55	42	n/a
55	43	n/a
55	44	n/a
55	45	n/a
55	46	n/a
55	47	n/a
55	48	n/a
55	49	n/a
55	50	n/a
55	51	n/a
55	52	n/a
55	53	n/a
55	54	n/a
55	55	n/a
55	56	n/a
55	57	n/a
55	58	n/a
55	59	n/a
55	60	n/a
55	61	n/a
55	62	n/a
55	63	n/a
55	64	n/a
55	65	n/a
55	66	n/a
55	67	n/a
55	68	n/a
55	69	n/a
55	70	n/a
55	71	n/a
55	72	n/a
55	73	n/a
55	74	n/a
55	75	n/a
55	76	n/a
55	77	n/a
55	78	n/a
55	79	n/a
55	80	n/a
55	81	n/a
55	82	n/a
55	83	n/a
56	0	n/a
56	1	n/a
56	2	n/a
56	3	n/a
56	4	n/a
56	5	n/a
56	6	n/a
56	7	n/a
56	8	n/a
56	9	n/a
56	10	n/a
56	11	n/a
56	12	n/a
56	13	n/a
56	14	n/a
56	15	n/a
56	16	n/a
56	17	n/a
56	18	n/a
56	19	n/a
56	20	n/a
56	21	n/a
56	22	n/a
56	23	n/a
56	24	n/a
56	25	n/a
56	26	n/a
56	27	n/a
56	28	n/a
56	29	n/a
56	30	n/a
56	31	n/a
56	32	n/a
56	33	n/a
56	34	n/a
56	35	n/a
56	36	n/a
56	37	n/a
56	38	n/a
56	39	n/a
56	40	n/a
56	41	n/a
56	42	n/a
56	43	n/a
56	44	n/a
56	45	n/a
56	46	n/a
56	47	n/a
56	48	n/a
56	49	n/a
56	50	n/a
56	51	n/a
56	52	n/a
56	53	n/a
56	54	n/a
56	55	n/a
56	56	n/a
56	57	n/a
56	58	n/a
56	59	n/a
56	60	n/a
56	61	n/a
56	62	n/a
56	63	n/a
56	64	n/a
56	65	n/a
56	66	n/a
56	67	n/a
56	68	n/a
56	69	n/a
56	70	n/a
56	71	n/a
56	72	n/a
56	73	n/a
56	74	n/a
56	75	n/a
56	76	n/a
56	77	n/a
56	78	n/a
56	79	n/a
56	80	n/a
56	81	n/a
56	82	n/a
56	83	n/a
57	0	0.11602873195752701
57	1	n/a
57	2	n/a
57	3	n/a
57	4	n/a
57	5	n/a
57	6	0.048285628948857
57	7	n/a
57	8	n/a
57	9	n/a
57	10	n/a
57	11	n/a
57	12	n/a
57	13	n/a
57	14	n/a
57	15	0.09296836187886261
57	16	0.04501753370189651
57	17	0.029377197006680313
57	18	n/a
57	19	n/a
57	20	n/a
57	21	n/a
57	22	0.01799918648264525
57	23	0.021327742203093678
57	24	n/a
57	25	0.17714299707245898
57	26	n/a
57	27	n/a
57	28	n/a
57	29	n/a
57	30	n/a
57	31	n/a
57	32	0.015822824016184043
57	33	n/a
57	34	n/a
57	35	n/a
57	36	n/a
57	37	0.06874603920215704
57	38	0.07743059166927825
57	39	n/a
57	40	n/a
57	41	n/a
57	42	n/a
57	43	0.1398236441015675
57	44	0.07884107484864998
57	45	0.04303588153697192
57	46	n/a
57	47	n/a
57	48	0.14293486730784855
57	49	n/a
57	50	n/a
57	51	n/a
57	52	n/a
57	53	n/a
57	54	0.02466914711023693
57	55	n/a
57	56	n/a
57	57	0.10841124769924519
57	58	0.05849737947553248
57	59	0.1077287106167506
57	60	0.016811089048964056
57	61	0.03570072707582054
57	62	0.0460131254804589
57	63	0.14169532586382202
57	64	0.014992921121887388
57	65	0.09567483343049869
57	66	n/a
57	67	0.17512198561155193
57	68	n/a
57	69	0.061600013708093065
57	70	0.13689579432129706
57	71	0.047310735018232374
57	72	n/a
57	73	0.1437780941323561
57	74	0.037635217820162346
57	75	0.05853091069488714
57	76	n/a
57	77	0.05422764820145742
57	78	0.07664615542954671
57	79	0.019504746552474916
57	80	0.021916699568769182
57	81	n/a
57	82	0.13173942381032885
57	83	0.12160210717573551
58	0	n/a
58	1	n/a
58	2	n/a
58	3	n/a
58	4	n/a
58	5	n/a
58	6	n/a
58	7	n/a
58	8	n/a
58	9	n/a
58	10	n/a
58	11	n/a
58	12	n/a
58	13	0.05246668876601318
58	14	n/a
58	15	0.1090681212392403
58	16	n/a
58	17	0.04135542221197767
58	18	n/a
58	19	n/a
58	20	0.1071165986474554
58	21	n/a
58	22	n/a
58	23	n/a
58	24	n/a
58	25	n/a
58	26	n/a
58	27	n/a
58	28	n/a
58	29	0.0653507181428272
58	30	0.11893661042243807
58	31	0.011813545953816082
58	32	n/a
58	33	n/a
58	34	n/a
58	35	n/a
58	36	n/a
58	37	n/a
58	38	0.014581059826197429
58	39	n/a
58	40	n/a
58	41	0.05202660058507529
58	42	n/a
58	43	n/a
58	44	5.868955683981577E-4
58	45	0.025328163530760894
58	46	n/a
58	47	n/a
58	48	0.06505883754571717
58	49	n/a
58	50	n/a
58	51	n/a
58	52	n/a
58	53	n/a
58	54	n/a
58	55	n/a
58	56	n/a
58	57	0.05849737947553248
58	58	0.037690863127218165
58	59	n/a
58	60	0.047904600951995745
58	61	n/a
58	62	n/a
58	63	0.10096659035701422
58	64	n/a
58	65	n/a
58	66	0.020867897755381854
58	67	0.017188141471019668
58	68	n/a
58	69	0.009678999762330848
58	70	n/a
58	71	n/a
58	72	n/a
58	73	0.0011734372815249553
58	74	n/a
58	75	0.07519920734513444
58	76	0.09609104257003448
58	77	n/a
58	78	0.07745693184753394
58	79	0.054870981752708374
58	80	0.06594265478215383
58	81	0.05673261430944062
58	82	0.035014299391814475
58	83	0.1571656430344032
59	0	n/a
59	1	0.1750667596898963
59	2	n/a
59	3	0.1298534871085242
59	4	n/a
59	5	n/a
59	6	n/a
59	7	n/a
59	8	n/a
59	9	0.02068010885885353
59	10	n/a
59	11	n/a
59	12	n/a
59	13	n/a
59	14	n/a
59	15	n/a
59	16	n/a
59	17	n/a
59	18	n/a
59	19	n/a
59	20	0.17120906595137028
59	21	n/a
59	22	n/a
59	23	n/a
59	24	n/a
59	25	n/a
59	26	n/a
59	27	n/a
59	28	n/a
59	29	n/a
59	30	n/a
59	31	n/a
59	32	n/a
59	33	0.058053402412638164
59	34	n/a
59	35	n/a
59	36	n/a
59	37	n/a
59	38	n/a
59	39	n/a
59	40	n/a
59	41	0.03166838258602702
59	42	n/a
59	43	n/a
59	44	n/a
59	45	0.04094649953852014
59	46	n/a
59	47	n/a
59	48	n/a
59	49	n/a
59	50	n/a
59	51	n/a
59	52	n/a
59	53	n/a
59	54	n/a
59	55	n/a
59	56	n/a
59	57	0.10772871061675035
59	58	n/a
59	59	0.052901187304739465
59	60	n/a
59	61	0.05957543095473001
59	62	0.04835479711785601
59	63	0.06722837217533237
59	64	0.044922556806705094
59	65	0.04053377550183287
59	66	n/a
59	67	n/a
59	68	n/a
59	69	n/a
59	70	n/a
59	71	n/a
59	72	0.06372900153066399
59	73	0.24527943453291787
59	74	n/a
59	75	n/a
59	76	0.09414154003811442
59	77	n/a
59	78	0.009171150618780826
59	79	0.1734742497201293
59	80	0.024625576104347492
59	81	n/a
59	82	0.05068372369110842
59	83	n/a
60	0	n/a
60	1	n/a
60	2	n/a
60	3	n/a
60	4	n/a
60	5	n/a
60	6	n/a
60	7	n/a
60	8	n/a
60	9	n/a
60	10	n/a
60	11	n/a
60	12	n/a
60	13	n/a
60	14	n/a
60	15	0.07828482932113415
60	16	0.07366467184734572
60	17	0.015461504535174813
60	18	n/a
60	19	n/a
60	20	0.0576525821263188
60	21	n/a
60	22	0.0024738243610949637
60	23	n/a
60	24	n/a
60	25	0.15593089110082817
60	26	n/a
60	27	n/a
60	28	n/a
60	29	0.04398631240022197
60	30	0.011142393549341142
60	31	0.1587270789942675
60	32	0.001429226793470431
60	33	0.040756089538006676
60	34	0.05883959014437439
60	35	n/a
60	36	n/a
60	37	n/a
60	38	0.0207971455229238
60	39	n/a
60	40	n/a
60	41	0.053706565909131525
60	42	n/a
60	43	0.08220453167554335
60	44	n/a
60	45	0.006095110030228445
60	46	n/a
60	47	n/a
60	48	n/a
60	49	n/a
60	50	n/a
60	51	n/a
60	52	n/a
60	53	n/a
60	54	n/a
60	55	n/a
60	56	n/a
60	57	0.016811089048963987
60	58	0.047904600951995745
60	59	n/a
60	60	0.050862632512770595
60	61	n/a
60	62	n/a
60	63	0.029770843315144346
60	64	0.020545065401354146
60	65	0.08949822653359843
60	66	n/a
60	67	n/a
60	68	0.03346167444027978
60	69	0.009861426267495213
60	70	n/a
60	71	0.09218099292011202
60	72	n/a
60	73	0.09798188762773898
60	74	0.020167995662341
60	75	n/a
60	76	n/a
60	77	0.011038940033398838
60	78	n/a
60	79	0.008590035497597643
60	80	0.10942775492781524
60	81	n/a
60	82	0.03860564003049319
60	83	0.005266805650985672
61	0	0.04135542221197762
61	1	0.05539679006169679
61	2	n/a
61	3	n/a
61	4	n/a
61	5	n/a
61	6	0.012022917144575736
61	7	n/a
61	8	n/a
61	9	n/a
61	10	n/a
61	11	n/a
61	12	n/a
61	13	n/a
61	14	n/a
61	15	n/a
61	16	0.049081271757170614
61	17	n/a
61	18	n/a
61	19	n/a
61	20	n/a
61	21	n/a
61	22	n/a
61	23	n/a
61	24	n/a
61	25	4.0854581636348E-4
61	26	n/a
61	27	0.151632550942482
61	28	n/a
61	29	n/a
61	30	0.03312250777483366
61	31	n/a
61	32	n/a
61	33	n/a
61	34	0.11792086931070062
61	35	n/a
61	36	n/a
61	37	0.003550229407403724
61	38	n/a
61	39	n/a
61	40	n/a
61	41	n/a
61	42	n/a
61	43	n/a
61	44	n/a
61	45	n/a
61	46	n/a
61	47	n/a
61	48	n/a
61	49	n/a
61	50	n/a
61	51	n/a
61	52	n/a
61	53	n/a
61	54	n/a
61	55	n/a
61	56	n/a
61	57	0.03570072707582009
61	58	n/a
61	59	0.05957543095473001
61	60	n/a
61	61	n/a
61	62	n/a
61	63	0.10206716146993064
61	64	0.022058634878136626
61	65	0.035533988186552255
61	66	n/a
61	67	n/a
61	68	n/a
61	69	n/a
61	70	0.07799806632079366
61	71	0.051892763514866005
61	72	0.018838838964618448
61	73	0.05419046674410534
61	74	0.025501065831314913
61	75	n/a
61	76	n/a
61	77	0.057604843114824285
61	78	n/a
61	79	0.14405006821856
61	80	n/a
61	81	n/a
61	82	n/a
61	83	n/a
62	0	0.052578540870800196
62	1	0.011715976182938001
62	2	n/a
62	3	0.06849153612966968
62	4	n/a
62	5	n/a
62	6	n/a
62	7	n/a
62	8	n/a
62	9	0.05914960080963702
62	10	n/a
62	11	n/a
62	12	n/a
62	13	n/a
62	14	n/a
62	15	n/a
62	16	n/a
62	17	0.04843763846544691
62	18	n/a
62	19	n/a
62	20	n/a
62	21	n/a
62	22	n/a
62	23	n/a
62	24	n/a
62	25	n/a
62	26	n/a
62	27	0.012951390534267693
62	28	n/a
62	29	n/a
62	30	0.0453357473185698
62	31	n/a
62	32	n/a
62	33	n/a
62	34	n/a
62	35	n/a
62	36	n/a
62	37	n/a
62	38	n/a
62	39	n/a
62	40	n/a
62	41	n/a
62	42	n/a
62	43	n/a
62	44	0.06408115975915508
62	45	0.024907280849591897
62	46	n/a
62	47	n/a
62	48	n/a
62	49	n/a
62	50	n/a
62	51	n/a
62	52	n/a
62	53	n/a
62	54	n/a
62	55	n/a
62	56	n/a
62	57	0.04601312548045894
62	58	n/a
62	59	0.04835479711785601
62	60	n/a
62	61	n/a
62	62	0.11138913882125105
62	63	n/a
62	64	0.23966314014682494
62	65	0.008097116570972309
62	66	0.1157497796141928
62	67	0.04797601651670867
62	68	n/a
62	69	0.02501379434659038
62	70	n/a
62	71	n/a
62	72	n/a
62	73	n/a
62	74	0.027785781913618697
62	75	0.03600741810429577
62	76	n/a
62	77	0.03279791287273016
62	78	n/a
62	79	n/a
62	80	n/a
62	81	0.06574428432642822
62	82	0.016967718453255665
62	83	n/a
63	0	0.05437157674947248
63	1	0.09605571955171933
63	2	n/a
63	3	0.035507045687210075
63	4	n/a
63	5	n/a
63	6	n/a
63	7	n/a
63	8	n/a
63	9	n/a
63	10	n/a
63	11	n/a
63	12	n/a
63	13	0.036867534051309055
63	14	n/a
63	15	0.1320156872388911
63	16	0.15617519723948942
63	17	0.16485920909930976
63	18	n/a
63	19	n/a
63	20	0.07243520659488185
63	21	n/a
63	22	0.10289967671738681
63	23	n/a
63	24	n/a
63	25	0.04081925103485692
63	26	n/a
63	27	0.12037666354157081
63	28	n/a
63	29	0.05876110240596518
63	30	0.12528580015584775
63	31	0.024138851526212347
63	32	n/a
63	33	0.13134644239188478
63	34	0.044972754919863155
63	35	n/a
63	36	n/a
63	37	0.016570333770917794
63	38	0.10582421796367715
63	39	n/a
63	40	n/a
63	41	0.010748485586284063
63	42	n/a
63	43	n/a
63	44	0.1274334252494054
63	45	0.03226563803211914
63	46	n/a
63	47	n/a
63	48	0.08726869866328035
63	49	n/a
63	50	n/a
63	51	n/a
63	52	n/a
63	53	n/a
63	54	n/a
63	55	n/a
63	56	n/a
63	57	0.14169532586382202
63	58	0.10096659035701422
63	59	0.06722837217533237
63	60	0.029770843315144346
63	61	0.10206716146993064
63	62	n/a
63	63	0.036797048187477414
63	64	0.06348007407711498
63	65	0.19634310000141622
63	66	0.01859188733978699
63	67	0.09914476059503739
63	68	0.03778833748380839
63	69	0.02141706033428761
63	70	0.11366373648452449
63	71	0.0016821703027297308
63	72	0.07421549989299656
63	73	0.07373909624722949
63	74	n/a
63	75	0.08429838401811872
63	76	0.09073788877067707
63	77	n/a
63	78	0.16284259996614184
63	79	0.047084012864904295
63	80	0.053727108858297276
63	81	0.06724108030703217
63	82	0.01951918292346425
63	83	0.09848533986683704
64	0	0.08199121349844217
64	1	0.021072650117153764
64	2	n/a
64	3	0.010789487331919615
64	4	n/a
64	5	n/a
64	6	0.08453727511107909
64	7	n/a
64	8	n/a
64	9	0.09793813140243803
64	10	n/a
64	11	n/a
64	12	n/a
64	13	0.08895080358166431
64	14	n/a
64	15	0.030676324932618033
64	16	n/a
64	17	n/a
64	18	n/a
64	19	n/a
64	20	0.006901780103982326
64	21	n/a
64	22	0.005716863234896337
64	23	0.05625435193683933
64	24	n/a
64	25	n/a
64	26	n/a
64	27	0.01326786204823642
64	28	n/a
64	29	0.015967152844628407
64	30	n/a
64	31	0.13063200173913547
64	32	0.050847355189443236
64	33	0.02296900790010872
64	34	0.07979251411867684
64	35	n/a
64	36	n/a
64	37	0.0286712874071927
64	38	n/a
64	39	n/a
64	40	n/a
64	41	n/a
64	42	n/a
64	43	0.08735021645829621
64	44	0.0739233958455588
64	45	0.1401121159993351
64	46	n/a
64	47	n/a
64	48	n/a
64	49	0.1047633925402927
64	50	n/a
64	51	n/a
64	52	n/a
64	53	n/a
64	54	0.07990324719166386
64	55	n/a
64	56	n/a
64	57	0.014992921121887215
64	58	n/a
64	59	0.044922556806705094
64	60	0.020545065401354146
64	61	0.022058634878136626
64	62	0.23966314014682494
64	63	0.06348007407711498
64	64	n/a
64	65	0.08457244879225648
64	66	0.1873512728038371
64	67	n/a
64	68	n/a
64	69	0.00815903009193
64	70	0.08750263085541067
64	71	n/a
64	72	n/a
64	73	0.041076453190845796
64	74	n/a
64	75	0.040312418923925196
64	76	0.024399985607046617
64	77	0.12714548781864668
64	78	0.07174864904705766
64	79	n/a
64	80	0.0
64	81	0.15423960601550063
64	82	n/a
64	83	0.10269030874621546
65	0	n/a
65	1	0.045573300682643245
65	2	n/a
65	3	0.004257000091868284
65	4	n/a
65	5	n/a
65	6	0.03760513844051276
65	7	n/a
65	8	n/a
65	9	0.043334406615793526
65	10	n/a
65	11	n/a
65	12	n/a
65	13	0.03521871302413533
65	14	n/a
65	15	0.06952300096949918
65	16	0.0022913509979179424
65	17	0.0023323753045096825
65	18	n/a
65	19	n/a
65	20	0.08400750095699877
65	21	n/a
65	22	0.030648217303309785
65	23	0.12691114587939056
65	24	n/a
65	25	n/a
65	26	n/a
65	27	0.07669089032748505
65	28	0.16965836122134875
65	29	n/a
65	30	n/a
65	31	0.0
65	32	n/a
65	33	n/a
65	34	n/a
65	35	n/a
65	36	n/a
65	37	0.008753230446288748
65	38	n/a
65	39	n/a
65	40	n/a
65	41	n/a
65	42	n/a
65	43	0.09184739828504329
65	44	0.10991124000651821
65	45	0.15736753865416855
65	46	n/a
65	47	n/a
65	48	0.016510399649980946
65	49	n/a
65	50	n/a
65	51	n/a
65	52	n/a
65	53	n/a
65	54	n/a
65	55	n/a
65	56	n/a
65	57	0.09567483343049869
65	58	n/a
65	59	0.04053377550183287
65	60	0.08949822653359843
65	61	0.035533988186552255
65	62	0.008097116570972309
65	63	0.19634310000141622
65	64	0.08457244879225648
65	65	0.11960661820803878
65	66	0.025147744356558845
65	67	0.030100860127392107
65	68	n/a
65	69	n/a
65	70	0.08612090157034957
65	71	0.08336278466703992
65	72	0.08959464387908049
65	73	n/a
65	74	0.1297476429890374
65	75	0.04388424691201635
65	76	0.017010890230412717
65	77	0.08798651297314133
65	78	0.0019400433983154809
65	79	0.033722175667523585
65	80	0.014285873489244918
65	81	0.08718711519396989
65	82	0.09202592687150324
65	83	0.15453460667834512
66	0	0.0
66	1	n/a
66	2	n/a
66	3	0.01114239354934116
66	4	n/a
66	5	n/a
66	6	n/a
66	7	n/a
66	8	n/a
66	9	0.00987083601595731
66	10	n/a
66	11	n/a
66	12	n/a
66	13	0.041943365645971196
66	14	n/a
66	15	n/a
66	16	0.06556611228832702
66	17	n/a
66	18	n/a
66	19	n/a
66	20	n/a
66	21	n/a
66	22	0.0835155036491215
66	23	n/a
66	24	n/a
66	25	n/a
66	26	n/a
66	27	n/a
66	28	n/a
66	29	n/a
66	30	n/a
66	31	0.05653555635989886
66	32	0.0
66	33	n/a
66	34	n/a
66	35	n/a
66	36	n/a
66	37	n/a
66	38	n/a
66	39	n/a
66	40	n/a
66	41	n/a
66	42	n/a
66	43	n/a
66	44	n/a
66	45	0.07491247097221684
66	46	n/a
66	47	n/a
66	48	n/a
66	49	0.01644013064768724
66	50	n/a
66	51	n/a
66	52	n/a
66	53	n/a
66	54	0.0527632852387383
66	55	n/a
66	56	n/a
66	57	n/a
66	58	0.020867897755381854
66	59	n/a
66	60	n/a
66	61	n/a
66	62	0.1157497796141928
66	63	0.018591887339786492
66	64	0.1873512728038371
66	65	0.025147744356558845
66	66	0.0031850375326020765
66	67	0.06450129805386462
66	68	n/a
66	69	n/a
66	70	0.0503799820902612
66	71	0.07060454427418646
66	72	0.18937142515041616
66	73	n/a
66	74	0.02993259939141131
66	75	0.03778062741542105
66	76	0.12336621129805818
66	77	0.054701372355774054
66	78	0.12157976078913997
66	79	n/a
66	80	n/a
66	81	0.007295669479434833
66	82	0.0909805113684538
66	83	0.05142072212726963
67	0	0.13840000625207485
67	1	n/a
67	2	n/a
67	3	0.07790165544326115
67	4	n/a
67	5	n/a
67	6	0.0878606602588888
67	7	n/a
67	8	n/a
67	9	n/a
67	10	n/a
67	11	n/a
67	12	n/a
67	13	n/a
67	14	n/a
67	15	0.0770960432722949
67	16	0.02894241326085558
67	17	n/a
67	18	n/a
67	19	n/a
67	20	n/a
67	21	n/a
67	22	6.798842524915958E-4
67	23	0.04147087581893429
67	24	n/a
67	25	n/a
67	26	n/a
67	27	0.08843257089380611
67	28	0.01530187823160425
67	29	n/a
67	30	0.06429298522824102
67	31	0.0
67	32	0.07069285100915694
67	33	n/a
67	34	0.15808555527098486
67	35	n/a
67	36	n/a
67	37	n/a
67	38	n/a
67	39	n/a
67	40	n/a
67	41	n/a
67	42	n/a
67	43	0.03355490244417288
67	44	0.0019166651791832064
67	45	0.08909628043971335
67	46	n/a
67	47	n/a
67	48	0.15325573858226554
67	49	0.021263109620748594
67	50	n/a
67	51	n/a
67	52	n/a
67	53	n/a
67	54	0.028234174344556134
67	55	n/a
67	56	n/a
67	57	0.17512198561155193
67	58	0.017188141471019668
67	59	n/a
67	60	n/a
67	61	n/a
67	62	0.04797601651670867
67	63	0.09914476059503739
67	64	n/a
67	65	0.030100860127392107
67	66	0.06450129805386462
67	67	n/a
67	68	0.0035867483570128865
67	69	0.014977416659069879
67	70	0.10119578043118768
67	71	0.041593000815731945
67	72	n/a
67	73	n/a
67	74	0.011743334633711902
67	75	0.03420015635337943
67	76	0.029100042069918723
67	77	0.013995013463689254
67	78	0.032790057789961705
67	79	0.12962321959861883
67	80	0.0735094843696773
67	81	0.07220872820849486
67	82	0.05287469328180281
67	83	0.11759069044582542
68	0	n/a
68	1	0.12504429709109638
68	2	n/a
68	3	n/a
68	4	n/a
68	5	n/a
68	6	n/a
68	7	n/a
68	8	n/a
68	9	n/a
68	10	n/a
68	11	n/a
68	12	n/a
68	13	0.1825003444970828
68	14	n/a
68	15	0.11721001610447936
68	16	0.1449549278037973
68	17	n/a
68	18	n/a
68	19	n/a
68	20	n/a
68	21	n/a
68	22	n/a
68	23	n/a
68	24	n/a
68	25	0.08494033388313885
68	26	n/a
68	27	n/a
68	28	n/a
68	29	0.030725372078876812
68	30	n/a
68	31	n/a
68	32	0.07743927092008057
68	33	n/a
68	34	n/a
68	35	n/a
68	36	n/a
68	37	0.08572268385811388
68	38	0.0023526342097495863
68	39	n/a
68	40	n/a
68	41	0.021826282598843845
68	42	n/a
68	43	0.09533327097861992
68	44	0.00422746575452842
68	45	n/a
68	46	n/a
68	47	n/a
68	48	0.09512838347832568
68	49	n/a
68	50	n/a
68	51	n/a
68	52	n/a
68	53	n/a
68	54	n/a
68	55	n/a
68	56	n/a
68	57	n/a
68	58	n/a
68	59	n/a
68	60	0.03346167444027978
68	61	n/a
68	62	n/a
68	63	0.03778833748380839
68	64	n/a
68	65	n/a
68	66	n/a
68	67	0.0035867483570128865
68	68	0.019329405808120995
68	69	n/a
68	70	0.039854120834974624
68	71	n/a
68	72	n/a
68	73	n/a
68	74	n/a
68	75	0.005642598426421462
68	76	n/a
68	77	n/a
68	78	0.041720938118399636
68	79	n/a
68	80	0.10576501313822388
68	81	n/a
68	82	0.015220091381111743
68	83	n/a
69	0	0.10990006816649846
69	1	0.11069412043274177
69	2	n/a
69	3	0.031004236153965966
69	4	n/a
69	5	n/a
69	6	n/a
69	7	n/a
69	8	n/a
69	9	0.056925996976279106
69	10	n/a
69	11	n/a
69	12	n/a
69	13	0.07383170543523697
69	14	n/a
69	15	n/a
69	16	n/a
69	17	n/a
69	18	n/a
69	19	n/a
69	20	0.054965608682810016
69	21	n/a
69	22	0.03955724225389491
69	23	n/a
69	24	n/a
69	25	n/a
69	26	n/a
69	27	0.0431826893377983
69	28	0.027027902660300893
69	29	0.015405260715136194
69	30	n/a
69	31	n/a
69	32	n/a
69	33	n/a
69	34	0.04434570615726009
69	35	n/a
69	36	n/a
69	37	n/a
69	38	n/a
69	39	n/a
69	40	n/a
69	41	n/a
69	42	n/a
69	43	0.03392272173089919
69	44	0.045656155867422894
69	45	0.15697707931564728
69	46	n/a
69	47	n/a
69	48	0.08548010109673106
69	49	0.016469165130291813
69	50	n/a
69	51	n/a
69	52	n/a
69	53	n/a
69	54	0.03128565304725147
69	55	n/a
69	56	n/a
69	57	0.061600013708093065
69	58	0.009678999762330848
69	59	n/a
69	60	0.009861426267495213
69	61	n/a
69	62	0.02501379434659038
69	63	0.02141706033428761
69	64	0.00815903009193
69	65	n/a
69	66	n/a
69	67	0.014977416659069879
69	68	n/a
69	69	n/a
69	70	n/a
69	71	0.01140682787781083
69	72	0.0012544843631820983
69	73	n/a
69	74	0.02500557294171786
69	75	0.03331049932277694
69	76	n/a
69	77	0.018403467422296302
69	78	n/a
69	79	n/a
69	80	n/a
69	81	n/a
69	82	0.08412883674708833
69	83	0.11008100188089422
70	0	0.11223940440068682
70	1	0.053969048437552035
70	2	n/a
70	3	0.054761511826052704
70	4	n/a
70	5	n/a
70	6	n/a
70	7	n/a
70	8	n/a
70	9	0.03932936076580629
70	10	n/a
70	11	n/a
70	12	n/a
70	13	n/a
70	14	n/a
70	15	0.008371801097716685
70	16	n/a
70	17	n/a
70	18	n/a
70	19	n/a
70	20	0.03487745383635815
70	21	n/a
70	22	0.0652585427864511
70	23	0.00814164639785062
70	24	n/a
70	25	0.03533368900396849
70	26	n/a
70	27	0.02420189622101361
70	28	0.09648940208732944
70	29	n/a
70	30	0.05468304264769088
70	31	n/a
70	32	n/a
70	33	0.031304903427305235
70	34	0.12115342998382965
70	35	n/a
70	36	n/a
70	37	0.0551660187497738
70	38	n/a
70	39	n/a
70	40	n/a
70	41	0.015720908407075598
70	42	n/a
70	43	n/a
70	44	0.04557462864910295
70	45	0.10184173617713287
70	46	n/a
70	47	n/a
70	48	0.16432811806970013
70	49	n/a
70	50	n/a
70	51	n/a
70	52	n/a
70	53	n/a
70	54	0.16418663876745915
70	55	n/a
70	56	n/a
70	57	0.13689579432129706
70	58	n/a
70	59	n/a
70	60	n/a
70	61	0.07799806632079366
70	62	n/a
70	63	0.11366373648452449
70	64	0.08750263085541067
70	65	0.08612090157034957
70	66	0.0503799820902612
70	67	0.10119578043118768
70	68	0.039854120834974624
70	69	n/a
70	70	0.12789973078883682
70	71	0.10670767168500574
70	72	n/a
70	73	0.10568479734095876
70	74	0.07937771280653674
70	75	0.03561191658682945
70	76	0.012782738435193244
70	77	0.022389343926694706
70	78	0.02895359587641298
70	79	0.037755623250179095
70	80	0.1996564144765255
70	81	0.021116731045587412
70	82	0.044416733488532076
70	83	n/a
71	0	n/a
71	1	0.06453787678689457
71	2	n/a
71	3	0.08685639830632333
71	4	n/a
71	5	n/a
71	6	n/a
71	7	n/a
71	8	n/a
71	9	0.05773363431462572
71	10	n/a
71	11	n/a
71	12	n/a
71	13	n/a
71	14	n/a
71	15	0.009407506823827273
71	16	0.009574163764235309
71	17	n/a
71	18	n/a
71	19	n/a
71	20	0.008117150974851054
71	21	n/a
71	22	0.044430669012343195
71	23	0.02427788048975973
71	24	n/a
71	25	n/a
71	26	n/a
71	27	n/a
71	28	n/a
71	29	n/a
71	30	n/a
71	31	n/a
71	32	n/a
71	33	n/a
71	34	0.07407030112251771
71	35	n/a
71	36	n/a
71	37	0.019305146376342897
71	38	n/a
71	39	n/a
71	40	n/a
71	41	n/a
71	42	n/a
71	43	0.04445109742542997
71	44	0.029207821063335557
71	45	0.12435394350180728
71	46	n/a
71	47	n/a
71	48	0.018561068325935726
71	49	n/a
71	50	n/a
71	51	n/a
71	52	n/a
71	53	n/a
71	54	n/a
71	55	n/a
71	56	n/a
71	57	0.047310735018232374
71	58	n/a
71	59	n/a
71	60	0.09218099292011202
71	61	0.051892763514866005
71	62	n/a
71	63	0.0016821703027297308
71	64	n/a
71	65	0.08336278466703992
71	66	0.07060454427418646
71	67	0.041593000815731945
71	68	n/a
71	69	0.01140682787781083
71	70	0.10670767168500574
71	71	0.07596928471727447
71	72	0.014881306061950057
71	73	n/a
71	74	0.042118570187487096
71	75	0.12757786688671896
71	76	n/a
71	77	0.017700430739695586
71	78	n/a
71	79	0.005388636856665445
71	80	n/a
71	81	0.10338066162492585
71	82	0.06850532566336259
71	83	0.04838363784379167
72	0	n/a
72	1	0.10047252451020702
72	2	n/a
72	3	n/a
72	4	n/a
72	5	n/a
72	6	0.005862157106487105
72	7	n/a
72	8	n/a
72	9	n/a
72	10	n/a
72	11	n/a
72	12	n/a
72	13	0.002439706806873594
72	14	n/a
72	15	0.05540064056098465
72	16	0.1183977995544811
72	17	0.038787750735273685
72	18	n/a
72	19	n/a
72	20	0.03711912333058577
72	21	n/a
72	22	0.0109153975856442
72	23	0.03507392076469024
72	24	n/a
72	25	n/a
72	26	n/a
72	27	n/a
72	28	0.023385271069750923
72	29	0.027214549875184502
72	30	n/a
72	31	n/a
72	32	0.10347832037080103
72	33	n/a
72	34	0.04043991535678945
72	35	n/a
72	36	n/a
72	37	0.010540089596507053
72	38	0.10958831399858134
72	39	n/a
72	40	n/a
72	41	n/a
72	42	n/a
72	43	n/a
72	44	0.0482312508764854
72	45	0.08658358518186869
72	46	n/a
72	47	n/a
72	48	n/a
72	49	0.04116218922136872
72	50	n/a
72	51	n/a
72	52	n/a
72	53	n/a
72	54	n/a
72	55	n/a
72	56	n/a
72	57	n/a
72	58	n/a
72	59	0.06372900153066399
72	60	n/a
72	61	0.018838838964618448
72	62	n/a
72	63	0.07421549989299647
72	64	n/a
72	65	0.08959464387908049
72	66	0.18937142515041616
72	67	n/a
72	68	n/a
72	69	0.0012544843631820983
72	70	n/a
72	71	0.014881306061950057
72	72	n/a
72	73	0.06107086107995542
72	74	0.0707561513506485
72	75	n/a
72	76	n/a
72	77	0.06456993861865509
72	78	0.013092356060384724
72	79	n/a
72	80	0.1558925187129568
72	81	0.07419777329353507
72	82	0.07716598347340144
72	83	0.05099409283923453
73	0	0.07184921785845093
73	1	0.10792264207408127
73	2	n/a
73	3	n/a
73	4	n/a
73	5	n/a
73	6	n/a
73	7	n/a
73	8	n/a
73	9	n/a
73	10	n/a
73	11	n/a
73	12	n/a
73	13	n/a
73	14	n/a
73	15	0.0890401000990364
73	16	n/a
73	17	n/a
73	18	n/a
73	19	n/a
73	20	0.07801783957541894
73	21	n/a
73	22	n/a
73	23	n/a
73	24	n/a
73	25	0.010704207485872147
73	26	n/a
73	27	0.09413567331541288
73	28	0.0241555420788119
73	29	0.06480589321731466
73	30	n/a
73	31	0.02160093471649834
73	32	n/a
73	33	0.10971293115788305
73	34	n/a
73	35	n/a
73	36	n/a
73	37	n/a
73	38	0.12171596604644726
73	39	n/a
73	40	n/a
73	41	0.09762611716157212
73	42	n/a
73	43	0.08757177410362986
73	44	0.033141986045467815
73	45	n/a
73	46	n/a
73	47	n/a
73	48	0.19353180819617383
73	49	0.0655788440461278
73	50	n/a
73	51	n/a
73	52	n/a
73	53	n/a
73	54	0.005731756507623057
73	55	n/a
73	56	n/a
73	57	0.1437780941323561
73	58	0.0011734372815249553
73	59	0.24527943453291787
73	60	0.09798188762773898
73	61	0.05419046674410534
73	62	n/a
73	63	0.07373909624722949
73	64	0.041076453190845796
73	65	n/a
73	66	n/a
73	67	n/a
73	68	n/a
73	69	n/a
73	70	0.10568479734095876
73	71	n/a
73	72	0.06107086107995542
73	73	0.14489397233223028
73	74	n/a
73	75	n/a
73	76	0.0497144798730432
73	77	n/a
73	78	0.006863146706092593
73	79	0.14917960136120215
73	80	n/a
73	81	n/a
73	82	n/a
73	83	0.1015530608088934
74	0	n/a
74	1	0.016467834892274377
74	2	n/a
74	3	0.15158732811219047
74	4	n/a
74	5	n/a
74	6	0.08611493366323134
74	7	n/a
74	8	n/a
74	9	n/a
74	10	n/a
74	11	n/a
74	12	n/a
74	13	n/a
74	14	n/a
74	15	0.08789523885950787
74	16	n/a
74	17	0.012766507515393644
74	18	n/a
74	19	n/a
74	20	n/a
74	21	n/a
74	22	0.013432630669982158
74	23	n/a
74	24	n/a
74	25	n/a
74	26	n/a
74	27	n/a
74	28	n/a
74	29	0.02730697442452386
74	30	0.06576307766142549
74	31	n/a
74	32	n/a
74	33	0.0073721422630323745
74	34	0.03556725031423175
74	35	n/a
74	36	n/a
74	37	0.011350293990649523
74	38	n/a
74	39	n/a
74	40	n/a
74	41	n/a
74	42	n/a
74	43	n/a
74	44	0.02796204873367175
74	45	0.04887401664882589
74	46	n/a
74	47	n/a
74	48	n/a
74	49	n/a
74	50	n/a
74	51	n/a
74	52	n/a
74	53	n/a
74	54	0.07732219720628108
74	55	n/a
74	56	n/a
74	57	0.037635217820162235
74	58	n/a
74	59	n/a
74	60	0.020167995662341
74	61	0.025501065831314913
74	62	0.027785781913618697
74	63	n/a
74	64	n/a
74	65	0.1297476429890374
74	66	0.02993259939141131
74	67	0.011743334633711902
74	68	n/a
74	69	0.02500557294171786
74	70	0.07937771280653674
74	71	0.042118570187487096
74	72	0.0707561513506485
74	73	n/a
74	74	0.00988113406934968
74	75	n/a
74	76	0.077989180065589
74	77	0.06098606610826233
74	78	n/a
74	79	n/a
74	80	n/a
74	81	0.0986260505970827
74	82	0.0692628735101459
74	83	0.031554743251513556
75	0	n/a
75	1	0.06200632882168992
75	2	n/a
75	3	0.14995612894244134
75	4	n/a
75	5	n/a
75	6	n/a
75	7	n/a
75	8	n/a
75	9	0.10372540686430068
75	10	n/a
75	11	n/a
75	12	n/a
75	13	n/a
75	14	n/a
75	15	n/a
75	16	7.469759326454471E-4
75	17	n/a
75	18	n/a
75	19	n/a
75	20	n/a
75	21	n/a
75	22	n/a
75	23	0.013024939305389593
75	24	n/a
75	25	n/a
75	26	n/a
75	27	n/a
75	28	0.07613237109903255
75	29	n/a
75	30	0.00199222737670424
75	31	n/a
75	32	0.12895487869322475
75	33	n/a
75	34	0.01939362834663793
75	35	n/a
75	36	n/a
75	37	0.004936599696452813
75	38	n/a
75	39	n/a
75	40	n/a
75	41	0.015810738530773468
75	42	n/a
75	43	n/a
75	44	0.04945423041735716
75	45	0.09403336102482907
75	46	n/a
75	47	n/a
75	48	n/a
75	49	n/a
75	50	n/a
75	51	n/a
75	52	n/a
75	53	n/a
75	54	0.03996575961195713
75	55	n/a
75	56	n/a
75	57	0.05853091069488674
75	58	0.07519920734513444
75	59	n/a
75	60	n/a
75	61	n/a
75	62	0.03600741810429577
75	63	0.08429838401811872
75	64	0.040312418923925196
75	65	0.04388424691201635
75	66	0.03778062741542105
75	67	0.03420015635337943
75	68	0.005642598426421462
75	69	0.03331049932277694
75	70	0.03561191658682945
75	71	0.12757786688671896
75	72	n/a
75	73	n/a
75	74	n/a
75	75	0.016332794344540425
75	76	0.03655205552757365
75	77	0.08901130280009614
75	78	0.03281151283783082
75	79	0.08343857714248996
75	80	0.07614822454839101
75	81	n/a
75	82	0.07907691728388816
75	83	0.013762418728060695
76	0	n/a
76	1	0.06261740326147798
76	2	n/a
76	3	n/a
76	4	n/a
76	5	n/a
76	6	n/a
76	7	n/a
76	8	n/a
76	9	n/a
76	10	n/a
76	11	n/a
76	12	n/a
76	13	0.00806682900066238
76	14	n/a
76	15	0.003879658770875355
76	16	0.0020296570419133515
76	17	0.017173307368922853
76	18	n/a
76	19	n/a
76	20	0.025063243174891406
76	21	n/a
76	22	0.03201481787859582
76	23	n/a
76	24	n/a
76	25	n/a
76	26	n/a
76	27	n/a
76	28	n/a
76	29	0.02774074696611741
76	30	n/a
76	31	0.044469297526595696
76	32	0.05667857030494192
76	33	n/a
76	34	0.011127344445205065
76	35	n/a
76	36	n/a
76	37	0.006820035876767055
76	38	0.04301576887571494
76	39	n/a
76	40	n/a
76	41	0.04128190772892769
76	42	n/a
76	43	0.008739722884966402
76	44	0.09098349316900523
76	45	0.13129554187170867
76	46	n/a
76	47	n/a
76	48	n/a
76	49	0.02068970336007113
76	50	n/a
76	51	n/a
76	52	n/a
76	53	n/a
76	54	n/a
76	55	n/a
76	56	n/a
76	57	n/a
76	58	0.09609104257003448
76	59	0.09414154003811442
76	60	n/a
76	61	n/a
76	62	n/a
76	63	0.09073788877067732
76	64	0.024399985607046617
76	65	0.017010890230412717
76	66	0.12336621129805818
76	67	0.029100042069918723
76	68	n/a
76	69	n/a
76	70	0.012782738435193244
76	71	n/a
76	72	n/a
76	73	0.0497144798730432
76	74	0.077989180065589
76	75	0.03655205552757365
76	76	0.014259942020370878
76	77	0.07005387901627409
76	78	n/a
76	79	n/a
76	80	0.04246724064530664
76	81	0.13558446342327682
76	82	0.11864574041385055
76	83	0.07921091131440021
77	0	0.08894159612101471
77	1	0.0037105825644523634
77	2	n/a
77	3	0.09544094096816422
77	4	n/a
77	5	n/a
77	6	n/a
77	7	n/a
77	8	n/a
77	9	n/a
77	10	n/a
77	11	n/a
77	12	n/a
77	13	n/a
77	14	n/a
77	15	0.018865245991436165
77	16	0.06409849694759139
77	17	0.03277059284545852
77	18	n/a
77	19	n/a
77	20	0.01613116005382025
77	21	n/a
77	22	0.04769911743930868
77	23	0.08154502383585764
77	24	n/a
77	25	0.00818553409548987
77	26	n/a
77	27	0.03398725915560127
77	28	n/a
77	29	0.018905245920765597
77	30	n/a
77	31	n/a
77	32	n/a
77	33	n/a
77	34	n/a
77	35	n/a
77	36	n/a
77	37	n/a
77	38	n/a
77	39	n/a
77	40	n/a
77	41	0.08232138682966736
77	42	n/a
77	43	0.008777718938112284
77	44	0.09877591928498354
77	45	n/a
77	46	n/a
77	47	n/a
77	48	0.0678225911925337
77	49	n/a
77	50	n/a
77	51	n/a
77	52	n/a
77	53	n/a
77	54	n/a
77	55	n/a
77	56	n/a
77	57	0.05422764820145742
77	58	n/a
77	59	n/a
77	60	0.011038940033398838
77	61	0.057604843114824285
77	62	0.03279791287273016
77	63	n/a
77	64	0.12714548781864668
77	65	0.08798651297314133
77	66	0.054701372355774054
77	67	0.013995013463689254
77	68	n/a
77	69	0.018403467422296302
77	70	0.022389343926694706
77	71	0.017700430739695586
77	72	0.06456993861865509
77	73	n/a
77	74	0.06098606610826233
77	75	0.08901130280009614
77	76	0.07005387901627409
77	77	0.01311836576676795
77	78	0.054428458861267626
77	79	n/a
77	80	n/a
77	81	0.04518040627438756
77	82	0.04531858717482962
77	83	0.020175741467731673
78	0	0.1414427853901222
78	1	n/a
78	2	n/a
78	3	0.07351816358271362
78	4	n/a
78	5	n/a
78	6	n/a
78	7	n/a
78	8	n/a
78	9	0.06332615904053099
78	10	n/a
78	11	n/a
78	12	n/a
78	13	n/a
78	14	n/a
78	15	0.04196234198314345
78	16	n/a
78	17	n/a
78	18	n/a
78	19	n/a
78	20	n/a
78	21	n/a
78	22	n/a
78	23	0.03557443140593776
78	24	n/a
78	25	n/a
78	26	n/a
78	27	0.03427379230458531
78	28	n/a
78	29	n/a
78	30	n/a
78	31	n/a
78	32	n/a
78	33	n/a
78	34	0.12971025072324904
78	35	n/a
78	36	n/a
78	37	0.10483113801050911
78	38	0.10663713563587376
78	39	n/a
78	40	n/a
78	41	0.03536790042975184
78	42	n/a
78	43	n/a
78	44	0.06349655254048736
78	45	0.1290698096314886
78	46	n/a
78	47	n/a
78	48	n/a
78	49	n/a
78	50	n/a
78	51	n/a
78	52	n/a
78	53	n/a
78	54	0.06449541793790342
78	55	n/a
78	56	n/a
78	57	0.07664615542954649
78	58	0.07745693184753394
78	59	0.009171150618780826
78	60	n/a
78	61	n/a
78	62	n/a
78	63	0.16284259996614184
78	64	0.07174864904705766
78	65	0.0019400433983154809
78	66	0.12157976078913997
78	67	0.032790057789961705
78	68	0.041720938118399636
78	69	n/a
78	70	0.02895359587641298
78	71	n/a
78	72	0.013092356060384724
78	73	0.006863146706092593
78	74	n/a
78	75	0.03281151283783082
78	76	n/a
78	77	0.054428458861267626
78	78	0.030683317061090634
78	79	0.07258667431182617
78	80	0.11606860729477471
78	81	0.12247229856238084
78	82	0.08403777626422969
78	83	0.05839201470238812
79	0	0.0413554222119777
79	1	0.01317174464579187
79	2	n/a
79	3	0.0
79	4	n/a
79	5	n/a
79	6	0.14710102253120588
79	7	n/a
79	8	n/a
79	9	0.0
79	10	n/a
79	11	n/a
79	12	n/a
79	13	n/a
79	14	n/a
79	15	n/a
79	16	0.11415103538470367
79	17	n/a
79	18	n/a
79	19	n/a
79	20	0.005277941021206773
79	21	n/a
79	22	0.04949678357026209
79	23	n/a
79	24	n/a
79	25	n/a
79	26	n/a
79	27	n/a
79	28	n/a
79	29	0.05939106386425585
79	30	n/a
79	31	n/a
79	32	0.0
79	33	n/a
79	34	n/a
79	35	n/a
79	36	n/a
79	37	0.04254802266507866
79	38	n/a
79	39	n/a
79	40	n/a
79	41	0.020776859608699468
79	42	n/a
79	43	n/a
79	44	n/a
79	45	0.014476229547185216
79	46	n/a
79	47	n/a
79	48	n/a
79	49	n/a
79	50	n/a
79	51	n/a
79	52	n/a
79	53	n/a
79	54	n/a
79	55	n/a
79	56	n/a
79	57	0.019504746552475184
79	58	0.054870981752708374
79	59	0.1734742497201293
79	60	0.008590035497597643
79	61	0.14405006821856
79	62	n/a
79	63	0.047084012864904295
79	64	n/a
79	65	0.033722175667523585
79	66	n/a
79	67	0.12962321959861883
79	68	n/a
79	69	n/a
79	70	0.037755623250179095
79	71	0.005388636856665445
79	72	n/a
79	73	0.14917960136120215
79	74	n/a
79	75	0.08343857714248996
79	76	n/a
79	77	n/a
79	78	0.07258667431182617
79	79	0.13181167537513722
79	80	n/a
79	81	n/a
79	82	0.0634157072372541
79	83	0.04944411518140459
80	0	0.0
80	1	n/a
80	2	n/a
80	3	n/a
80	4	n/a
80	5	n/a
80	6	0.06632951827912151
80	7	n/a
80	8	n/a
80	9	0.01239415928515128
80	10	n/a
80	11	n/a
80	12	n/a
80	13	0.0981717721466487
80	14	n/a
80	15	n/a
80	16	0.0
80	17	0.07156845087461436
80	18	n/a
80	19	n/a
80	20	0.1319945081998872
80	21	n/a
80	22	0.0722743593216535
80	23	0.10017663554723648
80	24	n/a
80	25	n/a
80	26	n/a
80	27	0.055849302944617124
80	28	n/a
80	29	0.11140433389009911
80	30	0.08502469853365811
80	31	0.0895221730458384
80	32	n/a
80	33	0.0744308908974185
80	34	0.04299671015514614
80	35	n/a
80	36	n/a
80	37	0.06322026922523812
80	38	0.05585414734145235
80	39	n/a
80	40	n/a
80	41	n/a
80	42	n/a
80	43	0.09295687727491284
80	44	0.12275766624341722
80	45	0.11882977902127168
80	46	n/a
80	47	n/a
80	48	0.10252419405570323
80	49	n/a
80	50	n/a
80	51	n/a
80	52	n/a
80	53	n/a
80	54	n/a
80	55	n/a
80	56	n/a
80	57	0.021916699568769182
80	58	0.06594265478215383
80	59	0.024625576104347492
80	60	0.10942775492781524
80	61	n/a
80	62	n/a
80	63	0.053727108858297276
80	64	0.0
80	65	0.014285873489244918
80	66	n/a
80	67	0.0735094843696773
80	68	0.10576501313822388
80	69	n/a
80	70	0.1996564144765255
80	71	n/a
80	72	0.1558925187129568
80	73	n/a
80	74	n/a
80	75	0.07614822454839101
80	76	0.04246724064530664
80	77	n/a
80	78	0.11606860729477471
80	79	n/a
80	80	0.08357158174516544
80	81	0.1426099217034243
80	82	0.15316530283658006
80	83	0.08867473538161424
81	0	0.0028020597826168806
81	1	n/a
81	2	n/a
81	3	0.16805460693320368
81	4	n/a
81	5	n/a
81	6	0.06719254187727812
81	7	n/a
81	8	n/a
81	9	0.04999149637936681
81	10	n/a
81	11	n/a
81	12	n/a
81	13	n/a
81	14	n/a
81	15	n/a
81	16	n/a
81	17	0.0
81	18	n/a
81	19	n/a
81	20	n/a
81	21	n/a
81	22	0.035859200881047354
81	23	n/a
81	24	n/a
81	25	n/a
81	26	n/a
81	27	n/a
81	28	n/a
81	29	n/a
81	30	0.0
81	31	0.0
81	32	n/a
81	33	n/a
81	34	n/a
81	35	n/a
81	36	n/a
81	37	0.0056200053275440535
81	38	0.04318095386707183
81	39	n/a
81	40	n/a
81	41	0.02624890788065926
81	42	n/a
81	43	0.022602039016415856
81	44	0.09135371525615223
81	45	0.11699286192359183
81	46	n/a
81	47	n/a
81	48	0.0
81	49	n/a
81	50	n/a
81	51	n/a
81	52	n/a
81	53	n/a
81	54	0.060924594930325475
81	55	n/a
81	56	n/a
81	57	n/a
81	58	0.05673261430944062
81	59	n/a
81	60	n/a
81	61	n/a
81	62	0.06574428432642822
81	63	0.06724108030703217
81	64	0.15423960601550063
81	65	0.08718711519396989
81	66	0.007295669479434833
81	67	0.07220872820849486
81	68	n/a
81	69	n/a
81	70	0.021116731045587412
81	71	0.10338066162492585
81	72	0.07419777329353507
81	73	n/a
81	74	0.0986260505970827
81	75	n/a
81	76	0.13558446342327682
81	77	0.04518040627438756
81	78	0.12247229856238084
81	79	n/a
81	80	0.1426099217034243
81	81	0.064757024935236
81	82	0.14710358549811722
81	83	0.053239899374869705
82	0	n/a
82	1	n/a
82	2	n/a
82	3	n/a
82	4	n/a
82	5	n/a
82	6	n/a
82	7	n/a
82	8	n/a
82	9	0.02390031543892056
82	10	n/a
82	11	n/a
82	12	n/a
82	13	n/a
82	14	n/a
82	15	0.02569043742399381
82	16	n/a
82	17	n/a
82	18	n/a
82	19	n/a
82	20	n/a
82	21	n/a
82	22	n/a
82	23	0.08499263550853983
82	24	n/a
82	25	n/a
82	26	n/a
82	27	n/a
82	28	0.03220157559934153
82	29	0.03489891656107029
82	30	0.11776470737130097
82	31	n/a
82	32	n/a
82	33	n/a
82	34	n/a
82	35	n/a
82	36	n/a
82	37	0.07690510127508605
82	38	n/a
82	39	n/a
82	40	n/a
82	41	0.02741185098653819
82	42	n/a
82	43	0.08133566355283323
82	44	0.1427234385080209
82	45	0.17159229365747047
82	46	n/a
82	47	n/a
82	48	n/a
82	49	0.042425171784030075
82	50	n/a
82	51	n/a
82	52	n/a
82	53	n/a
82	54	0.043706544876349236
82	55	n/a
82	56	n/a
82	57	0.131739423810328
82	58	0.035014299391814475
82	59	0.05068372369110842
82	60	0.03860564003049319
82	61	n/a
82	62	0.016967718453255665
82	63	0.01951918292346425
82	64	n/a
82	65	0.09202592687150324
82	66	0.0909805113684538
82	67	0.05287469328180281
82	68	0.015220091381111743
82	69	0.08412883674708833
82	70	0.044416733488532076
82	71	0.06850532566336259
82	72	0.07716598347340144
82	73	n/a
82	74	0.0692628735101459
82	75	0.07907691728388816
82	76	0.11864574041385055
82	77	0.04531858717482962
82	78	0.08403777626422969
82	79	0.0634157072372541
82	80	0.15316530283658006
82	81	0.14710358549811722
82	82	0.1537597011875084
82	83	0.11929948432350572
83	0	n/a
83	1	0.057307452707792035
83	2	n/a
83	3	n/a
83	4	n/a
83	5	n/a
83	6	0.08009020474132279
83	7	n/a
83	8	n/a
83	9	n/a
83	10	n/a
83	11	n/a
83	12	n/a
83	13	n/a
83	14	n/a
83	15	n/a
83	16	0.1353928161759796
83	17	n/a
83	18	n/a
83	19	n/a
83	20	0.10846347668621349
83	21	n/a
83	22	0.02190357865762834
83	23	0.04257448175175822
83	24	n/a
83	25	n/a
83	26	n/a
83	27	n/a
83	28	n/a
83	29	n/a
83	30	0.011523687352577253
83	31	n/a
83	32	n/a
83	33	0.0682392376662324
83	34	0.07610572781802616
83	35	n/a
83	36	n/a
83	37	0.03600628346714355
83	38	n/a
83	39	n/a
83	40	n/a
83	41	n/a
83	42	n/a
83	43	n/a
83	44	2.3758317778807176E-4
83	45	0.024471679757773666
83	46	n/a
83	47	n/a
83	48	n/a
83	49	n/a
83	50	n/a
83	51	n/a
83	52	n/a
83	53	n/a
83	54	0.04299640244662524
83	55	n/a
83	56	n/a
83	57	0.12160210717573551
83	58	0.1571656430344032
83	59	n/a
83	60	0.005266805650985672
83	61	n/a
83	62	n/a
83	63	0.09848533986683704
83	64	0.10269030874621546
83	65	0.15453460667834512
83	66	0.05142072212726963
83	67	0.11759069044582542
83	68	n/a
83	69	0.11008100188089422
83	70	n/a
83	71	0.04838363784379167
83	72	0.05099409283923453
83	73	0.1015530608088934
83	74	0.031554743251513556
83	75	0.013762418728060695
83	76	0.07921091131440021
83	77	0.020175741467731673
83	78	0.05839201470238812
83	79	0.04944411518140459
83	80	0.08867473538161424
83	81	0.053239899374869705
83	82	0.11929948432350572
83	83	0.1163265345817208
#subnet edge score	104.06316947679504