1	7	n/a
1	8	n/a
1	14	n/a
1	23	n/a
1	29	n/a
1	30	n/a
2	9	n/a
2	13	n/a
2	22	n/a
2	24	n/a
2	25	n/a
2	26	n/a
2	27	n/a
2	31	n/a
2	36	n/a
2	37	n/a
2	38	n/a
2	42	n/a
2	51	n/a
2	76	n/a
3	7	n/a
3	8	n/a
3	17	n/a
3	21	n/a
3	23	n/a
3	26	n/a
3	27	n/a
3	36	n/a
3	37	n/a
3	38	n/a
3	39	n/a
3	52	n/a
3	76	n/a
4	9	n/a
4	10	n/a
4	12	n/a
4	15	n/a
4	20	n/a
4	24	n/a
4	28	n/a
5	6	n/a
5	12	n/a
5	15	n/a
5	24	n/a
5	32	n/a
5	34	n/a
5	40	n/a
5	41	n/a
6	7	n/a
6	8	n/a
6	10	n/a
6	12	n/a
6	15	n/a
6	28	n/a
6	32	n/a
6	40	n/a
6	41	n/a
7	8	n/a
7	10	n/a
7	14	n/a
7	23	n/a
7	24	n/a
7	28	n/a
7	29	n/a
7	30	n/a
7	33	n/a
7	36	n/a
7	38	n/a
8	10	n/a
8	12	n/a
8	14	n/a
8	17	n/a
8	23	n/a
8	28	n/a
8	30	n/a
8	32	n/a
8	40	n/a
8	41	n/a
9	10	n/a
9	12	n/a
9	15	n/a
9	20	n/a
9	22	n/a
9	24	n/a
9	27	n/a
9	28	n/a
9	36	n/a
9	40	n/a
9	58	n/a
9	73	n/a
9	77	n/a
10	12	n/a
10	14	n/a
10	15	n/a
10	20	n/a
10	28	n/a
10	29	n/a
10	34	n/a
10	36	n/a
10	40	n/a
10	41	n/a
11	13	n/a
11	17	n/a
11	18	n/a
11	19	n/a
11	25	n/a
11	26	n/a
11	27	n/a
11	31	n/a
11	34	n/a
11	37	n/a
11	38	n/a
11	42	n/a
11	49	n/a
11	62	n/a
11	80	n/a
12	15	n/a
12	20	n/a
12	24	n/a
12	28	n/a
12	40	n/a
13	25	n/a
13	26	n/a
13	27	n/a
13	31	n/a
13	34	n/a
13	36	n/a
13	37	n/a
13	38	n/a
13	41	n/a
13	42	n/a
13	44	n/a
13	49	n/a
13	62	n/a
13	74	n/a
13	75	n/a
13	76	n/a
13	80	n/a
14	17	n/a
14	23	n/a
14	28	n/a
14	29	n/a
14	30	n/a
14	32	n/a
14	34	n/a
14	41	n/a
15	20	n/a
15	24	n/a
15	28	n/a
15	36	n/a
15	40	n/a
16	21	n/a
16	22	n/a
16	23	n/a
16	24	n/a
16	27	n/a
16	28	n/a
16	36	n/a
16	38	n/a
16	39	n/a
16	65	n/a
16	71	n/a
16	72	n/a
16	76	n/a
17	18	n/a
17	19	n/a
17	21	n/a
17	23	n/a
17	26	n/a
17	27	n/a
17	29	n/a
17	30	n/a
17	34	n/a
17	36	n/a
17	37	n/a
17	38	n/a
17	76	n/a
18	19	n/a
18	26	n/a
18	27	n/a
18	31	n/a
18	34	n/a
18	36	n/a
18	37	n/a
18	38	n/a
18	75	n/a
18	76	n/a
19	26	n/a
19	27	n/a
19	34	n/a
19	36	n/a
19	37	n/a
19	38	n/a
19	76	n/a
20	24	n/a
20	28	n/a
21	23	n/a
21	28	n/a
21	30	n/a
21	33	n/a
21	34	n/a
21	36	n/a
21	37	n/a
21	38	n/a
21	39	n/a
21	40	n/a
22	23	n/a
22	24	n/a
22	25	n/a
22	27	n/a
22	28	n/a
22	65	n/a
22	71	n/a
22	72	n/a
22	76	n/a
23	27	n/a
23	28	n/a
23	29	n/a
23	30	n/a
23	34	n/a
23	36	n/a
23	37	n/a
23	38	n/a
23	39	n/a
23	40	n/a
23	65	n/a
23	71	n/a
23	72	n/a
23	76	n/a
24	27	n/a
24	28	n/a
24	33	n/a
24	36	n/a
24	40	n/a
24	58	n/a
24	71	n/a
24	73	n/a
24	77	n/a
25	26	n/a
25	27	n/a
25	31	n/a
25	42	n/a
25	49	n/a
25	62	n/a
25	74	n/a
25	75	n/a
25	76	n/a
25	80	n/a
26	27	n/a
26	31	n/a
26	34	n/a
26	36	n/a
26	37	n/a
26	38	n/a
26	39	n/a
26	42	n/a
26	51	n/a
26	62	n/a
26	67	n/a
26	74	n/a
26	75	n/a
26	76	n/a
26	80	n/a
27	28	n/a
27	31	n/a
27	34	n/a
27	36	n/a
27	37	n/a
27	38	n/a
27	39	n/a
27	43	n/a
27	44	n/a
27	45	n/a
27	46	n/a
27	51	n/a
27	52	n/a
27	62	n/a
27	65	n/a
27	66	n/a
27	67	n/a
27	68	n/a
27	71	n/a
27	72	n/a
27	74	n/a
27	75	n/a
27	76	n/a
27	80	n/a
28	29	n/a
28	30	n/a
28	33	n/a
28	34	n/a
28	36	n/a
28	38	n/a
28	39	n/a
28	40	n/a
28	58	n/a
28	73	n/a
28	77	n/a
29	30	n/a
29	32	n/a
29	33	n/a
29	34	n/a
29	41	n/a
30	33	n/a
30	34	n/a
30	36	n/a
30	38	n/a
31	34	n/a
31	37	n/a
31	38	n/a
31	62	n/a
31	74	n/a
31	75	n/a
31	76	n/a
31	80	n/a
32	34	n/a
32	36	n/a
32	40	n/a
32	41	n/a
33	34	n/a
33	38	n/a
34	36	n/a
34	38	n/a
34	41	n/a
34	42	n/a
35	36	n/a
35	39	n/a
35	46	n/a
35	84	n/a
36	37	n/a
36	38	n/a
36	39	n/a
36	40	n/a
36	41	n/a
36	42	n/a
36	76	n/a
36	84	n/a
37	38	n/a
37	39	n/a
37	42	n/a
37	76	n/a
38	39	n/a
38	41	n/a
38	42	n/a
38	76	n/a
39	40	n/a
39	41	n/a
39	76	n/a
39	84	n/a
40	41	n/a
42	44	n/a
42	49	n/a
42	62	n/a
43	44	n/a
43	45	0.012297627388943792
43	46	0.02937369325559783
43	47	0.025613750028788476
43	48	0.012721379581765935
43	49	n/a
43	51	n/a
43	52	0.04808363991424376
43	56	0.051721196369973244
43	58	0.17282940544563424
43	59	0.03395160179971983
43	64	0.03095469284431423
43	65	n/a
43	67	n/a
43	68	n/a
43	70	0.044486349804303514
43	71	n/a
43	72	0.03723215819678239
43	73	0.022334324792975147
43	75	0.008696773294660927
43	76	0.006941096452180257
43	77	0.07218398901403845
43	81	0.10196066163228171
43	83	0.13106551571023783
43	84	n/a
44	45	n/a
44	46	n/a
44	49	n/a
44	51	n/a
44	52	n/a
44	60	n/a
44	62	n/a
44	66	n/a
44	67	n/a
44	68	n/a
44	70	n/a
44	72	n/a
44	75	n/a
44	76	n/a
44	80	n/a
45	46	0.08589832505063964
45	48	0.13462522744668118
45	49	n/a
45	51	n/a
45	52	0.017655049013579636
45	56	0.10393254010387333
45	59	0.06728532219102279
45	60	n/a
45	62	n/a
45	66	0.1157483465332497
45	67	n/a
45	68	n/a
45	70	0.025500052697378157
45	72	0.03419933740239404
45	73	0.05484812777161478
45	75	0.031088477923050216
45	76	0.028538154913907147
45	77	0.1166193391177536
45	78	0.1604290912802662
45	79	0.10341429977629052
45	80	n/a
45	82	0.10755787024015126
45	83	0.123768271074221
46	47	0.11572116358030445
46	48	0.01226480453418412
46	52	0.04989709669859958
46	65	n/a
46	70	0.1546188252918239
46	72	0.1294618263985807
46	75	0.13038516513681384
46	76	0.12006741210093698
46	77	0.11973046026312287
46	84	n/a
47	48	0.023408854253323775
47	54	n/a
47	55	n/a
47	56	0.08035523446705406
47	57	0.20437409898037862
47	58	0.23708886656463746
47	59	0.11492982875201965
47	61	0.14309269647174214
47	63	0.12577479024181284
47	64	0.11894515218653005
47	72	0.0495283597452335
47	73	0.07001346334139204
47	77	0.0581968738842995
47	81	0.23383159727856032
48	54	n/a
48	55	n/a
48	57	0.26876457158921563
48	59	0.04692365842860537
48	63	0.16150810491463158
48	77	0.07304180457650856
48	78	0.1157615523811009
48	81	0.2636490875931711
48	83	0.06252303752387224
49	51	n/a
49	60	n/a
49	62	n/a
49	74	n/a
49	80	n/a
49	83	n/a
50	56	n/a
50	57	n/a
50	63	n/a
50	77	n/a
50	78	n/a
50	79	n/a
51	58	n/a
51	62	n/a
51	71	n/a
51	73	n/a
51	74	n/a
51	75	n/a
51	76	n/a
52	56	0.028875303616467285
52	57	0.10285943964307812
52	66	0.16345421186998613
52	68	n/a
52	72	0.04699833407016911
52	75	0.07563014791894919
52	76	0.049620432491875685
52	77	0.08355739196337716
53	58	n/a
53	59	n/a
53	61	n/a
53	69	n/a
53	73	n/a
53	77	n/a
54	55	n/a
54	64	n/a
54	73	n/a
54	81	n/a
54	83	n/a
55	56	n/a
55	57	n/a
55	59	n/a
55	61	n/a
55	64	n/a
55	77	n/a
55	81	n/a
56	57	0.041089031439638435
56	59	0.02779670969216243
56	63	0.10974892699935995
56	66	0.07391367118681007
56	70	0.03672661169191114
56	72	0.0026193866512622347
56	73	0.0022752791744232474
56	77	0.056932075284690895
56	78	0.04096010771037797
56	79	0.04604139942346417
56	82	0.005320648567132847
56	83	0.1384269870538243
57	59	0.024554695742991378
57	61	0.08045975422125168
57	63	0.20720890977777517
57	64	0.06301414117021034
57	77	0.022483515405221675
57	79	0.029173859061165652
57	81	0.11823696800768448
58	59	0.0832290858383097
58	61	0.09834155170291832
58	64	0.16332389555281895
58	71	n/a
58	73	0.06518501908626996
58	76	0.06743465078647869
58	77	0.03834762428165745
59	61	0.037276451313094955
59	63	0.01032636157896532
59	64	0.09240482919862522
59	69	n/a
59	77	0.05533149550890951
59	78	0.00556179581476912
59	83	0.06686345169704123
60	62	n/a
60	67	n/a
60	68	n/a
60	74	n/a
60	75	n/a
60	80	n/a
60	83	n/a
61	64	0.11826938670360569
61	69	n/a
61	73	0.043025700331475354
61	77	0.03914100948633296
62	74	n/a
62	75	n/a
62	76	n/a
62	80	n/a
62	83	n/a
63	75	0.06483719018523913
63	77	0.008501105324808413
63	78	0.06887454559269535
63	79	0.013988323163416114
63	81	0.004091055638093946
63	83	0.10811423594525853
64	69	n/a
64	73	0.0805113151010277
64	77	0.0978529260714809
65	70	n/a
65	71	n/a
65	72	n/a
65	73	n/a
65	76	n/a
65	77	n/a
66	67	n/a
66	68	n/a
66	70	0.008702771689213774
66	72	0.048835109392771206
66	75	0.21977907056299484
66	76	0.040804816869580415
66	79	0.04166973262875045
66	83	0.13253873744279565
67	68	n/a
67	75	n/a
67	76	n/a
67	80	n/a
67	83	n/a
68	72	n/a
68	75	n/a
68	76	n/a
68	79	n/a
68	83	n/a
69	73	n/a
69	77	n/a
70	72	0.03314519409484851
70	77	0.09081164234352204
70	79	0.002516786332329924
70	82	0.04645678507602069
70	83	0.07497577914862982
71	72	n/a
71	73	n/a
71	74	n/a
71	76	n/a
71	77	n/a
72	75	0.03523407516749169
72	76	0.08522691065865126
72	77	0.06400476886758222
72	79	0.07383217674993457
72	83	0.023887863026055323
73	76	0.027693846820258397
73	77	0.07859945379974936
73	78	0.057311885167796714
73	82	0.11211167234979479
74	75	n/a
74	76	n/a
74	80	n/a
75	76	7.276878781304602E-4
75	80	n/a
75	83	0.07121746234985442
76	80	n/a
76	83	0.06265855962399315
77	78	0.07064185293410272
77	79	0.01889513557102982
77	82	0.15974354157410972
77	83	0.15316778388114477
78	79	0.04721027741505766
78	81	0.01919602238183123
78	82	0.024484843731943342
78	83	0.07857779188475203
79	82	0.15001365240884826
79	83	0.105860057573935
80	83	n/a
81	83	0.2324349485061374
82	83	0.12337107243469171
#subnet edge score	11.162564789317853