1	7	n/a
1	8	n/a
1	14	n/a
1	23	n/a
1	29	n/a
1	30	n/a
2	9	n/a
2	13	0.02153528440034445
2	22	n/a
2	24	n/a
2	25	0.04406126592304016
2	26	0.048579183395900415
2	27	0.005848350494809559
2	31	0.09669812045617211
2	36	0.04513858426777479
2	37	0.017623562152589766
2	38	0.08297323269775045
2	42	0.007760190220243224
2	51	n/a
2	76	0.08906831180127486
3	7	n/a
3	8	n/a
3	17	0.10006292953278714
3	21	0.15600165720338413
3	23	0.10655869014039593
3	26	0.03795941344300695
3	27	0.10090141164136017
3	36	0.04033630644356033
3	37	0.10263375806953766
3	38	0.09198260067915798
3	39	0.019608224093658987
3	52	n/a
3	76	0.08801781969273799
4	9	n/a
4	10	n/a
4	12	n/a
4	15	n/a
4	20	n/a
4	24	n/a
4	28	n/a
5	6	n/a
5	12	n/a
5	15	n/a
5	24	n/a
5	32	n/a
5	34	n/a
5	40	n/a
5	41	n/a
6	7	n/a
6	8	n/a
6	10	n/a
6	12	n/a
6	15	n/a
6	28	n/a
6	32	n/a
6	40	n/a
6	41	n/a
7	8	n/a
7	10	n/a
7	14	n/a
7	23	n/a
7	24	n/a
7	28	n/a
7	29	n/a
7	30	n/a
7	33	n/a
7	36	n/a
7	38	n/a
8	10	n/a
8	12	n/a
8	14	n/a
8	17	n/a
8	23	n/a
8	28	n/a
8	30	n/a
8	32	n/a
8	40	n/a
8	41	n/a
9	10	n/a
9	12	n/a
9	15	n/a
9	20	n/a
9	22	n/a
9	24	n/a
9	27	n/a
9	28	n/a
9	36	n/a
9	40	n/a
9	58	n/a
9	73	n/a
9	77	n/a
10	12	n/a
10	14	n/a
10	15	n/a
10	20	n/a
10	28	n/a
10	29	n/a
10	34	n/a
10	36	n/a
10	40	n/a
10	41	n/a
11	13	0.0052486044170290385
11	17	0.07094870353497151
11	18	0.0807588312292798
11	19	0.11935474830777029
11	25	0.15226051674500837
11	26	0.10942313566587723
11	27	0.15776961181118138
11	31	0.08535535170641355
11	34	0.04538786586681799
11	37	0.022112348888309357
11	38	0.05330764157174202
11	42	8.855755745429552E-4
11	49	0.14233783426093544
11	62	0.0977532691838157
11	80	0.01468410156519506
12	15	n/a
12	20	n/a
12	24	n/a
12	28	n/a
12	40	n/a
13	25	0.1194060839445049
13	26	0.1179996470238439
13	27	0.06971916018760653
13	31	0.0861925215310264
13	34	0.07757849783276384
13	36	0.09701527536317793
13	37	0.026180688106188354
13	38	0.03480801412162155
13	41	n/a
13	42	0.13912582404851737
13	44	0.0389730430953427
13	49	0.005424226421920277
13	62	0.004993977782075466
13	74	0.09585678482928897
13	75	0.018637458885504676
13	76	0.047515353715671914
13	80	0.06683322709098692
14	17	n/a
14	23	n/a
14	28	n/a
14	29	n/a
14	30	n/a
14	32	n/a
14	34	n/a
14	41	n/a
15	20	n/a
15	24	n/a
15	28	n/a
15	36	n/a
15	40	n/a
16	21	0.07614560650166628
16	22	n/a
16	23	0.04570247399972183
16	24	n/a
16	27	0.023912317438337764
16	28	0.026239952328431154
16	36	0.08513498464531775
16	38	0.06410836152621896
16	39	0.15327475869079416
16	65	n/a
16	71	n/a
16	72	n/a
16	76	0.04455779190408565
17	18	0.07816844742931785
17	19	0.04007671034787119
17	21	0.025459787872493665
17	23	7.244780715127306E-5
17	26	0.09769929912927693
17	27	0.12223396804844028
17	29	n/a
17	30	n/a
17	34	0.01011599779014397
17	36	0.0352283361651962
17	37	0.08954808639664327
17	38	0.03850670513729096
17	76	0.07565888291804211
18	19	0.008803673076032388
18	26	0.006285002698340614
18	27	0.1923704983118181
18	31	0.14527172791140755
18	34	0.006238531774442272
18	36	0.06537703293243127
18	37	0.08771226023752808
18	38	0.028160674032001606
18	75	0.04602213160707178
18	76	0.055131980586854056
19	26	0.09229865444633475
19	27	0.1387855455151017
19	34	0.05426371959757337
19	36	0.017377977921231563
19	37	0.05947569239803016
19	38	0.07292157925973902
19	76	0.0724097804952764
20	24	n/a
20	28	n/a
21	23	0.031071244445300614
21	28	0.13423009767936642
21	30	n/a
21	33	n/a
21	34	0.04002700543784092
21	36	0.019277881102367438
21	37	0.05248262057797068
21	38	0.006487852326357203
21	39	0.044772633681200415
21	40	n/a
22	23	n/a
22	24	n/a
22	25	n/a
22	27	n/a
22	28	n/a
22	65	n/a
22	71	n/a
22	72	n/a
22	76	n/a
23	27	3.557630088756262E-4
23	28	0.07753293929898397
23	29	n/a
23	30	n/a
23	34	0.022136607895353773
23	36	0.0957831475418255
23	37	0.06863056682920897
23	38	0.06454632061540813
23	39	0.05776194659779759
23	40	n/a
23	65	n/a
23	71	n/a
23	72	n/a
23	76	0.02705441555786018
24	27	n/a
24	28	n/a
24	33	n/a
24	36	n/a
24	40	n/a
24	58	n/a
24	71	n/a
24	73	n/a
24	77	n/a
25	26	0.09998655350980894
25	27	0.005283253656411133
25	31	0.024825837851937156
25	42	0.062407494777040905
25	49	0.059040243136259794
25	62	0.08612391250292054
25	74	0.013523870135642999
25	75	0.026602017000869387
25	76	0.0273893828735713
25	80	0.007704542356894067
26	27	0.13166072200028855
26	31	0.05187102496147469
26	34	0.07412284352828248
26	36	0.0692612288736514
26	37	0.12268752555376786
26	38	0.08141625788937992
26	39	0.014328284688174852
26	42	0.04813627745677294
26	51	n/a
26	62	0.06556393870435655
26	67	n/a
26	74	0.06474342120220525
26	75	0.0542549843999831
26	76	0.04894817487721525
26	80	0.03897118621053408
27	28	0.058227976147031256
27	31	0.10228059716842768
27	34	0.15941503302090845
27	36	0.006528416626736741
27	37	0.07979441723991884
27	38	0.061075977305554106
27	39	0.026136019707883696
27	43	n/a
27	44	0.029911103231426282
27	45	n/a
27	46	n/a
27	51	n/a
27	52	n/a
27	62	0.03899913560292682
27	65	n/a
27	66	n/a
27	67	n/a
27	68	n/a
27	71	n/a
27	72	n/a
27	74	0.04321066931538369
27	75	0.025417562753564035
27	76	0.084392814275385
27	80	0.05144322554334779
28	29	n/a
28	30	n/a
28	33	n/a
28	34	0.05187930939682892
28	36	0.02331180883634193
28	38	0.013722295326114058
28	39	0.0637861015197015
28	40	n/a
28	58	n/a
28	73	n/a
28	77	n/a
29	30	n/a
29	32	n/a
29	33	n/a
29	34	n/a
29	41	n/a
30	33	n/a
30	34	n/a
30	36	n/a
30	38	n/a
31	34	0.09278286811415173
31	37	0.052451875277173515
31	38	0.01922358920434725
31	62	0.021383009708197676
31	74	0.008738095474248777
31	75	0.02530440912256189
31	76	0.0052397094418722
31	80	0.04450927595008876
32	34	n/a
32	36	n/a
32	40	n/a
32	41	n/a
33	34	n/a
33	38	n/a
34	36	0.016891789142172944
34	38	0.10036579995351352
34	41	n/a
34	42	0.0528986397457465
35	36	n/a
35	39	n/a
35	46	n/a
35	84	n/a
36	37	0.08929091268657299
36	38	0.12342241510245208
36	39	0.16538991508521594
36	40	n/a
36	41	n/a
36	42	0.013028468489159718
36	76	0.016096291781066068
36	84	n/a
37	38	0.04789081066442985
37	39	0.05343425871887071
37	42	0.0426599900297704
37	76	0.045960262949960425
38	39	0.02545473741324389
38	41	n/a
38	42	0.03107157465064071
38	76	0.0680246175941001
39	40	n/a
39	41	n/a
39	76	0.1075365741814521
39	84	n/a
40	41	n/a
42	44	9.753057513691392E-4
42	49	0.08774796443708065
42	62	0.1027667260266768
43	44	n/a
43	45	n/a
43	46	n/a
43	47	n/a
43	48	n/a
43	49	n/a
43	51	n/a
43	52	n/a
43	56	n/a
43	58	n/a
43	59	n/a
43	64	n/a
43	65	n/a
43	67	n/a
43	68	n/a
43	70	n/a
43	71	n/a
43	72	n/a
43	73	n/a
43	75	n/a
43	76	n/a
43	77	n/a
43	81	n/a
43	83	n/a
43	84	n/a
44	45	n/a
44	46	n/a
44	49	0.16464998479555154
44	51	n/a
44	52	n/a
44	60	0.03294648204327303
44	62	0.05514900431028364
44	66	n/a
44	67	n/a
44	68	n/a
44	70	n/a
44	72	n/a
44	75	0.06196081445748054
44	76	0.1051132470217932
44	80	0.05909860187636743
45	46	n/a
45	48	n/a
45	49	n/a
45	51	n/a
45	52	n/a
45	56	n/a
45	59	n/a
45	60	n/a
45	62	n/a
45	66	n/a
45	67	n/a
45	68	n/a
45	70	n/a
45	72	n/a
45	73	n/a
45	75	n/a
45	76	n/a
45	77	n/a
45	78	n/a
45	79	n/a
45	80	n/a
45	82	n/a
45	83	n/a
46	47	n/a
46	48	n/a
46	52	n/a
46	65	n/a
46	70	n/a
46	72	n/a
46	75	n/a
46	76	n/a
46	77	n/a
46	84	n/a
47	48	n/a
47	54	n/a
47	55	n/a
47	56	n/a
47	57	n/a
47	58	n/a
47	59	n/a
47	61	n/a
47	63	n/a
47	64	n/a
47	72	n/a
47	73	n/a
47	77	n/a
47	81	n/a
48	54	n/a
48	55	n/a
48	57	n/a
48	59	n/a
48	63	n/a
48	77	n/a
48	78	n/a
48	81	n/a
48	83	n/a
49	51	n/a
49	60	0.08847331696339623
49	62	0.0783277994096676
49	74	0.15469527761005483
49	80	0.054413969495938325
49	83	0.16742364770604168
50	56	n/a
50	57	n/a
50	63	n/a
50	77	n/a
50	78	n/a
50	79	n/a
51	58	n/a
51	62	n/a
51	71	n/a
51	73	n/a
51	74	n/a
51	75	n/a
51	76	n/a
52	56	n/a
52	57	n/a
52	66	n/a
52	68	n/a
52	72	n/a
52	75	n/a
52	76	n/a
52	77	n/a
53	58	n/a
53	59	n/a
53	61	n/a
53	69	n/a
53	73	n/a
53	77	n/a
54	55	n/a
54	64	n/a
54	73	n/a
54	81	n/a
54	83	n/a
55	56	n/a
55	57	n/a
55	59	n/a
55	61	n/a
55	64	n/a
55	77	n/a
55	81	n/a
56	57	n/a
56	59	n/a
56	63	n/a
56	66	n/a
56	70	n/a
56	72	n/a
56	73	n/a
56	77	n/a
56	78	n/a
56	79	n/a
56	82	n/a
56	83	n/a
57	59	n/a
57	61	n/a
57	63	n/a
57	64	n/a
57	77	n/a
57	79	n/a
57	81	n/a
58	59	n/a
58	61	n/a
58	64	n/a
58	71	n/a
58	73	n/a
58	76	n/a
58	77	n/a
59	61	n/a
59	63	n/a
59	64	n/a
59	69	n/a
59	77	n/a
59	78	n/a
59	83	n/a
60	62	0.03953832945052505
60	67	n/a
60	68	n/a
60	74	0.10691259756503468
60	75	0.049985583089863755
60	80	0.053844682605836885
60	83	0.14432013307505262
61	64	n/a
61	69	n/a
61	73	n/a
61	77	n/a
62	74	0.10787168971852198
62	75	0.05332580249001661
62	76	0.07281345427424987
62	80	0.0607077585762056
62	83	0.0804823623506699
63	75	n/a
63	77	n/a
63	78	n/a
63	79	n/a
63	81	n/a
63	83	n/a
64	69	n/a
64	73	n/a
64	77	n/a
65	70	n/a
65	71	n/a
65	72	n/a
65	73	n/a
65	76	n/a
65	77	n/a
66	67	n/a
66	68	n/a
66	70	n/a
66	72	n/a
66	75	n/a
66	76	n/a
66	79	n/a
66	83	n/a
67	68	n/a
67	75	n/a
67	76	n/a
67	80	n/a
67	83	n/a
68	72	n/a
68	75	n/a
68	76	n/a
68	79	n/a
68	83	n/a
69	73	n/a
69	77	n/a
70	72	n/a
70	77	n/a
70	79	n/a
70	82	n/a
70	83	n/a
71	72	n/a
71	73	n/a
71	74	n/a
71	76	n/a
71	77	n/a
72	75	n/a
72	76	n/a
72	77	n/a
72	79	n/a
72	83	n/a
73	76	n/a
73	77	n/a
73	78	n/a
73	82	n/a
74	75	0.08597161865403097
74	76	0.010142736765765256
74	80	0.0101208806569946
75	76	0.047057010118893176
75	80	0.049587936992955155
75	83	0.03859102751731105
76	80	0.05307700287446558
76	83	0.022350805487111745
77	78	n/a
77	79	n/a
77	82	n/a
77	83	n/a
78	79	n/a
78	81	n/a
78	82	n/a
78	83	n/a
79	82	n/a
79	83	n/a
80	83	0.09511757694945407
81	83	n/a
82	83	n/a
#subnet edge score	12.393095705295655