1	7	n/a
1	8	n/a
1	14	n/a
1	23	n/a
1	29	n/a
1	30	n/a
2	9	n/a
2	13	0.095
2	22	0.177
2	24	n/a
2	25	0.085
2	26	0.059
2	27	0.045
2	31	0.109
2	36	0.158
2	37	0.105
2	38	0.085
2	42	0.047
2	51	n/a
2	76	0.171
3	7	n/a
3	17	0.023
3	21	0.116
3	23	0.17
3	26	0.002
3	27	0.024
3	36	0.041
3	37	0.161
3	38	0.043
3	39	0.103
3	76	0.126
4	9	n/a
4	10	n/a
4	12	n/a
4	15	n/a
4	20	n/a
4	24	n/a
4	28	n/a
5	6	n/a
5	12	n/a
5	15	n/a
5	24	n/a
5	32	n/a
5	34	n/a
5	40	n/a
5	41	n/a
6	7	n/a
6	8	n/a
6	10	n/a
6	12	n/a
6	15	n/a
6	28	n/a
6	32	n/a
6	40	n/a
6	41	n/a
7	8	n/a
7	10	n/a
7	14	n/a
7	23	n/a
7	24	n/a
7	28	n/a
7	29	n/a
7	30	n/a
7	33	n/a
7	36	n/a
7	38	n/a
8	10	n/a
8	12	n/a
8	14	n/a
8	17	n/a
8	23	n/a
8	28	n/a
8	30	n/a
8	32	n/a
8	40	n/a
8	41	n/a
9	10	n/a
9	12	n/a
9	15	n/a
9	20	n/a
9	22	n/a
9	24	n/a
9	27	n/a
9	28	n/a
9	36	n/a
9	40	n/a
9	58	n/a
9	73	n/a
9	77	n/a
10	12	n/a
10	14	n/a
10	15	n/a
10	20	n/a
10	28	n/a
10	29	n/a
10	34	n/a
10	36	n/a
10	40	n/a
10	41	n/a
11	13	0.115
11	17	0.078
11	18	0.1
11	19	n/a
11	26	0.26
11	27	0.119
11	31	0.06
11	34	0.106
11	37	0.006
11	38	0.018
11	42	0.016
11	49	0.091
11	62	0.001
11	80	0.194
12	15	n/a
12	20	n/a
12	24	n/a
12	28	n/a
12	40	n/a
13	25	0.023
13	26	0.018
13	27	0.121
13	31	0.192
13	34	0.05
13	36	0.031
13	37	0.167
13	38	0.046
13	41	n/a
13	42	0.217
13	44	0.033
13	49	0.113
13	62	0.132
13	74	0.075
13	75	0.029
13	76	0.08
13	80	0.051
14	17	n/a
14	23	n/a
14	28	n/a
14	29	n/a
14	30	n/a
14	32	n/a
14	34	n/a
14	41	n/a
15	20	n/a
15	24	n/a
15	28	n/a
15	36	n/a
15	40	n/a
16	21	0.166
16	22	0.068
16	23	0.02
16	24	n/a
16	27	0.22
16	28	n/a
16	36	0.013
16	38	0.058
16	39	0.106
16	65	n/a
16	71	n/a
16	72	0.001
16	76	0.051
17	18	0.008
17	19	n/a
17	21	0.178
17	23	0.02
17	26	0.131
17	27	0.089
17	29	n/a
17	30	n/a
17	34	0.002
17	36	0.041
17	37	0.104
17	38	0.146
17	76	0.036
18	26	0.034
18	27	0.269
18	31	0.185
18	34	0.102
18	36	0.178
18	37	0.131
18	38	0.116
18	76	0.044
19	26	n/a
19	27	n/a
19	34	n/a
19	36	n/a
19	37	n/a
19	38	n/a
19	76	n/a
20	24	n/a
20	28	n/a
21	23	0.08
21	28	n/a
21	30	n/a
21	33	n/a
21	34	0.123
21	36	0.086
21	37	0.246
21	39	0.059
22	23	0.034
22	24	n/a
22	25	0.025
22	27	0.159
22	28	n/a
22	65	n/a
22	71	n/a
22	72	0.156
22	76	0.094
23	27	0.003
23	28	n/a
23	29	n/a
23	30	n/a
23	33	n/a
23	34	0.182
23	36	0.012
23	37	0.06
23	38	0.086
23	39	0.134
23	40	n/a
23	65	n/a
23	71	n/a
23	72	0.007
24	27	n/a
24	28	n/a
24	33	n/a
24	36	n/a
24	40	n/a
24	58	n/a
24	71	n/a
24	73	n/a
24	77	n/a
25	26	0.142
25	27	0.111
25	31	0.014
25	42	0.04
25	49	0.154
25	62	0.11
25	74	0.16
25	75	0.047
25	76	0.143
25	80	0.104
26	27	0.173
26	31	0.128
26	34	0.085
26	36	0.119
26	37	0.144
26	38	0.063
26	39	0.019
26	42	0.087
26	51	n/a
26	62	0.028
26	67	n/a
26	74	0.079
26	75	0.052
26	76	0.065
26	80	0.031
27	28	n/a
27	31	0.003
27	34	0.027
27	36	0.094
27	37	0.062
27	38	0.078
27	39	0.043
27	43	n/a
27	44	0.215
27	45	0.036
27	46	n/a
27	51	n/a
27	52	0.087
27	62	0.007
27	65	n/a
27	66	n/a
27	68	n/a
27	71	n/a
27	72	0.195
27	75	0.047
27	76	0.088
27	80	0.009
28	29	n/a
28	30	n/a
28	33	n/a
28	34	n/a
28	36	n/a
28	38	n/a
28	39	n/a
28	40	n/a
28	58	n/a
28	73	n/a
28	77	n/a
29	30	n/a
29	32	n/a
29	33	n/a
29	34	n/a
29	41	n/a
30	33	n/a
30	34	n/a
30	36	n/a
30	38	n/a
31	34	0.046
31	37	0.034
31	38	0.015
31	62	0.001
31	74	0.141
31	75	0.053
31	76	0.026
31	80	0.04
32	34	n/a
32	36	n/a
32	40	n/a
32	41	n/a
33	34	n/a
33	38	n/a
34	36	0.058
34	38	0.086
34	41	n/a
34	42	0.092
35	36	n/a
35	39	n/a
35	46	n/a
35	84	n/a
36	37	0.112
36	38	0.061
36	39	0.196
36	40	n/a
36	41	n/a
36	42	0.08
36	76	0.107
36	84	n/a
37	38	0.125
37	39	0.118
37	42	0.021
37	76	0.176
38	39	0.136
38	41	n/a
38	42	0.041
38	76	0.086
39	40	n/a
39	41	n/a
39	76	0.141
39	84	n/a
40	41	n/a
42	44	0.027
42	49	0.103
42	62	0.019
43	44	n/a
43	45	n/a
43	46	n/a
43	47	n/a
43	48	n/a
43	49	n/a
43	51	n/a
43	52	n/a
43	56	n/a
43	58	n/a
43	59	n/a
43	64	n/a
43	65	n/a
43	67	n/a
43	68	n/a
43	70	n/a
43	72	n/a
43	73	n/a
43	75	n/a
43	76	n/a
43	77	n/a
43	81	n/a
43	83	n/a
43	84	n/a
44	45	0.132
44	46	n/a
44	49	0.079
44	51	n/a
44	52	0.178
44	60	n/a
44	62	0.047
44	66	n/a
44	67	n/a
44	68	n/a
44	70	n/a
44	72	0.009
44	75	0.121
44	76	0.056
44	80	0.125
45	46	n/a
45	48	n/a
45	49	0.031
45	51	n/a
45	52	0.172
45	56	n/a
45	59	n/a
45	60	n/a
45	62	0.066
45	66	n/a
45	67	n/a
45	68	n/a
45	70	n/a
45	72	0.053
45	73	n/a
45	75	0.086
45	76	0.105
45	77	n/a
45	78	n/a
45	79	n/a
45	80	0.118
45	82	n/a
45	83	n/a
46	47	n/a
46	48	n/a
46	52	n/a
46	65	n/a
46	70	n/a
46	72	n/a
46	75	n/a
46	76	n/a
46	77	n/a
46	84	n/a
47	48	n/a
47	54	n/a
47	55	n/a
47	56	n/a
47	57	n/a
47	58	n/a
47	59	n/a
47	61	n/a
47	63	n/a
47	64	n/a
47	72	n/a
47	73	n/a
47	77	n/a
47	81	n/a
48	54	n/a
48	55	n/a
48	57	n/a
48	59	n/a
48	63	n/a
48	77	n/a
48	78	n/a
48	81	n/a
48	83	n/a
49	51	n/a
49	60	n/a
49	62	0.133
49	74	0.074
49	83	n/a
50	56	n/a
50	57	n/a
50	63	n/a
50	77	n/a
50	78	n/a
50	79	n/a
51	58	n/a
51	62	n/a
51	71	n/a
51	73	n/a
51	74	n/a
51	75	n/a
51	76	n/a
52	56	n/a
52	57	n/a
52	66	n/a
52	68	n/a
52	72	0.145
52	75	0.013
52	76	0.152
52	77	n/a
53	58	n/a
53	59	n/a
53	61	n/a
53	64	n/a
53	69	n/a
53	73	n/a
53	77	n/a
54	55	n/a
54	64	n/a
54	73	n/a
54	81	n/a
54	83	n/a
55	56	n/a
55	57	n/a
55	59	n/a
55	61	n/a
55	64	n/a
55	77	n/a
55	81	n/a
56	57	n/a
56	59	n/a
56	63	n/a
56	66	n/a
56	70	n/a
56	72	n/a
56	77	n/a
56	78	n/a
56	79	n/a
56	82	n/a
56	83	n/a
57	59	n/a
57	61	n/a
57	63	n/a
57	64	n/a
57	77	n/a
57	79	n/a
57	81	n/a
58	59	n/a
58	61	n/a
58	64	n/a
58	71	n/a
58	73	n/a
58	76	n/a
58	77	n/a
59	61	n/a
59	63	n/a
59	64	n/a
59	69	n/a
59	77	n/a
59	78	n/a
59	83	n/a
60	62	n/a
60	67	n/a
60	68	n/a
60	74	n/a
60	75	n/a
60	80	n/a
60	83	n/a
61	64	n/a
61	69	n/a
61	73	n/a
61	77	n/a
62	74	0.109
62	76	0.128
62	80	0.098
62	83	n/a
63	75	n/a
63	77	n/a
63	78	n/a
63	79	n/a
63	81	n/a
63	83	n/a
64	69	n/a
64	73	n/a
64	77	n/a
65	70	n/a
65	71	n/a
65	72	n/a
65	73	n/a
65	76	n/a
65	77	n/a
66	67	n/a
66	68	n/a
66	70	n/a
66	72	n/a
66	75	n/a
66	76	n/a
66	79	n/a
66	83	n/a
67	68	n/a
67	75	n/a
67	76	n/a
67	80	n/a
67	83	n/a
68	72	n/a
68	75	n/a
68	76	n/a
68	83	n/a
69	73	n/a
69	77	n/a
70	72	n/a
70	77	n/a
70	79	n/a
70	82	n/a
70	83	n/a
71	72	n/a
71	73	n/a
71	74	n/a
71	76	n/a
71	77	n/a
72	75	0.214
72	76	0.115
72	77	n/a
72	79	n/a
72	83	n/a
73	76	n/a
73	77	n/a
73	78	n/a
73	82	n/a
74	75	0.056
74	76	0.01
74	80	0.156
75	76	0.126
75	80	0.008
75	83	n/a
76	80	0.069
76	83	n/a
77	78	n/a
77	79	n/a
77	82	n/a
77	83	n/a
78	79	n/a
78	81	n/a
78	82	n/a
78	83	n/a
79	82	n/a
79	83	n/a
80	83	n/a
81	83	n/a
82	83	n/a
#subnet edge score	16.764