0	1	0.003
0	2	0.032
0	3	0.17000000000000004
0	4	0.07799999999999993
0	6	0.11200000000000002
0	7	0.04899999999999999
0	8	0.010000000000000005
0	9	0.073
0	10	0.05000000000000002
0	11	0.14200000000000002
0	12	0.006000000000000019
0	13	0.11599999999999999
0	14	0.014000000000000005
0	15	0.08600000000000003
0	16	0.20000000000000015
0	17	0.13499999999999984
0	18	0.21200000000000035
0	19	0.08799999999999969
0	20	0.07699999999999967
0	21	0.16999999999999965
0	22	0.044999999999999915
0	23	0.06199999999999996
0	24	0.03499999999999981
0	25	0.046
0	26	0.035999999999999546
0	27	0.11000000000000004
0	28	0.13199999999999995
0	29	0.18099999999999955
0	30	0.10999999999999974
0	31	0.10499999999999919
0	32	0.07600000000000026
0	33	0.06900000000000059
0	34	0.04399999999999948
0	35	0.02300000000000081
0	36	0.20399999999999927
0	37	0.14800000000000058
0	38	0.10199999999999995
0	39	0.033999999999999204
0	40	0.0170000000000001
0	41	0.12000000000000002
0	42	0.029999999999999905
0	43	0.02399999999999941
0	44	0.06300000000000072
0	45	0.18700000000000006
0	46	0.06800000000000159
0	47	0.013999999999998847
0	48	0.14900000000000066
0	49	0.05599999999999952
0	50	0.06499999999999978
0	51	0.14200000000000207
0	52	0.1450000000000008
0	53	0.06300000000000043
0	54	0.019000000000000385
0	55	0.16900000000000054
0	56	0.008000000000000486
0	57	0.007999999999998508
0	58	0.017000000000000993
0	59	0.042999999999999844
0	60	0.06900000000000045
0	61	0.023000000000000298
0	62	0.03500000000000124
0	63	0.0490000000000002
0	64	0.10400000000000037
0	65	0.06500000000000003
0	67	0.05099999999999835
0	68	0.07299999999999932
0	69	0.05099999999999857
0	70	0.07700000000000004
0	71	0.029000000000000303
0	72	0.06300000000000062
0	73	0.1670000000000042
0	74	0.07100000000000273
0	75	0.08899999999999904
0	76	0.1680000000000003
0	77	0.011000000000000495
0	78	0.050999999999999227
0	79	0.13500000000000142
0	81	0.09699999999999745
0	82	0.024999999999998176
0	83	0.02499999999999894
1	2	0.079
1	3	0.125
1	4	0.093
1	5	0.049000000000003006
1	6	0.016
1	7	0.038
1	8	0.079
1	9	0.029
1	10	0.037
1	11	0.046
1	12	0.035
1	13	0.048
1	14	0.045
1	15	0.083
1	16	0.044
1	17	0.04
1	18	0.078
1	19	0.071
1	20	0.104
1	21	0.095
1	22	0.103
1	23	0.053
1	24	0.107
1	25	0.09
1	26	0.102
1	27	0.053
1	28	0.018
1	29	0.065
1	30	0.046
1	31	0.041
1	32	0.069
1	33	0.004
1	34	0.075
1	35	0.022
1	36	0.064
1	37	0.058
1	38	0.034
1	39	0.05
1	40	0.082
1	41	0.132
1	42	0.157
1	43	0.07
1	44	0.002
1	45	0.021
1	46	0.014
1	47	0.042
1	48	0.005
1	49	0.176
1	50	0.025
1	52	0.069
1	54	0.1
1	55	0.044
1	56	0.08
1	57	0.042
1	58	0.163
1	59	0.111
1	60	0.069
1	61	0.01
1	62	0.005
1	63	0.065
1	64	0.056
1	65	0.089
1	66	0.07500000000000205
1	67	0.097
1	68	0.02
1	69	0.062
1	70	0.018
1	71	0.156
1	72	0.056
1	73	0.162
1	74	0.083
1	75	0.102
1	76	0.096
1	77	0.101
1	78	0.103
1	79	0.08
1	80	0.08100000000000201
1	81	0.065
1	82	0.049
1	83	0.009
2	3	0.112
2	4	0.048
2	5	0.059
2	6	0.049
2	7	0.065
2	8	0.195
2	9	0.007
2	10	0.021
2	11	0.064
2	12	0.023
2	13	0.014
2	14	0.056
2	15	0.158
2	16	0.063
2	17	0.075
2	18	0.061
2	19	0.074
2	20	0.152
2	21	0.086
2	22	0.141
2	23	0.055
2	24	0.094
2	25	0.214
2	26	0.139
2	27	0.12
2	28	0.039
2	29	0.098
2	30	0.027
2	31	0.013
2	32	0.002
2	33	0.183
2	34	0.187
2	35	0.15
2	36	0.065
2	37	0.129
2	38	0.075
2	39	0.077
2	40	0.032
2	41	0.037
2	42	0.101
2	43	0.057
2	44	0.098
2	45	0.025
2	46	0.196
2	47	0.011
2	48	0.002
2	49	0.04
2	50	0.125
2	51	0.005
2	52	0.169
2	53	0.033
2	54	0.026
2	55	0.02
2	56	0.042
2	57	0.123
2	58	0.033
2	59	0.145
2	60	0.067
2	61	0.073
2	62	0.001
2	63	0.082
2	64	0.084
2	65	0.101
2	66	0.08
2	67	0.121
2	68	0.021
2	69	0.09
2	70	0.217
2	71	0.127
2	72	0.018
2	73	0.122
2	74	0.1
2	75	0.096
2	76	0.09
2	78	0.011
2	79	0.151
2	81	0.095
2	82	0.101
2	83	0.16
3	4	0.089
3	5	0.04
3	6	0.225
3	7	0.085
3	8	0.081
3	9	0.153
3	10	0.043
3	11	0.023
3	12	0.029
3	13	0.175
3	14	0.079
3	15	0.085
3	16	0.02
3	17	0.054
3	18	0.083
3	19	0.123
3	20	0.07
3	21	0.043
3	22	0.003
3	23	0.218
3	24	0.074
3	25	0.052
3	26	0.015
3	27	0.037
3	28	0.14
3	29	0.048
3	30	0.033
3	31	0.09
3	32	0.037
3	33	0.023
3	34	0.031
3	35	0.16
3	36	0.049
3	37	0.183
3	38	0.113
3	39	0.042
3	40	0.077
3	41	0.122
3	42	0.085
3	43	0.142
3	44	0.058
3	45	0.012
3	46	0.034
3	47	0.07
3	48	0.018
3	49	0.019
3	50	0.096
3	51	0.082
3	52	0.115
3	53	0.239
3	54	0.067
3	55	0.024
3	56	0.038
3	57	0.12
3	58	0.08
3	59	0.013
3	60	0.108
3	61	0.166
3	62	0.037
3	63	0.012
3	64	0.008
3	65	0.052
3	66	0.038
3	67	0.018
3	68	0.003
3	69	0.127
3	70	0.093
3	71	0.023
3	72	0.012
3	73	0.135
3	74	0.047
3	75	0.015
3	76	0.064
3	77	0.041
3	78	0.086
3	80	0.103
3	81	0.003
3	82	0.085
3	83	0.115
4	5	0.076
4	6	0.065
4	7	0.053
4	8	0.081
4	9	0.042
4	10	0.081
4	11	0.09
4	12	0.136
4	13	0.008
4	14	0.048
4	15	0.096
4	16	0.235
4	17	0.091
4	18	0.164
4	19	0.009
4	20	0.002
4	21	0.063
4	22	0.034
4	23	0.02
4	24	0.085
4	25	0.053
4	26	0.05
4	27	0.067
4	28	0.043
4	29	0.081
4	30	0.024
4	31	0.117
4	32	0.055
4	33	0.002
4	34	0.029
4	35	0.066
4	36	0.114
4	37	0.085
4	38	0.146
4	39	0.066
4	40	0.075
4	41	0.077
4	42	0.025
4	43	0.001
4	44	0.123
4	45	0.087
4	46	0.123
4	47	0.042
4	48	0.161
4	49	0.167
4	50	0.066
4	51	0.062
4	52	0.259
4	53	0.01
4	54	0.09
4	55	0.062
4	56	0.107
4	57	0.11
4	58	0.205
4	59	0.13
4	60	0.093
4	61	0.043
4	62	0.047
4	63	0.025
4	64	0.143
4	65	0.013
4	67	0.049
4	68	0.06
4	69	0.081
4	70	0.028
4	71	0.073
4	72	0.027
4	73	0.049
4	74	0.124
4	75	0.007
4	76	0.186
4	77	0.084
4	78	0.105
4	80	0.028
4	81	0.052
4	82	0.165
4	83	0.041
5	6	0.155
5	7	0.028
5	8	0.038
5	9	0.021
5	10	0.036
5	11	0.065
5	12	0.013
5	13	0.047
5	14	0.148
5	15	0.022
5	16	0.058
5	17	0.019
5	18	0.095
5	19	0.08
5	20	0.012
5	21	0.106
5	22	0.108
5	23	0.124
5	24	0.022
5	25	0.076
5	26	0.104
5	27	0.059
5	28	0.063
5	29	0.101
5	30	0.163
5	31	0.134
5	32	0.043
5	33	0.145
5	34	0.034
5	35	0.073
5	36	0.055
5	37	0.044
5	38	0.045
5	39	0.027
5	40	0.027
5	41	0.117
5	42	0.112
5	43	0.045
5	44	0.029
5	45	0.01
5	46	0.034
5	47	0.12
5	48	0.062
5	49	0.071
5	50	0.128
5	51	0.026
5	52	0.091
5	53	0.076
5	54	0.083
5	55	0.068
5	56	0.027
5	57	0.035
5	58	0.061
5	59	0.011
5	60	0.076
5	61	0.036
5	62	0.008
5	63	0.037
5	64	0.075
5	65	0.044
5	66	0.011
5	67	0.081
5	68	0.043
5	69	0.058
5	70	0.056
5	71	0.074
5	72	0.046
5	73	0.048
5	74	0.074
5	75	0.126
5	76	0.009
5	77	0.007
5	78	0.066
5	79	0.038
5	80	0.113
5	81	0.073
5	82	0.068
5	83	0.025
6	7	0.132
6	8	0.04
6	9	0.023
6	10	0.018
6	11	0.086
6	12	0.112
6	13	0.028
6	14	0.014
6	15	0.113
6	16	0.153
6	17	0.087
6	18	0.141
6	19	0.194
6	20	0.036
6	21	0.07
6	22	0.037
6	23	0.034
6	24	0.151
6	25	0.079
6	26	0.08
6	27	0.075
6	28	0.043
6	29	0.078
6	30	0.197
6	31	0.007
6	32	0.022
6	33	0.151
6	34	0.159
6	35	0.093
6	36	0.089
6	37	0.108
6	38	0.126
6	39	0.074
6	40	0.085
6	41	0.097
6	42	0.161
6	43	0.055
6	44	0.142
6	45	0.104
6	46	0.132
6	47	0.042
6	48	0.142
6	49	0.085
6	50	0.05
6	51	0.001
6	52	0.198
6	53	0.056
6	54	0.072
6	55	0.028
6	56	0.06
6	57	0.078
6	58	0.057
6	59	0.074
6	60	0.049
6	61	0.053
6	62	0.047
6	63	0.124
6	64	0.022
6	65	0.253
6	66	0.077
6	67	0.079
6	68	0.033
6	69	0.053
6	70	0.048
6	71	0.131
6	72	0.031
6	73	0.069
6	74	0.041
6	75	0.003
6	76	0.008
6	77	0.166
6	78	0.007
6	79	0.049
6	80	0.01
6	81	0.022
6	82	0.067
6	83	0.143
7	8	0.004
7	9	0.046
7	10	0.105
7	11	0.118
7	12	0.079
7	13	0.039
7	14	0.002
7	15	0.102
7	16	0.171
7	17	0.204
7	18	0.198
7	19	0.034
7	20	0.05
7	21	0.063
7	22	0.134
7	23	0.099
7	24	0.039
7	25	0.169
7	26	0.061
7	27	0.128
7	28	0.085
7	29	0.029
7	30	0.2
7	31	0.112
7	32	0.055
7	33	0.085
7	34	0.082
7	35	0.06
7	36	0.19
7	37	0.002
7	38	0.072
7	39	0.061
7	40	0.118
7	41	0.199
7	42	0.074
7	43	0.015
7	44	0.049
7	45	0.097
7	46	0.082
7	47	0.073
7	48	0.019
7	49	0.225
7	50	0.116
7	51	0.003
7	52	0.05
7	53	0.121
7	54	0.003
7	55	0.018
7	56	0.013
7	57	0.079
7	58	0.004
7	59	0.051
7	60	0.109
7	61	0.006
7	62	0.036
7	63	0.004
7	64	0.012
7	65	0.17
7	66	0.007
7	67	0.07
7	68	0.029
7	69	0.017
7	70	0.043
7	71	0.143
7	72	0.058
7	73	0.069
7	74	0.03
7	75	0.079
7	76	0.087
7	77	0.086
7	78	0.061
7	79	0.118
7	80	0.05
7	81	0.058
7	82	0.106
7	83	0.09
8	9	0.035
8	10	0.006
8	11	0.096
8	12	0.128
8	13	0.007
8	14	0.044
8	15	0.135
8	16	0.204
8	17	0.036
8	18	0.174
8	19	0.06
8	20	0.163
8	21	0.14
8	22	0.184
8	23	0.079
8	24	0.125
8	25	0.192
8	26	0.008
8	27	0.001
8	28	0.1
8	29	0.009
8	30	0.158
8	31	0.078
8	32	0.149
8	33	0.123
8	34	0.174
8	35	0.148
8	36	0.189
8	37	0.035
8	38	0.047
8	39	0.045
8	40	0.074
8	41	0.115
8	42	0.174
8	43	0.158
8	44	0.184
8	45	0.142
8	46	0.009
8	47	0.209
8	48	0.143
8	49	0.05
8	50	0.165
8	51	0.15
8	52	0.09
8	53	0.132
8	54	0.066
8	55	0.05
8	56	0.044
8	57	0.065
8	58	0.062
8	59	0.138
8	60	0.033
8	61	0.097
8	62	0.029
8	63	0.043
8	64	0.181
8	65	0.171
8	66	0.076
8	67	0.129
8	68	0.011
8	69	0.135
8	70	0.079
8	71	0.169
8	72	0.029
8	73	0.167
8	74	0.173
8	75	0.15
8	76	0.077
8	77	0.154
8	78	0.03
8	79	0.046
8	80	0.049
8	81	0.057
8	82	0.052
8	83	0.168
9	10	0.014
9	11	0.022
9	12	0.035
9	13	0.135
9	14	0.082
9	15	0.046
9	16	0.08
9	17	0.183
9	18	0.137
9	19	0.041
9	20	0.133
9	21	0.089
9	22	0.042
9	23	0.214
9	24	0.062
9	25	0.117
9	26	0.066
9	27	0.162
9	28	0.066
9	29	0.101
9	30	0.165
9	31	0.021
9	32	0.012
9	33	0.08
9	34	0.059
9	35	0.041
9	36	0.101
9	37	0.157
9	38	0.002
9	39	0.106
9	40	0.023
9	41	0.116
9	42	0.079
9	43	0.03
9	44	0.113
9	45	0.074
9	46	0.029
9	47	0.091
9	48	0.115
9	49	0.174
9	50	0.003
9	51	0.027
9	52	0.186
9	53	0.125
9	54	0.038
9	55	0.041
9	56	0.008
9	57	0.024
9	58	0.06
9	59	0.059
9	60	0.063
9	61	0.173
9	62	0.004
9	63	0.115
9	64	0.043
9	65	0.252
9	66	0.016
9	67	0.088
9	68	0.095
9	69	0.095
9	70	0.153
9	71	0.038
9	72	0.058
9	73	0.023
9	74	0.095
9	75	0.16
9	76	0.05
9	77	0.068
9	78	0.038
9	80	0.011
9	81	0.045
9	82	0.053
9	83	0.067
10	11	0.01
10	12	0.055
10	13	0.012
10	14	0.022
10	15	0.106
10	16	0.029
10	17	0.101
10	18	0.022
10	19	0.109
10	20	0.061
10	21	0.006
10	22	0.015
10	23	0.068
10	24	0.121
10	25	0.054
10	26	0.009
10	27	0.025
10	28	0.075
10	29	0.049
10	30	0.08
10	31	0.013
10	32	0.229
10	33	0.053
10	34	0.076
10	35	0.041
10	36	0.053
10	37	0.04
10	38	0.039
10	39	0.068
10	40	0.245
10	41	0.098
10	42	0.027
10	43	0.01
10	44	0.028
10	45	0.167
10	46	0.101
10	47	0.099
10	48	0.047
10	49	0.049
10	50	0.073
10	51	0.001
10	52	0.086
10	53	0.033
10	54	0.011
10	55	0.094
10	56	0.104
10	57	0.109
10	58	0.098
10	59	0.075
10	60	0.051
10	61	0.106
10	62	0.051
10	63	0.027
10	64	0.071
10	65	0.095
10	66	0.065
10	67	0.01
10	68	0.016
10	69	0.004
10	70	0.146
10	71	0.026
10	72	0.052
10	73	0.071
10	74	0.075
10	75	0.009
10	76	0.048
10	77	0.05
10	78	0.025
10	79	0.016
10	80	0.091
10	81	0.034
10	82	0.009
10	83	0.007
11	12	0.115
11	13	0.136
11	14	0.05
11	15	0.131
11	16	0.104
11	17	0.073
11	18	0.039
11	19	0.016
11	20	0.039
11	21	0.246
11	22	0.021
11	23	0.068
11	24	0.039
11	25	0.092
11	26	0.069
11	27	0.09
11	28	0.191
11	29	0.049
11	30	0.086
11	31	0.092
11	32	0.036
11	33	0.084
11	34	0.03
11	35	0.165
11	36	0.04
11	37	0.191
11	38	0.009
11	39	0.074
11	40	0.02
11	41	0.055
11	42	0.01
11	43	0.016
11	44	0.086
11	45	0.114
11	46	0.035
11	47	0.128
11	48	0.017
11	49	0.139
11	50	0.029
11	51	0.042
11	52	0.118
11	53	0.034
11	54	0.063
11	55	0.078
11	56	0.039
11	57	0.061
11	58	0.138
11	59	0.03
11	60	0.019
11	61	0.071
11	62	0.009
11	63	0.05
11	64	0.03
11	65	0.004
11	67	0.059
11	68	0.092
11	69	0.058
11	70	0.182
11	71	0.065
11	72	0.02
11	73	0.069
11	74	0.058
11	75	0.076
11	76	0.005
11	77	0.047
11	78	0.105
11	79	0.079
11	80	0.039
11	81	0.187
11	82	0.035
11	83	0.057
12	13	0.008
12	14	0.073
12	15	0.081
12	16	0.045
12	17	0.052
12	18	0.078
12	19	0.046
12	20	0.08
12	21	0.128
12	22	0.192
12	23	0.041
12	24	0.067
12	25	0.168
12	26	0.077
12	27	0.127
12	28	0.023
12	29	0.105
12	30	0.022
12	31	0.042
12	32	0.105
12	33	0.165
12	34	0.038
12	35	0.088
12	36	0.019
12	37	0.063
12	38	0.146
12	39	0.019
12	40	0.028
12	41	0.235
12	42	0.006
12	43	0.135
12	44	0.082
12	45	0.054
12	46	0.037
12	47	0.071
12	48	0.058
12	49	0.051
12	50	0.102
12	51	0.013
12	52	0.027
12	53	0.036
12	54	0.098
12	55	0.083
12	56	0.193
12	57	0.026
12	58	0.009
12	59	0.001
12	60	0.11
12	61	0.118
12	62	0.074
12	63	0.024
12	64	0.023
12	65	0.021
12	66	0.144
12	67	0.017
12	68	0.028
12	69	0.121
12	70	0.086
12	71	0.181
12	72	0.028
12	73	0.145
12	74	0.009
12	75	0.044
12	76	0.1
12	77	0.011
12	78	0.271
12	79	0.078
12	80	0.11
12	81	0.094
12	82	0.022
12	83	0.015
13	14	0.022
13	15	0.053
13	16	0.138
13	17	0.137
13	18	0.177
13	19	0.06
13	20	0.041
13	21	0.086
13	22	0.141
13	23	0.07
13	24	0.134
13	25	0.087
13	26	0.029
13	27	0.141
13	28	0.005
13	29	0.02
13	30	0.101
13	31	0.068
13	32	0.143
13	33	0.088
13	34	0.064
13	35	0.002
13	36	0.144
13	37	0.131
13	38	0.084
13	39	0.01
13	40	0.043
13	41	0.185
13	42	0.027
13	43	0.038
13	44	0.011
13	45	0.045
13	46	0.048
13	47	0.099
13	48	0.09
13	49	0.062
13	50	0.074
13	51	0.041
13	52	0.078
13	53	0.112
13	54	0.011
13	55	0.061
13	56	0.039
13	57	0.008
13	58	0.072
13	59	0.052
13	60	0.086
13	61	0.039
13	62	0.082
13	63	0.011
13	64	0.045
13	65	0.047
13	66	0.084
13	67	0.006
13	68	0.06
13	69	0.023
13	70	0.02
13	71	0.083
13	72	0.058
13	73	0.016
13	74	0.082
13	75	0.07
13	76	0.059
13	77	0.057
13	78	0.109
13	79	0.055
13	80	0.017
13	81	0.02
13	82	0.052
13	83	0.122
14	15	0.073
14	16	0.113
14	17	0.062
14	18	0.116
14	19	0.005
14	20	0.118
14	21	0.137
14	22	0.061
14	23	0.119
14	24	0.088
14	25	0.101
14	26	0.054
14	27	0.057
14	28	0.117
14	29	0.076
14	30	0.003
14	31	0.093
14	32	0.01
14	33	0.028
14	34	0.059
14	35	0.043
14	36	0.011
14	37	0.09
14	38	0.049
14	39	0.033
14	40	0.017
14	41	0.092
14	42	0.05
14	43	0.048
14	44	0.006
14	45	0.104
14	46	0.116
14	47	0.06
14	48	0.008
14	49	0.06
14	50	0.07
14	51	0.124
14	52	0.253
14	53	0.022
14	54	0.068
14	55	0.008
14	56	0.095
14	57	0.115
14	58	0.168
14	59	0.02
14	60	0.106
14	61	0.114
14	62	0.045
14	63	0.03
14	64	0.061
14	65	0.146
14	66	0.026
14	67	0.038
14	68	0.233
14	69	0.09
14	70	0.046
14	71	0.024
14	72	0.045
14	73	0.143
14	74	0.108
14	75	0.056
14	76	0.076
14	77	0.041
14	78	0.027
14	79	0.14
14	80	0.115
14	81	0.02
14	82	0.157
14	83	0.006
15	16	0.02
15	17	0.017
15	18	0.008
15	19	0.188
15	20	0.082
15	21	0.049
15	22	0.152
15	23	0.089
15	24	0.005
15	25	0.012
15	26	0.07
15	27	0.101
15	28	0.041
15	29	0.038
15	30	0.076
15	31	0.018
15	32	0.024
15	33	0.061
15	34	0.073
15	35	0.013
15	36	0.003
15	37	0.036
15	38	0.02
15	39	0.055
15	40	0.106
15	41	0.138
15	42	0.005
15	43	0.011
15	44	0.07
15	45	0.036
15	46	0.136
15	47	0.008
15	48	0.049
15	49	0.047
15	50	0.068
15	51	0.091
15	52	0.028
15	53	0.015
15	54	0.059
15	55	0.002
15	56	0.123
15	57	0.059
15	58	0.047
15	59	0.207
15	60	0.182
15	61	0.098
15	62	0.008
15	63	0.024
15	64	0.001
15	65	0.094
15	66	0.084
15	67	0.028
15	68	0.156
15	69	0.154
15	70	0.168
15	71	0.014
15	72	0.041
15	73	0.064
15	74	0.072
15	75	0.031
15	76	0.115
15	77	0.038
15	78	0.129
15	79	0.02
15	81	0.03
15	82	0.089
15	83	0.074
16	17	0.011
16	18	0.125
16	19	0.021
16	20	0.099
16	21	0.001
16	22	0.002
16	23	0.068
16	24	0.047
16	25	0.039
16	26	0.068
16	27	0.144
16	28	0.025
16	29	0.12
16	30	0.065
16	31	0.14
16	32	0.024
16	33	0.098
16	34	0.109
16	35	0.011
16	36	0.096
16	37	0.058
16	38	0.019
16	39	0.089
16	40	0.021
16	41	0.04
16	42	0.019
16	43	0.076
16	44	0.15
16	45	0.035
16	46	0.106
16	47	0.064
16	48	0.118
16	49	0.048
16	50	0.141
16	51	0.012
16	52	0.068
16	53	0.153
16	54	0.081
16	55	0.032
16	56	0.066
16	57	0.014
16	58	0.095
16	59	0.136
16	60	0.161
16	61	0.07
16	62	0.025
16	63	0.035
16	64	0.06
16	65	0.04
16	66	0.099
16	67	0.183
16	68	0.058
16	69	0.084
16	70	0.152
16	71	0.053
16	72	0.068
16	73	0.163
16	74	0.138
16	75	0.013
16	76	0.059
16	77	0.219
16	78	0.07
16	79	0.108
16	81	0.104
16	82	0.055
16	83	0.1
17	18	0.016
17	19	0.011
17	20	0.04
17	21	0.028
17	22	0.008
17	23	0.107
17	24	0.138
17	25	0.054
17	26	0.131
17	27	0.083
17	28	0.16
17	29	0.118
17	30	0.147
17	31	0.08
17	32	0.101
17	33	0.053
17	34	0.017
17	35	0.021
17	36	0.039
17	37	0.134
17	38	0.029
17	39	0.015
17	40	0.106
17	41	0.08
17	42	0.013
17	43	0.095
17	44	0.055
17	45	0.139
17	46	0.125
17	47	0.047
17	48	0.142
17	49	0.069
17	50	0.011
17	51	0.09
17	53	0.153
17	54	0.081
17	55	0.117
17	56	0.011
17	57	0.016
17	58	0.135
17	59	0.097
17	60	0.12
17	61	0.056
17	62	0.071
17	63	0.074
17	64	0.063
17	65	0.177
17	66	0.174
17	67	0.063
17	69	0.058
17	70	0.055
17	71	0.215
17	72	0.072
17	73	0.056
17	74	0.096
17	75	0.147
17	76	0.005
17	77	0.084
17	78	0.045
17	79	0.084
17	80	0.124
17	82	0.032
17	83	0.06
18	19	0.097
18	20	0.043
18	21	0.141
18	22	0.122
18	23	0.004
18	24	0.103
18	25	0.136
18	26	0.027
18	27	0.043
18	28	0.171
18	29	0.104
18	30	0.178
18	31	0.129
18	32	0.056
18	33	0.048
18	34	0.071
18	35	0.025
18	36	0.105
18	37	0.055
18	38	0.059
18	39	0.002
18	40	0.083
18	41	0.051
18	42	0.033
18	43	0.036
18	44	0.077
18	45	0.029
18	46	0.134
18	47	0.043
18	48	0.097
18	49	0.032
18	50	0.209
18	51	0.069
18	53	0.066
18	54	0.089
18	55	0.06
18	56	0.142
18	57	0.145
18	58	0.001
18	59	0.165
18	60	0.043
18	61	0.045
18	62	0.084
18	63	0.018
18	64	0.011
18	65	0.06
18	66	0.046
18	67	0.007
18	69	0.126
18	70	0.133
18	71	0.175
18	72	0.003
18	73	0.02
18	74	0.121
18	75	0.073
18	76	0.051
18	77	0.123
18	78	0.113
18	79	0.019
18	81	0.001
18	82	0.096
18	83	0.075
19	20	0.007
19	21	0.052
19	22	0.101
19	23	0.166
19	25	0.028
19	26	0.028
19	27	0.047
19	28	0.111
19	29	0.014
19	30	0.062
19	31	0.162
19	32	0.086
19	33	0.088
19	34	0.021
19	35	0.047
19	36	0.026
19	37	0.155
19	38	0.006
19	39	0.013
19	40	0.039
19	41	0.094
19	42	0.057
19	43	0.065
19	44	0.032
19	45	0.149
19	46	0.048
19	47	0.069
19	48	0.12
19	49	0.016
19	50	0.035
19	51	0.081
19	52	0.131
19	53	0.028
19	54	0.048
19	55	0.047
19	56	0.023
19	57	0.082
19	58	0.076
19	59	0.102
19	60	0.013
19	61	0.026
19	62	0.054
19	63	0.001
19	64	0.181
19	65	0.074
19	66	0.013
19	68	0.079
19	69	0.081
19	70	0.182
19	71	0.037
19	72	0.055
19	73	0.082
19	74	0.054
19	75	0.01
19	76	0.009
19	77	0.01
19	78	0.109
19	79	0.049
19	80	0.096
19	81	0.023
19	82	0.027
19	83	0.086
20	21	0.12
20	22	0.048
20	23	0.004
20	24	0.042
20	25	0.096
20	26	0.083
20	27	0.055
20	28	0.037
20	29	0.079
20	31	0.113
20	32	0.028
20	33	0.045
20	34	0.033
20	35	0.106
20	36	0.075
20	37	0.078
20	38	0.055
20	39	0.02
20	40	0.126
20	41	0.043
20	42	0.09
20	43	0.205
20	44	0.017
20	45	0.033
20	46	0.046
20	47	0.124
20	48	0.084
20	49	0.026
20	50	0.088
20	51	0.133
20	52	0.183
20	53	0.066
20	54	0.077
20	55	0.12
20	56	0.132
20	57	0.102
20	58	0.01
20	59	0.283
20	60	0.054
20	61	0.033
20	62	0.043
20	63	0.057
20	64	0.019
20	65	0.061
20	66	0.124
20	67	0.034
20	68	0.016
20	69	0.062
20	70	0.079
20	71	0.057
20	72	0.028
20	73	0.16
20	74	0.197
20	75	0.117
20	76	0.129
20	77	0.001
20	78	0.11
20	79	0.027
20	80	0.034
20	81	0.036
20	82	0.072
20	83	0.036
21	22	0.113
21	23	0.15
21	24	0.317
21	25	0.139
21	26	0.018
21	27	0.065
21	28	0.078
21	29	0.077
21	30	0.037
21	31	0.02
21	32	0.088
21	33	0.13
21	34	0.065
21	35	0.092
21	36	0.133
21	37	0.118
21	38	0.037
21	39	0.03
21	40	0.025
21	41	0.219
21	42	0.019
21	43	0.069
21	44	0.146
21	45	0.098
21	46	0.009
21	47	0.078
21	48	0.137
21	49	0.005
21	50	0.049
21	51	0.048
21	52	0.093
21	53	0.18
21	54	0.112
21	55	0.207
21	56	0.035
21	57	0.027
21	58	0.163
21	59	0.154
21	60	0.202
21	61	0.094
21	62	0.077
21	63	0.052
21	64	0.109
21	65	0.041
21	66	0.052
21	67	0.065
21	68	0.079
21	69	0.126
21	70	0.027
21	71	0.102
21	72	0.07
21	73	0.188
21	74	0.138
21	75	0.048
21	76	0.2
21	77	0.042
21	78	0.036
21	79	0.129
21	81	0.016
21	82	0.095
21	83	0.088
22	23	0.106
22	24	0.013
22	25	0.038
22	26	0.091
22	27	0.022
22	28	0.168
22	29	0.067
22	30	0.032
22	31	0.007
22	32	0.007
22	33	0.111
22	34	0.013
22	35	0.069
22	36	0.025
22	37	0.152
22	38	0.154
22	39	0.048
22	40	0.164
22	41	0.021
22	42	0.044
22	43	0.063
22	44	0.118
22	45	0.093
22	46	0.248
22	47	0.034
22	48	0.026
22	49	0.09
22	50	0.158
22	51	0.078
22	52	0.027
22	53	0.056
22	54	0.003
22	55	0.047
22	56	0.006
22	57	0.123
22	58	0.038
22	59	0.021
22	60	0.12
22	61	0.188
22	62	0.09
22	63	0.145
22	64	0.101
22	65	0.154
22	66	0.018
22	67	0.213
22	68	0.02
22	69	0.055
22	70	0.201
22	71	0.002
22	72	0.125
22	73	0.13
22	74	0.213
22	75	0.136
22	76	0.055
22	77	0.057
22	78	0.018
22	79	0.061
22	80	0.001
22	81	0.063
22	82	0.168
22	83	0.02
23	24	0.172
23	25	0.015
23	26	0.049
23	27	0.185
23	28	0.012
23	29	0.067
23	30	0.116
23	31	0.032
23	32	0.131
23	33	0.022
23	34	0.03
23	35	0.09
23	36	0.064
23	37	0.141
23	38	0.035
23	39	0.091
23	40	0.051
23	41	0.066
23	42	0.138
23	43	0.088
23	44	0.153
23	45	0.086
23	46	0.07
23	47	0.09
23	48	0.012
23	49	0.057
23	50	0.053
23	51	0.03
23	52	0.045
23	53	0.084
23	54	0.054
23	55	0.154
23	56	0.023
23	57	0.081
23	58	0.071
23	59	0.01
23	60	0.045
23	61	0.009
23	62	0.017
23	63	0.03
23	64	0.085
23	65	0.06
23	66	0.118
23	67	0.035
23	68	0.033
23	69	0.143
23	70	0.01
23	71	0.105
23	72	0.07
23	73	0.06
23	74	0.034
23	75	0.1
23	76	0.152
23	77	0.002
23	78	0.138
23	79	0.051
23	80	0.071
23	81	0.089
23	82	0.026
23	83	0.115
24	25	0.035
24	26	0.047
24	27	0.052
24	28	0.032
24	29	0.108
24	30	0.01
24	31	0.013
24	32	0.124
24	33	0.075
24	34	0.123
24	35	0.055
24	36	0.029
24	37	0.1
24	38	0.053
24	39	0.01
24	40	0.055
24	41	0.002
24	42	0.022
24	43	0.133
24	44	0.008
24	45	0.043
24	46	0.03
24	47	0.038
24	48	0.046
24	49	0.023
24	50	0.066
24	51	0.071
24	52	0.018
24	54	0.077
24	55	0.04
24	56	0.005
24	57	0.11
24	58	0.026
24	59	0.111
24	60	0.122
24	61	0.173
24	62	0.01
24	63	0.1
24	64	0.065
24	65	0.061
24	66	0.019
24	67	0.027
24	68	0.064
24	69	0.159
24	70	0.149
24	71	0.208
24	72	0.006
24	73	0.166
24	74	0.13
24	75	0.039
24	76	0.193
24	77	0.013
24	78	0.032
24	79	0.093
24	80	0.049
24	82	0.072
24	83	0.052
25	26	0.088
25	27	0.056
25	28	0.004
25	29	0.013
25	30	0.008
25	31	0.15
25	32	0.1
25	33	0.185
25	34	0.146
25	35	0.209
25	36	0.025
25	37	0.285
25	38	0.113
25	39	0.03
25	40	0.196
25	41	0.115
25	42	0.093
25	43	0.044
25	44	0.13
25	45	0.008
25	46	0.106
25	47	0.051
25	48	0.063
25	49	0.007
25	50	0.31
25	51	0.083
25	52	0.121
25	53	0.025
25	54	0.025
25	55	0.041
25	56	0.013
25	57	0.111
25	58	0.05
25	59	0.036
25	60	0.071
25	61	0.116
25	62	0.039
25	63	0.045
25	64	0.149
25	65	0.004
25	66	0.033
25	67	0.049
25	68	0.101
25	69	0.165
25	70	0.222
25	71	0.073
25	72	0.102
25	73	0.238
25	74	0.136
25	75	0.091
25	76	0.021
25	77	0.046
25	78	0.157
25	79	0.034
25	80	0.091
25	81	0.196
25	82	0.184
25	83	0.155
26	27	0.003
26	28	0.008
26	29	0.027
26	30	0.071
26	31	0.106
26	32	0.038
26	33	0.069
26	34	0.032
26	35	0.012
26	36	0.029
26	37	0.061
26	38	0.127
26	39	0.042
26	40	0.082
26	41	0.067
26	42	0.005
26	43	0.03
26	44	0.132
26	45	0.043
26	46	0.167
26	47	0.054
26	48	0.047
26	49	0.153
26	50	0.159
26	51	0.11
26	52	0.036
26	53	0.024
26	54	0.053
26	55	0.006
26	56	0.04
26	57	0.026
26	58	0.062
26	59	0.007
26	60	0.035
26	61	0.05
26	62	0.099
26	63	0.103
26	64	0.002
26	65	0.101
26	66	0.082
26	67	0.074
26	68	0.058
26	69	0.004
26	70	0.17
26	71	0.119
26	72	0.025
26	73	0.214
26	74	0.111
26	75	0.042
26	76	0.198
26	77	0.006
26	78	0.103
26	79	0.038
26	80	0.155
26	81	0.089
26	82	0.181
26	83	0.069
27	28	0.012
27	29	0.017
27	30	0.038
27	31	0.117
27	32	0.035
27	33	0.048
27	34	0.02
27	35	0.013
27	36	0.037
27	37	0.186
27	38	0.121
27	39	0.039
27	40	0.044
27	41	0.146
27	42	0.133
27	43	0.129
27	44	0.158
27	45	0.197
27	46	0.05
27	47	0.167
27	48	0.044
27	49	0.011
27	50	0.084
27	51	0.038
27	52	0.145
27	53	0.093
27	54	0.01
27	55	0.111
27	56	0.004
27	57	0.055
27	58	0.052
27	59	0.099
27	60	0.034
27	61	0.013
27	62	0.005
27	63	0.041
27	64	0.021
27	65	0.027
27	66	0.03
27	67	0.108
27	68	0.103
27	69	0.069
27	70	0.052
27	71	0.028
27	72	0.026
27	73	0.097
27	74	0.004
27	75	0.055
27	76	0.049
27	77	0.09
27	78	0.102
27	79	0.069
27	80	0.048
27	81	0.068
27	82	0.107
27	83	0.111
28	29	0.079
28	30	0.058
28	31	0.033
28	32	0.13
28	33	0.071
28	34	0.121
28	35	0.033
28	36	0.123
28	37	0.158
28	38	0.058
28	39	0.059
28	40	0.03
28	41	0.199
28	42	0.168
28	43	0.025
28	44	0.014
28	45	0.029
28	46	0.033
28	47	0.083
28	48	0.013
28	49	0.006
28	50	0.132
28	51	0.002
28	52	0.022
28	53	0.041
28	54	0.049
28	55	0.063
28	56	0.102
28	57	0.114
28	58	0.008
28	59	0.021
28	60	0.125
28	61	0.017
28	62	0.006
28	63	0.059
28	64	0.042
28	65	0.072
28	66	0.124
28	67	0.088
28	68	0.035
28	69	0.169
28	70	0.11
28	71	0.018
28	72	0.09
28	73	0.071
28	74	0.025
28	75	0.01
28	76	0.103
28	77	0.035
28	78	0.071
28	79	0.029
28	80	0.002
28	81	0.108
28	82	0.118
28	83	0.144
29	30	0.062
29	31	0.042
29	32	0.136
29	33	0.008
29	34	0.082
29	35	0.055
29	36	0.057
29	37	0.098
29	38	0.136
29	39	0.001
29	40	0.027
29	41	0.007
29	42	0.043
29	43	0.041
29	44	0.055
29	45	0.005
29	46	0.158
29	47	0.055
29	48	0.066
29	49	0.092
29	50	0.066
29	51	0.124
29	52	0.091
29	53	0.068
29	54	0.019
29	55	0.187
29	56	0.191
29	57	0.013
29	58	0.057
29	59	0.003
29	60	0.203
29	61	0.074
29	62	0.11
29	63	0.077
29	64	0.005
29	65	0.003
29	66	0.045
29	67	0.032
29	68	0.042
29	69	0.057
29	70	0.058
29	71	0.044
29	72	0.115
29	73	0.014
29	74	0.002
29	75	0.084
29	76	0.197
29	77	0.108
29	78	0.114
29	79	0.034
29	80	0.035
29	81	0.083
29	82	0.007
29	83	0.003
30	31	0.046
30	32	0.038
30	33	0.124
30	34	0.024
30	35	0.058
30	36	0.075
30	37	0.068
30	38	0.043
30	39	0.013
30	40	0.091
30	41	0.005
30	42	0.057
30	43	0.192
30	44	0.01
30	45	0.054
30	46	0.121
30	48	0.15
30	49	0.064
30	50	0.01
30	51	0.121
30	52	0.063
30	55	0.023
30	56	0.002
30	57	0.014
30	58	0.12
30	59	0.022
30	60	0.049
30	61	0.065
30	62	0.018
30	63	0.079
30	64	0.091
30	65	0.175
30	66	0.19
30	67	0.041
30	69	0.063
30	70	0.036
30	71	0.084
30	72	0.042
30	73	0.112
30	74	0.095
30	75	0.079
30	76	0.024
30	77	0.089
30	78	0.141
30	79	0.092
30	80	0.026
30	82	0.048
30	83	0.012
31	32	0.052
31	33	0.071
31	34	0.184
31	35	0.043
31	36	0.054
31	37	0.084
31	38	0.065
31	39	0.025
31	40	0.009
31	41	0.072
31	42	0.226
31	43	0.038
31	44	0.099
31	45	0.092
31	46	0.059
31	47	0.006
31	48	0.131
31	49	0.049
31	50	0.018
31	52	0.135
31	53	0.17
31	54	0.015
31	55	0.025
31	56	0.112
31	57	0.127
31	58	0.111
31	59	0.014
31	60	0.065
31	61	0.033
31	62	0.056
31	63	0.047
31	66	0.028
31	68	0.091
31	69	0.052
31	70	0.033
31	71	0.098
31	72	0.183
31	73	0.011
31	74	0.047
31	75	0.116
31	76	0.084
31	77	0.002
31	78	0.094
31	79	0.052
31	80	0.032
31	82	0.193
31	83	0.164
32	33	0.097
32	34	0.081
32	35	0.066
32	36	0.104
32	37	0.21
32	38	0.068
32	39	0.003
32	40	0.055
32	42	0.139
32	43	0.105
32	44	0.011
32	45	0.085
32	46	0.104
32	47	0.155
32	49	0.073
32	50	0.118
32	51	0.127
32	52	0.018
32	54	0.135
32	55	0.042
32	56	0.096
32	57	0.116
32	58	0.162
32	59	0.008
32	60	0.025
32	62	0.119
32	63	0.096
32	64	0.103
32	65	0.068
32	67	0.05
32	68	0.078
32	69	0.106
32	70	0.165
32	71	0.007
32	72	0.027
32	73	0.01
32	74	0.129
32	75	0.153
32	76	0.055
32	77	0.08
32	78	0.004
32	80	0.023
32	81	0.061
32	82	0.158
32	83	0.031
33	34	0.037
33	35	0.072
33	36	0.006
33	37	0.058
33	38	0.138
33	39	0.072
33	40	0.027
33	41	0.037
33	42	0.195
33	43	0.106
33	44	0.095
33	45	0.077
33	46	0.148
33	47	0.01
33	48	0.178
33	49	0.141
33	50	0.138
33	51	0.06
33	52	0.081
33	53	0.035
33	54	0.065
33	55	0.064
33	56	0.047
33	57	0.153
33	58	0.057
33	59	0.062
33	60	0.097
33	61	0.032
33	62	0.136
33	63	0.086
33	64	0.099
33	65	0.075
33	66	0.065
33	67	0.042
33	68	0.043
33	69	0.118
33	70	0.138
33	71	0.151
33	72	0.207
33	73	0.059
33	74	0.047
33	75	0.094
33	76	0.113
33	77	0.129
33	78	0.03
33	79	0.012
33	80	0.002
33	81	0.087
33	82	0.101
33	83	0.099
34	35	0.068
34	36	0.03
34	37	0.028
34	38	0.006
34	39	0.023
34	40	0.058
34	41	0.061
34	42	0.179
34	43	0.03
34	44	0.139
34	45	0.081
34	46	0.088
34	47	0.007
34	48	0.049
34	49	0.086
34	50	0.003
34	51	0.113
34	52	0.128
34	53	0.061
34	54	0.042
34	55	0.121
34	56	0.051
34	57	0.184
34	58	0.043
34	59	0.01
34	60	0.061
34	61	0.09
34	62	0.12
34	63	0.104
34	64	0.059
34	65	0.051
34	66	0.081
34	67	0.182
34	68	0.032
34	69	0.045
34	70	0.07
34	71	0.103
34	72	0.053
34	73	0.061
34	74	0.117
34	75	0.02
34	76	0.093
34	77	0.086
34	78	0.006
34	79	0.023
34	80	0.029
34	81	0.015
34	82	0.035
34	83	0.021
35	36	0.101
35	37	0.02
35	38	0.103
35	39	0.034
35	40	0.051
35	41	0.119
35	42	0.147
35	43	0.029
35	44	0.113
35	45	0.027
35	46	0.144
35	47	0.144
35	48	0.03
35	49	0.131
35	50	0.162
35	51	0.135
35	52	0.113
35	53	0.022
35	54	0.007
35	55	0.01
35	56	0.025
35	57	0.109
35	58	0.105
35	59	0.006
35	60	0.01
35	61	0.102
35	62	0.014
35	63	0.011
35	64	0.202
35	65	0.056
35	66	0.11
35	67	0.013
35	68	0.018
35	69	0.117
35	70	0.216
35	71	0.113
35	72	0.093
35	73	0.036
35	74	0.073
35	75	0.012
35	76	0.08
35	77	0.15
35	78	0.121
35	79	0.086
35	80	0.073
35	81	0.174
35	82	0.203
35	83	0.115
36	37	0.001
36	38	0.13
36	39	0.053
36	40	0.051
36	41	0.003
36	42	0.021
36	43	0.169
36	44	0.069
36	45	0.058
36	46	0.193
36	47	0.042
36	48	0.006
36	49	0.033
36	50	0.115
36	51	0.003
36	52	0.227
36	53	0.058
36	54	0.11
36	55	0.016
36	56	0.008
36	57	0.143
36	58	0.031
36	59	0.022
36	60	0.118
36	61	0.091
36	62	0.12
36	63	0.069
36	64	0.203
36	65	0.025
36	66	0.082
36	67	0.1
36	68	0.009
36	69	0.185
36	70	0.244
36	71	0.046
36	72	0.075
36	73	0.12
36	74	0.033
36	75	0.077
36	76	0.019
36	77	0.035
36	78	0.149
36	79	0.101
36	80	0.104
36	81	0.074
36	82	0.147
36	83	0.045
37	38	0.094
37	39	0.021
37	40	0.057
37	41	0.061
37	42	0.117
37	43	0.021
37	44	0.073
37	45	0.035
37	46	0.008
37	47	0.071
37	48	0.033
37	49	0.054
37	50	0.231
37	51	0.173
37	52	0.068
37	53	0.039
37	54	0.08
37	55	0.056
37	56	0.175
37	57	0.079
37	58	0.015
37	59	0.059
37	60	0.168
37	61	0.038
37	62	0.112
37	63	0.051
37	64	0.184
37	65	0.084
37	66	0.086
37	67	0.025
37	68	0.035
37	69	0.052
37	70	0.243
37	71	0.101
37	72	0.036
37	73	0.096
37	74	0.082
37	75	0.034
37	76	0.002
37	77	0.002
37	78	0.05
37	79	0.008
37	80	0.14
37	81	0.066
37	82	0.049
37	83	0.043
38	39	0.056
38	40	0.03
38	41	0.089
38	42	0.081
38	43	0.037
38	44	0.016
38	45	0.032
38	46	0.017
38	47	0.101
38	48	0.073
38	49	0.124
38	50	0.025
38	51	0.036
38	52	0.011
38	53	0.123
38	54	0.039
38	55	0.019
38	56	0.055
38	57	0.122
38	58	0.003
38	59	0.112
38	60	0.058
38	61	0.034
38	62	0.088
38	63	0.088
38	64	0.194
38	65	0.03
38	66	0.043
38	67	0.033
38	68	0.026
38	69	0.133
38	70	0.241
38	71	0.001
38	72	0.079
38	73	0.101
38	74	0.033
38	75	0.029
38	76	0.031
38	77	0.077
38	78	0.01
38	79	0.087
38	80	0.049
38	81	0.007
38	82	0.053
38	83	0.007
39	40	0.138
39	41	0.083
39	42	0.104
39	43	0.108
39	44	0.161
39	45	0.041
39	46	0.075
39	47	0.015
39	48	0.087
39	49	0.075
39	50	0.08
39	51	0.118
39	52	0.07
39	53	0.095
39	54	0.093
39	55	0.053
39	56	0.079
39	57	0.105
39	58	0.132
39	59	0.021
39	60	0.023
39	61	0.031
39	62	0.125
39	63	0.023
39	64	0.241
39	65	0.141
39	66	0.146
39	67	0.065
39	68	0.211
39	69	0.057
39	70	0.002
39	71	0.2
39	72	0.087
39	73	0.02
39	74	0.021
39	75	0.163
39	76	0.093
39	77	0.214
39	78	0.006
39	79	0.086
39	80	0.006
39	81	0.022
39	82	0.063
39	83	0.038
40	41	0.091
40	42	0.061
40	43	0.047
40	44	0.167
40	45	0.128
40	46	0.081
40	47	0.094
40	48	0.038
40	49	0.01
40	50	0.056
40	51	0.088
40	52	0.049
40	53	0.117
40	54	0.166
40	55	0.054
40	56	0.183
40	57	0.136
40	58	0.034
40	59	0.044
40	60	0.066
40	61	0.035
40	62	0.009
40	63	0.028
40	64	0.002
40	65	0.004
40	66	0.049
40	67	0.049
40	68	0.05
40	69	0.021
40	70	0.118
40	71	0.032
40	72	0.118
40	73	0.038
40	74	0.091
40	75	0.047
40	76	0.067
40	77	0.02
40	78	0.036
40	80	0.114
40	81	0.11
40	82	0.12
40	83	0.044
41	42	0.004
41	43	0.054
41	44	0.096
41	45	0.004
41	46	0.132
41	47	0.062
41	48	0.079
41	49	0.033
41	50	0.049
41	51	0.045
41	52	0.052
41	53	0.184
41	54	0.083
41	55	0.051
41	56	0.126
41	57	0.058
41	58	0.09
41	59	0.075
41	60	0.011
41	61	0.227
41	62	0.086
41	63	0.12
41	64	0.001
41	65	0.066
41	66	0.006
41	67	0.061
41	68	0.069
41	69	0.023
41	70	0.064
41	71	0.091
41	72	0.01
41	73	0.148
41	74	0.105
41	75	0.003
41	76	0.112
41	77	0.12
41	78	0.056
41	79	0.107
41	80	0.081
41	81	0.077
41	82	0.121
41	83	0.059
42	43	0.13
42	44	0.122
42	45	0.034
42	46	0.029
42	47	0.051
42	48	0.048
42	49	0.048
42	50	0.007
42	51	0.111
42	52	0.006
42	53	0.029
42	54	0.108
42	55	0.059
42	56	0.111
42	57	0.095
42	58	0.139
42	59	0.063
42	60	0.165
42	61	0.01
42	62	0.017
42	63	0.017
42	64	0.027
42	65	0.017
42	66	0.09
42	67	0.323
42	68	0.12
42	69	0.102
42	70	0.023
42	71	0.042
42	72	0.004
42	73	0.018
42	74	0.04
42	75	0.105
42	76	0.181
42	77	0.039
42	78	0.078
42	79	0.057
42	81	0.069
42	82	0.006
42	83	0.036
43	44	0.023
43	45	0.069
43	46	0.051
43	47	0.037
43	48	0.202
43	49	0.008
43	50	0.044
43	51	0.111
43	52	0.005
43	53	0.046
43	54	0.072
43	55	0.023
43	56	0.104
43	57	0.026
43	58	0.095
43	59	0.037
43	60	0.032
43	61	0.01
43	62	0.067
43	63	0.031
43	64	0.084
43	65	0.133
43	66	0.049
43	67	0.14
43	68	0.131
43	69	0.038
43	70	0.087
43	71	0.093
43	72	0.074
43	73	0.046
43	74	0.053
43	75	0.023
43	76	0.022
43	77	0.173
43	78	0.045
43	79	0.104
43	80	0.021
43	81	0.089
43	82	0.019
43	83	0.015
44	45	0.062
44	46	0.068
44	47	0.071
44	48	0.15
44	49	0.068
44	50	0.092
44	51	0.09
44	52	0.054
44	53	0.149
44	54	0.137
44	55	0.112
44	56	0.087
44	57	0.172
44	58	0.009
44	59	0.063
44	60	0.069
44	61	0.003
44	62	0.042
44	63	0.098
44	64	0.05
44	65	0.035
44	66	0.001
44	67	0.144
44	68	0.048
44	69	0.156
44	70	0.161
44	71	0.126
44	72	0.092
44	73	0.14
44	74	0.122
44	75	0.077
44	76	0.085
44	77	0.104
44	78	0.031
44	79	0.157
44	80	0.014
44	81	0.041
44	82	0.229
44	83	0.131
45	46	0.15
45	47	0.197
45	48	0.144
45	49	0.05
45	50	0.073
45	51	0.055
45	52	0.009
45	53	0.024
45	54	0.041
45	55	0.113
45	56	0.128
45	57	0.314
45	58	0.034
45	59	0.143
45	60	0.099
45	61	0.02
45	62	0.099
45	63	0.058
45	64	0.01
45	65	0.035
45	66	0.064
45	67	0.104
45	68	0.007
45	69	0.151
45	70	0.09
45	71	0.178
45	72	0.08
45	73	0.033
45	74	0.117
45	75	0.128
45	76	0.048
45	77	0.006
45	78	0.093
45	79	0.072
45	80	0.086
45	81	0.098
45	82	0.005
45	83	0.094
46	47	0.13
46	48	0.039
46	49	0.175
46	50	0.143
46	51	0.217
46	52	0.015
46	53	0.008
46	54	0.067
46	55	0.018
46	56	0.128
46	57	0.027
46	58	0.028
46	59	0.031
46	60	0.005
46	61	0.081
46	62	0.095
46	63	0.201
46	64	0.129
46	65	0.152
46	66	0.03
46	67	0.139
46	68	0.022
46	69	0.141
46	70	0.14
46	71	0.197
46	72	0.106
46	73	0.067
46	74	0.028
46	75	0.018
46	76	0.155
46	77	0.064
46	78	0.032
46	79	0.018
46	81	0.105
46	82	0.005
46	83	0.111
47	48	0.07
47	49	0.012
47	50	0.033
47	51	0.168
47	52	0.02
47	53	0.016
47	54	0.007
47	55	0.177
47	56	0.055
47	57	0.233
47	58	0.164
47	59	0.014
47	60	0.096
47	61	0.178
47	62	0.148
47	63	0.074
47	64	0.103
47	65	0.054
47	66	0.017
47	67	0.037
47	68	0.04
47	69	0.205
47	70	0.072
47	71	0.229
47	72	0.04
47	73	0.077
47	74	0.098
47	75	0.028
47	77	0.07
47	78	0.065
47	79	0.023
47	80	0.109
47	81	0.082
47	82	0.074
47	83	0.086
48	49	0.015
48	50	0.013
48	51	0.076
48	52	0.005
48	53	0.032
48	54	0.023
48	55	0.128
48	56	0.102
48	57	0.112
48	58	0.109
48	59	0.042
48	60	0.029
48	61	0.047
48	62	0.029
48	63	0.012
48	64	0.096
48	65	0.028
48	66	0.045
48	67	0.092
48	68	0.131
48	69	0.044
48	70	0.023
48	71	0.057
48	72	0.017
48	73	0.037
48	74	0.13
48	75	0.063
48	76	0.08
48	77	0.08
48	78	0.007
48	79	0.016
48	80	0.03
48	82	0.025
48	83	0.085
49	50	0.066
49	51	0.068
49	52	0.049
49	53	0.055
49	54	0.057
49	55	0.088
49	56	0.117
49	57	0.164
49	58	0.027
49	59	0.008
49	60	0.087
49	61	0.175
49	62	0.077
49	63	0.01
49	64	0.029
49	65	0.105
49	66	0.154
49	67	0.07
49	69	0.032
49	70	0.153
49	71	0.041
49	72	0.082
49	73	0.117
49	74	0.124
49	75	0.02
49	76	0.009
49	77	0.071
49	78	0.028
49	79	0.266
49	80	0.045
49	81	0.054
49	82	0.15
49	83	0.058
50	51	0.084
50	52	0.088
50	53	0.018
50	54	0.05
50	55	0.026
50	56	0.028
50	57	0.096
50	58	0.002
50	59	0.061
50	60	0.082
50	61	0.012
50	62	0.068
50	63	0.083
50	64	0.023
50	65	0.103
50	66	0.091
50	67	0.178
50	68	0.008
50	69	0.106
50	70	0.157
50	71	0.029
50	72	0.03
50	73	0.159
50	74	0.19
50	75	0.018
50	76	0.024
50	77	0.034
50	78	0.128
50	79	0.016
50	80	0.12
50	81	0.058
50	82	0.06
50	83	0.052
51	52	0.14
51	53	0.106
51	54	0.027
51	55	0.007
51	56	0.022
51	57	0.075
51	58	0.008
51	59	0.052
51	60	0.072
51	61	0.06
51	62	0.062
51	63	0.048
51	64	0.105
51	65	0.155
51	66	0.039
51	67	0.114
51	68	0.057
51	69	0.143
51	70	0.232
51	71	0.023
51	72	0.07
51	73	0.072
51	74	0.263
51	75	0.122
51	76	0.058
51	77	0.039
51	78	0.178
51	79	0.043
51	80	0.091
51	81	0.038
51	82	0.184
51	83	0.047
52	53	0.106
52	54	0.028
52	55	0.069
52	56	0.14
52	57	0.186
52	58	0.017
52	59	0.041
52	60	0.086
52	61	0.093
52	62	0.063
52	63	0.049
52	64	0.024
52	65	0.071
52	66	0.036
52	67	0.006
52	68	0.089
52	69	0.03
52	70	0.152
52	71	0.123
52	72	0.043
52	74	0.129
52	75	0.079
52	76	0.083
52	77	0.027
52	78	0.115
52	79	0.048
52	80	0.021
52	81	0.021
52	82	0.076
52	83	0.018
53	54	0.023
53	55	0.009
53	56	0.137
53	57	0.025
53	58	0.063
53	59	0.05
53	60	0.057
53	61	0.024
53	62	0.066
53	63	0.063
53	64	0.049
53	65	0.089
53	66	0.007
53	67	0.058
53	68	0.129
53	69	0.035
53	70	0.097
53	71	0.043
53	72	0.065
53	73	0.018
53	74	0.036
53	75	0.104
53	76	0.166
53	77	0.03
53	78	0.164
53	79	0.035
53	80	0.034
53	81	0.112
53	82	0.148
53	83	0.003
54	55	0.005
54	56	0.002
54	57	0.065
54	58	0.034
54	59	0.018
54	60	0.085
54	61	0.037
54	62	0.023
54	63	0.162
54	64	0.047
54	65	0.045
54	66	0.142
54	67	0.095
54	68	0.109
54	69	0.029
54	70	0.227
54	71	0.083
54	72	0.134
54	73	0.224
54	74	0.07
54	75	0.054
54	76	0.094
54	77	0.001
54	78	0.057
54	79	0.101
54	80	0.014
54	81	0.054
54	82	0.066
54	83	0.02
55	56	0.036
55	57	0.028
55	58	0.163
55	59	0.108
55	60	0.092
55	61	0.02
55	62	0.091
55	63	0.004
55	64	0.156
55	65	0.042
55	66	0.011
55	67	0.068
55	68	0.131
55	69	0.037
55	70	0.073
55	71	0.117
55	72	0.082
55	73	0.044
55	74	0.059
55	75	0.03
55	76	0.173
55	77	0.02
55	78	0.132
55	79	0.107
55	80	0.01
55	81	0.031
55	82	0.103
55	83	0.035
56	57	0.064
56	58	0.017
56	59	0.108
56	60	0.113
56	61	0.111
56	62	0.031
56	63	0.075
56	64	0.175
56	65	0.133
56	66	0.152
56	67	0.088
56	68	0.085
56	69	0.135
56	70	0.086
56	71	0.06
56	72	0.054
56	73	0.073
56	74	0.041
56	75	0.016
56	76	0.111
56	77	0.221
56	78	0.142
56	79	0.052
56	80	0.038
56	81	0.036
56	82	0.141
56	83	0.039
57	58	0.053
57	59	0.021
57	60	0.045
57	61	0.055
57	62	0.063
57	63	0.116
57	64	0.069
57	65	0.172
57	66	0.079
57	67	0.028
57	68	0.08
57	69	0.133
57	70	0.16
57	71	0.132
57	72	0.072
57	73	0.048
57	74	0.06
57	75	0.131
57	76	0.026
57	77	0.172
57	78	0.079
57	79	0.012
57	80	0.015
57	81	0.208
57	82	0.135
57	83	0.161
58	59	0.031
58	60	0.018
58	61	0.032
58	62	0.037
58	63	0.068
58	64	0.003
58	65	0.11
58	66	0.067
58	67	0.096
58	68	0.063
58	69	0.026
58	70	0.128
58	71	0.048
58	72	0.023
58	73	0.091
58	74	0.041
58	75	0.062
58	76	0.064
58	77	0.021
58	78	0.029
58	79	0.054
58	80	0.039
58	81	0.024
58	82	0.117
58	83	0.021
59	60	0.09
59	61	0.053
59	62	0.078
59	63	0.09
59	64	0.07
59	65	0.169
59	66	0.053
59	67	0.093
59	68	0.01
59	69	0.182
59	70	0.07
59	71	0.032
59	72	0.022
59	73	0.214
59	74	0.03
59	75	0.054
59	76	0.082
59	77	0.025
59	78	0.08
59	79	0.118
59	80	0.026
59	81	0.063
59	82	0.006
59	83	0.03
60	61	0.094
60	62	0.055
60	63	0.013
60	64	0.149
60	65	0.065
60	66	0.009
60	67	0.191
60	68	0.086
60	69	0.047
60	70	0.217
60	71	0.027
60	72	0.01
60	73	0.025
60	74	0.127
60	75	0.135
60	76	0.124
60	77	0.076
60	78	0.064
60	79	0.105
60	80	0.096
60	81	0.027
60	82	0.156
60	83	0.006
61	62	0.007
61	63	0.079
61	64	0.059
61	65	0.016
61	66	0.055
61	67	0.009
61	68	0.201
61	69	0.188
61	70	0.081
61	71	0.004
61	72	0.098
61	73	0.118
61	74	0.178
61	75	0.129
61	76	0.007
61	77	0.085
61	78	0.041
61	79	0.052
61	80	0.087
61	81	0.043
61	82	0.013
61	83	0.021
62	63	0.009
62	64	0.006
62	65	0.052
62	66	0.004
62	67	0.019
62	68	0.034
62	69	0.127
62	70	0.023
62	71	0.05
62	72	0.015
62	73	0.169
62	74	0.064
62	75	0.02
62	76	0.135
62	77	0.095
62	78	0.083
62	79	0.015
62	80	0.039
62	81	0.062
62	82	0.081
62	83	0.108
63	64	0.036
63	65	0.045
63	66	0.142
63	67	0.078
63	68	0.051
63	69	0.068
63	70	0.087
63	71	0.005
63	72	0.042
63	73	0.089
63	74	0.027
63	75	0.126
63	76	0.022
63	77	0.009
63	78	0.054
63	79	0.151
63	80	0.095
63	81	0.069
63	82	0.08
63	83	0.08
64	65	0.04
64	66	0.105
64	67	0.031
64	68	0.055
64	69	0.044
64	70	0.104
64	71	0.11
64	72	0.007
64	73	0.142
64	74	0.152
64	75	0.037
64	76	0.158
64	77	0.022
64	78	0.048
64	79	0.11
64	81	0.062
64	83	0.083
65	66	0.035
65	67	0.18
65	68	0.035
65	69	0.077
65	70	0.128
65	71	0.029
65	72	0.014
65	73	0.022
65	74	0.063
65	75	0.038
65	76	0.024
65	77	0.032
65	78	0.196
65	79	0.164
65	80	0.009
65	81	0.023
65	82	0.064
65	83	0.047
66	67	0.096
66	68	0.045
66	69	0.025
66	70	0.103
66	71	0.201
66	72	0.083
66	73	0.043
66	74	0.039
66	75	0.066
66	76	0.003
66	77	0.017
66	78	0.096
66	79	0.144
66	80	0.023
66	81	0.023
66	82	0.081
66	83	0.162
67	68	0.026
67	69	0.046
67	70	0.108
67	71	0.06
67	72	0.089
67	73	0.022
67	74	0.198
67	75	0.063
67	76	0.028
67	77	0.042
67	78	0.03
67	79	0.057
67	80	0.147
67	81	0.114
67	82	0.115
67	83	0.233
68	69	0.024
68	70	0.143
68	71	0.031
68	72	0.007
68	73	0.074
68	74	0.043
68	75	0.06
68	76	0.182
68	77	0.058
68	78	0.016
68	79	0.154
68	80	0.063
68	81	0.028
68	82	0.152
68	83	0.008
69	70	0.067
69	71	0.047
69	72	0.111
69	73	0.038
69	74	0.063
69	75	0.022
69	76	0.113
69	77	0.05
69	78	0.094
69	79	0.079
69	80	0.065
69	81	0.045
69	82	0.182
69	83	0.068
70	71	0.122
70	72	0.106
70	73	0.013
70	74	0.057
70	75	0.142
70	76	0.087
70	77	0.006
70	78	0.017
70	79	0.118
70	80	0.13
70	81	0.039
70	82	0.028
70	83	0.006
71	72	0.031
71	73	0.068
71	74	0.043
71	75	0.081
71	76	0.007
71	77	0.063
71	78	0.085
71	79	0.046
71	80	0.07
71	81	0.032
71	82	0.018
71	83	0.017
72	73	0.116
72	74	0.089
72	75	0.088
72	76	0.148
72	77	0.018
72	78	0.021
72	79	0.168
72	80	0.055
72	81	0.056
72	82	0.003
72	83	0.069
73	74	0.093
73	75	0.034
73	76	0.168
73	77	0.018
73	78	0.052
73	79	0.041
73	80	0.008
73	81	0.153
73	82	0.137
73	83	0.032
74	75	0.013
74	76	0.097
74	77	0.009
74	78	0.117
74	79	0.028
74	80	0.107
74	81	0.065
74	82	0.106
74	83	0.021
75	76	0.07
75	77	0.024
75	78	0.134
75	79	0.116
75	80	0.144
75	81	0.103
75	82	0.053
75	83	0.078
76	77	0.076
76	78	0.088
76	79	0.017
76	80	0.084
76	81	0.049
76	82	0.092
76	83	0.043
77	78	0.116
77	79	0.123
77	80	0.06
77	81	0.084
77	82	0.016
77	83	0.078
78	79	0.09
78	80	0.049
78	81	0.042
78	82	0.05
78	83	0.005
79	80	0.073
79	81	0.13
79	82	0.142
79	83	0.036
80	81	0.077
80	82	0.042
80	83	0.048
81	82	0.014
81	83	0.035
82	83	0.034
#subnet edge score	256.5789999999994