0	0	n/a
0	1	n/a
0	2	n/a
0	3	n/a
0	4	n/a
0	5	n/a
0	6	n/a
0	7	n/a
0	8	n/a
0	9	n/a
0	10	n/a
0	11	n/a
0	12	n/a
0	13	n/a
0	14	n/a
0	15	n/a
0	16	n/a
0	17	n/a
0	18	n/a
0	19	n/a
0	20	n/a
0	21	n/a
0	22	n/a
0	23	n/a
0	24	n/a
0	25	n/a
0	26	n/a
0	27	n/a
0	28	n/a
0	29	n/a
0	30	n/a
0	31	n/a
0	32	n/a
0	33	n/a
0	34	n/a
0	35	n/a
0	36	n/a
0	37	n/a
0	38	n/a
0	39	n/a
0	40	n/a
0	41	n/a
0	42	n/a
0	43	n/a
0	44	n/a
0	45	n/a
0	46	n/a
0	47	n/a
0	48	n/a
0	49	n/a
0	50	n/a
0	51	n/a
0	52	n/a
0	53	n/a
0	54	n/a
0	55	n/a
0	56	n/a
0	57	n/a
0	58	n/a
0	59	n/a
0	60	n/a
0	61	n/a
0	62	n/a
0	63	n/a
0	64	n/a
0	65	n/a
0	66	n/a
0	67	n/a
0	68	n/a
0	69	n/a
0	70	n/a
0	71	n/a
0	72	n/a
0	73	n/a
0	74	n/a
0	75	n/a
0	76	n/a
0	77	n/a
0	78	n/a
0	79	n/a
0	80	n/a
0	81	n/a
0	82	n/a
0	83	n/a
1	0	n/a
1	1	n/a
1	2	n/a
1	3	n/a
1	4	n/a
1	5	n/a
1	6	n/a
1	7	n/a
1	8	n/a
1	9	n/a
1	10	n/a
1	11	n/a
1	12	n/a
1	13	n/a
1	14	n/a
1	15	n/a
1	16	n/a
1	17	n/a
1	18	n/a
1	19	n/a
1	20	n/a
1	21	n/a
1	22	n/a
1	23	n/a
1	24	n/a
1	25	n/a
1	26	n/a
1	27	n/a
1	28	n/a
1	29	n/a
1	30	n/a
1	31	n/a
1	32	n/a
1	33	n/a
1	34	n/a
1	35	n/a
1	36	n/a
1	37	n/a
1	38	n/a
1	39	n/a
1	40	n/a
1	41	n/a
1	42	n/a
1	43	n/a
1	44	n/a
1	45	n/a
1	46	n/a
1	47	n/a
1	48	n/a
1	49	n/a
1	50	n/a
1	51	n/a
1	52	n/a
1	53	n/a
1	54	n/a
1	55	n/a
1	56	n/a
1	57	n/a
1	58	n/a
1	59	n/a
1	60	n/a
1	61	n/a
1	62	n/a
1	63	n/a
1	64	n/a
1	65	n/a
1	66	n/a
1	67	n/a
1	68	n/a
1	69	n/a
1	70	n/a
1	71	n/a
1	72	n/a
1	73	n/a
1	74	n/a
1	75	n/a
1	76	n/a
1	77	n/a
1	78	n/a
1	79	n/a
1	80	n/a
1	81	n/a
1	82	n/a
1	83	n/a
2	0	n/a
2	1	n/a
2	2	n/a
2	3	n/a
2	4	n/a
2	5	n/a
2	6	n/a
2	7	n/a
2	8	n/a
2	9	n/a
2	10	n/a
2	11	n/a
2	12	n/a
2	13	n/a
2	14	n/a
2	15	n/a
2	16	n/a
2	17	n/a
2	18	n/a
2	19	n/a
2	20	n/a
2	21	n/a
2	22	n/a
2	23	n/a
2	24	n/a
2	25	n/a
2	26	n/a
2	27	n/a
2	28	n/a
2	29	n/a
2	30	n/a
2	31	n/a
2	32	n/a
2	33	n/a
2	34	n/a
2	35	n/a
2	36	n/a
2	37	n/a
2	38	n/a
2	39	n/a
2	40	n/a
2	41	n/a
2	42	n/a
2	43	n/a
2	44	n/a
2	45	n/a
2	46	n/a
2	47	n/a
2	48	n/a
2	49	n/a
2	50	n/a
2	51	n/a
2	52	n/a
2	53	n/a
2	54	n/a
2	55	n/a
2	56	n/a
2	57	n/a
2	58	n/a
2	59	n/a
2	60	n/a
2	61	n/a
2	62	n/a
2	63	n/a
2	64	n/a
2	65	n/a
2	66	n/a
2	67	n/a
2	68	n/a
2	69	n/a
2	70	n/a
2	71	n/a
2	72	n/a
2	73	n/a
2	74	n/a
2	75	n/a
2	76	n/a
2	77	n/a
2	78	n/a
2	79	n/a
2	80	n/a
2	81	n/a
2	82	n/a
2	83	n/a
3	0	n/a
3	1	n/a
3	2	n/a
3	3	n/a
3	4	n/a
3	5	n/a
3	6	n/a
3	7	n/a
3	8	n/a
3	9	n/a
3	10	n/a
3	11	n/a
3	12	n/a
3	13	n/a
3	14	n/a
3	15	n/a
3	16	n/a
3	17	n/a
3	18	n/a
3	19	n/a
3	20	n/a
3	21	n/a
3	22	n/a
3	23	n/a
3	24	n/a
3	25	n/a
3	26	n/a
3	27	n/a
3	28	n/a
3	29	n/a
3	30	n/a
3	31	n/a
3	32	n/a
3	33	n/a
3	34	n/a
3	35	n/a
3	36	n/a
3	37	n/a
3	38	n/a
3	39	n/a
3	40	n/a
3	41	n/a
3	42	n/a
3	43	n/a
3	44	n/a
3	45	n/a
3	46	n/a
3	47	n/a
3	48	n/a
3	49	n/a
3	50	n/a
3	51	n/a
3	52	n/a
3	53	n/a
3	54	n/a
3	55	n/a
3	56	n/a
3	57	n/a
3	58	n/a
3	59	n/a
3	60	n/a
3	61	n/a
3	62	n/a
3	63	n/a
3	64	n/a
3	65	n/a
3	66	n/a
3	67	n/a
3	68	n/a
3	69	n/a
3	70	n/a
3	71	n/a
3	72	n/a
3	73	n/a
3	74	n/a
3	75	n/a
3	76	n/a
3	77	n/a
3	78	n/a
3	79	n/a
3	80	n/a
3	81	n/a
3	82	n/a
3	83	n/a
4	0	n/a
4	1	n/a
4	2	n/a
4	3	n/a
4	4	n/a
4	5	n/a
4	6	n/a
4	7	n/a
4	8	n/a
4	9	n/a
4	10	n/a
4	11	n/a
4	12	n/a
4	13	n/a
4	14	n/a
4	15	n/a
4	16	n/a
4	17	n/a
4	18	n/a
4	19	n/a
4	20	n/a
4	21	n/a
4	22	n/a
4	23	n/a
4	24	n/a
4	25	n/a
4	26	n/a
4	27	n/a
4	28	n/a
4	29	n/a
4	30	n/a
4	31	n/a
4	32	n/a
4	33	n/a
4	34	n/a
4	35	n/a
4	36	n/a
4	37	n/a
4	38	n/a
4	39	n/a
4	40	n/a
4	41	n/a
4	42	n/a
4	43	n/a
4	44	n/a
4	45	n/a
4	46	n/a
4	47	n/a
4	48	n/a
4	49	n/a
4	50	n/a
4	51	n/a
4	52	n/a
4	53	n/a
4	54	n/a
4	55	n/a
4	56	n/a
4	57	n/a
4	58	n/a
4	59	n/a
4	60	n/a
4	61	n/a
4	62	n/a
4	63	n/a
4	64	n/a
4	65	n/a
4	66	n/a
4	67	n/a
4	68	n/a
4	69	n/a
4	70	n/a
4	71	n/a
4	72	n/a
4	73	n/a
4	74	n/a
4	75	n/a
4	76	n/a
4	77	n/a
4	78	n/a
4	79	n/a
4	80	n/a
4	81	n/a
4	82	n/a
4	83	n/a
5	0	n/a
5	1	n/a
5	2	n/a
5	3	n/a
5	4	n/a
5	5	n/a
5	6	n/a
5	7	n/a
5	8	n/a
5	9	n/a
5	10	n/a
5	11	n/a
5	12	n/a
5	13	n/a
5	14	n/a
5	15	n/a
5	16	n/a
5	17	n/a
5	18	n/a
5	19	n/a
5	20	n/a
5	21	n/a
5	22	n/a
5	23	n/a
5	24	n/a
5	25	n/a
5	26	n/a
5	27	n/a
5	28	n/a
5	29	n/a
5	30	n/a
5	31	n/a
5	32	n/a
5	33	n/a
5	34	n/a
5	35	n/a
5	36	n/a
5	37	n/a
5	38	n/a
5	39	n/a
5	40	n/a
5	41	n/a
5	42	n/a
5	43	n/a
5	44	n/a
5	45	n/a
5	46	n/a
5	47	n/a
5	48	n/a
5	49	n/a
5	50	n/a
5	51	n/a
5	52	n/a
5	53	n/a
5	54	n/a
5	55	n/a
5	56	n/a
5	57	n/a
5	58	n/a
5	59	n/a
5	60	n/a
5	61	n/a
5	62	n/a
5	63	n/a
5	64	n/a
5	65	n/a
5	66	n/a
5	67	n/a
5	68	n/a
5	69	n/a
5	70	n/a
5	71	n/a
5	72	n/a
5	73	n/a
5	74	n/a
5	75	n/a
5	76	n/a
5	77	n/a
5	78	n/a
5	79	n/a
5	80	n/a
5	81	n/a
5	82	n/a
5	83	n/a
6	0	n/a
6	1	n/a
6	2	n/a
6	3	n/a
6	4	n/a
6	5	n/a
6	6	n/a
6	7	n/a
6	8	n/a
6	9	n/a
6	10	n/a
6	11	n/a
6	12	n/a
6	13	n/a
6	14	n/a
6	15	n/a
6	16	n/a
6	17	n/a
6	18	n/a
6	19	n/a
6	20	n/a
6	21	n/a
6	22	n/a
6	23	n/a
6	24	n/a
6	25	n/a
6	26	n/a
6	27	n/a
6	28	n/a
6	29	n/a
6	30	n/a
6	31	n/a
6	32	n/a
6	33	n/a
6	34	n/a
6	35	n/a
6	36	n/a
6	37	n/a
6	38	n/a
6	39	n/a
6	40	n/a
6	41	n/a
6	42	n/a
6	43	n/a
6	44	n/a
6	45	n/a
6	46	n/a
6	47	n/a
6	48	n/a
6	49	n/a
6	50	n/a
6	51	n/a
6	52	n/a
6	53	n/a
6	54	n/a
6	55	n/a
6	56	n/a
6	57	n/a
6	58	n/a
6	59	n/a
6	60	n/a
6	61	n/a
6	62	n/a
6	63	n/a
6	64	n/a
6	65	n/a
6	66	n/a
6	67	n/a
6	68	n/a
6	69	n/a
6	70	n/a
6	71	n/a
6	72	n/a
6	73	n/a
6	74	n/a
6	75	n/a
6	76	n/a
6	77	n/a
6	78	n/a
6	79	n/a
6	80	n/a
6	81	n/a
6	82	n/a
6	83	n/a
7	0	n/a
7	1	n/a
7	2	n/a
7	3	n/a
7	4	n/a
7	5	n/a
7	6	n/a
7	7	n/a
7	8	n/a
7	9	n/a
7	10	n/a
7	11	n/a
7	12	n/a
7	13	n/a
7	14	n/a
7	15	n/a
7	16	n/a
7	17	n/a
7	18	n/a
7	19	n/a
7	20	n/a
7	21	n/a
7	22	n/a
7	23	n/a
7	24	n/a
7	25	n/a
7	26	n/a
7	27	n/a
7	28	n/a
7	29	n/a
7	30	n/a
7	31	n/a
7	32	n/a
7	33	n/a
7	34	n/a
7	35	n/a
7	36	n/a
7	37	n/a
7	38	n/a
7	39	n/a
7	40	n/a
7	41	n/a
7	42	n/a
7	43	n/a
7	44	n/a
7	45	n/a
7	46	n/a
7	47	n/a
7	48	n/a
7	49	n/a
7	50	n/a
7	51	n/a
7	52	n/a
7	53	n/a
7	54	n/a
7	55	n/a
7	56	n/a
7	57	n/a
7	58	n/a
7	59	n/a
7	60	n/a
7	61	n/a
7	62	n/a
7	63	n/a
7	64	n/a
7	65	n/a
7	66	n/a
7	67	n/a
7	68	n/a
7	69	n/a
7	70	n/a
7	71	n/a
7	72	n/a
7	73	n/a
7	74	n/a
7	75	n/a
7	76	n/a
7	77	n/a
7	78	n/a
7	79	n/a
7	80	n/a
7	81	n/a
7	82	n/a
7	83	n/a
8	0	n/a
8	1	n/a
8	2	n/a
8	3	n/a
8	4	n/a
8	5	n/a
8	6	n/a
8	7	n/a
8	8	n/a
8	9	n/a
8	10	n/a
8	11	n/a
8	12	n/a
8	13	n/a
8	14	n/a
8	15	n/a
8	16	n/a
8	17	n/a
8	18	n/a
8	19	n/a
8	20	n/a
8	21	n/a
8	22	n/a
8	23	n/a
8	24	n/a
8	25	n/a
8	26	n/a
8	27	n/a
8	28	n/a
8	29	n/a
8	30	n/a
8	31	n/a
8	32	n/a
8	33	n/a
8	34	n/a
8	35	n/a
8	36	n/a
8	37	n/a
8	38	n/a
8	39	n/a
8	40	n/a
8	41	n/a
8	42	n/a
8	43	n/a
8	44	n/a
8	45	n/a
8	46	n/a
8	47	n/a
8	48	n/a
8	49	n/a
8	50	n/a
8	51	n/a
8	52	n/a
8	53	n/a
8	54	n/a
8	55	n/a
8	56	n/a
8	57	n/a
8	58	n/a
8	59	n/a
8	60	n/a
8	61	n/a
8	62	n/a
8	63	n/a
8	64	n/a
8	65	n/a
8	66	n/a
8	67	n/a
8	68	n/a
8	69	n/a
8	70	n/a
8	71	n/a
8	72	n/a
8	73	n/a
8	74	n/a
8	75	n/a
8	76	n/a
8	77	n/a
8	78	n/a
8	79	n/a
8	80	n/a
8	81	n/a
8	82	n/a
8	83	n/a
9	0	n/a
9	1	n/a
9	2	n/a
9	3	n/a
9	4	n/a
9	5	n/a
9	6	n/a
9	7	n/a
9	8	n/a
9	9	n/a
9	10	n/a
9	11	n/a
9	12	n/a
9	13	n/a
9	14	n/a
9	15	n/a
9	16	n/a
9	17	n/a
9	18	n/a
9	19	n/a
9	20	n/a
9	21	n/a
9	22	n/a
9	23	n/a
9	24	n/a
9	25	n/a
9	26	n/a
9	27	n/a
9	28	n/a
9	29	n/a
9	30	n/a
9	31	n/a
9	32	n/a
9	33	n/a
9	34	n/a
9	35	n/a
9	36	n/a
9	37	n/a
9	38	n/a
9	39	n/a
9	40	n/a
9	41	n/a
9	42	n/a
9	43	n/a
9	44	n/a
9	45	n/a
9	46	n/a
9	47	n/a
9	48	n/a
9	49	n/a
9	50	n/a
9	51	n/a
9	52	n/a
9	53	n/a
9	54	n/a
9	55	n/a
9	56	n/a
9	57	n/a
9	58	n/a
9	59	n/a
9	60	n/a
9	61	n/a
9	62	n/a
9	63	n/a
9	64	n/a
9	65	n/a
9	66	n/a
9	67	n/a
9	68	n/a
9	69	n/a
9	70	n/a
9	71	n/a
9	72	n/a
9	73	n/a
9	74	n/a
9	75	n/a
9	76	n/a
9	77	n/a
9	78	n/a
9	79	n/a
9	80	n/a
9	81	n/a
9	82	n/a
9	83	n/a
10	0	n/a
10	1	n/a
10	2	n/a
10	3	n/a
10	4	n/a
10	5	n/a
10	6	n/a
10	7	n/a
10	8	n/a
10	9	n/a
10	10	n/a
10	11	n/a
10	12	n/a
10	13	n/a
10	14	n/a
10	15	n/a
10	16	n/a
10	17	n/a
10	18	n/a
10	19	n/a
10	20	n/a
10	21	n/a
10	22	n/a
10	23	n/a
10	24	n/a
10	25	n/a
10	26	n/a
10	27	n/a
10	28	n/a
10	29	n/a
10	30	n/a
10	31	n/a
10	32	n/a
10	33	n/a
10	34	n/a
10	35	n/a
10	36	n/a
10	37	n/a
10	38	n/a
10	39	n/a
10	40	n/a
10	41	n/a
10	42	n/a
10	43	n/a
10	44	n/a
10	45	n/a
10	46	n/a
10	47	n/a
10	48	n/a
10	49	n/a
10	50	n/a
10	51	n/a
10	52	n/a
10	53	n/a
10	54	n/a
10	55	n/a
10	56	n/a
10	57	n/a
10	58	n/a
10	59	n/a
10	60	n/a
10	61	n/a
10	62	n/a
10	63	n/a
10	64	n/a
10	65	n/a
10	66	n/a
10	67	n/a
10	68	n/a
10	69	n/a
10	70	n/a
10	71	n/a
10	72	n/a
10	73	n/a
10	74	n/a
10	75	n/a
10	76	n/a
10	77	n/a
10	78	n/a
10	79	n/a
10	80	n/a
10	81	n/a
10	82	n/a
10	83	n/a
11	0	n/a
11	1	n/a
11	2	n/a
11	3	n/a
11	4	n/a
11	5	n/a
11	6	n/a
11	7	n/a
11	8	n/a
11	9	n/a
11	10	n/a
11	11	n/a
11	12	n/a
11	13	n/a
11	14	n/a
11	15	n/a
11	16	n/a
11	17	n/a
11	18	n/a
11	19	n/a
11	20	n/a
11	21	n/a
11	22	n/a
11	23	n/a
11	24	n/a
11	25	n/a
11	26	n/a
11	27	n/a
11	28	n/a
11	29	n/a
11	30	n/a
11	31	n/a
11	32	n/a
11	33	n/a
11	34	n/a
11	35	n/a
11	36	n/a
11	37	n/a
11	38	n/a
11	39	n/a
11	40	n/a
11	41	n/a
11	42	n/a
11	43	n/a
11	44	n/a
11	45	n/a
11	46	n/a
11	47	n/a
11	48	n/a
11	49	n/a
11	50	n/a
11	51	n/a
11	52	n/a
11	53	n/a
11	54	n/a
11	55	n/a
11	56	n/a
11	57	n/a
11	58	n/a
11	59	n/a
11	60	n/a
11	61	n/a
11	62	n/a
11	63	n/a
11	64	n/a
11	65	n/a
11	66	n/a
11	67	n/a
11	68	n/a
11	69	n/a
11	70	n/a
11	71	n/a
11	72	n/a
11	73	n/a
11	74	n/a
11	75	n/a
11	76	n/a
11	77	n/a
11	78	n/a
11	79	n/a
11	80	n/a
11	81	n/a
11	82	n/a
11	83	n/a
12	0	n/a
12	1	n/a
12	2	n/a
12	3	n/a
12	4	n/a
12	5	n/a
12	6	n/a
12	7	n/a
12	8	n/a
12	9	n/a
12	10	n/a
12	11	n/a
12	12	n/a
12	13	n/a
12	14	n/a
12	15	n/a
12	16	n/a
12	17	n/a
12	18	n/a
12	19	n/a
12	20	n/a
12	21	n/a
12	22	n/a
12	23	n/a
12	24	n/a
12	25	n/a
12	26	n/a
12	27	n/a
12	28	n/a
12	29	n/a
12	30	n/a
12	31	n/a
12	32	n/a
12	33	n/a
12	34	n/a
12	35	n/a
12	36	n/a
12	37	n/a
12	38	n/a
12	39	n/a
12	40	n/a
12	41	n/a
12	42	n/a
12	43	n/a
12	44	n/a
12	45	n/a
12	46	n/a
12	47	n/a
12	48	n/a
12	49	n/a
12	50	n/a
12	51	n/a
12	52	n/a
12	53	n/a
12	54	n/a
12	55	n/a
12	56	n/a
12	57	n/a
12	58	n/a
12	59	n/a
12	60	n/a
12	61	n/a
12	62	n/a
12	63	n/a
12	64	n/a
12	65	n/a
12	66	n/a
12	67	n/a
12	68	n/a
12	69	n/a
12	70	n/a
12	71	n/a
12	72	n/a
12	73	n/a
12	74	n/a
12	75	n/a
12	76	n/a
12	77	n/a
12	78	n/a
12	79	n/a
12	80	n/a
12	81	n/a
12	82	n/a
12	83	n/a
13	0	n/a
13	1	n/a
13	2	n/a
13	3	n/a
13	4	n/a
13	5	n/a
13	6	n/a
13	7	n/a
13	8	n/a
13	9	n/a
13	10	n/a
13	11	n/a
13	12	n/a
13	13	n/a
13	14	n/a
13	15	n/a
13	16	n/a
13	17	n/a
13	18	n/a
13	19	n/a
13	20	n/a
13	21	n/a
13	22	n/a
13	23	n/a
13	24	n/a
13	25	n/a
13	26	n/a
13	27	n/a
13	28	n/a
13	29	n/a
13	30	n/a
13	31	n/a
13	32	n/a
13	33	n/a
13	34	n/a
13	35	n/a
13	36	n/a
13	37	n/a
13	38	n/a
13	39	n/a
13	40	n/a
13	41	n/a
13	42	n/a
13	43	n/a
13	44	n/a
13	45	n/a
13	46	n/a
13	47	n/a
13	48	n/a
13	49	n/a
13	50	n/a
13	51	n/a
13	52	n/a
13	53	n/a
13	54	n/a
13	55	n/a
13	56	n/a
13	57	n/a
13	58	n/a
13	59	n/a
13	60	n/a
13	61	n/a
13	62	n/a
13	63	n/a
13	64	n/a
13	65	n/a
13	66	n/a
13	67	n/a
13	68	n/a
13	69	n/a
13	70	n/a
13	71	n/a
13	72	n/a
13	73	n/a
13	74	n/a
13	75	n/a
13	76	n/a
13	77	n/a
13	78	n/a
13	79	n/a
13	80	n/a
13	81	n/a
13	82	n/a
13	83	n/a
14	0	n/a
14	1	n/a
14	2	n/a
14	3	n/a
14	4	n/a
14	5	n/a
14	6	n/a
14	7	n/a
14	8	n/a
14	9	n/a
14	10	n/a
14	11	n/a
14	12	n/a
14	13	n/a
14	14	n/a
14	15	n/a
14	16	n/a
14	17	n/a
14	18	n/a
14	19	n/a
14	20	n/a
14	21	n/a
14	22	n/a
14	23	n/a
14	24	n/a
14	25	n/a
14	26	n/a
14	27	n/a
14	28	n/a
14	29	n/a
14	30	n/a
14	31	n/a
14	32	n/a
14	33	n/a
14	34	n/a
14	35	n/a
14	36	n/a
14	37	n/a
14	38	n/a
14	39	n/a
14	40	n/a
14	41	n/a
14	42	n/a
14	43	n/a
14	44	n/a
14	45	n/a
14	46	n/a
14	47	n/a
14	48	n/a
14	49	n/a
14	50	n/a
14	51	n/a
14	52	n/a
14	53	n/a
14	54	n/a
14	55	n/a
14	56	n/a
14	57	n/a
14	58	n/a
14	59	n/a
14	60	n/a
14	61	n/a
14	62	n/a
14	63	n/a
14	64	n/a
14	65	n/a
14	66	n/a
14	67	n/a
14	68	n/a
14	69	n/a
14	70	n/a
14	71	n/a
14	72	n/a
14	73	n/a
14	74	n/a
14	75	n/a
14	76	n/a
14	77	n/a
14	78	n/a
14	79	n/a
14	80	n/a
14	81	n/a
14	82	n/a
14	83	n/a
15	0	n/a
15	1	n/a
15	2	n/a
15	3	n/a
15	4	n/a
15	5	n/a
15	6	n/a
15	7	n/a
15	8	n/a
15	9	n/a
15	10	n/a
15	11	n/a
15	12	n/a
15	13	n/a
15	14	n/a
15	15	n/a
15	16	n/a
15	17	n/a
15	18	n/a
15	19	n/a
15	20	n/a
15	21	n/a
15	22	n/a
15	23	n/a
15	24	n/a
15	25	n/a
15	26	n/a
15	27	n/a
15	28	n/a
15	29	n/a
15	30	n/a
15	31	n/a
15	32	n/a
15	33	n/a
15	34	n/a
15	35	n/a
15	36	n/a
15	37	n/a
15	38	n/a
15	39	n/a
15	40	n/a
15	41	n/a
15	42	n/a
15	43	n/a
15	44	n/a
15	45	n/a
15	46	n/a
15	47	n/a
15	48	n/a
15	49	n/a
15	50	n/a
15	51	n/a
15	52	n/a
15	53	n/a
15	54	n/a
15	55	n/a
15	56	n/a
15	57	n/a
15	58	n/a
15	59	n/a
15	60	n/a
15	61	n/a
15	62	n/a
15	63	n/a
15	64	n/a
15	65	n/a
15	66	n/a
15	67	n/a
15	68	n/a
15	69	n/a
15	70	n/a
15	71	n/a
15	72	n/a
15	73	n/a
15	74	n/a
15	75	n/a
15	76	n/a
15	77	n/a
15	78	n/a
15	79	n/a
15	80	n/a
15	81	n/a
15	82	n/a
15	83	n/a
16	0	n/a
16	1	n/a
16	2	n/a
16	3	n/a
16	4	n/a
16	5	n/a
16	6	n/a
16	7	n/a
16	8	n/a
16	9	n/a
16	10	n/a
16	11	n/a
16	12	n/a
16	13	n/a
16	14	n/a
16	15	n/a
16	16	n/a
16	17	n/a
16	18	n/a
16	19	n/a
16	20	n/a
16	21	n/a
16	22	n/a
16	23	n/a
16	24	n/a
16	25	n/a
16	26	n/a
16	27	n/a
16	28	n/a
16	29	n/a
16	30	n/a
16	31	n/a
16	32	n/a
16	33	n/a
16	34	n/a
16	35	n/a
16	36	n/a
16	37	n/a
16	38	n/a
16	39	n/a
16	40	n/a
16	41	n/a
16	42	n/a
16	43	n/a
16	44	n/a
16	45	n/a
16	46	n/a
16	47	n/a
16	48	n/a
16	49	n/a
16	50	n/a
16	51	n/a
16	52	n/a
16	53	n/a
16	54	n/a
16	55	n/a
16	56	n/a
16	57	n/a
16	58	n/a
16	59	n/a
16	60	n/a
16	61	n/a
16	62	n/a
16	63	n/a
16	64	n/a
16	65	n/a
16	66	n/a
16	67	n/a
16	68	n/a
16	69	n/a
16	70	n/a
16	71	n/a
16	72	n/a
16	73	n/a
16	74	n/a
16	75	n/a
16	76	n/a
16	77	n/a
16	78	n/a
16	79	n/a
16	80	n/a
16	81	n/a
16	82	n/a
16	83	n/a
17	0	n/a
17	1	n/a
17	2	n/a
17	3	n/a
17	4	n/a
17	5	n/a
17	6	n/a
17	7	n/a
17	8	n/a
17	9	n/a
17	10	n/a
17	11	n/a
17	12	n/a
17	13	n/a
17	14	n/a
17	15	n/a
17	16	n/a
17	17	n/a
17	18	n/a
17	19	n/a
17	20	n/a
17	21	n/a
17	22	n/a
17	23	n/a
17	24	n/a
17	25	n/a
17	26	n/a
17	27	n/a
17	28	n/a
17	29	n/a
17	30	n/a
17	31	n/a
17	32	n/a
17	33	n/a
17	34	n/a
17	35	n/a
17	36	n/a
17	37	n/a
17	38	n/a
17	39	n/a
17	40	n/a
17	41	n/a
17	42	n/a
17	43	n/a
17	44	n/a
17	45	n/a
17	46	n/a
17	47	n/a
17	48	n/a
17	49	n/a
17	50	n/a
17	51	n/a
17	52	n/a
17	53	n/a
17	54	n/a
17	55	n/a
17	56	n/a
17	57	n/a
17	58	n/a
17	59	n/a
17	60	n/a
17	61	n/a
17	62	n/a
17	63	n/a
17	64	n/a
17	65	n/a
17	66	n/a
17	67	n/a
17	68	n/a
17	69	n/a
17	70	n/a
17	71	n/a
17	72	n/a
17	73	n/a
17	74	n/a
17	75	n/a
17	76	n/a
17	77	n/a
17	78	n/a
17	79	n/a
17	80	n/a
17	81	n/a
17	82	n/a
17	83	n/a
18	0	n/a
18	1	n/a
18	2	n/a
18	3	n/a
18	4	n/a
18	5	n/a
18	6	n/a
18	7	n/a
18	8	n/a
18	9	n/a
18	10	n/a
18	11	n/a
18	12	n/a
18	13	n/a
18	14	n/a
18	15	n/a
18	16	n/a
18	17	n/a
18	18	n/a
18	19	n/a
18	20	n/a
18	21	n/a
18	22	n/a
18	23	n/a
18	24	n/a
18	25	n/a
18	26	n/a
18	27	n/a
18	28	n/a
18	29	n/a
18	30	n/a
18	31	n/a
18	32	n/a
18	33	n/a
18	34	n/a
18	35	n/a
18	36	n/a
18	37	n/a
18	38	n/a
18	39	n/a
18	40	n/a
18	41	n/a
18	42	n/a
18	43	n/a
18	44	n/a
18	45	n/a
18	46	n/a
18	47	n/a
18	48	n/a
18	49	n/a
18	50	n/a
18	51	n/a
18	52	n/a
18	53	n/a
18	54	n/a
18	55	n/a
18	56	n/a
18	57	n/a
18	58	n/a
18	59	n/a
18	60	n/a
18	61	n/a
18	62	n/a
18	63	n/a
18	64	n/a
18	65	n/a
18	66	n/a
18	67	n/a
18	68	n/a
18	69	n/a
18	70	n/a
18	71	n/a
18	72	n/a
18	73	n/a
18	74	n/a
18	75	n/a
18	76	n/a
18	77	n/a
18	78	n/a
18	79	n/a
18	80	n/a
18	81	n/a
18	82	n/a
18	83	n/a
19	0	n/a
19	1	n/a
19	2	n/a
19	3	n/a
19	4	n/a
19	5	n/a
19	6	n/a
19	7	n/a
19	8	n/a
19	9	n/a
19	10	n/a
19	11	n/a
19	12	n/a
19	13	n/a
19	14	n/a
19	15	n/a
19	16	n/a
19	17	n/a
19	18	n/a
19	19	0.132190216294591
19	20	n/a
19	21	n/a
19	22	n/a
19	23	n/a
19	24	n/a
19	25	n/a
19	26	n/a
19	27	n/a
19	28	n/a
19	29	n/a
19	30	n/a
19	31	n/a
19	32	n/a
19	33	n/a
19	34	n/a
19	35	n/a
19	36	n/a
19	37	n/a
19	38	n/a
19	39	n/a
19	40	n/a
19	41	n/a
19	42	n/a
19	43	n/a
19	44	n/a
19	45	n/a
19	46	n/a
19	47	n/a
19	48	n/a
19	49	n/a
19	50	n/a
19	51	n/a
19	52	n/a
19	53	n/a
19	54	n/a
19	55	n/a
19	56	n/a
19	57	n/a
19	58	n/a
19	59	n/a
19	60	n/a
19	61	n/a
19	62	n/a
19	63	n/a
19	64	0.17670172261754896
19	65	n/a
19	66	n/a
19	67	n/a
19	68	n/a
19	69	n/a
19	70	n/a
19	71	n/a
19	72	n/a
19	73	n/a
19	74	n/a
19	75	n/a
19	76	n/a
19	77	n/a
19	78	n/a
19	79	n/a
19	80	n/a
19	81	n/a
19	82	n/a
19	83	n/a
20	0	n/a
20	1	n/a
20	2	n/a
20	3	n/a
20	4	n/a
20	5	n/a
20	6	n/a
20	7	n/a
20	8	n/a
20	9	n/a
20	10	n/a
20	11	n/a
20	12	n/a
20	13	n/a
20	14	n/a
20	15	n/a
20	16	n/a
20	17	n/a
20	18	n/a
20	19	n/a
20	20	n/a
20	21	n/a
20	22	n/a
20	23	n/a
20	24	n/a
20	25	n/a
20	26	n/a
20	27	n/a
20	28	n/a
20	29	n/a
20	30	n/a
20	31	n/a
20	32	n/a
20	33	n/a
20	34	n/a
20	35	n/a
20	36	n/a
20	37	n/a
20	38	n/a
20	39	n/a
20	40	n/a
20	41	n/a
20	42	n/a
20	43	n/a
20	44	n/a
20	45	n/a
20	46	n/a
20	47	n/a
20	48	n/a
20	49	n/a
20	50	n/a
20	51	n/a
20	52	n/a
20	53	n/a
20	54	n/a
20	55	n/a
20	56	n/a
20	57	n/a
20	58	n/a
20	59	n/a
20	60	n/a
20	61	n/a
20	62	n/a
20	63	n/a
20	64	n/a
20	65	n/a
20	66	n/a
20	67	n/a
20	68	n/a
20	69	n/a
20	70	n/a
20	71	n/a
20	72	n/a
20	73	n/a
20	74	n/a
20	75	n/a
20	76	n/a
20	77	n/a
20	78	n/a
20	79	n/a
20	80	n/a
20	81	n/a
20	82	n/a
20	83	n/a
21	0	n/a
21	1	n/a
21	2	n/a
21	3	n/a
21	4	n/a
21	5	n/a
21	6	n/a
21	7	n/a
21	8	n/a
21	9	n/a
21	10	n/a
21	11	n/a
21	12	n/a
21	13	n/a
21	14	n/a
21	15	n/a
21	16	n/a
21	17	n/a
21	18	n/a
21	19	n/a
21	20	n/a
21	21	n/a
21	22	n/a
21	23	n/a
21	24	n/a
21	25	n/a
21	26	n/a
21	27	n/a
21	28	n/a
21	29	n/a
21	30	n/a
21	31	n/a
21	32	n/a
21	33	n/a
21	34	n/a
21	35	n/a
21	36	n/a
21	37	n/a
21	38	n/a
21	39	n/a
21	40	n/a
21	41	n/a
21	42	n/a
21	43	n/a
21	44	n/a
21	45	n/a
21	46	n/a
21	47	n/a
21	48	n/a
21	49	n/a
21	50	n/a
21	51	n/a
21	52	n/a
21	53	n/a
21	54	n/a
21	55	n/a
21	56	n/a
21	57	n/a
21	58	n/a
21	59	n/a
21	60	n/a
21	61	n/a
21	62	n/a
21	63	n/a
21	64	n/a
21	65	n/a
21	66	n/a
21	67	n/a
21	68	n/a
21	69	n/a
21	70	n/a
21	71	n/a
21	72	n/a
21	73	n/a
21	74	n/a
21	75	n/a
21	76	n/a
21	77	n/a
21	78	n/a
21	79	n/a
21	80	n/a
21	81	n/a
21	82	n/a
21	83	n/a
22	0	n/a
22	1	n/a
22	2	n/a
22	3	n/a
22	4	n/a
22	5	n/a
22	6	n/a
22	7	n/a
22	8	n/a
22	9	n/a
22	10	n/a
22	11	n/a
22	12	n/a
22	13	n/a
22	14	n/a
22	15	n/a
22	16	n/a
22	17	n/a
22	18	n/a
22	19	n/a
22	20	n/a
22	21	n/a
22	22	n/a
22	23	n/a
22	24	n/a
22	25	n/a
22	26	n/a
22	27	n/a
22	28	n/a
22	29	n/a
22	30	n/a
22	31	n/a
22	32	n/a
22	33	n/a
22	34	n/a
22	35	n/a
22	36	n/a
22	37	n/a
22	38	n/a
22	39	n/a
22	40	n/a
22	41	n/a
22	42	n/a
22	43	n/a
22	44	n/a
22	45	n/a
22	46	n/a
22	47	n/a
22	48	n/a
22	49	n/a
22	50	n/a
22	51	n/a
22	52	n/a
22	53	n/a
22	54	n/a
22	55	n/a
22	56	n/a
22	57	n/a
22	58	n/a
22	59	n/a
22	60	n/a
22	61	n/a
22	62	n/a
22	63	n/a
22	64	n/a
22	65	n/a
22	66	n/a
22	67	n/a
22	68	n/a
22	69	n/a
22	70	n/a
22	71	n/a
22	72	n/a
22	73	n/a
22	74	n/a
22	75	n/a
22	76	n/a
22	77	n/a
22	78	n/a
22	79	n/a
22	80	n/a
22	81	n/a
22	82	n/a
22	83	n/a
23	0	n/a
23	1	n/a
23	2	n/a
23	3	n/a
23	4	n/a
23	5	n/a
23	6	n/a
23	7	n/a
23	8	n/a
23	9	n/a
23	10	n/a
23	11	n/a
23	12	n/a
23	13	n/a
23	14	n/a
23	15	n/a
23	16	n/a
23	17	n/a
23	18	n/a
23	19	n/a
23	20	n/a
23	21	n/a
23	22	n/a
23	23	n/a
23	24	n/a
23	25	n/a
23	26	n/a
23	27	n/a
23	28	n/a
23	29	n/a
23	30	n/a
23	31	n/a
23	32	n/a
23	33	n/a
23	34	n/a
23	35	n/a
23	36	n/a
23	37	n/a
23	38	n/a
23	39	n/a
23	40	n/a
23	41	n/a
23	42	n/a
23	43	n/a
23	44	n/a
23	45	n/a
23	46	n/a
23	47	n/a
23	48	n/a
23	49	n/a
23	50	n/a
23	51	n/a
23	52	n/a
23	53	n/a
23	54	n/a
23	55	n/a
23	56	n/a
23	57	n/a
23	58	n/a
23	59	n/a
23	60	n/a
23	61	n/a
23	62	n/a
23	63	n/a
23	64	n/a
23	65	n/a
23	66	n/a
23	67	n/a
23	68	n/a
23	69	n/a
23	70	n/a
23	71	n/a
23	72	n/a
23	73	n/a
23	74	n/a
23	75	n/a
23	76	n/a
23	77	n/a
23	78	n/a
23	79	n/a
23	80	n/a
23	81	n/a
23	82	n/a
23	83	n/a
24	0	n/a
24	1	n/a
24	2	n/a
24	3	n/a
24	4	n/a
24	5	n/a
24	6	n/a
24	7	n/a
24	8	n/a
24	9	n/a
24	10	n/a
24	11	n/a
24	12	n/a
24	13	n/a
24	14	n/a
24	15	n/a
24	16	n/a
24	17	n/a
24	18	n/a
24	19	n/a
24	20	n/a
24	21	n/a
24	22	n/a
24	23	n/a
24	24	n/a
24	25	n/a
24	26	n/a
24	27	n/a
24	28	n/a
24	29	n/a
24	30	n/a
24	31	n/a
24	32	n/a
24	33	n/a
24	34	n/a
24	35	n/a
24	36	n/a
24	37	n/a
24	38	n/a
24	39	n/a
24	40	n/a
24	41	n/a
24	42	n/a
24	43	n/a
24	44	n/a
24	45	n/a
24	46	n/a
24	47	n/a
24	48	n/a
24	49	n/a
24	50	n/a
24	51	n/a
24	52	n/a
24	53	n/a
24	54	n/a
24	55	n/a
24	56	n/a
24	57	n/a
24	58	n/a
24	59	n/a
24	60	n/a
24	61	n/a
24	62	n/a
24	63	n/a
24	64	n/a
24	65	n/a
24	66	n/a
24	67	n/a
24	68	n/a
24	69	n/a
24	70	n/a
24	71	n/a
24	72	n/a
24	73	n/a
24	74	n/a
24	75	n/a
24	76	n/a
24	77	n/a
24	78	n/a
24	79	n/a
24	80	n/a
24	81	n/a
24	82	n/a
24	83	n/a
25	0	n/a
25	1	n/a
25	2	n/a
25	3	n/a
25	4	n/a
25	5	n/a
25	6	n/a
25	7	n/a
25	8	n/a
25	9	n/a
25	10	n/a
25	11	n/a
25	12	n/a
25	13	n/a
25	14	n/a
25	15	n/a
25	16	n/a
25	17	n/a
25	18	n/a
25	19	n/a
25	20	n/a
25	21	n/a
25	22	n/a
25	23	n/a
25	24	n/a
25	25	n/a
25	26	n/a
25	27	n/a
25	28	n/a
25	29	n/a
25	30	n/a
25	31	n/a
25	32	n/a
25	33	n/a
25	34	n/a
25	35	n/a
25	36	n/a
25	37	n/a
25	38	n/a
25	39	n/a
25	40	n/a
25	41	n/a
25	42	n/a
25	43	n/a
25	44	n/a
25	45	n/a
25	46	n/a
25	47	n/a
25	48	n/a
25	49	n/a
25	50	n/a
25	51	n/a
25	52	n/a
25	53	n/a
25	54	n/a
25	55	n/a
25	56	n/a
25	57	n/a
25	58	n/a
25	59	n/a
25	60	n/a
25	61	n/a
25	62	n/a
25	63	n/a
25	64	n/a
25	65	n/a
25	66	n/a
25	67	n/a
25	68	n/a
25	69	n/a
25	70	n/a
25	71	n/a
25	72	n/a
25	73	n/a
25	74	n/a
25	75	n/a
25	76	n/a
25	77	n/a
25	78	n/a
25	79	n/a
25	80	n/a
25	81	n/a
25	82	n/a
25	83	n/a
26	0	n/a
26	1	n/a
26	2	n/a
26	3	n/a
26	4	n/a
26	5	n/a
26	6	n/a
26	7	n/a
26	8	n/a
26	9	n/a
26	10	n/a
26	11	n/a
26	12	n/a
26	13	n/a
26	14	n/a
26	15	n/a
26	16	n/a
26	17	n/a
26	18	n/a
26	19	n/a
26	20	n/a
26	21	n/a
26	22	n/a
26	23	n/a
26	24	n/a
26	25	n/a
26	26	n/a
26	27	n/a
26	28	n/a
26	29	n/a
26	30	n/a
26	31	n/a
26	32	n/a
26	33	n/a
26	34	n/a
26	35	n/a
26	36	n/a
26	37	n/a
26	38	n/a
26	39	n/a
26	40	n/a
26	41	n/a
26	42	n/a
26	43	n/a
26	44	n/a
26	45	n/a
26	46	n/a
26	47	n/a
26	48	n/a
26	49	n/a
26	50	n/a
26	51	n/a
26	52	n/a
26	53	n/a
26	54	n/a
26	55	n/a
26	56	n/a
26	57	n/a
26	58	n/a
26	59	n/a
26	60	n/a
26	61	n/a
26	62	n/a
26	63	n/a
26	64	n/a
26	65	n/a
26	66	n/a
26	67	n/a
26	68	n/a
26	69	n/a
26	70	n/a
26	71	n/a
26	72	n/a
26	73	n/a
26	74	n/a
26	75	n/a
26	76	n/a
26	77	n/a
26	78	n/a
26	79	n/a
26	80	n/a
26	81	n/a
26	82	n/a
26	83	n/a
27	0	n/a
27	1	n/a
27	2	n/a
27	3	n/a
27	4	n/a
27	5	n/a
27	6	n/a
27	7	n/a
27	8	n/a
27	9	n/a
27	10	n/a
27	11	n/a
27	12	n/a
27	13	n/a
27	14	n/a
27	15	n/a
27	16	n/a
27	17	n/a
27	18	n/a
27	19	n/a
27	20	n/a
27	21	n/a
27	22	n/a
27	23	n/a
27	24	n/a
27	25	n/a
27	26	n/a
27	27	n/a
27	28	n/a
27	29	n/a
27	30	n/a
27	31	n/a
27	32	n/a
27	33	n/a
27	34	n/a
27	35	n/a
27	36	n/a
27	37	n/a
27	38	n/a
27	39	n/a
27	40	n/a
27	41	n/a
27	42	n/a
27	43	n/a
27	44	n/a
27	45	n/a
27	46	n/a
27	47	n/a
27	48	n/a
27	49	n/a
27	50	n/a
27	51	n/a
27	52	n/a
27	53	n/a
27	54	n/a
27	55	n/a
27	56	n/a
27	57	n/a
27	58	n/a
27	59	n/a
27	60	n/a
27	61	n/a
27	62	n/a
27	63	n/a
27	64	n/a
27	65	n/a
27	66	n/a
27	67	n/a
27	68	n/a
27	69	n/a
27	70	n/a
27	71	n/a
27	72	n/a
27	73	n/a
27	74	n/a
27	75	n/a
27	76	n/a
27	77	n/a
27	78	n/a
27	79	n/a
27	80	n/a
27	81	n/a
27	82	n/a
27	83	n/a
28	0	n/a
28	1	n/a
28	2	n/a
28	3	n/a
28	4	n/a
28	5	n/a
28	6	n/a
28	7	n/a
28	8	n/a
28	9	n/a
28	10	n/a
28	11	n/a
28	12	n/a
28	13	n/a
28	14	n/a
28	15	n/a
28	16	n/a
28	17	n/a
28	18	n/a
28	19	n/a
28	20	n/a
28	21	n/a
28	22	n/a
28	23	n/a
28	24	n/a
28	25	n/a
28	26	n/a
28	27	n/a
28	28	n/a
28	29	n/a
28	30	n/a
28	31	n/a
28	32	n/a
28	33	n/a
28	34	n/a
28	35	n/a
28	36	n/a
28	37	n/a
28	38	n/a
28	39	n/a
28	40	n/a
28	41	n/a
28	42	n/a
28	43	n/a
28	44	n/a
28	45	n/a
28	46	n/a
28	47	n/a
28	48	n/a
28	49	n/a
28	50	n/a
28	51	n/a
28	52	n/a
28	53	n/a
28	54	n/a
28	55	n/a
28	56	n/a
28	57	n/a
28	58	n/a
28	59	n/a
28	60	n/a
28	61	n/a
28	62	n/a
28	63	n/a
28	64	n/a
28	65	n/a
28	66	n/a
28	67	n/a
28	68	n/a
28	69	n/a
28	70	n/a
28	71	n/a
28	72	n/a
28	73	n/a
28	74	n/a
28	75	n/a
28	76	n/a
28	77	n/a
28	78	n/a
28	79	n/a
28	80	n/a
28	81	n/a
28	82	n/a
28	83	n/a
29	0	n/a
29	1	n/a
29	2	n/a
29	3	n/a
29	4	n/a
29	5	n/a
29	6	n/a
29	7	n/a
29	8	n/a
29	9	n/a
29	10	n/a
29	11	n/a
29	12	n/a
29	13	n/a
29	14	n/a
29	15	n/a
29	16	n/a
29	17	n/a
29	18	n/a
29	19	n/a
29	20	n/a
29	21	n/a
29	22	n/a
29	23	n/a
29	24	n/a
29	25	n/a
29	26	n/a
29	27	n/a
29	28	n/a
29	29	n/a
29	30	n/a
29	31	n/a
29	32	n/a
29	33	n/a
29	34	n/a
29	35	n/a
29	36	n/a
29	37	n/a
29	38	n/a
29	39	n/a
29	40	n/a
29	41	n/a
29	42	n/a
29	43	n/a
29	44	n/a
29	45	n/a
29	46	n/a
29	47	n/a
29	48	n/a
29	49	n/a
29	50	n/a
29	51	n/a
29	52	n/a
29	53	n/a
29	54	n/a
29	55	n/a
29	56	n/a
29	57	n/a
29	58	n/a
29	59	n/a
29	60	n/a
29	61	n/a
29	62	n/a
29	63	n/a
29	64	n/a
29	65	n/a
29	66	n/a
29	67	n/a
29	68	n/a
29	69	n/a
29	70	n/a
29	71	n/a
29	72	n/a
29	73	n/a
29	74	n/a
29	75	n/a
29	76	n/a
29	77	n/a
29	78	n/a
29	79	n/a
29	80	n/a
29	81	n/a
29	82	n/a
29	83	n/a
30	0	n/a
30	1	n/a
30	2	n/a
30	3	n/a
30	4	n/a
30	5	n/a
30	6	n/a
30	7	n/a
30	8	n/a
30	9	n/a
30	10	n/a
30	11	n/a
30	12	n/a
30	13	n/a
30	14	n/a
30	15	n/a
30	16	n/a
30	17	n/a
30	18	n/a
30	19	n/a
30	20	n/a
30	21	n/a
30	22	n/a
30	23	n/a
30	24	n/a
30	25	n/a
30	26	n/a
30	27	n/a
30	28	n/a
30	29	n/a
30	30	n/a
30	31	n/a
30	32	n/a
30	33	n/a
30	34	n/a
30	35	n/a
30	36	n/a
30	37	n/a
30	38	n/a
30	39	n/a
30	40	n/a
30	41	n/a
30	42	n/a
30	43	n/a
30	44	n/a
30	45	n/a
30	46	n/a
30	47	n/a
30	48	n/a
30	49	n/a
30	50	n/a
30	51	n/a
30	52	n/a
30	53	n/a
30	54	n/a
30	55	n/a
30	56	n/a
30	57	n/a
30	58	n/a
30	59	n/a
30	60	n/a
30	61	n/a
30	62	n/a
30	63	n/a
30	64	n/a
30	65	n/a
30	66	n/a
30	67	n/a
30	68	n/a
30	69	n/a
30	70	n/a
30	71	n/a
30	72	n/a
30	73	n/a
30	74	n/a
30	75	n/a
30	76	n/a
30	77	n/a
30	78	n/a
30	79	n/a
30	80	n/a
30	81	n/a
30	82	n/a
30	83	n/a
31	0	n/a
31	1	n/a
31	2	n/a
31	3	n/a
31	4	n/a
31	5	n/a
31	6	n/a
31	7	n/a
31	8	n/a
31	9	n/a
31	10	n/a
31	11	n/a
31	12	n/a
31	13	n/a
31	14	n/a
31	15	n/a
31	16	n/a
31	17	n/a
31	18	n/a
31	19	n/a
31	20	n/a
31	21	n/a
31	22	n/a
31	23	n/a
31	24	n/a
31	25	n/a
31	26	n/a
31	27	n/a
31	28	n/a
31	29	n/a
31	30	n/a
31	31	n/a
31	32	n/a
31	33	n/a
31	34	n/a
31	35	n/a
31	36	n/a
31	37	n/a
31	38	n/a
31	39	n/a
31	40	n/a
31	41	n/a
31	42	n/a
31	43	n/a
31	44	n/a
31	45	n/a
31	46	n/a
31	47	n/a
31	48	n/a
31	49	n/a
31	50	n/a
31	51	n/a
31	52	n/a
31	53	n/a
31	54	n/a
31	55	n/a
31	56	n/a
31	57	n/a
31	58	n/a
31	59	n/a
31	60	n/a
31	61	n/a
31	62	n/a
31	63	n/a
31	64	n/a
31	65	n/a
31	66	n/a
31	67	n/a
31	68	n/a
31	69	n/a
31	70	n/a
31	71	n/a
31	72	n/a
31	73	n/a
31	74	n/a
31	75	n/a
31	76	n/a
31	77	n/a
31	78	n/a
31	79	n/a
31	80	n/a
31	81	n/a
31	82	n/a
31	83	n/a
32	0	n/a
32	1	n/a
32	2	n/a
32	3	n/a
32	4	n/a
32	5	n/a
32	6	n/a
32	7	n/a
32	8	n/a
32	9	n/a
32	10	n/a
32	11	n/a
32	12	n/a
32	13	n/a
32	14	n/a
32	15	n/a
32	16	n/a
32	17	n/a
32	18	n/a
32	19	n/a
32	20	n/a
32	21	n/a
32	22	n/a
32	23	n/a
32	24	n/a
32	25	n/a
32	26	n/a
32	27	n/a
32	28	n/a
32	29	n/a
32	30	n/a
32	31	n/a
32	32	n/a
32	33	n/a
32	34	n/a
32	35	n/a
32	36	n/a
32	37	n/a
32	38	n/a
32	39	n/a
32	40	n/a
32	41	n/a
32	42	n/a
32	43	n/a
32	44	n/a
32	45	n/a
32	46	n/a
32	47	n/a
32	48	n/a
32	49	n/a
32	50	n/a
32	51	n/a
32	52	n/a
32	53	n/a
32	54	n/a
32	55	n/a
32	56	n/a
32	57	n/a
32	58	n/a
32	59	n/a
32	60	n/a
32	61	n/a
32	62	n/a
32	63	n/a
32	64	n/a
32	65	n/a
32	66	n/a
32	67	n/a
32	68	n/a
32	69	n/a
32	70	n/a
32	71	n/a
32	72	n/a
32	73	n/a
32	74	n/a
32	75	n/a
32	76	n/a
32	77	n/a
32	78	n/a
32	79	n/a
32	80	n/a
32	81	n/a
32	82	n/a
32	83	n/a
33	0	n/a
33	1	n/a
33	2	n/a
33	3	n/a
33	4	n/a
33	5	n/a
33	6	n/a
33	7	n/a
33	8	n/a
33	9	n/a
33	10	n/a
33	11	n/a
33	12	n/a
33	13	n/a
33	14	n/a
33	15	n/a
33	16	n/a
33	17	n/a
33	18	n/a
33	19	n/a
33	20	n/a
33	21	n/a
33	22	n/a
33	23	n/a
33	24	n/a
33	25	n/a
33	26	n/a
33	27	n/a
33	28	n/a
33	29	n/a
33	30	n/a
33	31	n/a
33	32	n/a
33	33	n/a
33	34	n/a
33	35	n/a
33	36	n/a
33	37	n/a
33	38	n/a
33	39	n/a
33	40	n/a
33	41	n/a
33	42	n/a
33	43	n/a
33	44	n/a
33	45	n/a
33	46	n/a
33	47	n/a
33	48	n/a
33	49	n/a
33	50	n/a
33	51	n/a
33	52	n/a
33	53	n/a
33	54	n/a
33	55	n/a
33	56	n/a
33	57	n/a
33	58	n/a
33	59	n/a
33	60	n/a
33	61	n/a
33	62	n/a
33	63	n/a
33	64	n/a
33	65	n/a
33	66	n/a
33	67	n/a
33	68	n/a
33	69	n/a
33	70	n/a
33	71	n/a
33	72	n/a
33	73	n/a
33	74	n/a
33	75	n/a
33	76	n/a
33	77	n/a
33	78	n/a
33	79	n/a
33	80	n/a
33	81	n/a
33	82	n/a
33	83	n/a
34	0	n/a
34	1	n/a
34	2	n/a
34	3	n/a
34	4	n/a
34	5	n/a
34	6	n/a
34	7	n/a
34	8	n/a
34	9	n/a
34	10	n/a
34	11	n/a
34	12	n/a
34	13	n/a
34	14	n/a
34	15	n/a
34	16	n/a
34	17	n/a
34	18	n/a
34	19	n/a
34	20	n/a
34	21	n/a
34	22	n/a
34	23	n/a
34	24	n/a
34	25	n/a
34	26	n/a
34	27	n/a
34	28	n/a
34	29	n/a
34	30	n/a
34	31	n/a
34	32	n/a
34	33	n/a
34	34	n/a
34	35	n/a
34	36	n/a
34	37	n/a
34	38	n/a
34	39	n/a
34	40	n/a
34	41	n/a
34	42	n/a
34	43	n/a
34	44	n/a
34	45	n/a
34	46	n/a
34	47	n/a
34	48	n/a
34	49	n/a
34	50	n/a
34	51	n/a
34	52	n/a
34	53	n/a
34	54	n/a
34	55	n/a
34	56	n/a
34	57	n/a
34	58	n/a
34	59	n/a
34	60	n/a
34	61	n/a
34	62	n/a
34	63	n/a
34	64	n/a
34	65	n/a
34	66	n/a
34	67	n/a
34	68	n/a
34	69	n/a
34	70	n/a
34	71	n/a
34	72	n/a
34	73	n/a
34	74	n/a
34	75	n/a
34	76	n/a
34	77	n/a
34	78	n/a
34	79	n/a
34	80	n/a
34	81	n/a
34	82	n/a
34	83	n/a
35	0	n/a
35	1	n/a
35	2	n/a
35	3	n/a
35	4	n/a
35	5	n/a
35	6	n/a
35	7	n/a
35	8	n/a
35	9	n/a
35	10	n/a
35	11	n/a
35	12	n/a
35	13	n/a
35	14	n/a
35	15	n/a
35	16	n/a
35	17	n/a
35	18	n/a
35	19	n/a
35	20	n/a
35	21	n/a
35	22	n/a
35	23	n/a
35	24	n/a
35	25	n/a
35	26	n/a
35	27	n/a
35	28	n/a
35	29	n/a
35	30	n/a
35	31	n/a
35	32	n/a
35	33	n/a
35	34	n/a
35	35	n/a
35	36	n/a
35	37	n/a
35	38	n/a
35	39	n/a
35	40	n/a
35	41	n/a
35	42	n/a
35	43	n/a
35	44	n/a
35	45	n/a
35	46	n/a
35	47	n/a
35	48	n/a
35	49	n/a
35	50	n/a
35	51	n/a
35	52	n/a
35	53	n/a
35	54	n/a
35	55	n/a
35	56	n/a
35	57	n/a
35	58	n/a
35	59	n/a
35	60	n/a
35	61	n/a
35	62	n/a
35	63	n/a
35	64	n/a
35	65	n/a
35	66	n/a
35	67	n/a
35	68	n/a
35	69	n/a
35	70	n/a
35	71	n/a
35	72	n/a
35	73	n/a
35	74	n/a
35	75	n/a
35	76	n/a
35	77	n/a
35	78	n/a
35	79	n/a
35	80	n/a
35	81	n/a
35	82	n/a
35	83	n/a
36	0	n/a
36	1	n/a
36	2	n/a
36	3	n/a
36	4	n/a
36	5	n/a
36	6	n/a
36	7	n/a
36	8	n/a
36	9	n/a
36	10	n/a
36	11	n/a
36	12	n/a
36	13	n/a
36	14	n/a
36	15	n/a
36	16	n/a
36	17	n/a
36	18	n/a
36	19	n/a
36	20	n/a
36	21	n/a
36	22	n/a
36	23	n/a
36	24	n/a
36	25	n/a
36	26	n/a
36	27	n/a
36	28	n/a
36	29	n/a
36	30	n/a
36	31	n/a
36	32	n/a
36	33	n/a
36	34	n/a
36	35	n/a
36	36	n/a
36	37	n/a
36	38	n/a
36	39	n/a
36	40	n/a
36	41	n/a
36	42	n/a
36	43	n/a
36	44	n/a
36	45	n/a
36	46	n/a
36	47	n/a
36	48	n/a
36	49	n/a
36	50	n/a
36	51	n/a
36	52	n/a
36	53	n/a
36	54	n/a
36	55	n/a
36	56	n/a
36	57	n/a
36	58	n/a
36	59	n/a
36	60	n/a
36	61	n/a
36	62	n/a
36	63	n/a
36	64	n/a
36	65	n/a
36	66	n/a
36	67	n/a
36	68	n/a
36	69	n/a
36	70	n/a
36	71	n/a
36	72	n/a
36	73	n/a
36	74	n/a
36	75	n/a
36	76	n/a
36	77	n/a
36	78	n/a
36	79	n/a
36	80	n/a
36	81	n/a
36	82	n/a
36	83	n/a
37	0	n/a
37	1	n/a
37	2	n/a
37	3	n/a
37	4	n/a
37	5	n/a
37	6	n/a
37	7	n/a
37	8	n/a
37	9	n/a
37	10	n/a
37	11	n/a
37	12	n/a
37	13	n/a
37	14	n/a
37	15	n/a
37	16	n/a
37	17	n/a
37	18	n/a
37	19	n/a
37	20	n/a
37	21	n/a
37	22	n/a
37	23	n/a
37	24	n/a
37	25	n/a
37	26	n/a
37	27	n/a
37	28	n/a
37	29	n/a
37	30	n/a
37	31	n/a
37	32	n/a
37	33	n/a
37	34	n/a
37	35	n/a
37	36	n/a
37	37	n/a
37	38	n/a
37	39	n/a
37	40	n/a
37	41	n/a
37	42	n/a
37	43	n/a
37	44	n/a
37	45	n/a
37	46	n/a
37	47	n/a
37	48	n/a
37	49	n/a
37	50	n/a
37	51	n/a
37	52	n/a
37	53	n/a
37	54	n/a
37	55	n/a
37	56	n/a
37	57	n/a
37	58	n/a
37	59	n/a
37	60	n/a
37	61	n/a
37	62	n/a
37	63	n/a
37	64	n/a
37	65	n/a
37	66	n/a
37	67	n/a
37	68	n/a
37	69	n/a
37	70	n/a
37	71	n/a
37	72	n/a
37	73	n/a
37	74	n/a
37	75	n/a
37	76	n/a
37	77	n/a
37	78	n/a
37	79	n/a
37	80	n/a
37	81	n/a
37	82	n/a
37	83	n/a
38	0	n/a
38	1	n/a
38	2	n/a
38	3	n/a
38	4	n/a
38	5	n/a
38	6	n/a
38	7	n/a
38	8	n/a
38	9	n/a
38	10	n/a
38	11	n/a
38	12	n/a
38	13	n/a
38	14	n/a
38	15	n/a
38	16	n/a
38	17	n/a
38	18	n/a
38	19	n/a
38	20	n/a
38	21	n/a
38	22	n/a
38	23	n/a
38	24	n/a
38	25	n/a
38	26	n/a
38	27	n/a
38	28	n/a
38	29	n/a
38	30	n/a
38	31	n/a
38	32	n/a
38	33	n/a
38	34	n/a
38	35	n/a
38	36	n/a
38	37	n/a
38	38	n/a
38	39	n/a
38	40	n/a
38	41	n/a
38	42	n/a
38	43	n/a
38	44	n/a
38	45	n/a
38	46	n/a
38	47	n/a
38	48	n/a
38	49	n/a
38	50	n/a
38	51	n/a
38	52	n/a
38	53	n/a
38	54	n/a
38	55	n/a
38	56	n/a
38	57	n/a
38	58	n/a
38	59	n/a
38	60	n/a
38	61	n/a
38	62	n/a
38	63	n/a
38	64	n/a
38	65	n/a
38	66	n/a
38	67	n/a
38	68	n/a
38	69	n/a
38	70	n/a
38	71	n/a
38	72	n/a
38	73	n/a
38	74	n/a
38	75	n/a
38	76	n/a
38	77	n/a
38	78	n/a
38	79	n/a
38	80	n/a
38	81	n/a
38	82	n/a
38	83	n/a
39	0	n/a
39	1	n/a
39	2	n/a
39	3	n/a
39	4	n/a
39	5	n/a
39	6	n/a
39	7	n/a
39	8	n/a
39	9	n/a
39	10	n/a
39	11	n/a
39	12	n/a
39	13	n/a
39	14	n/a
39	15	n/a
39	16	n/a
39	17	n/a
39	18	n/a
39	19	n/a
39	20	n/a
39	21	n/a
39	22	n/a
39	23	n/a
39	24	n/a
39	25	n/a
39	26	n/a
39	27	n/a
39	28	n/a
39	29	n/a
39	30	n/a
39	31	n/a
39	32	n/a
39	33	n/a
39	34	n/a
39	35	n/a
39	36	n/a
39	37	n/a
39	38	n/a
39	39	n/a
39	40	n/a
39	41	n/a
39	42	n/a
39	43	n/a
39	44	n/a
39	45	n/a
39	46	n/a
39	47	n/a
39	48	n/a
39	49	n/a
39	50	n/a
39	51	n/a
39	52	n/a
39	53	n/a
39	54	n/a
39	55	n/a
39	56	n/a
39	57	n/a
39	58	n/a
39	59	n/a
39	60	n/a
39	61	n/a
39	62	n/a
39	63	n/a
39	64	n/a
39	65	n/a
39	66	n/a
39	67	n/a
39	68	n/a
39	69	n/a
39	70	n/a
39	71	n/a
39	72	n/a
39	73	n/a
39	74	n/a
39	75	n/a
39	76	n/a
39	77	n/a
39	78	n/a
39	79	n/a
39	80	n/a
39	81	n/a
39	82	n/a
39	83	n/a
40	0	n/a
40	1	n/a
40	2	n/a
40	3	n/a
40	4	n/a
40	5	n/a
40	6	n/a
40	7	n/a
40	8	n/a
40	9	n/a
40	10	n/a
40	11	n/a
40	12	n/a
40	13	n/a
40	14	n/a
40	15	n/a
40	16	n/a
40	17	n/a
40	18	n/a
40	19	n/a
40	20	n/a
40	21	n/a
40	22	n/a
40	23	n/a
40	24	n/a
40	25	n/a
40	26	n/a
40	27	n/a
40	28	n/a
40	29	n/a
40	30	n/a
40	31	n/a
40	32	n/a
40	33	n/a
40	34	n/a
40	35	n/a
40	36	n/a
40	37	n/a
40	38	n/a
40	39	n/a
40	40	n/a
40	41	n/a
40	42	n/a
40	43	n/a
40	44	n/a
40	45	n/a
40	46	n/a
40	47	n/a
40	48	n/a
40	49	n/a
40	50	n/a
40	51	n/a
40	52	n/a
40	53	n/a
40	54	n/a
40	55	n/a
40	56	n/a
40	57	n/a
40	58	n/a
40	59	n/a
40	60	n/a
40	61	n/a
40	62	n/a
40	63	n/a
40	64	n/a
40	65	n/a
40	66	n/a
40	67	n/a
40	68	n/a
40	69	n/a
40	70	n/a
40	71	n/a
40	72	n/a
40	73	n/a
40	74	n/a
40	75	n/a
40	76	n/a
40	77	n/a
40	78	n/a
40	79	n/a
40	80	n/a
40	81	n/a
40	82	n/a
40	83	n/a
41	0	n/a
41	1	n/a
41	2	n/a
41	3	n/a
41	4	n/a
41	5	n/a
41	6	n/a
41	7	n/a
41	8	n/a
41	9	n/a
41	10	n/a
41	11	n/a
41	12	n/a
41	13	n/a
41	14	n/a
41	15	n/a
41	16	n/a
41	17	n/a
41	18	n/a
41	19	n/a
41	20	n/a
41	21	n/a
41	22	n/a
41	23	n/a
41	24	n/a
41	25	n/a
41	26	n/a
41	27	n/a
41	28	n/a
41	29	n/a
41	30	n/a
41	31	n/a
41	32	n/a
41	33	n/a
41	34	n/a
41	35	n/a
41	36	n/a
41	37	n/a
41	38	n/a
41	39	n/a
41	40	n/a
41	41	n/a
41	42	n/a
41	43	n/a
41	44	n/a
41	45	n/a
41	46	n/a
41	47	n/a
41	48	n/a
41	49	n/a
41	50	n/a
41	51	n/a
41	52	n/a
41	53	n/a
41	54	n/a
41	55	n/a
41	56	n/a
41	57	n/a
41	58	n/a
41	59	n/a
41	60	n/a
41	61	n/a
41	62	n/a
41	63	n/a
41	64	n/a
41	65	n/a
41	66	n/a
41	67	n/a
41	68	n/a
41	69	n/a
41	70	n/a
41	71	n/a
41	72	n/a
41	73	n/a
41	74	n/a
41	75	n/a
41	76	n/a
41	77	n/a
41	78	n/a
41	79	n/a
41	80	n/a
41	81	n/a
41	82	n/a
41	83	n/a
42	0	n/a
42	1	n/a
42	2	n/a
42	3	n/a
42	4	n/a
42	5	n/a
42	6	n/a
42	7	n/a
42	8	n/a
42	9	n/a
42	10	n/a
42	11	n/a
42	12	n/a
42	13	n/a
42	14	n/a
42	15	n/a
42	16	n/a
42	17	n/a
42	18	n/a
42	19	n/a
42	20	n/a
42	21	n/a
42	22	n/a
42	23	n/a
42	24	n/a
42	25	n/a
42	26	n/a
42	27	n/a
42	28	n/a
42	29	n/a
42	30	n/a
42	31	n/a
42	32	n/a
42	33	n/a
42	34	n/a
42	35	n/a
42	36	n/a
42	37	n/a
42	38	n/a
42	39	n/a
42	40	n/a
42	41	n/a
42	42	n/a
42	43	n/a
42	44	n/a
42	45	n/a
42	46	n/a
42	47	n/a
42	48	n/a
42	49	n/a
42	50	n/a
42	51	n/a
42	52	n/a
42	53	n/a
42	54	n/a
42	55	n/a
42	56	n/a
42	57	n/a
42	58	n/a
42	59	n/a
42	60	n/a
42	61	n/a
42	62	n/a
42	63	n/a
42	64	n/a
42	65	n/a
42	66	n/a
42	67	n/a
42	68	n/a
42	69	n/a
42	70	n/a
42	71	n/a
42	72	n/a
42	73	n/a
42	74	n/a
42	75	n/a
42	76	n/a
42	77	n/a
42	78	n/a
42	79	n/a
42	80	n/a
42	81	n/a
42	82	n/a
42	83	n/a
43	0	n/a
43	1	n/a
43	2	n/a
43	3	n/a
43	4	n/a
43	5	n/a
43	6	n/a
43	7	n/a
43	8	n/a
43	9	n/a
43	10	n/a
43	11	n/a
43	12	n/a
43	13	n/a
43	14	n/a
43	15	n/a
43	16	n/a
43	17	n/a
43	18	n/a
43	19	n/a
43	20	n/a
43	21	n/a
43	22	n/a
43	23	n/a
43	24	n/a
43	25	n/a
43	26	n/a
43	27	n/a
43	28	n/a
43	29	n/a
43	30	n/a
43	31	n/a
43	32	n/a
43	33	n/a
43	34	n/a
43	35	n/a
43	36	n/a
43	37	n/a
43	38	n/a
43	39	n/a
43	40	n/a
43	41	n/a
43	42	n/a
43	43	n/a
43	44	n/a
43	45	n/a
43	46	n/a
43	47	n/a
43	48	n/a
43	49	n/a
43	50	n/a
43	51	n/a
43	52	n/a
43	53	n/a
43	54	n/a
43	55	n/a
43	56	n/a
43	57	n/a
43	58	n/a
43	59	n/a
43	60	n/a
43	61	n/a
43	62	n/a
43	63	n/a
43	64	n/a
43	65	n/a
43	66	n/a
43	67	n/a
43	68	n/a
43	69	n/a
43	70	n/a
43	71	n/a
43	72	n/a
43	73	n/a
43	74	n/a
43	75	n/a
43	76	n/a
43	77	n/a
43	78	n/a
43	79	n/a
43	80	n/a
43	81	n/a
43	82	n/a
43	83	n/a
44	0	n/a
44	1	n/a
44	2	n/a
44	3	n/a
44	4	n/a
44	5	n/a
44	6	n/a
44	7	n/a
44	8	n/a
44	9	n/a
44	10	n/a
44	11	n/a
44	12	n/a
44	13	n/a
44	14	n/a
44	15	n/a
44	16	n/a
44	17	n/a
44	18	n/a
44	19	n/a
44	20	n/a
44	21	n/a
44	22	n/a
44	23	n/a
44	24	n/a
44	25	n/a
44	26	n/a
44	27	n/a
44	28	n/a
44	29	n/a
44	30	n/a
44	31	n/a
44	32	n/a
44	33	n/a
44	34	n/a
44	35	n/a
44	36	n/a
44	37	n/a
44	38	n/a
44	39	n/a
44	40	n/a
44	41	n/a
44	42	n/a
44	43	n/a
44	44	n/a
44	45	n/a
44	46	n/a
44	47	n/a
44	48	n/a
44	49	n/a
44	50	n/a
44	51	n/a
44	52	n/a
44	53	n/a
44	54	n/a
44	55	n/a
44	56	n/a
44	57	n/a
44	58	n/a
44	59	n/a
44	60	n/a
44	61	n/a
44	62	n/a
44	63	n/a
44	64	n/a
44	65	n/a
44	66	n/a
44	67	n/a
44	68	n/a
44	69	n/a
44	70	n/a
44	71	n/a
44	72	n/a
44	73	n/a
44	74	n/a
44	75	n/a
44	76	n/a
44	77	n/a
44	78	n/a
44	79	n/a
44	80	n/a
44	81	n/a
44	82	n/a
44	83	n/a
45	0	n/a
45	1	n/a
45	2	n/a
45	3	n/a
45	4	n/a
45	5	n/a
45	6	n/a
45	7	n/a
45	8	n/a
45	9	n/a
45	10	n/a
45	11	n/a
45	12	n/a
45	13	n/a
45	14	n/a
45	15	n/a
45	16	n/a
45	17	n/a
45	18	n/a
45	19	n/a
45	20	n/a
45	21	n/a
45	22	n/a
45	23	n/a
45	24	n/a
45	25	n/a
45	26	n/a
45	27	n/a
45	28	n/a
45	29	n/a
45	30	n/a
45	31	n/a
45	32	n/a
45	33	n/a
45	34	n/a
45	35	n/a
45	36	n/a
45	37	n/a
45	38	n/a
45	39	n/a
45	40	n/a
45	41	n/a
45	42	n/a
45	43	n/a
45	44	n/a
45	45	n/a
45	46	n/a
45	47	n/a
45	48	n/a
45	49	n/a
45	50	n/a
45	51	n/a
45	52	n/a
45	53	n/a
45	54	n/a
45	55	n/a
45	56	n/a
45	57	n/a
45	58	n/a
45	59	n/a
45	60	n/a
45	61	n/a
45	62	n/a
45	63	n/a
45	64	n/a
45	65	n/a
45	66	n/a
45	67	n/a
45	68	n/a
45	69	n/a
45	70	n/a
45	71	n/a
45	72	n/a
45	73	n/a
45	74	n/a
45	75	n/a
45	76	n/a
45	77	n/a
45	78	n/a
45	79	n/a
45	80	n/a
45	81	n/a
45	82	n/a
45	83	n/a
46	0	n/a
46	1	n/a
46	2	n/a
46	3	n/a
46	4	n/a
46	5	n/a
46	6	n/a
46	7	n/a
46	8	n/a
46	9	n/a
46	10	n/a
46	11	n/a
46	12	n/a
46	13	n/a
46	14	n/a
46	15	n/a
46	16	n/a
46	17	n/a
46	18	n/a
46	19	n/a
46	20	n/a
46	21	n/a
46	22	n/a
46	23	n/a
46	24	n/a
46	25	n/a
46	26	n/a
46	27	n/a
46	28	n/a
46	29	n/a
46	30	n/a
46	31	n/a
46	32	n/a
46	33	n/a
46	34	n/a
46	35	n/a
46	36	n/a
46	37	n/a
46	38	n/a
46	39	n/a
46	40	n/a
46	41	n/a
46	42	n/a
46	43	n/a
46	44	n/a
46	45	n/a
46	46	n/a
46	47	n/a
46	48	n/a
46	49	n/a
46	50	n/a
46	51	n/a
46	52	n/a
46	53	n/a
46	54	n/a
46	55	n/a
46	56	n/a
46	57	n/a
46	58	n/a
46	59	n/a
46	60	n/a
46	61	n/a
46	62	n/a
46	63	n/a
46	64	n/a
46	65	n/a
46	66	n/a
46	67	n/a
46	68	n/a
46	69	n/a
46	70	n/a
46	71	n/a
46	72	n/a
46	73	n/a
46	74	n/a
46	75	n/a
46	76	n/a
46	77	n/a
46	78	n/a
46	79	n/a
46	80	n/a
46	81	n/a
46	82	n/a
46	83	n/a
47	0	n/a
47	1	n/a
47	2	n/a
47	3	n/a
47	4	n/a
47	5	n/a
47	6	n/a
47	7	n/a
47	8	n/a
47	9	n/a
47	10	n/a
47	11	n/a
47	12	n/a
47	13	n/a
47	14	n/a
47	15	n/a
47	16	n/a
47	17	n/a
47	18	n/a
47	19	n/a
47	20	n/a
47	21	n/a
47	22	n/a
47	23	n/a
47	24	n/a
47	25	n/a
47	26	n/a
47	27	n/a
47	28	n/a
47	29	n/a
47	30	n/a
47	31	n/a
47	32	n/a
47	33	n/a
47	34	n/a
47	35	n/a
47	36	n/a
47	37	n/a
47	38	n/a
47	39	n/a
47	40	n/a
47	41	n/a
47	42	n/a
47	43	n/a
47	44	n/a
47	45	n/a
47	46	n/a
47	47	n/a
47	48	n/a
47	49	n/a
47	50	n/a
47	51	n/a
47	52	n/a
47	53	n/a
47	54	n/a
47	55	n/a
47	56	n/a
47	57	n/a
47	58	n/a
47	59	n/a
47	60	n/a
47	61	n/a
47	62	n/a
47	63	n/a
47	64	n/a
47	65	n/a
47	66	n/a
47	67	n/a
47	68	n/a
47	69	n/a
47	70	n/a
47	71	n/a
47	72	n/a
47	73	n/a
47	74	n/a
47	75	n/a
47	76	n/a
47	77	n/a
47	78	n/a
47	79	n/a
47	80	n/a
47	81	n/a
47	82	n/a
47	83	n/a
48	0	n/a
48	1	n/a
48	2	n/a
48	3	n/a
48	4	n/a
48	5	n/a
48	6	n/a
48	7	n/a
48	8	n/a
48	9	n/a
48	10	n/a
48	11	n/a
48	12	n/a
48	13	n/a
48	14	n/a
48	15	n/a
48	16	n/a
48	17	n/a
48	18	n/a
48	19	n/a
48	20	n/a
48	21	n/a
48	22	n/a
48	23	n/a
48	24	n/a
48	25	n/a
48	26	n/a
48	27	n/a
48	28	n/a
48	29	n/a
48	30	n/a
48	31	n/a
48	32	n/a
48	33	n/a
48	34	n/a
48	35	n/a
48	36	n/a
48	37	n/a
48	38	n/a
48	39	n/a
48	40	n/a
48	41	n/a
48	42	n/a
48	43	n/a
48	44	n/a
48	45	n/a
48	46	n/a
48	47	n/a
48	48	n/a
48	49	n/a
48	50	n/a
48	51	n/a
48	52	n/a
48	53	n/a
48	54	n/a
48	55	n/a
48	56	n/a
48	57	n/a
48	58	n/a
48	59	n/a
48	60	n/a
48	61	n/a
48	62	n/a
48	63	n/a
48	64	n/a
48	65	n/a
48	66	n/a
48	67	n/a
48	68	n/a
48	69	n/a
48	70	n/a
48	71	n/a
48	72	n/a
48	73	n/a
48	74	n/a
48	75	n/a
48	76	n/a
48	77	n/a
48	78	n/a
48	79	n/a
48	80	n/a
48	81	n/a
48	82	n/a
48	83	n/a
49	0	n/a
49	1	n/a
49	2	n/a
49	3	n/a
49	4	n/a
49	5	n/a
49	6	n/a
49	7	n/a
49	8	n/a
49	9	n/a
49	10	n/a
49	11	n/a
49	12	n/a
49	13	n/a
49	14	n/a
49	15	n/a
49	16	n/a
49	17	n/a
49	18	n/a
49	19	n/a
49	20	n/a
49	21	n/a
49	22	n/a
49	23	n/a
49	24	n/a
49	25	n/a
49	26	n/a
49	27	n/a
49	28	n/a
49	29	n/a
49	30	n/a
49	31	n/a
49	32	n/a
49	33	n/a
49	34	n/a
49	35	n/a
49	36	n/a
49	37	n/a
49	38	n/a
49	39	n/a
49	40	n/a
49	41	n/a
49	42	n/a
49	43	n/a
49	44	n/a
49	45	n/a
49	46	n/a
49	47	n/a
49	48	n/a
49	49	n/a
49	50	n/a
49	51	n/a
49	52	n/a
49	53	n/a
49	54	n/a
49	55	n/a
49	56	n/a
49	57	n/a
49	58	n/a
49	59	n/a
49	60	n/a
49	61	n/a
49	62	n/a
49	63	n/a
49	64	n/a
49	65	n/a
49	66	n/a
49	67	n/a
49	68	n/a
49	69	n/a
49	70	n/a
49	71	n/a
49	72	n/a
49	73	n/a
49	74	n/a
49	75	n/a
49	76	n/a
49	77	n/a
49	78	n/a
49	79	n/a
49	80	n/a
49	81	n/a
49	82	n/a
49	83	n/a
50	0	n/a
50	1	n/a
50	2	n/a
50	3	n/a
50	4	n/a
50	5	n/a
50	6	n/a
50	7	n/a
50	8	n/a
50	9	n/a
50	10	n/a
50	11	n/a
50	12	n/a
50	13	n/a
50	14	n/a
50	15	n/a
50	16	n/a
50	17	n/a
50	18	n/a
50	19	n/a
50	20	n/a
50	21	n/a
50	22	n/a
50	23	n/a
50	24	n/a
50	25	n/a
50	26	n/a
50	27	n/a
50	28	n/a
50	29	n/a
50	30	n/a
50	31	n/a
50	32	n/a
50	33	n/a
50	34	n/a
50	35	n/a
50	36	n/a
50	37	n/a
50	38	n/a
50	39	n/a
50	40	n/a
50	41	n/a
50	42	n/a
50	43	n/a
50	44	n/a
50	45	n/a
50	46	n/a
50	47	n/a
50	48	n/a
50	49	n/a
50	50	n/a
50	51	n/a
50	52	n/a
50	53	n/a
50	54	n/a
50	55	n/a
50	56	n/a
50	57	n/a
50	58	n/a
50	59	n/a
50	60	n/a
50	61	n/a
50	62	n/a
50	63	n/a
50	64	n/a
50	65	n/a
50	66	n/a
50	67	n/a
50	68	n/a
50	69	n/a
50	70	n/a
50	71	n/a
50	72	n/a
50	73	n/a
50	74	n/a
50	75	n/a
50	76	n/a
50	77	n/a
50	78	n/a
50	79	n/a
50	80	n/a
50	81	n/a
50	82	n/a
50	83	n/a
51	0	n/a
51	1	n/a
51	2	n/a
51	3	n/a
51	4	n/a
51	5	n/a
51	6	n/a
51	7	n/a
51	8	n/a
51	9	n/a
51	10	n/a
51	11	n/a
51	12	n/a
51	13	n/a
51	14	n/a
51	15	n/a
51	16	n/a
51	17	n/a
51	18	n/a
51	19	n/a
51	20	n/a
51	21	n/a
51	22	n/a
51	23	n/a
51	24	n/a
51	25	n/a
51	26	n/a
51	27	n/a
51	28	n/a
51	29	n/a
51	30	n/a
51	31	n/a
51	32	n/a
51	33	n/a
51	34	n/a
51	35	n/a
51	36	n/a
51	37	n/a
51	38	n/a
51	39	n/a
51	40	n/a
51	41	n/a
51	42	n/a
51	43	n/a
51	44	n/a
51	45	n/a
51	46	n/a
51	47	n/a
51	48	n/a
51	49	n/a
51	50	n/a
51	51	n/a
51	52	n/a
51	53	n/a
51	54	n/a
51	55	n/a
51	56	n/a
51	57	n/a
51	58	n/a
51	59	n/a
51	60	n/a
51	61	n/a
51	62	n/a
51	63	n/a
51	64	n/a
51	65	n/a
51	66	n/a
51	67	n/a
51	68	n/a
51	69	n/a
51	70	n/a
51	71	n/a
51	72	n/a
51	73	n/a
51	74	n/a
51	75	n/a
51	76	n/a
51	77	n/a
51	78	n/a
51	79	n/a
51	80	n/a
51	81	n/a
51	82	n/a
51	83	n/a
52	0	n/a
52	1	n/a
52	2	n/a
52	3	n/a
52	4	n/a
52	5	n/a
52	6	n/a
52	7	n/a
52	8	n/a
52	9	n/a
52	10	n/a
52	11	n/a
52	12	n/a
52	13	n/a
52	14	n/a
52	15	n/a
52	16	n/a
52	17	n/a
52	18	n/a
52	19	n/a
52	20	n/a
52	21	n/a
52	22	n/a
52	23	n/a
52	24	n/a
52	25	n/a
52	26	n/a
52	27	n/a
52	28	n/a
52	29	n/a
52	30	n/a
52	31	n/a
52	32	n/a
52	33	n/a
52	34	n/a
52	35	n/a
52	36	n/a
52	37	n/a
52	38	n/a
52	39	n/a
52	40	n/a
52	41	n/a
52	42	n/a
52	43	n/a
52	44	n/a
52	45	n/a
52	46	n/a
52	47	n/a
52	48	n/a
52	49	n/a
52	50	n/a
52	51	n/a
52	52	n/a
52	53	n/a
52	54	n/a
52	55	n/a
52	56	n/a
52	57	n/a
52	58	n/a
52	59	n/a
52	60	n/a
52	61	n/a
52	62	n/a
52	63	n/a
52	64	n/a
52	65	n/a
52	66	n/a
52	67	n/a
52	68	n/a
52	69	n/a
52	70	n/a
52	71	n/a
52	72	n/a
52	73	n/a
52	74	n/a
52	75	n/a
52	76	n/a
52	77	n/a
52	78	n/a
52	79	n/a
52	80	n/a
52	81	n/a
52	82	n/a
52	83	n/a
53	0	n/a
53	1	n/a
53	2	n/a
53	3	n/a
53	4	n/a
53	5	n/a
53	6	n/a
53	7	n/a
53	8	n/a
53	9	n/a
53	10	n/a
53	11	n/a
53	12	n/a
53	13	n/a
53	14	n/a
53	15	n/a
53	16	n/a
53	17	n/a
53	18	n/a
53	19	n/a
53	20	n/a
53	21	n/a
53	22	n/a
53	23	n/a
53	24	n/a
53	25	n/a
53	26	n/a
53	27	n/a
53	28	n/a
53	29	n/a
53	30	n/a
53	31	n/a
53	32	n/a
53	33	n/a
53	34	n/a
53	35	n/a
53	36	n/a
53	37	n/a
53	38	n/a
53	39	n/a
53	40	n/a
53	41	n/a
53	42	n/a
53	43	n/a
53	44	n/a
53	45	n/a
53	46	n/a
53	47	n/a
53	48	n/a
53	49	n/a
53	50	n/a
53	51	n/a
53	52	n/a
53	53	n/a
53	54	n/a
53	55	n/a
53	56	n/a
53	57	n/a
53	58	n/a
53	59	n/a
53	60	n/a
53	61	n/a
53	62	n/a
53	63	n/a
53	64	n/a
53	65	n/a
53	66	n/a
53	67	n/a
53	68	n/a
53	69	n/a
53	70	n/a
53	71	n/a
53	72	n/a
53	73	n/a
53	74	n/a
53	75	n/a
53	76	n/a
53	77	n/a
53	78	n/a
53	79	n/a
53	80	n/a
53	81	n/a
53	82	n/a
53	83	n/a
54	0	n/a
54	1	n/a
54	2	n/a
54	3	n/a
54	4	n/a
54	5	n/a
54	6	n/a
54	7	n/a
54	8	n/a
54	9	n/a
54	10	n/a
54	11	n/a
54	12	n/a
54	13	n/a
54	14	n/a
54	15	n/a
54	16	n/a
54	17	n/a
54	18	n/a
54	19	n/a
54	20	n/a
54	21	n/a
54	22	n/a
54	23	n/a
54	24	n/a
54	25	n/a
54	26	n/a
54	27	n/a
54	28	n/a
54	29	n/a
54	30	n/a
54	31	n/a
54	32	n/a
54	33	n/a
54	34	n/a
54	35	n/a
54	36	n/a
54	37	n/a
54	38	n/a
54	39	n/a
54	40	n/a
54	41	n/a
54	42	n/a
54	43	n/a
54	44	n/a
54	45	n/a
54	46	n/a
54	47	n/a
54	48	n/a
54	49	n/a
54	50	n/a
54	51	n/a
54	52	n/a
54	53	n/a
54	54	n/a
54	55	n/a
54	56	n/a
54	57	n/a
54	58	n/a
54	59	n/a
54	60	n/a
54	61	n/a
54	62	n/a
54	63	n/a
54	64	n/a
54	65	n/a
54	66	n/a
54	67	n/a
54	68	n/a
54	69	n/a
54	70	n/a
54	71	n/a
54	72	n/a
54	73	n/a
54	74	n/a
54	75	n/a
54	76	n/a
54	77	n/a
54	78	n/a
54	79	n/a
54	80	n/a
54	81	n/a
54	82	n/a
54	83	n/a
55	0	n/a
55	1	n/a
55	2	n/a
55	3	n/a
55	4	n/a
55	5	n/a
55	6	n/a
55	7	n/a
55	8	n/a
55	9	n/a
55	10	n/a
55	11	n/a
55	12	n/a
55	13	n/a
55	14	n/a
55	15	n/a
55	16	n/a
55	17	n/a
55	18	n/a
55	19	n/a
55	20	n/a
55	21	n/a
55	22	n/a
55	23	n/a
55	24	n/a
55	25	n/a
55	26	n/a
55	27	n/a
55	28	n/a
55	29	n/a
55	30	n/a
55	31	n/a
55	32	n/a
55	33	n/a
55	34	n/a
55	35	n/a
55	36	n/a
55	37	n/a
55	38	n/a
55	39	n/a
55	40	n/a
55	41	n/a
55	42	n/a
55	43	n/a
55	44	n/a
55	45	n/a
55	46	n/a
55	47	n/a
55	48	n/a
55	49	n/a
55	50	n/a
55	51	n/a
55	52	n/a
55	53	n/a
55	54	n/a
55	55	n/a
55	56	n/a
55	57	n/a
55	58	n/a
55	59	n/a
55	60	n/a
55	61	n/a
55	62	n/a
55	63	n/a
55	64	n/a
55	65	n/a
55	66	n/a
55	67	n/a
55	68	n/a
55	69	n/a
55	70	n/a
55	71	n/a
55	72	n/a
55	73	n/a
55	74	n/a
55	75	n/a
55	76	n/a
55	77	n/a
55	78	n/a
55	79	n/a
55	80	n/a
55	81	n/a
55	82	n/a
55	83	n/a
56	0	n/a
56	1	n/a
56	2	n/a
56	3	n/a
56	4	n/a
56	5	n/a
56	6	n/a
56	7	n/a
56	8	n/a
56	9	n/a
56	10	n/a
56	11	n/a
56	12	n/a
56	13	n/a
56	14	n/a
56	15	n/a
56	16	n/a
56	17	n/a
56	18	n/a
56	19	n/a
56	20	n/a
56	21	n/a
56	22	n/a
56	23	n/a
56	24	n/a
56	25	n/a
56	26	n/a
56	27	n/a
56	28	n/a
56	29	n/a
56	30	n/a
56	31	n/a
56	32	n/a
56	33	n/a
56	34	n/a
56	35	n/a
56	36	n/a
56	37	n/a
56	38	n/a
56	39	n/a
56	40	n/a
56	41	n/a
56	42	n/a
56	43	n/a
56	44	n/a
56	45	n/a
56	46	n/a
56	47	n/a
56	48	n/a
56	49	n/a
56	50	n/a
56	51	n/a
56	52	n/a
56	53	n/a
56	54	n/a
56	55	n/a
56	56	n/a
56	57	n/a
56	58	n/a
56	59	n/a
56	60	n/a
56	61	n/a
56	62	n/a
56	63	n/a
56	64	n/a
56	65	n/a
56	66	n/a
56	67	n/a
56	68	n/a
56	69	n/a
56	70	n/a
56	71	n/a
56	72	n/a
56	73	n/a
56	74	n/a
56	75	n/a
56	76	n/a
56	77	n/a
56	78	n/a
56	79	n/a
56	80	n/a
56	81	n/a
56	82	n/a
56	83	n/a
57	0	n/a
57	1	n/a
57	2	n/a
57	3	n/a
57	4	n/a
57	5	n/a
57	6	n/a
57	7	n/a
57	8	n/a
57	9	n/a
57	10	n/a
57	11	n/a
57	12	n/a
57	13	n/a
57	14	n/a
57	15	n/a
57	16	n/a
57	17	n/a
57	18	n/a
57	19	n/a
57	20	n/a
57	21	n/a
57	22	n/a
57	23	n/a
57	24	n/a
57	25	n/a
57	26	n/a
57	27	n/a
57	28	n/a
57	29	n/a
57	30	n/a
57	31	n/a
57	32	n/a
57	33	n/a
57	34	n/a
57	35	n/a
57	36	n/a
57	37	n/a
57	38	n/a
57	39	n/a
57	40	n/a
57	41	n/a
57	42	n/a
57	43	n/a
57	44	n/a
57	45	n/a
57	46	n/a
57	47	n/a
57	48	n/a
57	49	n/a
57	50	n/a
57	51	n/a
57	52	n/a
57	53	n/a
57	54	n/a
57	55	n/a
57	56	n/a
57	57	n/a
57	58	n/a
57	59	n/a
57	60	n/a
57	61	n/a
57	62	n/a
57	63	n/a
57	64	n/a
57	65	n/a
57	66	n/a
57	67	n/a
57	68	n/a
57	69	n/a
57	70	n/a
57	71	n/a
57	72	n/a
57	73	n/a
57	74	n/a
57	75	n/a
57	76	n/a
57	77	n/a
57	78	n/a
57	79	n/a
57	80	n/a
57	81	n/a
57	82	n/a
57	83	n/a
58	0	n/a
58	1	n/a
58	2	n/a
58	3	n/a
58	4	n/a
58	5	n/a
58	6	n/a
58	7	n/a
58	8	n/a
58	9	n/a
58	10	n/a
58	11	n/a
58	12	n/a
58	13	n/a
58	14	n/a
58	15	n/a
58	16	n/a
58	17	n/a
58	18	n/a
58	19	n/a
58	20	n/a
58	21	n/a
58	22	n/a
58	23	n/a
58	24	n/a
58	25	n/a
58	26	n/a
58	27	n/a
58	28	n/a
58	29	n/a
58	30	n/a
58	31	n/a
58	32	n/a
58	33	n/a
58	34	n/a
58	35	n/a
58	36	n/a
58	37	n/a
58	38	n/a
58	39	n/a
58	40	n/a
58	41	n/a
58	42	n/a
58	43	n/a
58	44	n/a
58	45	n/a
58	46	n/a
58	47	n/a
58	48	n/a
58	49	n/a
58	50	n/a
58	51	n/a
58	52	n/a
58	53	n/a
58	54	n/a
58	55	n/a
58	56	n/a
58	57	n/a
58	58	n/a
58	59	n/a
58	60	n/a
58	61	n/a
58	62	n/a
58	63	n/a
58	64	n/a
58	65	n/a
58	66	n/a
58	67	n/a
58	68	n/a
58	69	n/a
58	70	n/a
58	71	n/a
58	72	n/a
58	73	n/a
58	74	n/a
58	75	n/a
58	76	n/a
58	77	n/a
58	78	n/a
58	79	n/a
58	80	n/a
58	81	n/a
58	82	n/a
58	83	n/a
59	0	n/a
59	1	n/a
59	2	n/a
59	3	n/a
59	4	n/a
59	5	n/a
59	6	n/a
59	7	n/a
59	8	n/a
59	9	n/a
59	10	n/a
59	11	n/a
59	12	n/a
59	13	n/a
59	14	n/a
59	15	n/a
59	16	n/a
59	17	n/a
59	18	n/a
59	19	n/a
59	20	n/a
59	21	n/a
59	22	n/a
59	23	n/a
59	24	n/a
59	25	n/a
59	26	n/a
59	27	n/a
59	28	n/a
59	29	n/a
59	30	n/a
59	31	n/a
59	32	n/a
59	33	n/a
59	34	n/a
59	35	n/a
59	36	n/a
59	37	n/a
59	38	n/a
59	39	n/a
59	40	n/a
59	41	n/a
59	42	n/a
59	43	n/a
59	44	n/a
59	45	n/a
59	46	n/a
59	47	n/a
59	48	n/a
59	49	n/a
59	50	n/a
59	51	n/a
59	52	n/a
59	53	n/a
59	54	n/a
59	55	n/a
59	56	n/a
59	57	n/a
59	58	n/a
59	59	n/a
59	60	n/a
59	61	n/a
59	62	n/a
59	63	n/a
59	64	n/a
59	65	n/a
59	66	n/a
59	67	n/a
59	68	n/a
59	69	n/a
59	70	n/a
59	71	n/a
59	72	n/a
59	73	n/a
59	74	n/a
59	75	n/a
59	76	n/a
59	77	n/a
59	78	n/a
59	79	n/a
59	80	n/a
59	81	n/a
59	82	n/a
59	83	n/a
60	0	n/a
60	1	n/a
60	2	n/a
60	3	n/a
60	4	n/a
60	5	n/a
60	6	n/a
60	7	n/a
60	8	n/a
60	9	n/a
60	10	n/a
60	11	n/a
60	12	n/a
60	13	n/a
60	14	n/a
60	15	n/a
60	16	n/a
60	17	n/a
60	18	n/a
60	19	n/a
60	20	n/a
60	21	n/a
60	22	n/a
60	23	n/a
60	24	n/a
60	25	n/a
60	26	n/a
60	27	n/a
60	28	n/a
60	29	n/a
60	30	n/a
60	31	n/a
60	32	n/a
60	33	n/a
60	34	n/a
60	35	n/a
60	36	n/a
60	37	n/a
60	38	n/a
60	39	n/a
60	40	n/a
60	41	n/a
60	42	n/a
60	43	n/a
60	44	n/a
60	45	n/a
60	46	n/a
60	47	n/a
60	48	n/a
60	49	n/a
60	50	n/a
60	51	n/a
60	52	n/a
60	53	n/a
60	54	n/a
60	55	n/a
60	56	n/a
60	57	n/a
60	58	n/a
60	59	n/a
60	60	n/a
60	61	n/a
60	62	n/a
60	63	n/a
60	64	n/a
60	65	n/a
60	66	n/a
60	67	n/a
60	68	n/a
60	69	n/a
60	70	n/a
60	71	n/a
60	72	n/a
60	73	n/a
60	74	n/a
60	75	n/a
60	76	n/a
60	77	n/a
60	78	n/a
60	79	n/a
60	80	n/a
60	81	n/a
60	82	n/a
60	83	n/a
61	0	n/a
61	1	n/a
61	2	n/a
61	3	n/a
61	4	n/a
61	5	n/a
61	6	n/a
61	7	n/a
61	8	n/a
61	9	n/a
61	10	n/a
61	11	n/a
61	12	n/a
61	13	n/a
61	14	n/a
61	15	n/a
61	16	n/a
61	17	n/a
61	18	n/a
61	19	n/a
61	20	n/a
61	21	n/a
61	22	n/a
61	23	n/a
61	24	n/a
61	25	n/a
61	26	n/a
61	27	n/a
61	28	n/a
61	29	n/a
61	30	n/a
61	31	n/a
61	32	n/a
61	33	n/a
61	34	n/a
61	35	n/a
61	36	n/a
61	37	n/a
61	38	n/a
61	39	n/a
61	40	n/a
61	41	n/a
61	42	n/a
61	43	n/a
61	44	n/a
61	45	n/a
61	46	n/a
61	47	n/a
61	48	n/a
61	49	n/a
61	50	n/a
61	51	n/a
61	52	n/a
61	53	n/a
61	54	n/a
61	55	n/a
61	56	n/a
61	57	n/a
61	58	n/a
61	59	n/a
61	60	n/a
61	61	n/a
61	62	n/a
61	63	n/a
61	64	n/a
61	65	n/a
61	66	n/a
61	67	n/a
61	68	n/a
61	69	n/a
61	70	n/a
61	71	n/a
61	72	n/a
61	73	n/a
61	74	n/a
61	75	n/a
61	76	n/a
61	77	n/a
61	78	n/a
61	79	n/a
61	80	n/a
61	81	n/a
61	82	n/a
61	83	n/a
62	0	n/a
62	1	n/a
62	2	n/a
62	3	n/a
62	4	n/a
62	5	n/a
62	6	n/a
62	7	n/a
62	8	n/a
62	9	n/a
62	10	n/a
62	11	n/a
62	12	n/a
62	13	n/a
62	14	n/a
62	15	n/a
62	16	n/a
62	17	n/a
62	18	n/a
62	19	n/a
62	20	n/a
62	21	n/a
62	22	n/a
62	23	n/a
62	24	n/a
62	25	n/a
62	26	n/a
62	27	n/a
62	28	n/a
62	29	n/a
62	30	n/a
62	31	n/a
62	32	n/a
62	33	n/a
62	34	n/a
62	35	n/a
62	36	n/a
62	37	n/a
62	38	n/a
62	39	n/a
62	40	n/a
62	41	n/a
62	42	n/a
62	43	n/a
62	44	n/a
62	45	n/a
62	46	n/a
62	47	n/a
62	48	n/a
62	49	n/a
62	50	n/a
62	51	n/a
62	52	n/a
62	53	n/a
62	54	n/a
62	55	n/a
62	56	n/a
62	57	n/a
62	58	n/a
62	59	n/a
62	60	n/a
62	61	n/a
62	62	n/a
62	63	n/a
62	64	n/a
62	65	n/a
62	66	n/a
62	67	n/a
62	68	n/a
62	69	n/a
62	70	n/a
62	71	n/a
62	72	n/a
62	73	n/a
62	74	n/a
62	75	n/a
62	76	n/a
62	77	n/a
62	78	n/a
62	79	n/a
62	80	n/a
62	81	n/a
62	82	n/a
62	83	n/a
63	0	n/a
63	1	n/a
63	2	n/a
63	3	n/a
63	4	n/a
63	5	n/a
63	6	n/a
63	7	n/a
63	8	n/a
63	9	n/a
63	10	n/a
63	11	n/a
63	12	n/a
63	13	n/a
63	14	n/a
63	15	n/a
63	16	n/a
63	17	n/a
63	18	n/a
63	19	n/a
63	20	n/a
63	21	n/a
63	22	n/a
63	23	n/a
63	24	n/a
63	25	n/a
63	26	n/a
63	27	n/a
63	28	n/a
63	29	n/a
63	30	n/a
63	31	n/a
63	32	n/a
63	33	n/a
63	34	n/a
63	35	n/a
63	36	n/a
63	37	n/a
63	38	n/a
63	39	n/a
63	40	n/a
63	41	n/a
63	42	n/a
63	43	n/a
63	44	n/a
63	45	n/a
63	46	n/a
63	47	n/a
63	48	n/a
63	49	n/a
63	50	n/a
63	51	n/a
63	52	n/a
63	53	n/a
63	54	n/a
63	55	n/a
63	56	n/a
63	57	n/a
63	58	n/a
63	59	n/a
63	60	n/a
63	61	n/a
63	62	n/a
63	63	n/a
63	64	n/a
63	65	n/a
63	66	n/a
63	67	n/a
63	68	n/a
63	69	n/a
63	70	n/a
63	71	n/a
63	72	n/a
63	73	n/a
63	74	n/a
63	75	n/a
63	76	n/a
63	77	n/a
63	78	n/a
63	79	n/a
63	80	n/a
63	81	n/a
63	82	n/a
63	83	n/a
64	0	n/a
64	1	n/a
64	2	n/a
64	3	n/a
64	4	n/a
64	5	n/a
64	6	n/a
64	7	n/a
64	8	n/a
64	9	n/a
64	10	n/a
64	11	n/a
64	12	n/a
64	13	n/a
64	14	n/a
64	15	n/a
64	16	n/a
64	17	n/a
64	18	n/a
64	19	0.17670172261754896
64	20	n/a
64	21	n/a
64	22	n/a
64	23	n/a
64	24	n/a
64	25	n/a
64	26	n/a
64	27	n/a
64	28	n/a
64	29	n/a
64	30	n/a
64	31	n/a
64	32	n/a
64	33	n/a
64	34	n/a
64	35	n/a
64	36	n/a
64	37	n/a
64	38	n/a
64	39	n/a
64	40	n/a
64	41	n/a
64	42	n/a
64	43	n/a
64	44	n/a
64	45	n/a
64	46	n/a
64	47	n/a
64	48	n/a
64	49	n/a
64	50	n/a
64	51	n/a
64	52	n/a
64	53	n/a
64	54	n/a
64	55	n/a
64	56	n/a
64	57	n/a
64	58	n/a
64	59	n/a
64	60	n/a
64	61	n/a
64	62	n/a
64	63	n/a
64	64	n/a
64	65	n/a
64	66	n/a
64	67	n/a
64	68	n/a
64	69	n/a
64	70	n/a
64	71	n/a
64	72	n/a
64	73	n/a
64	74	n/a
64	75	n/a
64	76	n/a
64	77	n/a
64	78	n/a
64	79	n/a
64	80	n/a
64	81	n/a
64	82	n/a
64	83	n/a
65	0	n/a
65	1	n/a
65	2	n/a
65	3	n/a
65	4	n/a
65	5	n/a
65	6	n/a
65	7	n/a
65	8	n/a
65	9	n/a
65	10	n/a
65	11	n/a
65	12	n/a
65	13	n/a
65	14	n/a
65	15	n/a
65	16	n/a
65	17	n/a
65	18	n/a
65	19	n/a
65	20	n/a
65	21	n/a
65	22	n/a
65	23	n/a
65	24	n/a
65	25	n/a
65	26	n/a
65	27	n/a
65	28	n/a
65	29	n/a
65	30	n/a
65	31	n/a
65	32	n/a
65	33	n/a
65	34	n/a
65	35	n/a
65	36	n/a
65	37	n/a
65	38	n/a
65	39	n/a
65	40	n/a
65	41	n/a
65	42	n/a
65	43	n/a
65	44	n/a
65	45	n/a
65	46	n/a
65	47	n/a
65	48	n/a
65	49	n/a
65	50	n/a
65	51	n/a
65	52	n/a
65	53	n/a
65	54	n/a
65	55	n/a
65	56	n/a
65	57	n/a
65	58	n/a
65	59	n/a
65	60	n/a
65	61	n/a
65	62	n/a
65	63	n/a
65	64	n/a
65	65	n/a
65	66	n/a
65	67	n/a
65	68	n/a
65	69	n/a
65	70	n/a
65	71	n/a
65	72	n/a
65	73	n/a
65	74	n/a
65	75	n/a
65	76	n/a
65	77	n/a
65	78	n/a
65	79	n/a
65	80	n/a
65	81	n/a
65	82	n/a
65	83	n/a
66	0	n/a
66	1	n/a
66	2	n/a
66	3	n/a
66	4	n/a
66	5	n/a
66	6	n/a
66	7	n/a
66	8	n/a
66	9	n/a
66	10	n/a
66	11	n/a
66	12	n/a
66	13	n/a
66	14	n/a
66	15	n/a
66	16	n/a
66	17	n/a
66	18	n/a
66	19	n/a
66	20	n/a
66	21	n/a
66	22	n/a
66	23	n/a
66	24	n/a
66	25	n/a
66	26	n/a
66	27	n/a
66	28	n/a
66	29	n/a
66	30	n/a
66	31	n/a
66	32	n/a
66	33	n/a
66	34	n/a
66	35	n/a
66	36	n/a
66	37	n/a
66	38	n/a
66	39	n/a
66	40	n/a
66	41	n/a
66	42	n/a
66	43	n/a
66	44	n/a
66	45	n/a
66	46	n/a
66	47	n/a
66	48	n/a
66	49	n/a
66	50	n/a
66	51	n/a
66	52	n/a
66	53	n/a
66	54	n/a
66	55	n/a
66	56	n/a
66	57	n/a
66	58	n/a
66	59	n/a
66	60	n/a
66	61	n/a
66	62	n/a
66	63	n/a
66	64	n/a
66	65	n/a
66	66	n/a
66	67	n/a
66	68	n/a
66	69	n/a
66	70	n/a
66	71	n/a
66	72	n/a
66	73	n/a
66	74	n/a
66	75	n/a
66	76	n/a
66	77	n/a
66	78	n/a
66	79	n/a
66	80	n/a
66	81	n/a
66	82	n/a
66	83	n/a
67	0	n/a
67	1	n/a
67	2	n/a
67	3	n/a
67	4	n/a
67	5	n/a
67	6	n/a
67	7	n/a
67	8	n/a
67	9	n/a
67	10	n/a
67	11	n/a
67	12	n/a
67	13	n/a
67	14	n/a
67	15	n/a
67	16	n/a
67	17	n/a
67	18	n/a
67	19	n/a
67	20	n/a
67	21	n/a
67	22	n/a
67	23	n/a
67	24	n/a
67	25	n/a
67	26	n/a
67	27	n/a
67	28	n/a
67	29	n/a
67	30	n/a
67	31	n/a
67	32	n/a
67	33	n/a
67	34	n/a
67	35	n/a
67	36	n/a
67	37	n/a
67	38	n/a
67	39	n/a
67	40	n/a
67	41	n/a
67	42	n/a
67	43	n/a
67	44	n/a
67	45	n/a
67	46	n/a
67	47	n/a
67	48	n/a
67	49	n/a
67	50	n/a
67	51	n/a
67	52	n/a
67	53	n/a
67	54	n/a
67	55	n/a
67	56	n/a
67	57	n/a
67	58	n/a
67	59	n/a
67	60	n/a
67	61	n/a
67	62	n/a
67	63	n/a
67	64	n/a
67	65	n/a
67	66	n/a
67	67	n/a
67	68	n/a
67	69	n/a
67	70	n/a
67	71	n/a
67	72	n/a
67	73	n/a
67	74	n/a
67	75	n/a
67	76	n/a
67	77	n/a
67	78	n/a
67	79	n/a
67	80	n/a
67	81	n/a
67	82	n/a
67	83	n/a
68	0	n/a
68	1	n/a
68	2	n/a
68	3	n/a
68	4	n/a
68	5	n/a
68	6	n/a
68	7	n/a
68	8	n/a
68	9	n/a
68	10	n/a
68	11	n/a
68	12	n/a
68	13	n/a
68	14	n/a
68	15	n/a
68	16	n/a
68	17	n/a
68	18	n/a
68	19	n/a
68	20	n/a
68	21	n/a
68	22	n/a
68	23	n/a
68	24	n/a
68	25	n/a
68	26	n/a
68	27	n/a
68	28	n/a
68	29	n/a
68	30	n/a
68	31	n/a
68	32	n/a
68	33	n/a
68	34	n/a
68	35	n/a
68	36	n/a
68	37	n/a
68	38	n/a
68	39	n/a
68	40	n/a
68	41	n/a
68	42	n/a
68	43	n/a
68	44	n/a
68	45	n/a
68	46	n/a
68	47	n/a
68	48	n/a
68	49	n/a
68	50	n/a
68	51	n/a
68	52	n/a
68	53	n/a
68	54	n/a
68	55	n/a
68	56	n/a
68	57	n/a
68	58	n/a
68	59	n/a
68	60	n/a
68	61	n/a
68	62	n/a
68	63	n/a
68	64	n/a
68	65	n/a
68	66	n/a
68	67	n/a
68	68	n/a
68	69	n/a
68	70	n/a
68	71	n/a
68	72	n/a
68	73	n/a
68	74	n/a
68	75	n/a
68	76	n/a
68	77	n/a
68	78	n/a
68	79	n/a
68	80	n/a
68	81	n/a
68	82	n/a
68	83	n/a
69	0	n/a
69	1	n/a
69	2	n/a
69	3	n/a
69	4	n/a
69	5	n/a
69	6	n/a
69	7	n/a
69	8	n/a
69	9	n/a
69	10	n/a
69	11	n/a
69	12	n/a
69	13	n/a
69	14	n/a
69	15	n/a
69	16	n/a
69	17	n/a
69	18	n/a
69	19	n/a
69	20	n/a
69	21	n/a
69	22	n/a
69	23	n/a
69	24	n/a
69	25	n/a
69	26	n/a
69	27	n/a
69	28	n/a
69	29	n/a
69	30	n/a
69	31	n/a
69	32	n/a
69	33	n/a
69	34	n/a
69	35	n/a
69	36	n/a
69	37	n/a
69	38	n/a
69	39	n/a
69	40	n/a
69	41	n/a
69	42	n/a
69	43	n/a
69	44	n/a
69	45	n/a
69	46	n/a
69	47	n/a
69	48	n/a
69	49	n/a
69	50	n/a
69	51	n/a
69	52	n/a
69	53	n/a
69	54	n/a
69	55	n/a
69	56	n/a
69	57	n/a
69	58	n/a
69	59	n/a
69	60	n/a
69	61	n/a
69	62	n/a
69	63	n/a
69	64	n/a
69	65	n/a
69	66	n/a
69	67	n/a
69	68	n/a
69	69	n/a
69	70	n/a
69	71	n/a
69	72	n/a
69	73	n/a
69	74	n/a
69	75	n/a
69	76	n/a
69	77	n/a
69	78	n/a
69	79	n/a
69	80	n/a
69	81	n/a
69	82	n/a
69	83	n/a
70	0	n/a
70	1	n/a
70	2	n/a
70	3	n/a
70	4	n/a
70	5	n/a
70	6	n/a
70	7	n/a
70	8	n/a
70	9	n/a
70	10	n/a
70	11	n/a
70	12	n/a
70	13	n/a
70	14	n/a
70	15	n/a
70	16	n/a
70	17	n/a
70	18	n/a
70	19	n/a
70	20	n/a
70	21	n/a
70	22	n/a
70	23	n/a
70	24	n/a
70	25	n/a
70	26	n/a
70	27	n/a
70	28	n/a
70	29	n/a
70	30	n/a
70	31	n/a
70	32	n/a
70	33	n/a
70	34	n/a
70	35	n/a
70	36	n/a
70	37	n/a
70	38	n/a
70	39	n/a
70	40	n/a
70	41	n/a
70	42	n/a
70	43	n/a
70	44	n/a
70	45	n/a
70	46	n/a
70	47	n/a
70	48	n/a
70	49	n/a
70	50	n/a
70	51	n/a
70	52	n/a
70	53	n/a
70	54	n/a
70	55	n/a
70	56	n/a
70	57	n/a
70	58	n/a
70	59	n/a
70	60	n/a
70	61	n/a
70	62	n/a
70	63	n/a
70	64	n/a
70	65	n/a
70	66	n/a
70	67	n/a
70	68	n/a
70	69	n/a
70	70	n/a
70	71	n/a
70	72	n/a
70	73	n/a
70	74	n/a
70	75	n/a
70	76	n/a
70	77	n/a
70	78	n/a
70	79	n/a
70	80	n/a
70	81	n/a
70	82	n/a
70	83	n/a
71	0	n/a
71	1	n/a
71	2	n/a
71	3	n/a
71	4	n/a
71	5	n/a
71	6	n/a
71	7	n/a
71	8	n/a
71	9	n/a
71	10	n/a
71	11	n/a
71	12	n/a
71	13	n/a
71	14	n/a
71	15	n/a
71	16	n/a
71	17	n/a
71	18	n/a
71	19	n/a
71	20	n/a
71	21	n/a
71	22	n/a
71	23	n/a
71	24	n/a
71	25	n/a
71	26	n/a
71	27	n/a
71	28	n/a
71	29	n/a
71	30	n/a
71	31	n/a
71	32	n/a
71	33	n/a
71	34	n/a
71	35	n/a
71	36	n/a
71	37	n/a
71	38	n/a
71	39	n/a
71	40	n/a
71	41	n/a
71	42	n/a
71	43	n/a
71	44	n/a
71	45	n/a
71	46	n/a
71	47	n/a
71	48	n/a
71	49	n/a
71	50	n/a
71	51	n/a
71	52	n/a
71	53	n/a
71	54	n/a
71	55	n/a
71	56	n/a
71	57	n/a
71	58	n/a
71	59	n/a
71	60	n/a
71	61	n/a
71	62	n/a
71	63	n/a
71	64	n/a
71	65	n/a
71	66	n/a
71	67	n/a
71	68	n/a
71	69	n/a
71	70	n/a
71	71	n/a
71	72	n/a
71	73	n/a
71	74	n/a
71	75	n/a
71	76	n/a
71	77	n/a
71	78	n/a
71	79	n/a
71	80	n/a
71	81	n/a
71	82	n/a
71	83	n/a
72	0	n/a
72	1	n/a
72	2	n/a
72	3	n/a
72	4	n/a
72	5	n/a
72	6	n/a
72	7	n/a
72	8	n/a
72	9	n/a
72	10	n/a
72	11	n/a
72	12	n/a
72	13	n/a
72	14	n/a
72	15	n/a
72	16	n/a
72	17	n/a
72	18	n/a
72	19	n/a
72	20	n/a
72	21	n/a
72	22	n/a
72	23	n/a
72	24	n/a
72	25	n/a
72	26	n/a
72	27	n/a
72	28	n/a
72	29	n/a
72	30	n/a
72	31	n/a
72	32	n/a
72	33	n/a
72	34	n/a
72	35	n/a
72	36	n/a
72	37	n/a
72	38	n/a
72	39	n/a
72	40	n/a
72	41	n/a
72	42	n/a
72	43	n/a
72	44	n/a
72	45	n/a
72	46	n/a
72	47	n/a
72	48	n/a
72	49	n/a
72	50	n/a
72	51	n/a
72	52	n/a
72	53	n/a
72	54	n/a
72	55	n/a
72	56	n/a
72	57	n/a
72	58	n/a
72	59	n/a
72	60	n/a
72	61	n/a
72	62	n/a
72	63	n/a
72	64	n/a
72	65	n/a
72	66	n/a
72	67	n/a
72	68	n/a
72	69	n/a
72	70	n/a
72	71	n/a
72	72	n/a
72	73	n/a
72	74	n/a
72	75	n/a
72	76	n/a
72	77	n/a
72	78	n/a
72	79	n/a
72	80	n/a
72	81	n/a
72	82	n/a
72	83	n/a
73	0	n/a
73	1	n/a
73	2	n/a
73	3	n/a
73	4	n/a
73	5	n/a
73	6	n/a
73	7	n/a
73	8	n/a
73	9	n/a
73	10	n/a
73	11	n/a
73	12	n/a
73	13	n/a
73	14	n/a
73	15	n/a
73	16	n/a
73	17	n/a
73	18	n/a
73	19	n/a
73	20	n/a
73	21	n/a
73	22	n/a
73	23	n/a
73	24	n/a
73	25	n/a
73	26	n/a
73	27	n/a
73	28	n/a
73	29	n/a
73	30	n/a
73	31	n/a
73	32	n/a
73	33	n/a
73	34	n/a
73	35	n/a
73	36	n/a
73	37	n/a
73	38	n/a
73	39	n/a
73	40	n/a
73	41	n/a
73	42	n/a
73	43	n/a
73	44	n/a
73	45	n/a
73	46	n/a
73	47	n/a
73	48	n/a
73	49	n/a
73	50	n/a
73	51	n/a
73	52	n/a
73	53	n/a
73	54	n/a
73	55	n/a
73	56	n/a
73	57	n/a
73	58	n/a
73	59	n/a
73	60	n/a
73	61	n/a
73	62	n/a
73	63	n/a
73	64	n/a
73	65	n/a
73	66	n/a
73	67	n/a
73	68	n/a
73	69	n/a
73	70	n/a
73	71	n/a
73	72	n/a
73	73	n/a
73	74	n/a
73	75	n/a
73	76	n/a
73	77	n/a
73	78	n/a
73	79	n/a
73	80	n/a
73	81	n/a
73	82	n/a
73	83	n/a
74	0	n/a
74	1	n/a
74	2	n/a
74	3	n/a
74	4	n/a
74	5	n/a
74	6	n/a
74	7	n/a
74	8	n/a
74	9	n/a
74	10	n/a
74	11	n/a
74	12	n/a
74	13	n/a
74	14	n/a
74	15	n/a
74	16	n/a
74	17	n/a
74	18	n/a
74	19	n/a
74	20	n/a
74	21	n/a
74	22	n/a
74	23	n/a
74	24	n/a
74	25	n/a
74	26	n/a
74	27	n/a
74	28	n/a
74	29	n/a
74	30	n/a
74	31	n/a
74	32	n/a
74	33	n/a
74	34	n/a
74	35	n/a
74	36	n/a
74	37	n/a
74	38	n/a
74	39	n/a
74	40	n/a
74	41	n/a
74	42	n/a
74	43	n/a
74	44	n/a
74	45	n/a
74	46	n/a
74	47	n/a
74	48	n/a
74	49	n/a
74	50	n/a
74	51	n/a
74	52	n/a
74	53	n/a
74	54	n/a
74	55	n/a
74	56	n/a
74	57	n/a
74	58	n/a
74	59	n/a
74	60	n/a
74	61	n/a
74	62	n/a
74	63	n/a
74	64	n/a
74	65	n/a
74	66	n/a
74	67	n/a
74	68	n/a
74	69	n/a
74	70	n/a
74	71	n/a
74	72	n/a
74	73	n/a
74	74	n/a
74	75	n/a
74	76	n/a
74	77	n/a
74	78	n/a
74	79	n/a
74	80	n/a
74	81	n/a
74	82	n/a
74	83	n/a
75	0	n/a
75	1	n/a
75	2	n/a
75	3	n/a
75	4	n/a
75	5	n/a
75	6	n/a
75	7	n/a
75	8	n/a
75	9	n/a
75	10	n/a
75	11	n/a
75	12	n/a
75	13	n/a
75	14	n/a
75	15	n/a
75	16	n/a
75	17	n/a
75	18	n/a
75	19	n/a
75	20	n/a
75	21	n/a
75	22	n/a
75	23	n/a
75	24	n/a
75	25	n/a
75	26	n/a
75	27	n/a
75	28	n/a
75	29	n/a
75	30	n/a
75	31	n/a
75	32	n/a
75	33	n/a
75	34	n/a
75	35	n/a
75	36	n/a
75	37	n/a
75	38	n/a
75	39	n/a
75	40	n/a
75	41	n/a
75	42	n/a
75	43	n/a
75	44	n/a
75	45	n/a
75	46	n/a
75	47	n/a
75	48	n/a
75	49	n/a
75	50	n/a
75	51	n/a
75	52	n/a
75	53	n/a
75	54	n/a
75	55	n/a
75	56	n/a
75	57	n/a
75	58	n/a
75	59	n/a
75	60	n/a
75	61	n/a
75	62	n/a
75	63	n/a
75	64	n/a
75	65	n/a
75	66	n/a
75	67	n/a
75	68	n/a
75	69	n/a
75	70	n/a
75	71	n/a
75	72	n/a
75	73	n/a
75	74	n/a
75	75	n/a
75	76	n/a
75	77	n/a
75	78	n/a
75	79	n/a
75	80	n/a
75	81	n/a
75	82	n/a
75	83	n/a
76	0	n/a
76	1	n/a
76	2	n/a
76	3	n/a
76	4	n/a
76	5	n/a
76	6	n/a
76	7	n/a
76	8	n/a
76	9	n/a
76	10	n/a
76	11	n/a
76	12	n/a
76	13	n/a
76	14	n/a
76	15	n/a
76	16	n/a
76	17	n/a
76	18	n/a
76	19	n/a
76	20	n/a
76	21	n/a
76	22	n/a
76	23	n/a
76	24	n/a
76	25	n/a
76	26	n/a
76	27	n/a
76	28	n/a
76	29	n/a
76	30	n/a
76	31	n/a
76	32	n/a
76	33	n/a
76	34	n/a
76	35	n/a
76	36	n/a
76	37	n/a
76	38	n/a
76	39	n/a
76	40	n/a
76	41	n/a
76	42	n/a
76	43	n/a
76	44	n/a
76	45	n/a
76	46	n/a
76	47	n/a
76	48	n/a
76	49	n/a
76	50	n/a
76	51	n/a
76	52	n/a
76	53	n/a
76	54	n/a
76	55	n/a
76	56	n/a
76	57	n/a
76	58	n/a
76	59	n/a
76	60	n/a
76	61	n/a
76	62	n/a
76	63	n/a
76	64	n/a
76	65	n/a
76	66	n/a
76	67	n/a
76	68	n/a
76	69	n/a
76	70	n/a
76	71	n/a
76	72	n/a
76	73	n/a
76	74	n/a
76	75	n/a
76	76	n/a
76	77	n/a
76	78	n/a
76	79	n/a
76	80	n/a
76	81	n/a
76	82	n/a
76	83	n/a
77	0	n/a
77	1	n/a
77	2	n/a
77	3	n/a
77	4	n/a
77	5	n/a
77	6	n/a
77	7	n/a
77	8	n/a
77	9	n/a
77	10	n/a
77	11	n/a
77	12	n/a
77	13	n/a
77	14	n/a
77	15	n/a
77	16	n/a
77	17	n/a
77	18	n/a
77	19	n/a
77	20	n/a
77	21	n/a
77	22	n/a
77	23	n/a
77	24	n/a
77	25	n/a
77	26	n/a
77	27	n/a
77	28	n/a
77	29	n/a
77	30	n/a
77	31	n/a
77	32	n/a
77	33	n/a
77	34	n/a
77	35	n/a
77	36	n/a
77	37	n/a
77	38	n/a
77	39	n/a
77	40	n/a
77	41	n/a
77	42	n/a
77	43	n/a
77	44	n/a
77	45	n/a
77	46	n/a
77	47	n/a
77	48	n/a
77	49	n/a
77	50	n/a
77	51	n/a
77	52	n/a
77	53	n/a
77	54	n/a
77	55	n/a
77	56	n/a
77	57	n/a
77	58	n/a
77	59	n/a
77	60	n/a
77	61	n/a
77	62	n/a
77	63	n/a
77	64	n/a
77	65	n/a
77	66	n/a
77	67	n/a
77	68	n/a
77	69	n/a
77	70	n/a
77	71	n/a
77	72	n/a
77	73	n/a
77	74	n/a
77	75	n/a
77	76	n/a
77	77	n/a
77	78	n/a
77	79	n/a
77	80	n/a
77	81	n/a
77	82	n/a
77	83	n/a
78	0	n/a
78	1	n/a
78	2	n/a
78	3	n/a
78	4	n/a
78	5	n/a
78	6	n/a
78	7	n/a
78	8	n/a
78	9	n/a
78	10	n/a
78	11	n/a
78	12	n/a
78	13	n/a
78	14	n/a
78	15	n/a
78	16	n/a
78	17	n/a
78	18	n/a
78	19	n/a
78	20	n/a
78	21	n/a
78	22	n/a
78	23	n/a
78	24	n/a
78	25	n/a
78	26	n/a
78	27	n/a
78	28	n/a
78	29	n/a
78	30	n/a
78	31	n/a
78	32	n/a
78	33	n/a
78	34	n/a
78	35	n/a
78	36	n/a
78	37	n/a
78	38	n/a
78	39	n/a
78	40	n/a
78	41	n/a
78	42	n/a
78	43	n/a
78	44	n/a
78	45	n/a
78	46	n/a
78	47	n/a
78	48	n/a
78	49	n/a
78	50	n/a
78	51	n/a
78	52	n/a
78	53	n/a
78	54	n/a
78	55	n/a
78	56	n/a
78	57	n/a
78	58	n/a
78	59	n/a
78	60	n/a
78	61	n/a
78	62	n/a
78	63	n/a
78	64	n/a
78	65	n/a
78	66	n/a
78	67	n/a
78	68	n/a
78	69	n/a
78	70	n/a
78	71	n/a
78	72	n/a
78	73	n/a
78	74	n/a
78	75	n/a
78	76	n/a
78	77	n/a
78	78	n/a
78	79	n/a
78	80	n/a
78	81	n/a
78	82	n/a
78	83	n/a
79	0	n/a
79	1	n/a
79	2	n/a
79	3	n/a
79	4	n/a
79	5	n/a
79	6	n/a
79	7	n/a
79	8	n/a
79	9	n/a
79	10	n/a
79	11	n/a
79	12	n/a
79	13	n/a
79	14	n/a
79	15	n/a
79	16	n/a
79	17	n/a
79	18	n/a
79	19	n/a
79	20	n/a
79	21	n/a
79	22	n/a
79	23	n/a
79	24	n/a
79	25	n/a
79	26	n/a
79	27	n/a
79	28	n/a
79	29	n/a
79	30	n/a
79	31	n/a
79	32	n/a
79	33	n/a
79	34	n/a
79	35	n/a
79	36	n/a
79	37	n/a
79	38	n/a
79	39	n/a
79	40	n/a
79	41	n/a
79	42	n/a
79	43	n/a
79	44	n/a
79	45	n/a
79	46	n/a
79	47	n/a
79	48	n/a
79	49	n/a
79	50	n/a
79	51	n/a
79	52	n/a
79	53	n/a
79	54	n/a
79	55	n/a
79	56	n/a
79	57	n/a
79	58	n/a
79	59	n/a
79	60	n/a
79	61	n/a
79	62	n/a
79	63	n/a
79	64	n/a
79	65	n/a
79	66	n/a
79	67	n/a
79	68	n/a
79	69	n/a
79	70	n/a
79	71	n/a
79	72	n/a
79	73	n/a
79	74	n/a
79	75	n/a
79	76	n/a
79	77	n/a
79	78	n/a
79	79	n/a
79	80	n/a
79	81	n/a
79	82	n/a
79	83	n/a
80	0	n/a
80	1	n/a
80	2	n/a
80	3	n/a
80	4	n/a
80	5	n/a
80	6	n/a
80	7	n/a
80	8	n/a
80	9	n/a
80	10	n/a
80	11	n/a
80	12	n/a
80	13	n/a
80	14	n/a
80	15	n/a
80	16	n/a
80	17	n/a
80	18	n/a
80	19	n/a
80	20	n/a
80	21	n/a
80	22	n/a
80	23	n/a
80	24	n/a
80	25	n/a
80	26	n/a
80	27	n/a
80	28	n/a
80	29	n/a
80	30	n/a
80	31	n/a
80	32	n/a
80	33	n/a
80	34	n/a
80	35	n/a
80	36	n/a
80	37	n/a
80	38	n/a
80	39	n/a
80	40	n/a
80	41	n/a
80	42	n/a
80	43	n/a
80	44	n/a
80	45	n/a
80	46	n/a
80	47	n/a
80	48	n/a
80	49	n/a
80	50	n/a
80	51	n/a
80	52	n/a
80	53	n/a
80	54	n/a
80	55	n/a
80	56	n/a
80	57	n/a
80	58	n/a
80	59	n/a
80	60	n/a
80	61	n/a
80	62	n/a
80	63	n/a
80	64	n/a
80	65	n/a
80	66	n/a
80	67	n/a
80	68	n/a
80	69	n/a
80	70	n/a
80	71	n/a
80	72	n/a
80	73	n/a
80	74	n/a
80	75	n/a
80	76	n/a
80	77	n/a
80	78	n/a
80	79	n/a
80	80	n/a
80	81	n/a
80	82	n/a
80	83	n/a
81	0	n/a
81	1	n/a
81	2	n/a
81	3	n/a
81	4	n/a
81	5	n/a
81	6	n/a
81	7	n/a
81	8	n/a
81	9	n/a
81	10	n/a
81	11	n/a
81	12	n/a
81	13	n/a
81	14	n/a
81	15	n/a
81	16	n/a
81	17	n/a
81	18	n/a
81	19	n/a
81	20	n/a
81	21	n/a
81	22	n/a
81	23	n/a
81	24	n/a
81	25	n/a
81	26	n/a
81	27	n/a
81	28	n/a
81	29	n/a
81	30	n/a
81	31	n/a
81	32	n/a
81	33	n/a
81	34	n/a
81	35	n/a
81	36	n/a
81	37	n/a
81	38	n/a
81	39	n/a
81	40	n/a
81	41	n/a
81	42	n/a
81	43	n/a
81	44	n/a
81	45	n/a
81	46	n/a
81	47	n/a
81	48	n/a
81	49	n/a
81	50	n/a
81	51	n/a
81	52	n/a
81	53	n/a
81	54	n/a
81	55	n/a
81	56	n/a
81	57	n/a
81	58	n/a
81	59	n/a
81	60	n/a
81	61	n/a
81	62	n/a
81	63	n/a
81	64	n/a
81	65	n/a
81	66	n/a
81	67	n/a
81	68	n/a
81	69	n/a
81	70	n/a
81	71	n/a
81	72	n/a
81	73	n/a
81	74	n/a
81	75	n/a
81	76	n/a
81	77	n/a
81	78	n/a
81	79	n/a
81	80	n/a
81	81	n/a
81	82	n/a
81	83	n/a
82	0	n/a
82	1	n/a
82	2	n/a
82	3	n/a
82	4	n/a
82	5	n/a
82	6	n/a
82	7	n/a
82	8	n/a
82	9	n/a
82	10	n/a
82	11	n/a
82	12	n/a
82	13	n/a
82	14	n/a
82	15	n/a
82	16	n/a
82	17	n/a
82	18	n/a
82	19	n/a
82	20	n/a
82	21	n/a
82	22	n/a
82	23	n/a
82	24	n/a
82	25	n/a
82	26	n/a
82	27	n/a
82	28	n/a
82	29	n/a
82	30	n/a
82	31	n/a
82	32	n/a
82	33	n/a
82	34	n/a
82	35	n/a
82	36	n/a
82	37	n/a
82	38	n/a
82	39	n/a
82	40	n/a
82	41	n/a
82	42	n/a
82	43	n/a
82	44	n/a
82	45	n/a
82	46	n/a
82	47	n/a
82	48	n/a
82	49	n/a
82	50	n/a
82	51	n/a
82	52	n/a
82	53	n/a
82	54	n/a
82	55	n/a
82	56	n/a
82	57	n/a
82	58	n/a
82	59	n/a
82	60	n/a
82	61	n/a
82	62	n/a
82	63	n/a
82	64	n/a
82	65	n/a
82	66	n/a
82	67	n/a
82	68	n/a
82	69	n/a
82	70	n/a
82	71	n/a
82	72	n/a
82	73	n/a
82	74	n/a
82	75	n/a
82	76	n/a
82	77	n/a
82	78	n/a
82	79	n/a
82	80	n/a
82	81	n/a
82	82	n/a
82	83	n/a
83	0	n/a
83	1	n/a
83	2	n/a
83	3	n/a
83	4	n/a
83	5	n/a
83	6	n/a
83	7	n/a
83	8	n/a
83	9	n/a
83	10	n/a
83	11	n/a
83	12	n/a
83	13	n/a
83	14	n/a
83	15	n/a
83	16	n/a
83	17	n/a
83	18	n/a
83	19	n/a
83	20	n/a
83	21	n/a
83	22	n/a
83	23	n/a
83	24	n/a
83	25	n/a
83	26	n/a
83	27	n/a
83	28	n/a
83	29	n/a
83	30	n/a
83	31	n/a
83	32	n/a
83	33	n/a
83	34	n/a
83	35	n/a
83	36	n/a
83	37	n/a
83	38	n/a
83	39	n/a
83	40	n/a
83	41	n/a
83	42	n/a
83	43	n/a
83	44	n/a
83	45	n/a
83	46	n/a
83	47	n/a
83	48	n/a
83	49	n/a
83	50	n/a
83	51	n/a
83	52	n/a
83	53	n/a
83	54	n/a
83	55	n/a
83	56	n/a
83	57	n/a
83	58	n/a
83	59	n/a
83	60	n/a
83	61	n/a
83	62	n/a
83	63	n/a
83	64	n/a
83	65	n/a
83	66	n/a
83	67	n/a
83	68	n/a
83	69	n/a
83	70	n/a
83	71	n/a
83	72	n/a
83	73	n/a
83	74	n/a
83	75	n/a
83	76	n/a
83	77	n/a
83	78	n/a
83	79	n/a
83	80	n/a
83	81	n/a
83	82	n/a
83	83	n/a
#subnet edge score	0.4855936615296889