0	1	0.011999999999986244
0	2	0.061
0	3	0.030000000000000006
0	4	0.10899999999999999
0	5	0.05099999999999995
0	6	0.06900000000000002
0	7	0.12600000000000006
0	8	0.03499999999999995
0	9	0.03600000000000007
0	10	0.08400000000000007
0	11	0.0900000000000002
0	12	0.04500000000000007
0	13	0.0529999999999999
0	14	0.08100000000000009
0	15	0.09100000000000019
0	16	0.0210000000000002
0	17	0.11199999999999988
0	18	0.17599999999999982
0	19	0.09299999999999989
0	20	0.038000000000000096
0	21	0.1339999999999998
0	22	0.06400000000000008
0	23	0.08600000000000024
0	24	0.041000000000000245
0	25	0.03900000000000006
0	26	0.19499999999999965
0	27	0.033000000000000335
0	28	0.048999999999999544
0	29	0.02199999999999909
0	30	0.11300000000000016
0	31	0.1119999999999997
0	32	0.12300000000000055
0	33	0.07100000000000058
0	34	0.0790000000000003
0	35	0.05199999999999981
0	36	0.022999999999999778
0	37	0.0509999999999997
0	38	0.06900000000000048
0	39	0.11399999999999938
0	40	0.006999999999999713
0	41	0.14099999999999915
0	42	0.03600000000000056
0	43	0.04299999999999844
0	44	0.11799999999999877
0	45	0.2649999999999991
0	46	0.0719999999999994
0	47	0.01599999999999887
0	48	0.16599999999999984
0	49	0.048000000000000945
0	50	0.06800000000000085
0	51	0.14700000000000069
0	52	0.1440000000000001
0	53	0.06300000000000197
0	54	0.0650000000000016
0	55	0.19999999999999946
0	56	0.007999999999999473
0	57	0.04500000000000176
0	58	0.01700000000000034
0	59	0.0459999999999994
0	60	0.029000000000000675
0	61	0.022999999999997855
0	62	0.05799999999999883
0	63	0.045999999999998695
0	64	0.06899999999999822
0	65	0.06199999999999985
0	67	0.05300000000000074
0	68	0.06700000000000046
0	69	0.09899999999999924
0	70	0.1470000000000012
0	71	0.04300000000000179
0	72	0.0779999999999989
0	73	0.16699999999999804
0	74	0.05399999999999924
0	75	0.14599999999999944
0	76	0.08100000000000163
0	77	0.027000000000001193
0	78	0.02299999999999942
0	79	0.13499999999999768
0	81	0.06099999999999914
0	82	0.06699999999999856
0	83	0.0199999999999997
1	2	0.001
1	3	0.125
1	4	0.08
1	5	0.029
1	6	0.143
1	7	0.053
1	8	0.03
1	9	0.021
1	10	0.019
1	11	0.072
1	12	0.035
1	13	0.009
1	14	0.069
1	15	0.02
1	16	0.02
1	17	0.082
1	18	0.056
1	19	0.074
1	20	0.037
1	21	0.067
1	22	0.163
1	23	0.066
1	24	0.04
1	25	0.069
1	26	0.001
1	27	0.054
1	28	0.04
1	29	0.005
1	30	0.132
1	31	0.109
1	32	0.113
1	33	0.095
1	34	0.015
1	35	0.016
1	36	0.031
1	37	0.085
1	38	0.017
1	39	0.072
1	40	0.04
1	41	0.015
1	42	0.164
1	43	0.009
1	44	0.03
1	45	0.078
1	46	0.005
1	47	0.149
1	48	0.01
1	49	0.172
1	50	0.064
1	51	0.043
1	52	0.066
1	54	0.101
1	55	0.024
1	56	0.078
1	57	0.066
1	58	0.109
1	59	0.082
1	60	0.068
1	61	0.067
1	62	0.048
1	63	0.054
1	64	0.116
1	65	0.179
1	66	0.086
1	67	0.114
1	68	0.018
1	69	0.047
1	70	0.114
1	71	0.015
1	72	0.023
1	73	0.037
1	74	0.05
1	75	0.107
1	76	0.057
1	77	0.229
1	78	0.071
1	79	0.036
1	80	0.08100000000000002
1	81	0.061
1	82	0.088
1	83	0.104
2	3	0.036
2	4	0.012
2	5	0.035
2	6	0.044
2	7	0.123
2	8	0.012
2	9	0.052
2	10	0.18
2	11	0.001
2	12	0.169
2	13	0.122
2	14	0.106
2	15	0.063
2	16	0.052
2	17	0.02
2	18	0.116
2	19	0.089
2	20	0.109
2	21	0.239
2	22	0.08
2	23	0.032
2	24	0.02
2	25	0.054
2	26	0.163
2	27	0.105
2	28	0.078
2	29	0.092
2	30	0.031
2	31	0.02
2	32	0.086
2	33	0.16
2	34	0.195
2	35	0.058
2	36	0.106
2	37	0.127
2	38	0.112
2	39	0.14
2	40	0.006
2	41	0.208
2	42	0.063
2	43	0.023
2	44	0.071
2	45	0.002
2	46	0.064
2	47	0.113
2	48	0.077
2	49	0.018
2	50	0.056
2	51	0.049
2	52	0.186
2	53	0.028
2	54	0.106
2	55	0.067
2	56	0.101
2	57	0.004
2	58	0.047
2	59	0.179
2	60	0.056
2	61	0.088
2	62	0.105
2	63	0.034
2	64	0.047
2	65	0.048
2	66	0.03600000000000081
2	67	0.106
2	68	0.033
2	69	0.11
2	70	0.128
2	71	0.09
2	72	0.033
2	73	0.133
2	74	0.03
2	75	0.068
2	76	0.018
2	77	0.12
2	78	0.015
2	79	0.102
2	81	0.076
2	82	0.007
2	83	0.013
3	4	0.065
3	5	0.153
3	6	0.112
3	7	0.027
3	8	0.004
3	9	0.1
3	10	0.032
3	11	0.081
3	12	0.083
3	13	0.038
3	14	0.03
3	15	0.177
3	16	0.119
3	17	0.045
3	18	0.104
3	19	0.121
3	20	0.095
3	21	0.019
3	22	0.004
3	23	0.009
3	24	0.088
3	25	0.165
3	26	0.076
3	27	0.049
3	28	0.064
3	29	0.048
3	30	0.035
3	31	0.047
3	32	0.078
3	33	0.042
3	34	0.048
3	35	0.105
3	36	0.113
3	37	0.045
3	38	0.01
3	39	0.052
3	40	0.003
3	41	0.013
3	42	0.021
3	43	0.131
3	44	0.095
3	45	0.01
3	46	0.009
3	47	0.003
3	48	0.062
3	49	0.042
3	50	0.121
3	51	0.123
3	52	0.033
3	53	0.211
3	54	0.066
3	55	0.044
3	56	0.108
3	57	0.048
3	58	0.049
3	59	0.01
3	60	0.037
3	61	0.162
3	62	0.125
3	63	0.051
3	64	0.003
3	65	0.063
3	66	0.038
3	67	0.027
3	68	0.028
3	69	0.119
3	70	0.034
3	71	0.045
3	72	0.003
3	73	0.135
3	74	0.041
3	75	0.048
3	76	0.004
3	77	0.105
3	78	0.08
3	80	0.07399999999999948
3	81	0.071
3	82	0.025
4	5	0.108
4	6	0.007
4	7	0.068
4	8	0.034
4	9	0.016
4	10	0.013
4	11	0.093
4	12	0.119
4	13	0.007
4	14	0.126
4	15	0.079
4	16	0.245
4	17	0.105
4	18	0.173
4	19	0.044
4	20	0.055
4	21	0.046
4	22	0.066
4	23	0.008
4	24	0.126
4	25	0.08
4	26	0.008
4	27	0.03
4	28	0.056
4	29	0.039
4	30	0.04
4	31	0.134
4	32	0.053
4	33	0.133
4	34	0.116
4	35	0.063
4	36	0.138
4	37	0.048
4	38	0.001
4	39	0.118
4	40	0.108
4	41	0.094
4	42	0.072
4	43	0.056
4	44	0.096
4	45	0.154
4	46	0.061
4	47	0.099
4	48	0.187
4	49	0.167
4	50	0.065
4	51	0.06
4	52	0.231
4	53	0.024
4	54	0.058
4	55	0.083
4	56	0.101
4	57	0.02
4	58	0.102
4	59	0.135
4	60	0.149
4	61	0.038
4	62	0.039
4	63	0.107
4	64	0.145
4	65	0.013
4	67	0.049
4	68	0.081
4	69	0.07
4	70	0.051
4	71	0.01
4	72	0.007
4	73	0.049
4	74	0.114
4	75	0.001
4	76	0.136
4	77	0.083
4	78	0.062
4	80	0.024
4	81	0.052
4	82	0.063
4	83	0.071
5	6	0.028
5	7	0.003
5	8	0.105
5	9	0.068
5	10	0.018
5	11	0.147
5	12	0.083
5	13	0.126
5	14	0.028
5	15	0.061
5	16	0.089
5	17	0.043
5	18	0.002
5	19	0.119
5	20	0.065
5	21	0.072
5	22	0.006
5	23	0.095
5	24	0.033
5	25	0.048
5	26	0.057
5	27	0.071
5	28	0.117
5	29	0.066
5	30	0.14
5	31	0.099
5	32	0.093
5	33	0.021
5	34	0.014
5	35	0.003
5	36	0.1
5	37	0.023
5	38	0.052
5	39	0.084
5	40	0.035
5	41	0.084
5	42	0.003
5	43	0.023
5	44	0.094
5	45	0.109
5	46	0.039
5	47	0.035
5	48	0.034
5	49	0.063
5	50	0.124
5	51	0.035
5	52	0.067
5	53	0.014
5	54	0.01
5	55	0.179
5	56	0.019
5	57	0.035
5	58	0.144
5	59	0.024
5	60	0.026
5	61	0.055
5	62	0.028
5	63	0.163
5	64	0.055
5	65	0.053
5	66	0.02
5	67	0.081
5	68	0.101
5	69	0.011
5	70	0.116
5	71	0.079
5	72	0.024
5	73	0.052
5	74	0.097
5	75	0.036
5	76	0.066
5	77	0.15
5	78	0.147
5	79	0.03
5	80	0.105
5	81	0.053
5	82	0.064
5	83	0.024
6	7	0.023
6	8	0.035
6	9	0.008
6	10	0.033
6	11	0.131
6	12	0.064
6	13	0.099
6	14	0.138
6	15	0.135
6	16	0.039
6	17	0.15
6	18	0.146
6	19	0.166
6	20	0.059
6	21	0.155
6	22	0.05
6	23	0.03
6	24	0.148
6	25	0.066
6	26	0.007
6	27	0.007
6	28	0.027
6	29	0.114
6	30	0.161
6	31	0.076
6	32	0.009
6	33	0.057
6	34	0.112
6	35	0.021
6	36	0.042
6	37	0.071
6	38	0.023
6	39	0.034
6	40	0.007
6	41	0.098
6	42	0.02
6	43	0.016
6	44	0.069
6	45	0.055
6	46	0.021
6	47	0.02
6	48	0.079
6	49	0.133
6	50	0.157
6	51	0.123
6	52	0.053
6	53	0.041
6	54	0.012
6	55	0.022
6	56	0.254
6	57	0.088
6	58	0.011
6	59	0.081
6	60	0.133
6	61	0.083
6	62	0.136
6	63	0.016
6	64	0.142
6	65	0.186
6	66	0.086
6	67	0.061
6	68	0.079
6	69	0.11
6	70	0.058
6	71	0.043
6	72	0.081
6	73	0.057
6	74	0.06
6	75	0.025
6	76	0.035
6	77	0.045
6	78	0.008
6	79	0.049
6	80	0.021
6	81	0.045
6	82	0.137
6	83	0.022
7	8	0.121
7	9	0.019
7	10	0.02
7	11	0.021
7	12	0.03
7	13	0.024
7	14	0.024
7	15	0.024
7	16	0.022
7	17	0.04
7	18	0.056
7	19	0.006
7	20	0.064
7	21	0.147
7	22	0.075
7	23	0.022
7	24	0.001
7	25	0.169
7	26	0.083
7	27	0.018
7	28	0.08
7	29	0.045
7	30	0.152
7	31	0.043
7	32	0.008
7	33	0.053
7	34	0.161
7	35	0.006
7	36	0.032
7	37	0.036
7	38	0.034
7	39	0.018
7	40	0.07
7	41	0.157
7	42	0.066
7	43	0.064
7	44	0.044
7	45	0.072
7	46	0.111
7	47	0.071
7	48	0.136
7	49	0.012
7	50	0.164
7	51	0.104
7	52	0.087
7	53	0.121
7	54	0.058
7	55	0.02
7	56	0.075
7	57	0.073
7	58	0.136
7	59	0.061
7	60	0.051
7	61	0.03
7	62	0.045
7	63	0.051
7	64	0.011
7	65	0.1
7	66	0.004
7	67	0.052
7	68	0.007
7	69	0.065
7	70	0.093
7	71	0.243
7	72	0.044
7	73	0.049
7	74	0.056
7	75	0.091
7	76	0.053
7	77	0.015
7	78	0.035
7	79	0.119
7	80	0.038
7	81	0.017
7	82	0.107
7	83	0.148
8	9	0.023
8	10	0.104
8	11	0.022
8	12	0.077
8	13	0.031
8	14	0.097
8	15	0.005
8	16	0.025
8	17	0.123
8	18	0.006
8	19	0.012
8	20	0.01
8	21	0.117
8	23	0.048
8	24	0.005
8	25	0.16
8	26	0.029
8	27	0.048
8	28	0.083
8	29	0.039
8	30	0.095
8	31	0.067
8	32	0.044
8	33	0.18
8	34	0.034
8	35	0.077
8	36	0.145
8	37	0.05
8	38	0.115
8	39	0.104
8	40	0.002
8	41	0.007
8	42	0.075
8	43	0.023
8	44	0.037
8	45	0.219
8	46	0.056
8	47	0.034
8	48	0.069
8	49	0.019
8	50	0.063
8	51	0.117
8	52	0.025
8	53	0.062
8	54	0.07
8	55	0.062
8	56	0.132
8	57	0.042
8	58	0.07
8	59	0.029
8	60	0.085
8	61	0.058
8	62	0.143
8	63	0.026
8	64	0.014
8	65	0.026
8	66	0.005
8	67	0.012
8	68	0.086
8	69	0.08
8	70	0.003
8	71	0.012
8	72	0.008
8	73	0.202
8	74	0.202
8	75	0.086
8	76	0.017
8	77	0.146
8	78	0.063
8	79	0.055
8	80	0.002
8	81	0.105
8	82	0.008
8	83	0.008
9	10	0.133
9	11	0.066
9	12	0.161
9	13	0.073
9	14	0.205
9	15	0.03
9	16	0.025
9	17	0.057
9	18	0.119
9	19	0.041
9	20	0.163
9	21	0.03
9	22	0.02
9	23	0.009
9	24	0.052
9	25	0.032
9	26	0.116
9	27	0.078
9	28	0.054
9	29	0.084
9	30	0.142
9	31	0.031
9	32	0.077
9	33	0.004
9	34	0.072
9	35	0.076
9	36	0.131
9	37	0.024
9	38	0.012
9	39	0.004
9	40	0.012
9	41	0.118
9	42	0.041
9	43	0.109
9	44	0.115
9	45	0.116
9	46	0.102
9	48	0.077
9	49	0.077
9	50	0.019
9	51	0.07
9	52	0.012
9	53	0.058
9	54	0.054
9	55	0.035
9	56	0.079
9	57	0.015
9	58	0.054
9	59	0.096
9	60	0.066
9	61	0.185
9	62	0.206
9	63	0.176
9	64	0.099
9	65	0.284
9	66	0.05
9	67	0.09
9	68	0.064
9	69	0.023
9	70	0.041
9	71	0.063
9	72	0.044
9	73	0.012
9	74	0.092
9	75	0.185
9	76	0.036
9	77	0.156
9	78	0.049
9	80	0.026
9	81	0.016
9	82	0.033
9	83	0.026
10	11	0.019
10	12	0.036
10	13	0.073
10	14	0.048
10	15	0.133
10	16	0.075
10	17	0.097
10	18	0.11
10	19	0.104
10	20	0.088
10	21	0.101
10	22	0.025
10	23	0.059
10	24	0.151
10	25	0.186
10	26	0.194
10	27	0.067
10	28	0.011
10	29	0.015
10	30	0.126
10	31	0.09
10	32	0.106
10	33	0.066
10	34	0.003
10	35	0.16
10	36	0.034
10	37	0.001
10	38	0.019
10	39	0.065
10	40	0.024
10	41	0.043
10	42	0.074
10	43	0.09
10	44	0.035
10	45	0.233
10	46	0.111
10	47	0.011
10	48	0.096
10	49	0.049
10	50	0.06
10	51	0.043
10	52	0.088
10	53	0.035
10	55	0.096
10	56	0.055
10	57	0.054
10	58	0.046
10	59	0.165
10	60	0.046
10	61	0.175
10	62	0.031
10	63	0.026
10	65	0.178
10	66	0.032
10	67	0.004
10	68	0.002
10	69	0.008
10	70	0.169
10	71	0.027
10	72	0.075
10	73	0.019
10	74	0.035
10	75	0.09
10	76	0.082
10	77	0.026
10	78	0.016
10	79	0.015
10	80	0.099
10	81	0.034
10	82	0.064
10	83	0.011
11	12	0.141
11	13	0.014
11	14	0.071
11	15	0.134
11	16	0.049
11	17	0.011
11	18	0.056
11	19	0.04
11	20	0.051
11	21	0.174
11	22	0.063
11	23	0.078
11	24	0.107
11	25	0.02
11	26	0.177
11	27	0.056
11	28	0.01
11	29	0.044
11	30	0.101
11	31	0.029
11	32	0.121
11	33	0.087
11	34	0.037
11	35	0.014
11	36	0.108
11	37	0.002
11	38	0.055
11	39	0.014
11	40	0.033
11	41	0.082
11	42	0.067
11	43	0.083
11	44	0.131
11	45	0.077
11	46	0.115
11	47	0.12
11	48	0.111
11	49	0.094
11	50	0.033
11	51	0.046
11	52	0.016
11	53	0.01
11	54	0.008
11	55	0.095
11	56	0.001
11	57	0.015
11	58	0.003
11	59	0.007
11	60	0.055
11	61	0.081
11	62	0.077
11	63	0.051
11	64	0.017
11	65	0.006
11	67	0.063
11	68	0.029
11	69	0.057
11	70	0.095
11	71	0.062
11	72	0.052
11	73	0.069
11	74	0.08
11	75	0.007
11	76	0.066
11	77	0.154
11	78	0.125
11	79	0.079
11	80	0.025
11	81	0.157
11	82	0.146
11	83	0.118
12	13	0.056
12	14	0.04
12	15	0.054
12	16	0.007
12	17	0.104
12	18	0.004
12	19	0.034
12	20	0.049
12	21	0.054
12	22	0.254
12	23	0.119
12	24	0.127
12	25	0.049
12	26	0.093
12	27	0.014
12	28	0.055
12	29	0.098
12	30	0.055
12	31	0.132
12	32	0.141
12	33	0.034
12	34	0.003
12	35	0.087
12	36	0.027
12	37	0.104
12	38	0.136
12	39	0.046
12	40	0.115
12	41	0.169
12	42	0.041
12	43	0.086
12	44	0.111
12	45	0.056
12	46	0.02
12	47	0.027
12	48	0.103
12	49	0.058
12	50	0.099
12	51	0.008
12	52	0.003
12	53	0.005
12	54	0.081
12	55	0.027
12	56	0.108
12	57	0.025
12	58	0.02
12	59	0.033
12	60	0.086
12	61	0.075
12	62	0.031
12	63	0.088
12	64	0.089
12	65	0.029
12	66	0.109
12	67	0.033
12	68	0.016
12	69	0.086
12	70	0.001
12	71	0.18
12	72	0.095
12	73	0.071
12	74	0.012
12	75	0.07
12	76	0.002
12	77	0.072
12	78	0.242
12	79	0.057
12	80	0.074
12	81	0.095
12	82	0.049
12	83	0.006
13	14	0.11
13	15	0.031
13	16	0.045
13	17	0.093
13	18	0.065
13	19	0.009
13	20	0.068
13	21	0.152
13	22	0.08
13	23	0.022
13	24	0.235
13	25	0.17
13	26	0.093
13	27	0.005
13	28	0.024
13	29	0.072
13	30	0.071
13	31	0.025
13	32	0.103
13	33	0.031
13	34	0.098
13	35	0.012
13	36	0.126
13	37	0.013
13	38	0.045
13	39	0.01
13	40	0.029
13	41	0.178
13	42	0.077
13	43	0.024
13	44	0.109
13	45	0.019
13	46	0.031
13	47	0.241
13	48	0.128
13	49	0.045
13	50	0.091
13	51	0.117
13	52	0.098
13	53	0.082
13	54	0.005
13	55	0.026
13	56	0.155
13	57	0.033
13	58	0.036
13	59	0.013
13	60	0.083
13	61	0.024
13	62	0.096
13	63	0.056
13	64	0.036
13	65	0.01
13	66	0.073
13	67	0.015
13	68	0.021
13	69	0.187
13	70	0.131
13	71	0.082
13	72	0.075
13	73	0.021
13	74	0.047
13	75	0.035
13	76	0.067
13	77	0.089
13	78	0.145
13	79	0.066
13	80	0.046
13	81	0.052
13	82	0.012
13	83	0.022
14	15	0.028
14	16	0.07
14	17	0.02
14	18	0.12
14	19	0.064
14	20	0.025
14	21	0.022
14	22	0.098
14	23	0.09
14	24	0.114
14	25	0.068
14	26	0.07
14	27	0.047
14	28	0.047
14	29	0.064
14	30	0.032
14	31	0.184
14	32	0.043
14	33	0.028
14	34	0.011
14	35	0.043
14	36	0.045
14	37	0.005
14	38	0.117
14	39	0.052
14	40	0.055
14	41	0.121
14	42	0.065
14	43	0.115
14	44	0.026
14	45	0.069
14	46	0.107
14	47	0.049
14	48	0.025
14	49	0.004
14	50	0.058
14	51	0.13
14	52	0.092
14	53	0.014
14	54	0.023
14	55	0.081
14	56	0.131
14	57	0.086
14	58	0.113
14	59	0.039
14	60	0.021
14	61	0.025
14	62	0.062
14	63	0.004
14	64	0.017
14	65	0.146
14	66	0.026
14	67	0.038
14	68	0.058
14	69	0.137
14	70	0.028
14	71	0.017
14	72	0.068
14	73	0.132
14	74	0.1
14	75	0.078
14	76	0.007
14	77	0.004
14	78	0.088
14	79	0.179
14	80	0.097
14	81	0.008
14	82	0.125
14	83	0.159
15	16	0.03
15	17	0.047
15	18	0.213
15	19	0.203
15	20	0.06
15	21	0.022
15	22	0.019
15	23	0.103
15	24	0.052
15	25	0.085
15	26	0.036
15	27	0.012
15	28	0.029
15	29	0.097
15	30	0.091
15	31	0.015
15	32	0.068
15	33	0.108
15	34	0.107
15	35	0.043
15	36	0.086
15	37	0.015
15	38	0.165
15	39	0.016
15	40	0.101
15	41	0.06
15	42	0.003
15	43	0.02
15	44	0.086
15	45	0.027
15	46	0.12
15	47	0.008
15	49	0.048
15	50	0.207
15	51	0.06
15	52	0.026
15	53	0.023
15	54	0.135
15	55	0.022
15	56	0.005
15	57	0.038
15	58	0.025
15	59	0.193
15	60	0.174
15	61	0.082
15	62	0.063
15	63	0.105
15	64	0.041
15	65	0.098
15	66	0.071
15	67	0.037
15	68	0.155
15	69	0.029
15	70	0.066
15	71	0.009
15	72	0.051
15	73	0.067
15	74	0.021
15	75	0.055
15	76	0.007
15	77	0.066
15	78	0.029
15	79	0.019
15	81	0.013
15	82	0.066
15	83	0.023
16	17	0.057
16	18	0.028
16	19	0.055
16	20	0.032
16	21	0.022
16	22	0.028
16	23	0.048
16	24	0.049
16	25	0.113
16	26	0.088
16	27	0.042
16	28	0.03
16	29	0.015
16	30	0.056
16	31	0.005
16	32	0.013
16	33	0.002
16	34	0.105
16	35	0.053
16	36	0.064
16	37	0.083
16	38	0.015
16	39	0.121
16	40	0.114
16	41	0.099
16	42	0.023
16	43	0.028
16	44	0.067
16	45	0.08
16	46	0.013
16	47	0.052
16	48	0.147
16	49	0.082
16	50	0.102
16	51	0.028
16	52	0.075
16	53	0.153
16	54	0.102
16	55	0.196
16	56	0.017
16	57	0.006
16	58	0.059
16	59	0.172
16	60	0.163
16	61	0.093
16	62	0.06
16	63	0.027
16	64	0.019
16	65	0.041
16	66	0.105
16	67	0.149
16	68	0.053
16	69	0.113
16	70	0.234
16	71	0.046
16	72	0.005
16	73	0.112
16	74	0.02
16	75	0.038
16	76	0.042
16	77	0.171
16	78	0.062
16	79	0.116
16	81	0.155
16	82	0.055
16	83	0.043
17	18	0.009
17	19	0.041
17	20	0.009
17	21	0.083
17	22	0.072
17	23	0.136
17	24	0.027
17	25	0.001
17	26	0.229
17	27	0.104
17	28	0.108
17	29	0.008
17	30	0.198
17	31	0.063
17	32	0.137
17	33	0.099
17	34	0.003
17	35	0.001
17	36	0.142
17	37	0.123
17	38	0.065
17	39	0.058
17	40	0.144
17	41	0.072
17	42	0.121
17	43	0.106
17	44	0.041
17	45	0.109
17	46	0.125
17	47	0.024
17	48	0.074
17	49	0.064
17	50	0.048
17	51	0.151
17	53	0.153
17	54	0.081
17	55	0.123
17	56	0.011
17	57	0.057
17	58	0.135
17	59	0.077
17	60	0.123
17	61	0.095
17	62	0.063
17	63	0.075
17	64	0.111
17	65	0.165
17	66	0.092
17	67	0.018
17	69	0.074
17	70	0.103
17	71	0.193
17	72	0.053
17	73	0.211
17	74	0.081
17	75	0.086
17	76	0.007
17	77	0.096
17	78	0.031
17	79	0.033
17	80	0.124
17	82	0.001
17	83	0.09
18	19	0.069
18	20	0.116
18	21	0.041
18	22	0.081
18	23	0.131
18	24	0.071
18	25	0.101
18	26	0.151
18	27	0.072
18	28	0.108
18	29	0.071
18	30	0.136
18	31	0.136
18	32	0.061
18	33	0.109
18	34	0.186
18	35	0.024
18	36	0.067
18	37	0.109
18	38	0.047
18	39	0.069
18	40	0.091
18	41	0.079
18	42	0.072
18	43	0.012
18	44	0.073
18	45	0.054
18	46	0.099
18	47	0.038
18	48	0.06
18	49	0.028
18	50	0.069
18	51	0.051
18	53	0.066
18	54	0.09
18	55	0.072
18	56	0.188
18	57	0.126
18	58	0.009
18	59	0.135
18	60	0.043
18	61	0.089
18	62	0.04
18	63	0.015
18	64	0.08
18	66	0.165
18	67	0.083
18	69	0.078
18	70	0.052
18	71	0.065
18	72	0.089
18	73	0.065
18	74	0.065
18	75	0.062
18	76	0.022
18	77	0.129
18	78	0.094
18	79	0.149
18	81	0.003
18	82	0.016
18	83	0.022
19	20	0.054
19	21	0.057
19	22	0.225
19	23	0.123
19	25	0.004
19	26	0.007
19	27	0.068
19	28	0.029
19	29	0.166
19	30	0.033
19	31	0.119
19	32	0.053
19	33	0.071
19	34	0.027
19	35	0.049
19	36	0.076
19	37	0.028
19	38	0.055
19	39	0.045
19	40	0.027
19	41	0.036
19	42	0.063
19	43	0.042
19	44	0.138
19	45	0.166
19	46	0.128
19	47	0.061
19	48	0.055
19	49	0.001
19	50	0.045
19	51	0.063
19	52	0.085
19	54	0.152
19	55	0.088
19	56	0.024
19	57	0.034
19	58	0.197
19	59	0.056
19	60	0.005
19	61	0.019
19	62	0.052
19	63	0.057
19	64	0.194
19	65	0.076
19	66	0.015
19	68	0.194
19	69	0.088
19	70	0.137
19	71	0.021
19	72	0.041
19	73	0.078
19	74	0.073
19	75	0.072
19	76	0.048
19	77	0.1
19	78	0.093
19	79	0.049
19	80	0.075
19	81	0.019
19	82	0.014
19	83	0.051
20	21	0.004
20	22	0.022
20	23	0.016
20	24	0.107
20	25	0.109
20	26	0.078
20	27	0.131
20	28	0.055
20	29	0.031
20	30	0.015
20	31	0.085
20	32	0.068
20	33	0.054
20	34	0.089
20	35	0.009
20	36	0.007
20	37	0.001
20	38	0.036
20	39	0.003
20	40	0.065
20	41	0.052
20	42	0.055
20	43	0.098
20	44	0.043
20	45	0.088
20	46	0.05
20	47	0.009
20	48	0.057
20	49	0.005
20	50	0.039
20	51	0.007
20	52	0.227
20	53	0.047
20	54	0.013
20	55	0.012
20	56	0.187
20	57	0.073
20	58	0.057
20	59	0.269
20	60	0.059
20	61	0.036
20	62	0.043
20	63	0.08
20	64	0.009
20	65	0.15
20	66	0.133
20	67	0.134
20	68	0.001
20	69	0.039
20	70	0.021
20	71	0.008
20	72	0.063
20	73	0.167
20	74	0.045
20	75	0.077
20	76	0.033
20	77	0.019
20	78	0.02
20	79	0.025
20	80	0.034
20	81	0.051
20	82	0.114
20	83	0.001
21	22	0.03
21	23	0.008
21	24	0.092
21	25	0.26
21	26	0.132
21	27	0.024
21	28	0.005
21	29	0.006
21	30	0.034
21	31	0.01
21	32	0.052
21	33	0.087
21	34	0.057
21	35	0.015
21	36	0.039
21	37	0.11
21	38	0.001
21	39	0.016
21	40	0.238
21	41	0.016
21	42	0.078
21	43	0.064
21	44	0.048
21	45	0.007
21	46	0.026
21	47	0.085
21	48	0.124
21	49	0.003
21	50	0.207
21	51	0.069
21	52	0.097
21	53	0.197
21	54	0.092
21	55	0.057
21	56	0.025
21	57	0.096
21	58	0.157
21	59	0.083
21	60	0.213
21	61	0.097
21	62	0.005
21	63	0.042
21	64	0.055
21	65	0.035
21	66	0.046
21	67	0.03
21	68	0.115
21	69	0.013
21	70	0.113
21	71	0.031
21	72	0.118
21	73	0.209
21	74	0.063
21	75	0.096
21	76	0.028
21	77	0.012
21	78	0.093
21	79	0.119
21	81	0.004
21	82	0.076
21	83	0.009
22	23	0.064
22	24	0.046
22	25	0.114
22	26	0.038
22	27	0.108
22	28	0.115
22	29	0.081
22	30	0.054
22	31	0.127
22	32	0.055
22	33	0.038
22	34	0.031
22	35	0.035
22	36	0.005
22	37	0.01
22	38	0.004
22	39	0.001
22	40	0.095
22	41	0.069
22	42	0.053
22	43	0.007
22	44	0.074
22	45	0.132
22	46	0.054
22	47	0.077
22	48	0.013
22	49	0.085
22	50	0.111
22	51	0.026
22	52	0.013
22	53	0.034
22	54	0.013
22	55	0.012
22	56	0.069
22	57	0.103
22	58	0.052
22	59	0.002
22	60	0.166
22	61	0.129
22	62	0.03
22	63	0.122
22	64	0.004
22	65	0.049
22	66	0.052
22	67	0.221
22	68	0.014
22	69	0.021
22	70	0.045
22	72	0.042
22	73	0.145
22	74	0.213
22	75	0.022
22	76	0.032
22	77	0.062
22	78	0.072
22	79	0.003
22	80	0.003
22	81	0.081
22	82	0.08
22	83	0.056
23	24	0.107
23	25	0.121
23	26	0.085
23	27	0.006
23	28	0.023
23	29	0.053
23	30	0.111
23	31	0.057
23	32	0.09
23	33	0.062
23	34	0.046
23	35	0.007
23	36	0.028
23	37	0.077
23	38	0.048
23	39	0.057
23	40	0.186
23	41	0.106
23	42	0.059
23	43	0.084
23	44	0.072
23	45	0.087
23	46	0.037
23	47	0.051
23	48	0.009
23	49	0.039
23	50	0.075
23	51	0.014
23	52	0.005
23	53	0.077
23	54	0.018
23	55	0.028
23	56	0.016
23	57	0.052
23	58	0.029
23	59	0.047
23	60	0.009
23	61	0.22
23	62	0.061
23	63	0.001
23	64	0.004
23	65	0.036
23	66	0.105
23	67	0.021
23	68	0.012
23	69	0.001
23	70	0.008
23	71	0.02
23	72	0.043
23	73	0.135
23	74	0.031
23	75	0.066
23	76	0.029
23	77	0.015
23	78	0.049
23	79	0.019
23	80	0.003
23	81	0.104
23	82	0.029
23	83	0.068
24	25	0.154
24	26	0.01
24	27	0.008
24	28	0.003
24	29	0.142
24	30	0.012
24	31	0.009
24	32	0.124
24	33	0.045
24	34	0.096
24	35	0.02
24	36	0.057
24	37	0.168
24	38	0.09
24	39	0.007
24	40	0.01
24	41	0.073
24	42	0.172
24	43	0.119
24	44	0.066
24	45	0.042
24	46	0.011
24	47	0.038
24	48	0.04
24	49	0.023
24	50	0.11
24	51	0.105
24	52	0.017
24	54	0.077
24	55	0.072
24	56	0.005
24	57	0.174
24	58	0.019
24	59	0.024
24	60	0.115
24	61	0.139
24	62	0.051
24	63	0.116
24	64	0.072
24	65	0.08
24	66	0.016
24	67	0.098
24	68	0.064
24	69	0.162
24	70	0.009
24	71	0.222
24	72	0.088
24	73	0.024
24	74	0.003
24	75	0.021
24	76	0.249
24	77	0.005
24	78	0.029
24	79	0.002
24	80	0.049
24	82	0.032
24	83	0.112
25	26	0.159
25	27	0.006
25	28	0.106
25	29	0.061
25	30	0.079
25	31	0.073
25	32	0.006
25	33	0.147
25	34	0.177
25	35	0.113
25	36	0.142
25	37	0.151
25	38	0.054
25	39	0.071
25	40	0.066
25	41	0.001
25	42	0.049
25	43	0.049
25	44	0.068
25	45	0.06
25	46	0.035
25	47	0.055
25	48	0.016
25	49	0.034
25	50	0.056
25	51	0.081
25	52	0.129
25	53	0.032
25	54	0.023
25	55	0.253
25	56	0.073
25	57	0.122
25	58	0.042
25	59	0.085
25	60	0.051
25	61	0.107
25	62	0.091
25	63	0.152
25	64	0.17
25	65	0.061
25	66	0.035
25	67	0.079
25	68	0.107
25	69	0.194
25	70	0.168
25	71	0.01
25	72	0.065
25	73	0.095
25	74	0.053
25	75	0.052
25	76	0.105
25	77	0.046
25	78	0.143
25	79	0.066
25	80	0.097
25	81	0.116
25	82	0.004
25	83	0.123
26	27	0.092
26	28	0.091
26	29	0.055
26	30	0.12
26	31	0.144
26	32	0.101
26	33	0.195
26	34	0.075
26	35	0.001
26	36	0.052
26	37	0.091
26	38	0.011
26	39	0.105
26	40	0.056
26	41	0.179
26	42	0.088
26	43	0.035
26	44	0.05
26	45	0.046
26	46	0.086
26	47	0.029
26	48	0.076
26	49	0.046
26	50	0.106
26	51	0.065
26	52	0.022
26	53	0.015
26	54	0.172
26	55	0.042
26	56	0.044
26	57	0.107
26	58	0.044
26	59	0.021
26	60	0.043
26	61	0.077
26	62	0.137
26	63	0.041
26	64	0.065
26	65	0.088
26	66	0.019
26	67	0.053
26	68	0.036
26	69	0.015
26	70	0.114
26	71	0.001
26	72	0.05
26	73	0.031
26	74	0.016
26	75	0.081
26	76	0.02
26	77	0.043
26	78	0.053
26	79	0.059
26	80	0.169
26	81	0.192
26	82	0.037
26	83	0.074
27	28	0.034
27	29	0.16
27	30	0.059
27	31	0.055
27	32	0.051
27	33	0.104
27	34	0.07
27	35	0.003
27	36	0.033
27	37	0.069
27	38	0.006
27	39	0.072
27	40	0.106
27	41	0.037
27	42	0.007
27	43	0.022
27	44	0.074
27	45	0.199
27	46	0.036
27	47	0.201
27	48	0.172
27	49	0.007
27	50	0.183
27	51	0.039
27	52	0.059
27	53	0.072
27	54	0.09
27	55	0.028
27	56	0.01
27	57	0.021
27	58	0.019
27	59	0.039
27	60	0.057
27	61	0.011
27	62	0.06
27	63	0.059
27	64	0.034
27	65	0.018
27	66	0.044
27	67	0.06
27	68	0.004
27	69	0.026
27	70	0.002
27	71	0.085
27	72	0.055
27	73	0.116
27	74	0.015
27	75	0.092
27	76	0.048
27	77	0.013
27	78	0.032
27	79	0.068
27	80	0.035
27	81	0.046
27	82	0.084
27	83	0.093
28	29	0.043
28	30	0.06
28	31	0.124
28	32	0.075
28	33	0.109
28	34	0.021
28	35	0.04
28	36	0.038
28	37	0.069
28	38	0.012
28	39	0.053
28	40	0.023
28	41	0.166
28	42	0.023
28	43	0.04
28	44	0.138
28	45	0.062
28	46	0.104
28	47	0.009
28	48	0.036
28	49	0.042
28	50	0.066
28	51	0.06
28	52	0.116
28	53	0.026
28	54	0.132
28	55	0.096
28	56	0.085
28	57	0.1
28	58	0.148
28	59	0.05
28	60	0.063
28	61	0.076
28	62	0.109
28	63	0.087
28	64	0.12
28	65	0.047
28	66	0.124
28	67	0.053
28	68	0.058
28	69	0.095
28	70	0.079
28	71	0.048
28	72	0.081
28	73	0.069
28	74	0.035
28	75	0.109
28	76	0.068
28	77	0.185
28	78	0.188
28	79	0.009
28	80	0.008
28	81	0.094
28	82	0.035
28	83	0.135
29	30	0.125
29	31	0.074
29	32	0.068
29	33	0.011
29	34	0.017
29	35	0.041
29	36	0.009
29	37	0.064
29	38	0.015
29	39	0.097
29	40	0.005
29	41	0.031
29	42	0.111
29	43	0.117
29	44	0.104
29	45	0.099
29	46	0.082
29	47	0.009
29	48	0.026
29	49	0.044
29	50	0.059
29	51	0.022
29	52	0.135
29	53	0.059
29	54	0.038
29	55	0.05
29	56	0.18
29	57	0.018
29	58	0.077
29	59	0.023
29	60	0.171
29	61	0.075
29	62	0.046
29	63	0.098
29	64	0.05
29	65	0.011
29	66	0.034
29	67	0.071
29	68	0.002
29	69	0.056
29	70	0.023
29	71	0.071
29	72	0.013
29	73	0.009
29	74	0.099
29	75	0.046
29	76	0.007
29	77	0.011
29	78	0.14
29	79	0.034
29	80	0.066
29	81	0.109
29	82	0.012
29	83	0.121
30	31	0.046
30	32	0.038
30	33	0.051
30	34	0.003
30	35	0.172
30	36	0.019
30	37	0.05
30	38	0.006
30	39	0.061
30	40	0.035
30	41	0.036
30	42	0.075
30	43	0.061
30	44	0.05
30	45	0.055
30	46	0.097
30	48	0.007
30	49	0.063
30	50	0.182
30	51	0.128
30	52	0.063
30	55	0.02
30	56	0.003
30	57	0.026
30	58	0.128
30	59	0.122
30	60	0.049
30	61	0.062
30	62	0.018
30	63	0.071
30	64	0.092
30	65	0.181
30	66	0.015
30	67	0.037
30	69	0.063
30	70	0.049
30	71	0.153
30	72	0.033
30	73	0.087
30	74	0.049
30	75	0.009
30	76	0.021
30	77	0.089
30	78	0.135
30	79	0.025
30	80	0.028
30	82	0.099
30	83	0.021
31	32	0.028
31	33	0.055
31	34	0.249
31	35	0.028
31	36	0.032
31	37	0.059
31	38	0.123
31	39	0.016
31	40	0.049
31	41	0.05
31	42	0.135
31	43	0.001
31	44	0.238
31	45	0.058
31	46	0.168
31	47	0.017
31	48	0.044
31	49	0.049
31	50	0.023
31	52	0.135
31	53	0.098
31	54	0.087
31	55	0.042
31	56	0.103
31	57	0.033
31	58	0.109
31	59	0.036
31	60	0.087
31	61	0.01
31	62	0.01
31	63	0.05
31	66	0.027
31	68	0.117
31	69	0.048
31	70	0.038
31	71	0.099
31	72	0.141
31	73	0.029
31	74	0.01
31	75	0.11
31	76	0.106
31	77	0.048
31	78	0.048
31	79	0.052
31	80	0.001
31	82	0.026
31	83	0.176
32	33	0.009
32	34	0.059
32	35	0.029
32	36	0.079
32	37	0.012
32	38	0.154
32	39	0.08
32	40	0.045
32	42	0.016
32	43	0.091
32	44	0.118
32	45	0.002
32	46	0.046
32	47	0.093
32	48	0.092
32	49	0.121
32	50	0.115
32	51	0.138
32	52	0.022
32	54	0.084
32	55	0.021
32	56	0.149
32	57	0.022
32	58	0.083
32	59	0.038
32	60	0.004
32	62	0.06
32	63	0.106
32	64	0.048
32	65	0.07
32	67	0.026
32	68	0.085
32	69	0.026
32	70	0.098
32	71	0.08
32	72	0.029
32	73	0.001
32	74	0.145
32	75	0.023
32	76	0.017
32	77	0.007
32	78	0.074
32	80	0.022
32	81	0.079
32	82	0.083
32	83	0.034
33	34	0.013
33	35	0.058
33	36	0.075
33	37	0.188
33	38	0.048
33	39	0.045
33	40	0.028
33	41	0.056
33	42	0.056
33	43	0.031
33	44	0.107
33	45	0.029
33	46	0.028
33	47	0.041
33	48	0.068
33	49	0.106
33	50	0.064
33	51	0.077
33	52	0.031
33	53	0.014
33	54	0.104
33	55	0.083
33	56	0.153
33	57	0.063
33	58	0.124
33	59	0.079
33	60	0.008
33	61	0.017
33	62	0.109
33	63	0.101
33	64	0.045
33	65	0.144
33	66	0.095
33	67	0.184
33	68	0.122
33	69	0.084
33	70	0.12
33	71	0.054
33	72	0.137
33	73	0.118
33	74	0.081
33	75	0.17
33	76	0.171
33	77	0.048
33	78	0.108
33	79	0.179
33	80	0.022
33	81	0.092
33	82	0.127
33	83	0.144
34	35	0.048
34	36	0.035
34	37	0.101
34	38	0.157
34	39	0.117
34	40	0.069
34	41	0.015
34	42	0.039
34	43	0.053
34	44	0.079
34	45	0.009
34	46	0.163
34	47	0.045
34	48	0.049
34	49	0.096
34	50	0.066
34	51	0.083
34	52	0.091
34	53	0.002
34	54	0.001
34	55	0.026
34	56	0.009
34	57	0.114
34	58	0.043
34	59	0.012
34	60	0.004
34	61	0.108
34	62	0.063
34	63	0.048
34	64	0.177
34	65	0.028
34	66	0.06
34	67	0.166
34	68	0.003
34	69	0.049
34	70	0.035
34	71	0.012
34	72	0.198
34	73	0.059
34	74	0.159
34	75	0.045
34	76	0.045
34	77	0.009
34	78	0.047
34	79	0.025
34	80	0.007
34	81	0.009
34	82	0.075
34	83	0.136
35	36	0.057
35	37	0.06
35	38	0.207
35	39	0.011
35	40	0.197
35	41	0.05
35	42	0.137
35	43	0.008
35	44	0.104
35	45	0.01
35	46	0.04
35	47	0.052
35	48	0.05
35	49	0.031
35	50	0.087
35	51	0.013
35	52	0.106
35	53	0.047
35	54	0.053
35	55	0.048
35	56	0.068
35	57	0.033
35	58	0.05
35	59	0.034
35	60	0.059
35	61	0.172
35	62	0.018
35	63	0.203
35	64	0.039
35	65	0.102
35	66	0.088
35	67	0.071
35	68	0.035
35	69	0.047
35	70	0.068
35	71	0.024
35	72	0.079
35	73	0.028
35	74	0.013
35	75	0.041
35	76	0.006
35	77	0.051
35	78	0.107
35	79	0.027
35	80	0.042
35	81	0.175
35	82	0.005
35	83	0.071
36	37	0.018
36	38	0.104
36	39	0.065
36	40	0.004
36	41	0.079
36	42	0.031
36	43	0.037
36	44	0.009
36	45	0.109
36	46	0.195
36	47	0.106
36	48	0.255
36	49	0.129
36	50	0.044
36	51	0.094
36	52	0.013
36	53	0.021
36	54	0.028
36	55	0.041
36	56	0.054
36	57	0.018
36	58	0.092
36	59	0.021
36	60	0.053
36	61	0.048
36	62	0.023
36	63	0.114
36	65	0.127
36	66	0.086
36	67	0.054
36	68	0.163
36	69	0.173
36	70	0.011
36	71	0.029
36	72	0.068
36	73	0.019
36	74	0.024
36	75	0.061
36	76	0.064
36	77	0.096
36	78	0.045
36	79	0.066
36	80	0.029
36	81	0.008
36	82	0.06
36	83	0.043
37	38	0.021
37	39	0.03
37	40	0.021
37	41	0.061
37	42	0.1
37	43	0.126
37	44	0.026
37	45	0.149
37	46	0.081
37	47	0.061
37	48	0.137
37	49	0.047
37	50	0.094
37	51	0.052
37	52	0.002
37	53	0.084
37	54	0.075
37	55	0.033
37	56	0.055
37	57	0.003
37	58	0.076
37	59	0.01
37	60	0.057
37	61	0.171
37	62	0.036
37	63	0.043
37	64	0.012
37	65	0.007
37	66	0.01
37	67	0.037
37	68	0.018
37	69	0.096
37	70	0.109
37	71	0.013
37	72	0.102
37	73	0.101
37	74	0.053
37	75	0.105
37	76	0.094
37	77	0.016
37	78	0.11
37	79	0.125
37	80	0.091
37	81	0.157
37	82	0.024
37	83	0.093
38	39	0.098
38	40	0.014
38	41	0.03
38	42	0.088
38	43	0.163
38	44	0.151
38	45	0.069
38	46	0.095
38	47	0.019
38	48	0.008
38	49	0.113
38	50	0.12
38	51	0.061
38	52	0.047
38	53	0.077
38	54	0.136
38	55	0.008
38	56	0.152
38	57	0.097
38	58	0.034
38	59	0.14
38	60	0.059
38	61	0.042
38	62	0.128
38	63	0.018
38	64	0.147
38	65	0.017
38	66	0.06
38	67	0.012
38	68	0.002
38	69	0.08
38	70	0.139
38	71	0.027
38	72	0.042
38	73	0.018
38	74	0.108
38	75	0.086
38	76	0.026
38	77	0.063
38	78	0.131
38	79	0.131
38	80	0.207
38	81	0.023
38	82	0.054
38	83	0.023
39	40	0.014
39	41	0.061
39	42	0.013
39	43	0.039
39	44	0.1
39	45	0.057
39	46	0.064
39	47	0.118
39	48	0.034
39	49	0.032
39	50	0.12
39	51	0.066
39	52	0.144
39	53	0.079
39	54	0.019
39	55	0.004
39	56	0.116
39	57	0.027
39	58	0.028
39	59	0.023
39	60	0.018
39	61	0.076
39	62	0.103
39	63	0.06
39	64	0.227
39	65	0.063
39	66	0.145
39	67	0.057
39	68	0.055
39	69	0.022
39	70	0.014
39	71	0.06
39	72	0.078
39	73	0.003
39	74	0.058
39	75	0.176
39	76	0.068
39	77	0.193
39	78	0.032
39	79	0.081
39	80	0.014
39	81	0.057
39	82	0.142
39	83	0.205
40	41	0.088
40	42	0.111
40	43	0.039
40	44	0.032
40	45	0.165
40	46	0.001
40	47	0.027
40	48	0.011
40	49	0.084
40	50	0.114
40	51	0.164
40	52	0.117
40	53	0.047
40	54	0.112
40	55	0.015
40	56	0.194
40	57	0.003
40	58	0.04
40	59	0.014
40	60	0.053
40	61	0.023
40	62	0.129
40	63	0.069
40	64	0.022
40	65	0.019
40	66	0.06
40	68	0.159
40	69	0.122
40	70	0.08
40	71	0.02
40	72	0.086
40	73	0.038
40	74	0.129
40	75	0.1
40	76	0.117
40	77	0.096
40	78	0.06
40	80	0.202
40	81	0.019
40	82	0.053
40	83	0.051
41	42	0.093
41	43	0.044
41	44	0.131
41	45	0.024
41	46	0.103
41	47	0.078
41	48	0.146
41	49	0.095
41	50	0.129
41	51	0.051
41	52	0.14
41	53	0.18
41	54	0.014
41	55	0.094
41	56	0.149
41	57	0.012
41	58	0.067
41	59	0.149
41	60	0.026
41	61	0.119
41	62	0.029
41	63	0.014
41	64	0.102
41	65	0.078
41	66	0.077
41	67	0.068
41	68	0.091
41	69	0.09
41	70	0.039
41	71	0.04
41	72	0.13
41	73	0.012
41	74	0.118
41	75	0.023
41	76	0.077
41	77	0.081
41	79	0.063
41	80	0.003
41	81	0.077
41	82	0.04
41	83	0.07
42	43	0.06
42	44	0.02
42	45	0.079
42	46	0.004
42	47	0.078
42	48	0.015
42	49	0.062
42	50	0.041
42	51	0.18
42	52	0.021
42	53	0.009
42	54	0.022
42	55	0.044
42	56	0.014
42	57	0.091
42	58	0.043
42	59	0.023
42	60	0.011
42	61	0.061
42	62	0.01
42	63	0.039
42	64	0.062
42	65	0.112
42	66	0.028
42	67	0.039
42	68	0.061
42	69	0.084
42	70	0.108
42	71	0.041
42	72	0.104
42	73	0.12
42	74	0.11
42	75	0.101
42	76	0.074
42	77	0.007
42	78	0.14
42	79	0.094
42	80	0.093
42	81	0.106
42	82	0.015
42	83	0.024
43	44	0.087
43	45	0.052
43	46	0.083
43	47	0.044
43	48	0.266
43	49	0.101
43	50	0.036
43	51	0.13
43	52	0.018
43	53	0.014
43	54	0.029
43	55	0.104
43	56	0.044
43	57	0.004
43	58	0.017
43	59	0.02
43	60	0.142
43	61	0.023
43	62	0.099
43	63	0.027
43	64	0.039
43	65	0.038
43	66	0.085
43	67	0.07
43	68	0.052
43	69	0.158
43	70	0.135
43	71	0.15
43	72	0.157
43	73	0.141
43	74	0.059
43	75	0.073
43	76	0.146
43	77	0.089
43	78	0.182
43	79	0.016
43	80	0.151
43	81	0.026
43	82	0.038
43	83	0.018
44	45	0.232
44	46	0.039
44	47	0.121
44	48	0.134
44	49	0.084
44	50	0.027
44	51	0.145
44	52	0.017
44	53	0.104
44	54	0.118
44	55	0.073
44	56	0.066
44	57	0.079
44	58	0.073
44	59	0.022
44	60	0.004
44	61	0.026
44	62	0.036
44	63	0.014
44	64	0.029
44	65	0.046
44	66	0.144
44	67	0.062
44	68	0.021
44	69	0.04
44	70	0.017
44	71	0.027
44	72	0.054
44	73	0.105
44	74	0.101
44	75	0.117
44	76	0.004
44	77	0.013
44	78	0.049
44	79	0.069
44	80	0.073
44	81	0.113
44	82	0.001
44	83	0.014
45	46	0.087
45	47	0.1
45	48	0.05
45	49	0.066
45	50	0.054
45	51	0.007
45	52	0.079
45	53	0.108
45	54	0.072
45	55	0.031
45	56	0.122
45	57	0.055
45	58	0.098
45	59	0.137
45	60	0.034
45	61	0.089
45	62	0.045
45	63	0.096
45	64	0.079
45	65	0.078
45	66	0.046
45	67	0.066
45	68	0.029
45	69	0.12
45	70	0.09
45	71	0.111
45	72	0.099
45	73	0.032
45	74	0.053
45	75	0.054
45	76	0.014
45	77	0.004
45	78	0.035
45	79	0.099
45	80	0.199
45	81	0.178
45	82	0.067
45	83	0.075
46	47	0.058
46	48	0.2
46	49	0.083
46	50	0.088
46	51	0.11
46	52	0.054
46	53	0.031
46	54	0.063
46	55	0.07
46	56	0.071
46	57	0.047
46	58	0.085
46	59	0.155
46	60	0.057
46	61	0.041
46	62	0.021
46	63	0.075
46	64	0.054
46	65	0.039
46	66	0.084
46	67	0.102
46	68	0.08
46	69	0.065
46	70	0.092
46	71	0.031
46	72	0.009
46	73	0.091
46	74	0.003
46	75	0.153
46	76	0.081
46	77	0.048
46	78	0.028
46	79	0.033
46	80	0.093
46	81	0.023
46	82	0.089
46	83	0.11
47	48	0.023
47	49	0.062
47	50	0.049
47	51	0.226
47	52	0.012
47	53	0.158
47	54	0.122
47	55	0.165
47	56	0.022
47	57	0.14
47	58	0.034
47	59	0.068
47	60	0.115
47	61	0.245
47	62	0.01
47	63	0.062
47	64	0.04
47	65	0.038
47	66	0.059
47	67	0.112
47	68	0.006
47	69	0.114
47	70	0.102
47	71	0.115
47	72	0.146
47	73	0.043
47	74	0.211
47	75	0.059
47	76	0.127
47	77	0.046
47	78	0.11
47	79	0.01
47	80	0.011
47	81	0.067
47	82	0.007
47	83	0.011
48	49	0.019
48	50	0.008
48	51	0.048
48	52	0.086
48	53	0.01
48	54	0.031
48	55	0.229
48	56	0.268
48	57	0.068
48	58	0.054
48	59	0.064
48	60	0.045
48	61	0.103
48	62	0.128
48	63	0.041
48	64	0.103
48	65	0.098
48	66	0.002
48	67	0.146
48	68	0.025
48	69	0.003
48	70	0.12
48	71	0.124
48	72	0.042
48	73	0.166
48	74	0.067
48	75	0.069
48	76	0.089
48	77	0.166
48	78	0.021
48	79	0.011
48	80	0.037
48	82	0.151
48	83	0.057
49	50	0.081
49	51	0.085
49	52	0.024
49	53	0.072
49	54	0.085
49	55	0.012
49	56	0.014
49	57	0.102
49	58	0.071
49	59	0.042
49	60	0.009
49	61	0.177
49	62	0.024
49	63	0.04
49	64	0.002
49	65	0.085
49	66	0.001
49	67	0.101
49	68	0.035
49	69	0.025
49	70	0.03
49	71	0.014
49	72	0.032
49	73	0.116
49	74	0.132
49	75	0.082
49	76	0.084
49	77	0.046
49	78	0.012
49	79	0.269
49	80	0.046
49	81	0.048
49	82	0.005
49	83	0.049
50	51	0.112
50	52	0.062
50	53	0.083
50	54	0.138
50	55	0.081
50	56	0.12
50	57	0.089
50	58	0.009
50	59	0.036
50	60	0.137
50	61	0.023
50	62	0.058
50	63	0.032
50	64	0.11
50	65	0.121
50	66	0.115
50	67	0.107
50	68	0.036
50	69	0.072
50	70	0.137
50	71	0.04
50	72	0.189
50	73	0.026
50	74	0.033
50	75	0.037
50	76	0.047
50	77	0.032
50	78	0.068
50	79	0.071
50	80	0.117
50	81	0.057
50	82	0.087
50	83	0.013
51	52	0.147
51	53	0.061
51	54	0.107
51	55	0.076
51	56	0.072
51	57	0.147
51	58	0.015
51	59	0.049
51	60	0.057
51	61	0.06
51	62	0.008
51	63	0.105
51	64	0.118
51	65	0.036
51	66	0.018
51	67	0.071
51	68	0.015
51	69	0.019
51	70	0.031
51	71	0.068
51	72	0.124
51	73	0.132
51	74	0.03
51	75	0.039
51	76	0.09
51	77	0.072
51	78	0.113
51	79	0.091
51	80	0.07
51	81	0.057
51	82	0.001
51	83	0.162
52	53	0.101
52	54	0.056
52	55	0.072
52	56	0.014
52	57	0.043
52	58	0.014
52	59	0.039
52	60	0.043
52	61	0.089
52	62	0.007
52	63	0.052
52	64	0.014
52	65	0.162
52	66	0.032
52	67	0.021
52	68	0.096
52	69	0.023
52	70	0.008
52	71	0.01
52	72	0.078
52	74	0.036
52	75	0.092
52	76	0.048
52	77	0.055
52	78	0.067
52	79	0.047
52	80	0.109
52	81	0.07
52	82	0.021
52	83	0.069
53	54	0.117
53	55	0.038
53	56	0.018
53	57	0.11
53	58	0.012
53	59	0.065
53	60	0.026
53	61	0.047
53	62	0.004
53	63	0.12
53	64	0.11
53	65	0.086
53	66	0.003
53	67	0.05
53	68	0.006
53	69	0.057
53	70	0.02
53	71	0.19
53	72	0.021
53	73	0.005
53	74	0.012
53	75	0.051
53	76	0.06
53	77	0.086
53	78	0.112
53	79	0.039
53	80	0.057
53	81	0.098
53	82	0.125
53	83	0.025
54	55	0.126
54	56	0.018
54	57	0.034
54	58	0.04
54	59	0.169
54	60	0.056
54	61	0.01
54	62	0.086
54	63	0.115
54	64	0.052
54	65	0.009
54	66	0.226
54	67	0.001
54	68	0.033
54	69	0.063
54	70	0.09
54	71	0.099
54	72	0.021
54	73	0.156
54	74	0.053
54	75	0.011
54	76	0.121
54	77	0.114
54	78	0.009
54	79	0.096
54	80	0.084
54	81	0.113
54	82	0.026
54	83	0.007
55	56	0.02
55	57	0.052
55	58	0.107
55	59	0.002
55	60	0.068
55	61	0.059
55	62	0.011
55	63	0.131
55	64	0.108
55	65	0.177
55	66	0.124
55	67	0.119
55	68	0.033
55	69	0.09
55	70	0.073
55	71	0.047
55	72	0.09
55	73	0.004
55	74	0.121
55	75	0.114
55	76	0.083
55	77	0.05
55	78	0.016
55	79	0.111
55	80	0.078
55	81	0.033
55	82	0.021
55	83	0.116
56	57	0.028
56	58	0.041
56	59	0.103
56	60	0.019
56	61	0.108
56	62	0.012
56	63	0.015
56	64	0.111
56	65	0.126
56	66	0.068
56	67	0.083
56	68	0.027
56	69	0.106
56	70	0.014
56	71	0.061
56	72	0.017
56	73	0.066
56	74	0.074
56	75	0.123
56	76	0.039
56	77	0.038
56	78	0.076
56	79	0.075
56	80	0.015
56	81	0.128
56	82	0.058
56	83	0.014
57	58	0.057
57	59	0.088
57	60	0.006
57	61	0.063
57	62	0.009
57	63	0.053
57	64	0.012
57	65	0.031
57	66	0.009
57	67	0.119
57	68	0.004
57	69	0.131
57	70	0.011
57	71	0.075
57	72	0.087
57	73	0.072
57	74	0.105
57	75	0.128
57	76	0.092
57	77	0.035
57	78	0.137
57	79	0.033
57	80	0.055
57	81	0.143
57	82	0.058
57	83	0.01
58	59	0.061
58	60	0.061
58	61	0.025
58	62	0.002
58	63	0.137
58	64	0.01
58	65	0.082
58	66	0.087
58	67	0.144
58	68	0.066
58	69	0.038
58	70	0.141
58	71	0.048
58	72	0.006
58	73	0.09
58	74	0.11
58	76	0.01
58	77	0.111
58	78	0.099
58	79	0.017
58	80	0.005
58	81	0.137
58	82	0.057
58	83	0.239
59	60	0.028
59	61	0.028
59	62	0.06
59	63	0.004
59	64	0.105
59	65	0.004
59	66	0.02
59	67	0.045
59	68	0.031
59	69	0.004
59	70	0.038
59	71	0.071
59	72	0.102
59	73	0.084
59	74	0.054
59	75	0.176
59	76	0.037
59	77	0.04
59	78	0.053
59	79	0.08
59	80	0.096
59	81	0.036
59	82	0.192
59	83	0.088
60	61	0.06
60	62	0.012
60	63	0.098
60	64	0.121
60	65	0.032
60	66	0.069
60	67	0.186
60	68	0.001
60	69	0.024
60	70	0.11
60	71	0.079
60	72	0.083
60	73	0.007
60	74	0.044
60	75	0.12
60	76	0.041
60	77	0.081
60	78	0.002
60	79	0.016
60	80	0.101
60	81	0.025
60	82	0.013
60	83	0.157
61	62	0.011
61	63	0.049
61	64	0.075
61	65	0.076
61	66	0.095
61	67	0.11
61	68	0.198
61	69	0.212
61	70	0.114
61	71	0.069
61	72	0.032
61	73	0.061
61	74	0.071
61	75	0.122
61	76	0.08
61	77	0.007
61	78	0.054
61	79	0.041
61	80	0.037
61	81	0.043
61	82	0.065
61	83	0.099
62	63	0.026
62	64	0.068
62	65	0.17
62	66	0.008
62	67	0.107
62	68	0.028
62	69	0.1
62	70	0.138
62	71	0.047
62	72	0.071
62	73	0.175
62	74	0.102
62	75	0.178
62	76	0.004
62	77	0.017
62	78	0.049
62	79	0.02
62	80	0.06
62	81	0.012
62	82	0.049
62	83	0.051
63	64	0.045
63	65	0.09
63	66	0.117
63	67	0.063
63	68	0.104
63	69	0.075
63	70	0.035
63	71	0.025
63	72	0.081
63	73	0.09
63	74	0.065
63	75	0.101
63	76	0.03
63	77	0.018
63	78	0.016
63	79	0.147
63	80	0.054
63	81	0.011
63	82	0.062
63	83	0.04
64	65	0.082
64	66	0.119
64	67	0.149
64	68	0.055
64	69	0.155
64	70	0.097
64	71	0.162
64	72	0.124
64	73	0.096
64	74	0.176
64	75	0.144
64	76	0.12
64	77	0.066
64	78	0.031
64	79	0.097
64	81	0.097
64	82	0.018
64	83	0.036
65	66	0.051
65	67	0.068
65	68	0.026
65	69	0.007
65	70	0.092
65	71	0.038
65	72	0.095
65	73	0.067
65	74	0.053
65	75	0.111
65	76	0.142
65	77	0.078
65	78	0.105
65	79	0.079
65	80	0.007
65	81	0.03
65	82	0.062
65	83	0.09
66	67	0.046
66	68	0.078
66	69	0.045
66	70	0.009
66	71	0.038
66	72	0.131
66	73	0.046
66	74	0.046
66	75	0.117
66	76	0.157
66	77	0.036
66	78	0.107
66	79	0.085
66	80	0.127
66	81	0.096
66	82	0.072
66	83	0.121
67	68	0.05
67	69	0.067
67	70	0.121
67	71	0.027
67	72	0.116
67	73	0.017
67	74	0.005
67	75	0.098
67	76	0.089
67	77	0.043
67	78	0.105
67	79	0.111
67	80	0.122
67	81	0.144
67	82	0.078
67	83	0.141
68	69	0.017
68	70	0.02
68	71	0.048
68	72	0.04
68	73	0.073
68	74	0.024
68	75	0.03
68	76	0.044
68	77	0.081
68	78	0.077
68	79	0.188
68	80	0.102
68	81	0.063
68	82	0.006
68	83	0.098
69	70	0.059
69	71	0.058
69	72	0.002
69	73	0.022
69	74	0.036
69	75	0.062
69	76	0.01
69	77	0.054
69	78	0.001
69	79	0.075
69	80	0.1
69	81	0.048
69	82	0.091
69	83	0.015
70	71	0.031
70	72	0.095
70	73	0.109
70	74	0.171
70	75	0.145
70	76	0.064
70	77	0.037
70	78	0.047
70	79	0.02
70	80	0.144
70	81	0.074
70	82	0.024
70	83	0.089
71	72	0.068
71	73	0.136
71	74	0.032
71	75	0.032
71	76	0.114
71	77	0.012
71	78	0.015
71	79	0.026
71	80	0.045
71	81	0.071
71	82	0.095
71	83	0.006
72	73	0.135
72	74	0.177
72	75	0.157
72	76	0.12
72	77	0.051
72	78	0.121
72	79	0.342
72	80	0.08
72	81	0.023
72	82	0.024
72	83	0.117
73	74	0.033
73	75	0.015
73	76	0.038
73	77	0.123
73	78	0.064
73	79	0.112
73	80	0.01
73	81	0.153
73	82	0.021
73	83	0.017
74	75	0.028
74	76	0.093
74	77	0.089
74	78	0.082
74	79	0.097
74	80	0.081
74	81	0.038
74	82	0.003
74	83	0.069
75	76	0.1
75	77	0.091
75	78	0.14
75	79	0.05
75	80	0.157
75	81	0.019
75	82	0.081
75	83	0.07
76	77	0.005
76	78	0.047
76	79	0.05
76	80	0.028
76	81	0.013
76	82	0.009
76	83	0.064
77	78	0.029
77	79	0.089
77	80	0.01
77	81	0.042
77	82	0.009
77	83	0.039
78	79	0.116
78	80	0.113
78	81	0.092
78	82	0.131
78	83	0.089
79	80	0.058
79	81	0.134
79	82	0.101
79	83	0.031
80	81	0.077
80	82	0.049
80	83	0.041
81	82	0.148
81	83	0.003
82	83	0.045
#subnet edge score	237.8869999999999