1	7	n/a
1	8	n/a
1	14	n/a
1	17	n/a
1	23	n/a
1	29	n/a
1	30	n/a
2	9	n/a
2	13	n/a
2	17	n/a
2	22	n/a
2	24	n/a
2	25	n/a
2	26	n/a
2	27	n/a
2	31	n/a
2	36	n/a
2	37	n/a
2	38	n/a
2	42	n/a
2	51	n/a
2	62	n/a
2	75	n/a
2	76	n/a
2	80	n/a
3	7	n/a
3	8	n/a
3	14	n/a
3	17	n/a
3	19	0.115388993684338
3	21	n/a
3	23	n/a
3	26	0.03795941344300695
3	27	0.10090141164136017
3	28	n/a
3	30	n/a
3	34	0.14247165582839388
3	36	n/a
3	37	0.10263375806953766
3	38	0.09198260067915798
3	39	n/a
3	51	n/a
3	52	n/a
3	76	0.08801781969273799
4	9	n/a
4	10	n/a
4	12	n/a
4	15	n/a
4	20	n/a
4	24	n/a
4	28	n/a
5	6	n/a
5	9	n/a
5	12	n/a
5	15	n/a
5	24	n/a
5	32	n/a
5	34	n/a
5	36	n/a
5	40	n/a
5	41	n/a
6	7	n/a
6	8	n/a
6	10	n/a
6	12	n/a
6	14	n/a
6	15	n/a
6	20	n/a
6	28	n/a
6	32	n/a
6	36	n/a
6	40	n/a
6	41	n/a
7	8	n/a
7	9	n/a
7	10	n/a
7	14	n/a
7	15	n/a
7	17	n/a
7	21	n/a
7	23	n/a
7	24	n/a
7	28	n/a
7	29	n/a
7	30	n/a
7	33	n/a
7	34	n/a
7	36	n/a
7	38	n/a
7	39	n/a
7	40	n/a
7	41	n/a
8	10	n/a
8	12	n/a
8	14	n/a
8	15	n/a
8	17	n/a
8	23	n/a
8	26	n/a
8	28	n/a
8	29	n/a
8	30	n/a
8	32	n/a
8	36	n/a
8	40	n/a
8	41	n/a
9	10	n/a
9	12	n/a
9	15	n/a
9	20	n/a
9	22	n/a
9	24	n/a
9	25	n/a
9	27	n/a
9	28	n/a
9	36	n/a
9	40	n/a
9	42	n/a
9	58	n/a
9	73	n/a
9	77	n/a
10	12	n/a
10	14	n/a
10	15	n/a
10	20	n/a
10	24	n/a
10	28	n/a
10	29	n/a
10	34	n/a
10	36	n/a
10	38	n/a
10	40	n/a
10	41	n/a
11	13	0.0052486044170290385
11	17	n/a
11	18	0.0807588312292798
11	19	0.11935474830777029
11	25	0.15226051674500837
11	26	0.10942313566587723
11	27	0.15776961181118138
11	31	0.08535535170641355
11	34	0.04538786586681799
11	37	0.022112348888309357
11	38	0.05330764157174202
11	42	8.855755745429552E-4
11	49	0.14233783426093544
11	62	0.0977532691838157
11	76	0.0740271320666845
11	80	n/a
12	14	n/a
12	15	n/a
12	20	n/a
12	24	n/a
12	28	n/a
12	36	n/a
12	40	n/a
12	41	n/a
13	25	0.1194060839445049
13	26	0.1179996470238439
13	27	0.06971916018760653
13	31	0.0861925215310264
13	32	n/a
13	34	0.07757849783276384
13	36	n/a
13	37	0.026180688106188354
13	38	0.03480801412162155
13	41	n/a
13	42	0.13912582404851737
13	44	0.0389730430953427
13	49	0.005424226421920277
13	60	0.005803341488688608
13	62	0.004993977782075466
13	74	0.09585678482928897
13	75	0.018637458885504676
13	76	0.047515353715671914
13	80	n/a
14	17	n/a
14	23	n/a
14	26	n/a
14	28	n/a
14	29	n/a
14	30	n/a
14	32	n/a
14	34	n/a
14	36	n/a
14	40	n/a
14	41	n/a
15	20	n/a
15	24	n/a
15	27	n/a
15	28	n/a
15	32	n/a
15	36	n/a
15	40	n/a
16	21	n/a
16	22	n/a
16	23	n/a
16	24	n/a
16	27	n/a
16	28	n/a
16	36	n/a
16	37	n/a
16	38	n/a
16	39	n/a
16	65	n/a
16	70	n/a
16	71	n/a
16	72	n/a
16	76	n/a
17	18	n/a
17	19	n/a
17	21	n/a
17	23	n/a
17	26	n/a
17	27	n/a
17	29	n/a
17	30	n/a
17	33	n/a
17	34	n/a
17	36	n/a
17	37	n/a
17	38	n/a
17	39	n/a
17	76	n/a
18	19	0.008803673076032388
18	26	0.006285002698340614
18	27	0.1923704983118181
18	31	0.14527172791140755
18	34	0.006238531774442272
18	36	n/a
18	37	0.08771226023752808
18	38	0.028160674032001606
18	75	0.04602213160707178
18	76	0.055131980586854056
18	80	n/a
19	23	n/a
19	26	0.09229865444633475
19	27	0.1387855455151017
19	34	0.05426371959757337
19	36	n/a
19	37	0.05947569239803016
19	38	0.07292157925973902
19	75	0.06921251585813439
19	76	0.0724097804952764
20	24	n/a
20	28	n/a
20	40	n/a
21	22	n/a
21	23	n/a
21	27	n/a
21	28	n/a
21	29	n/a
21	30	n/a
21	33	n/a
21	34	n/a
21	36	n/a
21	37	n/a
21	38	n/a
21	39	n/a
21	40	n/a
21	65	n/a
22	23	n/a
22	24	n/a
22	25	n/a
22	27	n/a
22	28	n/a
22	36	n/a
22	38	n/a
22	42	n/a
22	65	n/a
22	71	n/a
22	72	n/a
22	73	n/a
22	76	n/a
23	26	n/a
23	27	n/a
23	28	n/a
23	29	n/a
23	30	n/a
23	33	n/a
23	34	n/a
23	36	n/a
23	37	n/a
23	38	n/a
23	39	n/a
23	40	n/a
23	65	n/a
23	71	n/a
23	72	n/a
23	76	n/a
24	25	n/a
24	27	n/a
24	28	n/a
24	29	n/a
24	33	n/a
24	36	n/a
24	38	n/a
24	39	n/a
24	40	n/a
24	43	n/a
24	47	n/a
24	58	n/a
24	65	n/a
24	71	n/a
24	73	n/a
24	77	n/a
25	26	0.09998655350980894
25	27	0.005283253656411133
25	31	0.024825837851937156
25	37	0.026718979113726272
25	38	0.12066007295537459
25	42	0.062407494777040905
25	49	0.059040243136259794
25	62	0.08612391250292054
25	74	0.013523870135642999
25	75	0.026602017000869387
25	76	0.0273893828735713
25	80	n/a
26	27	0.13166072200028855
26	31	0.05187102496147469
26	34	0.07412284352828248
26	36	n/a
26	37	0.12268752555376786
26	38	0.08141625788937992
26	39	n/a
26	42	0.04813627745677294
26	44	0.04549073016182652
26	51	n/a
26	62	0.06556393870435655
26	67	n/a
26	68	n/a
26	74	0.06474342120220525
26	75	0.0542549843999831
26	76	0.04894817487721525
26	80	n/a
27	28	n/a
27	31	0.10228059716842768
27	34	0.15941503302090845
27	36	n/a
27	37	0.07979441723991884
27	38	0.061075977305554106
27	39	n/a
27	40	n/a
27	42	0.11750661163025848
27	43	n/a
27	44	0.029911103231426282
27	45	n/a
27	46	n/a
27	51	n/a
27	52	n/a
27	62	0.03899913560292682
27	65	n/a
27	66	n/a
27	67	n/a
27	68	n/a
27	71	n/a
27	72	n/a
27	74	0.04321066931538369
27	75	0.025417562753564035
27	76	0.084392814275385
27	80	n/a
28	29	n/a
28	30	n/a
28	33	n/a
28	34	n/a
28	36	n/a
28	38	n/a
28	39	n/a
28	40	n/a
28	41	n/a
28	43	n/a
28	58	n/a
28	73	n/a
28	77	n/a
29	30	n/a
29	32	n/a
29	33	n/a
29	34	n/a
29	36	n/a
29	38	n/a
29	40	n/a
29	41	n/a
30	33	n/a
30	34	n/a
30	36	n/a
30	38	n/a
30	39	n/a
31	34	0.09278286811415173
31	37	0.052451875277173515
31	38	0.01922358920434725
31	42	0.014972220536427815
31	44	0.06469956943255324
31	60	0.02610300665546627
31	62	0.021383009708197676
31	74	0.008738095474248777
31	75	0.02530440912256189
31	76	0.0052397094418722
31	80	n/a
32	34	n/a
32	36	n/a
32	40	n/a
32	41	n/a
33	34	n/a
33	38	n/a
34	36	n/a
34	37	0.042742201503191295
34	38	0.10036579995351352
34	40	n/a
34	41	n/a
34	42	0.0528986397457465
35	36	n/a
35	39	n/a
35	43	n/a
35	46	n/a
35	84	n/a
36	37	n/a
36	38	n/a
36	39	n/a
36	40	n/a
36	41	n/a
36	42	n/a
36	43	n/a
36	73	n/a
36	76	n/a
36	77	n/a
36	84	n/a
37	38	0.04789081066442985
37	39	n/a
37	40	n/a
37	42	0.0426599900297704
37	49	0.1730198576376441
37	62	0.03134156530898435
37	75	0.02752264571902813
37	76	0.045960262949960425
37	80	n/a
38	39	n/a
38	40	n/a
38	41	n/a
38	42	0.03107157465064071
38	76	0.0680246175941001
39	40	n/a
39	41	n/a
39	76	n/a
39	84	n/a
40	41	n/a
40	73	n/a
40	77	n/a
42	44	9.753057513691392E-4
42	45	n/a
42	49	0.08774796443708065
42	60	0.2298220387869176
42	62	0.1027667260266768
42	74	0.02040891310112449
43	44	n/a
43	45	n/a
43	46	n/a
43	47	n/a
43	48	n/a
43	49	n/a
43	51	n/a
43	52	n/a
43	55	n/a
43	56	n/a
43	57	n/a
43	58	n/a
43	59	n/a
43	61	n/a
43	63	n/a
43	64	n/a
43	65	n/a
43	66	n/a
43	67	n/a
43	68	n/a
43	70	n/a
43	71	n/a
43	72	n/a
43	73	n/a
43	75	n/a
43	76	n/a
43	77	n/a
43	78	n/a
43	79	n/a
43	80	n/a
43	81	n/a
43	83	n/a
43	84	n/a
44	45	n/a
44	46	n/a
44	49	0.16464998479555154
44	51	n/a
44	52	n/a
44	60	0.03294648204327303
44	62	0.05514900431028364
44	65	n/a
44	66	n/a
44	67	n/a
44	68	n/a
44	70	n/a
44	72	n/a
44	74	0.06997592898160103
44	75	0.06196081445748054
44	76	0.1051132470217932
44	80	n/a
44	84	n/a
45	46	n/a
45	47	n/a
45	48	n/a
45	49	n/a
45	51	n/a
45	52	n/a
45	56	n/a
45	59	n/a
45	60	n/a
45	62	n/a
45	63	n/a
45	65	n/a
45	66	n/a
45	67	n/a
45	68	n/a
45	70	n/a
45	72	n/a
45	73	n/a
45	74	n/a
45	75	n/a
45	76	n/a
45	77	n/a
45	78	n/a
45	79	n/a
45	80	n/a
45	82	n/a
45	83	n/a
46	47	n/a
46	48	n/a
46	52	n/a
46	56	n/a
46	65	n/a
46	70	n/a
46	72	n/a
46	73	n/a
46	75	n/a
46	76	n/a
46	77	n/a
46	83	n/a
46	84	n/a
47	48	n/a
47	54	n/a
47	55	n/a
47	56	n/a
47	57	n/a
47	58	n/a
47	59	n/a
47	61	n/a
47	63	n/a
47	64	n/a
47	69	n/a
47	70	n/a
47	72	n/a
47	73	n/a
47	76	n/a
47	77	n/a
47	78	n/a
47	81	n/a
47	83	n/a
48	54	n/a
48	55	n/a
48	56	n/a
48	57	n/a
48	59	n/a
48	60	n/a
48	61	n/a
48	63	n/a
48	64	n/a
48	77	n/a
48	78	n/a
48	81	n/a
48	83	n/a
48	84	n/a
49	51	n/a
49	58	n/a
49	60	0.08847331696339623
49	62	0.0783277994096676
49	71	n/a
49	74	0.15469527761005483
49	75	0.10046190708624228
49	76	0.01752562251879579
49	80	n/a
49	83	n/a
50	56	n/a
50	57	n/a
50	63	n/a
50	77	n/a
50	78	n/a
50	79	n/a
50	83	n/a
51	58	n/a
51	62	n/a
51	66	n/a
51	71	n/a
51	73	n/a
51	74	n/a
51	75	n/a
51	76	n/a
52	56	n/a
52	57	n/a
52	63	n/a
52	66	n/a
52	68	n/a
52	70	n/a
52	72	n/a
52	75	n/a
52	76	n/a
52	77	n/a
53	58	n/a
53	59	n/a
53	61	n/a
53	64	n/a
53	69	n/a
53	73	n/a
53	77	n/a
54	55	n/a
54	58	n/a
54	61	n/a
54	64	n/a
54	73	n/a
54	81	n/a
54	83	n/a
55	56	n/a
55	57	n/a
55	59	n/a
55	61	n/a
55	63	n/a
55	64	n/a
55	69	n/a
55	77	n/a
55	81	n/a
56	57	n/a
56	58	n/a
56	59	n/a
56	63	n/a
56	64	n/a
56	66	n/a
56	68	n/a
56	70	n/a
56	72	n/a
56	73	n/a
56	75	n/a
56	77	n/a
56	78	n/a
56	79	n/a
56	82	n/a
56	83	n/a
57	59	n/a
57	61	n/a
57	63	n/a
57	64	n/a
57	72	n/a
57	75	n/a
57	77	n/a
57	78	n/a
57	79	n/a
57	81	n/a
57	83	n/a
58	59	n/a
58	61	n/a
58	64	n/a
58	69	n/a
58	71	n/a
58	73	n/a
58	74	n/a
58	76	n/a
58	77	n/a
58	78	n/a
59	61	n/a
59	63	n/a
59	64	n/a
59	69	n/a
59	73	n/a
59	77	n/a
59	78	n/a
59	83	n/a
60	62	0.03953832945052505
60	66	n/a
60	67	n/a
60	68	n/a
60	74	0.10691259756503468
60	75	0.049985583089863755
60	76	0.1708429113288186
60	78	n/a
60	80	n/a
60	81	n/a
60	83	n/a
61	63	n/a
61	64	n/a
61	69	n/a
61	73	n/a
61	77	n/a
61	78	n/a
61	83	n/a
62	74	0.10787168971852198
62	75	0.05332580249001661
62	76	0.07281345427424987
62	80	n/a
62	83	n/a
63	66	n/a
63	68	n/a
63	72	n/a
63	75	n/a
63	77	n/a
63	78	n/a
63	79	n/a
63	81	n/a
63	83	n/a
64	69	n/a
64	71	n/a
64	73	n/a
64	76	n/a
64	77	n/a
65	70	n/a
65	71	n/a
65	72	n/a
65	73	n/a
65	76	n/a
65	77	n/a
66	67	n/a
66	68	n/a
66	70	n/a
66	72	n/a
66	75	n/a
66	76	n/a
66	77	n/a
66	79	n/a
66	83	n/a
67	68	n/a
67	72	n/a
67	75	n/a
67	76	n/a
67	79	n/a
67	80	n/a
67	83	n/a
68	72	n/a
68	75	n/a
68	76	n/a
68	79	n/a
68	83	n/a
69	73	n/a
69	77	n/a
70	71	n/a
70	72	n/a
70	76	n/a
70	77	n/a
70	79	n/a
70	82	n/a
70	83	n/a
71	72	n/a
71	73	n/a
71	74	n/a
71	76	n/a
71	77	n/a
72	75	n/a
72	76	n/a
72	77	n/a
72	79	n/a
72	83	n/a
73	74	n/a
73	76	n/a
73	77	n/a
73	78	n/a
73	82	n/a
74	75	0.08597161865403097
74	76	n/a
74	80	n/a
75	76	0.047057010118893176
75	79	n/a
75	80	n/a
75	83	n/a
76	77	n/a
76	80	n/a
76	83	n/a
77	78	n/a
77	79	n/a
77	82	n/a
77	83	n/a
78	79	n/a
78	81	n/a
78	82	n/a
78	83	n/a
79	82	n/a
79	83	n/a
80	83	n/a
81	83	n/a
82	83	n/a
#subnet edge score	9.032093799662338