1	7	n/a
1	8	n/a
1	14	n/a
1	23	n/a
1	29	n/a
1	30	n/a
2	9	n/a
2	13	n/a
2	22	n/a
2	24	n/a
2	25	n/a
2	26	n/a
2	27	n/a
2	31	n/a
2	36	n/a
2	37	n/a
2	38	n/a
2	42	n/a
2	51	n/a
2	76	n/a
3	7	n/a
3	8	n/a
3	17	n/a
3	21	n/a
3	23	n/a
3	26	n/a
3	27	n/a
3	36	n/a
3	37	n/a
3	38	n/a
3	39	n/a
3	52	n/a
3	76	n/a
4	9	n/a
4	10	n/a
4	12	n/a
4	15	n/a
4	20	n/a
4	24	n/a
4	28	n/a
5	6	n/a
5	12	n/a
5	15	n/a
5	24	n/a
5	32	n/a
5	34	n/a
5	40	n/a
5	41	n/a
6	7	n/a
6	8	n/a
6	10	n/a
6	12	n/a
6	15	n/a
6	28	n/a
6	32	n/a
6	40	n/a
6	41	n/a
7	8	n/a
7	10	n/a
7	14	n/a
7	23	n/a
7	24	n/a
7	28	n/a
7	29	n/a
7	30	n/a
7	33	n/a
7	36	n/a
7	38	n/a
8	10	n/a
8	12	n/a
8	14	n/a
8	17	n/a
8	23	n/a
8	28	n/a
8	30	n/a
8	32	n/a
8	40	n/a
8	41	n/a
9	10	n/a
9	12	n/a
9	15	n/a
9	20	n/a
9	22	n/a
9	24	n/a
9	27	n/a
9	28	n/a
9	36	n/a
9	40	n/a
9	58	n/a
9	73	n/a
9	77	n/a
10	12	n/a
10	14	n/a
10	15	n/a
10	20	n/a
10	28	n/a
10	29	n/a
10	34	n/a
10	36	n/a
10	40	n/a
10	41	n/a
11	13	0.0641115969442268
11	17	n/a
11	18	0.07647210010019757
11	19	0.1735751334997436
11	25	0.025683353576408614
11	26	0.08414812459441723
11	27	0.03761150513510094
11	31	0.09144691969223348
11	34	0.13040243532402535
11	37	0.11918258598196545
11	38	0.058412530947848026
11	42	0.03758129991899803
11	49	0.01749344144809184
11	62	0.11372194357106714
11	80	0.06587887747227922
12	15	n/a
12	20	n/a
12	24	n/a
12	28	n/a
12	40	n/a
13	25	0.08057741700688704
13	26	0.06478690049358267
13	27	0.1922923942943191
13	31	0.02144745873878516
13	34	0.03993175145088345
13	36	0.21614732121878244
13	37	0.0015385033834714073
13	38	0.07610603598194396
13	41	n/a
13	42	0.051350146560102804
13	44	n/a
13	49	0.023915205335262542
13	62	0.0788973983822598
13	74	0.053977434179075266
13	75	0.18970921437324054
13	76	0.023282918554508356
13	80	0.09894903715029417
14	17	n/a
14	23	n/a
14	28	n/a
14	29	n/a
14	30	n/a
14	32	n/a
14	34	n/a
14	41	n/a
15	20	n/a
15	24	n/a
15	28	n/a
15	36	n/a
15	40	n/a
16	21	n/a
16	22	n/a
16	23	n/a
16	24	n/a
16	27	n/a
16	28	n/a
16	36	n/a
16	38	n/a
16	39	n/a
16	65	n/a
16	71	n/a
16	72	n/a
16	76	n/a
17	18	n/a
17	19	n/a
17	21	n/a
17	23	n/a
17	26	n/a
17	27	n/a
17	29	n/a
17	30	n/a
17	34	n/a
17	36	n/a
17	37	n/a
17	38	n/a
17	76	n/a
18	19	0.04633436853589639
18	26	0.05328374292380793
18	27	0.052470277574210855
18	31	0.11102929591193549
18	34	0.18577789018083132
18	36	0.02438871479585998
18	37	0.006314676612503357
18	38	0.09478122144520194
18	75	0.054349279871922083
18	76	0.06371345368891974
19	26	0.02651696084518593
19	27	0.05388602186842675
19	34	0.023169946407844384
19	36	0.0683133446821332
19	37	0.14546428308667295
19	38	0.13093765455564071
19	76	0.11641080737297808
20	24	n/a
20	28	n/a
21	23	n/a
21	28	n/a
21	30	n/a
21	33	n/a
21	34	n/a
21	36	n/a
21	37	n/a
21	38	n/a
21	39	n/a
21	40	n/a
22	23	n/a
22	24	n/a
22	25	n/a
22	27	n/a
22	28	n/a
22	65	n/a
22	71	n/a
22	72	n/a
22	76	n/a
23	27	n/a
23	28	n/a
23	29	n/a
23	30	n/a
23	34	n/a
23	36	n/a
23	37	n/a
23	38	n/a
23	39	n/a
23	40	n/a
23	65	n/a
23	71	n/a
23	72	n/a
23	76	n/a
24	27	n/a
24	28	n/a
24	33	n/a
24	36	n/a
24	40	n/a
24	58	n/a
24	71	n/a
24	73	n/a
24	77	n/a
25	26	0.04375043736685549
25	27	0.009302104220675938
25	31	0.05982800190816585
25	42	0.1446781160137943
25	49	0.010143847289037403
25	62	0.09933608208653268
25	74	0.09444664707137668
25	75	0.1917420758350857
25	76	0.004207862541936106
25	80	0.08572647312441638
26	27	0.02400430508783064
26	31	0.025374848752597552
26	34	0.142377120195921
26	36	0.07878579120721123
26	37	0.07608243349590615
26	38	0.06843357650392459
26	39	n/a
26	42	0.06830306549692976
26	51	0.22281070336907657
26	62	0.027337473840544746
26	67	n/a
26	74	0.09749651298735118
26	75	0.13473951405143844
26	76	0.03246361204905819
26	80	0.017546748975532274
27	28	n/a
27	31	0.16283061896487183
27	34	0.10894376292478337
27	36	0.07113657681116083
27	37	0.06639575957976764
27	38	0.14493960637946018
27	39	n/a
27	43	n/a
27	44	n/a
27	45	n/a
27	46	n/a
27	51	0.0076008491750390456
27	52	n/a
27	62	0.05164079557763686
27	65	n/a
27	66	n/a
27	67	n/a
27	68	n/a
27	71	n/a
27	72	n/a
27	74	0.008198021937507688
27	75	0.045778572962504004
27	76	0.20341453301653264
27	80	0.057107793701925307
28	29	n/a
28	30	n/a
28	33	n/a
28	34	n/a
28	36	n/a
28	38	n/a
28	39	n/a
28	40	n/a
28	58	n/a
28	73	n/a
28	77	n/a
29	30	n/a
29	32	n/a
29	33	n/a
29	34	n/a
29	41	n/a
30	33	n/a
30	34	n/a
30	36	n/a
30	38	n/a
31	34	0.0944571967368772
31	37	0.004715415385222905
31	38	0.11849828319441673
31	62	0.0015111020405228338
31	74	0.034128034164543374
31	75	0.08995124457433014
31	76	0.014258063728696443
31	80	0.10860308494922367
32	34	n/a
32	36	n/a
32	40	n/a
32	41	n/a
33	34	n/a
33	38	n/a
34	36	0.24330622049209696
34	38	0.04348000130439646
34	41	n/a
34	42	0.02791168858997804
35	36	n/a
35	39	n/a
35	46	n/a
35	84	n/a
36	37	0.1017953278355964
36	38	0.11693394722810926
36	39	n/a
36	40	n/a
36	41	n/a
36	42	0.05535700114768991
36	76	0.0063016861072859795
36	84	n/a
37	38	0.055671220603280426
37	39	n/a
37	42	0.10881427022064008
37	76	0.11052912380881352
38	39	n/a
38	41	n/a
38	42	0.05236315214253069
38	76	0.09242278023548946
39	40	n/a
39	41	n/a
39	76	n/a
39	84	n/a
40	41	n/a
42	44	n/a
42	49	0.1094151478392043
42	62	0.1015430957193426
43	44	n/a
43	45	n/a
43	46	n/a
43	47	n/a
43	48	n/a
43	49	n/a
43	51	n/a
43	52	n/a
43	56	n/a
43	58	n/a
43	59	n/a
43	64	n/a
43	65	n/a
43	67	n/a
43	68	n/a
43	70	n/a
43	71	n/a
43	72	n/a
43	73	n/a
43	75	n/a
43	76	n/a
43	77	n/a
43	81	n/a
43	83	n/a
43	84	n/a
44	45	n/a
44	46	n/a
44	49	n/a
44	51	n/a
44	52	n/a
44	60	n/a
44	62	n/a
44	66	n/a
44	67	n/a
44	68	n/a
44	70	n/a
44	72	n/a
44	75	n/a
44	76	n/a
44	80	n/a
45	46	n/a
45	48	n/a
45	49	n/a
45	51	n/a
45	52	n/a
45	56	n/a
45	59	n/a
45	60	n/a
45	62	n/a
45	66	n/a
45	67	n/a
45	68	n/a
45	70	n/a
45	72	n/a
45	73	n/a
45	75	n/a
45	76	n/a
45	77	n/a
45	78	n/a
45	79	n/a
45	80	n/a
45	82	n/a
45	83	n/a
46	47	n/a
46	48	n/a
46	52	n/a
46	65	n/a
46	70	n/a
46	72	n/a
46	75	n/a
46	76	n/a
46	77	n/a
46	84	n/a
47	48	n/a
47	54	n/a
47	55	n/a
47	56	n/a
47	57	n/a
47	58	n/a
47	59	n/a
47	61	n/a
47	63	n/a
47	64	n/a
47	72	n/a
47	73	n/a
47	77	n/a
47	81	n/a
48	54	n/a
48	55	n/a
48	57	n/a
48	59	n/a
48	63	n/a
48	77	n/a
48	78	n/a
48	81	n/a
48	83	n/a
49	51	0.3016588470867332
49	60	n/a
49	62	0.06849191702825233
49	74	0.09604141864764047
49	80	0.1059968489672424
49	83	n/a
50	56	n/a
50	57	n/a
50	63	n/a
50	77	n/a
50	78	n/a
50	79	n/a
51	58	n/a
51	62	0.08819329322036093
51	71	n/a
51	73	n/a
51	74	0.12887211054794517
51	75	0.2717310596518437
51	76	0.032455148216960356
52	56	n/a
52	57	n/a
52	66	n/a
52	68	n/a
52	72	n/a
52	75	n/a
52	76	n/a
52	77	n/a
53	58	n/a
53	59	n/a
53	61	n/a
53	69	n/a
53	73	n/a
53	77	n/a
54	55	n/a
54	64	n/a
54	73	n/a
54	81	n/a
54	83	n/a
55	56	n/a
55	57	n/a
55	59	n/a
55	61	n/a
55	64	n/a
55	77	n/a
55	81	n/a
56	57	n/a
56	59	n/a
56	63	n/a
56	66	n/a
56	70	n/a
56	72	n/a
56	73	n/a
56	77	n/a
56	78	n/a
56	79	n/a
56	82	n/a
56	83	n/a
57	59	n/a
57	61	n/a
57	63	n/a
57	64	n/a
57	77	n/a
57	79	n/a
57	81	n/a
58	59	n/a
58	61	n/a
58	64	n/a
58	71	n/a
58	73	n/a
58	76	n/a
58	77	n/a
59	61	n/a
59	63	n/a
59	64	n/a
59	69	n/a
59	77	n/a
59	78	n/a
59	83	n/a
60	62	n/a
60	67	n/a
60	68	n/a
60	74	n/a
60	75	n/a
60	80	n/a
60	83	n/a
61	64	n/a
61	69	n/a
61	73	n/a
61	77	n/a
62	74	0.1319368088138189
62	75	0.11798031091547857
62	76	0.04899187276773536
62	80	0.04884889124819179
62	83	n/a
63	75	n/a
63	77	n/a
63	78	n/a
63	79	n/a
63	81	n/a
63	83	n/a
64	69	n/a
64	73	n/a
64	77	n/a
65	70	n/a
65	71	n/a
65	72	n/a
65	73	n/a
65	76	n/a
65	77	n/a
66	67	n/a
66	68	n/a
66	70	n/a
66	72	n/a
66	75	n/a
66	76	n/a
66	79	n/a
66	83	n/a
67	68	n/a
67	75	n/a
67	76	n/a
67	80	n/a
67	83	n/a
68	72	n/a
68	75	n/a
68	76	n/a
68	79	n/a
68	83	n/a
69	73	n/a
69	77	n/a
70	72	n/a
70	77	n/a
70	79	n/a
70	82	n/a
70	83	n/a
71	72	n/a
71	73	n/a
71	74	n/a
71	76	n/a
71	77	n/a
72	75	n/a
72	76	n/a
72	77	n/a
72	79	n/a
72	83	n/a
73	76	n/a
73	77	n/a
73	78	n/a
73	82	n/a
74	75	0.152818931312412
74	76	0.02629518124048146
74	80	0.12486911601483072
75	76	0.08270330471258333
75	80	0.04668089964799301
75	83	n/a
76	80	0.10490034759501665
76	83	n/a
77	78	n/a
77	79	n/a
77	82	n/a
77	83	n/a
78	79	n/a
78	81	n/a
78	82	n/a
78	83	n/a
79	82	n/a
79	83	n/a
80	83	n/a
81	83	n/a
82	83	n/a
#subnet edge score	9.92411056585617