1	7	n/a
1	8	n/a
1	10	n/a
1	14	n/a
1	17	n/a
1	21	n/a
1	23	n/a
1	29	n/a
1	30	n/a
1	34	n/a
2	9	n/a
2	13	n/a
2	17	n/a
2	22	n/a
2	24	n/a
2	25	n/a
2	26	n/a
2	27	n/a
2	36	n/a
2	37	n/a
2	38	n/a
2	44	n/a
2	51	n/a
2	52	n/a
2	62	n/a
2	74	n/a
2	75	n/a
2	76	n/a
3	6	0.018946144336488835
3	7	0.024968129751680744
3	8	n/a
3	14	0.026195199297484244
3	17	n/a
3	19	n/a
3	21	0.17923621575463153
3	23	0.17336617431389617
3	24	0.13337249585155206
3	26	0.020678946834685248
3	27	0.1245636466591
3	28	0.22814909745737028
3	29	0.008205293653310233
3	30	0.0817207420962936
3	34	0.09784264140259474
3	36	0.082535911820967
3	37	n/a
3	38	0.022733957090246462
3	39	0.035765164813558084
3	40	0.08864992381479783
3	43	0.1307693785093744
3	44	n/a
3	45	0.08696851347679889
3	51	n/a
3	52	n/a
3	65	n/a
3	66	n/a
3	72	n/a
3	73	0.0074479141605088995
3	75	n/a
3	76	0.01442134908778086
3	77	0.060116714272780286
4	6	0.07614180882709813
4	7	0.09586036120117712
4	8	n/a
4	9	0.058822878291344555
4	10	0.09668284279210211
4	12	0.024344977264890134
4	14	0.08424625513231798
4	15	n/a
4	20	0.12405190672793467
4	24	0.28011234022126225
4	28	0.0396455253126908
4	34	0.07930476464685099
4	36	0.12949126360414806
4	38	0.17803777600362455
4	40	0.0074654311616642105
4	47	n/a
4	53	n/a
4	58	0.04374107763843792
4	61	n/a
4	73	0.02057860678877475
4	77	0.06357510826710962
5	6	n/a
5	15	n/a
5	32	n/a
5	40	n/a
5	41	n/a
6	7	0.03749109333923865
6	8	n/a
6	9	0.03568389924475149
6	10	0.16755190480503218
6	12	0.03159577647734806
6	14	0.16277060512563757
6	15	n/a
6	20	0.13747087411381556
6	23	0.11554623645674719
6	24	0.0063130830131379575
6	28	0.029857947376917708
6	29	0.010873351749469738
6	30	0.15559583446514152
6	34	0.09849211572041078
6	36	0.004384375486671131
6	38	0.04067850059658299
6	40	0.07988858742644518
6	41	n/a
6	73	0.10921710584991606
6	77	0.13705924568633335
7	8	n/a
7	9	0.03469942001960422
7	10	0.1965551027068369
7	12	0.03126851075764381
7	14	0.10473021787015602
7	15	n/a
7	17	n/a
7	20	0.04016847723975378
7	21	0.053830889681191374
7	23	0.04089418389382789
7	24	0.022793470957787
7	26	0.03779194697072407
7	27	0.09308887126804422
7	28	0.08067949861501479
7	29	0.05988324181079573
7	30	0.030182905800015012
7	33	n/a
7	34	0.16579603844938287
7	35	n/a
7	36	2.9069874302146384E-4
7	38	0.09094304701206865
7	39	0.13473357862153224
7	40	0.04806769486690835
7	43	0.11932655752006155
7	58	0.15659231548775093
7	59	n/a
7	73	0.03162966481228453
7	76	0.03327322464768431
7	77	0.056699273146684624
8	10	n/a
8	12	n/a
8	14	n/a
8	15	n/a
8	17	n/a
8	19	n/a
8	20	n/a
8	21	n/a
8	23	n/a
8	24	n/a
8	26	n/a
8	27	n/a
8	28	n/a
8	29	n/a
8	30	n/a
8	34	n/a
8	36	n/a
8	38	n/a
8	40	n/a
8	41	n/a
8	73	n/a
8	77	n/a
9	10	0.02200652833873292
9	12	0.31726075829784567
9	14	0.07292002408542266
9	15	n/a
9	20	0.18131571452785528
9	22	0.1780491943576708
9	24	0.03753601068730185
9	25	n/a
9	26	0.002853608991906188
9	27	0.14934638021821464
9	28	0.00469220597469856
9	29	0.0669115964053403
9	30	0.2356793344802386
9	34	0.04870941241996993
9	36	0.09359929112094971
9	37	n/a
9	38	0.003743955470952958
9	40	0.06367617519953102
9	43	0.0073761316844909355
9	45	0.010248784732941774
9	47	n/a
9	53	n/a
9	56	n/a
9	58	0.05803646643795278
9	59	n/a
9	61	n/a
9	69	n/a
9	73	0.0199362856559622
9	76	0.042072832916106806
9	77	0.04241293163310175
9	78	n/a
10	12	0.1758159545706266
10	14	0.08813303451892014
10	15	n/a
10	20	0.06976463330856097
10	24	0.00875491407929656
10	28	0.10695475250974225
10	29	0.029955051043671025
10	30	0.028030350025956708
10	34	0.0888693733123647
10	35	n/a
10	36	0.07552635492027288
10	38	0.15877035407142226
10	40	0.0048071330096791575
10	41	n/a
10	43	0.008525805482871738
10	53	n/a
10	56	n/a
10	58	0.09927996398776202
10	73	0.11256828761174555
10	77	0.0473525055437526
11	13	n/a
11	17	n/a
11	18	n/a
11	19	n/a
11	25	n/a
11	26	n/a
11	27	n/a
11	34	n/a
11	36	n/a
11	37	n/a
11	38	n/a
11	62	n/a
11	75	n/a
11	76	n/a
12	14	0.20339105317286119
12	15	n/a
12	20	0.09345994554033005
12	24	0.1358066056731894
12	28	0.14092559332135193
12	29	0.11493328494320341
12	34	0.06524563554982957
12	36	0.2512520847683371
12	38	0.25449224725994296
12	40	0.15338492397720907
12	41	n/a
12	53	n/a
12	59	n/a
12	73	0.13311965821263377
12	77	0.1909305790302668
13	22	n/a
13	25	n/a
13	26	n/a
13	27	n/a
13	31	n/a
13	34	n/a
13	37	n/a
13	38	n/a
13	44	n/a
13	62	n/a
13	74	n/a
13	75	n/a
13	76	n/a
14	17	n/a
14	19	n/a
14	20	0.14994403086307487
14	21	0.24086304049674864
14	23	0.11389258802029395
14	24	0.0853603393359582
14	26	0.07297360004079541
14	27	0.034018784061682066
14	28	0.048399914020989414
14	29	0.06691620746493127
14	30	0.10089601578383035
14	33	n/a
14	34	0.10644644859631346
14	36	0.02239685127750307
14	38	0.03987824548303504
14	40	0.13050091964302035
14	41	n/a
14	73	0.11871659976951392
14	77	0.06379219797878746
15	20	n/a
15	22	n/a
15	24	n/a
15	27	n/a
15	28	n/a
15	36	n/a
15	40	n/a
15	73	n/a
15	77	n/a
16	21	n/a
16	22	n/a
16	23	n/a
16	24	n/a
16	27	n/a
16	28	n/a
16	34	n/a
16	36	n/a
16	37	n/a
16	38	n/a
16	39	n/a
16	40	n/a
16	45	n/a
16	52	n/a
16	65	n/a
16	70	n/a
16	71	n/a
16	72	n/a
16	73	n/a
16	76	n/a
16	77	n/a
17	18	n/a
17	19	n/a
17	21	n/a
17	23	n/a
17	24	n/a
17	26	n/a
17	27	n/a
17	28	n/a
17	29	n/a
17	30	n/a
17	33	n/a
17	34	n/a
17	36	n/a
17	37	n/a
17	38	n/a
17	39	n/a
17	51	n/a
17	52	n/a
17	72	n/a
17	75	n/a
17	76	n/a
18	19	n/a
18	23	n/a
18	26	n/a
18	27	n/a
18	34	n/a
18	36	n/a
18	37	n/a
18	38	n/a
18	75	n/a
18	76	n/a
19	23	n/a
19	26	n/a
19	27	n/a
19	29	n/a
19	30	n/a
19	34	n/a
19	36	n/a
19	37	n/a
19	38	n/a
19	39	n/a
19	51	n/a
19	75	n/a
19	76	n/a
20	24	0.05176736888294013
20	28	0.09319380914246408
20	29	0.12053356890543163
20	34	0.06649417163732295
20	36	0.22659656201629072
20	38	0.17197507424082373
20	40	0.0828893735125824
20	53	n/a
20	58	0.15057984984538345
20	61	n/a
20	73	0.08760889995654471
20	77	0.15920246660838683
21	22	0.25451587525439034
21	23	0.08374582690205677
21	24	0.04689233432708715
21	26	0.16146396833199006
21	27	0.1282254940357961
21	28	0.03982963012515268
21	29	0.06399518517874384
21	30	0.11417415831360112
21	33	n/a
21	34	0.11635719788152105
21	35	n/a
21	36	0.07812021375812532
21	37	n/a
21	38	0.12234383551236118
21	39	0.15360632239453245
21	40	0.0017132005112306256
21	43	0.09365700477929184
21	45	0.06230523360655727
21	65	n/a
21	70	n/a
21	71	0.129720573510111
21	72	n/a
21	73	0.06642601328260457
21	76	0.03426205483773457
21	77	0.0936111384875502
21	78	n/a
21	79	n/a
21	84	n/a
22	23	0.21571852107579756
22	24	0.03548150305594399
22	25	n/a
22	27	0.23130013401449753
22	28	0.11434948958394138
22	36	0.12613584197761224
22	37	n/a
22	38	0.13756442148208506
22	43	0.06689547420189466
22	52	n/a
22	65	n/a
22	70	n/a
22	71	0.13806047484900583
22	72	n/a
22	73	0.07288713793549755
22	75	n/a
22	76	0.04185252821682179
22	77	0.16234529981571202
23	24	0.04653144473109712
23	26	0.02933260289901399
23	27	0.18303073810140583
23	28	0.037387314213481654
23	29	0.045066077286972844
23	30	0.031121247813338224
23	33	n/a
23	34	0.10834360794636039
23	35	n/a
23	36	0.09658209576314393
23	37	n/a
23	38	0.07242030296209885
23	39	0.10990813456853178
23	40	0.06708283000133403
23	43	0.10658869412806432
23	45	0.02364623399972198
23	46	n/a
23	52	n/a
23	65	n/a
23	70	n/a
23	71	0.11373418715720697
23	72	n/a
23	73	0.060402172202826745
23	76	0.09270317138575916
23	77	0.004414657356406897
23	84	n/a
24	25	n/a
24	26	0.14177836633198515
24	27	0.043179906388181505
24	28	0.04599537745476499
24	29	0.042088989692821946
24	30	0.11892674044627788
24	33	n/a
24	34	0.23420063182069661
24	36	0.06013593956554407
24	37	n/a
24	38	0.024250644103037112
24	39	0.061454128499913385
24	40	0.04477388920115613
24	43	0.06665437559407886
24	45	0.20545359604445282
24	47	n/a
24	51	n/a
24	52	n/a
24	53	n/a
24	55	n/a
24	56	n/a
24	58	0.12836717983162832
24	59	n/a
24	61	n/a
24	63	n/a
24	65	n/a
24	70	n/a
24	71	0.11471163258307468
24	72	n/a
24	73	0.0161928898554942
24	76	0.11325712101877915
24	77	0.011589880775934107
24	78	n/a
24	79	n/a
24	83	n/a
24	84	n/a
25	26	n/a
25	27	n/a
25	31	n/a
25	37	n/a
25	38	n/a
25	44	n/a
25	45	n/a
25	51	n/a
25	62	n/a
25	74	n/a
25	75	n/a
25	76	n/a
26	27	0.02400430508783064
26	28	0.16831395560434576
26	29	0.12580121717769122
26	30	0.07387844405280346
26	31	n/a
26	34	0.142377120195921
26	36	0.07878579120721123
26	37	n/a
26	38	0.06843357650392459
26	39	0.028122267679211194
26	43	0.10920446681426613
26	44	n/a
26	45	0.10625976563501954
26	46	n/a
26	51	n/a
26	52	n/a
26	60	n/a
26	62	n/a
26	66	n/a
26	67	n/a
26	68	n/a
26	71	0.0816995109305007
26	72	n/a
26	73	0.14832304031000873
26	74	n/a
26	75	n/a
26	76	0.03246361204905819
26	80	n/a
26	83	n/a
26	84	n/a
27	28	0.12984726954715825
27	29	0.04302877732719634
27	30	0.07973503771432201
27	31	n/a
27	34	0.10894376292478337
27	35	n/a
27	36	0.07113657681116083
27	37	n/a
27	38	0.14493960637946018
27	39	0.06144779026098271
27	40	0.08650974222821918
27	43	0.029259220193761606
27	44	n/a
27	45	0.04163787774991267
27	46	n/a
27	51	n/a
27	52	n/a
27	56	n/a
27	58	0.16678969575990185
27	60	n/a
27	62	n/a
27	65	n/a
27	66	n/a
27	67	n/a
27	68	n/a
27	70	n/a
27	71	0.08551925594964262
27	72	n/a
27	73	0.027045155199455835
27	74	n/a
27	75	n/a
27	76	0.20341453301653264
27	77	0.044532004373854205
27	79	n/a
27	80	n/a
27	83	n/a
27	84	n/a
28	29	0.05468699217541618
28	30	0.07764965501254836
28	33	n/a
28	34	0.1659282992278862
28	35	n/a
28	36	0.007656527948017115
28	37	n/a
28	38	0.05672324691711741
28	39	0.027098141402219635
28	40	0.02572713572143841
28	41	n/a
28	43	0.11841966621875756
28	45	0.194035087654207
28	47	n/a
28	52	n/a
28	53	n/a
28	55	n/a
28	56	n/a
28	57	n/a
28	58	0.14385390320176972
28	59	n/a
28	61	n/a
28	63	n/a
28	65	n/a
28	69	n/a
28	70	n/a
28	71	0.04372800720939925
28	72	n/a
28	73	0.05926988476666409
28	76	0.047701804313776505
28	77	0.025566912593553703
28	78	n/a
28	79	n/a
28	83	n/a
28	84	n/a
29	30	0.11041079440266655
29	32	n/a
29	33	n/a
29	34	0.05740095267380806
29	36	0.01395325375614033
29	38	0.19434709627152802
29	40	0.06970797082227098
29	43	0.14938142627889034
29	73	0.09717914574106237
29	77	0.00576917915892135
30	33	n/a
30	34	0.040507880270780755
30	36	0.12883260430360685
30	38	0.19574850974154934
30	39	0.1270883157047346
30	40	0.09868872314907803
30	76	0.06432456274153558
31	37	n/a
31	38	n/a
31	62	n/a
31	75	n/a
31	76	n/a
31	80	n/a
32	34	n/a
32	36	n/a
32	41	n/a
33	34	n/a
33	38	n/a
34	36	0.24330622049209696
34	37	n/a
34	38	0.04348000130439646
34	39	0.19074530300438786
34	40	0.017984500436086178
34	41	n/a
34	43	0.2203621258767039
34	73	0.23862732608365508
34	75	n/a
34	76	0.1263469113672617
34	77	0.2110642465532846
35	36	n/a
35	37	n/a
35	38	n/a
35	39	n/a
35	41	n/a
35	43	n/a
35	44	n/a
35	46	n/a
35	72	n/a
35	76	n/a
35	77	n/a
35	84	n/a
36	37	n/a
36	38	0.11693394722810926
36	39	0.11705836667215942
36	40	0.012927011327469701
36	41	n/a
36	43	0.18757320666433525
36	44	n/a
36	45	0.208538050936442
36	46	n/a
36	47	n/a
36	51	n/a
36	52	n/a
36	56	n/a
36	58	0.22461720881746383
36	65	n/a
36	70	n/a
36	71	0.16856606252488954
36	72	n/a
36	73	0.1955313139126998
36	75	n/a
36	76	0.0063016861072859795
36	77	0.1819752529576022
36	83	n/a
36	84	n/a
37	38	n/a
37	39	n/a
37	40	n/a
37	43	n/a
37	44	n/a
37	45	n/a
37	51	n/a
37	52	n/a
37	62	n/a
37	65	n/a
37	72	n/a
37	74	n/a
37	75	n/a
37	76	n/a
37	80	n/a
37	84	n/a
38	39	0.011402371648618731
38	40	0.10201126041081963
38	41	n/a
38	43	0.1902707951948395
38	44	n/a
38	45	0.04698524452433626
38	46	n/a
38	51	n/a
38	52	n/a
38	56	n/a
38	62	n/a
38	71	0.13399513653355816
38	72	n/a
38	73	0.20465133383158088
38	75	n/a
38	76	0.09242278023548946
38	77	0.09923335430452065
38	83	n/a
38	84	n/a
39	40	0.0042005298859384204
39	43	0.2509470862076765
39	72	n/a
39	73	0.2468519574531184
39	75	n/a
39	76	2.1189850871476793E-4
39	84	n/a
40	41	n/a
40	43	0.053245259892862724
40	47	n/a
40	58	0.10424832397969734
40	59	n/a
40	61	n/a
40	73	0.05565889544579611
40	77	0.13544294175890045
43	44	n/a
43	45	0.00900565499647187
43	46	n/a
43	47	n/a
43	48	n/a
43	51	n/a
43	52	n/a
43	53	n/a
43	55	n/a
43	56	n/a
43	57	n/a
43	58	0.09719408245533026
43	59	n/a
43	61	n/a
43	63	n/a
43	64	n/a
43	65	n/a
43	66	n/a
43	67	n/a
43	68	n/a
43	69	n/a
43	70	n/a
43	71	0.02813036742161865
43	72	n/a
43	73	0.01449272806122622
43	75	n/a
43	76	0.014901982582665183
43	77	0.1785492656184377
43	78	n/a
43	79	n/a
43	83	n/a
43	84	n/a
44	45	n/a
44	46	n/a
44	47	n/a
44	49	n/a
44	51	n/a
44	52	n/a
44	56	n/a
44	60	n/a
44	62	n/a
44	65	n/a
44	66	n/a
44	67	n/a
44	68	n/a
44	70	n/a
44	71	n/a
44	72	n/a
44	73	n/a
44	75	n/a
44	76	n/a
44	77	n/a
44	80	n/a
44	83	n/a
44	84	n/a
45	46	n/a
45	47	n/a
45	48	n/a
45	49	n/a
45	50	n/a
45	51	n/a
45	52	n/a
45	53	n/a
45	55	n/a
45	56	n/a
45	57	n/a
45	58	0.12067551827180593
45	59	n/a
45	60	n/a
45	61	n/a
45	62	n/a
45	63	n/a
45	65	n/a
45	66	n/a
45	67	n/a
45	68	n/a
45	69	n/a
45	70	n/a
45	71	0.06460791173678877
45	72	n/a
45	73	0.09519624675796443
45	74	n/a
45	75	n/a
45	76	0.19369348590344143
45	77	0.05233578653866667
45	78	n/a
45	79	n/a
45	80	n/a
45	82	n/a
45	83	n/a
45	84	n/a
46	47	n/a
46	48	n/a
46	52	n/a
46	56	n/a
46	63	n/a
46	65	n/a
46	66	n/a
46	67	n/a
46	68	n/a
46	70	n/a
46	72	n/a
46	73	n/a
46	75	n/a
46	76	n/a
46	77	n/a
46	79	n/a
46	83	n/a
46	84	n/a
47	48	n/a
47	52	n/a
47	53	n/a
47	54	n/a
47	55	n/a
47	56	n/a
47	57	n/a
47	58	n/a
47	59	n/a
47	61	n/a
47	63	n/a
47	64	n/a
47	69	n/a
47	71	n/a
47	72	n/a
47	73	n/a
47	76	n/a
47	77	n/a
47	78	n/a
47	79	n/a
47	81	n/a
47	83	n/a
47	84	n/a
48	54	n/a
48	55	n/a
48	57	n/a
48	59	n/a
48	61	n/a
48	63	n/a
48	73	n/a
48	77	n/a
48	81	n/a
48	83	n/a
49	60	n/a
50	56	n/a
50	57	n/a
50	59	n/a
50	63	n/a
50	75	n/a
50	77	n/a
50	78	n/a
50	79	n/a
50	83	n/a
51	58	n/a
51	68	n/a
51	71	n/a
51	73	n/a
51	74	n/a
51	75	n/a
51	76	n/a
52	56	n/a
52	59	n/a
52	66	n/a
52	68	n/a
52	70	n/a
52	72	n/a
52	73	n/a
52	75	n/a
52	76	n/a
52	77	n/a
52	79	n/a
52	83	n/a
52	84	n/a
53	55	n/a
53	56	n/a
53	57	n/a
53	58	n/a
53	59	n/a
53	61	n/a
53	63	n/a
53	69	n/a
53	73	n/a
53	77	n/a
53	78	n/a
53	83	n/a
54	55	n/a
54	64	n/a
55	56	n/a
55	57	n/a
55	58	n/a
55	59	n/a
55	61	n/a
55	63	n/a
55	64	n/a
55	69	n/a
55	73	n/a
55	77	n/a
55	78	n/a
55	83	n/a
56	57	n/a
56	58	n/a
56	59	n/a
56	61	n/a
56	63	n/a
56	66	n/a
56	68	n/a
56	69	n/a
56	70	n/a
56	72	n/a
56	73	n/a
56	75	n/a
56	76	n/a
56	77	n/a
56	78	n/a
56	79	n/a
56	82	n/a
56	83	n/a
57	59	n/a
57	61	n/a
57	63	n/a
57	64	n/a
57	66	n/a
57	69	n/a
57	70	n/a
57	72	n/a
57	73	n/a
57	75	n/a
57	76	n/a
57	77	n/a
57	78	n/a
57	79	n/a
57	83	n/a
58	59	n/a
58	61	n/a
58	63	n/a
58	64	n/a
58	69	n/a
58	71	0.03625307560006799
58	73	0.026830195975620343
58	74	n/a
58	76	0.20374192665105495
58	77	0.005066630694828215
58	78	n/a
58	83	n/a
59	61	n/a
59	63	n/a
59	64	n/a
59	69	n/a
59	73	n/a
59	77	n/a
59	78	n/a
59	83	n/a
60	62	n/a
60	63	n/a
60	66	n/a
60	67	n/a
60	68	n/a
60	75	n/a
60	76	n/a
60	83	n/a
61	63	n/a
61	64	n/a
61	69	n/a
61	73	n/a
61	77	n/a
61	78	n/a
61	83	n/a
62	74	n/a
62	75	n/a
62	76	n/a
62	83	n/a
63	66	n/a
63	68	n/a
63	69	n/a
63	70	n/a
63	72	n/a
63	73	n/a
63	75	n/a
63	76	n/a
63	77	n/a
63	78	n/a
63	79	n/a
63	83	n/a
64	69	n/a
64	71	n/a
64	73	n/a
64	76	n/a
64	77	n/a
65	70	n/a
65	71	n/a
65	72	n/a
65	73	n/a
65	76	n/a
65	77	n/a
65	79	n/a
65	83	n/a
65	84	n/a
66	67	n/a
66	68	n/a
66	70	n/a
66	72	n/a
66	73	n/a
66	75	n/a
66	76	n/a
66	77	n/a
66	78	n/a
66	79	n/a
66	83	n/a
67	68	n/a
67	72	n/a
67	75	n/a
67	76	n/a
67	79	n/a
67	83	n/a
68	70	n/a
68	72	n/a
68	75	n/a
68	76	n/a
68	77	n/a
68	79	n/a
68	83	n/a
69	73	n/a
69	77	n/a
69	78	n/a
69	83	n/a
70	71	n/a
70	72	n/a
70	73	n/a
70	75	n/a
70	76	n/a
70	77	n/a
70	78	n/a
70	79	n/a
70	82	n/a
70	83	n/a
70	84	n/a
71	72	n/a
71	73	0.08596126408263634
71	74	n/a
71	76	0.17417599201342507
71	77	0.08641685250172138
72	73	n/a
72	75	n/a
72	76	n/a
72	77	n/a
72	78	n/a
72	79	n/a
72	83	n/a
72	84	n/a
73	74	n/a
73	76	0.03805782007525674
73	77	0.1308100577774239
73	78	n/a
73	79	n/a
73	83	n/a
73	84	n/a
74	75	n/a
74	76	n/a
75	76	n/a
75	77	n/a
75	78	n/a
75	79	n/a
75	80	n/a
75	83	n/a
75	84	n/a
76	77	0.07174184998860202
76	78	n/a
76	79	n/a
76	80	n/a
76	83	n/a
76	84	n/a
77	78	n/a
77	79	n/a
77	82	n/a
77	83	n/a
77	84	n/a
78	79	n/a
78	81	n/a
78	82	n/a
78	83	n/a
79	82	n/a
79	83	n/a
81	83	n/a
82	83	n/a
#subnet edge score	30.150675031652487