1	7	n/a
1	8	n/a
1	14	n/a
1	17	n/a
1	23	n/a
1	28	n/a
1	29	n/a
1	30	n/a
2	9	n/a
2	13	n/a
2	17	n/a
2	22	n/a
2	24	n/a
2	26	n/a
2	27	n/a
2	31	n/a
2	36	n/a
2	37	n/a
2	38	n/a
2	42	n/a
2	51	n/a
2	62	n/a
2	75	n/a
2	76	n/a
2	80	n/a
3	7	0.093
3	8	0.142
3	14	n/a
3	17	0.094
3	19	0.192
3	21	n/a
3	23	0.091
3	26	0.137
3	27	0.133
3	28	0.1
3	30	0.128
3	34	0.174
3	36	0.104
3	37	0.204
3	38	0.134
3	39	0.13
3	51	n/a
3	52	n/a
3	76	0.145
4	9	n/a
4	10	n/a
4	12	n/a
4	15	n/a
4	20	n/a
4	24	n/a
4	28	n/a
4	77	n/a
5	6	n/a
5	9	n/a
5	12	n/a
5	15	n/a
5	24	n/a
5	32	n/a
5	34	n/a
5	36	n/a
5	40	n/a
5	41	n/a
6	7	n/a
6	8	n/a
6	9	n/a
6	12	n/a
6	14	n/a
6	15	n/a
6	20	n/a
6	28	n/a
6	32	n/a
6	36	n/a
6	40	n/a
6	41	n/a
7	8	0.109
7	9	n/a
7	10	n/a
7	14	n/a
7	15	n/a
7	17	0.102
7	21	n/a
7	23	0.118
7	24	0.144
7	28	0.038
7	29	n/a
7	30	0.084
7	33	n/a
7	34	0.116
7	36	0.116
7	38	0.148
7	39	0.131
7	40	0.142
7	41	n/a
8	10	n/a
8	12	n/a
8	14	n/a
8	15	n/a
8	17	0.087
8	23	0.134
8	26	0.155
8	28	0.106
8	29	n/a
8	30	0.123
8	32	n/a
8	34	0.022
8	36	0.035
8	40	0.168
8	41	n/a
9	10	n/a
9	12	n/a
9	15	n/a
9	20	n/a
9	22	n/a
9	24	n/a
9	25	n/a
9	27	n/a
9	28	n/a
9	29	n/a
9	36	n/a
9	38	n/a
9	40	n/a
9	42	n/a
9	58	n/a
9	73	n/a
9	77	n/a
10	12	n/a
10	14	n/a
10	15	n/a
10	20	n/a
10	24	n/a
10	28	n/a
10	29	n/a
10	34	n/a
10	36	n/a
10	38	n/a
10	40	n/a
10	41	n/a
11	13	n/a
11	17	0.105
11	18	0.078
11	19	0.113
11	25	n/a
11	26	0.187
11	27	0.157
11	31	n/a
11	34	0.134
11	37	0.031
11	38	0.08
11	42	n/a
11	49	n/a
11	62	n/a
11	76	0.199
11	80	n/a
12	14	n/a
12	15	n/a
12	20	n/a
12	24	n/a
12	28	n/a
12	29	n/a
12	32	n/a
12	34	n/a
12	36	n/a
12	40	n/a
12	41	n/a
13	22	n/a
13	25	n/a
13	26	n/a
13	27	n/a
13	31	n/a
13	32	n/a
13	34	n/a
13	36	n/a
13	37	n/a
13	38	n/a
13	41	n/a
13	42	n/a
13	44	n/a
13	49	n/a
13	60	n/a
13	62	n/a
13	74	n/a
13	75	n/a
13	76	n/a
13	80	n/a
14	17	n/a
14	23	n/a
14	26	n/a
14	28	n/a
14	29	n/a
14	30	n/a
14	32	n/a
14	34	n/a
14	36	n/a
14	40	n/a
14	41	n/a
15	20	n/a
15	22	n/a
15	24	n/a
15	27	n/a
15	28	n/a
15	32	n/a
15	36	n/a
15	40	n/a
16	22	n/a
16	23	n/a
16	24	n/a
16	27	n/a
16	28	n/a
16	36	n/a
16	37	n/a
16	38	n/a
16	39	n/a
16	65	n/a
16	70	n/a
16	71	n/a
16	72	n/a
16	73	n/a
16	76	n/a
17	18	0.11
17	19	0.036
17	21	n/a
17	23	0.017
17	26	0.164
17	27	0.084
17	29	n/a
17	30	0.079
17	33	n/a
17	34	0.075
17	36	0.149
17	37	0.206
17	38	0.121
17	39	0.123
17	76	0.144
18	19	0.008
18	26	0.106
18	27	0.208
18	31	n/a
18	34	0.156
18	36	0.177
18	37	0.193
18	38	0.174
18	75	n/a
18	76	0.2
18	80	n/a
19	23	0.127
19	26	0.16
19	27	0.171
19	34	0.052
19	36	0.196
19	37	0.241
19	38	0.129
19	39	0.109
19	75	n/a
19	76	0.202
20	24	n/a
20	28	n/a
20	36	n/a
20	40	n/a
21	22	n/a
21	23	n/a
21	27	n/a
21	28	n/a
21	29	n/a
21	30	n/a
21	33	n/a
21	34	n/a
21	36	n/a
21	37	n/a
21	38	n/a
21	39	n/a
21	40	n/a
21	65	n/a
21	71	n/a
22	23	n/a
22	24	n/a
22	25	n/a
22	27	n/a
22	28	n/a
22	36	n/a
22	38	n/a
22	42	n/a
22	65	n/a
22	71	n/a
22	72	n/a
22	73	n/a
22	76	n/a
23	26	0.172
23	27	0.006
23	28	0.095
23	29	n/a
23	30	0.16
23	33	n/a
23	34	0.198
23	36	0.088
23	37	0.137
23	38	0.113
23	39	0.157
23	40	0.121
23	46	n/a
23	52	n/a
23	65	n/a
23	71	n/a
23	72	n/a
23	76	0.119
24	25	n/a
24	27	0.084
24	28	0.026
24	29	n/a
24	30	0.121
24	33	n/a
24	34	0.099
24	36	0.116
24	38	0.175
24	39	0.16
24	40	0.217
24	43	n/a
24	45	n/a
24	47	n/a
24	58	n/a
24	65	n/a
24	71	n/a
24	73	n/a
24	77	n/a
24	78	n/a
25	26	n/a
25	27	n/a
25	31	n/a
25	37	n/a
25	38	n/a
25	42	n/a
25	44	n/a
25	49	n/a
25	62	n/a
25	74	n/a
25	75	n/a
25	76	n/a
25	80	n/a
26	27	0.165
26	31	n/a
26	34	0.203
26	36	0.252
26	37	0.252
26	38	0.185
26	39	0.131
26	42	n/a
26	44	n/a
26	45	n/a
26	51	n/a
26	62	n/a
26	66	n/a
26	67	n/a
26	68	n/a
26	74	n/a
26	75	n/a
26	76	0.184
26	80	n/a
27	28	0.098
27	31	n/a
27	34	0.141
27	36	0.032
27	37	0.137
27	38	0.073
27	39	0.124
27	40	0.184
27	42	n/a
27	43	n/a
27	44	n/a
27	45	n/a
27	46	n/a
27	51	n/a
27	52	n/a
27	62	n/a
27	65	n/a
27	66	n/a
27	67	n/a
27	68	n/a
27	71	n/a
27	72	n/a
27	74	n/a
27	75	n/a
27	76	0.134
27	80	n/a
28	29	n/a
28	30	0.084
28	33	n/a
28	34	0.173
28	36	0.109
28	38	0.149
28	39	0.13
28	40	0.175
28	41	n/a
28	43	n/a
28	47	n/a
28	58	n/a
28	71	n/a
28	73	n/a
28	77	n/a
29	30	n/a
29	32	n/a
29	33	n/a
29	34	n/a
29	36	n/a
29	38	n/a
29	40	n/a
29	41	n/a
30	33	n/a
30	34	0.098
30	36	0.106
30	38	0.09
30	39	0.091
31	34	n/a
31	37	n/a
31	38	n/a
31	42	n/a
31	44	n/a
31	51	n/a
31	60	n/a
31	62	n/a
31	67	n/a
31	74	n/a
31	75	n/a
31	76	n/a
31	80	n/a
32	34	n/a
32	36	n/a
32	40	n/a
32	41	n/a
33	34	n/a
33	38	n/a
34	36	0.076
34	37	0.165
34	38	0.149
34	40	0.181
34	41	n/a
34	42	n/a
35	36	n/a
35	37	n/a
35	39	n/a
35	41	n/a
35	43	n/a
35	46	n/a
35	84	n/a
36	37	0.057
36	38	0.028
36	39	0.1
36	40	0.008
36	41	n/a
36	42	n/a
36	43	n/a
36	73	n/a
36	76	0.138
36	77	n/a
36	84	n/a
37	38	0.178
37	39	0.111
37	40	0.149
37	42	n/a
37	49	n/a
37	62	n/a
37	75	n/a
37	76	0.219
37	80	n/a
38	39	0.051
38	40	0.162
38	41	n/a
38	42	n/a
38	76	0.189
39	40	0.212
39	41	n/a
39	72	n/a
39	76	0.159
39	84	n/a
40	41	n/a
40	73	n/a
40	77	n/a
42	44	n/a
42	45	n/a
42	49	n/a
42	60	n/a
42	62	n/a
42	74	n/a
42	76	n/a
43	44	n/a
43	45	n/a
43	46	n/a
43	47	n/a
43	48	n/a
43	49	n/a
43	51	n/a
43	52	n/a
43	54	n/a
43	55	n/a
43	56	n/a
43	57	n/a
43	58	n/a
43	59	n/a
43	61	n/a
43	63	n/a
43	64	n/a
43	65	n/a
43	66	n/a
43	67	n/a
43	68	n/a
43	70	n/a
43	71	n/a
43	72	n/a
43	73	n/a
43	75	n/a
43	76	n/a
43	77	n/a
43	78	n/a
43	79	n/a
43	80	n/a
43	81	n/a
43	83	n/a
43	84	n/a
44	45	n/a
44	46	n/a
44	47	n/a
44	49	n/a
44	51	n/a
44	52	n/a
44	60	n/a
44	62	n/a
44	65	n/a
44	66	n/a
44	67	n/a
44	68	n/a
44	70	n/a
44	72	n/a
44	74	n/a
44	75	n/a
44	76	n/a
44	80	n/a
44	84	n/a
45	46	n/a
45	47	n/a
45	48	n/a
45	49	n/a
45	51	n/a
45	52	n/a
45	56	n/a
45	57	n/a
45	59	n/a
45	60	n/a
45	62	n/a
45	63	n/a
45	65	n/a
45	66	n/a
45	67	n/a
45	68	n/a
45	70	n/a
45	71	n/a
45	72	n/a
45	73	n/a
45	74	n/a
45	75	n/a
45	76	n/a
45	77	n/a
45	78	n/a
45	79	n/a
45	80	n/a
45	81	n/a
45	82	n/a
45	83	n/a
46	47	n/a
46	48	n/a
46	52	n/a
46	56	n/a
46	65	n/a
46	66	n/a
46	67	n/a
46	68	n/a
46	70	n/a
46	72	n/a
46	73	n/a
46	75	n/a
46	76	n/a
46	77	n/a
46	79	n/a
46	83	n/a
46	84	n/a
47	48	n/a
47	53	n/a
47	54	n/a
47	55	n/a
47	56	n/a
47	57	n/a
47	58	n/a
47	59	n/a
47	61	n/a
47	63	n/a
47	64	n/a
47	69	n/a
47	70	n/a
47	72	n/a
47	73	n/a
47	76	n/a
47	77	n/a
47	78	n/a
47	81	n/a
47	83	n/a
48	54	n/a
48	55	n/a
48	56	n/a
48	57	n/a
48	59	n/a
48	60	n/a
48	61	n/a
48	63	n/a
48	64	n/a
48	77	n/a
48	78	n/a
48	81	n/a
48	83	n/a
48	84	n/a
49	51	n/a
49	58	n/a
49	60	n/a
49	62	n/a
49	71	n/a
49	74	n/a
49	75	n/a
49	76	n/a
49	80	n/a
49	83	n/a
50	56	n/a
50	57	n/a
50	63	n/a
50	75	n/a
50	77	n/a
50	78	n/a
50	79	n/a
50	83	n/a
51	58	n/a
51	62	n/a
51	66	n/a
51	71	n/a
51	73	n/a
51	74	n/a
51	75	n/a
51	76	n/a
51	80	n/a
52	56	n/a
52	57	n/a
52	63	n/a
52	66	n/a
52	68	n/a
52	70	n/a
52	72	n/a
52	75	n/a
52	76	n/a
52	77	n/a
52	79	n/a
52	83	n/a
53	58	n/a
53	59	n/a
53	61	n/a
53	64	n/a
53	69	n/a
53	73	n/a
53	77	n/a
54	55	n/a
54	58	n/a
54	61	n/a
54	64	n/a
54	73	n/a
54	77	n/a
54	81	n/a
54	83	n/a
55	56	n/a
55	57	n/a
55	59	n/a
55	63	n/a
55	64	n/a
55	69	n/a
55	77	n/a
55	81	n/a
55	83	n/a
56	57	n/a
56	58	n/a
56	59	n/a
56	63	n/a
56	64	n/a
56	66	n/a
56	68	n/a
56	70	n/a
56	72	n/a
56	73	n/a
56	75	n/a
56	77	n/a
56	79	n/a
56	82	n/a
56	83	n/a
57	59	n/a
57	61	n/a
57	63	n/a
57	64	n/a
57	66	n/a
57	72	n/a
57	75	n/a
57	77	n/a
57	78	n/a
57	79	n/a
57	81	n/a
57	83	n/a
58	59	n/a
58	61	n/a
58	64	n/a
58	69	n/a
58	71	n/a
58	73	n/a
58	74	n/a
58	76	n/a
58	77	n/a
58	78	n/a
59	61	n/a
59	63	n/a
59	64	n/a
59	69	n/a
59	73	n/a
59	77	n/a
59	78	n/a
59	83	n/a
60	62	n/a
60	66	n/a
60	67	n/a
60	68	n/a
60	74	n/a
60	75	n/a
60	76	n/a
60	78	n/a
60	80	n/a
60	81	n/a
60	83	n/a
61	63	n/a
61	64	n/a
61	69	n/a
61	73	n/a
61	77	n/a
61	78	n/a
61	83	n/a
62	74	n/a
62	75	n/a
62	76	n/a
62	80	n/a
62	83	n/a
63	66	n/a
63	68	n/a
63	72	n/a
63	75	n/a
63	77	n/a
63	78	n/a
63	79	n/a
63	81	n/a
63	83	n/a
64	69	n/a
64	71	n/a
64	73	n/a
64	76	n/a
64	77	n/a
65	70	n/a
65	71	n/a
65	72	n/a
65	73	n/a
65	76	n/a
65	77	n/a
66	67	n/a
66	68	n/a
66	70	n/a
66	72	n/a
66	75	n/a
66	76	n/a
66	77	n/a
66	79	n/a
66	83	n/a
67	68	n/a
67	72	n/a
67	75	n/a
67	76	n/a
67	79	n/a
67	80	n/a
67	83	n/a
68	72	n/a
68	75	n/a
68	76	n/a
68	79	n/a
68	83	n/a
69	73	n/a
69	77	n/a
70	71	n/a
70	72	n/a
70	76	n/a
70	77	n/a
70	78	n/a
70	79	n/a
70	82	n/a
70	83	n/a
71	72	n/a
71	73	n/a
71	74	n/a
71	76	n/a
71	77	n/a
72	75	n/a
72	76	n/a
72	77	n/a
72	79	n/a
72	83	n/a
73	74	n/a
73	76	n/a
73	77	n/a
73	78	n/a
73	79	n/a
73	82	n/a
73	83	n/a
74	75	n/a
74	76	n/a
74	80	n/a
75	76	n/a
75	79	n/a
75	80	n/a
75	83	n/a
76	77	n/a
76	80	n/a
76	83	n/a
77	78	n/a
77	79	n/a
77	82	n/a
77	83	n/a
78	79	n/a
78	81	n/a
78	82	n/a
78	83	n/a
79	82	n/a
79	83	n/a
80	83	n/a
81	83	n/a
82	83	n/a
#subnet edge score	17.276