1	7	n/a
1	8	n/a
1	10	n/a
1	14	n/a
1	17	n/a
1	21	n/a
1	23	n/a
1	29	n/a
1	30	n/a
1	34	n/a
2	9	n/a
2	13	n/a
2	17	n/a
2	22	n/a
2	24	n/a
2	25	n/a
2	26	n/a
2	27	n/a
2	36	n/a
2	37	n/a
2	38	n/a
2	44	n/a
2	51	n/a
2	52	n/a
2	62	n/a
2	74	n/a
2	75	n/a
2	76	n/a
3	6	n/a
3	7	n/a
3	8	n/a
3	14	n/a
3	17	n/a
3	19	n/a
3	21	0.17923621575463153
3	23	0.17336617431389617
3	24	0.13337249585155206
3	26	0.020678946834685248
3	27	0.1245636466591
3	28	0.22814909745737028
3	29	n/a
3	30	n/a
3	34	0.09784264140259474
3	36	0.082535911820967
3	37	0.017679393164247718
3	38	0.022733957090246462
3	39	0.035765164813558084
3	40	n/a
3	43	0.1307693785093744
3	44	n/a
3	45	0.08696851347679889
3	51	n/a
3	52	0.013585773069041955
3	65	0.0709102364581883
3	66	n/a
3	72	0.07086251789339136
3	73	0.0074479141605088995
3	75	n/a
3	76	0.01442134908778086
3	77	0.060116714272780286
4	6	n/a
4	7	n/a
4	8	n/a
4	9	n/a
4	10	n/a
4	12	n/a
4	14	n/a
4	15	n/a
4	20	n/a
4	24	n/a
4	28	n/a
4	34	n/a
4	36	n/a
4	38	n/a
4	40	n/a
4	47	n/a
4	53	n/a
4	58	n/a
4	61	n/a
4	73	n/a
4	77	n/a
5	6	n/a
5	15	n/a
5	32	n/a
5	40	n/a
5	41	n/a
6	7	n/a
6	8	n/a
6	9	n/a
6	10	n/a
6	12	n/a
6	14	n/a
6	15	n/a
6	20	n/a
6	23	n/a
6	24	n/a
6	28	n/a
6	29	n/a
6	30	n/a
6	34	n/a
6	36	n/a
6	38	n/a
6	40	n/a
6	41	n/a
6	73	n/a
6	77	n/a
7	8	n/a
7	9	n/a
7	10	n/a
7	12	n/a
7	14	n/a
7	15	n/a
7	17	n/a
7	20	n/a
7	21	n/a
7	23	n/a
7	24	n/a
7	26	n/a
7	27	n/a
7	28	n/a
7	29	n/a
7	30	n/a
7	33	n/a
7	34	n/a
7	35	n/a
7	36	n/a
7	38	n/a
7	39	n/a
7	40	n/a
7	43	n/a
7	58	n/a
7	59	n/a
7	73	n/a
7	76	n/a
7	77	n/a
8	10	n/a
8	12	n/a
8	14	n/a
8	15	n/a
8	17	n/a
8	19	n/a
8	20	n/a
8	21	n/a
8	23	n/a
8	24	n/a
8	26	n/a
8	27	n/a
8	28	n/a
8	29	n/a
8	30	n/a
8	34	n/a
8	36	n/a
8	38	n/a
8	40	n/a
8	41	n/a
8	73	n/a
8	77	n/a
9	10	n/a
9	12	n/a
9	14	n/a
9	15	n/a
9	20	n/a
9	22	n/a
9	24	n/a
9	25	n/a
9	26	n/a
9	27	n/a
9	28	n/a
9	29	n/a
9	30	n/a
9	34	n/a
9	36	n/a
9	37	n/a
9	38	n/a
9	40	n/a
9	43	n/a
9	45	n/a
9	47	n/a
9	53	n/a
9	56	n/a
9	58	n/a
9	59	n/a
9	61	n/a
9	69	n/a
9	73	n/a
9	76	n/a
9	77	n/a
9	78	n/a
10	12	n/a
10	14	n/a
10	15	n/a
10	20	n/a
10	24	n/a
10	28	n/a
10	29	n/a
10	30	n/a
10	34	n/a
10	35	n/a
10	36	n/a
10	38	n/a
10	40	n/a
10	41	n/a
10	43	n/a
10	53	n/a
10	56	n/a
10	58	n/a
10	73	n/a
10	77	n/a
11	13	n/a
11	17	n/a
11	18	n/a
11	19	n/a
11	25	n/a
11	26	n/a
11	27	n/a
11	34	n/a
11	36	n/a
11	37	n/a
11	38	n/a
11	62	n/a
11	75	n/a
11	76	n/a
12	14	n/a
12	15	n/a
12	20	n/a
12	24	n/a
12	28	n/a
12	29	n/a
12	34	n/a
12	36	n/a
12	38	n/a
12	40	n/a
12	41	n/a
12	53	n/a
12	59	n/a
12	73	n/a
12	77	n/a
13	22	n/a
13	25	n/a
13	26	n/a
13	27	n/a
13	31	n/a
13	34	n/a
13	37	n/a
13	38	n/a
13	44	n/a
13	62	n/a
13	74	n/a
13	75	n/a
13	76	n/a
14	17	n/a
14	19	n/a
14	20	n/a
14	21	n/a
14	23	n/a
14	24	n/a
14	26	n/a
14	27	n/a
14	28	n/a
14	29	n/a
14	30	n/a
14	33	n/a
14	34	n/a
14	36	n/a
14	38	n/a
14	40	n/a
14	41	n/a
14	73	n/a
14	77	n/a
15	20	n/a
15	22	n/a
15	24	n/a
15	27	n/a
15	28	n/a
15	36	n/a
15	40	n/a
15	73	n/a
15	77	n/a
16	21	0.04105672625476863
16	22	0.06321752414769387
16	23	0.0732925521682167
16	24	0.10490351020313055
16	27	0.04905036073324569
16	28	0.05093980192053651
16	34	0.08902405176330366
16	36	0.057274543243629815
16	37	0.11202864700121852
16	38	0.038533581016370035
16	39	0.024092402044777365
16	40	n/a
16	45	0.00697593708627572
16	52	0.05239383744979526
16	65	0.15521613206973392
16	70	0.15732062952469542
16	71	0.06357193925045869
16	72	0.12840264334408144
16	73	0.06932362218823193
16	76	0.12730985964829805
16	77	0.1539183418384175
17	18	n/a
17	19	n/a
17	21	n/a
17	23	n/a
17	24	n/a
17	26	n/a
17	27	n/a
17	28	n/a
17	29	n/a
17	30	n/a
17	33	n/a
17	34	n/a
17	36	n/a
17	37	n/a
17	38	n/a
17	39	n/a
17	51	n/a
17	52	n/a
17	72	n/a
17	75	n/a
17	76	n/a
18	19	n/a
18	23	n/a
18	26	n/a
18	27	n/a
18	34	n/a
18	36	n/a
18	37	n/a
18	38	n/a
18	75	n/a
18	76	n/a
19	23	n/a
19	26	n/a
19	27	n/a
19	29	n/a
19	30	n/a
19	34	n/a
19	36	n/a
19	37	n/a
19	38	n/a
19	39	n/a
19	51	n/a
19	75	n/a
19	76	n/a
20	24	n/a
20	28	n/a
20	29	n/a
20	34	n/a
20	36	n/a
20	38	n/a
20	40	n/a
20	53	n/a
20	58	n/a
20	61	n/a
20	73	n/a
20	77	n/a
21	22	0.25451587525439034
21	23	0.08374582690205677
21	24	0.04689233432708715
21	26	0.16146396833199006
21	27	0.1282254940357961
21	28	0.03982963012515268
21	29	n/a
21	30	n/a
21	33	n/a
21	34	0.11635719788152105
21	35	n/a
21	36	0.07812021375812532
21	37	0.008692358564602608
21	38	0.12234383551236118
21	39	0.15360632239453245
21	40	n/a
21	43	0.09365700477929184
21	45	0.06230523360655727
21	65	0.07909621042693754
21	70	0.07809549107835469
21	71	0.129720573510111
21	72	0.04488936810309981
21	73	0.06642601328260457
21	76	0.03426205483773457
21	77	0.0936111384875502
21	78	n/a
21	79	n/a
21	84	0.027322413599946003
22	23	0.21571852107579756
22	24	0.03548150305594399
22	25	n/a
22	27	0.23130013401449753
22	28	0.11434948958394138
22	36	0.12613584197761224
22	37	0.1571031732152012
22	38	0.13756442148208506
22	43	0.06689547420189466
22	52	0.06072122444132478
22	65	0.12320398504606965
22	70	0.012122783964732377
22	71	0.13806047484900583
22	72	0.0822702487534041
22	73	0.07288713793549755
22	75	n/a
22	76	0.04185252821682179
22	77	0.16234529981571202
23	24	0.04653144473109712
23	26	0.02933260289901399
23	27	0.18303073810140583
23	28	0.037387314213481654
23	29	n/a
23	30	n/a
23	33	n/a
23	34	0.10834360794636039
23	35	n/a
23	36	0.09658209576314393
23	37	0.04645256414148768
23	38	0.07242030296209885
23	39	0.10990813456853178
23	40	n/a
23	43	0.10658869412806432
23	45	0.02364623399972198
23	46	n/a
23	52	0.03735065650445857
23	65	0.01594622912146797
23	70	0.04396450320404382
23	71	0.11373418715720697
23	72	0.04328789075623227
23	73	0.060402172202826745
23	76	0.09270317138575916
23	77	0.004414657356406897
23	84	0.13588191868164545
24	25	n/a
24	26	0.14177836633198515
24	27	0.043179906388181505
24	28	0.04599537745476499
24	29	n/a
24	30	n/a
24	33	n/a
24	34	0.23420063182069661
24	36	0.06013593956554407
24	37	0.064055098245789
24	38	0.024250644103037112
24	39	0.061454128499913385
24	40	n/a
24	43	0.06665437559407886
24	45	0.20545359604445282
24	47	n/a
24	51	n/a
24	52	0.11819424631775101
24	53	n/a
24	55	n/a
24	56	n/a
24	58	n/a
24	59	n/a
24	61	n/a
24	63	n/a
24	65	0.1136153241003831
24	70	0.05034994042928389
24	71	0.11471163258307468
24	72	0.009223825376455025
24	73	0.0161928898554942
24	76	0.11325712101877915
24	77	0.011589880775934107
24	78	n/a
24	79	n/a
24	83	n/a
24	84	0.09599970345097411
25	26	n/a
25	27	n/a
25	31	n/a
25	37	n/a
25	38	n/a
25	44	n/a
25	45	n/a
25	51	n/a
25	62	n/a
25	74	n/a
25	75	n/a
25	76	n/a
26	27	0.02400430508783064
26	28	0.16831395560434576
26	29	n/a
26	30	n/a
26	31	n/a
26	34	0.142377120195921
26	36	0.07878579120721123
26	37	0.07608243349590615
26	38	0.06843357650392459
26	39	0.028122267679211194
26	43	0.10920446681426613
26	44	n/a
26	45	0.10625976563501954
26	46	n/a
26	51	n/a
26	52	0.16734049370399387
26	60	n/a
26	62	n/a
26	66	n/a
26	67	n/a
26	68	n/a
26	71	0.0816995109305007
26	72	0.19444505358307776
26	73	0.14832304031000873
26	74	n/a
26	75	n/a
26	76	0.03246361204905819
26	80	n/a
26	83	n/a
26	84	0.15925147709841536
27	28	0.12984726954715825
27	29	n/a
27	30	n/a
27	31	n/a
27	34	0.10894376292478337
27	35	n/a
27	36	0.07113657681116083
27	37	0.06639575957976764
27	38	0.14493960637946018
27	39	0.06144779026098271
27	40	n/a
27	43	0.029259220193761606
27	44	n/a
27	45	0.04163787774991267
27	46	n/a
27	51	n/a
27	52	0.09048581027305613
27	56	n/a
27	58	n/a
27	60	n/a
27	62	n/a
27	65	0.07849094451589253
27	66	n/a
27	67	n/a
27	68	n/a
27	70	0.013446778394984399
27	71	0.08551925594964262
27	72	0.022968457158986075
27	73	0.027045155199455835
27	74	n/a
27	75	n/a
27	76	0.20341453301653264
27	77	0.044532004373854205
27	79	n/a
27	80	n/a
27	83	n/a
27	84	0.1346770268804039
28	29	n/a
28	30	n/a
28	33	n/a
28	34	0.1659282992278862
28	35	n/a
28	36	0.007656527948017115
28	37	0.05391766591887063
28	38	0.05672324691711741
28	39	0.027098141402219635
28	40	n/a
28	41	n/a
28	43	0.11841966621875756
28	45	0.194035087654207
28	47	n/a
28	52	0.03630783051497213
28	53	n/a
28	55	n/a
28	56	n/a
28	57	n/a
28	58	n/a
28	59	n/a
28	61	n/a
28	63	n/a
28	65	0.029250053656751734
28	69	n/a
28	70	0.037836720138343376
28	71	0.04372800720939925
28	72	0.09575846171106304
28	73	0.05926988476666409
28	76	0.047701804313776505
28	77	0.025566912593553703
28	78	n/a
28	79	n/a
28	83	n/a
28	84	0.1133376894983843
29	30	n/a
29	32	n/a
29	33	n/a
29	34	n/a
29	36	n/a
29	38	n/a
29	40	n/a
29	43	n/a
29	73	n/a
29	77	n/a
30	33	n/a
30	34	n/a
30	36	n/a
30	38	n/a
30	39	n/a
30	40	n/a
30	76	n/a
31	37	n/a
31	38	n/a
31	62	n/a
31	75	n/a
31	76	n/a
31	80	n/a
32	34	n/a
32	36	n/a
32	41	n/a
33	34	n/a
33	38	n/a
34	36	0.24330622049209696
34	37	0.08610759099496604
34	38	0.04348000130439646
34	39	0.19074530300438786
34	40	n/a
34	41	n/a
34	43	0.2203621258767039
34	73	0.23862732608365508
34	75	n/a
34	76	0.1263469113672617
34	77	0.2110642465532846
35	36	n/a
35	37	n/a
35	38	n/a
35	39	n/a
35	41	n/a
35	43	n/a
35	44	n/a
35	46	n/a
35	72	n/a
35	76	n/a
35	77	n/a
35	84	n/a
36	37	0.1017953278355964
36	38	0.11693394722810926
36	39	0.11705836667215942
36	40	n/a
36	41	n/a
36	43	0.18757320666433525
36	44	n/a
36	45	0.208538050936442
36	46	n/a
36	47	n/a
36	51	n/a
36	52	0.13887056947892756
36	56	n/a
36	58	n/a
36	65	0.17436956068298748
36	70	0.2414437849199282
36	71	0.16856606252488954
36	72	0.191328421052316
36	73	0.1955313139126998
36	75	n/a
36	76	0.0063016861072859795
36	77	0.1819752529576022
36	83	n/a
36	84	0.1103730025612042
37	38	0.055671220603280426
37	39	0.046504701692859994
37	40	n/a
37	43	0.10626974092358626
37	44	n/a
37	45	0.09990271854098355
37	51	n/a
37	52	0.06416182154032178
37	62	n/a
37	65	0.038192089371259126
37	72	0.08377610592601378
37	74	n/a
37	75	n/a
37	76	0.11052912380881352
37	80	n/a
37	84	0.10515116546707481
38	39	0.011402371648618731
38	40	n/a
38	41	n/a
38	43	0.1902707951948395
38	44	n/a
38	45	0.04698524452433626
38	46	n/a
38	51	n/a
38	52	0.050382404462773304
38	56	n/a
38	62	n/a
38	71	0.13399513653355816
38	72	0.12705582497109688
38	73	0.20465133383158088
38	75	n/a
38	76	0.09242278023548946
38	77	0.09923335430452065
38	83	n/a
38	84	0.16482023797726453
39	40	n/a
39	43	0.2509470862076765
39	72	0.08893814044940457
39	73	0.2468519574531184
39	75	n/a
39	76	2.1189850871476793E-4
39	84	0.11654747516364178
40	41	n/a
40	43	n/a
40	47	n/a
40	58	n/a
40	59	n/a
40	61	n/a
40	73	n/a
40	77	n/a
43	44	n/a
43	45	0.00900565499647187
43	46	n/a
43	47	n/a
43	48	n/a
43	51	n/a
43	52	0.04209398299468846
43	53	n/a
43	55	n/a
43	56	n/a
43	57	n/a
43	58	n/a
43	59	n/a
43	61	n/a
43	63	n/a
43	64	n/a
43	65	0.08385189599436535
43	66	n/a
43	67	n/a
43	68	n/a
43	69	n/a
43	70	0.06421748279629126
43	71	0.02813036742161865
43	72	0.055330867298826136
43	73	0.01449272806122622
43	75	n/a
43	76	0.014901982582665183
43	77	0.1785492656184377
43	78	n/a
43	79	n/a
43	83	n/a
43	84	0.06991710544818469
44	45	n/a
44	46	n/a
44	47	n/a
44	49	n/a
44	51	n/a
44	52	n/a
44	56	n/a
44	60	n/a
44	62	n/a
44	65	n/a
44	66	n/a
44	67	n/a
44	68	n/a
44	70	n/a
44	71	n/a
44	72	n/a
44	73	n/a
44	75	n/a
44	76	n/a
44	77	n/a
44	80	n/a
44	83	n/a
44	84	n/a
45	46	n/a
45	47	n/a
45	48	n/a
45	49	n/a
45	50	n/a
45	51	n/a
45	52	0.016236533740109402
45	53	n/a
45	55	n/a
45	56	n/a
45	57	n/a
45	58	n/a
45	59	n/a
45	60	n/a
45	61	n/a
45	62	n/a
45	63	n/a
45	65	0.007337076816494632
45	66	n/a
45	67	n/a
45	68	n/a
45	69	n/a
45	70	0.05896514141890098
45	71	0.06460791173678877
45	72	0.006604526527632729
45	73	0.09519624675796443
45	74	n/a
45	75	n/a
45	76	0.19369348590344143
45	77	0.05233578653866667
45	78	n/a
45	79	n/a
45	80	n/a
45	82	n/a
45	83	n/a
45	84	0.018703027507723475
46	47	n/a
46	48	n/a
46	52	n/a
46	56	n/a
46	63	n/a
46	65	n/a
46	66	n/a
46	67	n/a
46	68	n/a
46	70	n/a
46	72	n/a
46	73	n/a
46	75	n/a
46	76	n/a
46	77	n/a
46	79	n/a
46	83	n/a
46	84	n/a
47	48	n/a
47	52	n/a
47	53	n/a
47	54	n/a
47	55	n/a
47	56	n/a
47	57	n/a
47	58	n/a
47	59	n/a
47	61	n/a
47	63	n/a
47	64	n/a
47	69	n/a
47	71	n/a
47	72	n/a
47	73	n/a
47	76	n/a
47	77	n/a
47	78	n/a
47	79	n/a
47	81	n/a
47	83	n/a
47	84	n/a
48	54	n/a
48	55	n/a
48	57	n/a
48	59	n/a
48	61	n/a
48	63	n/a
48	73	n/a
48	77	n/a
48	81	n/a
48	83	n/a
49	60	n/a
50	56	n/a
50	57	n/a
50	59	n/a
50	63	n/a
50	75	n/a
50	77	n/a
50	78	n/a
50	79	n/a
50	83	n/a
51	58	n/a
51	68	n/a
51	71	n/a
51	73	n/a
51	74	n/a
51	75	n/a
51	76	n/a
52	56	n/a
52	59	n/a
52	66	n/a
52	68	n/a
52	70	0.03287893363689464
52	72	0.1262773121544389
52	73	0.025742002305335056
52	75	n/a
52	76	0.13485628003088426
52	77	0.030003590423378936
52	79	n/a
52	83	n/a
52	84	0.025707192250480647
53	55	n/a
53	56	n/a
53	57	n/a
53	58	n/a
53	59	n/a
53	61	n/a
53	63	n/a
53	69	n/a
53	73	n/a
53	77	n/a
53	78	n/a
53	83	n/a
54	55	n/a
54	64	n/a
55	56	n/a
55	57	n/a
55	58	n/a
55	59	n/a
55	61	n/a
55	63	n/a
55	64	n/a
55	69	n/a
55	73	n/a
55	77	n/a
55	78	n/a
55	83	n/a
56	57	n/a
56	58	n/a
56	59	n/a
56	61	n/a
56	63	n/a
56	66	n/a
56	68	n/a
56	69	n/a
56	70	n/a
56	72	n/a
56	73	n/a
56	75	n/a
56	76	n/a
56	77	n/a
56	78	n/a
56	79	n/a
56	82	n/a
56	83	n/a
57	59	n/a
57	61	n/a
57	63	n/a
57	64	n/a
57	66	n/a
57	69	n/a
57	70	n/a
57	72	n/a
57	73	n/a
57	75	n/a
57	76	n/a
57	77	n/a
57	78	n/a
57	79	n/a
57	83	n/a
58	59	n/a
58	61	n/a
58	63	n/a
58	64	n/a
58	69	n/a
58	71	n/a
58	73	n/a
58	74	n/a
58	76	n/a
58	77	n/a
58	78	n/a
58	83	n/a
59	61	n/a
59	63	n/a
59	64	n/a
59	69	n/a
59	73	n/a
59	77	n/a
59	78	n/a
59	83	n/a
60	62	n/a
60	63	n/a
60	66	n/a
60	67	n/a
60	68	n/a
60	75	n/a
60	76	n/a
60	83	n/a
61	63	n/a
61	64	n/a
61	69	n/a
61	73	n/a
61	77	n/a
61	78	n/a
61	83	n/a
62	74	n/a
62	75	n/a
62	76	n/a
62	83	n/a
63	66	n/a
63	68	n/a
63	69	n/a
63	70	n/a
63	72	n/a
63	73	n/a
63	75	n/a
63	76	n/a
63	77	n/a
63	78	n/a
63	79	n/a
63	83	n/a
64	69	n/a
64	71	n/a
64	73	n/a
64	76	n/a
64	77	n/a
65	70	0.1571724524933169
65	71	0.14638938149341188
65	72	0.09001696309811935
65	73	0.05856515187057952
65	76	0.07917156599301468
65	77	0.17817967584784902
65	79	n/a
65	83	n/a
65	84	0.04076324954365404
66	67	n/a
66	68	n/a
66	70	n/a
66	72	n/a
66	73	n/a
66	75	n/a
66	76	n/a
66	77	n/a
66	78	n/a
66	79	n/a
66	83	n/a
67	68	n/a
67	72	n/a
67	75	n/a
67	76	n/a
67	79	n/a
67	83	n/a
68	70	n/a
68	72	n/a
68	75	n/a
68	76	n/a
68	77	n/a
68	79	n/a
68	83	n/a
69	73	n/a
69	77	n/a
69	78	n/a
69	83	n/a
70	71	0.1919314856896039
70	72	0.02537677697993042
70	73	0.17421869958934458
70	75	n/a
70	76	0.12844169360321472
70	77	0.028655431445145086
70	78	n/a
70	79	n/a
70	82	n/a
70	83	n/a
70	84	0.02650069334988495
71	72	0.15109790310245771
71	73	0.08596126408263634
71	74	n/a
71	76	0.17417599201342507
71	77	0.08641685250172138
72	73	0.033781995311685506
72	75	n/a
72	76	0.023093202629373574
72	77	0.0479092703738241
72	78	n/a
72	79	n/a
72	83	n/a
72	84	0.10347154775336115
73	74	n/a
73	76	0.03805782007525674
73	77	0.1308100577774239
73	78	n/a
73	79	n/a
73	83	n/a
73	84	0.01998492403493165
74	75	n/a
74	76	n/a
75	76	n/a
75	77	n/a
75	78	n/a
75	79	n/a
75	80	n/a
75	83	n/a
75	84	n/a
76	77	0.07174184998860202
76	78	n/a
76	79	n/a
76	80	n/a
76	83	n/a
76	84	0.026470007002774208
77	78	n/a
77	79	n/a
77	82	n/a
77	83	n/a
77	84	0.04685667506618413
78	79	n/a
78	81	n/a
78	82	n/a
78	83	n/a
79	82	n/a
79	83	n/a
81	83	n/a
82	83	n/a
#subnet edge score	23.77049790422113