1	3	n/a
1	6	n/a
1	7	n/a
1	8	n/a
1	10	n/a
1	14	n/a
1	17	n/a
1	19	n/a
1	21	n/a
1	23	n/a
1	24	n/a
1	26	n/a
1	27	n/a
1	28	n/a
1	29	n/a
1	30	n/a
1	33	n/a
1	34	n/a
1	36	n/a
1	38	n/a
1	73	n/a
1	77	n/a
2	3	n/a
2	9	n/a
2	11	n/a
2	13	n/a
2	15	n/a
2	16	n/a
2	17	n/a
2	18	n/a
2	19	n/a
2	22	n/a
2	23	n/a
2	24	n/a
2	25	n/a
2	26	n/a
2	27	n/a
2	28	n/a
2	31	n/a
2	34	n/a
2	36	n/a
2	37	n/a
2	38	n/a
2	39	n/a
2	42	n/a
2	43	n/a
2	44	n/a
2	45	n/a
2	49	n/a
2	51	n/a
2	52	n/a
2	62	n/a
2	66	n/a
2	68	n/a
2	71	n/a
2	72	n/a
2	74	n/a
2	75	n/a
2	76	n/a
2	80	n/a
3	6	n/a
3	7	n/a
3	8	n/a
3	10	n/a
3	14	n/a
3	17	n/a
3	18	n/a
3	19	n/a
3	21	n/a
3	22	n/a
3	23	n/a
3	24	n/a
3	26	n/a
3	27	n/a
3	28	n/a
3	29	n/a
3	30	n/a
3	33	n/a
3	34	n/a
3	36	n/a
3	37	n/a
3	38	n/a
3	39	n/a
3	40	n/a
3	43	n/a
3	44	n/a
3	45	n/a
3	46	n/a
3	51	n/a
3	52	n/a
3	65	n/a
3	66	n/a
3	68	n/a
3	71	n/a
3	72	n/a
3	75	n/a
3	76	n/a
4	5	n/a
4	6	n/a
4	7	n/a
4	8	n/a
4	9	n/a
4	10	n/a
4	12	n/a
4	14	n/a
4	15	n/a
4	20	n/a
4	24	n/a
4	28	n/a
4	29	n/a
4	34	n/a
4	36	n/a
4	38	n/a
4	40	n/a
4	41	n/a
4	47	n/a
4	53	n/a
4	58	n/a
4	59	n/a
4	61	n/a
4	69	n/a
4	73	n/a
4	77	n/a
5	6	n/a
5	7	n/a
5	8	n/a
5	9	n/a
5	10	n/a
5	12	n/a
5	15	n/a
5	20	n/a
5	24	n/a
5	27	n/a
5	28	n/a
5	29	n/a
5	32	n/a
5	34	n/a
5	35	n/a
5	36	n/a
5	40	n/a
5	41	n/a
5	47	n/a
5	84	n/a
6	7	n/a
6	8	n/a
6	9	n/a
6	10	n/a
6	12	n/a
6	13	n/a
6	14	n/a
6	15	n/a
6	17	n/a
6	20	n/a
6	23	n/a
6	24	n/a
6	26	n/a
6	28	n/a
6	29	n/a
6	30	n/a
6	32	n/a
6	34	n/a
6	36	n/a
6	38	n/a
6	39	n/a
6	40	n/a
6	41	n/a
6	42	n/a
6	47	n/a
6	58	n/a
6	59	n/a
6	73	n/a
6	77	n/a
7	8	n/a
7	9	n/a
7	10	n/a
7	12	n/a
7	14	n/a
7	15	n/a
7	17	n/a
7	19	n/a
7	20	n/a
7	21	n/a
7	23	n/a
7	24	n/a
7	26	n/a
7	27	n/a
7	28	n/a
7	29	n/a
7	30	n/a
7	32	n/a
7	33	n/a
7	34	n/a
7	36	n/a
7	37	n/a
7	38	n/a
7	39	n/a
7	40	n/a
7	41	n/a
7	43	n/a
7	45	n/a
7	47	n/a
7	58	n/a
7	73	n/a
7	77	n/a
8	9	n/a
8	10	n/a
8	12	n/a
8	13	n/a
8	14	n/a
8	15	n/a
8	17	n/a
8	18	n/a
8	19	n/a
8	20	n/a
8	21	n/a
8	23	n/a
8	24	n/a
8	26	n/a
8	27	n/a
8	28	n/a
8	29	n/a
8	30	n/a
8	32	n/a
8	33	n/a
8	34	n/a
8	36	n/a
8	38	n/a
8	39	n/a
8	40	n/a
8	41	n/a
8	42	n/a
8	43	n/a
8	56	n/a
8	58	n/a
8	73	n/a
8	77	n/a
9	10	n/a
9	12	n/a
9	13	n/a
9	14	n/a
9	15	n/a
9	16	n/a
9	17	n/a
9	20	n/a
9	21	n/a
9	22	n/a
9	23	n/a
9	24	n/a
9	25	n/a
9	26	n/a
9	27	n/a
9	28	n/a
9	29	n/a
9	30	n/a
9	31	n/a
9	33	n/a
9	34	n/a
9	36	n/a
9	37	n/a
9	38	n/a
9	39	n/a
9	40	n/a
9	41	n/a
9	42	n/a
9	43	n/a
9	45	n/a
9	47	n/a
9	49	n/a
9	53	n/a
9	56	n/a
9	58	n/a
9	59	n/a
9	61	n/a
9	62	n/a
9	63	n/a
9	64	n/a
9	65	n/a
9	69	n/a
9	70	n/a
9	71	n/a
9	72	n/a
9	73	n/a
9	75	n/a
9	76	n/a
9	77	n/a
9	78	n/a
9	79	n/a
9	80	n/a
9	83	n/a
10	12	n/a
10	13	n/a
10	14	n/a
10	15	n/a
10	20	n/a
10	24	n/a
10	28	n/a
10	29	n/a
10	30	n/a
10	32	n/a
10	33	n/a
10	34	n/a
10	36	n/a
10	38	n/a
10	39	n/a
10	40	n/a
10	41	n/a
10	43	n/a
10	47	n/a
10	53	n/a
10	55	n/a
10	57	n/a
10	58	n/a
10	59	n/a
10	61	n/a
10	64	n/a
10	69	n/a
10	73	n/a
10	77	n/a
11	13	n/a
11	14	n/a
11	17	n/a
11	18	n/a
11	19	n/a
11	23	n/a
11	25	n/a
11	26	n/a
11	27	n/a
11	29	n/a
11	31	n/a
11	32	n/a
11	34	n/a
11	36	n/a
11	37	n/a
11	38	n/a
11	39	n/a
11	41	n/a
11	42	n/a
11	44	n/a
11	49	n/a
11	51	n/a
11	60	n/a
11	62	n/a
11	67	n/a
11	74	n/a
11	75	n/a
11	76	n/a
11	80	n/a
12	13	n/a
12	14	n/a
12	15	n/a
12	20	n/a
12	24	n/a
12	28	n/a
12	29	n/a
12	32	n/a
12	34	n/a
12	35	n/a
12	36	n/a
12	38	n/a
12	40	n/a
12	41	n/a
12	42	n/a
12	47	n/a
12	53	n/a
12	54	n/a
12	58	n/a
12	59	n/a
12	61	n/a
12	64	n/a
12	69	n/a
12	73	n/a
12	77	n/a
13	14	n/a
13	18	n/a
13	22	n/a
13	24	n/a
13	25	n/a
13	26	n/a
13	27	n/a
13	29	n/a
13	31	n/a
13	32	n/a
13	34	n/a
13	36	n/a
13	37	n/a
13	38	n/a
13	39	n/a
13	40	n/a
13	41	n/a
13	42	n/a
13	43	n/a
13	44	n/a
13	45	n/a
13	46	n/a
13	48	n/a
13	49	n/a
13	51	n/a
13	60	n/a
13	62	n/a
13	67	n/a
13	71	n/a
13	74	n/a
13	75	n/a
13	76	n/a
13	80	n/a
13	83	n/a
14	15	n/a
14	17	n/a
14	18	n/a
14	19	n/a
14	20	n/a
14	21	n/a
14	23	n/a
14	24	n/a
14	26	n/a
14	27	n/a
14	28	n/a
14	29	n/a
14	30	n/a
14	32	n/a
14	33	n/a
14	34	n/a
14	36	n/a
14	38	n/a
14	39	n/a
14	40	n/a
14	41	n/a
14	42	n/a
14	73	n/a
14	77	n/a
15	20	n/a
15	21	n/a
15	22	n/a
15	23	n/a
15	24	n/a
15	27	n/a
15	28	n/a
15	29	n/a
15	30	n/a
15	32	n/a
15	34	n/a
15	35	n/a
15	36	n/a
15	37	n/a
15	38	n/a
15	39	n/a
15	40	n/a
15	41	n/a
15	43	n/a
15	47	n/a
15	53	n/a
15	58	n/a
15	59	n/a
15	61	n/a
15	69	n/a
15	73	n/a
15	77	n/a
15	84	n/a
16	17	n/a
16	21	n/a
16	22	n/a
16	23	n/a
16	24	n/a
16	27	n/a
16	28	n/a
16	30	n/a
16	34	n/a
16	36	n/a
16	37	n/a
16	38	n/a
16	39	n/a
16	40	n/a
16	43	n/a
16	45	n/a
16	46	n/a
16	52	n/a
16	65	n/a
16	70	n/a
16	71	n/a
16	72	n/a
16	73	n/a
16	76	n/a
16	77	n/a
16	79	n/a
17	18	n/a
17	19	n/a
17	21	n/a
17	22	n/a
17	23	n/a
17	24	n/a
17	26	n/a
17	27	n/a
17	28	n/a
17	29	n/a
17	30	n/a
17	33	n/a
17	34	n/a
17	36	n/a
17	37	n/a
17	38	n/a
17	39	n/a
17	43	n/a
17	44	n/a
17	51	n/a
17	52	n/a
17	66	n/a
17	72	n/a
17	75	n/a
17	76	n/a
18	19	n/a
18	21	n/a
18	23	n/a
18	25	n/a
18	26	n/a
18	27	n/a
18	29	n/a
18	30	n/a
18	31	n/a
18	34	n/a
18	36	n/a
18	37	n/a
18	38	n/a
18	39	n/a
18	42	n/a
18	44	n/a
18	62	n/a
18	67	n/a
18	74	n/a
18	75	n/a
18	76	n/a
18	80	n/a
19	21	n/a
19	23	n/a
19	25	n/a
19	26	n/a
19	27	n/a
19	29	n/a
19	30	n/a
19	31	n/a
19	33	n/a
19	34	n/a
19	36	n/a
19	37	n/a
19	38	n/a
19	39	n/a
19	44	n/a
19	51	n/a
19	52	n/a
19	68	n/a
19	74	n/a
19	75	n/a
19	76	n/a
19	80	n/a
20	24	n/a
20	28	n/a
20	29	n/a
20	32	n/a
20	34	n/a
20	36	n/a
20	38	n/a
20	40	n/a
20	41	n/a
20	47	n/a
20	53	n/a
20	58	n/a
20	59	n/a
20	61	n/a
20	64	n/a
20	69	n/a
20	73	n/a
20	77	n/a
21	22	n/a
21	23	n/a
21	24	n/a
21	26	n/a
21	27	n/a
21	28	n/a
21	29	n/a
21	30	n/a
21	33	n/a
21	34	n/a
21	35	n/a
21	36	n/a
21	37	n/a
21	38	n/a
21	39	n/a
21	40	n/a
21	41	n/a
21	43	n/a
21	65	n/a
21	70	n/a
21	71	n/a
21	72	n/a
21	73	n/a
21	76	n/a
21	77	n/a
21	78	n/a
21	79	n/a
21	82	n/a
22	23	n/a
22	24	n/a
22	25	n/a
22	26	n/a
22	27	n/a
22	28	n/a
22	29	n/a
22	30	n/a
22	31	n/a
22	34	n/a
22	36	n/a
22	37	n/a
22	38	n/a
22	39	n/a
22	40	n/a
22	42	n/a
22	43	n/a
22	44	n/a
22	45	n/a
22	46	n/a
22	51	n/a
22	52	n/a
22	58	n/a
22	62	n/a
22	65	n/a
22	70	n/a
22	71	n/a
22	72	n/a
22	73	n/a
22	75	n/a
22	76	n/a
22	77	n/a
22	79	n/a
22	80	n/a
23	24	n/a
23	26	n/a
23	27	n/a
23	28	n/a
23	29	n/a
23	30	n/a
23	33	n/a
23	34	n/a
23	35	n/a
23	36	n/a
23	37	n/a
23	38	n/a
23	39	n/a
23	40	n/a
23	41	n/a
23	43	n/a
23	44	n/a
23	45	n/a
23	46	n/a
23	51	n/a
23	52	n/a
23	65	n/a
23	66	n/a
23	70	n/a
23	71	n/a
23	72	n/a
23	73	n/a
23	76	n/a
23	77	n/a
23	79	n/a
23	84	n/a
24	25	n/a
24	26	n/a
24	27	n/a
24	28	n/a
24	29	n/a
24	30	n/a
24	31	n/a
24	32	n/a
24	33	n/a
24	34	n/a
24	36	n/a
24	37	n/a
24	38	n/a
24	39	n/a
24	40	n/a
24	41	n/a
24	42	n/a
24	43	0.08729217525476339
24	45	0.016487665782643546
24	46	0.010261007913266125
24	47	0.013436106911988531
24	48	0.03906796138512398
24	50	0.007451639765233718
24	51	n/a
24	52	0.18075488844285267
24	53	n/a
24	55	0.026730541686780518
24	56	0.13438063682694598
24	57	0.07377157990852398
24	58	n/a
24	59	0.07584195221150912
24	61	n/a
24	62	n/a
24	63	0.026543972667852363
24	64	0.03403280402272218
24	65	n/a
24	69	n/a
24	70	0.14711151454630203
24	71	0.029589779054033188
24	72	0.18396043272778292
24	73	0.017177460004751493
24	76	0.17744912536612964
24	77	0.02790766035629323
24	78	0.043501122152908994
24	79	7.998677226106146E-4
24	80	n/a
24	82	n/a
24	83	n/a
25	26	n/a
25	27	n/a
25	31	n/a
25	34	n/a
25	36	n/a
25	37	n/a
25	38	n/a
25	42	n/a
25	43	n/a
25	44	n/a
25	45	n/a
25	49	n/a
25	51	n/a
25	60	n/a
25	62	n/a
25	67	n/a
25	74	n/a
25	75	n/a
25	76	n/a
25	80	n/a
26	27	n/a
26	28	n/a
26	29	n/a
26	30	n/a
26	31	n/a
26	33	n/a
26	34	n/a
26	36	n/a
26	37	n/a
26	38	n/a
26	39	n/a
26	42	n/a
26	43	n/a
26	44	n/a
26	45	n/a
26	46	n/a
26	49	n/a
26	51	n/a
26	52	n/a
26	60	n/a
26	62	n/a
26	66	n/a
26	67	n/a
26	68	n/a
26	71	n/a
26	74	n/a
26	75	n/a
26	76	n/a
26	80	n/a
26	83	n/a
27	28	n/a
27	29	n/a
27	30	n/a
27	31	n/a
27	33	n/a
27	34	n/a
27	35	n/a
27	36	n/a
27	37	n/a
27	38	n/a
27	39	n/a
27	40	n/a
27	41	n/a
27	42	n/a
27	43	n/a
27	44	n/a
27	45	n/a
27	46	n/a
27	47	n/a
27	49	n/a
27	51	n/a
27	52	n/a
27	58	n/a
27	60	n/a
27	62	n/a
27	65	n/a
27	66	n/a
27	67	n/a
27	68	n/a
27	70	n/a
27	71	n/a
27	72	n/a
27	73	n/a
27	74	n/a
27	75	n/a
27	76	n/a
27	77	n/a
27	80	n/a
27	83	n/a
27	84	n/a
28	29	n/a
28	30	n/a
28	32	n/a
28	33	n/a
28	34	n/a
28	35	n/a
28	36	n/a
28	37	n/a
28	38	n/a
28	39	n/a
28	40	n/a
28	41	n/a
28	43	n/a
28	45	n/a
28	46	n/a
28	47	n/a
28	48	n/a
28	50	n/a
28	53	n/a
28	55	n/a
28	56	n/a
28	57	n/a
28	58	n/a
28	59	n/a
28	61	n/a
28	63	n/a
28	64	n/a
28	65	n/a
28	69	n/a
28	70	n/a
28	71	n/a
28	72	n/a
28	73	n/a
28	76	n/a
28	77	n/a
28	78	n/a
28	79	n/a
28	82	n/a
28	83	n/a
29	30	n/a
29	32	n/a
29	33	n/a
29	34	n/a
29	36	n/a
29	38	n/a
29	39	n/a
29	40	n/a
29	41	n/a
29	42	n/a
29	43	n/a
29	58	n/a
29	73	n/a
29	77	n/a
30	33	n/a
30	34	n/a
30	36	n/a
30	37	n/a
30	38	n/a
30	39	n/a
30	40	n/a
30	41	n/a
30	43	n/a
30	45	n/a
30	58	n/a
30	65	n/a
30	70	n/a
30	71	n/a
30	73	n/a
30	77	n/a
30	78	n/a
30	79	n/a
31	34	n/a
31	36	n/a
31	37	n/a
31	38	n/a
31	42	n/a
31	43	n/a
31	44	n/a
31	45	n/a
31	49	n/a
31	51	n/a
31	60	n/a
31	62	n/a
31	67	n/a
31	68	n/a
31	71	n/a
31	74	n/a
31	75	n/a
31	76	n/a
31	80	n/a
32	34	n/a
32	36	n/a
32	38	n/a
32	39	n/a
32	40	n/a
32	41	n/a
32	42	n/a
33	34	n/a
33	36	n/a
33	38	n/a
33	43	n/a
33	73	n/a
33	77	n/a
34	36	n/a
34	37	n/a
34	38	n/a
34	39	n/a
34	40	n/a
34	41	n/a
34	42	n/a
34	43	n/a
34	49	n/a
34	51	n/a
34	58	n/a
34	62	n/a
34	73	n/a
34	75	n/a
34	76	n/a
34	77	n/a
34	80	n/a
35	36	n/a
35	37	n/a
35	38	n/a
35	39	n/a
35	40	n/a
35	41	n/a
35	42	n/a
35	43	n/a
35	44	n/a
35	45	n/a
35	46	n/a
35	47	n/a
35	48	n/a
35	54	n/a
35	64	n/a
35	72	n/a
35	84	n/a
36	37	n/a
36	38	n/a
36	39	n/a
36	40	n/a
36	41	n/a
36	42	n/a
36	43	n/a
36	44	n/a
36	45	n/a
36	46	n/a
36	47	n/a
36	48	n/a
36	51	n/a
36	52	n/a
36	56	n/a
36	58	n/a
36	64	n/a
36	65	n/a
36	66	n/a
36	68	n/a
36	70	n/a
36	71	n/a
36	72	n/a
36	73	n/a
36	74	n/a
36	75	n/a
36	76	n/a
36	77	n/a
36	78	n/a
36	79	n/a
36	80	n/a
36	82	n/a
36	83	n/a
36	84	n/a
37	38	n/a
37	39	n/a
37	40	n/a
37	41	n/a
37	42	n/a
37	43	n/a
37	44	n/a
37	45	n/a
37	46	n/a
37	49	n/a
37	51	n/a
37	52	n/a
37	60	n/a
37	62	n/a
37	65	n/a
37	67	n/a
37	68	n/a
37	71	n/a
37	72	n/a
37	74	n/a
37	75	n/a
37	76	n/a
37	80	n/a
37	84	n/a
38	39	n/a
38	40	n/a
38	41	n/a
38	42	n/a
38	43	n/a
38	44	n/a
38	45	n/a
38	46	n/a
38	48	n/a
38	49	n/a
38	51	n/a
38	52	n/a
38	56	n/a
38	58	n/a
38	62	n/a
38	65	n/a
38	66	n/a
38	67	n/a
38	68	n/a
38	71	n/a
38	72	n/a
38	73	n/a
38	74	n/a
38	75	n/a
38	76	n/a
38	77	n/a
38	80	n/a
38	84	n/a
39	40	n/a
39	41	n/a
39	42	n/a
39	43	n/a
39	44	n/a
39	45	n/a
39	46	n/a
39	48	n/a
39	51	n/a
39	52	n/a
39	65	n/a
39	71	n/a
39	72	n/a
39	73	n/a
39	75	n/a
39	76	n/a
39	77	n/a
39	84	n/a
40	41	n/a
40	42	n/a
40	43	n/a
40	45	n/a
40	47	n/a
40	48	n/a
40	53	n/a
40	54	n/a
40	56	n/a
40	58	n/a
40	59	n/a
40	61	n/a
40	64	n/a
40	69	n/a
40	73	n/a
40	76	n/a
40	77	n/a
40	78	n/a
40	84	n/a
41	42	n/a
41	43	n/a
41	45	n/a
41	46	n/a
41	47	n/a
41	48	n/a
41	49	n/a
41	57	n/a
41	73	n/a
41	77	n/a
41	83	n/a
41	84	n/a
42	44	n/a
42	45	n/a
42	46	n/a
42	48	n/a
42	49	n/a
42	51	n/a
42	60	n/a
42	62	n/a
42	74	n/a
42	75	n/a
42	76	n/a
42	80	n/a
42	83	n/a
43	44	0.08546311008860175
43	45	0.18868272988335652
43	46	0.013569361417861065
43	47	0.027623016556199878
43	48	0.06012092448106148
43	49	n/a
43	50	0.06093819316880302
43	51	n/a
43	52	0.06258867476731103
43	53	n/a
43	54	0.16998167310085416
43	55	0.13543682151805175
43	56	0.058189541312353175
43	57	0.022061603781886378
43	58	n/a
43	59	0.10517866316361427
43	60	0.023359696102848736
43	61	n/a
43	62	n/a
43	63	0.001162123528617023
43	64	0.05809658386746395
43	65	n/a
43	66	0.007508733855447029
43	67	0.0047042811991465
43	68	0.07126570667808492
43	69	n/a
43	70	0.021771124228281466
43	71	0.03067674108101313
43	72	0.07045152650803849
43	73	0.051331697997448335
43	74	n/a
43	75	0.12129175138475867
43	76	0.058083899691475
43	77	0.01796638648624962
43	78	0.1502763665666481
43	79	0.07862819898187558
43	80	n/a
43	81	0.25622909782944153
43	82	n/a
43	83	n/a
43	84	n/a
44	45	0.189540983561828
44	46	0.03981271349939899
44	47	0.041645123656148385
44	48	0.1467814863834209
44	49	n/a
44	51	n/a
44	52	0.05071555164636092
44	56	0.13115721998077035
44	60	0.00604728609039803
44	62	n/a
44	63	0.09292461230535498
44	65	n/a
44	66	0.03094836728564487
44	67	0.06465685765652328
44	68	0.009151019024351897
44	70	0.12114556855184604
44	71	0.004311703802829713
44	72	0.026192706578669116
44	73	0.019719272937835312
44	74	n/a
44	75	0.047198147378450454
44	76	0.033218925383448984
44	77	0.05041826885119704
44	79	0.1415737192742276
44	80	n/a
44	83	n/a
44	84	n/a
45	46	0.11513866132360691
45	47	0.18915557953788692
45	48	0.026825240327670793
45	49	n/a
45	50	0.008373907684920696
45	51	n/a
45	52	0.06085280243844356
45	53	n/a
45	55	0.09233845024561484
45	56	0.08109113755229609
45	57	0.08059309485520368
45	58	n/a
45	59	0.045826464478313615
45	60	0.11064025261476587
45	61	n/a
45	62	n/a
45	63	0.1603507835096511
45	64	0.10113970394771797
45	65	n/a
45	66	0.03928527156153108
45	67	0.1548701527495347
45	68	0.1587377365703501
45	69	n/a
45	70	0.06929095368653412
45	71	0.07063136084247408
45	72	0.09377311059675653
45	73	0.13889951068332893
45	74	n/a
45	75	0.11613006944356527
45	76	0.03286092223501356
45	77	0.15138604277403947
45	78	0.009386869269983356
45	79	0.0038926157881372927
45	80	n/a
45	81	0.0844882682556817
45	82	n/a
45	83	n/a
45	84	n/a
46	47	0.023637315847390494
46	48	0.24232646945229638
46	49	n/a
46	51	n/a
46	52	0.15932347432110713
46	55	0.04174027990040943
46	56	0.02579787333230906
46	57	0.0908241730353693
46	58	n/a
46	59	0.052632272804503735
46	60	0.06194954144938819
46	63	0.0807684449977819
46	64	0.08399692076061782
46	65	n/a
46	66	0.126852529547131
46	67	0.07398924942344946
46	68	0.030552333879710247
46	70	0.08283937441447659
46	71	0.02531379908545821
46	72	0.1251007338374062
46	73	0.1001312155819936
46	75	0.044979473838195866
46	76	0.046624967205163736
46	77	0.08407503174926784
46	78	0.06450736271115624
46	79	0.06220633522132153
46	80	n/a
46	81	0.08275139442919774
46	83	n/a
46	84	n/a
47	48	0.06228285608661865
47	49	n/a
47	51	n/a
47	52	0.1277274691068709
47	53	n/a
47	54	0.1283816723093661
47	55	0.03888258358187923
47	56	0.041593307392354784
47	57	0.23601387130701404
47	58	n/a
47	59	0.060916419168096446
47	61	n/a
47	63	0.07324039030866712
47	64	0.14930502577211854
47	65	n/a
47	69	n/a
47	70	0.0746839371074284
47	71	0.07041702635417933
47	72	0.145249066423558
47	73	0.10766437966273168
47	75	0.08955521716737032
47	76	0.11929729841363383
47	77	0.016241809882805602
47	78	0.058190085783119024
47	79	0.1966692364503668
47	81	0.11588636445431415
47	83	n/a
47	84	n/a
48	49	n/a
48	53	n/a
48	54	0.1371563935299182
48	55	0.07957019867270353
48	56	0.07722000594119573
48	57	0.1732005116740028
48	58	n/a
48	59	0.11957392340829334
48	60	0.11220132057195824
48	61	n/a
48	62	n/a
48	63	0.134058596560754
48	64	0.11394169744360445
48	69	n/a
48	70	0.15144011581949857
48	72	0.05625072800072042
48	73	0.11742904571742394
48	75	0.061316972336720905
48	76	0.06389210963176918
48	77	0.09665142184062081
48	78	0.17063499082119177
48	79	0.18197380582729097
48	81	0.029023177530897434
48	83	n/a
48	84	n/a
49	51	n/a
49	57	n/a
49	58	n/a
49	60	n/a
49	62	n/a
49	63	n/a
49	67	n/a
49	71	n/a
49	73	n/a
49	74	n/a
49	75	n/a
49	76	n/a
49	80	n/a
49	83	n/a
49	84	n/a
50	52	0.13994355468212752
50	56	0.0882862167010836
50	57	0.10073395612207477
50	58	n/a
50	59	0.014638927698887822
50	63	0.11089386761615748
50	66	0.20106984178411924
50	68	0.10955619052800847
50	70	0.07551452463471367
50	72	0.150856856166269
50	73	0.05818570582158595
50	75	0.10830143489172032
50	76	0.13851938813663783
50	77	0.059640605858146324
50	78	0.01590520094995287
50	79	0.2201631281755997
50	82	n/a
50	83	n/a
51	52	n/a
51	54	n/a
51	58	n/a
51	60	n/a
51	62	n/a
51	64	n/a
51	65	n/a
51	66	n/a
51	68	n/a
51	71	n/a
51	72	n/a
51	73	n/a
51	74	n/a
51	75	n/a
51	76	n/a
51	77	n/a
51	80	n/a
51	83	n/a
52	55	0.02500701775166004
52	56	0.05022027448462182
52	57	0.022345002931699824
52	59	0.0465106001504818
52	63	0.024513979096510555
52	66	0.06015670320992914
52	67	0.17711261305388554
52	68	0.12343001810207135
52	70	0.048150703803177465
52	71	0.15762261756042936
52	72	0.08852446800095264
52	73	0.0143770771058356
52	75	0.05675588544350973
52	76	0.12080090530857145
52	77	0.1189277077284519
52	78	0.02091258579418914
52	79	0.11837011976431806
52	83	n/a
53	54	n/a
53	55	n/a
53	56	n/a
53	57	n/a
53	58	n/a
53	59	n/a
53	61	n/a
53	63	n/a
53	64	n/a
53	69	n/a
53	73	n/a
53	77	n/a
53	78	n/a
53	83	n/a
54	55	0.08673829433002958
54	56	0.1592518715735623
54	57	0.10536851615083313
54	58	n/a
54	59	0.15461875978509385
54	61	n/a
54	64	0.023461768124261418
54	69	n/a
54	71	0.16448787129968356
54	73	0.07277571558730568
54	76	0.19709965568540433
54	77	0.030727820856081108
54	78	0.08441831592285087
54	81	0.08245700932083141
54	83	n/a
54	84	n/a
55	56	0.05318906820675037
55	57	0.06753357745314587
55	58	n/a
55	59	0.01023551654962197
55	61	n/a
55	63	0.27005371395082306
55	64	0.19701931115169935
55	69	n/a
55	72	0.08233364837969194
55	73	0.048994238608437234
55	77	0.11334597590936969
55	78	0.09055253170870686
55	81	0.053547786010651834
55	83	n/a
56	57	0.12393020172112275
56	58	n/a
56	59	0.031173601281309082
56	60	0.164067992124098
56	61	n/a
56	63	0.03351695504405074
56	64	0.003042975844206102
56	66	0.029082705088080918
56	67	0.10289113626256918
56	68	0.06440693643535883
56	69	n/a
56	70	0.006025905704974956
56	72	0.013915397977240522
56	73	0.015478240432976697
56	75	0.013747277187262303
56	76	0.1458230314600211
56	77	0.018791536464823753
56	78	0.11433073800591279
56	79	0.0021090128031417367
56	81	0.12276148262421988
56	82	n/a
56	83	n/a
57	58	n/a
57	59	0.1477267144000022
57	60	0.06463906648643346
57	61	n/a
57	63	0.019976913033328308
57	64	0.14060850435390718
57	66	0.11830560568016697
57	67	0.20339186665765838
57	68	0.07320229672983712
57	69	n/a
57	70	0.05664152858471255
57	72	0.0427889365272046
57	73	0.06601079680231937
57	75	0.09041258485135115
57	76	0.060791442587742245
57	77	0.1051082195960181
57	78	0.052873035655518076
57	79	0.07458089892077437
57	81	0.019510730497871213
57	83	n/a
58	59	n/a
58	61	n/a
58	62	n/a
58	63	n/a
58	64	n/a
58	69	n/a
58	71	n/a
58	73	n/a
58	74	n/a
58	75	n/a
58	76	n/a
58	77	n/a
58	78	n/a
58	79	n/a
58	80	n/a
58	82	n/a
58	83	n/a
59	60	0.10907293047386364
59	61	n/a
59	63	0.1218438011671195
59	64	0.11746499188758762
59	69	n/a
59	73	0.09005242085397369
59	77	0.029182670851593914
59	78	0.0031398777784825563
59	81	0.14925293393824154
59	82	n/a
59	83	n/a
60	61	n/a
60	62	n/a
60	63	0.029828919287149567
60	66	0.0976877479409182
60	67	0.005225134134360679
60	68	0.01943136802479847
60	70	0.04603204267328684
60	72	0.05862908592497549
60	74	n/a
60	75	0.15563190618324682
60	76	0.009548086750144734
60	78	0.06686082786040223
60	79	0.009740021196945418
60	80	n/a
60	81	0.18153881502393965
60	83	n/a
61	63	n/a
61	64	n/a
61	69	n/a
61	73	n/a
61	77	n/a
61	78	n/a
61	81	n/a
61	83	n/a
62	67	n/a
62	71	n/a
62	73	n/a
62	74	n/a
62	75	n/a
62	76	n/a
62	78	n/a
62	80	n/a
62	81	n/a
62	83	n/a
63	64	0.05356258014382807
63	66	0.11439574796918596
63	67	0.2189240967080496
63	68	0.011585728888209265
63	69	n/a
63	70	0.021911209999976988
63	72	0.0027428230726633212
63	73	0.015080683310059916
63	75	0.05393817164986069
63	76	0.04295996963982066
63	77	0.061786847255529166
63	78	0.09593128685019393
63	79	0.09716465123013286
63	80	n/a
63	81	0.0470604732835445
63	82	n/a
63	83	n/a
64	69	n/a
64	70	0.015083108025837894
64	71	0.049100678764344104
64	72	0.04179736582014354
64	73	0.0014871860887074847
64	74	n/a
64	76	0.0885257910102717
64	77	0.026460217297542984
64	78	0.015034501810591763
64	79	0.04245876019853053
64	81	0.0127556485758745
64	83	n/a
64	84	n/a
65	70	n/a
65	71	n/a
65	72	n/a
65	73	n/a
65	76	n/a
65	77	n/a
65	79	n/a
65	82	n/a
65	83	n/a
65	84	n/a
66	67	0.15865853768141505
66	68	0.02647528410862359
66	70	0.07223664785926415
66	71	0.012734623516891795
66	72	0.017432331061899578
66	73	0.10768283923883466
66	75	0.05409501682489957
66	76	0.01973170069708146
66	77	0.07497626312981301
66	78	0.08693427897446586
66	79	0.10868370118356459
66	82	n/a
66	83	n/a
67	68	0.013633355691934853
67	70	0.009687251662951944
67	72	0.1654700041406587
67	74	n/a
67	75	0.0479503097304324
67	76	0.07962129214984319
67	77	0.034909170386055836
67	78	0.10895393098019074
67	79	0.15073786864621236
67	80	n/a
67	83	n/a
68	70	0.23719946886390994
68	72	0.13440615149085136
68	74	n/a
68	75	0.0020210313065449283
68	76	0.04732625859609053
68	77	0.0936968637055468
68	78	0.060309099764832744
68	79	0.06656914516489996
68	80	n/a
68	82	n/a
68	83	n/a
69	73	n/a
69	77	n/a
69	78	n/a
69	83	n/a
70	71	0.06713753290112519
70	72	0.1172574859613323
70	73	0.07541657421826575
70	75	0.10465680792498677
70	76	0.018381952663882185
70	77	0.010436310706081264
70	78	0.08511087018285562
70	79	0.034768800009580186
70	82	n/a
70	83	n/a
70	84	n/a
71	72	0.01853474002950106
71	73	0.1004941436401099
71	74	n/a
71	75	0.07595861497530737
71	76	0.034982414134176514
71	77	0.14611791773365898
71	78	0.09520657365198587
71	79	0.04804597880013762
71	80	n/a
71	83	n/a
72	73	0.05541137950538961
72	75	0.08517515010050562
72	76	0.03188189900326199
72	77	0.04180676431069408
72	78	0.03970265860497602
72	79	0.21560288909325148
72	82	n/a
72	83	n/a
72	84	n/a
73	74	n/a
73	75	0.05765549821351343
73	76	0.004973431479125749
73	77	0.05853518612727265
73	78	0.05069297954988363
73	79	0.013564626808314457
73	80	n/a
73	81	0.08610498217072916
73	82	n/a
73	83	n/a
74	75	n/a
74	76	n/a
74	80	n/a
74	83	n/a
75	76	0.10607774965941441
75	77	0.09114962384823072
75	78	0.03211222827251729
75	79	0.0318461384844667
75	80	n/a
75	82	n/a
75	83	n/a
76	77	0.04781823377910845
76	78	0.024948906596644074
76	79	0.09315015676601054
76	80	n/a
76	82	n/a
76	83	n/a
76	84	n/a
77	78	0.023904042856326888
77	79	0.057089010960613876
77	81	0.1605166477919957
77	82	n/a
77	83	n/a
77	84	n/a
78	79	0.06864309791190466
78	80	n/a
78	81	0.016876762385627436
78	82	n/a
78	83	n/a
79	82	n/a
79	83	n/a
80	83	n/a
81	83	n/a
82	83	n/a
#subnet edge score	26.715573431008526