1	3	n/a
1	6	n/a
1	7	n/a
1	8	n/a
1	10	n/a
1	14	n/a
1	17	n/a
1	19	n/a
1	21	n/a
1	23	n/a
1	24	n/a
1	26	n/a
1	27	n/a
1	28	n/a
1	29	n/a
1	30	n/a
1	33	n/a
1	34	n/a
1	36	n/a
1	38	n/a
1	73	n/a
1	77	n/a
2	3	0.08255077814789978
2	9	0.011415378039639736
2	11	n/a
2	13	0.13257281876249574
2	15	0.15404914769759148
2	16	n/a
2	17	0.12522648978164272
2	18	n/a
2	19	n/a
2	22	0.024437980292543477
2	23	0.12065480504743739
2	24	0.0015593721342151744
2	25	n/a
2	26	n/a
2	27	0.01738355745847767
2	28	0.10677162390458145
2	31	n/a
2	34	0.04881418661752941
2	36	0.12869966102103703
2	37	0.08092463595261247
2	38	0.07251742482968955
2	39	0.09858491825266223
2	42	0.041396429594982444
2	43	n/a
2	44	n/a
2	45	n/a
2	49	n/a
2	51	n/a
2	52	0.19251269728883874
2	62	n/a
2	66	n/a
2	68	n/a
2	71	n/a
2	72	n/a
2	74	n/a
2	75	n/a
2	76	0.14633720996755104
2	80	n/a
3	6	0.007279202553318146
3	7	n/a
3	8	n/a
3	10	n/a
3	14	n/a
3	17	0.1556988924036032
3	18	n/a
3	19	n/a
3	21	0.016346519753042334
3	22	0.06367881476759578
3	23	0.006497478093120846
3	24	0.17823635383002254
3	26	n/a
3	27	0.136509789711736
3	28	0.051452186790358366
3	29	0.03570109825535857
3	30	0.059480553287036574
3	33	n/a
3	34	0.08188387256370712
3	36	0.08006809311173452
3	37	0.058962854845857754
3	38	0.13922076782744164
3	39	0.1992458226347852
3	40	0.06106573654477171
3	43	n/a
3	44	n/a
3	45	n/a
3	46	n/a
3	51	n/a
3	52	0.06231613651876544
3	65	n/a
3	66	n/a
3	68	n/a
3	71	n/a
3	72	n/a
3	75	n/a
3	76	0.09125164960948798
4	5	n/a
4	6	n/a
4	7	n/a
4	8	n/a
4	9	n/a
4	10	n/a
4	12	n/a
4	14	n/a
4	15	n/a
4	20	n/a
4	24	n/a
4	28	n/a
4	29	n/a
4	34	n/a
4	36	n/a
4	38	n/a
4	40	n/a
4	41	n/a
4	47	n/a
4	53	n/a
4	58	n/a
4	59	n/a
4	61	n/a
4	69	n/a
4	73	n/a
4	77	n/a
5	6	n/a
5	7	n/a
5	8	n/a
5	9	n/a
5	10	n/a
5	12	n/a
5	15	n/a
5	20	n/a
5	24	n/a
5	27	n/a
5	28	n/a
5	29	n/a
5	32	n/a
5	34	n/a
5	35	n/a
5	36	n/a
5	40	n/a
5	41	n/a
5	47	n/a
5	84	n/a
6	7	n/a
6	8	n/a
6	9	0.15040202141001463
6	10	n/a
6	12	n/a
6	13	0.19916620924600764
6	14	n/a
6	15	0.1285947367839238
6	17	0.023406104640055835
6	20	n/a
6	23	0.0707962666560285
6	24	0.04398341240954979
6	26	n/a
6	28	0.034338544280282976
6	29	0.06715038818918909
6	30	0.0931737781290493
6	32	n/a
6	34	0.03460309106305817
6	36	0.054786947867117484
6	38	0.10363721438687563
6	39	0.03571614586035563
6	40	0.18857551569997794
6	41	0.0486634487061261
6	42	0.17208150855543963
6	47	n/a
6	58	n/a
6	59	n/a
6	73	n/a
6	77	n/a
7	8	n/a
7	9	n/a
7	10	n/a
7	12	n/a
7	14	n/a
7	15	n/a
7	17	n/a
7	19	n/a
7	20	n/a
7	21	n/a
7	23	n/a
7	24	n/a
7	26	n/a
7	27	n/a
7	28	n/a
7	29	n/a
7	30	n/a
7	32	n/a
7	33	n/a
7	34	n/a
7	36	n/a
7	37	n/a
7	38	n/a
7	39	n/a
7	40	n/a
7	41	n/a
7	43	n/a
7	45	n/a
7	47	n/a
7	58	n/a
7	73	n/a
7	77	n/a
8	9	n/a
8	10	n/a
8	12	n/a
8	13	n/a
8	14	n/a
8	15	n/a
8	17	n/a
8	18	n/a
8	19	n/a
8	20	n/a
8	21	n/a
8	23	n/a
8	24	n/a
8	26	n/a
8	27	n/a
8	28	n/a
8	29	n/a
8	30	n/a
8	32	n/a
8	33	n/a
8	34	n/a
8	36	n/a
8	38	n/a
8	39	n/a
8	40	n/a
8	41	n/a
8	42	n/a
8	43	n/a
8	56	n/a
8	58	n/a
8	73	n/a
8	77	n/a
9	10	n/a
9	12	n/a
9	13	0.004714185547883092
9	14	n/a
9	15	0.09139588274548512
9	16	n/a
9	17	0.014703262648390343
9	20	n/a
9	21	0.048770151412479305
9	22	0.028367638387417952
9	23	0.09761306615895667
9	24	0.020835617313298076
9	25	n/a
9	26	n/a
9	27	0.0838370752718921
9	28	0.042500017920882614
9	29	0.03134416958095619
9	30	0.13065205924224466
9	31	n/a
9	33	n/a
9	34	0.15817611338709772
9	36	0.1645774254616853
9	37	0.07356633587286772
9	38	0.17620662533319056
9	39	0.037005993823573426
9	40	0.05099576083139627
9	41	0.06342187128340893
9	42	0.058044032085767375
9	43	n/a
9	45	n/a
9	47	n/a
9	49	n/a
9	53	n/a
9	56	n/a
9	58	n/a
9	59	n/a
9	61	n/a
9	62	n/a
9	63	n/a
9	64	n/a
9	65	n/a
9	69	n/a
9	70	n/a
9	71	n/a
9	72	n/a
9	73	n/a
9	75	n/a
9	76	0.10577225488503586
9	77	n/a
9	78	n/a
9	79	n/a
9	80	n/a
9	83	n/a
10	12	n/a
10	13	n/a
10	14	n/a
10	15	n/a
10	20	n/a
10	24	n/a
10	28	n/a
10	29	n/a
10	30	n/a
10	32	n/a
10	33	n/a
10	34	n/a
10	36	n/a
10	38	n/a
10	39	n/a
10	40	n/a
10	41	n/a
10	43	n/a
10	47	n/a
10	53	n/a
10	55	n/a
10	57	n/a
10	58	n/a
10	59	n/a
10	61	n/a
10	64	n/a
10	69	n/a
10	73	n/a
10	77	n/a
11	13	n/a
11	14	n/a
11	17	n/a
11	18	n/a
11	19	n/a
11	23	n/a
11	25	n/a
11	26	n/a
11	27	n/a
11	29	n/a
11	31	n/a
11	32	n/a
11	34	n/a
11	36	n/a
11	37	n/a
11	38	n/a
11	39	n/a
11	41	n/a
11	42	n/a
11	44	n/a
11	49	n/a
11	51	n/a
11	60	n/a
11	62	n/a
11	67	n/a
11	74	n/a
11	75	n/a
11	76	n/a
11	80	n/a
12	13	n/a
12	14	n/a
12	15	n/a
12	20	n/a
12	24	n/a
12	28	n/a
12	29	n/a
12	32	n/a
12	34	n/a
12	35	n/a
12	36	n/a
12	38	n/a
12	40	n/a
12	41	n/a
12	42	n/a
12	47	n/a
12	53	n/a
12	54	n/a
12	58	n/a
12	59	n/a
12	61	n/a
12	64	n/a
12	69	n/a
12	73	n/a
12	77	n/a
13	14	n/a
13	18	n/a
13	22	0.15315512427375053
13	24	0.1069575220131333
13	25	n/a
13	26	n/a
13	27	0.004366529802595454
13	29	0.117205583693944
13	31	n/a
13	32	n/a
13	34	0.08005488667258133
13	36	0.03444575090514834
13	37	0.03846933011435009
13	38	0.08142291677114127
13	39	0.04016992118569172
13	40	0.11917984395305674
13	41	0.2615262632404029
13	42	0.12472744925992588
13	43	n/a
13	44	n/a
13	45	n/a
13	46	n/a
13	48	n/a
13	49	n/a
13	51	n/a
13	60	n/a
13	62	n/a
13	67	n/a
13	71	n/a
13	74	n/a
13	75	n/a
13	76	0.1562113577367674
13	80	n/a
13	83	n/a
14	15	n/a
14	17	n/a
14	18	n/a
14	19	n/a
14	20	n/a
14	21	n/a
14	23	n/a
14	24	n/a
14	26	n/a
14	27	n/a
14	28	n/a
14	29	n/a
14	30	n/a
14	32	n/a
14	33	n/a
14	34	n/a
14	36	n/a
14	38	n/a
14	39	n/a
14	40	n/a
14	41	n/a
14	42	n/a
14	73	n/a
14	77	n/a
15	20	n/a
15	21	0.0654603109712209
15	22	0.08805169126305017
15	23	0.05245878467815337
15	24	0.07472421014141112
15	27	0.08673832757613195
15	28	0.03419261715078156
15	29	0.14589446267914088
15	30	0.08723383027905122
15	32	n/a
15	34	0.05776030995008418
15	35	n/a
15	36	0.16229369687524872
15	37	0.11689167936648319
15	38	0.021080084149465078
15	39	0.18211139895747214
15	40	0.03220437543465754
15	41	0.14812942721608502
15	43	n/a
15	47	n/a
15	53	n/a
15	58	n/a
15	59	n/a
15	61	n/a
15	69	n/a
15	73	n/a
15	77	n/a
15	84	n/a
16	17	n/a
16	21	n/a
16	22	n/a
16	23	n/a
16	24	n/a
16	27	n/a
16	28	n/a
16	30	n/a
16	34	n/a
16	36	n/a
16	37	n/a
16	38	n/a
16	39	n/a
16	40	n/a
16	43	n/a
16	45	n/a
16	46	n/a
16	52	n/a
16	65	n/a
16	70	n/a
16	71	n/a
16	72	n/a
16	73	n/a
16	76	n/a
16	77	n/a
16	79	n/a
17	18	n/a
17	19	n/a
17	21	0.14132761374442457
17	22	0.03797814796070004
17	23	0.1749237547328254
17	24	0.08004533170349358
17	26	n/a
17	27	0.11514547327213558
17	28	0.07837360494611006
17	29	0.17174546367475094
17	30	0.03705534234277922
17	33	n/a
17	34	0.007655788887888288
17	36	0.08820600947818101
17	37	0.004037248007770442
17	38	0.029531638913715522
17	39	0.01320931651569167
17	43	n/a
17	44	n/a
17	51	n/a
17	52	0.10804609563934582
17	66	n/a
17	72	n/a
17	75	n/a
17	76	0.07872385503584438
18	19	n/a
18	21	n/a
18	23	n/a
18	25	n/a
18	26	n/a
18	27	n/a
18	29	n/a
18	30	n/a
18	31	n/a
18	34	n/a
18	36	n/a
18	37	n/a
18	38	n/a
18	39	n/a
18	42	n/a
18	44	n/a
18	62	n/a
18	67	n/a
18	74	n/a
18	75	n/a
18	76	n/a
18	80	n/a
19	21	n/a
19	23	n/a
19	25	n/a
19	26	n/a
19	27	n/a
19	29	n/a
19	30	n/a
19	31	n/a
19	33	n/a
19	34	n/a
19	36	n/a
19	37	n/a
19	38	n/a
19	39	n/a
19	44	n/a
19	51	n/a
19	52	n/a
19	68	n/a
19	74	n/a
19	75	n/a
19	76	n/a
19	80	n/a
20	24	n/a
20	28	n/a
20	29	n/a
20	32	n/a
20	34	n/a
20	36	n/a
20	38	n/a
20	40	n/a
20	41	n/a
20	47	n/a
20	53	n/a
20	58	n/a
20	59	n/a
20	61	n/a
20	64	n/a
20	69	n/a
20	73	n/a
20	77	n/a
21	22	0.08606907580509728
21	23	0.20539761762261724
21	24	0.24486680121269327
21	26	n/a
21	27	0.003935540124090244
21	28	0.049864843230875935
21	29	0.06830220617485191
21	30	0.10999036159970982
21	33	n/a
21	34	0.09377827111325159
21	35	n/a
21	36	0.04827182601190271
21	37	0.0496481884554365
21	38	0.0676890379887666
21	39	0.08349791970855666
21	40	0.07169812052459097
21	41	0.10292054782349727
21	43	n/a
21	65	n/a
21	70	n/a
21	71	n/a
21	72	n/a
21	73	n/a
21	76	0.18589277089782288
21	77	n/a
21	78	n/a
21	79	n/a
21	82	n/a
22	23	0.03905174067113949
22	24	0.2002737011611199
22	25	n/a
22	26	n/a
22	27	0.09079311961941046
22	28	0.19192966893381166
22	29	0.02717325502356733
22	30	0.1577687753736336
22	31	n/a
22	34	0.04918202792364458
22	36	0.0932617776412691
22	37	0.05613284249834194
22	38	0.05830426010072843
22	39	0.04863265535722386
22	40	0.11108160320613632
22	42	0.046910241795241836
22	43	n/a
22	44	n/a
22	45	n/a
22	46	n/a
22	51	n/a
22	52	0.1388773130685603
22	58	n/a
22	62	n/a
22	65	n/a
22	70	n/a
22	71	n/a
22	72	n/a
22	73	n/a
22	75	n/a
22	76	0.07846490406705232
22	77	n/a
22	79	n/a
22	80	n/a
23	24	0.19777955765866098
23	26	n/a
23	27	0.02277190239735201
23	28	0.005681701281107908
23	29	0.028135807612858076
23	30	0.08576333299578785
23	33	n/a
23	34	0.0044340132215834015
23	35	n/a
23	36	0.020805372838713414
23	37	0.00215125163401316
23	38	0.01632847299753648
23	39	7.329249648673638E-4
23	40	0.1352478957069649
23	41	0.029563382833921455
23	43	n/a
23	44	n/a
23	45	n/a
23	46	n/a
23	51	n/a
23	52	0.02110105074063554
23	65	n/a
23	66	n/a
23	70	n/a
23	71	n/a
23	72	n/a
23	73	n/a
23	76	0.04510450110702861
23	77	n/a
23	79	n/a
23	84	n/a
24	25	n/a
24	26	n/a
24	27	0.0036582364988652295
24	28	0.09349098569137249
24	29	0.06082428649588202
24	30	0.014161035254569111
24	31	n/a
24	32	n/a
24	33	n/a
24	34	0.03568908016239371
24	36	0.07438590624917257
24	37	0.06197704263145146
24	38	0.011703372468364242
24	39	0.04659750789298292
24	40	0.18462259335335718
24	41	0.11081431101583926
24	42	0.05885505409568765
24	43	n/a
24	45	n/a
24	46	n/a
24	47	n/a
24	48	n/a
24	50	n/a
24	51	n/a
24	52	0.18075488844285267
24	53	n/a
24	55	n/a
24	56	n/a
24	57	n/a
24	58	n/a
24	59	n/a
24	61	n/a
24	62	n/a
24	63	n/a
24	64	n/a
24	65	n/a
24	69	n/a
24	70	n/a
24	71	n/a
24	72	n/a
24	73	n/a
24	76	0.17744912536612964
24	77	n/a
24	78	n/a
24	79	n/a
24	80	n/a
24	82	n/a
24	83	n/a
25	26	n/a
25	27	n/a
25	31	n/a
25	34	n/a
25	36	n/a
25	37	n/a
25	38	n/a
25	42	n/a
25	43	n/a
25	44	n/a
25	45	n/a
25	49	n/a
25	51	n/a
25	60	n/a
25	62	n/a
25	67	n/a
25	74	n/a
25	75	n/a
25	76	n/a
25	80	n/a
26	27	n/a
26	28	n/a
26	29	n/a
26	30	n/a
26	31	n/a
26	33	n/a
26	34	n/a
26	36	n/a
26	37	n/a
26	38	n/a
26	39	n/a
26	42	n/a
26	43	n/a
26	44	n/a
26	45	n/a
26	46	n/a
26	49	n/a
26	51	n/a
26	52	n/a
26	60	n/a
26	62	n/a
26	66	n/a
26	67	n/a
26	68	n/a
26	71	n/a
26	74	n/a
26	75	n/a
26	76	n/a
26	80	n/a
26	83	n/a
27	28	0.12434575303639164
27	29	0.047676966320519695
27	30	0.061580566683110204
27	31	n/a
27	33	n/a
27	34	0.010047013906655702
27	35	n/a
27	36	0.10814140096663438
27	37	0.025314482990029582
27	38	0.027530046694267018
27	39	0.0777478313649026
27	40	0.02567183139546962
27	41	0.015734151000894397
27	42	0.11641683056646278
27	43	n/a
27	44	n/a
27	45	n/a
27	46	n/a
27	47	n/a
27	49	n/a
27	51	n/a
27	52	0.18609289305249085
27	58	n/a
27	60	n/a
27	62	n/a
27	65	n/a
27	66	n/a
27	67	n/a
27	68	n/a
27	70	n/a
27	71	n/a
27	72	n/a
27	73	n/a
27	74	n/a
27	75	n/a
27	76	0.10363912177301603
27	77	n/a
27	80	n/a
27	83	n/a
27	84	n/a
28	29	0.07440548299769191
28	30	0.10517373347571941
28	32	n/a
28	33	n/a
28	34	0.09135477300400748
28	35	n/a
28	36	0.061731571463216166
28	37	0.050731051258545656
28	38	0.12661607223963775
28	39	0.13422667599169769
28	40	0.0402289009920967
28	41	0.02695960614702234
28	43	n/a
28	45	n/a
28	46	n/a
28	47	n/a
28	48	n/a
28	50	n/a
28	53	n/a
28	55	n/a
28	56	n/a
28	57	n/a
28	58	n/a
28	59	n/a
28	61	n/a
28	63	n/a
28	64	n/a
28	65	n/a
28	69	n/a
28	70	n/a
28	71	n/a
28	72	n/a
28	73	n/a
28	76	0.10570782049162403
28	77	n/a
28	78	n/a
28	79	n/a
28	82	n/a
28	83	n/a
29	30	0.006459589462582164
29	32	n/a
29	33	n/a
29	34	0.15910006920548309
29	36	0.05290420667461951
29	38	0.023032708419823383
29	39	0.05779397941937827
29	40	0.0017390278478775637
29	41	0.14174731889342337
29	42	0.17641006491933053
29	43	n/a
29	58	n/a
29	73	n/a
29	77	n/a
30	33	n/a
30	34	0.0914290300194491
30	36	0.18200080577810487
30	37	0.008955337143074069
30	38	0.029080014138740097
30	39	0.013914133460221073
30	40	0.05923510691978816
30	41	0.1993715715010673
30	43	n/a
30	45	n/a
30	58	n/a
30	65	n/a
30	70	n/a
30	71	n/a
30	73	n/a
30	77	n/a
30	78	n/a
30	79	n/a
31	34	n/a
31	36	n/a
31	37	n/a
31	38	n/a
31	42	n/a
31	43	n/a
31	44	n/a
31	45	n/a
31	49	n/a
31	51	n/a
31	60	n/a
31	62	n/a
31	67	n/a
31	68	n/a
31	71	n/a
31	74	n/a
31	75	n/a
31	76	n/a
31	80	n/a
32	34	n/a
32	36	n/a
32	38	n/a
32	39	n/a
32	40	n/a
32	41	n/a
32	42	n/a
33	34	n/a
33	36	n/a
33	38	n/a
33	43	n/a
33	73	n/a
33	77	n/a
34	36	0.00294155665961608
34	37	0.10357971064351325
34	38	0.16338569264981725
34	39	0.04991377799609197
34	40	0.008182711788796553
34	41	0.04790899944290422
34	42	0.11192214863458609
34	43	n/a
34	49	n/a
34	51	n/a
34	58	n/a
34	62	n/a
34	73	n/a
34	75	n/a
34	76	0.02250238054303499
34	77	n/a
34	80	n/a
35	36	n/a
35	37	n/a
35	38	n/a
35	39	n/a
35	40	n/a
35	41	n/a
35	42	n/a
35	43	n/a
35	44	n/a
35	45	n/a
35	46	n/a
35	47	n/a
35	48	n/a
35	54	n/a
35	64	n/a
35	72	n/a
35	84	n/a
36	37	2.9332320818793836E-4
36	38	0.17293028463989304
36	39	0.006433272005481954
36	40	0.026622540001216603
36	41	0.07284299023273119
36	42	0.0642297554959947
36	43	n/a
36	44	n/a
36	45	n/a
36	46	n/a
36	47	n/a
36	48	n/a
36	51	n/a
36	52	0.09736700828531553
36	56	n/a
36	58	n/a
36	64	n/a
36	65	n/a
36	66	n/a
36	68	n/a
36	70	n/a
36	71	n/a
36	72	n/a
36	73	n/a
36	74	n/a
36	75	n/a
36	76	0.09998949557649549
36	77	n/a
36	78	n/a
36	79	n/a
36	80	n/a
36	82	n/a
36	83	n/a
36	84	n/a
37	38	0.0983498080938181
37	39	0.03550183369797388
37	40	0.035657232397646725
37	41	0.03486249545243408
37	42	0.10889299695607338
37	43	n/a
37	44	n/a
37	45	n/a
37	46	n/a
37	49	n/a
37	51	n/a
37	52	0.09230345220509804
37	60	n/a
37	62	n/a
37	65	n/a
37	67	n/a
37	68	n/a
37	71	n/a
37	72	n/a
37	74	n/a
37	75	n/a
37	76	0.1881540388048588
37	80	n/a
37	84	n/a
38	39	0.15016776855857394
38	40	0.1101518585627266
38	41	0.026786547505541256
38	42	0.031228284384640075
38	43	n/a
38	44	n/a
38	45	n/a
38	46	n/a
38	48	n/a
38	49	n/a
38	51	n/a
38	52	0.042689108010363803
38	56	n/a
38	58	n/a
38	62	n/a
38	65	n/a
38	66	n/a
38	67	n/a
38	68	n/a
38	71	n/a
38	72	n/a
38	73	n/a
38	74	n/a
38	75	n/a
38	76	0.14203570081706582
38	77	n/a
38	80	n/a
38	84	n/a
39	40	0.07679590679148193
39	41	0.12450423709833051
39	42	0.011838493613210875
39	43	n/a
39	44	n/a
39	45	n/a
39	46	n/a
39	48	n/a
39	51	n/a
39	52	0.07317175409926226
39	65	n/a
39	71	n/a
39	72	n/a
39	73	n/a
39	75	n/a
39	76	0.16413416088459007
39	77	n/a
39	84	n/a
40	41	0.09248063588670831
40	42	0.031044194780977957
40	43	n/a
40	45	n/a
40	47	n/a
40	48	n/a
40	53	n/a
40	54	n/a
40	56	n/a
40	58	n/a
40	59	n/a
40	61	n/a
40	64	n/a
40	69	n/a
40	73	n/a
40	76	0.11080464279410839
40	77	n/a
40	78	n/a
40	84	n/a
41	42	0.1735637536158176
41	43	n/a
41	45	n/a
41	46	n/a
41	47	n/a
41	48	n/a
41	49	n/a
41	57	n/a
41	73	n/a
41	77	n/a
41	83	n/a
41	84	n/a
42	44	n/a
42	45	n/a
42	46	n/a
42	48	n/a
42	49	n/a
42	51	n/a
42	60	n/a
42	62	n/a
42	74	n/a
42	75	n/a
42	76	0.09047950649055461
42	80	n/a
42	83	n/a
43	44	n/a
43	45	n/a
43	46	n/a
43	47	n/a
43	48	n/a
43	49	n/a
43	50	n/a
43	51	n/a
43	52	n/a
43	53	n/a
43	54	n/a
43	55	n/a
43	56	n/a
43	57	n/a
43	58	n/a
43	59	n/a
43	60	n/a
43	61	n/a
43	62	n/a
43	63	n/a
43	64	n/a
43	65	n/a
43	66	n/a
43	67	n/a
43	68	n/a
43	69	n/a
43	70	n/a
43	71	n/a
43	72	n/a
43	73	n/a
43	74	n/a
43	75	n/a
43	76	n/a
43	77	n/a
43	78	n/a
43	79	n/a
43	80	n/a
43	81	n/a
43	82	n/a
43	83	n/a
43	84	n/a
44	45	n/a
44	46	n/a
44	47	n/a
44	48	n/a
44	49	n/a
44	51	n/a
44	52	n/a
44	56	n/a
44	60	n/a
44	62	n/a
44	63	n/a
44	65	n/a
44	66	n/a
44	67	n/a
44	68	n/a
44	70	n/a
44	71	n/a
44	72	n/a
44	73	n/a
44	74	n/a
44	75	n/a
44	76	n/a
44	77	n/a
44	79	n/a
44	80	n/a
44	83	n/a
44	84	n/a
45	46	n/a
45	47	n/a
45	48	n/a
45	49	n/a
45	50	n/a
45	51	n/a
45	52	n/a
45	53	n/a
45	55	n/a
45	56	n/a
45	57	n/a
45	58	n/a
45	59	n/a
45	60	n/a
45	61	n/a
45	62	n/a
45	63	n/a
45	64	n/a
45	65	n/a
45	66	n/a
45	67	n/a
45	68	n/a
45	69	n/a
45	70	n/a
45	71	n/a
45	72	n/a
45	73	n/a
45	74	n/a
45	75	n/a
45	76	n/a
45	77	n/a
45	78	n/a
45	79	n/a
45	80	n/a
45	81	n/a
45	82	n/a
45	83	n/a
45	84	n/a
46	47	n/a
46	48	n/a
46	49	n/a
46	51	n/a
46	52	n/a
46	55	n/a
46	56	n/a
46	57	n/a
46	58	n/a
46	59	n/a
46	60	n/a
46	63	n/a
46	64	n/a
46	65	n/a
46	66	n/a
46	67	n/a
46	68	n/a
46	70	n/a
46	71	n/a
46	72	n/a
46	73	n/a
46	75	n/a
46	76	n/a
46	77	n/a
46	78	n/a
46	79	n/a
46	80	n/a
46	81	n/a
46	83	n/a
46	84	n/a
47	48	n/a
47	49	n/a
47	51	n/a
47	52	n/a
47	53	n/a
47	54	n/a
47	55	n/a
47	56	n/a
47	57	n/a
47	58	n/a
47	59	n/a
47	61	n/a
47	63	n/a
47	64	n/a
47	65	n/a
47	69	n/a
47	70	n/a
47	71	n/a
47	72	n/a
47	73	n/a
47	75	n/a
47	76	n/a
47	77	n/a
47	78	n/a
47	79	n/a
47	81	n/a
47	83	n/a
47	84	n/a
48	49	n/a
48	53	n/a
48	54	n/a
48	55	n/a
48	56	n/a
48	57	n/a
48	58	n/a
48	59	n/a
48	60	n/a
48	61	n/a
48	62	n/a
48	63	n/a
48	64	n/a
48	69	n/a
48	70	n/a
48	72	n/a
48	73	n/a
48	75	n/a
48	76	n/a
48	77	n/a
48	78	n/a
48	79	n/a
48	81	n/a
48	83	n/a
48	84	n/a
49	51	n/a
49	57	n/a
49	58	n/a
49	60	n/a
49	62	n/a
49	63	n/a
49	67	n/a
49	71	n/a
49	73	n/a
49	74	n/a
49	75	n/a
49	76	n/a
49	80	n/a
49	83	n/a
49	84	n/a
50	52	n/a
50	56	n/a
50	57	n/a
50	58	n/a
50	59	n/a
50	63	n/a
50	66	n/a
50	68	n/a
50	70	n/a
50	72	n/a
50	73	n/a
50	75	n/a
50	76	n/a
50	77	n/a
50	78	n/a
50	79	n/a
50	82	n/a
50	83	n/a
51	52	n/a
51	54	n/a
51	58	n/a
51	60	n/a
51	62	n/a
51	64	n/a
51	65	n/a
51	66	n/a
51	68	n/a
51	71	n/a
51	72	n/a
51	73	n/a
51	74	n/a
51	75	n/a
51	76	n/a
51	77	n/a
51	80	n/a
51	83	n/a
52	55	n/a
52	56	n/a
52	57	n/a
52	59	n/a
52	63	n/a
52	66	n/a
52	67	n/a
52	68	n/a
52	70	n/a
52	71	n/a
52	72	n/a
52	73	n/a
52	75	n/a
52	76	0.12080090530857145
52	77	n/a
52	78	n/a
52	79	n/a
52	83	n/a
53	54	n/a
53	55	n/a
53	56	n/a
53	57	n/a
53	58	n/a
53	59	n/a
53	61	n/a
53	63	n/a
53	64	n/a
53	69	n/a
53	73	n/a
53	77	n/a
53	78	n/a
53	83	n/a
54	55	n/a
54	56	n/a
54	57	n/a
54	58	n/a
54	59	n/a
54	61	n/a
54	64	n/a
54	69	n/a
54	71	n/a
54	73	n/a
54	76	n/a
54	77	n/a
54	78	n/a
54	81	n/a
54	83	n/a
54	84	n/a
55	56	n/a
55	57	n/a
55	58	n/a
55	59	n/a
55	61	n/a
55	63	n/a
55	64	n/a
55	69	n/a
55	72	n/a
55	73	n/a
55	77	n/a
55	78	n/a
55	81	n/a
55	83	n/a
56	57	n/a
56	58	n/a
56	59	n/a
56	60	n/a
56	61	n/a
56	63	n/a
56	64	n/a
56	66	n/a
56	67	n/a
56	68	n/a
56	69	n/a
56	70	n/a
56	72	n/a
56	73	n/a
56	75	n/a
56	76	n/a
56	77	n/a
56	78	n/a
56	79	n/a
56	81	n/a
56	82	n/a
56	83	n/a
57	58	n/a
57	59	n/a
57	60	n/a
57	61	n/a
57	63	n/a
57	64	n/a
57	66	n/a
57	67	n/a
57	68	n/a
57	69	n/a
57	70	n/a
57	72	n/a
57	73	n/a
57	75	n/a
57	76	n/a
57	77	n/a
57	78	n/a
57	79	n/a
57	81	n/a
57	83	n/a
58	59	n/a
58	61	n/a
58	62	n/a
58	63	n/a
58	64	n/a
58	69	n/a
58	71	n/a
58	73	n/a
58	74	n/a
58	75	n/a
58	76	n/a
58	77	n/a
58	78	n/a
58	79	n/a
58	80	n/a
58	82	n/a
58	83	n/a
59	60	n/a
59	61	n/a
59	63	n/a
59	64	n/a
59	69	n/a
59	73	n/a
59	77	n/a
59	78	n/a
59	81	n/a
59	82	n/a
59	83	n/a
60	61	n/a
60	62	n/a
60	63	n/a
60	66	n/a
60	67	n/a
60	68	n/a
60	70	n/a
60	72	n/a
60	74	n/a
60	75	n/a
60	76	n/a
60	78	n/a
60	79	n/a
60	80	n/a
60	81	n/a
60	83	n/a
61	63	n/a
61	64	n/a
61	69	n/a
61	73	n/a
61	77	n/a
61	78	n/a
61	81	n/a
61	83	n/a
62	67	n/a
62	71	n/a
62	73	n/a
62	74	n/a
62	75	n/a
62	76	n/a
62	78	n/a
62	80	n/a
62	81	n/a
62	83	n/a
63	64	n/a
63	66	n/a
63	67	n/a
63	68	n/a
63	69	n/a
63	70	n/a
63	72	n/a
63	73	n/a
63	75	n/a
63	76	n/a
63	77	n/a
63	78	n/a
63	79	n/a
63	80	n/a
63	81	n/a
63	82	n/a
63	83	n/a
64	69	n/a
64	70	n/a
64	71	n/a
64	72	n/a
64	73	n/a
64	74	n/a
64	76	n/a
64	77	n/a
64	78	n/a
64	79	n/a
64	81	n/a
64	83	n/a
64	84	n/a
65	70	n/a
65	71	n/a
65	72	n/a
65	73	n/a
65	76	n/a
65	77	n/a
65	79	n/a
65	82	n/a
65	83	n/a
65	84	n/a
66	67	n/a
66	68	n/a
66	70	n/a
66	71	n/a
66	72	n/a
66	73	n/a
66	75	n/a
66	76	n/a
66	77	n/a
66	78	n/a
66	79	n/a
66	82	n/a
66	83	n/a
67	68	n/a
67	70	n/a
67	72	n/a
67	74	n/a
67	75	n/a
67	76	n/a
67	77	n/a
67	78	n/a
67	79	n/a
67	80	n/a
67	83	n/a
68	70	n/a
68	72	n/a
68	74	n/a
68	75	n/a
68	76	n/a
68	77	n/a
68	78	n/a
68	79	n/a
68	80	n/a
68	82	n/a
68	83	n/a
69	73	n/a
69	77	n/a
69	78	n/a
69	83	n/a
70	71	n/a
70	72	n/a
70	73	n/a
70	75	n/a
70	76	n/a
70	77	n/a
70	78	n/a
70	79	n/a
70	82	n/a
70	83	n/a
70	84	n/a
71	72	n/a
71	73	n/a
71	74	n/a
71	75	n/a
71	76	n/a
71	77	n/a
71	78	n/a
71	79	n/a
71	80	n/a
71	83	n/a
72	73	n/a
72	75	n/a
72	76	n/a
72	77	n/a
72	78	n/a
72	79	n/a
72	82	n/a
72	83	n/a
72	84	n/a
73	74	n/a
73	75	n/a
73	76	n/a
73	77	n/a
73	78	n/a
73	79	n/a
73	80	n/a
73	81	n/a
73	82	n/a
73	83	n/a
74	75	n/a
74	76	n/a
74	80	n/a
74	83	n/a
75	76	n/a
75	77	n/a
75	78	n/a
75	79	n/a
75	80	n/a
75	82	n/a
75	83	n/a
76	77	n/a
76	78	n/a
76	79	n/a
76	80	n/a
76	82	n/a
76	83	n/a
76	84	n/a
77	78	n/a
77	79	n/a
77	81	n/a
77	82	n/a
77	83	n/a
77	84	n/a
78	79	n/a
78	80	n/a
78	81	n/a
78	82	n/a
78	83	n/a
79	82	n/a
79	83	n/a
80	83	n/a
81	83	n/a
82	83	n/a
#subnet edge score	20.59994029671048