1	7	n/a
1	8	n/a
1	10	n/a
1	14	n/a
1	17	n/a
1	21	n/a
1	23	n/a
1	24	n/a
1	29	n/a
1	30	n/a
1	34	n/a
1	38	n/a
2	9	n/a
2	13	n/a
2	17	n/a
2	22	n/a
2	24	n/a
2	25	n/a
2	26	n/a
2	27	n/a
2	36	n/a
2	37	n/a
2	38	n/a
2	44	n/a
2	51	n/a
2	52	n/a
2	62	n/a
2	74	n/a
2	75	n/a
2	76	n/a
3	6	n/a
3	7	n/a
3	8	n/a
3	14	n/a
3	17	n/a
3	19	n/a
3	21	n/a
3	23	n/a
3	24	n/a
3	26	n/a
3	27	n/a
3	28	n/a
3	29	n/a
3	30	n/a
3	34	n/a
3	36	n/a
3	37	n/a
3	38	n/a
3	39	n/a
3	40	n/a
3	43	n/a
3	44	n/a
3	45	n/a
3	51	n/a
3	52	n/a
3	65	n/a
3	66	n/a
3	72	n/a
3	73	n/a
3	75	n/a
3	76	n/a
3	77	n/a
4	6	n/a
4	7	n/a
4	8	n/a
4	9	0.099
4	10	0.098
4	12	n/a
4	14	n/a
4	15	n/a
4	20	n/a
4	24	0.111
4	28	0.197
4	34	n/a
4	36	0.13
4	38	0.023
4	40	n/a
4	47	0.11
4	53	0.07
4	58	0.135
4	59	0.208
4	61	n/a
4	69	n/a
4	73	0.068
4	77	0.122
5	6	n/a
5	15	n/a
5	32	n/a
5	40	n/a
5	41	n/a
6	7	n/a
6	8	n/a
6	9	n/a
6	10	n/a
6	12	n/a
6	14	n/a
6	15	n/a
6	20	n/a
6	23	n/a
6	24	n/a
6	28	n/a
6	29	n/a
6	30	n/a
6	34	n/a
6	36	n/a
6	38	n/a
6	40	n/a
6	41	n/a
6	73	n/a
6	77	n/a
7	8	n/a
7	9	n/a
7	10	n/a
7	12	n/a
7	14	n/a
7	15	n/a
7	17	n/a
7	20	n/a
7	21	n/a
7	23	n/a
7	24	n/a
7	26	n/a
7	27	n/a
7	28	n/a
7	29	n/a
7	30	n/a
7	33	n/a
7	34	n/a
7	35	n/a
7	36	n/a
7	38	n/a
7	39	n/a
7	40	n/a
7	43	n/a
7	58	n/a
7	59	n/a
7	73	n/a
7	76	n/a
7	77	n/a
8	10	n/a
8	12	n/a
8	14	n/a
8	15	n/a
8	17	n/a
8	19	n/a
8	20	n/a
8	21	n/a
8	23	n/a
8	24	n/a
8	26	n/a
8	27	n/a
8	28	n/a
8	29	n/a
8	30	n/a
8	34	n/a
8	36	n/a
8	38	n/a
8	40	n/a
8	41	n/a
8	73	n/a
8	77	n/a
9	10	0.164
9	12	n/a
9	14	n/a
9	15	n/a
9	20	n/a
9	22	n/a
9	24	0.238
9	25	n/a
9	26	n/a
9	27	n/a
9	28	0.097
9	29	n/a
9	34	n/a
9	36	0.11
9	37	n/a
9	38	0.095
9	40	n/a
9	43	0.035
9	45	0.041
9	47	0.017
9	53	0.152
9	56	0.003
9	58	0.013
9	59	0.014
9	61	n/a
9	69	n/a
9	73	0.021
9	76	0.06
9	77	0.121
9	78	n/a
10	12	n/a
10	14	n/a
10	15	n/a
10	20	n/a
10	24	0.126
10	28	0.165
10	29	n/a
10	30	n/a
10	34	n/a
10	35	n/a
10	36	0.127
10	38	0.13
10	40	n/a
10	41	n/a
10	43	0.086
10	53	0.152
10	56	0.175
10	58	0.094
10	59	0.195
10	61	n/a
10	69	n/a
10	73	0.112
10	77	0.19
11	13	n/a
11	17	n/a
11	18	n/a
11	19	n/a
11	25	n/a
11	26	n/a
11	27	n/a
11	34	n/a
11	36	n/a
11	37	n/a
11	38	n/a
11	62	n/a
11	75	n/a
11	76	n/a
12	14	n/a
12	15	n/a
12	20	n/a
12	24	n/a
12	28	n/a
12	29	n/a
12	34	n/a
12	36	n/a
12	38	n/a
12	40	n/a
12	41	n/a
12	53	n/a
12	59	n/a
12	61	n/a
12	73	n/a
12	77	n/a
13	22	n/a
13	25	n/a
13	26	n/a
13	27	n/a
13	31	n/a
13	34	n/a
13	37	n/a
13	38	n/a
13	44	n/a
13	51	n/a
13	62	n/a
13	74	n/a
13	75	n/a
13	76	n/a
14	17	n/a
14	19	n/a
14	20	n/a
14	21	n/a
14	23	n/a
14	24	n/a
14	26	n/a
14	27	n/a
14	28	n/a
14	29	n/a
14	30	n/a
14	34	n/a
14	36	n/a
14	38	n/a
14	40	n/a
14	41	n/a
14	73	n/a
14	77	n/a
15	20	n/a
15	22	n/a
15	24	n/a
15	27	n/a
15	28	n/a
15	36	n/a
15	40	n/a
15	73	n/a
15	77	n/a
16	17	n/a
16	21	n/a
16	22	n/a
16	23	n/a
16	24	n/a
16	27	n/a
16	28	n/a
16	34	n/a
16	36	n/a
16	37	n/a
16	38	n/a
16	39	n/a
16	40	n/a
16	45	n/a
16	52	n/a
16	65	n/a
16	70	n/a
16	71	n/a
16	72	n/a
16	73	n/a
16	76	n/a
17	18	n/a
17	19	n/a
17	21	n/a
17	23	n/a
17	24	n/a
17	26	n/a
17	27	n/a
17	28	n/a
17	29	n/a
17	30	n/a
17	33	n/a
17	34	n/a
17	36	n/a
17	37	n/a
17	38	n/a
17	39	n/a
17	51	n/a
17	52	n/a
17	72	n/a
17	75	n/a
17	76	n/a
18	19	n/a
18	23	n/a
18	26	n/a
18	27	n/a
18	34	n/a
18	36	n/a
18	37	n/a
18	38	n/a
18	75	n/a
18	76	n/a
19	23	n/a
19	26	n/a
19	27	n/a
19	29	n/a
19	30	n/a
19	34	n/a
19	36	n/a
19	37	n/a
19	38	n/a
19	39	n/a
19	51	n/a
19	75	n/a
19	76	n/a
20	24	n/a
20	28	n/a
20	29	n/a
20	34	n/a
20	36	n/a
20	38	n/a
20	40	n/a
20	53	n/a
20	58	n/a
20	61	n/a
20	73	n/a
20	77	n/a
21	22	n/a
21	23	n/a
21	24	n/a
21	26	n/a
21	27	n/a
21	28	n/a
21	29	n/a
21	30	n/a
21	33	n/a
21	34	n/a
21	35	n/a
21	36	n/a
21	37	n/a
21	38	n/a
21	39	n/a
21	40	n/a
21	43	n/a
21	45	n/a
21	65	n/a
21	70	n/a
21	71	n/a
21	72	n/a
21	73	n/a
21	76	n/a
21	77	n/a
21	78	n/a
21	79	n/a
21	84	n/a
22	23	n/a
22	24	n/a
22	25	n/a
22	27	n/a
22	28	n/a
22	36	n/a
22	37	n/a
22	38	n/a
22	43	n/a
22	52	n/a
22	65	n/a
22	70	n/a
22	71	n/a
22	72	n/a
22	73	n/a
22	75	n/a
22	76	n/a
22	77	n/a
23	24	n/a
23	26	n/a
23	27	n/a
23	28	n/a
23	29	n/a
23	30	n/a
23	33	n/a
23	34	n/a
23	35	n/a
23	36	n/a
23	37	n/a
23	38	n/a
23	39	n/a
23	40	n/a
23	43	n/a
23	44	n/a
23	45	n/a
23	46	n/a
23	52	n/a
23	65	n/a
23	70	n/a
23	71	n/a
23	72	n/a
23	73	n/a
23	76	n/a
23	77	n/a
23	84	n/a
24	25	n/a
24	26	n/a
24	27	n/a
24	28	0.012
24	29	n/a
24	30	n/a
24	33	n/a
24	34	n/a
24	36	0.076
24	37	n/a
24	38	0.036
24	39	n/a
24	40	n/a
24	43	0.122
24	45	0.064
24	47	0.202
24	51	n/a
24	52	0.086
24	53	0.178
24	55	n/a
24	56	0.07
24	58	0.091
24	59	0.178
24	61	n/a
24	63	0.148
24	65	n/a
24	69	n/a
24	70	0.143
24	71	n/a
24	72	0.027
24	73	0.14
24	76	0.089
24	77	0.15
24	78	n/a
24	79	0.088
24	83	0.043
25	26	n/a
25	27	n/a
25	31	n/a
25	37	n/a
25	38	n/a
25	45	n/a
25	51	n/a
25	62	n/a
25	74	n/a
25	75	n/a
25	76	n/a
26	27	n/a
26	28	n/a
26	29	n/a
26	30	n/a
26	31	n/a
26	34	n/a
26	36	n/a
26	37	n/a
26	38	n/a
26	39	n/a
26	43	n/a
26	44	n/a
26	45	n/a
26	46	n/a
26	51	n/a
26	52	n/a
26	60	n/a
26	62	n/a
26	66	n/a
26	67	n/a
26	68	n/a
26	72	n/a
26	73	n/a
26	74	n/a
26	75	n/a
26	76	n/a
26	80	n/a
26	83	n/a
26	84	n/a
27	28	n/a
27	29	n/a
27	30	n/a
27	31	n/a
27	34	n/a
27	35	n/a
27	36	n/a
27	37	n/a
27	38	n/a
27	39	n/a
27	40	n/a
27	43	n/a
27	44	n/a
27	45	n/a
27	46	n/a
27	51	n/a
27	52	n/a
27	56	n/a
27	58	n/a
27	60	n/a
27	62	n/a
27	65	n/a
27	66	n/a
27	67	n/a
27	68	n/a
27	70	n/a
27	71	n/a
27	72	n/a
27	73	n/a
27	74	n/a
27	75	n/a
27	76	n/a
27	77	n/a
27	79	n/a
27	80	n/a
27	83	n/a
27	84	n/a
28	29	n/a
28	30	n/a
28	33	n/a
28	34	n/a
28	35	n/a
28	36	0.016
28	37	n/a
28	38	0.043
28	39	n/a
28	40	n/a
28	41	n/a
28	43	0.055
28	45	0.011
28	47	0.041
28	52	0.05
28	53	0.113
28	55	n/a
28	56	0.066
28	57	0.116
28	58	0.062
28	59	0.218
28	61	n/a
28	63	0.01
28	65	n/a
28	69	n/a
28	70	0.057
28	71	n/a
28	72	0.005
28	73	0.052
28	76	0.097
28	77	0.046
28	78	n/a
28	79	0.022
28	83	0.067
28	84	n/a
29	30	n/a
29	32	n/a
29	33	n/a
29	34	n/a
29	36	n/a
29	37	n/a
29	38	n/a
29	40	n/a
29	43	n/a
29	73	n/a
29	77	n/a
30	33	n/a
30	34	n/a
30	36	n/a
30	38	n/a
30	39	n/a
30	40	n/a
30	76	n/a
31	37	n/a
31	38	n/a
31	62	n/a
31	75	n/a
31	76	n/a
31	80	n/a
32	34	n/a
32	36	n/a
32	41	n/a
33	34	n/a
33	38	n/a
34	36	n/a
34	37	n/a
34	38	n/a
34	39	n/a
34	40	n/a
34	41	n/a
34	73	n/a
34	75	n/a
34	76	n/a
34	77	n/a
35	36	n/a
35	37	n/a
35	38	n/a
35	39	n/a
35	41	n/a
35	43	n/a
35	44	n/a
35	46	n/a
35	72	n/a
35	77	n/a
35	84	n/a
36	37	n/a
36	38	0.077
36	39	n/a
36	40	n/a
36	41	n/a
36	43	0.136
36	45	0.074
36	46	n/a
36	47	0.024
36	51	n/a
36	52	0.094
36	56	0.072
36	58	0.089
36	65	n/a
36	70	0.082
36	71	n/a
36	72	0.233
36	73	0.062
36	75	0.138
36	76	0.126
36	77	0.068
36	78	n/a
36	83	0.01
37	38	n/a
37	39	n/a
37	40	n/a
37	43	n/a
37	44	n/a
37	45	n/a
37	51	n/a
37	52	n/a
37	62	n/a
37	74	n/a
37	75	n/a
37	76	n/a
37	80	n/a
37	84	n/a
38	39	n/a
38	40	n/a
38	41	n/a
38	43	0.133
38	44	n/a
38	45	0.165
38	46	n/a
38	51	n/a
38	52	0.075
38	56	0.115
38	62	n/a
38	65	n/a
38	71	n/a
38	72	0.151
38	73	0.078
38	75	0.044
38	76	0.136
38	77	0.048
38	83	0.117
38	84	n/a
39	40	n/a
39	43	n/a
39	72	n/a
39	75	n/a
39	76	n/a
39	84	n/a
40	41	n/a
40	43	n/a
40	47	n/a
40	58	n/a
40	59	n/a
40	61	n/a
40	73	n/a
40	77	n/a
43	44	n/a
43	45	0.18
43	46	n/a
43	47	0.013
43	48	n/a
43	51	n/a
43	52	0.052
43	53	0.038
43	55	n/a
43	56	0.059
43	57	0.016
43	58	0.063
43	59	0.178
43	61	n/a
43	63	0.046
43	64	n/a
43	65	n/a
43	66	n/a
43	67	n/a
43	68	n/a
43	69	n/a
43	70	0.015
43	71	n/a
43	72	0.014
43	73	0.038
43	75	0.138
43	76	0.043
43	77	0.081
43	78	n/a
43	79	0.09
43	83	0.048
43	84	n/a
44	45	n/a
44	46	n/a
44	47	n/a
44	49	n/a
44	51	n/a
44	52	n/a
44	56	n/a
44	60	n/a
44	62	n/a
44	65	n/a
44	66	n/a
44	67	n/a
44	68	n/a
44	70	n/a
44	71	n/a
44	72	n/a
44	73	n/a
44	75	n/a
44	76	n/a
44	77	n/a
44	80	n/a
44	83	n/a
44	84	n/a
45	46	n/a
45	47	0.106
45	48	n/a
45	49	n/a
45	50	n/a
45	51	n/a
45	52	0.105
45	53	0.024
45	55	n/a
45	56	0.066
45	57	0.023
45	58	0.064
45	59	0.092
45	60	n/a
45	61	n/a
45	62	n/a
45	63	0.035
45	65	n/a
45	66	n/a
45	67	n/a
45	68	n/a
45	69	n/a
45	70	0.087
45	71	n/a
45	72	0.046
45	73	0.055
45	74	n/a
45	75	0.068
45	76	0.041
45	77	0.021
45	78	n/a
45	79	0.067
45	80	n/a
45	82	n/a
45	83	0.011
45	84	n/a
46	47	n/a
46	48	n/a
46	52	n/a
46	56	n/a
46	63	n/a
46	65	n/a
46	66	n/a
46	67	n/a
46	68	n/a
46	70	n/a
46	72	n/a
46	73	n/a
46	75	n/a
46	76	n/a
46	77	n/a
46	79	n/a
46	83	n/a
46	84	n/a
47	48	n/a
47	52	0.059
47	53	0.183
47	54	n/a
47	55	n/a
47	56	0.095
47	57	0.098
47	58	0.108
47	59	0.157
47	61	n/a
47	63	0.078
47	64	n/a
47	69	n/a
47	71	n/a
47	72	0.087
47	73	0.044
47	76	0.001
47	77	0.129
47	78	n/a
47	79	0.023
47	81	n/a
47	83	0.042
47	84	n/a
48	54	n/a
48	55	n/a
48	57	n/a
48	59	n/a
48	61	n/a
48	63	n/a
48	73	n/a
48	77	n/a
48	81	n/a
48	83	n/a
49	60	n/a
50	56	n/a
50	57	n/a
50	59	n/a
50	63	n/a
50	77	n/a
50	78	n/a
50	79	n/a
50	83	n/a
51	58	n/a
51	62	n/a
51	71	n/a
51	73	n/a
51	74	n/a
51	75	n/a
51	76	n/a
52	56	0.246
52	59	0.045
52	66	n/a
52	68	n/a
52	70	0.17
52	72	0.002
52	73	0.104
52	75	0.038
52	76	0.138
52	77	0.004
52	79	0.234
52	83	0.056
52	84	n/a
53	55	n/a
53	56	0.026
53	57	0.097
53	58	0.158
53	59	0.01
53	61	n/a
53	63	0.018
53	69	n/a
53	73	0.14
53	77	0.07
53	78	n/a
53	83	0.156
54	55	n/a
54	64	n/a
55	56	n/a
55	57	n/a
55	58	n/a
55	59	n/a
55	61	n/a
55	63	n/a
55	64	n/a
55	69	n/a
55	73	n/a
55	77	n/a
55	78	n/a
55	83	n/a
56	57	0.326
56	58	0.117
56	59	0.15
56	61	n/a
56	63	0.226
56	64	n/a
56	66	n/a
56	68	n/a
56	69	n/a
56	70	0.069
56	72	0.238
56	73	0.021
56	75	0.101
56	76	0.088
56	77	0.061
56	78	n/a
56	79	0.045
56	82	n/a
56	83	0.029
57	59	0.228
57	61	n/a
57	63	0.162
57	64	n/a
57	66	n/a
57	69	n/a
57	70	0.055
57	72	0.222
57	73	0.014
57	75	0.126
57	76	0.112
57	77	0.2
57	78	n/a
57	79	0.213
57	83	0.01
58	59	0.191
58	61	n/a
58	63	0.077
58	64	n/a
58	69	n/a
58	71	n/a
58	73	0.07
58	74	n/a
58	76	0.025
58	77	0.207
58	78	n/a
58	79	0.009
58	83	0.144
59	61	n/a
59	63	0.05
59	64	n/a
59	69	n/a
59	72	0.148
59	73	0.192
59	77	0.17
59	78	n/a
59	83	0.072
60	62	n/a
60	66	n/a
60	67	n/a
60	68	n/a
60	75	n/a
60	76	n/a
60	83	n/a
61	63	n/a
61	64	n/a
61	69	n/a
61	73	n/a
61	77	n/a
61	78	n/a
61	83	n/a
62	74	n/a
62	75	n/a
62	76	n/a
62	83	n/a
63	64	n/a
63	66	n/a
63	68	n/a
63	69	n/a
63	70	0.177
63	72	0.174
63	73	0.047
63	75	0.201
63	76	0.095
63	77	0.016
63	78	n/a
63	79	0.134
63	83	0.043
64	69	n/a
64	71	n/a
64	73	n/a
64	76	n/a
64	77	n/a
65	66	n/a
65	70	n/a
65	71	n/a
65	72	n/a
65	73	n/a
65	76	n/a
65	77	n/a
65	79	n/a
65	83	n/a
65	84	n/a
66	67	n/a
66	68	n/a
66	70	n/a
66	72	n/a
66	73	n/a
66	75	n/a
66	76	n/a
66	77	n/a
66	78	n/a
66	79	n/a
66	83	n/a
67	68	n/a
67	72	n/a
67	75	n/a
67	76	n/a
67	83	n/a
68	70	n/a
68	72	n/a
68	75	n/a
68	76	n/a
68	77	n/a
68	79	n/a
68	83	n/a
69	73	n/a
69	77	n/a
69	78	n/a
69	83	n/a
70	71	n/a
70	72	0.107
70	73	0.095
70	75	0.034
70	76	0.065
70	77	0.198
70	78	n/a
70	79	0.091
70	82	n/a
70	83	0.034
70	84	n/a
71	72	n/a
71	73	n/a
71	74	n/a
71	76	n/a
71	77	n/a
72	73	0.127
72	75	0.004
72	76	0.002
72	77	0.205
72	78	n/a
72	79	0.092
72	83	0.093
72	84	n/a
73	74	n/a
73	76	0.102
73	77	0.085
73	78	n/a
73	79	0.03
73	83	0.054
73	84	n/a
74	76	n/a
75	76	0.025
75	77	0.083
75	78	n/a
75	79	0.094
75	80	n/a
75	83	0.172
75	84	n/a
76	77	0.169
76	78	n/a
76	79	0.004
76	80	n/a
76	83	0.065
76	84	n/a
77	78	n/a
77	79	0.069
77	82	n/a
77	83	0.096
77	84	n/a
78	79	n/a
78	81	n/a
78	82	n/a
78	83	n/a
79	82	n/a
79	83	0.016
81	83	n/a
82	83	n/a
#subnet edge score	21.64599999999999