1	3	n/a
1	6	n/a
1	7	n/a
1	8	n/a
1	10	n/a
1	14	n/a
1	17	n/a
1	19	n/a
1	21	n/a
1	23	n/a
1	24	n/a
1	26	n/a
1	27	n/a
1	28	n/a
1	29	n/a
1	30	n/a
1	33	n/a
1	34	n/a
1	36	n/a
1	38	n/a
1	73	n/a
1	77	n/a
2	3	n/a
2	9	n/a
2	11	n/a
2	13	n/a
2	15	n/a
2	16	n/a
2	17	n/a
2	18	n/a
2	19	n/a
2	22	n/a
2	23	n/a
2	24	n/a
2	25	n/a
2	26	n/a
2	27	n/a
2	28	n/a
2	31	n/a
2	34	n/a
2	36	n/a
2	37	n/a
2	38	n/a
2	39	n/a
2	42	n/a
2	43	n/a
2	44	n/a
2	45	n/a
2	49	n/a
2	51	n/a
2	52	n/a
2	62	n/a
2	66	n/a
2	68	n/a
2	71	n/a
2	72	n/a
2	74	n/a
2	75	n/a
2	76	n/a
2	80	n/a
3	6	n/a
3	7	n/a
3	8	n/a
3	10	n/a
3	14	n/a
3	17	0.18628244083607806
3	18	n/a
3	19	n/a
3	21	0.2503060898256073
3	22	n/a
3	23	0.223677940164816
3	24	0.1357776183505396
3	26	n/a
3	27	0.16055718472844363
3	28	0.19416142023363506
3	29	n/a
3	30	n/a
3	33	n/a
3	34	n/a
3	36	0.2703688165515664
3	37	0.22151960158216086
3	38	0.30725413087725817
3	39	n/a
3	40	n/a
3	43	0.2789522195063061
3	44	0.17001678485105326
3	45	0.2728754303890736
3	46	0.1363249102230694
3	51	n/a
3	52	0.23477706386691286
3	65	0.1809143969791974
3	66	0.21716469029334362
3	68	0.1384071024807404
3	71	0.20745627280590062
3	72	0.2924694286040348
3	75	0.24355102952061766
3	76	0.23119587154142993
4	5	n/a
4	6	n/a
4	7	n/a
4	8	n/a
4	9	n/a
4	10	n/a
4	12	n/a
4	14	n/a
4	15	n/a
4	20	n/a
4	24	n/a
4	28	n/a
4	29	n/a
4	34	n/a
4	36	n/a
4	38	n/a
4	40	n/a
4	41	n/a
4	47	n/a
4	53	n/a
4	58	n/a
4	59	n/a
4	61	n/a
4	69	n/a
4	73	n/a
4	77	n/a
5	6	n/a
5	7	n/a
5	8	n/a
5	9	n/a
5	10	n/a
5	12	n/a
5	15	n/a
5	20	n/a
5	24	n/a
5	27	n/a
5	28	n/a
5	29	n/a
5	32	n/a
5	34	n/a
5	35	n/a
5	36	n/a
5	40	n/a
5	41	n/a
5	47	n/a
5	84	n/a
6	7	n/a
6	8	n/a
6	9	n/a
6	10	n/a
6	12	n/a
6	13	n/a
6	14	n/a
6	15	n/a
6	17	n/a
6	20	n/a
6	23	n/a
6	24	n/a
6	26	n/a
6	28	n/a
6	29	n/a
6	30	n/a
6	32	n/a
6	34	n/a
6	36	n/a
6	38	n/a
6	39	n/a
6	40	n/a
6	41	n/a
6	42	n/a
6	47	n/a
6	58	n/a
6	59	n/a
6	73	n/a
6	77	n/a
7	8	n/a
7	9	n/a
7	10	n/a
7	12	n/a
7	14	n/a
7	15	n/a
7	17	n/a
7	19	n/a
7	20	n/a
7	21	n/a
7	23	n/a
7	24	n/a
7	26	n/a
7	27	n/a
7	28	n/a
7	29	n/a
7	30	n/a
7	32	n/a
7	33	n/a
7	34	n/a
7	36	n/a
7	37	n/a
7	38	n/a
7	39	n/a
7	40	n/a
7	41	n/a
7	43	n/a
7	45	n/a
7	47	n/a
7	58	n/a
7	73	n/a
7	77	n/a
8	9	n/a
8	10	n/a
8	12	n/a
8	13	n/a
8	14	n/a
8	15	n/a
8	17	n/a
8	18	n/a
8	19	n/a
8	20	n/a
8	21	n/a
8	23	n/a
8	24	n/a
8	26	n/a
8	27	n/a
8	28	n/a
8	29	n/a
8	30	n/a
8	32	n/a
8	33	n/a
8	34	n/a
8	36	n/a
8	38	n/a
8	39	n/a
8	40	n/a
8	41	n/a
8	42	n/a
8	43	n/a
8	56	n/a
8	58	n/a
8	73	n/a
8	77	n/a
9	10	n/a
9	12	n/a
9	13	n/a
9	14	n/a
9	15	n/a
9	16	n/a
9	17	n/a
9	20	n/a
9	21	n/a
9	22	n/a
9	23	n/a
9	24	n/a
9	25	n/a
9	26	n/a
9	27	n/a
9	28	n/a
9	29	n/a
9	30	n/a
9	31	n/a
9	33	n/a
9	34	n/a
9	36	n/a
9	37	n/a
9	38	n/a
9	39	n/a
9	40	n/a
9	41	n/a
9	42	n/a
9	43	n/a
9	45	n/a
9	47	n/a
9	49	n/a
9	53	n/a
9	56	n/a
9	58	n/a
9	59	n/a
9	61	n/a
9	62	n/a
9	63	n/a
9	64	n/a
9	65	n/a
9	69	n/a
9	70	n/a
9	71	n/a
9	72	n/a
9	73	n/a
9	75	n/a
9	76	n/a
9	77	n/a
9	78	n/a
9	79	n/a
9	80	n/a
9	83	n/a
10	12	n/a
10	13	n/a
10	14	n/a
10	15	n/a
10	20	n/a
10	24	n/a
10	28	n/a
10	29	n/a
10	30	n/a
10	32	n/a
10	33	n/a
10	34	n/a
10	36	n/a
10	38	n/a
10	39	n/a
10	40	n/a
10	41	n/a
10	43	n/a
10	47	n/a
10	53	n/a
10	55	n/a
10	57	n/a
10	58	n/a
10	59	n/a
10	61	n/a
10	64	n/a
10	69	n/a
10	73	n/a
10	77	n/a
11	13	n/a
11	14	n/a
11	17	n/a
11	18	n/a
11	19	n/a
11	23	n/a
11	25	n/a
11	26	n/a
11	27	n/a
11	29	n/a
11	31	n/a
11	32	n/a
11	34	n/a
11	36	n/a
11	37	n/a
11	38	n/a
11	39	n/a
11	41	n/a
11	42	n/a
11	44	n/a
11	49	n/a
11	51	n/a
11	60	n/a
11	62	n/a
11	67	n/a
11	74	n/a
11	75	n/a
11	76	n/a
11	80	n/a
12	13	n/a
12	14	n/a
12	15	n/a
12	20	n/a
12	24	n/a
12	28	n/a
12	29	n/a
12	32	n/a
12	34	n/a
12	35	n/a
12	36	n/a
12	38	n/a
12	40	n/a
12	41	n/a
12	42	n/a
12	47	n/a
12	53	n/a
12	54	n/a
12	58	n/a
12	59	n/a
12	61	n/a
12	64	n/a
12	69	n/a
12	73	n/a
12	77	n/a
13	14	n/a
13	18	n/a
13	22	n/a
13	24	n/a
13	25	n/a
13	26	n/a
13	27	n/a
13	29	n/a
13	31	n/a
13	32	n/a
13	34	n/a
13	36	n/a
13	37	n/a
13	38	n/a
13	39	n/a
13	40	n/a
13	41	n/a
13	42	n/a
13	43	n/a
13	44	n/a
13	45	n/a
13	46	n/a
13	48	n/a
13	49	n/a
13	51	n/a
13	60	n/a
13	62	n/a
13	67	n/a
13	71	n/a
13	74	n/a
13	75	n/a
13	76	n/a
13	80	n/a
13	83	n/a
14	15	n/a
14	17	n/a
14	18	n/a
14	19	n/a
14	20	n/a
14	21	n/a
14	23	n/a
14	24	n/a
14	26	n/a
14	27	n/a
14	28	n/a
14	29	n/a
14	30	n/a
14	32	n/a
14	33	n/a
14	34	n/a
14	36	n/a
14	38	n/a
14	39	n/a
14	40	n/a
14	41	n/a
14	42	n/a
14	73	n/a
14	77	n/a
15	20	n/a
15	21	n/a
15	22	n/a
15	23	n/a
15	24	n/a
15	27	n/a
15	28	n/a
15	29	n/a
15	30	n/a
15	32	n/a
15	34	n/a
15	35	n/a
15	36	n/a
15	37	n/a
15	38	n/a
15	39	n/a
15	40	n/a
15	41	n/a
15	43	n/a
15	47	n/a
15	53	n/a
15	58	n/a
15	59	n/a
15	61	n/a
15	69	n/a
15	73	n/a
15	77	n/a
15	84	n/a
16	17	0.2044265762265183
16	21	0.2122344029475613
16	22	n/a
16	23	0.05737796584223529
16	24	0.18632110475418145
16	27	0.1819549195576833
16	28	0.1811915433934311
16	30	n/a
16	34	n/a
16	36	0.26973017289889545
16	37	0.3022723238456733
16	38	0.2660505599265473
16	39	n/a
16	40	n/a
16	43	0.009277695908276054
16	45	0.2762369166846488
16	46	0.021700662881258853
16	52	0.2516492798375476
16	65	0.1768366140922405
16	70	0.22417443150646954
16	71	0.11764238158560669
16	72	0.25002450424952655
16	73	0.18252751333205397
16	76	0.18355696430282406
16	77	0.2029015724788
16	79	0.045800743964451086
17	18	n/a
17	19	n/a
17	21	0.23411014968892827
17	22	n/a
17	23	0.17161433491435538
17	24	0.22144624791008416
17	26	n/a
17	27	0.3023584151547455
17	28	0.14471945106573142
17	29	n/a
17	30	n/a
17	33	n/a
17	34	n/a
17	36	0.27139933688631507
17	37	0.2732758071500522
17	38	0.22398515640046365
17	39	n/a
17	43	0.20159898922049305
17	44	0.07296167947510997
17	51	n/a
17	52	0.30654546045533315
17	66	0.07801227898342596
17	72	0.32057989455608654
17	75	0.20305391873037376
17	76	0.23458755719837987
18	19	n/a
18	21	n/a
18	23	n/a
18	25	n/a
18	26	n/a
18	27	n/a
18	29	n/a
18	30	n/a
18	31	n/a
18	34	n/a
18	36	n/a
18	37	n/a
18	38	n/a
18	39	n/a
18	42	n/a
18	44	n/a
18	62	n/a
18	67	n/a
18	74	n/a
18	75	n/a
18	76	n/a
18	80	n/a
19	21	n/a
19	23	n/a
19	25	n/a
19	26	n/a
19	27	n/a
19	29	n/a
19	30	n/a
19	31	n/a
19	33	n/a
19	34	n/a
19	36	n/a
19	37	n/a
19	38	n/a
19	39	n/a
19	44	n/a
19	51	n/a
19	52	n/a
19	68	n/a
19	74	n/a
19	75	n/a
19	76	n/a
19	80	n/a
20	24	n/a
20	28	n/a
20	29	n/a
20	32	n/a
20	34	n/a
20	36	n/a
20	38	n/a
20	40	n/a
20	41	n/a
20	47	n/a
20	53	n/a
20	58	n/a
20	59	n/a
20	61	n/a
20	64	n/a
20	69	n/a
20	73	n/a
20	77	n/a
21	22	n/a
21	23	0.20403929846334506
21	24	0.14692817139744124
21	26	n/a
21	27	0.23338266437916869
21	28	0.13859653940374375
21	29	n/a
21	30	n/a
21	33	n/a
21	34	n/a
21	35	n/a
21	36	0.24587112165288616
21	37	0.2825737349469553
21	38	0.23482443189300875
21	39	n/a
21	40	n/a
21	41	n/a
21	43	0.3070021270776297
21	65	0.21532647456807863
21	70	0.26753239632379694
21	71	0.2471310022398395
21	72	0.2885303761176385
21	73	0.22994514425034454
21	76	0.21513750528594316
21	77	0.21890688539547176
21	78	0.19411628937560188
21	79	0.2293488459341854
21	82	n/a
22	23	n/a
22	24	n/a
22	25	n/a
22	26	n/a
22	27	n/a
22	28	n/a
22	29	n/a
22	30	n/a
22	31	n/a
22	34	n/a
22	36	n/a
22	37	n/a
22	38	n/a
22	39	n/a
22	40	n/a
22	42	n/a
22	43	n/a
22	44	n/a
22	45	n/a
22	46	n/a
22	51	n/a
22	52	n/a
22	58	n/a
22	62	n/a
22	65	n/a
22	70	n/a
22	71	n/a
22	72	n/a
22	73	n/a
22	75	n/a
22	76	n/a
22	77	n/a
22	79	n/a
22	80	n/a
23	24	0.30368745323052626
23	26	n/a
23	27	0.23464431921975745
23	28	0.2592727421521574
23	29	n/a
23	30	n/a
23	33	n/a
23	34	n/a
23	35	n/a
23	36	0.27226334771378363
23	37	0.29869661933878366
23	38	0.252129784731297
23	39	n/a
23	40	n/a
23	41	n/a
23	43	0.26511082419855186
23	44	0.14178976912049268
23	45	0.3261473657593893
23	46	0.24079591864936986
23	51	n/a
23	52	0.292873322295054
23	65	0.19251872631873704
23	66	0.03923427372579473
23	70	0.22123850216793542
23	71	0.16974868662591705
23	72	0.285462889243276
23	73	0.18840093317801848
23	76	0.27043918726657695
23	77	0.24737149506576964
23	79	0.066273880758144
23	84	n/a
24	25	n/a
24	26	n/a
24	27	0.2567293388440301
24	28	0.2703728195996933
24	29	n/a
24	30	n/a
24	31	n/a
24	32	n/a
24	33	n/a
24	34	n/a
24	36	0.300602262732193
24	37	0.3308007765576589
24	38	0.2295956303010308
24	39	n/a
24	40	n/a
24	41	n/a
24	42	n/a
24	43	0.2124060292115479
24	45	0.24280231748130915
24	46	0.16532687710662655
24	47	n/a
24	48	n/a
24	50	n/a
24	51	n/a
24	52	0.24036079380782255
24	53	n/a
24	55	n/a
24	56	0.20478918433859333
24	57	0.1992613068624092
24	58	n/a
24	59	n/a
24	61	n/a
24	62	n/a
24	63	n/a
24	64	n/a
24	65	0.21472330994294436
24	69	n/a
24	70	0.29741983149115375
24	71	0.20093963611078675
24	72	0.27416737373453015
24	73	0.13760862948306207
24	76	0.22041090814081443
24	77	0.16374270350617492
24	78	0.2592041139943893
24	79	0.24541649112428507
24	80	n/a
24	82	n/a
24	83	n/a
25	26	n/a
25	27	n/a
25	31	n/a
25	34	n/a
25	36	n/a
25	37	n/a
25	38	n/a
25	42	n/a
25	43	n/a
25	44	n/a
25	45	n/a
25	49	n/a
25	51	n/a
25	60	n/a
25	62	n/a
25	67	n/a
25	74	n/a
25	75	n/a
25	76	n/a
25	80	n/a
26	27	n/a
26	28	n/a
26	29	n/a
26	30	n/a
26	31	n/a
26	33	n/a
26	34	n/a
26	36	n/a
26	37	n/a
26	38	n/a
26	39	n/a
26	42	n/a
26	43	n/a
26	44	n/a
26	45	n/a
26	46	n/a
26	49	n/a
26	51	n/a
26	52	n/a
26	60	n/a
26	62	n/a
26	66	n/a
26	67	n/a
26	68	n/a
26	71	n/a
26	74	n/a
26	75	n/a
26	76	n/a
26	80	n/a
26	83	n/a
27	28	0.3297327371652584
27	29	n/a
27	30	n/a
27	31	n/a
27	33	n/a
27	34	n/a
27	35	n/a
27	36	0.25034190676003815
27	37	0.20942403713210303
27	38	0.2645037490737202
27	39	n/a
27	40	n/a
27	41	n/a
27	42	n/a
27	43	0.20884065232566218
27	44	0.1942466057521953
27	45	0.24562412630595404
27	46	0.2132297254047189
27	47	n/a
27	49	n/a
27	51	n/a
27	52	0.24404622331547104
27	58	n/a
27	60	n/a
27	62	n/a
27	65	0.16424999687679015
27	66	0.22461578886317893
27	67	n/a
27	68	0.22217023373596217
27	70	0.2734409341371444
27	71	0.1628975198900394
27	72	0.2850760879445892
27	73	0.2120254146505138
27	74	n/a
27	75	0.18363907348053085
27	76	0.21523201801560213
27	77	0.2975544721300513
27	80	n/a
27	83	n/a
27	84	n/a
28	29	n/a
28	30	n/a
28	32	n/a
28	33	n/a
28	34	n/a
28	35	n/a
28	36	0.26909672235555615
28	37	0.29781506533039737
28	38	0.21711684903635367
28	39	n/a
28	40	n/a
28	41	n/a
28	43	0.24513925658408214
28	45	0.2781142354669687
28	46	0.19341304879612847
28	47	n/a
28	48	n/a
28	50	n/a
28	53	n/a
28	55	n/a
28	56	0.30208013990905663
28	57	0.31202872404509047
28	58	n/a
28	59	n/a
28	61	n/a
28	63	n/a
28	64	n/a
28	65	0.26387348695228396
28	69	n/a
28	70	0.3045858034740471
28	71	0.2884620806235208
28	72	0.27732649338797655
28	73	0.1813111728524661
28	76	0.26567390074870484
28	77	0.24246038217556376
28	78	0.2559977398641004
28	79	0.26453080146418356
28	82	n/a
28	83	n/a
29	30	n/a
29	32	n/a
29	33	n/a
29	34	n/a
29	36	n/a
29	38	n/a
29	39	n/a
29	40	n/a
29	41	n/a
29	42	n/a
29	43	n/a
29	58	n/a
29	73	n/a
29	77	n/a
30	33	n/a
30	34	n/a
30	36	n/a
30	37	n/a
30	38	n/a
30	39	n/a
30	40	n/a
30	41	n/a
30	43	n/a
30	45	n/a
30	58	n/a
30	65	n/a
30	70	n/a
30	71	n/a
30	73	n/a
30	77	n/a
30	78	n/a
30	79	n/a
31	34	n/a
31	36	n/a
31	37	n/a
31	38	n/a
31	42	n/a
31	43	n/a
31	44	n/a
31	45	n/a
31	49	n/a
31	51	n/a
31	60	n/a
31	62	n/a
31	67	n/a
31	68	n/a
31	71	n/a
31	74	n/a
31	75	n/a
31	76	n/a
31	80	n/a
32	34	n/a
32	36	n/a
32	38	n/a
32	39	n/a
32	40	n/a
32	41	n/a
32	42	n/a
33	34	n/a
33	36	n/a
33	38	n/a
33	43	n/a
33	73	n/a
33	77	n/a
34	36	n/a
34	37	n/a
34	38	n/a
34	39	n/a
34	40	n/a
34	41	n/a
34	42	n/a
34	43	n/a
34	49	n/a
34	51	n/a
34	58	n/a
34	62	n/a
34	73	n/a
34	75	n/a
34	76	n/a
34	77	n/a
34	80	n/a
35	36	n/a
35	37	n/a
35	38	n/a
35	39	n/a
35	40	n/a
35	41	n/a
35	42	n/a
35	43	n/a
35	44	n/a
35	45	n/a
35	46	n/a
35	47	n/a
35	48	n/a
35	54	n/a
35	64	n/a
35	72	n/a
35	84	n/a
36	37	0.10806212701233554
36	38	0.14853977578967392
36	39	n/a
36	40	n/a
36	41	n/a
36	42	n/a
36	43	0.27937412919762816
36	44	0.13585841878394866
36	45	0.2462180401484902
36	46	0.03164498843428866
36	47	n/a
36	48	n/a
36	51	n/a
36	52	0.2665878296826811
36	56	0.2419987838455888
36	58	n/a
36	64	n/a
36	65	0.23583632501525037
36	66	0.08635790000822836
36	68	0.10324722168716939
36	70	0.2687157926643547
36	71	0.22592465775906884
36	72	0.30151288068346577
36	73	0.22337606973380092
36	74	n/a
36	75	0.21631759250875837
36	76	0.22055888447164346
36	77	0.24516440029926698
36	78	0.23620885546305265
36	79	0.2333028199737469
36	80	n/a
36	82	n/a
36	83	n/a
36	84	n/a
37	38	0.06071983046896564
37	39	n/a
37	40	n/a
37	41	n/a
37	42	n/a
37	43	0.09739338990231848
37	44	0.21001221686063334
37	45	0.20319776730052902
37	46	0.04939810656054911
37	49	n/a
37	51	n/a
37	52	0.16799042104096895
37	60	n/a
37	62	n/a
37	65	0.29953581262134243
37	67	n/a
37	68	0.1508251041672805
37	71	0.07914491841264595
37	72	0.24172792974879315
37	74	n/a
37	75	0.18513582740621076
37	76	0.1628931174959538
37	80	n/a
37	84	n/a
38	39	n/a
38	40	n/a
38	41	n/a
38	42	n/a
38	43	0.19386307204539052
38	44	0.15719356961764655
38	45	0.1552851930262532
38	46	0.10197180789199169
38	48	n/a
38	49	n/a
38	51	n/a
38	52	0.3065240177476554
38	56	0.21224857560882363
38	58	n/a
38	62	n/a
38	65	0.2532207674925302
38	66	0.14256676006446733
38	67	n/a
38	68	0.05961021548412593
38	71	0.1186626284441425
38	72	0.30831714246511255
38	73	0.21857211331629148
38	74	n/a
38	75	0.1610929066737044
38	76	0.20840661798259344
38	77	0.22638267786328614
38	80	n/a
38	84	n/a
39	40	n/a
39	41	n/a
39	42	n/a
39	43	n/a
39	44	n/a
39	45	n/a
39	46	n/a
39	48	n/a
39	51	n/a
39	52	n/a
39	65	n/a
39	71	n/a
39	72	n/a
39	73	n/a
39	75	n/a
39	76	n/a
39	77	n/a
39	84	n/a
40	41	n/a
40	42	n/a
40	43	n/a
40	45	n/a
40	47	n/a
40	48	n/a
40	53	n/a
40	54	n/a
40	56	n/a
40	58	n/a
40	59	n/a
40	61	n/a
40	64	n/a
40	69	n/a
40	73	n/a
40	76	n/a
40	77	n/a
40	78	n/a
40	84	n/a
41	42	n/a
41	43	n/a
41	45	n/a
41	46	n/a
41	47	n/a
41	48	n/a
41	49	n/a
41	57	n/a
41	73	n/a
41	77	n/a
41	83	n/a
41	84	n/a
42	44	n/a
42	45	n/a
42	46	n/a
42	48	n/a
42	49	n/a
42	51	n/a
42	60	n/a
42	62	n/a
42	74	n/a
42	75	n/a
42	76	n/a
42	80	n/a
42	83	n/a
43	44	0.10846988069349436
43	45	0.15160292815247609
43	46	0.03701334159931775
43	47	n/a
43	48	n/a
43	49	n/a
43	50	n/a
43	51	n/a
43	52	0.2878640306472738
43	53	n/a
43	54	n/a
43	55	n/a
43	56	0.23403794515135395
43	57	0.2621774544069025
43	58	n/a
43	59	n/a
43	60	n/a
43	61	n/a
43	62	n/a
43	63	n/a
43	64	n/a
43	65	0.32455583170990626
43	66	0.22794368310943858
43	67	n/a
43	68	0.19373716676270175
43	69	n/a
43	70	0.26899962297136387
43	71	0.20335452995614342
43	72	0.375125057256147
43	73	0.22558671379048922
43	74	n/a
43	75	0.152849015766438
43	76	0.239653377536429
43	77	0.22757675478614586
43	78	0.20358751691134427
43	79	0.2572826601242428
43	80	n/a
43	81	n/a
43	82	n/a
43	83	n/a
43	84	n/a
44	45	0.030859306501548008
44	46	0.06987786557529835
44	47	n/a
44	48	n/a
44	49	n/a
44	51	n/a
44	52	0.2344406262805605
44	56	0.2309969192667449
44	60	n/a
44	62	n/a
44	63	n/a
44	65	0.2618546218685924
44	66	0.1875930902542363
44	67	n/a
44	68	0.1873490352595247
44	70	0.33261740352720415
44	71	0.16399812185330584
44	72	0.33768735767433933
44	73	0.16060475456252632
44	74	n/a
44	75	0.17281318623475483
44	76	0.15304865941992885
44	77	0.2627766142901404
44	79	0.264225118634771
44	80	n/a
44	83	n/a
44	84	n/a
45	46	0.03907348510568661
45	47	n/a
45	48	n/a
45	49	n/a
45	50	n/a
45	51	n/a
45	52	0.3224288893530594
45	53	n/a
45	55	n/a
45	56	0.168702369429512
45	57	0.17098802859569212
45	58	n/a
45	59	n/a
45	60	n/a
45	61	n/a
45	62	n/a
45	63	n/a
45	64	n/a
45	65	0.313906841933368
45	66	0.2326626723195442
45	67	n/a
45	68	0.15617678325037654
45	69	n/a
45	70	0.24969459946994083
45	71	0.2214472193492486
45	72	0.3499651831884884
45	73	0.21157160268700234
45	74	n/a
45	75	0.1543451179773456
45	76	0.28380700948537935
45	77	0.24256750183084877
45	78	0.22610565459938153
45	79	0.23813568264327156
45	80	n/a
45	81	n/a
45	82	n/a
45	83	n/a
45	84	n/a
46	47	n/a
46	48	n/a
46	49	n/a
46	51	n/a
46	52	0.25418058028159696
46	55	n/a
46	56	0.0901636463781623
46	57	0.1729307667249253
46	58	n/a
46	59	n/a
46	60	n/a
46	63	n/a
46	64	n/a
46	65	0.4109244571255589
46	66	0.18781020598235507
46	67	n/a
46	68	0.20821543867672482
46	70	0.2838533689611105
46	71	0.20561573177296674
46	72	0.3740406347208202
46	73	0.2841466042310182
46	75	0.14519503981134704
46	76	0.25073327371890586
46	77	0.28591113675336643
46	78	0.1995345259478636
46	79	0.22028765017902494
46	80	n/a
46	81	n/a
46	83	n/a
46	84	n/a
47	48	n/a
47	49	n/a
47	51	n/a
47	52	n/a
47	53	n/a
47	54	n/a
47	55	n/a
47	56	n/a
47	57	n/a
47	58	n/a
47	59	n/a
47	61	n/a
47	63	n/a
47	64	n/a
47	65	n/a
47	69	n/a
47	70	n/a
47	71	n/a
47	72	n/a
47	73	n/a
47	75	n/a
47	76	n/a
47	77	n/a
47	78	n/a
47	79	n/a
47	81	n/a
47	83	n/a
47	84	n/a
48	49	n/a
48	53	n/a
48	54	n/a
48	55	n/a
48	56	n/a
48	57	n/a
48	58	n/a
48	59	n/a
48	60	n/a
48	61	n/a
48	62	n/a
48	63	n/a
48	64	n/a
48	69	n/a
48	70	n/a
48	72	n/a
48	73	n/a
48	75	n/a
48	76	n/a
48	77	n/a
48	78	n/a
48	79	n/a
48	81	n/a
48	83	n/a
48	84	n/a
49	51	n/a
49	57	n/a
49	58	n/a
49	60	n/a
49	62	n/a
49	63	n/a
49	67	n/a
49	71	n/a
49	73	n/a
49	74	n/a
49	75	n/a
49	76	n/a
49	80	n/a
49	83	n/a
49	84	n/a
50	52	n/a
50	56	n/a
50	57	n/a
50	58	n/a
50	59	n/a
50	63	n/a
50	66	n/a
50	68	n/a
50	70	n/a
50	72	n/a
50	73	n/a
50	75	n/a
50	76	n/a
50	77	n/a
50	78	n/a
50	79	n/a
50	82	n/a
50	83	n/a
51	52	n/a
51	54	n/a
51	58	n/a
51	60	n/a
51	62	n/a
51	64	n/a
51	65	n/a
51	66	n/a
51	68	n/a
51	71	n/a
51	72	n/a
51	73	n/a
51	74	n/a
51	75	n/a
51	76	n/a
51	77	n/a
51	80	n/a
51	83	n/a
52	55	n/a
52	56	0.26690997896930413
52	57	0.2317149347908949
52	59	n/a
52	63	n/a
52	66	0.23622941159116503
52	67	n/a
52	68	0.23903112873694918
52	70	0.303928419762607
52	71	0.014804416038465234
52	72	0.24033777206440618
52	73	0.09365645073154893
52	75	0.20957349647323473
52	76	0.19635414741406979
52	77	0.26321723951159764
52	78	0.2486612910099614
52	79	0.30508116050791595
52	83	n/a
53	54	n/a
53	55	n/a
53	56	n/a
53	57	n/a
53	58	n/a
53	59	n/a
53	61	n/a
53	63	n/a
53	64	n/a
53	69	n/a
53	73	n/a
53	77	n/a
53	78	n/a
53	83	n/a
54	55	n/a
54	56	n/a
54	57	n/a
54	58	n/a
54	59	n/a
54	61	n/a
54	64	n/a
54	69	n/a
54	71	n/a
54	73	n/a
54	76	n/a
54	77	n/a
54	78	n/a
54	81	n/a
54	83	n/a
54	84	n/a
55	56	n/a
55	57	n/a
55	58	n/a
55	59	n/a
55	61	n/a
55	63	n/a
55	64	n/a
55	69	n/a
55	72	n/a
55	73	n/a
55	77	n/a
55	78	n/a
55	81	n/a
55	83	n/a
56	57	0.18847116392316587
56	58	n/a
56	59	n/a
56	60	n/a
56	61	n/a
56	63	n/a
56	64	n/a
56	66	0.2461805503056346
56	67	n/a
56	68	0.27586831705733095
56	69	n/a
56	70	0.19469191452953374
56	72	0.2165763025830715
56	73	0.17301088446392132
56	75	0.2475660382275934
56	76	0.3061194355342495
56	77	0.08001268424657323
56	78	0.1387826991264676
56	79	0.17213705589725842
56	81	n/a
56	82	n/a
56	83	n/a
57	58	n/a
57	59	n/a
57	60	n/a
57	61	n/a
57	63	n/a
57	64	n/a
57	66	0.2135263517803829
57	67	n/a
57	68	0.02536314937094746
57	69	n/a
57	70	0.19353335402388588
57	72	0.23148817657042822
57	73	0.18135566332344
57	75	0.2541389351898649
57	76	0.2673498095518499
57	77	0.2112761359387423
57	78	0.1663287930824483
57	79	0.19621503175115826
57	81	n/a
57	83	n/a
58	59	n/a
58	61	n/a
58	62	n/a
58	63	n/a
58	64	n/a
58	69	n/a
58	71	n/a
58	73	n/a
58	74	n/a
58	75	n/a
58	76	n/a
58	77	n/a
58	78	n/a
58	79	n/a
58	80	n/a
58	82	n/a
58	83	n/a
59	60	n/a
59	61	n/a
59	63	n/a
59	64	n/a
59	69	n/a
59	73	n/a
59	77	n/a
59	78	n/a
59	81	n/a
59	82	n/a
59	83	n/a
60	61	n/a
60	62	n/a
60	63	n/a
60	66	n/a
60	67	n/a
60	68	n/a
60	70	n/a
60	72	n/a
60	74	n/a
60	75	n/a
60	76	n/a
60	78	n/a
60	79	n/a
60	80	n/a
60	81	n/a
60	83	n/a
61	63	n/a
61	64	n/a
61	69	n/a
61	73	n/a
61	77	n/a
61	78	n/a
61	81	n/a
61	83	n/a
62	67	n/a
62	71	n/a
62	73	n/a
62	74	n/a
62	75	n/a
62	76	n/a
62	78	n/a
62	80	n/a
62	81	n/a
62	83	n/a
63	64	n/a
63	66	n/a
63	67	n/a
63	68	n/a
63	69	n/a
63	70	n/a
63	72	n/a
63	73	n/a
63	75	n/a
63	76	n/a
63	77	n/a
63	78	n/a
63	79	n/a
63	80	n/a
63	81	n/a
63	82	n/a
63	83	n/a
64	69	n/a
64	70	n/a
64	71	n/a
64	72	n/a
64	73	n/a
64	74	n/a
64	76	n/a
64	77	n/a
64	78	n/a
64	79	n/a
64	81	n/a
64	83	n/a
64	84	n/a
65	70	0.10452891544166475
65	71	0.13839849878321864
65	72	0.16647253537522616
65	73	0.0639645785618011
65	76	0.07171590948873591
65	77	0.12145705373814887
65	79	0.30454031694286665
65	82	n/a
65	83	n/a
65	84	n/a
66	67	n/a
66	68	0.2732685968622605
66	70	0.18113490209170946
66	71	0.06203855654462534
66	72	0.18048834529795282
66	73	0.24072836069650672
66	75	0.23387871226149642
66	76	0.2409991741512097
66	77	0.24353495841487513
66	78	0.23117033495440417
66	79	0.2782583562745248
66	82	n/a
66	83	n/a
67	68	n/a
67	70	n/a
67	72	n/a
67	74	n/a
67	75	n/a
67	76	n/a
67	77	n/a
67	78	n/a
67	79	n/a
67	80	n/a
67	83	n/a
68	70	0.23662997184374213
68	72	0.2673375310488153
68	74	n/a
68	75	0.18627124025151956
68	76	0.19786558543372498
68	77	0.23152981443831833
68	78	0.2074338867060848
68	79	0.2893987849962022
68	80	n/a
68	82	n/a
68	83	n/a
69	73	n/a
69	77	n/a
69	78	n/a
69	83	n/a
70	71	0.17081340659436584
70	72	0.22021684424065563
70	73	0.0060403760257518166
70	75	0.30653036205882017
70	76	0.2211131001912239
70	77	0.14770188538342732
70	78	0.21549042121813589
70	79	0.17857995693167375
70	82	n/a
70	83	n/a
70	84	n/a
71	72	0.2556434004199197
71	73	0.09344906335924734
71	74	n/a
71	75	0.06484704379811246
71	76	0.18019985809925423
71	77	0.10216063446444115
71	78	0.04585340571029338
71	79	0.013110026101508977
71	80	n/a
71	83	n/a
72	73	0.14083132221164638
72	75	0.26178365689625477
72	76	0.20846609805181182
72	77	0.20574662036623464
72	78	0.18321294710467503
72	79	0.21410168691425033
72	82	n/a
72	83	n/a
72	84	n/a
73	74	n/a
73	75	0.03731446845002582
73	76	0.16026234369186917
73	77	0.11710596687527558
73	78	0.14048328636734203
73	79	0.17413969505883028
73	80	n/a
73	81	n/a
73	82	n/a
73	83	n/a
74	75	n/a
74	76	n/a
74	80	n/a
74	83	n/a
75	76	0.13269253294057629
75	77	0.23159375832811582
75	78	0.26605824979684567
75	79	0.282965968518276
75	80	n/a
75	82	n/a
75	83	n/a
76	77	0.1731992927095048
76	78	0.2538565859248967
76	79	0.2553081511502382
76	80	n/a
76	82	n/a
76	83	n/a
76	84	n/a
77	78	0.13731168964242982
77	79	0.10864846062916267
77	81	n/a
77	82	n/a
77	83	n/a
77	84	n/a
78	79	0.18209253707422882
78	80	n/a
78	81	n/a
78	82	n/a
78	83	n/a
79	82	n/a
79	83	n/a
80	83	n/a
81	83	n/a
82	83	n/a
#subnet edge score	74.45748277595017