1	7	n/a
1	8	n/a
1	14	n/a
1	23	n/a
1	29	n/a
1	30	n/a
2	9	n/a
2	13	n/a
2	22	n/a
2	24	n/a
2	25	n/a
2	26	n/a
2	27	n/a
2	31	n/a
2	36	n/a
2	37	n/a
2	38	n/a
2	42	n/a
2	51	n/a
2	76	n/a
3	7	n/a
3	8	n/a
3	17	n/a
3	21	n/a
3	23	n/a
3	26	n/a
3	27	n/a
3	36	n/a
3	37	n/a
3	38	n/a
3	39	n/a
3	76	n/a
4	9	n/a
4	10	n/a
4	12	n/a
4	15	n/a
4	20	n/a
4	24	n/a
4	28	n/a
5	6	n/a
5	12	n/a
5	15	n/a
5	24	n/a
5	32	n/a
5	34	n/a
5	40	n/a
5	41	n/a
6	7	n/a
6	8	n/a
6	10	n/a
6	12	n/a
6	15	n/a
6	28	n/a
6	32	n/a
6	40	n/a
6	41	n/a
7	8	n/a
7	10	n/a
7	14	n/a
7	23	n/a
7	24	n/a
7	28	n/a
7	29	n/a
7	30	n/a
7	33	n/a
7	36	n/a
7	38	n/a
8	10	n/a
8	12	n/a
8	14	n/a
8	17	n/a
8	23	n/a
8	28	n/a
8	30	n/a
8	32	n/a
8	40	n/a
8	41	n/a
9	10	n/a
9	12	n/a
9	15	n/a
9	20	n/a
9	22	n/a
9	24	n/a
9	27	n/a
9	28	n/a
9	36	n/a
9	40	n/a
9	58	n/a
9	73	n/a
9	77	n/a
10	12	n/a
10	14	n/a
10	15	n/a
10	20	n/a
10	28	n/a
10	29	n/a
10	34	n/a
10	36	n/a
10	40	n/a
10	41	n/a
11	13	n/a
11	17	n/a
11	18	n/a
11	19	n/a
11	25	n/a
11	26	n/a
11	27	n/a
11	31	n/a
11	34	n/a
11	37	n/a
11	38	n/a
11	42	n/a
11	49	n/a
11	62	n/a
11	80	n/a
12	15	n/a
12	20	n/a
12	24	n/a
12	28	n/a
12	40	n/a
13	25	n/a
13	26	n/a
13	27	n/a
13	31	n/a
13	34	n/a
13	36	n/a
13	37	n/a
13	38	n/a
13	41	n/a
13	42	n/a
13	44	n/a
13	49	n/a
13	62	n/a
13	74	n/a
13	75	n/a
13	76	n/a
13	80	n/a
14	17	n/a
14	23	n/a
14	28	n/a
14	29	n/a
14	30	n/a
14	32	n/a
14	34	n/a
14	41	n/a
15	20	n/a
15	24	n/a
15	28	n/a
15	36	n/a
15	40	n/a
16	21	n/a
16	22	n/a
16	23	n/a
16	24	n/a
16	27	n/a
16	28	n/a
16	36	n/a
16	38	n/a
16	39	n/a
16	65	n/a
16	71	n/a
16	72	n/a
16	76	n/a
17	18	n/a
17	19	n/a
17	21	n/a
17	23	n/a
17	26	n/a
17	27	n/a
17	29	n/a
17	30	n/a
17	34	n/a
17	36	n/a
17	37	n/a
17	38	n/a
17	76	n/a
18	19	n/a
18	26	n/a
18	27	n/a
18	31	n/a
18	34	n/a
18	36	n/a
18	37	n/a
18	38	n/a
18	75	n/a
18	76	n/a
19	26	n/a
19	27	n/a
19	34	n/a
19	36	n/a
19	37	n/a
19	38	n/a
19	76	n/a
20	24	n/a
20	28	n/a
21	23	n/a
21	28	n/a
21	30	n/a
21	33	n/a
21	34	n/a
21	36	n/a
21	37	n/a
21	38	n/a
21	39	n/a
21	40	n/a
22	23	n/a
22	24	n/a
22	25	n/a
22	27	n/a
22	28	n/a
22	65	n/a
22	71	n/a
22	72	n/a
22	76	n/a
23	27	n/a
23	28	n/a
23	29	n/a
23	30	n/a
23	33	n/a
23	34	n/a
23	36	n/a
23	37	n/a
23	38	n/a
23	39	n/a
23	40	n/a
23	65	n/a
23	71	n/a
23	72	n/a
24	27	n/a
24	28	n/a
24	33	n/a
24	36	n/a
24	40	n/a
24	58	n/a
24	71	n/a
24	73	n/a
24	77	n/a
25	26	n/a
25	27	n/a
25	31	n/a
25	42	n/a
25	49	n/a
25	62	n/a
25	74	n/a
25	75	n/a
25	76	n/a
25	80	n/a
26	27	n/a
26	31	n/a
26	34	n/a
26	36	n/a
26	37	n/a
26	38	n/a
26	39	n/a
26	42	n/a
26	51	n/a
26	62	n/a
26	67	n/a
26	74	n/a
26	75	n/a
26	76	n/a
26	80	n/a
27	28	n/a
27	31	n/a
27	34	n/a
27	36	n/a
27	37	n/a
27	38	n/a
27	39	n/a
27	43	n/a
27	44	n/a
27	45	n/a
27	46	n/a
27	51	n/a
27	52	n/a
27	62	n/a
27	65	n/a
27	66	n/a
27	68	n/a
27	71	n/a
27	72	n/a
27	74	n/a
27	75	n/a
27	76	n/a
27	80	n/a
28	29	n/a
28	30	n/a
28	33	n/a
28	34	n/a
28	36	n/a
28	38	n/a
28	39	n/a
28	40	n/a
28	58	n/a
28	73	n/a
28	77	n/a
29	30	n/a
29	32	n/a
29	33	n/a
29	34	n/a
29	41	n/a
30	33	n/a
30	34	n/a
30	36	n/a
30	38	n/a
31	34	n/a
31	37	n/a
31	38	n/a
31	62	n/a
31	74	n/a
31	75	n/a
31	76	n/a
31	80	n/a
32	34	n/a
32	36	n/a
32	40	n/a
32	41	n/a
33	34	n/a
33	38	n/a
34	36	n/a
34	38	n/a
34	41	n/a
34	42	n/a
35	36	n/a
35	39	n/a
35	46	n/a
35	84	n/a
36	37	n/a
36	38	n/a
36	39	n/a
36	40	n/a
36	41	n/a
36	42	n/a
36	76	n/a
37	38	n/a
37	39	n/a
37	42	n/a
37	76	n/a
38	39	n/a
38	41	n/a
38	42	n/a
38	76	n/a
39	40	n/a
39	41	n/a
39	76	n/a
39	84	n/a
40	41	n/a
42	44	n/a
42	49	n/a
42	62	n/a
43	44	0.041
43	45	0.18
43	46	0.04
43	47	0.013
43	48	0.098
43	49	n/a
43	51	n/a
43	52	0.052
43	56	0.059
43	58	0.063
43	59	0.178
43	64	0.16
43	65	n/a
43	67	n/a
43	68	n/a
43	70	0.015
43	71	n/a
43	72	0.014
43	73	0.038
43	75	0.138
43	76	0.043
43	77	0.081
43	81	0.06
43	83	0.048
43	84	n/a
44	45	0.142
44	46	0.029
44	49	n/a
44	51	n/a
44	52	0.054
44	60	n/a
44	62	n/a
44	66	n/a
44	67	n/a
44	68	n/a
44	70	0.037
44	72	0.106
44	75	0.091
44	76	0.05
44	80	n/a
45	46	0.064
45	48	0.074
45	49	n/a
45	51	n/a
45	52	0.105
45	56	0.066
45	59	0.092
45	60	n/a
45	62	n/a
45	66	n/a
45	67	n/a
45	68	n/a
45	70	0.087
45	72	0.046
45	73	0.055
45	75	0.068
45	76	0.041
45	77	0.021
45	78	0.054
45	79	0.067
45	80	n/a
45	82	0.033
45	83	0.011
46	47	0.063
46	48	0.115
46	52	0.027
46	65	n/a
46	70	0.047
46	72	0.021
46	75	0.11
46	76	0.044
46	77	0.042
46	84	n/a
47	48	0.062
47	54	n/a
47	55	n/a
47	56	0.095
47	57	0.098
47	58	0.108
47	59	0.157
47	61	n/a
47	63	0.078
47	64	0.134
47	72	0.087
47	73	0.044
47	77	0.129
47	81	0.242
48	54	n/a
48	55	n/a
48	57	0.23
48	59	0.013
48	63	0.071
48	77	0.011
48	78	0.003
48	81	0.179
48	83	0.027
49	51	n/a
49	60	n/a
49	62	n/a
49	74	n/a
49	80	n/a
49	83	n/a
50	56	0.125
50	57	0.242
50	63	0.083
50	78	0.088
50	79	0.116
51	58	n/a
51	62	n/a
51	71	n/a
51	73	n/a
51	74	n/a
51	75	n/a
51	76	n/a
52	56	0.246
52	57	0.121
52	66	n/a
52	68	n/a
52	72	0.002
52	75	0.038
52	76	0.138
52	77	0.004
53	58	n/a
53	59	n/a
53	61	n/a
53	69	n/a
53	73	n/a
53	77	n/a
54	55	n/a
54	64	n/a
54	73	n/a
54	81	n/a
54	83	n/a
55	56	n/a
55	57	n/a
55	59	n/a
55	61	n/a
55	64	n/a
55	77	n/a
55	81	n/a
56	57	0.326
56	59	0.15
56	63	0.226
56	66	n/a
56	70	0.069
56	72	0.238
56	77	0.061
56	78	0.046
56	79	0.045
56	83	0.029
57	59	0.228
57	61	n/a
57	63	0.162
57	64	0.049
57	77	0.2
57	79	0.213
57	81	0.037
58	59	0.191
58	61	n/a
58	64	0.102
58	71	n/a
58	73	0.07
58	76	0.025
58	77	0.207
59	61	n/a
59	63	0.05
59	64	0.139
59	69	n/a
59	77	0.17
59	78	0.085
59	83	0.072
60	62	n/a
60	67	n/a
60	68	n/a
60	74	n/a
60	75	n/a
60	80	n/a
60	83	n/a
61	64	n/a
61	69	n/a
61	73	n/a
61	77	n/a
62	74	n/a
62	76	n/a
62	80	n/a
62	83	n/a
63	75	0.201
63	77	0.016
63	78	0.126
63	79	0.134
63	81	0.042
63	83	0.043
64	69	n/a
64	73	0.045
64	77	0.051
65	70	n/a
65	71	n/a
65	72	n/a
65	73	n/a
65	76	n/a
65	77	n/a
66	67	n/a
66	68	n/a
66	70	n/a
66	72	n/a
66	75	n/a
66	76	n/a
66	79	n/a
66	83	n/a
67	68	n/a
67	75	n/a
67	76	n/a
67	80	n/a
67	83	n/a
68	72	n/a
68	75	n/a
68	76	n/a
68	79	n/a
68	83	n/a
69	73	n/a
69	77	n/a
70	72	0.107
70	77	0.198
70	79	0.091
70	82	0.105
70	83	0.034
71	72	n/a
71	73	n/a
71	74	n/a
71	76	n/a
71	77	n/a
72	75	0.004
72	76	0.002
72	77	0.205
72	79	0.092
72	83	0.093
73	76	0.102
73	77	0.085
73	78	0.032
73	82	0.02
74	75	n/a
74	76	n/a
74	80	n/a
75	76	0.025
75	80	n/a
75	83	0.172
76	80	n/a
76	83	0.065
77	78	0.039
77	79	0.069
77	82	0.152
77	83	0.096
78	79	0.018
78	81	0.131
78	82	0.069
78	83	0.159
79	82	0.073
79	83	0.016
80	83	n/a
81	83	0.078
82	83	0.138
#subnet edge score	12.472000000000005