0	1	0.013
0	2	0.125
0	3	0.021000000000000005
0	4	0.01200000000000001
0	5	0.08199999999999999
0	6	0.09399999999999997
0	7	0.10800000000000001
0	8	0.027999999999999997
0	9	0.012000000000000094
0	10	0.0959999999999999
0	11	0.06399999999999992
0	12	0.11100000000000003
0	13	0.0689999999999999
0	14	0.017999999999999964
0	15	0.04299999999999975
0	16	0.05000000000000024
0	17	0.037999999999999895
0	18	0.02900000000000011
0	19	0.019999999999999907
0	20	0.03500000000000028
0	21	0.13500000000000023
0	22	0.17300000000000026
0	23	0.008000000000000118
0	24	0.14500000000000007
0	25	0.08500000000000017
0	26	0.027999999999999442
0	27	0.016999999999999807
0	28	0.004000000000000517
0	29	0.15900000000000103
0	30	0.04499999999999975
0	31	0.04699999999999905
0	33	0.09700000000000039
0	34	0.1330000000000004
0	35	0.07800000000000057
0	36	0.031000000000000333
0	37	0.0929999999999998
0	38	0.07399999999999994
0	39	0.05500000000000069
0	40	0.04400000000000037
0	41	0.037999999999999964
0	42	0.12200000000000133
0	43	0.10100000000000009
0	44	0.008000000000000368
0	45	0.11900000000000055
0	46	0.047000000000000194
0	47	0.06199999999999971
0	48	0.048999999999999225
0	49	0.009999999999999593
0	50	0.07199999999999951
0	51	0.0739999999999996
0	52	0.10900000000000065
0	53	0.1590000000000003
0	54	0.013999999999998541
0	55	0.03300000000000139
0	56	0.03500000000000175
0	57	0.0329999999999996
0	58	0.011999999999997818
0	59	0.12300000000000025
0	60	0.14199999999999827
0	61	0.03199999999999885
0	62	0.02499999999999829
0	63	0.11600000000000019
0	64	0.15600000000000153
0	65	0.03700000000000118
0	67	0.022999999999999576
0	68	0.041000000000000064
0	69	0.02199999999999916
0	70	0.10800000000000105
0	71	0.02400000000000222
0	72	0.06199999999999678
0	73	0.1279999999999966
0	74	0.15300000000000033
0	75	0.08800000000000188
0	76	0.09900000000000128
0	77	0.1059999999999984
0	78	0.11000000000000086
0	79	0.16599999999999812
0	81	0.023000000000001547
0	82	0.0400000000000022
0	83	0.010999999999999704
1	2	0.09
1	3	0.094
1	4	0.03
1	5	0.033
1	6	0.017
1	7	0.065
1	8	0.043
1	9	0.115
1	10	0.079
1	11	0.007
1	12	0.043
1	13	0.079
1	14	0.003
1	15	0.083
1	16	0.011
1	17	0.064
1	18	0.01
1	19	0.021
1	20	0.057
1	21	0.053
1	22	0.106
1	23	0.02
1	24	0.031
1	25	0.033
1	26	0.051
1	27	0.052
1	28	0.06
1	29	0.04
1	30	0.052
1	31	0.101
1	32	0.13800000000000087
1	33	0.179
1	34	0.005
1	35	0.132
1	36	0.184
1	37	0.046
1	38	0.045
1	39	0.163
1	40	0.094
1	41	0.113
1	42	0.139
1	43	0.049
1	44	0.022
1	45	0.02
1	46	0.099
1	47	0.013
1	48	0.037
1	49	0.072
1	50	0.169
1	51	0.043
1	52	0.06
1	53	0.088
1	54	0.132
1	55	0.107
1	56	0.124
1	57	0.025
1	58	0.061
1	59	0.028
1	60	0.053
1	61	0.077
1	62	0.173
1	63	0.024
1	64	0.108
1	65	0.132
1	66	0.033999999999998795
1	67	0.06
1	68	0.036
1	69	0.023
1	70	0.084
1	71	0.039
1	72	0.102
1	73	0.148
1	74	0.062
1	75	0.044
1	76	0.016
1	77	0.146
1	78	0.012
1	79	0.031
1	80	0.12400000000000154
1	81	0.138
1	82	0.154
1	83	0.055
2	3	0.114
2	4	0.025
2	5	0.036
2	6	0.065
2	7	0.047
2	8	0.031
2	9	0.083
2	10	0.081
2	11	0.009
2	12	0.116
2	13	0.158
2	14	0.054
2	15	0.055
2	16	0.013
2	17	0.086
2	18	0.108
2	19	0.118
2	20	0.052
2	21	0.053
2	22	0.072
2	23	0.018
2	24	0.066
2	25	0.059
2	26	0.06
2	27	0.072
2	28	0.154
2	29	0.099
2	30	0.109
2	31	0.082
2	33	0.007
2	34	0.057
2	35	0.022
2	36	0.062
2	37	0.121
2	38	0.052
2	39	0.028
2	40	0.046
2	41	0.05
2	42	0.034
2	43	0.015
2	44	0.004
2	45	0.023
2	46	0.029
2	47	0.039
2	48	0.003
2	49	0.116
2	50	0.099
2	51	0.051
2	52	0.106
2	53	0.137
2	54	0.009
2	55	0.046
2	56	0.208
2	57	0.229
2	58	0.03
2	59	0.12
2	60	0.068
2	61	0.073
2	62	0.063
2	63	0.06
2	64	0.042
2	65	0.063
2	66	0.15
2	67	0.069
2	68	0.114
2	69	0.15
2	70	0.008
2	71	0.098
2	72	0.059
2	73	0.198
2	74	0.043
2	75	0.005
2	76	0.129
2	77	0.08
2	78	0.052
2	79	0.001
2	81	0.125
2	82	0.096
2	83	0.013
3	4	0.007
3	5	0.091
3	6	0.16
3	7	0.042
3	8	0.099
3	9	0.098
3	10	0.06
3	11	0.032
3	12	0.066
3	13	0.021
3	14	0.022
3	15	0.091
3	16	0.089
3	17	0.147
3	18	0.1
3	19	0.079
3	20	0.077
3	21	0.21
3	22	0.009
3	23	0.111
3	24	0.06
3	25	0.008
3	26	0.059
3	27	0.197
3	28	0.035
3	29	0.029
3	30	0.039
3	31	0.014
3	32	0.045
3	33	0.067
3	34	0.23
3	35	0.13
3	36	0.068
3	37	0.023
3	38	0.114
3	39	0.029
3	40	0.054
3	41	0.061
3	42	0.114
3	43	0.05
3	44	0.047
3	45	0.012
3	46	0.11
3	47	0.139
3	48	0.113
3	49	0.15
3	50	0.004
3	51	0.136
3	52	0.07
3	53	0.1
3	54	0.139
3	55	0.046
3	56	0.023
3	57	0.135
3	58	0.208
3	59	0.068
3	60	0.056
3	61	0.11
3	62	0.022
3	63	0.091
3	64	0.015
3	65	0.081
3	66	0.082
3	67	0.046
3	68	0.121
3	69	0.048
3	70	0.143
3	71	0.061
3	72	0.068
3	73	0.159
3	74	0.019
3	75	0.016
3	76	0.122
3	77	0.038
3	78	0.045
3	80	0.064
3	81	0.024
3	82	0.043
3	83	0.126
4	5	0.129
4	6	0.052
4	7	0.1
4	8	0.112
4	9	0.038
4	10	0.049
4	11	0.141
4	12	0.072
4	13	0.011
4	14	0.003
4	15	0.056
4	16	0.003
4	17	0.095
4	18	0.079
4	19	0.09
4	20	0.024
4	21	0.068
4	22	0.142
4	23	0.158
4	24	0.018
4	25	0.017
4	26	0.039
4	27	0.021
4	28	0.033
4	29	0.002
4	30	0.058
4	31	0.006
4	32	0.018
4	33	0.006
4	34	0.025
4	35	0.028
4	36	0.089
4	37	0.092
4	38	0.02
4	39	0.14
4	40	0.112
4	41	0.115
4	42	0.081
4	43	0.085
4	44	0.135
4	45	0.02
4	46	0.18
4	47	0.143
4	48	0.039
4	49	0.138
4	50	0.044
4	51	0.071
4	52	0.062
4	53	0.059
4	54	0.067
4	55	0.065
4	56	0.097
4	57	0.021
4	58	0.023
4	59	0.06
4	60	0.068
4	61	0.082
4	62	0.019
4	63	0.066
4	64	0.107
4	65	0.156
4	67	0.195
4	68	0.02
4	69	0.093
4	70	0.01
4	71	0.029
4	72	0.035
4	74	0.116
4	75	0.096
4	76	0.128
4	77	0.088
4	78	0.075
4	80	0.123
4	81	0.039
4	82	0.063
4	83	0.05
5	6	0.096
5	7	0.053
5	8	0.03
5	9	0.029
5	10	0.069
5	11	0.05
5	12	0.073
5	13	0.101
5	14	0.006
5	15	0.072
5	16	0.185
5	17	0.046
5	18	0.051
5	19	0.06
5	20	0.02
5	21	0.04
5	22	0.063
5	23	0.062
5	24	0.153
5	25	0.135
5	26	0.173
5	27	0.047
5	28	0.053
5	29	0.011
5	30	0.063
5	31	0.118
5	32	0.082
5	33	0.008
5	34	0.146
5	35	0.012
5	36	0.138
5	37	0.148
5	38	0.023
5	39	0.017
5	40	0.11
5	41	0.045
5	42	0.017
5	43	0.031
5	44	0.011
5	45	0.085
5	46	0.143
5	47	0.066
5	48	0.032
5	49	0.053
5	50	0.143
5	51	0.052
5	52	0.075
5	53	0.208
5	54	0.304
5	55	0.031
5	56	0.059
5	57	0.071
5	58	0.037
5	59	0.06
5	60	0.039
5	61	0.192
5	62	0.053
5	63	0.115
5	64	0.199
5	65	0.017
5	66	0.058
5	67	0.098
5	68	0.032
5	69	0.082
5	70	0.068
5	71	0.22
5	72	0.141
5	73	0.025
5	74	0.004
5	75	0.088
5	76	0.02
5	77	0.189
5	78	0.076
5	79	0.085
5	80	0.068
5	81	0.157
5	82	0.169
5	83	0.073
6	7	0.099
6	8	0.063
6	9	0.096
6	10	0.129
6	11	0.067
6	12	0.089
6	13	0.174
6	14	0.029
6	15	0.138
6	16	0.096
6	17	0.022
6	18	0.027
6	19	0.115
6	20	0.037
6	21	0.148
6	22	0.143
6	23	0.023
6	24	0.053
6	25	0.057
6	26	0.061
6	27	0.037
6	28	0.089
6	29	0.151
6	30	0.044
6	31	0.033
6	32	0.085
6	33	0.047
6	34	0.033
6	35	0.085
6	36	0.033
6	37	0.094
6	38	0.073
6	39	0.146
6	40	0.038
6	41	0.039
6	42	0.058
6	43	0.012
6	44	0.068
6	45	0.137
6	46	0.017
6	47	0.061
6	48	0.046
6	49	0.046
6	50	0.075
6	51	0.055
6	52	0.014
6	53	0.104
6	54	0.003
6	55	0.047
6	56	0.143
6	57	0.121
6	58	0.143
6	59	0.003
6	60	0.099
6	61	0.04
6	62	0.062
6	63	0.045
6	64	0.077
6	65	0.139
6	66	0.099
6	67	0.097
6	68	0.035
6	69	0.112
6	70	0.069
6	71	0.025
6	72	0.002
6	73	0.065
6	74	0.019
6	75	0.071
6	76	0.05
6	77	0.038
6	78	0.03
6	80	0.301
6	81	0.059
6	82	0.007
6	83	0.165
7	8	0.119
7	9	0.049
7	10	0.11
7	11	0.047
7	12	0.03
7	13	0.132
7	14	0.096
7	15	0.238
7	16	0.183
7	17	0.084
7	18	0.015
7	19	0.115
7	20	0.047
7	21	0.041
7	22	0.203
7	23	0.164
7	24	0.032
7	25	0.175
7	26	0.076
7	27	0.019
7	28	0.016
7	29	0.048
7	30	0.023
7	31	0.097
7	32	0.081
7	33	0.011
7	34	0.031
7	35	0.04
7	36	0.041
7	37	0.171
7	38	0.172
7	39	0.023
7	40	0.145
7	41	0.124
7	42	0.128
7	43	0.087
7	44	0.073
7	45	0.042
7	46	0.036
7	47	0.029
7	48	0.01
7	49	0.103
7	50	0.011
7	51	0.06
7	52	0.08
7	53	0.112
7	54	0.165
7	55	0.067
7	56	0.114
7	57	0.099
7	58	0.148
7	59	0.078
7	60	0.053
7	61	0.153
7	62	0.107
7	63	0.03
7	64	0.054
7	65	0.032
7	66	0.111
7	67	0.027
7	68	0.102
7	69	0.134
7	70	0.063
7	71	0.043
7	72	0.168
7	73	0.093
7	74	0.191
7	75	0.022
7	76	0.143
7	77	0.011
7	78	0.053
7	79	0.1
7	80	0.146
7	81	0.022
7	82	0.167
7	83	0.052
8	9	0.164
8	10	0.177
8	11	0.032
8	12	0.108
8	13	0.156
8	14	0.002
8	15	0.09
8	16	0.167
8	17	0.154
8	18	0.232
8	19	0.119
8	20	0.072
8	21	0.016
8	22	0.156
8	23	0.238
8	24	0.001
8	25	0.007
8	26	0.04
8	27	0.097
8	28	0.014
8	29	0.007
8	30	0.178
8	31	0.104
8	32	0.023
8	33	0.082
8	34	0.003
8	35	0.11
8	36	0.002
8	37	0.095
8	38	0.063
8	39	0.036
8	40	0.02
8	41	0.044
8	42	0.035
8	43	0.15
8	44	0.041
8	45	0.07
8	46	0.017
8	47	0.019
8	48	0.051
8	49	0.099
8	50	0.14
8	51	0.026
8	52	0.152
8	53	0.084
8	54	0.106
8	55	0.003
8	56	0.07
8	57	0.013
8	58	0.014
8	59	0.049
8	60	0.027
8	61	0.046
8	62	0.088
8	63	0.086
8	64	0.107
8	65	0.103
8	66	0.056
8	67	0.124
8	68	0.034
8	69	0.149
8	70	0.122
8	71	0.002
8	72	0.021
8	73	0.001
8	74	0.127
8	75	0.06
8	76	0.121
8	77	0.069
8	78	0.074
8	79	0.069
8	80	0.1
8	81	0.069
8	82	0.157
8	83	0.103
9	10	0.116
9	11	0.035
9	12	0.026
9	13	0.105
9	14	0.042
9	15	0.168
9	16	0.008
9	17	0.094
9	18	0.101
9	19	0.068
9	20	0.104
9	21	0.056
9	22	0.006
9	23	0.126
9	24	0.113
9	25	0.035
9	26	0.008
9	27	0.165
9	28	0.052
9	29	0.067
9	30	0.006
9	31	0.029
9	32	0.047
9	33	0.102
9	34	0.141
9	35	0.127
9	36	0.022
9	37	0.13
9	38	0.021
9	39	0.107
9	40	0.045
9	41	0.054
9	42	0.086
9	43	0.023
9	44	0.004
9	45	0.016
9	46	0.016
9	47	0.036
9	48	0.05
9	49	0.117
9	50	0.036
9	51	0.09
9	52	0.152
9	53	0.037
9	54	0.015
9	55	0.175
9	56	0.041
9	57	0.094
9	58	0.195
9	59	0.05
9	60	0.074
9	61	0.032
9	62	0.014
9	63	0.045
9	64	0.046
9	65	0.06
9	66	0.032
9	67	0.083
9	68	0.119
9	69	0.034
9	70	0.06
9	71	0.111
9	72	0.112
9	73	0.043
9	74	0.022
9	75	0.029
9	76	0.19
9	77	0.113
9	78	0.142
9	80	0.01
9	81	0.044
9	82	0.045
9	83	0.044
10	11	0.176
10	12	0.06
10	13	0.006
10	14	0.038
10	15	0.025
10	16	0.07
10	17	0.045
10	18	0.054
10	19	0.013
10	20	0.065
10	21	0.101
10	22	0.053
10	23	0.091
10	24	0.032
10	25	0.019
10	26	0.055
10	27	0.007
10	28	0.145
10	29	0.027
10	30	0.104
10	31	0.009
10	32	0.039
10	33	0.082
10	34	0.038
10	35	0.045
10	36	0.031
10	37	0.083
10	38	0.083
10	39	0.15
10	40	0.089
10	41	0.102
10	42	0.012
10	43	0.074
10	44	0.143
10	45	0.092
10	46	0.184
10	47	0.166
10	48	0.056
10	49	0.032
10	50	0.052
10	51	0.013
10	52	0.17
10	53	0.088
10	54	0.067
10	55	0.168
10	56	0.024
10	57	0.02
10	58	0.083
10	59	0.129
10	60	0.065
10	61	0.165
10	62	0.117
10	63	0.163
10	64	0.041
10	65	0.061
10	66	0.161
10	67	0.064
10	68	0.066
10	69	0.211
10	70	0.019
10	71	0.027
10	72	0.137
10	73	0.038
10	74	0.06
10	75	0.047
10	76	0.022
10	77	0.068
10	78	0.09
10	79	0.043
10	80	0.028
10	81	0.012
10	82	0.044
10	83	0.114
11	12	0.074
11	13	0.032
11	14	0.003
11	15	0.026
11	16	0.136
11	17	0.001
11	18	0.054
11	19	0.085
11	20	0.088
11	21	0.059
11	22	0.067
11	23	0.042
11	24	0.001
11	25	0.062
11	26	0.152
11	27	0.02
11	28	0.053
11	29	0.242
11	30	0.21
11	31	0.092
11	32	0.085
11	33	0.078
11	34	0.014
11	35	0.151
11	36	0.013
11	37	0.046
11	38	0.151
11	39	0.014
11	40	0.01
11	41	0.071
11	42	0.005
11	43	0.094
11	44	0.004
11	45	0.018
11	46	0.11
11	47	0.135
11	48	0.118
11	49	0.041
11	50	0.07
11	51	0.13
11	52	0.07
11	53	0.062
11	54	0.029
11	55	0.017
11	56	0.171
11	57	0.058
11	58	0.086
11	59	0.137
11	60	0.025
11	61	0.002
11	62	0.085
11	63	0.024
11	64	0.072
11	65	0.041
11	67	0.009
11	68	0.042
11	69	0.023
11	70	0.135
11	71	0.145
11	72	0.029
11	73	0.022
11	74	0.097
11	75	0.07
11	76	0.14
11	77	0.057
11	78	0.092
11	79	0.032
11	80	0.087
11	81	0.008
11	82	0.161
11	83	0.042
12	13	0.192
12	14	0.204
12	15	0.16
12	16	0.069
12	17	0.138
12	18	0.037
12	19	0.094
12	20	0.202
12	21	0.075
12	22	0.166
12	23	0.038
12	24	0.033
12	25	0.013
12	26	0.087
12	27	0.059
12	28	0.092
12	29	0.001
12	30	0.113
12	31	0.099
12	32	0.043
12	33	0.039
12	34	0.184
12	35	0.03
12	36	0.03
12	37	0.2
12	38	0.229
12	39	0.169
12	40	0.263
12	41	0.071
12	42	0.093
12	43	0.034
12	44	0.099
12	45	0.043
12	46	0.022
12	47	0.049
12	48	0.115
12	49	0.023
12	50	0.05
12	51	0.012
12	52	0.014
12	53	0.074
12	54	0.016
12	55	0.1
12	56	0.007
12	57	0.051
12	58	0.051
12	59	0.161
12	60	0.032
12	61	0.064
12	62	0.034
12	63	0.187
12	64	0.063
12	65	0.032
12	66	0.105
12	67	0.099
12	68	0.099
12	69	0.071
12	70	0.033
12	71	0.18
12	72	0.147
12	73	0.006
12	74	0.031
12	75	0.05
12	76	0.012
12	77	0.01
12	78	0.077
12	79	0.076
12	80	0.056
12	81	0.056
12	82	0.148
12	83	0.087
13	14	0.005
13	15	0.037
13	16	0.154
13	17	0.121
13	18	0.032
13	19	0.055
13	20	0.044
13	21	0.08
13	22	0.138
13	23	0.11
13	24	0.008
13	25	0.184
13	26	0.071
13	27	0.025
13	28	0.162
13	29	0.088
13	30	0.118
13	31	0.039
13	32	0.024
13	33	0.07
13	34	0.027
13	35	0.02
13	36	0.139
13	37	0.119
13	38	0.118
13	39	0.018
13	40	0.149
13	41	0.008
13	42	0.16
13	43	0.338
13	44	0.052
13	45	0.092
13	46	0.006
13	47	0.112
13	48	0.154
13	49	0.089
13	50	0.14
13	51	0.005
13	52	0.108
13	53	0.038
13	54	0.029
13	55	0.02
13	56	0.052
13	57	0.024
13	58	0.097
13	59	0.031
13	60	0.039
13	61	0.011
13	62	0.14
13	63	0.056
13	64	0.05
13	65	0.099
13	66	0.04
13	67	0.018
13	68	0.047
13	69	0.055
13	70	0.131
13	71	0.149
13	72	0.171
13	73	0.054
13	74	0.055
13	75	0.005
13	76	0.091
13	77	0.021
13	78	0.008
13	79	0.088
13	80	0.079
13	81	0.102
13	82	0.062
13	83	0.008
14	15	0.117
14	16	0.127
14	17	0.105
14	18	0.027
14	19	0.071
14	20	0.062
14	21	0.069
14	22	0.028
14	23	0.028
14	24	0.082
14	25	0.029
14	26	0.025
14	27	0.005
14	28	0.001
14	29	0.23
14	30	0.051
14	31	0.135
14	32	0.105
14	33	0.045
14	34	0.087
14	35	0.175
14	36	0.05
14	37	0.043
14	38	0.212
14	39	0.134
14	40	0.021
14	41	0.101
14	42	0.005
14	43	0.049
14	44	0.111
14	45	0.042
14	46	0.11
14	47	0.069
14	48	0.075
14	49	0.137
14	50	0.043
14	51	0.146
14	52	0.049
14	53	0.104
14	54	0.03
14	55	0.006
14	56	0.012
14	57	0.024
14	58	0.017
14	59	0.043
14	60	0.105
14	61	0.215
14	62	0.068
14	63	0.009
14	64	0.097
14	65	0.152
14	66	0.126
14	67	0.025
14	68	0.003
14	69	0.017
14	70	0.032
14	71	0.036
14	72	0.077
14	73	0.051
14	74	0.036
14	75	0.014
14	76	0.054
14	77	0.123
14	78	0.059
14	79	0.118
14	80	0.11
14	81	0.055
14	82	0.067
14	83	0.021
15	16	0.002
15	17	0.05
15	18	0.064
15	19	0.006
15	20	0.04
15	21	0.019
15	22	0.089
15	23	0.115
15	24	0.046
15	25	0.136
15	26	0.045
15	27	0.123
15	28	0.003
15	29	0.002
15	30	0.217
15	31	0.043
15	32	0.046
15	33	0.031
15	34	0.021
15	35	0.062
15	36	0.005
15	37	0.019
15	38	0.122
15	39	0.071
15	40	0.057
15	41	0.125
15	42	0.092
15	43	0.055
15	44	0.198
15	45	0.081
15	46	0.041
15	47	0.036
15	49	0.017
15	50	0.014
15	51	0.12
15	52	0.036
15	53	0.142
15	54	0.07
15	55	0.119
15	56	0.07
15	57	0.114
15	58	0.099
15	59	0.071
15	60	0.009
15	61	0.194
15	62	0.045
15	63	0.027
15	64	0.022
15	65	0.078
15	66	0.072
15	67	0.11
15	68	0.082
15	69	0.11
15	70	0.022
15	71	0.053
15	72	0.073
15	73	0.079
15	74	0.097
15	75	0.132
15	78	0.134
15	79	0.083
15	81	0.021
15	82	0.039
15	83	0.07
16	17	0.147
16	18	0.014
16	19	0.211
16	20	0.074
16	21	0.009
16	22	0.175
16	23	0.07
16	24	0.006
16	25	0.038
16	26	0.019
16	27	0.019
16	28	0.065
16	29	0.026
16	30	0.009
16	31	0.031
16	32	0.051
16	33	0.065
16	34	0.073
16	35	0.049
16	36	0.063
16	37	0.005
16	38	0.071
16	39	0.05
16	40	0.011
16	41	0.147
16	42	0.185
16	43	0.046
16	44	0.01
16	45	0.16
16	46	0.009
16	47	0.116
16	48	0.033
16	49	0.202
16	50	0.094
16	51	0.004
16	52	0.11
16	53	0.173
16	54	0.02
16	55	0.075
16	56	0.101
16	57	0.09
16	58	0.135
16	59	0.046
16	60	0.064
16	61	0.027
16	62	0.048
16	63	0.049
16	64	0.152
16	65	0.028
16	66	0.02
16	67	0.12
16	68	0.095
16	69	0.05
16	70	0.02
16	71	0.097
16	72	0.058
16	73	0.102
16	74	0.038
16	75	0.042
16	76	0.05
16	77	0.175
16	78	0.037
16	79	0.013
16	81	0.093
16	82	0.112
16	83	0.006
17	18	0.164
17	19	0.146
17	20	0.091
17	21	0.086
17	22	0.079
17	23	0.128
17	24	0.016
17	25	0.034
17	26	0.013
17	27	0.021
17	28	0.088
17	29	0.113
17	30	0.028
17	31	0.15
17	32	0.019
17	33	0.044
17	34	0.022
17	35	0.003
17	36	0.059
17	37	0.014
17	38	0.158
17	39	0.028
17	40	0.054
17	41	0.017
17	42	0.079
17	43	0.153
17	44	0.163
17	45	0.117
17	46	0.067
17	47	0.164
17	48	0.051
17	49	0.038
17	50	0.02
17	51	0.06
17	53	0.173
17	55	0.196
17	56	0.145
17	57	0.198
17	58	0.166
17	59	0.086
17	60	0.102
17	61	0.117
17	62	0.106
17	63	0.078
17	64	0.019
17	65	0.167
17	66	0.012
17	67	0.096
17	69	0.01
17	70	0.058
17	71	0.146
17	72	0.211
17	73	0.058
17	74	0.083
17	75	0.048
17	76	0.172
17	77	0.077
17	78	0.12
17	79	0.007
17	80	0.046
17	82	0.04
17	83	0.016
18	19	0.088
18	20	0.052
18	21	0.049
18	22	0.063
18	23	0.037
18	24	0.016
18	25	0.027
18	26	0.016
18	27	0.031
18	28	0.124
18	29	0.084
18	30	0.004
18	31	0.04
18	32	0.217
18	33	0.187
18	34	0.101
18	35	0.084
18	36	0.013
18	37	0.1
18	38	0.117
18	39	0.012
18	40	0.032
18	41	0.035
18	42	0.099
18	43	0.052
18	44	0.075
18	45	0.023
18	46	0.045
18	47	0.145
18	48	0.1
18	49	0.027
18	50	0.021
18	51	0.109
18	53	0.074
18	54	0.164
18	55	0.018
18	56	0.187
18	57	0.024
18	58	0.095
18	59	0.022
18	60	0.002
18	61	0.177
18	62	0.115
18	63	0.054
18	64	0.013
18	65	0.024
18	66	0.073
18	67	0.062
18	69	0.108
18	70	0.037
18	71	0.082
18	72	0.122
18	73	0.023
18	74	0.03
18	75	0.025
18	76	0.056
18	77	0.033
18	78	0.112
18	79	0.133
18	81	0.098
18	82	0.018
18	83	0.002
19	20	0.07
19	21	0.243
19	22	0.07
19	23	0.077
19	25	0.007
19	26	0.051
19	27	0.037
19	28	0.058
19	29	0.054
19	30	0.013
19	31	0.011
19	32	0.025
19	33	0.058
19	34	0.15
19	35	0.148
19	36	0.039
19	37	0.146
19	38	0.102
19	39	0.144
19	40	0.095
19	41	0.013
19	42	0.018
19	43	0.119
19	44	0.076
19	45	0.069
19	46	0.096
19	47	0.13
19	48	0.115
19	49	0.008
19	50	0.079
19	51	0.097
19	52	0.104
19	53	0.006
19	54	0.067
19	55	0.049
19	56	0.109
19	57	0.155
19	58	0.036
19	59	0.091
19	60	0.02
19	61	0.065
19	62	0.088
19	63	0.044
19	64	0.033
19	65	0.021
19	66	0.074
19	68	0.016
19	69	0.102
19	70	0.171
19	71	0.023
19	72	0.122
19	73	0.029
19	74	0.022
19	75	0.15
19	76	0.126
19	77	0.062
19	78	0.043
19	79	0.102
19	80	0.058
19	81	0.014
19	82	0.052
19	83	0.028
20	21	0.044
20	22	0.037
20	23	0.003
20	24	0.021
20	25	0.034
20	26	0.027
20	27	0.08
20	28	0.146
20	29	0.003
20	30	0.046
20	31	0.082
20	32	0.169
20	33	0.148
20	34	0.009
20	35	0.032
20	36	0.003
20	37	0.022
20	38	0.04
20	39	0.118
20	40	0.113
20	41	0.018
20	42	0.199
20	43	0.146
20	44	0.142
20	45	0.078
20	46	0.081
20	47	0.059
20	48	0.042
20	49	0.126
20	50	0.077
20	51	0.013
20	52	0.011
20	53	0.02
20	54	0.161
20	55	0.055
20	56	0.024
20	57	0.005
20	58	0.021
20	59	0.085
20	60	0.013
20	61	0.098
20	62	0.123
20	63	0.076
20	64	0.064
20	65	0.006
20	66	0.036
20	67	0.06
20	68	0.007
20	69	0.109
20	70	0.048
20	71	0.052
20	72	0.117
20	73	0.109
20	74	0.172
20	75	0.054
20	76	0.068
20	77	0.152
20	78	0.036
20	79	0.054
20	80	0.032
20	81	0.12
20	82	0.135
20	83	0.049
21	22	0.076
21	23	0.089
21	24	0.077
21	25	0.104
21	26	0.045
21	27	0.176
21	28	0.065
21	29	0.08
21	30	0.019
21	31	0.16
21	32	0.033
21	33	0.064
21	34	0.043
21	35	0.009
21	36	0.105
21	37	0.099
21	38	0.11
21	39	0.057
21	40	0.006
21	41	0.059
21	42	0.109
21	43	0.098
21	44	0.031
21	45	0.104
21	46	0.05
21	47	0.02
21	48	0.125
21	49	0.018
21	50	0.032
21	51	0.004
21	52	0.028
21	53	0.058
21	54	0.01
21	55	0.109
21	56	0.073
21	57	0.141
21	58	0.047
21	59	0.08
21	60	0.085
21	61	0.105
21	62	0.025
21	63	0.039
21	64	0.046
21	65	0.007
21	66	0.081
21	67	0.013
21	68	0.008
21	69	0.046
21	70	0.143
21	71	0.038
21	72	0.016
21	73	0.001
21	74	0.041
21	75	0.008
21	76	0.066
21	77	0.045
21	78	0.012
21	79	0.057
21	81	0.08
21	82	0.144
21	83	0.168
22	23	0.095
22	24	0.02
22	25	0.008
22	26	0.018
22	27	0.139
22	28	0.062
22	29	0.01
22	30	0.009
22	31	0.095
22	32	0.082
22	33	0.044
22	34	0.106
22	35	0.009
22	36	0.03
22	37	0.088
22	38	0.037
22	39	0.024
22	40	0.028
22	41	0.127
22	42	0.038
22	43	0.026
22	44	0.152
22	45	0.039
22	46	0.083
22	47	0.001
22	48	0.065
22	49	0.094
22	50	0.08
22	51	0.012
22	52	0.071
22	53	0.154
22	54	0.079
22	55	0.163
22	56	0.038
22	57	0.01
22	58	0.075
22	59	0.04
22	60	0.033
22	61	0.061
22	62	0.011
22	63	0.051
22	64	0.075
22	65	0.01
22	66	0.005
22	67	0.107
22	68	0.017
22	69	0.012
22	70	0.031
22	71	0.083
22	72	0.029
22	73	0.004
22	74	0.132
22	75	0.004
22	76	0.013
22	77	0.059
22	78	0.025
22	79	0.009
22	80	0.146
22	81	0.114
22	82	0.187
22	83	0.049
23	24	0.1
23	25	0.032
23	26	0.007
23	27	0.012
23	28	0.014
23	29	0.02
23	30	0.131
23	31	0.001
23	32	0.113
23	33	0.02
23	34	0.063
23	35	0.076
23	36	0.093
23	37	0.036
23	38	0.017
23	39	0.085
23	40	0.18
23	41	0.061
23	42	0.122
23	43	0.087
23	44	0.064
23	46	0.202
23	47	0.034
23	48	0.076
23	49	0.174
23	50	0.048
23	51	0.086
23	52	0.178
23	53	0.057
23	54	0.038
23	55	0.07
23	56	0.095
23	57	0.091
23	58	0.178
23	59	0.203
23	60	0.035
23	61	0.1
23	62	0.148
23	63	0.06
23	64	0.047
23	65	0.031
23	66	0.07
23	67	0.032
23	68	0.155
23	69	0.143
23	70	0.005
23	71	0.027
23	72	0.14
23	73	0.021
23	75	0.089
23	76	0.15
23	77	0.02
23	78	0.088
23	79	0.022
23	80	0.044
23	81	0.003
23	82	0.043
23	83	0.029
24	25	0.081
24	26	0.023
24	27	0.073
24	28	0.08
24	29	0.04
24	30	0.072
24	31	0.047
24	32	0.096
24	33	0.119
24	34	0.184
24	35	0.081
24	36	0.054
24	37	0.035
24	38	0.064
24	39	0.148
24	40	0.147
24	41	0.047
24	42	0.143
24	43	0.074
24	44	0.092
24	45	0.126
24	46	0.174
24	47	0.145
24	48	0.109
24	49	0.044
24	50	0.003
24	51	0.042
24	52	0.082
24	53	0.074
24	54	0.083
24	55	0.101
24	56	0.05
24	57	0.027
24	58	0.026
24	59	0.055
24	60	0.011
24	61	0.04
24	62	0.075
24	63	0.121
24	64	0.11
24	65	0.058
24	66	0.105
24	67	0.057
24	69	0.123
24	70	0.069
24	71	0.027
24	72	0.171
24	73	0.01
24	74	0.034
24	75	0.05
24	76	0.081
24	77	0.04
24	78	0.05
24	79	0.064
24	80	0.166
24	82	0.15
24	83	0.051
25	26	0.142
25	27	0.083
25	28	0.038
25	29	0.047
25	30	0.092
25	31	0.113
25	32	0.173
25	33	0.156
25	34	0.067
25	35	0.07
25	36	0.101
25	37	0.096
25	38	0.087
25	39	0.132
25	40	0.03
25	41	0.09
25	42	0.037
25	43	0.057
25	44	0.001
25	45	0.189
25	46	0.054
25	47	0.038
25	48	0.014
25	49	0.099
25	50	0.076
25	51	0.002
25	52	0.038
25	53	0.064
25	54	0.028
25	55	0.068
25	56	0.097
25	57	0.161
25	58	0.187
25	59	0.022
25	60	0.003
25	61	0.046
25	62	0.148
25	63	0.102
25	64	0.037
25	65	0.037
25	66	0.058
25	67	0.007
25	68	0.129
25	69	0.007
25	70	0.013
25	71	0.03
25	72	0.026
25	73	0.048
25	74	0.027
25	75	0.017
25	76	0.028
25	77	0.047
25	78	0.013
25	79	0.001
25	80	0.049
25	81	0.101
25	82	0.039
25	83	0.092
26	27	0.061
26	28	0.012
26	29	0.028
26	30	0.014
26	31	0.013
26	32	0.112
26	33	0.009
26	34	0.07
26	35	0.037
26	36	0.025
26	37	0.039
26	38	0.058
26	39	0.071
26	40	0.012
26	41	0.124
26	42	0.065
26	43	0.034
26	44	0.071
26	45	0.127
26	46	0.026
26	47	0.011
26	48	0.067
26	49	0.209
26	50	0.015
26	51	0.029
26	52	0.035
26	53	0.269
26	54	0.036
26	55	0.156
26	56	0.079
26	57	0.043
26	58	0.106
26	59	0.006
26	60	0.035
26	61	0.007
26	62	0.07
26	63	0.037
26	64	0.097
26	65	0.094
26	66	0.091
26	67	0.024
26	68	0.032
26	69	0.007
26	70	0.075
26	71	0.041
26	72	0.053
26	73	0.007
26	74	0.022
26	75	0.017
26	76	0.093
26	77	0.014
26	78	0.012
26	79	0.046
26	80	0.052
26	81	0.055
26	82	0.024
26	83	0.042
27	28	0.098
27	29	0.024
27	30	0.057
27	31	0.159
27	32	0.106
27	33	0.096
27	34	0.057
27	35	0.016
27	36	0.033
27	37	0.043
27	38	0.067
27	39	0.067
27	40	0.11
27	41	0.159
27	42	0.055
27	43	0.017
27	44	0.011
27	45	0.084
27	46	0.041
27	47	0.09
27	48	0.08
27	49	0.021
27	50	0.078
27	51	0.05
27	52	0.113
27	53	0.093
27	54	0.174
27	55	0.066
27	56	0.116
27	57	0.062
27	58	0.218
27	59	0.105
27	60	0.079
27	61	0.083
27	62	0.01
27	63	0.022
27	64	0.012
27	65	0.155
27	66	0.064
27	67	0.137
27	68	0.09
27	69	0.057
27	70	0.027
27	71	0.005
27	72	0.052
27	73	0.17
27	74	0.148
27	75	0.097
27	76	0.046
27	77	0.023
27	78	0.022
27	79	0.193
27	80	0.035
27	81	0.02
27	82	0.067
27	83	0.089
28	29	0.058
28	30	0.022
28	31	0.043
28	32	0.044
28	33	0.182
28	34	0.141
28	35	0.128
28	36	0.046
28	37	0.115
28	38	0.137
28	39	0.032
28	40	0.08
28	41	0.093
28	42	0.056
28	43	0.144
28	44	0.09
28	45	0.068
28	46	0.117
28	47	0.027
28	48	0.061
28	49	0.074
28	50	0.03
28	51	0.213
28	52	0.038
28	53	0.124
28	54	0.026
28	55	0.01
28	56	0.097
28	57	0.19
28	58	0.069
28	59	0.1
28	60	0.02
28	61	0.116
28	62	0.142
28	63	0.004
28	64	0.043
28	65	0.193
28	66	0.108
28	67	0.022
28	68	0.076
28	69	0.007
28	70	0.139
28	71	0.02
28	72	0.025
28	73	0.013
28	74	0.077
28	75	0.117
28	76	0.037
28	77	0.061
28	78	0.108
28	79	0.039
28	80	0.062
28	81	0.066
28	82	0.124
28	83	0.054
29	30	0.046
29	31	0.149
29	32	0.017
29	33	0.003
29	34	0.062
29	35	0.092
29	36	0.063
29	37	0.066
29	38	0.068
29	39	0.125
29	40	0.014
29	41	0.106
29	42	0.162
29	43	0.133
29	44	0.001
29	45	0.036
29	46	0.007
29	47	0.023
29	48	0.013
29	49	0.008
29	50	0.096
29	51	0.046
29	52	0.126
29	53	0.027
29	54	0.168
29	55	0.156
29	56	0.038
29	57	0.091
29	58	0.118
29	59	0.025
29	60	0.02
29	61	0.097
29	62	0.044
29	63	0.053
29	64	0.066
29	65	0.027
29	66	0.061
29	67	0.12
29	68	0.123
29	69	0.05
29	70	0.03
29	71	0.051
29	72	0.071
29	73	0.003
29	74	0.003
29	75	0.099
29	76	0.121
29	77	0.059
29	78	0.079
29	79	0.021
29	80	0.264
29	81	0.132
29	82	0.03
29	83	0.053
30	31	0.037
30	32	0.032
30	33	0.007
30	34	0.107
30	35	0.102
30	36	0.214
30	37	0.098
30	38	0.015
30	39	0.067
30	40	0.059
30	41	0.033
30	42	0.087
30	43	0.29
30	44	0.044
30	45	0.075
30	46	0.104
30	48	0.055
30	49	0.189
30	50	0.002
30	51	0.106
30	52	0.166
30	53	0.088
30	54	0.039
30	55	0.171
30	56	0.121
30	57	0.093
30	58	0.034
30	59	0.087
30	60	0.18
30	61	0.038
30	62	0.026
30	63	0.133
30	64	0.027
30	65	0.04
30	66	0.058
30	67	0.086
30	69	0.074
30	70	0.042
30	71	0.016
30	72	0.053
30	73	0.067
30	74	0.038
30	75	0.041
30	76	0.045
30	77	0.162
30	78	0.115
30	79	0.059
30	80	0.054
30	82	0.05
30	83	0.061
31	32	0.023
31	33	0.037
31	34	0.118
31	35	0.111
31	36	0.048
31	37	0.065
31	38	0.04
31	39	0.044
31	40	0.148
31	41	0.015
31	42	0.14
31	43	0.009
31	44	0.1
31	45	0.078
31	46	0.029
31	47	0.06
31	48	0.08
31	49	0.032
31	50	0.048
31	52	0.081
31	53	0.067
31	54	0.049
31	55	0.132
31	56	0.149
31	57	0.109
31	58	0.054
31	59	0.097
31	60	0.019
31	61	0.113
31	62	0.035
31	63	0.091
31	64	0.028
31	66	0.01
31	68	0.007
31	69	0.134
31	70	0.009
31	71	0.155
31	72	0.127
31	73	0.122
31	74	0.087
31	75	0.071
31	76	0.092
31	77	0.064
31	78	0.002
31	79	0.055
31	80	0.017
31	82	0.079
31	83	0.099
32	33	0.091
32	34	0.044
32	35	0.045
32	36	0.034
32	37	0.038
32	38	0.037
32	39	0.053
32	40	0.006
32	41	0.06
32	42	0.055
32	43	0.029
32	44	0.019
32	45	0.09
32	46	0.075
32	47	0.102
32	49	0.059
32	50	0.085
32	51	0.045
32	52	0.048
32	54	0.091
32	55	0.085
32	56	0.023
32	57	0.111
32	58	0.004
32	59	0.145
32	60	0.139
32	62	0.05
32	63	0.085
32	64	0.065
32	65	0.013
32	67	0.007
32	68	0.025
32	69	0.163
32	70	0.089
32	71	0.195
32	72	0.004
32	73	0.145
32	74	0.057
32	75	0.159
32	76	0.009
32	77	0.016
32	78	0.092
32	80	0.128
32	81	0.07
32	82	0.05
32	83	0.092
33	34	0.116
33	35	0.215
33	36	0.074
33	37	0.016
33	38	0.11
33	39	0.007
33	40	0.064
33	41	0.119
33	42	0.075
33	43	0.188
33	44	0.077
33	45	0.002
33	46	0.057
33	47	0.147
33	48	0.019
33	49	0.023
33	50	0.019
33	51	0.116
33	52	0.01
33	53	0.142
33	54	0.108
33	55	0.027
33	56	0.174
33	57	0.036
33	58	0.043
33	59	0.037
33	60	0.008
33	61	0.067
33	62	0.071
33	63	0.011
33	64	0.022
33	65	0.134
33	66	0.036
33	67	0.127
33	68	0.154
33	69	0.11
33	70	0.087
33	71	0.074
33	72	0.022
33	73	0.095
33	74	0.072
33	75	0.185
33	76	0.118
33	77	0.148
33	78	0.094
33	79	0.009
33	80	0.176
33	81	0.186
33	82	0.126
33	83	0.047
34	35	0.095
34	36	0.043
34	37	0.037
34	38	0.088
34	39	0.024
34	40	0.162
34	41	0.055
34	42	0.222
34	43	0.193
34	44	0.007
34	45	0.015
34	46	0.138
34	47	0.049
34	48	0.094
34	49	0.006
34	50	0.039
34	51	0.033
34	52	0.152
34	53	0.047
34	54	0.089
34	55	0.076
34	56	0.09
34	57	0.09
34	58	0.082
34	59	0.008
34	60	0.041
34	61	0.018
34	62	0.126
34	63	0.017
34	64	0.025
34	65	0.109
34	66	0.064
34	67	0.113
34	68	0.038
34	69	0.079
34	70	0.155
34	71	0.067
34	72	0.103
34	73	0.118
34	74	0.218
34	75	0.027
34	76	0.162
34	77	0.099
34	78	0.199
34	79	0.056
34	80	0.179
34	81	0.175
34	82	0.155
34	83	0.006
35	36	0.15
35	37	0.077
35	38	0.089
35	39	0.085
35	40	0.002
35	41	0.056
35	42	0.136
35	43	0.008
35	44	0.074
35	45	0.028
35	46	0.024
35	47	0.022
35	48	0.155
35	49	0.093
35	50	0.003
35	51	0.094
35	53	0.081
35	54	0.026
35	55	0.072
35	56	0.046
35	57	0.089
35	58	0.039
35	59	0.105
35	60	0.107
35	61	0.165
35	62	0.084
35	63	0.057
35	64	0.126
35	65	0.049
35	66	0.104
35	67	0.016
35	68	0.034
35	69	0.082
35	70	0.114
35	71	0.233
35	72	0.062
35	73	0.076
35	74	0.138
35	75	0.126
35	76	0.068
35	77	0.112
35	78	0.093
35	79	0.005
35	80	0.114
35	81	0.098
35	82	0.01
36	37	0.01
36	38	0.01
36	39	0.007
36	40	0.072
36	41	0.083
36	42	0.05
36	43	0.024
36	44	0.027
36	45	0.027
36	46	0.133
36	47	0.056
36	48	0.026
36	49	0.034
36	50	0.041
36	51	0.052
36	52	0.152
36	53	0.106
36	54	0.058
36	55	0.004
36	56	0.091
36	57	0.134
36	58	0.122
36	59	0.092
36	60	0.216
36	61	0.021
36	62	0.093
36	63	0.057
36	64	0.075
36	65	0.033
36	66	0.095
36	67	0.003
36	68	0.088
36	69	0.101
36	70	0.019
36	71	0.067
36	72	0.089
36	73	0.069
36	74	0.033
36	75	0.031
36	76	0.028
36	77	0.072
36	78	0.063
36	79	0.188
36	80	0.04
36	81	0.046
36	82	0.021
36	83	0.081
37	38	0.027
37	39	0.102
37	40	0.058
37	41	0.078
37	42	0.133
37	43	0.033
37	44	0.165
37	45	0.077
37	46	0.103
37	47	0.048
37	48	0.077
37	49	0.139
37	50	0.035
37	51	0.075
37	52	0.199
37	53	0.092
37	54	0.028
37	55	0.115
37	56	0.049
37	57	0.147
37	58	0.089
37	59	0.118
37	60	0.137
37	61	0.081
37	62	0.001
37	63	0.085
37	64	0.141
37	65	0.067
37	66	0.099
37	67	0.186
37	68	0.061
37	69	0.04
37	70	0.15
37	71	0.151
37	72	0.078
37	73	0.127
37	74	0.044
37	75	0.136
37	76	0.048
37	77	0.021
37	78	0.003
37	79	0.092
37	80	0.252
37	81	0.049
37	82	0.117
37	83	0.088
38	39	0.157
38	40	0.146
38	41	0.085
38	42	0.028
38	43	0.02
38	44	0.057
38	45	0.011
38	46	0.041
38	47	0.001
38	48	0.06
38	49	0.003
38	50	0.07
38	51	0.075
38	52	0.051
38	53	0.191
38	54	0.029
38	55	0.005
38	56	0.168
38	57	0.09
38	58	0.039
38	59	0.091
38	60	0.113
38	61	0.076
38	62	0.068
38	63	0.098
38	64	0.059
38	65	0.12
38	66	0.205
38	67	0.12
38	68	0.06
38	69	0.053
38	70	0.085
38	71	0.06
38	72	0.122
38	73	0.087
38	74	0.018
38	75	0.123
38	76	0.155
38	77	0.001
38	78	0.033
38	79	0.123
38	80	0.067
38	81	0.082
38	82	0.062
38	83	0.065
39	40	0.101
39	41	0.049
39	42	0.067
39	43	0.077
39	44	0.138
39	45	0.09
39	46	0.079
39	47	0.145
39	48	0.083
39	49	0.026
39	50	0.007
39	51	0.263
39	52	0.073
39	53	0.183
39	54	0.07
39	55	0.063
39	56	0.076
39	57	0.103
39	58	0.104
39	59	0.002
39	60	0.08
39	61	0.03
39	62	0.022
39	63	0.075
39	64	0.103
39	65	0.075
39	66	0.031
39	67	0.156
39	68	0.139
39	69	0.083
39	70	0.048
39	71	0.168
39	72	0.099
39	73	0.056
39	74	0.111
39	75	0.012
39	76	0.02
39	77	0.022
39	78	0.045
39	79	0.016
39	80	0.045
39	81	0.041
39	82	0.153
39	83	0.108
40	41	0.063
40	42	0.06
40	43	0.187
40	44	0.13
40	45	0.041
40	46	0.022
40	47	0.096
40	48	0.078
40	49	0.135
40	50	0.084
40	51	0.09
40	52	0.113
40	53	0.147
40	54	0.021
40	55	0.226
40	56	0.087
40	57	0.145
40	58	0.046
40	59	0.026
40	60	0.02
40	61	0.102
40	62	0.01
40	63	0.002
40	64	0.051
40	65	0.076
40	66	0.152
40	68	0.088
40	69	0.095
40	70	0.012
40	71	0.077
40	72	0.103
40	73	0.017
40	74	0.039
40	75	0.063
40	76	0.024
40	77	0.059
40	78	0.033
40	80	0.115
40	81	0.098
40	82	0.255
40	83	0.056
41	42	0.058
41	43	0.096
41	44	0.076
41	45	0.049
41	46	0.046
41	47	0.103
41	48	0.065
41	49	0.046
41	50	0.036
41	51	0.104
41	52	0.06
41	53	0.091
41	54	0.055
41	55	0.095
41	56	0.065
41	57	0.002
41	58	0.097
41	59	0.129
41	60	0.091
41	61	0.038
41	62	0.049
41	63	0.044
41	64	0.003
41	65	0.018
41	66	0.059
41	67	0.038
41	68	0.029
41	69	0.068
41	70	0.003
41	71	0.181
41	72	0.001
41	73	0.224
41	74	0.008
41	75	0.041
41	76	0.109
41	77	0.03
41	78	0.043
41	79	0.04
41	80	0.047
41	81	0.13
41	82	0.069
41	83	0.024
42	43	0.041
42	44	0.18
42	45	0.04
42	46	0.013
42	47	0.098
42	48	0.002
42	49	0.128
42	50	0.046
42	51	0.052
42	52	0.038
42	53	0.029
42	54	0.018
42	55	0.059
42	56	0.016
42	57	0.063
42	58	0.178
42	59	0.033
42	60	0.03
42	61	0.061
42	62	0.046
42	63	0.16
42	64	0.025
42	65	0.012
42	66	0.109
42	67	0.063
42	68	0.077
42	69	0.015
42	70	0.127
42	71	0.014
42	72	0.038
42	73	0.166
42	74	0.138
42	75	0.043
42	76	0.081
42	77	0.006
42	78	0.09
42	79	0.047
42	80	0.06
42	81	0.057
42	82	0.048
42	83	0.167
43	44	0.142
43	45	0.029
43	46	0.079
43	47	0.002
43	48	0.038
43	49	0.204
43	50	0.034
43	51	0.054
43	52	0.037
43	53	0.154
43	54	0.014
43	55	0.031
43	56	0.064
43	57	0.006
43	58	0.046
43	59	0.036
43	60	0.03
43	61	0.03
43	62	0.002
43	63	0.047
43	64	0.074
43	65	0.103
43	66	0.069
43	67	0.097
43	68	0.138
43	69	0.037
43	70	0.075
43	71	0.106
43	72	0.05
43	73	0.066
43	74	0.091
43	75	0.05
43	76	0.029
43	77	0.008
43	78	0.108
43	79	0.056
43	80	0.069
43	81	0.087
43	82	0.036
43	83	0.144
44	45	0.064
44	46	0.106
44	47	0.074
44	48	0.069
44	49	0.05
44	50	0.019
44	51	0.105
44	52	0.024
44	53	0.19
44	54	0.018
44	55	0.066
44	56	0.023
44	57	0.064
44	58	0.092
44	59	0.148
44	60	0.022
44	61	0.032
44	62	0.035
44	63	0.105
44	64	0.017
44	65	0.007
44	66	0.054
44	67	0.008
44	68	0.006
44	69	0.087
44	70	0.121
44	71	0.046
44	72	0.055
44	73	0.055
44	74	0.068
44	75	0.041
44	76	0.021
44	77	0.054
44	78	0.067
44	79	0.044
44	80	0.043
44	81	0.033
44	82	0.011
44	83	0.132
45	46	0.063
45	47	0.115
45	48	0.075
45	49	0.116
45	50	0.198
45	51	0.027
45	52	0.009
45	53	0.114
45	54	0.048
45	55	0.163
45	56	0.116
45	57	0.015
45	58	0.082
45	59	0.164
45	60	0.038
45	61	0.035
45	62	0.082
45	63	0.048
45	64	0.054
45	65	0.024
45	66	0.079
45	67	0.035
45	68	0.022
45	69	0.047
45	70	0.048
45	71	0.021
45	72	0.147
45	73	0.011
45	74	0.11
45	75	0.044
45	76	0.042
45	77	0.096
45	78	0.09
45	79	0.094
45	80	0.048
45	81	0.089
45	82	0.087
45	83	0.073
46	47	0.062
46	48	0.068
46	49	0.123
46	50	0.162
46	51	0.059
46	52	0.183
46	53	0.103
46	54	0.004
46	55	0.095
46	56	0.098
46	57	0.108
46	58	0.157
46	59	0.213
46	60	0.01
46	61	0.236
46	62	0.078
46	63	0.134
46	64	0.018
46	65	0.186
46	66	0.097
46	67	0.028
46	68	0.057
46	69	0.026
46	70	0.019
46	71	0.087
46	72	0.044
46	73	0.269
46	74	0.026
46	75	0.001
46	76	0.129
46	77	0.064
46	78	0.023
46	79	0.126
46	80	0.242
46	81	0.142
46	82	0.042
46	83	0.042
47	48	0.077
47	49	0.057
47	50	0.097
47	51	0.09
47	52	0.101
47	53	0.033
47	54	0.043
47	55	0.083
47	56	0.23
47	57	0.025
47	58	0.013
47	59	0.145
47	60	0.095
47	61	0.199
47	62	0.071
47	63	0.002
47	64	0.026
47	65	0.094
47	66	0.056
47	67	0.048
47	68	0.069
47	69	0.129
47	70	0.002
47	71	0.099
47	72	0.062
47	73	0.028
47	74	0.014
47	75	0.132
47	76	0.011
47	77	0.003
47	78	0.01
47	79	0.062
47	80	0.179
47	81	0.192
47	82	0.027
47	83	0.07
48	49	0.143
48	50	0.034
48	51	0.009
48	52	0.053
48	53	0.129
48	54	0.074
48	55	0.084
48	56	0.018
48	57	0.036
48	58	0.044
48	59	0.028
48	60	0.033
48	61	0.11
48	62	0.008
48	63	0.004
48	64	0.092
48	65	0.02
48	66	0.014
48	67	0.051
48	68	0.001
48	69	0.023
48	70	0.034
48	71	0.118
48	72	0.053
48	73	0.024
48	74	0.015
48	75	0.117
48	76	0.045
48	77	0.097
48	78	0.141
48	79	0.015
48	80	0.003
48	82	0.102
48	83	0.032
49	50	0.122
49	51	0.081
49	52	0.106
49	53	0.046
49	54	0.025
49	55	0.125
49	56	0.242
49	57	0.121
49	58	0.038
49	59	0.025
49	60	0.115
49	61	0.119
49	62	0.083
49	63	0.006
49	64	0.188
49	65	0.025
49	66	0.031
49	67	0.042
49	68	0.049
49	69	0.022
49	70	0.076
49	71	0.002
49	72	0.011
49	73	0.065
49	74	0.148
49	75	0.052
49	76	0.008
49	77	0.088
49	78	0.116
49	79	0.074
49	80	0.077
49	81	0.028
49	82	0.119
49	83	0.143
50	51	0.046
50	52	0.096
50	53	0.043
50	54	0.004
50	55	0.025
50	56	0.15
50	57	0.08
50	58	0.048
50	59	0.095
50	60	0.043
50	61	0.033
50	62	0.052
50	63	0.097
50	64	0.089
50	65	0.067
50	66	0.021
50	67	0.037
50	68	0.079
50	69	0.007
50	70	0.014
50	71	0.061
50	72	0.103
50	73	0.125
50	74	0.036
50	75	0.008
50	76	0.071
50	77	0.025
50	78	0.018
50	79	0.06
50	80	0.13
50	81	0.139
50	82	0.086
50	83	0.122
51	52	0.09
51	53	0.103
51	54	0.036
51	55	0.246
51	56	0.121
51	57	0.001
51	58	0.045
51	59	0.034
51	60	0.005
51	61	0.076
51	62	0.104
51	63	0.018
51	64	0.011
51	65	0.078
51	66	0.196
51	67	0.013
51	68	0.017
51	69	0.17
51	70	0.113
51	71	0.002
51	72	0.104
51	73	0.033
51	74	0.038
51	75	0.138
51	76	0.004
51	77	0.043
51	78	0.234
51	79	0.054
51	80	0.041
51	81	0.16
51	82	0.056
51	83	0.076
52	53	0.054
52	54	0.03
52	55	0.026
52	56	0.097
52	57	0.158
52	58	0.01
52	59	0.038
52	60	0.042
52	61	0.092
52	62	0.018
52	63	0.09
52	64	0.082
52	65	0.06
52	66	0.084
52	67	0.064
52	68	0.031
52	69	0.06
52	70	0.057
52	71	0.007
52	72	0.14
52	74	0.119
52	75	0.05
52	76	0.07
52	77	0.026
52	78	0.015
52	79	0.053
52	80	0.03
52	81	0.072
52	82	0.156
52	83	0.01
53	54	0.066
53	55	0.126
53	56	0.007
53	57	0.01
53	58	0.173
53	59	0.037
53	60	0.084
53	61	0.008
53	62	0.013
53	63	0.026
53	64	0.119
53	65	0.03
53	66	0.142
53	67	0.073
53	68	0.068
53	69	0.167
53	70	0.035
53	71	0.098
53	72	0.048
53	73	0.155
53	74	0.003
53	75	0.107
53	76	0.016
53	77	0.072
53	78	0.02
53	79	0.096
53	80	0.112
53	81	0.155
53	82	0.107
53	83	0.027
54	55	0.004
54	56	0.149
54	57	0.093
54	58	0.041
54	59	0.051
54	60	0.019
54	61	0.059
54	62	0.049
54	63	0.012
54	64	0.151
54	65	0.07
54	66	0.105
54	67	0.086
54	68	0.064
54	69	0.318
54	70	0.054
54	71	0.185
54	72	0.02
54	73	0.048
54	74	0.21
54	75	0.001
54	76	0.052
54	77	0.048
54	78	0.124
54	79	0.015
54	80	0.076
54	81	0.007
54	82	0.002
54	83	0.026
55	56	0.326
55	57	0.117
55	58	0.15
55	59	0.01
55	60	0.009
55	61	0.033
55	62	0.226
55	63	0.041
55	64	0.068
55	65	0.075
55	66	0.153
55	67	0.054
55	68	0.067
55	69	0.069
55	70	0.036
55	71	0.238
55	72	0.021
55	73	0.09
55	74	0.101
55	75	0.088
55	76	0.061
55	77	0.046
55	78	0.045
55	79	0.097
55	80	0.044
55	81	0.071
55	82	0.029
55	83	0.239
56	57	0.065
56	58	0.228
56	59	0.218
56	60	0.095
56	61	0.112
56	62	0.162
56	63	0.049
56	64	0.135
56	65	0.185
56	66	0.028
56	67	0.243
56	68	0.055
56	69	0.055
56	70	0.06
56	71	0.222
56	72	0.014
56	73	0.039
56	74	0.126
56	75	0.112
56	76	0.2
56	77	0.089
56	78	0.213
56	79	0.041
56	80	0.037
56	81	0.006
56	82	0.01
56	83	0.059
57	58	0.191
57	59	0.087
57	60	0.046
57	61	0.221
57	62	0.077
57	63	0.102
57	64	0.133
57	65	0.09
57	66	0.031
57	67	0.092
57	68	0.005
57	69	0.046
57	70	0.021
57	71	0.14
57	72	0.07
57	73	0.003
57	74	0.07
57	75	0.025
57	76	0.207
57	77	0.019
57	78	0.009
57	79	0.134
57	80	0.022
57	81	0.098
57	82	0.144
57	83	0.149
58	59	0.156
58	60	0.07
58	61	0.188
58	62	0.05
58	63	0.139
58	64	0.128
58	65	0.083
58	66	0.022
58	67	0.033
58	68	0.016
58	69	0.065
58	71	0.148
58	72	0.192
58	73	0.089
58	74	0.142
58	75	0.047
58	76	0.17
58	77	0.085
58	78	0.126
58	79	0.112
58	80	0.072
58	81	0.042
58	82	0.072
58	83	0.024
59	60	0.028
59	61	0.071
59	62	0.199
59	63	0.155
59	64	0.008
59	65	0.054
59	66	0.066
59	67	0.008
59	68	0.17
59	69	0.058
59	70	0.246
59	71	0.121
59	72	0.082
59	73	0.107
59	74	0.04
59	75	0.003
59	76	0.033
59	77	0.223
59	78	0.012
59	79	0.091
59	80	0.017
59	81	0.05
59	82	0.029
59	83	0.064
60	61	0.035
60	62	0.091
60	63	0.008
60	64	0.072
60	65	0.038
60	66	0.01
60	67	0.045
60	68	0.013
60	69	0.099
60	70	0.021
60	71	0.045
60	72	0.115
60	73	0.123
60	74	0.123
60	75	0.092
60	76	0.097
60	77	0.051
60	78	0.059
60	79	0.104
60	80	0.152
60	81	0.024
60	82	0.001
60	83	0.068
61	62	0.019
61	63	0.018
61	64	0.072
61	65	0.008
61	66	0.211
61	67	0.01
61	68	0.015
61	69	0.133
61	70	0.024
61	71	0.144
61	72	0.138
61	73	0.032
61	74	0.048
61	75	0.081
61	76	0.023
61	77	0.073
61	78	0.051
61	79	0.122
61	80	0.075
61	81	0.065
61	82	0.036
61	83	0.087
62	63	0.031
62	64	0.075
62	65	0.114
62	66	0.096
62	67	0.044
62	68	0.068
62	69	0.177
62	70	0.065
62	71	0.174
62	72	0.047
62	73	0.077
62	74	0.201
62	75	0.095
62	76	0.016
62	77	0.126
62	78	0.134
62	79	0.026
62	80	0.042
62	81	0.028
62	82	0.043
62	83	0.082
63	64	0.003
63	65	0.063
63	66	0.137
63	67	0.156
63	68	0.144
63	69	0.016
63	70	0.023
63	71	0.066
63	72	0.045
63	73	0.05
63	74	0.049
63	75	0.18
63	76	0.051
63	77	0.004
63	78	0.031
63	79	0.025
63	80	0.069
63	81	0.172
63	82	0.077
63	83	0.072
64	65	0.041
64	66	0.159
64	67	0.016
64	68	0.095
64	69	0.06
64	70	0.103
64	71	0.003
64	72	0.143
64	73	0.119
64	74	0.004
64	75	0.193
64	76	0.036
64	77	0.091
64	78	0.062
64	79	0.034
64	82	0.078
64	83	0.052
65	66	0.002
65	67	0.073
65	69	0.021
65	70	0.011
65	71	0.067
65	72	0.14
65	73	0.012
65	74	0.015
65	75	0.056
65	76	0.038
65	77	0.128
65	78	0.018
65	79	0.017
65	80	0.122
65	81	0.217
65	82	0.016
65	83	0.046
66	67	0.101
66	68	0.157
66	69	0.026
66	70	0.19
66	71	0.042
66	72	0.046
66	73	0.093
66	74	0.106
66	75	0.055
66	76	0.005
66	77	0.103
66	78	0.146
66	79	0.088
66	80	0.107
66	81	0.168
66	82	0.005
66	83	0.079
67	68	0.09
67	69	0.1
67	70	0.01
67	71	0.052
67	72	0.044
67	73	0.155
67	74	0.111
67	75	0.006
67	76	0.103
67	77	0.075
67	78	0.037
67	79	0.038
67	80	0.069
67	82	0.057
67	83	0.2
68	69	0.031
68	70	0.056
68	71	0.048
68	72	0.022
68	74	0.113
68	75	0.165
68	76	0.078
68	77	0.052
68	78	0.083
68	79	0.076
68	80	0.004
68	81	0.088
68	82	0.042
68	83	0.003
69	70	0.072
69	71	0.107
69	72	0.095
69	73	0.079
69	74	0.034
69	75	0.065
69	76	0.198
69	77	0.065
69	78	0.091
69	79	0.162
69	80	0.06
69	81	0.105
69	82	0.034
69	83	0.048
70	71	0.057
70	72	0.034
70	73	0.012
70	74	0.003
70	75	0.099
70	76	0.036
70	77	0.001
70	78	0.005
70	79	0.087
70	80	0.067
70	81	0.086
70	82	0.23
70	83	0.017
71	72	0.127
71	73	0.08
71	74	0.004
71	75	0.002
71	76	0.205
71	77	0.104
71	78	0.092
71	79	0.052
71	80	0.049
71	81	0.106
71	82	0.093
71	83	0.108
72	73	0.036
72	74	0.063
72	75	0.102
72	76	0.085
72	77	0.032
72	78	0.03
72	79	0.063
72	80	0.084
72	81	0.02
72	82	0.054
72	83	0.095
73	74	0.032
73	75	0.015
73	76	0.067
73	77	0.012
73	78	0.081
73	79	0.038
73	80	0.102
73	81	0.175
73	82	0.007
73	83	0.071
74	75	0.025
74	76	0.083
74	77	0.106
74	78	0.094
74	79	0.022
74	80	0.064
74	81	0.139
74	82	0.172
74	83	0.089
75	76	0.169
75	77	0.052
75	78	0.004
75	79	0.072
75	80	0.024
75	81	0.088
75	82	0.065
75	83	0.098
76	77	0.039
76	78	0.069
76	79	0.01
76	80	0.009
76	81	0.152
76	82	0.096
76	83	0.009
77	78	0.018
77	79	0.077
77	80	0.131
77	81	0.069
77	82	0.159
77	83	0.056
78	79	0.028
78	80	0.016
78	81	0.073
78	82	0.016
78	83	0.023
79	80	0.11
79	81	0.047
79	82	0.012
79	83	0.039
80	81	0.049
80	82	0.078
80	83	0.21
81	82	0.138
81	83	0.056
82	83	0.092
#subnet edge score	252.98999999999995