0	0	n/a
0	1	n/a
0	2	n/a
0	3	n/a
0	4	n/a
0	5	n/a
0	6	n/a
0	7	n/a
0	8	n/a
0	9	n/a
0	10	n/a
0	11	n/a
0	12	n/a
0	13	n/a
0	14	n/a
0	15	n/a
0	16	n/a
0	17	n/a
0	18	n/a
0	19	n/a
0	20	n/a
0	21	n/a
0	22	n/a
0	23	n/a
0	24	n/a
0	25	n/a
0	26	n/a
0	27	n/a
0	28	n/a
0	29	n/a
0	30	n/a
0	31	n/a
0	32	n/a
0	33	n/a
0	34	n/a
0	35	n/a
0	36	n/a
0	37	n/a
0	38	n/a
0	39	n/a
0	40	n/a
0	41	n/a
0	42	n/a
0	43	n/a
0	44	n/a
0	45	n/a
0	46	n/a
0	47	n/a
0	48	n/a
0	49	n/a
0	50	n/a
0	51	n/a
0	52	n/a
0	53	n/a
0	54	n/a
0	55	n/a
0	56	n/a
0	57	n/a
0	58	n/a
0	59	n/a
0	60	n/a
0	61	n/a
0	62	n/a
0	63	n/a
0	64	n/a
0	65	n/a
0	66	n/a
0	67	n/a
0	68	n/a
0	69	n/a
0	70	n/a
0	71	n/a
0	72	n/a
0	73	n/a
0	74	n/a
0	75	n/a
0	76	n/a
0	77	n/a
0	78	n/a
0	79	n/a
0	80	n/a
0	81	n/a
0	82	n/a
0	83	n/a
1	0	n/a
1	1	n/a
1	2	n/a
1	3	n/a
1	4	n/a
1	5	n/a
1	6	n/a
1	7	n/a
1	8	n/a
1	9	n/a
1	10	n/a
1	11	n/a
1	12	n/a
1	13	n/a
1	14	n/a
1	15	n/a
1	16	n/a
1	17	n/a
1	18	n/a
1	19	n/a
1	20	n/a
1	21	n/a
1	22	n/a
1	23	n/a
1	24	n/a
1	25	n/a
1	26	n/a
1	27	n/a
1	28	n/a
1	29	n/a
1	30	n/a
1	31	n/a
1	32	n/a
1	33	n/a
1	34	n/a
1	35	n/a
1	36	n/a
1	37	n/a
1	38	n/a
1	39	n/a
1	40	n/a
1	41	n/a
1	42	n/a
1	43	n/a
1	44	n/a
1	45	n/a
1	46	n/a
1	47	n/a
1	48	n/a
1	49	n/a
1	50	n/a
1	51	n/a
1	52	n/a
1	53	n/a
1	54	n/a
1	55	n/a
1	56	n/a
1	57	n/a
1	58	n/a
1	59	n/a
1	60	n/a
1	61	n/a
1	62	n/a
1	63	n/a
1	64	n/a
1	65	n/a
1	66	n/a
1	67	n/a
1	68	n/a
1	69	n/a
1	70	n/a
1	71	n/a
1	72	n/a
1	73	n/a
1	74	n/a
1	75	n/a
1	76	n/a
1	77	n/a
1	78	n/a
1	79	n/a
1	80	n/a
1	81	n/a
1	82	n/a
1	83	n/a
2	0	n/a
2	1	n/a
2	2	0.003
2	3	n/a
2	4	n/a
2	5	n/a
2	6	0.01
2	7	n/a
2	8	n/a
2	9	n/a
2	10	n/a
2	11	0.003
2	12	n/a
2	13	0.006
2	14	0.011
2	15	0.004000000000000642
2	16	0.018
2	17	n/a
2	18	n/a
2	19	0.001
2	20	0.025
2	21	n/a
2	22	n/a
2	23	n/a
2	24	n/a
2	25	0.004
2	26	0.014
2	27	0.011
2	28	0.01
2	29	n/a
2	30	n/a
2	31	n/a
2	32	n/a
2	33	0.03
2	34	0.0
2	35	0.033
2	36	0.025
2	37	0.048
2	38	0.004
2	39	0.02
2	40	0.003
2	41	0.002
2	42	0.039
2	43	0.014
2	44	0.044
2	45	0.01
2	46	0.001
2	47	n/a
2	48	n/a
2	49	0.005
2	50	0.003
2	51	0.027
2	52	n/a
2	53	0.004
2	54	0.003
2	55	0.002
2	56	0.034
2	57	0.004
2	58	0.002
2	59	n/a
2	60	n/a
2	61	n/a
2	62	0.006
2	63	n/a
2	64	0.014
2	65	0.024
2	66	0.013
2	67	0.007
2	68	n/a
2	69	0.039
2	70	0.021
2	71	0.052
2	72	0.025
2	73	0.045
2	74	0.028
2	75	0.026
2	76	0.045
2	77	0.002
2	78	0.01
2	79	n/a
2	80	0.0
2	81	n/a
2	82	0.022
2	83	0.021
3	0	n/a
3	1	n/a
3	2	n/a
3	3	n/a
3	4	n/a
3	5	n/a
3	6	n/a
3	7	n/a
3	8	n/a
3	9	n/a
3	10	n/a
3	11	n/a
3	12	n/a
3	13	n/a
3	14	n/a
3	15	n/a
3	16	n/a
3	17	n/a
3	18	n/a
3	19	n/a
3	20	n/a
3	21	n/a
3	22	n/a
3	23	n/a
3	24	n/a
3	25	n/a
3	26	n/a
3	27	n/a
3	28	n/a
3	29	n/a
3	30	n/a
3	31	n/a
3	32	n/a
3	33	n/a
3	34	n/a
3	35	n/a
3	36	n/a
3	37	n/a
3	38	n/a
3	39	n/a
3	40	n/a
3	41	n/a
3	42	n/a
3	43	n/a
3	44	n/a
3	45	n/a
3	46	n/a
3	47	n/a
3	48	n/a
3	49	n/a
3	50	n/a
3	51	n/a
3	52	n/a
3	53	n/a
3	54	n/a
3	55	n/a
3	56	n/a
3	57	n/a
3	58	n/a
3	59	n/a
3	60	n/a
3	61	n/a
3	62	n/a
3	63	n/a
3	64	n/a
3	65	n/a
3	66	n/a
3	67	n/a
3	68	n/a
3	69	n/a
3	70	n/a
3	71	n/a
3	72	n/a
3	73	n/a
3	74	n/a
3	75	n/a
3	76	n/a
3	77	n/a
3	78	n/a
3	79	n/a
3	80	n/a
3	81	n/a
3	82	n/a
3	83	n/a
4	0	n/a
4	1	n/a
4	2	n/a
4	3	n/a
4	4	n/a
4	5	n/a
4	6	n/a
4	7	n/a
4	8	n/a
4	9	n/a
4	10	n/a
4	11	n/a
4	12	n/a
4	13	n/a
4	14	n/a
4	15	n/a
4	16	n/a
4	17	n/a
4	18	n/a
4	19	n/a
4	20	n/a
4	21	n/a
4	22	n/a
4	23	n/a
4	24	n/a
4	25	n/a
4	26	n/a
4	27	n/a
4	28	n/a
4	29	n/a
4	30	n/a
4	31	n/a
4	32	n/a
4	33	n/a
4	34	n/a
4	35	n/a
4	36	n/a
4	37	n/a
4	38	n/a
4	39	n/a
4	40	n/a
4	41	n/a
4	42	n/a
4	43	n/a
4	44	n/a
4	45	n/a
4	46	n/a
4	47	n/a
4	48	n/a
4	49	n/a
4	50	n/a
4	51	n/a
4	52	n/a
4	53	n/a
4	54	n/a
4	55	n/a
4	56	n/a
4	57	n/a
4	58	n/a
4	59	n/a
4	60	n/a
4	61	n/a
4	62	n/a
4	63	n/a
4	64	n/a
4	65	n/a
4	66	n/a
4	67	n/a
4	68	n/a
4	69	n/a
4	70	n/a
4	71	n/a
4	72	n/a
4	73	n/a
4	74	n/a
4	75	n/a
4	76	n/a
4	77	n/a
4	78	n/a
4	79	n/a
4	80	n/a
4	81	n/a
4	82	n/a
4	83	n/a
5	0	n/a
5	1	n/a
5	2	n/a
5	3	n/a
5	4	n/a
5	5	n/a
5	6	n/a
5	7	n/a
5	8	n/a
5	9	n/a
5	10	n/a
5	11	n/a
5	12	n/a
5	13	n/a
5	14	n/a
5	15	n/a
5	16	n/a
5	17	n/a
5	18	n/a
5	19	n/a
5	20	n/a
5	21	n/a
5	22	n/a
5	23	n/a
5	24	n/a
5	25	n/a
5	26	n/a
5	27	n/a
5	28	n/a
5	29	n/a
5	30	n/a
5	31	n/a
5	32	n/a
5	33	n/a
5	34	n/a
5	35	n/a
5	36	n/a
5	37	n/a
5	38	n/a
5	39	n/a
5	40	n/a
5	41	n/a
5	42	n/a
5	43	n/a
5	44	n/a
5	45	n/a
5	46	n/a
5	47	n/a
5	48	n/a
5	49	n/a
5	50	n/a
5	51	n/a
5	52	n/a
5	53	n/a
5	54	n/a
5	55	n/a
5	56	n/a
5	57	n/a
5	58	n/a
5	59	n/a
5	60	n/a
5	61	n/a
5	62	n/a
5	63	n/a
5	64	n/a
5	65	n/a
5	66	n/a
5	67	n/a
5	68	n/a
5	69	n/a
5	70	n/a
5	71	n/a
5	72	n/a
5	73	n/a
5	74	n/a
5	75	n/a
5	76	n/a
5	77	n/a
5	78	n/a
5	79	n/a
5	80	n/a
5	81	n/a
5	82	n/a
5	83	n/a
6	0	n/a
6	1	n/a
6	2	0.01
6	3	n/a
6	4	n/a
6	5	n/a
6	6	0.003
6	7	n/a
6	8	n/a
6	9	n/a
6	10	n/a
6	11	n/a
6	12	n/a
6	13	n/a
6	14	0.02
6	15	0.006999999999999721
6	16	0.009
6	17	n/a
6	18	n/a
6	19	n/a
6	20	0.009
6	21	n/a
6	22	n/a
6	23	n/a
6	24	n/a
6	25	0.025
6	26	0.01
6	27	0.015
6	28	0.004
6	29	n/a
6	30	n/a
6	31	n/a
6	32	n/a
6	33	0.0
6	34	0.016
6	35	0.028
6	36	0.02
6	37	0.007
6	38	0.009
6	39	0.009
6	40	0.007
6	41	0.001
6	42	0.039
6	43	n/a
6	44	0.03
6	45	0.016
6	46	0.005
6	47	n/a
6	48	n/a
6	49	0.002
6	50	0.021
6	51	0.0
6	52	n/a
6	53	0.002
6	54	0.004
6	55	0.007
6	56	0.035
6	57	0.018
6	58	0.024
6	59	n/a
6	60	n/a
6	61	n/a
6	62	0.002
6	63	n/a
6	64	0.012
6	65	0.005
6	66	0.004
6	67	0.004
6	68	n/a
6	69	0.002
6	70	0.008
6	71	0.0
6	72	0.012
6	73	0.001
6	74	0.001
6	75	0.022
6	76	0.019
6	77	0.0
6	78	0.001
6	79	n/a
6	80	0.042
6	81	n/a
6	82	0.0
6	83	0.003
7	0	n/a
7	1	n/a
7	2	n/a
7	3	n/a
7	4	n/a
7	5	n/a
7	6	n/a
7	7	n/a
7	8	n/a
7	9	n/a
7	10	n/a
7	11	n/a
7	12	n/a
7	13	n/a
7	14	n/a
7	15	n/a
7	16	n/a
7	17	n/a
7	18	n/a
7	19	n/a
7	20	n/a
7	21	n/a
7	22	n/a
7	23	n/a
7	24	n/a
7	25	n/a
7	26	n/a
7	27	n/a
7	28	n/a
7	29	n/a
7	30	n/a
7	31	n/a
7	32	n/a
7	33	n/a
7	34	n/a
7	35	n/a
7	36	n/a
7	37	n/a
7	38	n/a
7	39	n/a
7	40	n/a
7	41	n/a
7	42	n/a
7	43	n/a
7	44	n/a
7	45	n/a
7	46	n/a
7	47	n/a
7	48	n/a
7	49	n/a
7	50	n/a
7	51	n/a
7	52	n/a
7	53	n/a
7	54	n/a
7	55	n/a
7	56	n/a
7	57	n/a
7	58	n/a
7	59	n/a
7	60	n/a
7	61	n/a
7	62	n/a
7	63	n/a
7	64	n/a
7	65	n/a
7	66	n/a
7	67	n/a
7	68	n/a
7	69	n/a
7	70	n/a
7	71	n/a
7	72	n/a
7	73	n/a
7	74	n/a
7	75	n/a
7	76	n/a
7	77	n/a
7	78	n/a
7	79	n/a
7	80	n/a
7	81	n/a
7	82	n/a
7	83	n/a
8	0	n/a
8	1	n/a
8	2	n/a
8	3	n/a
8	4	n/a
8	5	n/a
8	6	n/a
8	7	n/a
8	8	n/a
8	9	n/a
8	10	n/a
8	11	n/a
8	12	n/a
8	13	n/a
8	14	n/a
8	15	n/a
8	16	n/a
8	17	n/a
8	18	n/a
8	19	n/a
8	20	n/a
8	21	n/a
8	22	n/a
8	23	n/a
8	24	n/a
8	25	n/a
8	26	n/a
8	27	n/a
8	28	n/a
8	29	n/a
8	30	n/a
8	31	n/a
8	32	n/a
8	33	n/a
8	34	n/a
8	35	n/a
8	36	n/a
8	37	n/a
8	38	n/a
8	39	n/a
8	40	n/a
8	41	n/a
8	42	n/a
8	43	n/a
8	44	n/a
8	45	n/a
8	46	n/a
8	47	n/a
8	48	n/a
8	49	n/a
8	50	n/a
8	51	n/a
8	52	n/a
8	53	n/a
8	54	n/a
8	55	n/a
8	56	n/a
8	57	n/a
8	58	n/a
8	59	n/a
8	60	n/a
8	61	n/a
8	62	n/a
8	63	n/a
8	64	n/a
8	65	n/a
8	66	n/a
8	67	n/a
8	68	n/a
8	69	n/a
8	70	n/a
8	71	n/a
8	72	n/a
8	73	n/a
8	74	n/a
8	75	n/a
8	76	n/a
8	77	n/a
8	78	n/a
8	79	n/a
8	80	n/a
8	81	n/a
8	82	n/a
8	83	n/a
9	0	n/a
9	1	n/a
9	2	n/a
9	3	n/a
9	4	n/a
9	5	n/a
9	6	n/a
9	7	n/a
9	8	n/a
9	9	n/a
9	10	n/a
9	11	n/a
9	12	n/a
9	13	n/a
9	14	n/a
9	15	n/a
9	16	n/a
9	17	n/a
9	18	n/a
9	19	n/a
9	20	n/a
9	21	n/a
9	22	n/a
9	23	n/a
9	24	n/a
9	25	n/a
9	26	n/a
9	27	n/a
9	28	n/a
9	29	n/a
9	30	n/a
9	31	n/a
9	32	n/a
9	33	n/a
9	34	n/a
9	35	n/a
9	36	n/a
9	37	n/a
9	38	n/a
9	39	n/a
9	40	n/a
9	41	n/a
9	42	n/a
9	43	n/a
9	44	n/a
9	45	n/a
9	46	n/a
9	47	n/a
9	48	n/a
9	49	n/a
9	50	n/a
9	51	n/a
9	52	n/a
9	53	n/a
9	54	n/a
9	55	n/a
9	56	n/a
9	57	n/a
9	58	n/a
9	59	n/a
9	60	n/a
9	61	n/a
9	62	n/a
9	63	n/a
9	64	n/a
9	65	n/a
9	66	n/a
9	67	n/a
9	68	n/a
9	69	n/a
9	70	n/a
9	71	n/a
9	72	n/a
9	73	n/a
9	74	n/a
9	75	n/a
9	76	n/a
9	77	n/a
9	78	n/a
9	79	n/a
9	80	n/a
9	81	n/a
9	82	n/a
9	83	n/a
10	0	n/a
10	1	n/a
10	2	n/a
10	3	n/a
10	4	n/a
10	5	n/a
10	6	n/a
10	7	n/a
10	8	n/a
10	9	n/a
10	10	n/a
10	11	n/a
10	12	n/a
10	13	n/a
10	14	n/a
10	15	n/a
10	16	n/a
10	17	n/a
10	18	n/a
10	19	n/a
10	20	n/a
10	21	n/a
10	22	n/a
10	23	n/a
10	24	n/a
10	25	n/a
10	26	n/a
10	27	n/a
10	28	n/a
10	29	n/a
10	30	n/a
10	31	n/a
10	32	n/a
10	33	n/a
10	34	n/a
10	35	n/a
10	36	n/a
10	37	n/a
10	38	n/a
10	39	n/a
10	40	n/a
10	41	n/a
10	42	n/a
10	43	n/a
10	44	n/a
10	45	n/a
10	46	n/a
10	47	n/a
10	48	n/a
10	49	n/a
10	50	n/a
10	51	n/a
10	52	n/a
10	53	n/a
10	54	n/a
10	55	n/a
10	56	n/a
10	57	n/a
10	58	n/a
10	59	n/a
10	60	n/a
10	61	n/a
10	62	n/a
10	63	n/a
10	64	n/a
10	65	n/a
10	66	n/a
10	67	n/a
10	68	n/a
10	69	n/a
10	70	n/a
10	71	n/a
10	72	n/a
10	73	n/a
10	74	n/a
10	75	n/a
10	76	n/a
10	77	n/a
10	78	n/a
10	79	n/a
10	80	n/a
10	81	n/a
10	82	n/a
10	83	n/a
11	0	n/a
11	1	n/a
11	2	0.003
11	3	n/a
11	4	n/a
11	5	n/a
11	6	n/a
11	7	n/a
11	8	n/a
11	9	n/a
11	10	n/a
11	11	0.004
11	12	n/a
11	13	n/a
11	14	0.001
11	15	0.0020000000000003713
11	16	n/a
11	17	n/a
11	18	n/a
11	19	0.008
11	20	n/a
11	21	n/a
11	22	n/a
11	23	n/a
11	24	n/a
11	25	0.0
11	26	0.048
11	27	0.007
11	28	0.007
11	29	n/a
11	30	n/a
11	31	n/a
11	32	n/a
11	33	0.0
11	34	0.003
11	35	0.005
11	36	0.001
11	37	0.006
11	38	0.04
11	39	0.0
11	40	0.01
11	41	0.002
11	42	0.001
11	43	0.006
11	44	0.001
11	45	0.01
11	46	0.004
11	47	n/a
11	48	n/a
11	49	0.001
11	50	n/a
11	51	0.022
11	52	n/a
11	53	0.001
11	54	0.005
11	55	0.002
11	56	0.027
11	57	0.007
11	58	0.007
11	59	n/a
11	60	n/a
11	61	n/a
11	62	0.005
11	63	n/a
11	64	0.005
11	65	0.0
11	66	0.0
11	67	0.0
11	68	n/a
11	69	0.001
11	70	0.013
11	71	0.014
11	72	0.001
11	73	0.001
11	74	0.009
11	75	0.004
11	76	0.01
11	77	0.002
11	78	0.003
11	79	n/a
11	80	0.005
11	81	0.008
11	82	0.016
11	83	0.005
12	0	n/a
12	1	n/a
12	2	n/a
12	3	n/a
12	4	n/a
12	5	n/a
12	6	n/a
12	7	n/a
12	8	n/a
12	9	n/a
12	10	n/a
12	11	n/a
12	12	n/a
12	13	n/a
12	14	n/a
12	15	n/a
12	16	n/a
12	17	n/a
12	18	n/a
12	19	n/a
12	20	n/a
12	21	n/a
12	22	n/a
12	23	n/a
12	24	n/a
12	25	n/a
12	26	n/a
12	27	n/a
12	28	n/a
12	29	n/a
12	30	n/a
12	31	n/a
12	32	n/a
12	33	n/a
12	34	n/a
12	35	n/a
12	36	n/a
12	37	n/a
12	38	n/a
12	39	n/a
12	40	n/a
12	41	n/a
12	42	n/a
12	43	n/a
12	44	n/a
12	45	n/a
12	46	n/a
12	47	n/a
12	48	n/a
12	49	n/a
12	50	n/a
12	51	n/a
12	52	n/a
12	53	n/a
12	54	n/a
12	55	n/a
12	56	n/a
12	57	n/a
12	58	n/a
12	59	n/a
12	60	n/a
12	61	n/a
12	62	n/a
12	63	n/a
12	64	n/a
12	65	n/a
12	66	n/a
12	67	n/a
12	68	n/a
12	69	n/a
12	70	n/a
12	71	n/a
12	72	n/a
12	73	n/a
12	74	n/a
12	75	n/a
12	76	n/a
12	77	n/a
12	78	n/a
12	79	n/a
12	80	n/a
12	81	n/a
12	82	n/a
12	83	n/a
13	0	n/a
13	1	n/a
13	2	0.006
13	3	n/a
13	4	n/a
13	5	n/a
13	6	n/a
13	7	n/a
13	8	n/a
13	9	n/a
13	10	n/a
13	11	n/a
13	12	n/a
13	13	0.004
13	14	0.001
13	15	0.003999999999999587
13	16	0.01
13	17	n/a
13	18	n/a
13	19	0.001
13	20	0.012
13	21	n/a
13	22	n/a
13	23	n/a
13	24	n/a
13	25	0.021
13	26	0.012
13	27	0.001
13	28	0.024
13	29	n/a
13	30	n/a
13	31	n/a
13	32	n/a
13	33	0.012
13	34	0.0
13	35	0.021
13	36	0.012
13	37	0.006
13	38	0.021
13	39	0.029
13	40	0.042
13	41	0.001
13	42	0.001
13	43	0.053
13	44	0.013
13	45	0.005
13	46	0.0
13	47	n/a
13	48	n/a
13	49	0.003
13	50	0.001
13	51	0.0
13	52	n/a
13	53	0.002
13	54	0.005
13	55	0.001
13	56	0.0
13	57	0.007
13	58	0.001
13	59	n/a
13	60	n/a
13	61	n/a
13	62	0.01
13	63	n/a
13	64	0.001
13	65	0.0
13	66	0.003
13	67	0.001
13	68	n/a
13	69	0.005
13	70	0.042
13	71	0.001
13	72	0.017
13	73	0.001
13	74	0.008
13	75	0.002
13	76	0.006
13	77	0.0
13	78	0.003
13	79	n/a
13	80	0.003
13	81	0.007
13	82	0.008
13	83	0.002
14	0	n/a
14	1	n/a
14	2	0.011
14	3	n/a
14	4	n/a
14	5	n/a
14	6	0.02
14	7	n/a
14	8	n/a
14	9	n/a
14	10	n/a
14	11	0.001
14	12	n/a
14	13	0.001
14	14	0.012
14	15	0.008000000000000083
14	16	0.008
14	17	n/a
14	18	n/a
14	19	0.012
14	20	0.003
14	21	n/a
14	22	n/a
14	23	n/a
14	24	n/a
14	25	0.007
14	26	0.007
14	27	0.049
14	28	0.0
14	29	n/a
14	30	n/a
14	31	n/a
14	32	n/a
14	33	0.004
14	34	0.018
14	35	0.041
14	36	n/a
14	37	0.03
14	38	0.039
14	39	0.014
14	40	0.013
14	41	0.006
14	42	0.003
14	43	0.02
14	44	0.0
14	45	0.001
14	46	0.003
14	47	n/a
14	48	n/a
14	49	0.001
14	50	0.001
14	51	0.015
14	52	n/a
14	53	0.018
14	54	0.001
14	55	0.004
14	56	0.004
14	57	n/a
14	58	0.0
14	59	n/a
14	60	n/a
14	61	n/a
14	62	n/a
14	63	n/a
14	64	0.005
14	65	0.018
14	66	0.009
14	67	0.017
14	68	n/a
14	69	0.0
14	70	n/a
14	71	0.0
14	72	0.0
14	73	0.001
14	74	0.005
14	75	0.004
14	76	0.001
14	77	0.016
14	78	0.01
14	79	n/a
14	80	0.004
14	81	0.005
14	82	0.008
14	83	0.001
15	0	n/a
15	1	n/a
15	2	0.004
15	3	n/a
15	4	n/a
15	5	n/a
15	6	0.007
15	7	n/a
15	8	n/a
15	9	n/a
15	10	n/a
15	11	0.002
15	12	n/a
15	13	0.004
15	14	0.008
15	15	0.015000000000000029
15	16	0.02100000000000024
15	17	n/a
15	18	n/a
15	19	0.001999999999999901
15	20	0.016999999999999627
15	21	n/a
15	22	n/a
15	23	n/a
15	24	n/a
15	25	0.056999999999999995
15	26	0.016000000000000007
15	27	0.017999999999999988
15	28	0.004000000000000007
15	29	n/a
15	30	n/a
15	31	n/a
15	32	n/a
15	33	0.0039999999999999975
15	34	0.0010000000000000078
15	35	0.033000000000000015
15	36	0.03899999999999962
15	37	0.03500000000000013
15	38	0.02800000000000003
15	39	0.02499999999999997
15	40	0.018000000000000013
15	41	0.034000000000000016
15	42	9.999999999999254E-4
15	43	0.018000000000000925
15	44	0.038000000000000214
15	45	0.0029999999999999107
15	46	0.013000000000000024
15	47	n/a
15	48	n/a
15	49	0.0029999999999998778
15	50	0.0019999999999999463
15	51	0.05
15	52	n/a
15	53	0.00899999999999991
15	54	0.004
15	55	0.00800000000000023
15	56	0.013000000000000216
15	57	0.003999999999999948
15	58	9.999999999999731E-4
15	59	n/a
15	60	n/a
15	61	n/a
15	62	0.003999999999999643
15	63	n/a
15	64	0.01299999999999989
15	65	0.010000000000000099
15	66	9.999999999999861E-4
15	67	-4.5102810375396984E-17
15	68	n/a
15	69	0.024999999999999904
15	70	0.004999999999999972
15	71	0.03699999999999961
15	72	0.014999999999999963
15	73	0.0029999999999999706
15	74	0.015000000000000374
15	75	0.016999999999999234
15	76	0.021000000000000015
15	77	0.011999999999999886
15	78	-1.3877787807814457E-16
15	79	n/a
15	80	0.005999999999999849
15	81	-2.2898349882893854E-16
15	82	1.0052722543285597E-15
15	83	-2.7755575615628914E-17
16	0	n/a
16	1	n/a
16	2	0.018
16	3	n/a
16	4	n/a
16	5	n/a
16	6	0.009
16	7	n/a
16	8	n/a
16	9	n/a
16	10	n/a
16	11	n/a
16	12	n/a
16	13	0.01
16	14	0.008
16	15	0.021
16	16	0.027
16	17	n/a
16	18	n/a
16	19	0.054
16	20	0.032
16	21	n/a
16	22	n/a
16	23	n/a
16	24	n/a
16	25	0.008
16	26	0.057
16	27	0.004
16	28	0.021
16	29	n/a
16	30	n/a
16	31	n/a
16	32	n/a
16	33	0.003
16	34	0.002
16	35	0.031
16	36	0.043
16	37	0.025
16	38	0.013
16	39	0.002
16	40	0.008
16	41	0.033
16	42	0.027
16	43	0.001
16	44	0.024
16	45	0.034
16	46	0.001
16	47	n/a
16	48	n/a
16	49	0.025
16	50	0.002
16	51	0.051
16	52	n/a
16	53	0.008
16	54	0.001
16	55	0.002
16	56	0.003
16	57	0.019
16	58	0.01
16	59	n/a
16	60	n/a
16	61	n/a
16	62	n/a
16	63	n/a
16	64	0.003
16	65	0.002
16	66	0.0
16	67	0.015
16	68	n/a
16	69	0.003
16	70	0.003
16	71	0.05
16	72	0.005
16	73	0.001
16	74	0.02
16	75	0.032
16	76	0.001
16	77	0.001
16	78	0.005
16	79	n/a
16	80	0.0
16	81	0.009
16	82	0.001
16	83	0.002
17	0	n/a
17	1	n/a
17	2	n/a
17	3	n/a
17	4	n/a
17	5	n/a
17	6	n/a
17	7	n/a
17	8	n/a
17	9	n/a
17	10	n/a
17	11	n/a
17	12	n/a
17	13	n/a
17	14	n/a
17	15	n/a
17	16	n/a
17	17	n/a
17	18	n/a
17	19	n/a
17	20	n/a
17	21	n/a
17	22	n/a
17	23	n/a
17	24	n/a
17	25	n/a
17	26	n/a
17	27	n/a
17	28	n/a
17	29	n/a
17	30	n/a
17	31	n/a
17	32	n/a
17	33	n/a
17	34	n/a
17	35	n/a
17	36	n/a
17	37	n/a
17	38	n/a
17	39	n/a
17	40	n/a
17	41	n/a
17	42	n/a
17	43	n/a
17	44	n/a
17	45	n/a
17	46	n/a
17	47	n/a
17	48	n/a
17	49	n/a
17	50	n/a
17	51	n/a
17	52	n/a
17	53	n/a
17	54	n/a
17	55	n/a
17	56	n/a
17	57	n/a
17	58	n/a
17	59	n/a
17	60	n/a
17	61	n/a
17	62	n/a
17	63	n/a
17	64	n/a
17	65	n/a
17	66	n/a
17	67	n/a
17	68	n/a
17	69	n/a
17	70	n/a
17	71	n/a
17	72	n/a
17	73	n/a
17	74	n/a
17	75	n/a
17	76	n/a
17	77	n/a
17	78	n/a
17	79	n/a
17	80	n/a
17	81	n/a
17	82	n/a
17	83	n/a
18	0	n/a
18	1	n/a
18	2	n/a
18	3	n/a
18	4	n/a
18	5	n/a
18	6	n/a
18	7	n/a
18	8	n/a
18	9	n/a
18	10	n/a
18	11	n/a
18	12	n/a
18	13	n/a
18	14	n/a
18	15	n/a
18	16	n/a
18	17	n/a
18	18	n/a
18	19	n/a
18	20	n/a
18	21	n/a
18	22	n/a
18	23	n/a
18	24	n/a
18	25	n/a
18	26	n/a
18	27	n/a
18	28	n/a
18	29	n/a
18	30	n/a
18	31	n/a
18	32	n/a
18	33	n/a
18	34	n/a
18	35	n/a
18	36	n/a
18	37	n/a
18	38	n/a
18	39	n/a
18	40	n/a
18	41	n/a
18	42	n/a
18	43	n/a
18	44	n/a
18	45	n/a
18	46	n/a
18	47	n/a
18	48	n/a
18	49	n/a
18	50	n/a
18	51	n/a
18	52	n/a
18	53	n/a
18	54	n/a
18	55	n/a
18	56	n/a
18	57	n/a
18	58	n/a
18	59	n/a
18	60	n/a
18	61	n/a
18	62	n/a
18	63	n/a
18	64	n/a
18	65	n/a
18	66	n/a
18	67	n/a
18	68	n/a
18	69	n/a
18	70	n/a
18	71	n/a
18	72	n/a
18	73	n/a
18	74	n/a
18	75	n/a
18	76	n/a
18	77	n/a
18	78	n/a
18	79	n/a
18	80	n/a
18	81	n/a
18	82	n/a
18	83	n/a
19	0	n/a
19	1	n/a
19	2	0.001
19	3	n/a
19	4	n/a
19	5	n/a
19	6	n/a
19	7	n/a
19	8	n/a
19	9	n/a
19	10	n/a
19	11	0.008
19	12	n/a
19	13	0.001
19	14	0.012
19	15	0.002
19	16	0.054
19	17	n/a
19	18	n/a
19	19	0.016
19	20	n/a
19	21	n/a
19	22	n/a
19	23	n/a
19	24	n/a
19	25	0.0
19	26	0.002
19	27	0.011
19	28	0.0
19	29	n/a
19	30	n/a
19	31	n/a
19	32	n/a
19	33	0.003
19	34	0.023
19	35	0.0
19	36	n/a
19	37	0.002
19	38	0.011
19	39	0.0
19	40	0.003
19	41	0.008
19	42	0.0
19	43	0.007
19	44	0.007
19	45	0.003
19	46	0.007
19	47	n/a
19	48	n/a
19	49	0.002
19	50	n/a
19	51	0.009
19	52	n/a
19	53	0.0
19	54	0.013
19	55	0.005
19	56	0.004
19	57	0.005
19	58	0.017
19	59	n/a
19	60	n/a
19	61	n/a
19	62	0.015
19	63	n/a
19	64	0.002
19	65	0.001
19	66	0.0
19	67	0.0
19	68	n/a
19	69	0.001
19	70	0.014
19	71	0.007
19	72	0.009
19	73	0.001
19	74	0.005
19	75	0.0
19	76	0.005
19	77	0.002
19	78	0.003
19	79	n/a
19	80	0.021
19	81	n/a
19	82	0.001
19	83	0.004
20	0	n/a
20	1	n/a
20	2	0.025
20	3	n/a
20	4	n/a
20	5	n/a
20	6	0.009
20	7	n/a
20	8	n/a
20	9	n/a
20	10	n/a
20	11	n/a
20	12	n/a
20	13	0.012
20	14	0.003
20	15	0.017
20	16	0.032
20	17	n/a
20	18	n/a
20	19	n/a
20	20	0.008
20	21	n/a
20	22	n/a
20	23	n/a
20	24	n/a
20	25	0.035
20	26	0.028
20	27	0.002
20	28	0.002
20	29	n/a
20	30	n/a
20	31	n/a
20	32	n/a
20	33	0.0
20	34	0.049
20	35	0.025
20	36	0.034
20	37	0.02
20	38	0.029
20	39	0.027
20	40	0.005
20	41	0.004
20	42	0.037
20	43	0.029
20	44	0.0
20	45	0.001
20	46	0.0
20	47	n/a
20	48	n/a
20	49	0.003
20	50	0.003
20	51	0.005
20	52	n/a
20	53	0.0
20	54	0.018
20	55	0.004
20	56	0.005
20	57	0.012
20	58	0.0
20	59	n/a
20	60	n/a
20	61	n/a
20	62	0.004
20	63	n/a
20	64	0.017
20	65	0.0
20	66	0.007
20	67	0.002
20	68	n/a
20	69	0.037
20	70	0.031
20	71	0.049
20	72	0.02
20	73	0.0
20	74	0.027
20	75	0.021
20	76	0.019
20	77	0.009
20	78	0.026
20	79	n/a
20	80	0.008
20	81	0.006
20	82	0.007
20	83	0.043
21	0	n/a
21	1	n/a
21	2	n/a
21	3	n/a
21	4	n/a
21	5	n/a
21	6	n/a
21	7	n/a
21	8	n/a
21	9	n/a
21	10	n/a
21	11	n/a
21	12	n/a
21	13	n/a
21	14	n/a
21	15	n/a
21	16	n/a
21	17	n/a
21	18	n/a
21	19	n/a
21	20	n/a
21	21	n/a
21	22	n/a
21	23	n/a
21	24	n/a
21	25	n/a
21	26	n/a
21	27	n/a
21	28	n/a
21	29	n/a
21	30	n/a
21	31	n/a
21	32	n/a
21	33	n/a
21	34	n/a
21	35	n/a
21	36	n/a
21	37	n/a
21	38	n/a
21	39	n/a
21	40	n/a
21	41	n/a
21	42	n/a
21	43	n/a
21	44	n/a
21	45	n/a
21	46	n/a
21	47	n/a
21	48	n/a
21	49	n/a
21	50	n/a
21	51	n/a
21	52	n/a
21	53	n/a
21	54	n/a
21	55	n/a
21	56	n/a
21	57	n/a
21	58	n/a
21	59	n/a
21	60	n/a
21	61	n/a
21	62	n/a
21	63	n/a
21	64	n/a
21	65	n/a
21	66	n/a
21	67	n/a
21	68	n/a
21	69	n/a
21	70	n/a
21	71	n/a
21	72	n/a
21	73	n/a
21	74	n/a
21	75	n/a
21	76	n/a
21	77	n/a
21	78	n/a
21	79	n/a
21	80	n/a
21	81	n/a
21	82	n/a
21	83	n/a
22	0	n/a
22	1	n/a
22	2	n/a
22	3	n/a
22	4	n/a
22	5	n/a
22	6	n/a
22	7	n/a
22	8	n/a
22	9	n/a
22	10	n/a
22	11	n/a
22	12	n/a
22	13	n/a
22	14	n/a
22	15	n/a
22	16	n/a
22	17	n/a
22	18	n/a
22	19	n/a
22	20	n/a
22	21	n/a
22	22	n/a
22	23	n/a
22	24	n/a
22	25	n/a
22	26	n/a
22	27	n/a
22	28	n/a
22	29	n/a
22	30	n/a
22	31	n/a
22	32	n/a
22	33	n/a
22	34	n/a
22	35	n/a
22	36	n/a
22	37	n/a
22	38	n/a
22	39	n/a
22	40	n/a
22	41	n/a
22	42	n/a
22	43	n/a
22	44	n/a
22	45	n/a
22	46	n/a
22	47	n/a
22	48	n/a
22	49	n/a
22	50	n/a
22	51	n/a
22	52	n/a
22	53	n/a
22	54	n/a
22	55	n/a
22	56	n/a
22	57	n/a
22	58	n/a
22	59	n/a
22	60	n/a
22	61	n/a
22	62	n/a
22	63	n/a
22	64	n/a
22	65	n/a
22	66	n/a
22	67	n/a
22	68	n/a
22	69	n/a
22	70	n/a
22	71	n/a
22	72	n/a
22	73	n/a
22	74	n/a
22	75	n/a
22	76	n/a
22	77	n/a
22	78	n/a
22	79	n/a
22	80	n/a
22	81	n/a
22	82	n/a
22	83	n/a
23	0	n/a
23	1	n/a
23	2	n/a
23	3	n/a
23	4	n/a
23	5	n/a
23	6	n/a
23	7	n/a
23	8	n/a
23	9	n/a
23	10	n/a
23	11	n/a
23	12	n/a
23	13	n/a
23	14	n/a
23	15	n/a
23	16	n/a
23	17	n/a
23	18	n/a
23	19	n/a
23	20	n/a
23	21	n/a
23	22	n/a
23	23	n/a
23	24	n/a
23	25	n/a
23	26	n/a
23	27	n/a
23	28	n/a
23	29	n/a
23	30	n/a
23	31	n/a
23	32	n/a
23	33	n/a
23	34	n/a
23	35	n/a
23	36	n/a
23	37	n/a
23	38	n/a
23	39	n/a
23	40	n/a
23	41	n/a
23	42	n/a
23	43	n/a
23	44	n/a
23	45	n/a
23	46	n/a
23	47	n/a
23	48	n/a
23	49	n/a
23	50	n/a
23	51	n/a
23	52	n/a
23	53	n/a
23	54	n/a
23	55	n/a
23	56	n/a
23	57	n/a
23	58	n/a
23	59	n/a
23	60	n/a
23	61	n/a
23	62	n/a
23	63	n/a
23	64	n/a
23	65	n/a
23	66	n/a
23	67	n/a
23	68	n/a
23	69	n/a
23	70	n/a
23	71	n/a
23	72	n/a
23	73	n/a
23	74	n/a
23	75	n/a
23	76	n/a
23	77	n/a
23	78	n/a
23	79	n/a
23	80	n/a
23	81	n/a
23	82	n/a
23	83	n/a
24	0	n/a
24	1	n/a
24	2	n/a
24	3	n/a
24	4	n/a
24	5	n/a
24	6	n/a
24	7	n/a
24	8	n/a
24	9	n/a
24	10	n/a
24	11	n/a
24	12	n/a
24	13	n/a
24	14	n/a
24	15	n/a
24	16	n/a
24	17	n/a
24	18	n/a
24	19	n/a
24	20	n/a
24	21	n/a
24	22	n/a
24	23	n/a
24	24	n/a
24	25	n/a
24	26	n/a
24	27	n/a
24	28	n/a
24	29	n/a
24	30	n/a
24	31	n/a
24	32	n/a
24	33	n/a
24	34	n/a
24	35	n/a
24	36	n/a
24	37	n/a
24	38	n/a
24	39	n/a
24	40	n/a
24	41	n/a
24	42	n/a
24	43	n/a
24	44	n/a
24	45	n/a
24	46	n/a
24	47	n/a
24	48	n/a
24	49	n/a
24	50	n/a
24	51	n/a
24	52	n/a
24	53	n/a
24	54	n/a
24	55	n/a
24	56	n/a
24	57	n/a
24	58	n/a
24	59	n/a
24	60	n/a
24	61	n/a
24	62	n/a
24	63	n/a
24	64	n/a
24	65	n/a
24	66	n/a
24	67	n/a
24	68	n/a
24	69	n/a
24	70	n/a
24	71	n/a
24	72	n/a
24	73	n/a
24	74	n/a
24	75	n/a
24	76	n/a
24	77	n/a
24	78	n/a
24	79	n/a
24	80	n/a
24	81	n/a
24	82	n/a
24	83	n/a
25	0	n/a
25	1	n/a
25	2	0.004
25	3	n/a
25	4	n/a
25	5	n/a
25	6	0.025
25	7	n/a
25	8	n/a
25	9	n/a
25	10	n/a
25	11	0.0
25	12	n/a
25	13	0.021
25	14	0.007
25	15	0.057
25	16	0.008
25	17	n/a
25	18	n/a
25	19	0.0
25	20	0.035
25	21	n/a
25	22	n/a
25	23	n/a
25	24	n/a
25	25	0.004
25	26	0.012
25	27	0.008
25	28	0.034
25	29	n/a
25	30	n/a
25	31	n/a
25	32	n/a
25	33	0.002
25	34	0.0
25	35	0.001
25	36	0.01
25	37	0.006
25	38	0.001
25	39	0.001
25	40	0.0
25	41	0.004
25	42	0.004
25	43	0.013
25	44	0.009
25	45	0.026
25	46	0.001
25	47	n/a
25	48	n/a
25	49	0.007
25	50	0.005
25	51	0.017
25	52	n/a
25	53	0.006
25	54	0.001
25	55	0.003
25	56	0.0
25	57	0.026
25	58	0.025
25	59	n/a
25	60	n/a
25	61	n/a
25	62	0.014
25	63	n/a
25	64	0.004
25	65	0.021
25	66	0.001
25	67	0.012
25	68	n/a
25	69	0.004
25	70	0.026
25	71	0.035
25	72	0.002
25	73	0.006
25	74	0.011
25	75	0.012
25	76	0.009
25	77	0.002
25	78	0.0
25	79	n/a
25	80	0.013
25	81	0.0
25	82	0.028
25	83	0.006
26	0	n/a
26	1	n/a
26	2	0.014
26	3	n/a
26	4	n/a
26	5	n/a
26	6	0.01
26	7	n/a
26	8	n/a
26	9	n/a
26	10	n/a
26	11	0.048
26	12	n/a
26	13	0.012
26	14	0.007
26	15	0.016
26	16	0.057
26	17	n/a
26	18	n/a
26	19	0.002
26	20	0.028
26	21	n/a
26	22	n/a
26	23	n/a
26	24	n/a
26	25	0.012
26	26	0.022
26	27	0.07
26	28	0.019
26	29	n/a
26	30	n/a
26	31	n/a
26	32	n/a
26	33	0.014
26	34	0.062
26	35	0.031
26	36	0.021
26	37	0.039
26	38	0.009
26	39	0.033
26	40	0.011
26	41	0.049
26	42	0.024
26	43	0.026
26	44	0.037
26	45	0.034
26	46	0.001
26	47	n/a
26	48	n/a
26	49	0.042
26	50	0.003
26	51	0.033
26	52	n/a
26	53	0.021
26	54	0.007
26	55	0.039
26	56	0.007
26	57	0.027
26	58	0.016
26	59	n/a
26	60	n/a
26	61	n/a
26	62	0.008
26	63	n/a
26	64	0.009
26	65	0.033
26	66	0.005
26	67	0.025
26	68	n/a
26	69	0.041
26	70	0.006
26	71	0.046
26	72	0.028
26	73	0.006
26	74	0.019
26	75	0.025
26	76	0.049
26	77	0.0
26	78	0.014
26	79	n/a
26	80	0.0
26	81	0.0
26	82	0.028
26	83	0.018
27	0	n/a
27	1	n/a
27	2	0.011
27	3	n/a
27	4	n/a
27	5	n/a
27	6	0.015
27	7	n/a
27	8	n/a
27	9	n/a
27	10	n/a
27	11	0.007
27	12	n/a
27	13	0.001
27	14	0.049
27	15	0.018
27	16	0.004
27	17	n/a
27	18	n/a
27	19	0.011
27	20	0.002
27	21	n/a
27	22	n/a
27	23	n/a
27	24	n/a
27	25	0.008
27	26	0.07
27	27	0.0
27	28	0.008
27	29	n/a
27	30	n/a
27	31	n/a
27	32	n/a
27	33	0.001
27	34	0.045
27	35	0.031
27	36	0.037
27	37	0.014
27	38	0.011
27	39	0.007
27	40	0.061
27	41	0.001
27	42	0.028
27	43	0.009
27	44	0.036
27	45	0.019
27	46	0.004
27	47	n/a
27	48	n/a
27	49	0.0
27	50	0.0
27	51	0.051
27	52	n/a
27	53	0.007
27	54	0.023
27	55	0.04
27	56	0.066
27	57	0.017
27	58	0.065
27	59	n/a
27	60	n/a
27	61	n/a
27	62	0.043
27	63	n/a
27	64	0.029
27	65	0.009
27	66	0.003
27	67	0.009
27	68	n/a
27	69	0.05
27	70	0.042
27	71	0.045
27	72	0.01
27	73	0.004
27	74	0.004
27	75	0.039
27	76	0.022
27	77	0.03
27	78	0.032
27	79	n/a
27	80	0.001
27	81	0.0
27	82	0.0
27	83	0.039
28	0	n/a
28	1	n/a
28	2	0.01
28	3	n/a
28	4	n/a
28	5	n/a
28	6	0.004
28	7	n/a
28	8	n/a
28	9	n/a
28	10	n/a
28	11	0.007
28	12	n/a
28	13	0.024
28	14	0.0
28	15	0.004
28	16	0.021
28	17	n/a
28	18	n/a
28	19	0.0
28	20	0.002
28	21	n/a
28	22	n/a
28	23	n/a
28	24	n/a
28	25	0.034
28	26	0.019
28	27	0.008
28	28	0.018
28	29	n/a
28	30	n/a
28	31	n/a
28	32	n/a
28	33	0.0
28	34	0.007
28	35	0.006
28	36	0.026
28	37	0.004
28	38	0.006
28	39	0.009
28	40	0.001
28	41	0.028
28	42	0.02
28	43	0.002
28	44	0.022
28	45	0.001
28	46	0.01
28	47	n/a
28	48	n/a
28	49	0.011
28	50	0.002
28	51	0.059
28	52	n/a
28	53	0.029
28	54	0.001
28	55	0.002
28	56	0.001
28	57	0.015
28	58	0.005
28	59	n/a
28	60	n/a
28	61	n/a
28	62	0.015
28	63	n/a
28	64	0.023
28	65	0.0
28	66	0.005
28	67	0.032
28	68	n/a
28	69	0.0
28	70	0.001
28	71	0.0
28	72	0.008
28	73	0.002
28	74	0.001
28	75	0.052
28	76	0.012
28	77	0.001
28	78	0.033
28	79	n/a
28	80	0.013
28	81	0.001
28	82	0.027
28	83	0.001
29	0	n/a
29	1	n/a
29	2	n/a
29	3	n/a
29	4	n/a
29	5	n/a
29	6	n/a
29	7	n/a
29	8	n/a
29	9	n/a
29	10	n/a
29	11	n/a
29	12	n/a
29	13	n/a
29	14	n/a
29	15	n/a
29	16	n/a
29	17	n/a
29	18	n/a
29	19	n/a
29	20	n/a
29	21	n/a
29	22	n/a
29	23	n/a
29	24	n/a
29	25	n/a
29	26	n/a
29	27	n/a
29	28	n/a
29	29	n/a
29	30	n/a
29	31	n/a
29	32	n/a
29	33	n/a
29	34	n/a
29	35	n/a
29	36	n/a
29	37	n/a
29	38	n/a
29	39	n/a
29	40	n/a
29	41	n/a
29	42	n/a
29	43	n/a
29	44	n/a
29	45	n/a
29	46	n/a
29	47	n/a
29	48	n/a
29	49	n/a
29	50	n/a
29	51	n/a
29	52	n/a
29	53	n/a
29	54	n/a
29	55	n/a
29	56	n/a
29	57	n/a
29	58	n/a
29	59	n/a
29	60	n/a
29	61	n/a
29	62	n/a
29	63	n/a
29	64	n/a
29	65	n/a
29	66	n/a
29	67	n/a
29	68	n/a
29	69	n/a
29	70	n/a
29	71	n/a
29	72	n/a
29	73	n/a
29	74	n/a
29	75	n/a
29	76	n/a
29	77	n/a
29	78	n/a
29	79	n/a
29	80	n/a
29	81	n/a
29	82	n/a
29	83	n/a
30	0	n/a
30	1	n/a
30	2	n/a
30	3	n/a
30	4	n/a
30	5	n/a
30	6	n/a
30	7	n/a
30	8	n/a
30	9	n/a
30	10	n/a
30	11	n/a
30	12	n/a
30	13	n/a
30	14	n/a
30	15	n/a
30	16	n/a
30	17	n/a
30	18	n/a
30	19	n/a
30	20	n/a
30	21	n/a
30	22	n/a
30	23	n/a
30	24	n/a
30	25	n/a
30	26	n/a
30	27	n/a
30	28	n/a
30	29	n/a
30	30	n/a
30	31	n/a
30	32	n/a
30	33	n/a
30	34	n/a
30	35	n/a
30	36	n/a
30	37	n/a
30	38	n/a
30	39	n/a
30	40	n/a
30	41	n/a
30	42	n/a
30	43	n/a
30	44	n/a
30	45	n/a
30	46	n/a
30	47	n/a
30	48	n/a
30	49	n/a
30	50	n/a
30	51	n/a
30	52	n/a
30	53	n/a
30	54	n/a
30	55	n/a
30	56	n/a
30	57	n/a
30	58	n/a
30	59	n/a
30	60	n/a
30	61	n/a
30	62	n/a
30	63	n/a
30	64	n/a
30	65	n/a
30	66	n/a
30	67	n/a
30	68	n/a
30	69	n/a
30	70	n/a
30	71	n/a
30	72	n/a
30	73	n/a
30	74	n/a
30	75	n/a
30	76	n/a
30	77	n/a
30	78	n/a
30	79	n/a
30	80	n/a
30	81	n/a
30	82	n/a
30	83	n/a
31	0	n/a
31	1	n/a
31	2	n/a
31	3	n/a
31	4	n/a
31	5	n/a
31	6	n/a
31	7	n/a
31	8	n/a
31	9	n/a
31	10	n/a
31	11	n/a
31	12	n/a
31	13	n/a
31	14	n/a
31	15	n/a
31	16	n/a
31	17	n/a
31	18	n/a
31	19	n/a
31	20	n/a
31	21	n/a
31	22	n/a
31	23	n/a
31	24	n/a
31	25	n/a
31	26	n/a
31	27	n/a
31	28	n/a
31	29	n/a
31	30	n/a
31	31	n/a
31	32	n/a
31	33	n/a
31	34	n/a
31	35	n/a
31	36	n/a
31	37	n/a
31	38	n/a
31	39	n/a
31	40	n/a
31	41	n/a
31	42	n/a
31	43	n/a
31	44	n/a
31	45	n/a
31	46	n/a
31	47	n/a
31	48	n/a
31	49	n/a
31	50	n/a
31	51	n/a
31	52	n/a
31	53	n/a
31	54	n/a
31	55	n/a
31	56	n/a
31	57	n/a
31	58	n/a
31	59	n/a
31	60	n/a
31	61	n/a
31	62	n/a
31	63	n/a
31	64	n/a
31	65	n/a
31	66	n/a
31	67	n/a
31	68	n/a
31	69	n/a
31	70	n/a
31	71	n/a
31	72	n/a
31	73	n/a
31	74	n/a
31	75	n/a
31	76	n/a
31	77	n/a
31	78	n/a
31	79	n/a
31	80	n/a
31	81	n/a
31	82	n/a
31	83	n/a
32	0	n/a
32	1	n/a
32	2	n/a
32	3	n/a
32	4	n/a
32	5	n/a
32	6	n/a
32	7	n/a
32	8	n/a
32	9	n/a
32	10	n/a
32	11	n/a
32	12	n/a
32	13	n/a
32	14	n/a
32	15	n/a
32	16	n/a
32	17	n/a
32	18	n/a
32	19	n/a
32	20	n/a
32	21	n/a
32	22	n/a
32	23	n/a
32	24	n/a
32	25	n/a
32	26	n/a
32	27	n/a
32	28	n/a
32	29	n/a
32	30	n/a
32	31	n/a
32	32	n/a
32	33	n/a
32	34	n/a
32	35	n/a
32	36	n/a
32	37	n/a
32	38	n/a
32	39	n/a
32	40	n/a
32	41	n/a
32	42	n/a
32	43	n/a
32	44	n/a
32	45	n/a
32	46	n/a
32	47	n/a
32	48	n/a
32	49	n/a
32	50	n/a
32	51	n/a
32	52	n/a
32	53	n/a
32	54	n/a
32	55	n/a
32	56	n/a
32	57	n/a
32	58	n/a
32	59	n/a
32	60	n/a
32	61	n/a
32	62	n/a
32	63	n/a
32	64	n/a
32	65	n/a
32	66	n/a
32	67	n/a
32	68	n/a
32	69	n/a
32	70	n/a
32	71	n/a
32	72	n/a
32	73	n/a
32	74	n/a
32	75	n/a
32	76	n/a
32	77	n/a
32	78	n/a
32	79	n/a
32	80	n/a
32	81	n/a
32	82	n/a
32	83	n/a
33	0	n/a
33	1	n/a
33	2	0.03
33	3	n/a
33	4	n/a
33	5	n/a
33	6	0.0
33	7	n/a
33	8	n/a
33	9	n/a
33	10	n/a
33	11	0.0
33	12	n/a
33	13	0.012
33	14	0.004
33	15	0.004
33	16	0.003
33	17	n/a
33	18	n/a
33	19	0.003
33	20	0.0
33	21	n/a
33	22	n/a
33	23	n/a
33	24	n/a
33	25	0.002
33	26	0.014
33	27	0.001
33	28	0.0
33	29	n/a
33	30	n/a
33	31	n/a
33	32	n/a
33	33	0.001
33	34	0.0
33	35	0.001
33	36	0.016
33	37	0.0
33	38	0.003
33	39	0.066
33	40	0.001
33	41	0.0
33	42	0.016
33	43	0.003
33	44	0.003
33	45	0.004
33	46	0.0
33	47	n/a
33	48	n/a
33	49	0.0
33	50	0.0
33	51	0.008
33	52	n/a
33	53	0.001
33	54	0.003
33	55	0.001
33	56	0.02
33	57	0.006
33	58	0.004
33	59	n/a
33	60	n/a
33	61	n/a
33	62	0.003
33	63	n/a
33	64	0.006
33	65	0.001
33	66	0.004
33	67	0.014
33	68	n/a
33	69	0.004
33	70	0.003
33	71	0.004
33	72	0.004
33	73	0.0
33	74	0.018
33	75	0.008
33	76	0.016
33	77	0.006
33	78	0.002
33	79	n/a
33	80	0.022
33	81	0.0
33	82	0.003
33	83	0.002
34	0	n/a
34	1	n/a
34	2	0.0
34	3	n/a
34	4	n/a
34	5	n/a
34	6	0.016
34	7	n/a
34	8	n/a
34	9	n/a
34	10	n/a
34	11	0.003
34	12	n/a
34	13	0.0
34	14	0.018
34	15	0.001
34	16	0.002
34	17	n/a
34	18	n/a
34	19	0.023
34	20	0.049
34	21	n/a
34	22	n/a
34	23	n/a
34	24	n/a
34	25	0.0
34	26	0.062
34	27	0.045
34	28	0.007
34	29	n/a
34	30	n/a
34	31	n/a
34	32	n/a
34	33	0.0
34	34	0.023
34	35	0.004
34	36	0.026
34	37	0.003
34	38	0.003
34	39	0.003
34	40	0.0
34	41	0.003
34	42	0.019
34	43	0.012
34	44	0.0
34	45	0.088
34	46	0.0
34	47	n/a
34	48	n/a
34	49	0.001
34	50	0.011
34	51	0.003
34	52	n/a
34	53	0.002
34	54	0.004
34	55	0.001
34	56	0.0
34	57	0.014
34	58	0.001
34	59	n/a
34	60	n/a
34	61	n/a
34	62	0.011
34	63	n/a
34	64	0.021
34	65	0.011
34	66	0.012
34	67	0.027
34	68	n/a
34	69	0.002
34	70	0.024
34	71	0.065
34	72	0.001
34	73	0.002
34	74	0.027
34	75	0.0
34	76	0.027
34	77	0.0
34	78	0.001
34	79	n/a
34	80	0.02
34	81	0.001
34	82	0.001
34	83	0.0
35	0	n/a
35	1	n/a
35	2	0.033
35	3	n/a
35	4	n/a
35	5	n/a
35	6	0.028
35	7	n/a
35	8	n/a
35	9	n/a
35	10	n/a
35	11	0.005
35	12	n/a
35	13	0.021
35	14	0.041
35	15	0.033
35	16	0.031
35	17	n/a
35	18	n/a
35	19	0.0
35	20	0.025
35	21	n/a
35	22	n/a
35	23	n/a
35	24	n/a
35	25	0.001
35	26	0.031
35	27	0.031
35	28	0.006
35	29	n/a
35	30	n/a
35	31	n/a
35	32	n/a
35	33	0.001
35	34	0.004
35	35	0.0
35	36	0.003
35	37	0.014
35	38	0.001
35	39	0.001
35	40	0.108
35	41	0.011
35	42	0.049
35	43	0.008
35	44	0.034
35	45	0.001
35	46	0.016
35	47	n/a
35	48	n/a
35	49	0.011
35	50	0.003
35	51	0.031
35	52	n/a
35	53	0.002
35	54	0.005
35	55	0.037
35	56	0.007
35	57	0.018
35	58	0.009
35	59	n/a
35	60	n/a
35	61	n/a
35	62	0.026
35	63	n/a
35	64	0.019
35	65	0.002
35	66	0.001
35	67	0.006
35	68	n/a
35	69	0.045
35	70	0.013
35	71	0.04
35	72	0.017
35	73	0.033
35	74	0.026
35	75	0.02
35	76	0.028
35	77	0.022
35	78	0.037
35	79	n/a
35	80	0.024
35	81	0.0
35	82	0.019
35	83	0.001
36	0	n/a
36	1	n/a
36	2	0.025
36	3	n/a
36	4	n/a
36	5	n/a
36	6	0.02
36	7	n/a
36	8	n/a
36	9	n/a
36	10	n/a
36	11	0.001
36	12	n/a
36	13	0.012
36	14	n/a
36	15	0.039
36	16	0.043
36	17	n/a
36	18	n/a
36	19	n/a
36	20	0.034
36	21	n/a
36	22	n/a
36	23	n/a
36	24	n/a
36	25	0.01
36	26	0.021
36	27	0.037
36	28	0.026
36	29	n/a
36	30	n/a
36	31	n/a
36	32	n/a
36	33	0.016
36	34	0.026
36	35	0.003
36	36	0.014
36	37	0.001
36	38	0.001
36	39	0.032
36	40	0.002
36	41	0.001
36	42	0.003
36	43	0.032
36	44	0.04
36	45	0.005
36	46	0.022
36	47	n/a
36	48	n/a
36	49	n/a
36	50	n/a
36	51	0.011
36	52	n/a
36	53	0.036
36	54	0.001
36	55	0.0
36	56	0.008
36	57	0.012
36	58	0.003
36	59	n/a
36	60	n/a
36	61	n/a
36	62	0.003
36	63	n/a
36	64	0.049
36	65	0.007
36	66	0.003
36	67	0.015
36	68	n/a
36	69	0.035
36	70	n/a
36	71	0.018
36	72	0.036
36	73	0.0
36	74	0.021
36	75	0.007
36	76	0.04
36	77	0.002
36	78	0.0
36	79	n/a
36	80	0.0
36	81	0.005
36	82	0.009
36	83	0.017
37	0	n/a
37	1	n/a
37	2	0.048
37	3	n/a
37	4	n/a
37	5	n/a
37	6	0.007
37	7	n/a
37	8	n/a
37	9	n/a
37	10	n/a
37	11	0.006
37	12	n/a
37	13	0.006
37	14	0.03
37	15	0.035
37	16	0.025
37	17	n/a
37	18	n/a
37	19	0.002
37	20	0.02
37	21	n/a
37	22	n/a
37	23	n/a
37	24	n/a
37	25	0.006
37	26	0.039
37	27	0.014
37	28	0.004
37	29	n/a
37	30	n/a
37	31	n/a
37	32	n/a
37	33	0.0
37	34	0.003
37	35	0.014
37	36	0.001
37	37	0.004
37	38	0.007
37	39	0.018
37	40	0.001
37	41	0.028
37	42	0.016
37	43	0.01
37	44	0.017
37	45	0.004
37	46	0.017
37	47	n/a
37	48	n/a
37	49	0.002
37	50	0.02
37	51	0.047
37	52	n/a
37	53	0.002
37	54	0.008
37	55	0.025
37	56	0.0
37	57	0.011
37	58	0.0
37	59	n/a
37	60	n/a
37	61	n/a
37	62	0.003
37	63	n/a
37	64	0.025
37	65	0.009
37	66	0.004
37	67	0.006
37	68	n/a
37	69	0.024
37	70	0.001
37	71	0.052
37	72	0.017
37	73	0.006
37	74	0.013
37	75	0.016
37	76	0.02
37	77	0.002
37	78	0.001
37	79	n/a
37	80	0.019
37	81	0.003
37	82	0.038
37	83	0.022
38	0	n/a
38	1	n/a
38	2	0.004
38	3	n/a
38	4	n/a
38	5	n/a
38	6	0.009
38	7	n/a
38	8	n/a
38	9	n/a
38	10	n/a
38	11	0.04
38	12	n/a
38	13	0.021
38	14	0.039
38	15	0.028
38	16	0.013
38	17	n/a
38	18	n/a
38	19	0.011
38	20	0.029
38	21	n/a
38	22	n/a
38	23	n/a
38	24	n/a
38	25	0.001
38	26	0.009
38	27	0.011
38	28	0.006
38	29	n/a
38	30	n/a
38	31	n/a
38	32	n/a
38	33	0.003
38	34	0.003
38	35	0.001
38	36	0.001
38	37	0.007
38	38	0.001
38	39	0.001
38	40	0.01
38	41	0.0
38	42	0.006
38	43	0.003
38	44	0.005
38	45	0.005
38	46	0.003
38	47	n/a
38	48	n/a
38	49	0.0
38	50	0.035
38	51	0.0
38	52	n/a
38	53	0.043
38	54	0.0
38	55	0.0
38	56	0.011
38	57	0.006
38	58	0.0
38	59	n/a
38	60	n/a
38	61	n/a
38	62	0.002
38	63	n/a
38	64	0.002
38	65	0.0
38	66	0.016
38	67	0.0
38	68	n/a
38	69	0.002
38	70	0.001
38	71	0.003
38	72	0.013
38	73	0.0
38	74	0.004
38	75	0.005
38	76	0.007
38	77	0.001
38	78	0.0
38	79	n/a
38	80	0.0
38	81	0.005
38	82	0.002
38	83	0.007
39	0	n/a
39	1	n/a
39	2	0.02
39	3	n/a
39	4	n/a
39	5	n/a
39	6	0.009
39	7	n/a
39	8	n/a
39	9	n/a
39	10	n/a
39	11	0.0
39	12	n/a
39	13	0.029
39	14	0.014
39	15	0.025
39	16	0.002
39	17	n/a
39	18	n/a
39	19	0.0
39	20	0.027
39	21	n/a
39	22	n/a
39	23	n/a
39	24	n/a
39	25	0.001
39	26	0.033
39	27	0.007
39	28	0.009
39	29	n/a
39	30	n/a
39	31	n/a
39	32	n/a
39	33	0.066
39	34	0.003
39	35	0.001
39	36	0.032
39	37	0.018
39	38	0.001
39	39	0.0
39	40	0.078
39	41	0.008
39	42	0.0
39	43	0.002
39	44	0.01
39	45	0.002
39	46	0.0
39	47	n/a
39	48	n/a
39	49	0.003
39	50	0.002
39	51	0.021
39	52	n/a
39	53	0.041
39	54	0.009
39	55	0.0
39	56	0.006
39	57	0.004
39	58	0.0
39	59	n/a
39	60	n/a
39	61	n/a
39	62	0.004
39	63	n/a
39	64	0.007
39	65	0.007
39	66	0.0
39	67	0.03
39	68	n/a
39	69	0.004
39	70	0.0
39	71	0.042
39	72	0.0
39	73	0.0
39	74	0.002
39	75	0.023
39	76	0.008
39	77	0.001
39	78	0.004
39	79	n/a
39	80	0.001
39	81	0.023
39	82	0.001
39	83	0.002
40	0	n/a
40	1	n/a
40	2	0.003
40	3	n/a
40	4	n/a
40	5	n/a
40	6	0.007
40	7	n/a
40	8	n/a
40	9	n/a
40	10	n/a
40	11	0.01
40	12	n/a
40	13	0.042
40	14	0.013
40	15	0.018
40	16	0.008
40	17	n/a
40	18	n/a
40	19	0.003
40	20	0.005
40	21	n/a
40	22	n/a
40	23	n/a
40	24	n/a
40	25	0.0
40	26	0.011
40	27	0.061
40	28	0.001
40	29	n/a
40	30	n/a
40	31	n/a
40	32	n/a
40	33	0.001
40	34	0.0
40	35	0.108
40	36	0.002
40	37	0.001
40	38	0.01
40	39	0.078
40	40	0.027
40	41	0.0
40	42	0.002
40	43	0.0
40	44	0.03
40	45	0.011
40	46	0.001
40	47	n/a
40	48	n/a
40	49	0.0
40	50	0.001
40	51	0.028
40	52	n/a
40	53	0.001
40	54	0.008
40	55	0.017
40	56	0.004
40	57	0.0
40	58	0.003
40	59	n/a
40	60	n/a
40	61	n/a
40	62	0.001
40	63	n/a
40	64	0.0
40	65	0.027
40	66	0.013
40	67	0.0
40	68	n/a
40	69	0.0
40	70	0.002
40	71	0.002
40	72	0.019
40	73	0.008
40	74	0.002
40	75	0.004
40	76	0.001
40	77	0.001
40	78	0.001
40	79	n/a
40	80	0.004
40	81	0.014
40	82	0.001
40	83	0.008
41	0	n/a
41	1	n/a
41	2	0.002
41	3	n/a
41	4	n/a
41	5	n/a
41	6	0.001
41	7	n/a
41	8	n/a
41	9	n/a
41	10	n/a
41	11	0.002
41	12	n/a
41	13	0.001
41	14	0.006
41	15	0.034
41	16	0.033
41	17	n/a
41	18	n/a
41	19	0.008
41	20	0.004
41	21	n/a
41	22	n/a
41	23	n/a
41	24	n/a
41	25	0.004
41	26	0.049
41	27	0.001
41	28	0.028
41	29	n/a
41	30	n/a
41	31	n/a
41	32	n/a
41	33	0.0
41	34	0.003
41	35	0.011
41	36	0.001
41	37	0.028
41	38	0.0
41	39	0.008
41	40	0.0
41	41	0.001
41	42	0.003
41	43	0.001
41	44	0.003
41	45	0.024
41	46	0.002
41	47	n/a
41	48	n/a
41	49	0.001
41	50	0.007
41	51	0.013
41	52	n/a
41	53	0.005
41	54	0.001
41	55	0.005
41	56	0.006
41	57	0.005
41	58	0.006
41	59	n/a
41	60	n/a
41	61	n/a
41	62	0.003
41	63	n/a
41	64	0.0
41	65	0.0
41	66	0.0
41	67	0.006
41	68	n/a
41	69	0.003
41	70	0.003
41	71	0.019
41	72	0.003
41	73	0.009
41	74	0.0
41	75	0.025
41	76	0.012
41	77	0.004
41	78	0.005
41	79	n/a
41	80	0.001
41	81	0.008
41	82	0.002
41	83	0.001
42	0	n/a
42	1	n/a
42	2	0.039
42	3	n/a
42	4	n/a
42	5	n/a
42	6	0.039
42	7	n/a
42	8	n/a
42	9	n/a
42	10	n/a
42	11	0.001
42	12	n/a
42	13	0.001
42	14	0.003
42	15	0.001
42	16	0.027
42	17	n/a
42	18	n/a
42	19	0.0
42	20	0.037
42	21	n/a
42	22	n/a
42	23	n/a
42	24	n/a
42	25	0.004
42	26	0.024
42	27	0.028
42	28	0.02
42	29	n/a
42	30	n/a
42	31	n/a
42	32	n/a
42	33	0.016
42	34	0.019
42	35	0.049
42	36	0.003
42	37	0.016
42	38	0.006
42	39	0.0
42	40	0.002
42	41	0.003
42	42	0.007
42	43	0.003
42	44	0.012
42	45	0.002
42	46	0.01
42	47	n/a
42	48	n/a
42	49	0.011
42	50	0.008
42	51	0.028
42	52	n/a
42	53	0.003
42	54	0.005
42	55	0.017
42	56	0.037
42	57	0.037
42	58	0.011
42	59	n/a
42	60	n/a
42	61	n/a
42	62	0.024
42	63	n/a
42	64	0.049
42	65	0.023
42	66	0.003
42	67	0.021
42	68	n/a
42	69	0.026
42	70	0.02
42	71	0.064
42	72	0.019
42	73	0.044
42	74	0.009
42	75	0.02
42	76	0.013
42	77	0.02
42	78	0.029
42	79	n/a
42	80	0.01
42	81	0.003
42	82	0.003
42	83	0.004
43	0	n/a
43	1	n/a
43	2	0.014
43	3	n/a
43	4	n/a
43	5	n/a
43	6	n/a
43	7	n/a
43	8	n/a
43	9	n/a
43	10	n/a
43	11	0.006
43	12	n/a
43	13	0.053
43	14	0.02
43	15	0.018
43	16	0.001
43	17	n/a
43	18	n/a
43	19	0.007
43	20	0.029
43	21	n/a
43	22	n/a
43	23	n/a
43	24	n/a
43	25	0.013
43	26	0.026
43	27	0.009
43	28	0.002
43	29	n/a
43	30	n/a
43	31	n/a
43	32	n/a
43	33	0.003
43	34	0.012
43	35	0.008
43	36	0.032
43	37	0.01
43	38	0.003
43	39	0.002
43	40	0.0
43	41	0.001
43	42	0.003
43	43	0.004
43	44	0.0
43	45	0.009
43	46	0.006
43	47	n/a
43	48	n/a
43	49	0.006
43	50	0.012
43	51	0.033
43	52	n/a
43	53	0.015
43	54	0.002
43	55	0.028
43	56	0.005
43	57	0.01
43	58	0.001
43	59	n/a
43	60	n/a
43	61	n/a
43	62	n/a
43	63	n/a
43	64	0.031
43	65	0.026
43	66	0.005
43	67	0.02
43	68	n/a
43	69	0.05
43	70	0.011
43	71	0.047
43	72	0.009
43	73	0.012
43	74	0.018
43	75	0.007
43	76	0.026
43	77	0.022
43	78	0.026
43	79	n/a
43	80	0.008
43	81	0.002
43	82	0.014
43	83	0.012
44	0	n/a
44	1	n/a
44	2	0.044
44	3	n/a
44	4	n/a
44	5	n/a
44	6	0.03
44	7	n/a
44	8	n/a
44	9	n/a
44	10	n/a
44	11	0.001
44	12	n/a
44	13	0.013
44	14	0.0
44	15	0.038
44	16	0.024
44	17	n/a
44	18	n/a
44	19	0.007
44	20	0.0
44	21	n/a
44	22	n/a
44	23	n/a
44	24	n/a
44	25	0.009
44	26	0.037
44	27	0.036
44	28	0.022
44	29	n/a
44	30	n/a
44	31	n/a
44	32	n/a
44	33	0.003
44	34	0.0
44	35	0.034
44	36	0.04
44	37	0.017
44	38	0.005
44	39	0.01
44	40	0.03
44	41	0.003
44	42	0.012
44	43	0.0
44	44	0.015
44	45	0.0
44	46	0.029
44	47	n/a
44	48	n/a
44	49	0.033
44	50	0.015
44	51	0.052
44	52	n/a
44	53	0.011
44	54	0.004
44	55	0.007
44	56	0.02
44	57	0.02
44	58	0.003
44	59	n/a
44	60	n/a
44	61	n/a
44	62	0.015
44	63	n/a
44	64	0.047
44	65	0.049
44	66	0.003
44	67	0.021
44	68	n/a
44	69	0.038
44	70	0.018
44	71	0.089
44	72	0.014
44	73	0.004
44	74	0.012
44	75	0.038
44	76	0.02
44	77	0.026
44	78	0.051
44	79	n/a
44	80	0.011
44	81	0.025
44	82	0.0
44	83	0.006
45	0	n/a
45	1	n/a
45	2	0.01
45	3	n/a
45	4	n/a
45	5	n/a
45	6	0.016
45	7	n/a
45	8	n/a
45	9	n/a
45	10	n/a
45	11	0.01
45	12	n/a
45	13	0.005
45	14	0.001
45	15	0.003
45	16	0.034
45	17	n/a
45	18	n/a
45	19	0.003
45	20	0.001
45	21	n/a
45	22	n/a
45	23	n/a
45	24	n/a
45	25	0.026
45	26	0.034
45	27	0.019
45	28	0.001
45	29	n/a
45	30	n/a
45	31	n/a
45	32	n/a
45	33	0.004
45	34	0.088
45	35	0.001
45	36	0.005
45	37	0.004
45	38	0.005
45	39	0.002
45	40	0.011
45	41	0.024
45	42	0.002
45	43	0.009
45	44	0.0
45	45	0.011
45	46	0.013
45	47	n/a
45	48	n/a
45	49	0.008
45	50	0.014
45	51	0.038
45	52	n/a
45	53	0.012
45	54	0.021
45	55	0.002
45	56	0.019
45	57	0.004
45	58	0.004
45	59	n/a
45	60	n/a
45	61	n/a
45	62	0.001
45	63	n/a
45	64	0.103
45	65	0.028
45	66	0.011
45	67	0.058
45	68	n/a
45	69	0.044
45	70	0.029
45	71	0.091
45	72	0.025
45	73	0.04
45	74	0.018
45	75	0.041
45	76	0.034
45	77	0.03
45	78	0.03
45	79	n/a
45	80	0.0
45	81	0.008
45	82	0.01
45	83	0.024
46	0	n/a
46	1	n/a
46	2	0.001
46	3	n/a
46	4	n/a
46	5	n/a
46	6	0.005
46	7	n/a
46	8	n/a
46	9	n/a
46	10	n/a
46	11	0.004
46	12	n/a
46	13	0.0
46	14	0.003
46	15	0.013
46	16	0.001
46	17	n/a
46	18	n/a
46	19	0.007
46	20	0.0
46	21	n/a
46	22	n/a
46	23	n/a
46	24	n/a
46	25	0.001
46	26	0.001
46	27	0.004
46	28	0.01
46	29	n/a
46	30	n/a
46	31	n/a
46	32	n/a
46	33	0.0
46	34	0.0
46	35	0.016
46	36	0.022
46	37	0.017
46	38	0.003
46	39	0.0
46	40	0.001
46	41	0.002
46	42	0.01
46	43	0.006
46	44	0.029
46	45	0.013
46	46	0.013
46	47	n/a
46	48	n/a
46	49	0.036
46	50	0.001
46	51	0.008
46	52	n/a
46	53	0.076
46	54	0.0
46	55	0.004
46	56	0.008
46	57	0.005
46	58	0.019
46	59	n/a
46	60	n/a
46	61	n/a
46	62	0.014
46	63	n/a
46	64	0.031
46	65	0.006
46	66	0.007
46	67	0.007
46	68	n/a
46	69	0.018
46	70	0.001
46	71	0.089
46	72	0.012
46	73	0.077
46	74	0.004
46	75	0.03
46	76	0.007
46	77	0.02
46	78	0.009
46	79	n/a
46	80	0.045
46	81	0.017
46	82	0.024
46	83	0.028
47	0	n/a
47	1	n/a
47	2	n/a
47	3	n/a
47	4	n/a
47	5	n/a
47	6	n/a
47	7	n/a
47	8	n/a
47	9	n/a
47	10	n/a
47	11	n/a
47	12	n/a
47	13	n/a
47	14	n/a
47	15	n/a
47	16	n/a
47	17	n/a
47	18	n/a
47	19	n/a
47	20	n/a
47	21	n/a
47	22	n/a
47	23	n/a
47	24	n/a
47	25	n/a
47	26	n/a
47	27	n/a
47	28	n/a
47	29	n/a
47	30	n/a
47	31	n/a
47	32	n/a
47	33	n/a
47	34	n/a
47	35	n/a
47	36	n/a
47	37	n/a
47	38	n/a
47	39	n/a
47	40	n/a
47	41	n/a
47	42	n/a
47	43	n/a
47	44	n/a
47	45	n/a
47	46	n/a
47	47	n/a
47	48	n/a
47	49	n/a
47	50	n/a
47	51	n/a
47	52	n/a
47	53	n/a
47	54	n/a
47	55	n/a
47	56	n/a
47	57	n/a
47	58	n/a
47	59	n/a
47	60	n/a
47	61	n/a
47	62	n/a
47	63	n/a
47	64	n/a
47	65	n/a
47	66	n/a
47	67	n/a
47	68	n/a
47	69	n/a
47	70	n/a
47	71	n/a
47	72	n/a
47	73	n/a
47	74	n/a
47	75	n/a
47	76	n/a
47	77	n/a
47	78	n/a
47	79	n/a
47	80	n/a
47	81	n/a
47	82	n/a
47	83	n/a
48	0	n/a
48	1	n/a
48	2	n/a
48	3	n/a
48	4	n/a
48	5	n/a
48	6	n/a
48	7	n/a
48	8	n/a
48	9	n/a
48	10	n/a
48	11	n/a
48	12	n/a
48	13	n/a
48	14	n/a
48	15	n/a
48	16	n/a
48	17	n/a
48	18	n/a
48	19	n/a
48	20	n/a
48	21	n/a
48	22	n/a
48	23	n/a
48	24	n/a
48	25	n/a
48	26	n/a
48	27	n/a
48	28	n/a
48	29	n/a
48	30	n/a
48	31	n/a
48	32	n/a
48	33	n/a
48	34	n/a
48	35	n/a
48	36	n/a
48	37	n/a
48	38	n/a
48	39	n/a
48	40	n/a
48	41	n/a
48	42	n/a
48	43	n/a
48	44	n/a
48	45	n/a
48	46	n/a
48	47	n/a
48	48	n/a
48	49	n/a
48	50	n/a
48	51	n/a
48	52	n/a
48	53	n/a
48	54	n/a
48	55	n/a
48	56	n/a
48	57	n/a
48	58	n/a
48	59	n/a
48	60	n/a
48	61	n/a
48	62	n/a
48	63	n/a
48	64	n/a
48	65	n/a
48	66	n/a
48	67	n/a
48	68	n/a
48	69	n/a
48	70	n/a
48	71	n/a
48	72	n/a
48	73	n/a
48	74	n/a
48	75	n/a
48	76	n/a
48	77	n/a
48	78	n/a
48	79	n/a
48	80	n/a
48	81	n/a
48	82	n/a
48	83	n/a
49	0	n/a
49	1	n/a
49	2	0.005
49	3	n/a
49	4	n/a
49	5	n/a
49	6	0.002
49	7	n/a
49	8	n/a
49	9	n/a
49	10	n/a
49	11	0.001
49	12	n/a
49	13	0.003
49	14	0.001
49	15	0.003
49	16	0.025
49	17	n/a
49	18	n/a
49	19	0.002
49	20	0.003
49	21	n/a
49	22	n/a
49	23	n/a
49	24	n/a
49	25	0.007
49	26	0.042
49	27	0.0
49	28	0.011
49	29	n/a
49	30	n/a
49	31	n/a
49	32	n/a
49	33	0.0
49	34	0.001
49	35	0.011
49	36	n/a
49	37	0.002
49	38	0.0
49	39	0.003
49	40	0.0
49	41	0.001
49	42	0.011
49	43	0.006
49	44	0.033
49	45	0.008
49	46	0.036
49	47	n/a
49	48	n/a
49	49	0.019
49	50	n/a
49	51	0.029
49	52	n/a
49	53	0.004
49	54	0.001
49	55	0.016
49	56	0.005
49	57	0.008
49	58	0.003
49	59	n/a
49	60	n/a
49	61	n/a
49	62	0.023
49	63	n/a
49	64	0.006
49	65	0.037
49	66	0.002
49	67	0.003
49	68	n/a
49	69	0.031
49	70	0.004
49	71	0.0
49	72	0.002
49	73	0.015
49	74	0.0
49	75	0.012
49	76	0.008
49	77	0.001
49	78	0.006
49	79	n/a
49	80	0.004
49	81	n/a
49	82	0.039
49	83	0.02
50	0	n/a
50	1	n/a
50	2	0.003
50	3	n/a
50	4	n/a
50	5	n/a
50	6	0.021
50	7	n/a
50	8	n/a
50	9	n/a
50	10	n/a
50	11	n/a
50	12	n/a
50	13	0.001
50	14	0.001
50	15	0.002
50	16	0.002
50	17	n/a
50	18	n/a
50	19	n/a
50	20	0.003
50	21	n/a
50	22	n/a
50	23	n/a
50	24	n/a
50	25	0.005
50	26	0.003
50	27	0.0
50	28	0.002
50	29	n/a
50	30	n/a
50	31	n/a
50	32	n/a
50	33	0.0
50	34	0.011
50	35	0.003
50	36	n/a
50	37	0.02
50	38	0.035
50	39	0.002
50	40	0.001
50	41	0.007
50	42	0.008
50	43	0.012
50	44	0.015
50	45	0.014
50	46	0.001
50	47	n/a
50	48	n/a
50	49	n/a
50	50	0.005
50	51	0.004
50	52	n/a
50	53	0.005
50	54	0.028
50	55	0.004
50	56	0.002
50	57	0.008
50	58	0.02
50	59	n/a
50	60	n/a
50	61	n/a
50	62	n/a
50	63	n/a
50	64	0.002
50	65	0.004
50	66	0.023
50	67	0.032
50	68	n/a
50	69	0.0
50	70	n/a
50	71	0.0
50	72	0.004
50	73	0.006
50	74	0.019
50	75	0.006
50	76	0.029
50	77	0.012
50	78	0.002
50	79	n/a
50	80	0.041
50	81	n/a
50	82	0.0
50	83	0.034
51	0	n/a
51	1	n/a
51	2	0.027
51	3	n/a
51	4	n/a
51	5	n/a
51	6	0.0
51	7	n/a
51	8	n/a
51	9	n/a
51	10	n/a
51	11	0.022
51	12	n/a
51	13	0.0
51	14	0.015
51	15	0.05
51	16	0.051
51	17	n/a
51	18	n/a
51	19	0.009
51	20	0.005
51	21	n/a
51	22	n/a
51	23	n/a
51	24	n/a
51	25	0.017
51	26	0.033
51	27	0.051
51	28	0.059
51	29	n/a
51	30	n/a
51	31	n/a
51	32	n/a
51	33	0.008
51	34	0.003
51	35	0.031
51	36	0.011
51	37	0.047
51	38	0.0
51	39	0.021
51	40	0.028
51	41	0.013
51	42	0.028
51	43	0.033
51	44	0.052
51	45	0.038
51	46	0.008
51	47	n/a
51	48	n/a
51	49	0.029
51	50	0.004
51	51	0.012
51	52	n/a
51	53	0.003
51	54	0.004
51	55	0.035
51	56	0.026
51	57	0.003
51	58	0.013
51	59	n/a
51	60	n/a
51	61	n/a
51	62	0.034
51	63	n/a
51	64	0.001
51	65	0.051
51	66	0.058
51	67	0.029
51	68	n/a
51	69	0.053
51	70	0.006
51	71	0.02
51	72	0.002
51	73	0.002
51	74	0.041
51	75	0.023
51	76	0.025
51	77	0.037
51	78	0.039
51	79	n/a
51	80	0.0
51	81	0.01
51	82	0.031
51	83	0.029
52	0	n/a
52	1	n/a
52	2	n/a
52	3	n/a
52	4	n/a
52	5	n/a
52	6	n/a
52	7	n/a
52	8	n/a
52	9	n/a
52	10	n/a
52	11	n/a
52	12	n/a
52	13	n/a
52	14	n/a
52	15	n/a
52	16	n/a
52	17	n/a
52	18	n/a
52	19	n/a
52	20	n/a
52	21	n/a
52	22	n/a
52	23	n/a
52	24	n/a
52	25	n/a
52	26	n/a
52	27	n/a
52	28	n/a
52	29	n/a
52	30	n/a
52	31	n/a
52	32	n/a
52	33	n/a
52	34	n/a
52	35	n/a
52	36	n/a
52	37	n/a
52	38	n/a
52	39	n/a
52	40	n/a
52	41	n/a
52	42	n/a
52	43	n/a
52	44	n/a
52	45	n/a
52	46	n/a
52	47	n/a
52	48	n/a
52	49	n/a
52	50	n/a
52	51	n/a
52	52	n/a
52	53	n/a
52	54	n/a
52	55	n/a
52	56	n/a
52	57	n/a
52	58	n/a
52	59	n/a
52	60	n/a
52	61	n/a
52	62	n/a
52	63	n/a
52	64	n/a
52	65	n/a
52	66	n/a
52	67	n/a
52	68	n/a
52	69	n/a
52	70	n/a
52	71	n/a
52	72	n/a
52	73	n/a
52	74	n/a
52	75	n/a
52	76	n/a
52	77	n/a
52	78	n/a
52	79	n/a
52	80	n/a
52	81	n/a
52	82	n/a
52	83	n/a
53	0	n/a
53	1	n/a
53	2	0.004
53	3	n/a
53	4	n/a
53	5	n/a
53	6	0.002
53	7	n/a
53	8	n/a
53	9	n/a
53	10	n/a
53	11	0.001
53	12	n/a
53	13	0.002
53	14	0.018
53	15	0.009
53	16	0.008
53	17	n/a
53	18	n/a
53	19	0.0
53	20	0.0
53	21	n/a
53	22	n/a
53	23	n/a
53	24	n/a
53	25	0.006
53	26	0.021
53	27	0.007
53	28	0.029
53	29	n/a
53	30	n/a
53	31	n/a
53	32	n/a
53	33	0.001
53	34	0.002
53	35	0.002
53	36	0.036
53	37	0.002
53	38	0.043
53	39	0.041
53	40	0.001
53	41	0.005
53	42	0.003
53	43	0.015
53	44	0.011
53	45	0.012
53	46	0.076
53	47	n/a
53	48	n/a
53	49	0.004
53	50	0.005
53	51	0.003
53	52	n/a
53	53	0.008
53	54	0.006
53	55	0.012
53	56	0.001
53	57	0.009
53	58	0.041
53	59	n/a
53	60	n/a
53	61	n/a
53	62	0.0
53	63	n/a
53	64	0.0
53	65	0.001
53	66	0.007
53	67	0.001
53	68	n/a
53	69	0.016
53	70	0.018
53	71	0.006
53	72	0.014
53	73	0.017
53	74	0.004
53	75	0.005
53	76	0.003
53	77	0.003
53	78	0.001
53	79	n/a
53	80	0.0
53	81	0.026
53	82	0.001
53	83	0.002
54	0	n/a
54	1	n/a
54	2	0.003
54	3	n/a
54	4	n/a
54	5	n/a
54	6	0.004
54	7	n/a
54	8	n/a
54	9	n/a
54	10	n/a
54	11	0.005
54	12	n/a
54	13	0.005
54	14	0.001
54	15	0.004
54	16	0.001
54	17	n/a
54	18	n/a
54	19	0.013
54	20	0.018
54	21	n/a
54	22	n/a
54	23	n/a
54	24	n/a
54	25	0.001
54	26	0.007
54	27	0.023
54	28	0.001
54	29	n/a
54	30	n/a
54	31	n/a
54	32	n/a
54	33	0.003
54	34	0.004
54	35	0.005
54	36	0.001
54	37	0.008
54	38	0.0
54	39	0.009
54	40	0.008
54	41	0.001
54	42	0.005
54	43	0.002
54	44	0.004
54	45	0.021
54	46	0.0
54	47	n/a
54	48	n/a
54	49	0.001
54	50	0.028
54	51	0.004
54	52	n/a
54	53	0.006
54	54	0.012
54	55	0.007
54	56	0.028
54	57	0.013
54	58	0.017
54	59	n/a
54	60	n/a
54	61	n/a
54	62	0.006
54	63	n/a
54	64	0.012
54	65	0.007
54	66	0.0
54	67	0.008
54	68	n/a
54	69	0.017
54	70	0.015
54	71	0.001
54	72	0.0
54	73	0.006
54	74	0.031
54	75	0.0
54	76	0.004
54	77	0.005
54	78	0.008
54	79	n/a
54	80	0.0
54	81	0.0
54	82	0.042
54	83	0.0
55	0	n/a
55	1	n/a
55	2	0.002
55	3	n/a
55	4	n/a
55	5	n/a
55	6	0.007
55	7	n/a
55	8	n/a
55	9	n/a
55	10	n/a
55	11	0.002
55	12	n/a
55	13	0.001
55	14	0.004
55	15	0.008
55	16	0.002
55	17	n/a
55	18	n/a
55	19	0.005
55	20	0.004
55	21	n/a
55	22	n/a
55	23	n/a
55	24	n/a
55	25	0.003
55	26	0.039
55	27	0.04
55	28	0.002
55	29	n/a
55	30	n/a
55	31	n/a
55	32	n/a
55	33	0.001
55	34	0.001
55	35	0.037
55	36	0.0
55	37	0.025
55	38	0.0
55	39	0.0
55	40	0.017
55	41	0.005
55	42	0.017
55	43	0.028
55	44	0.007
55	45	0.002
55	46	0.004
55	47	n/a
55	48	n/a
55	49	0.016
55	50	0.004
55	51	0.035
55	52	n/a
55	53	0.012
55	54	0.007
55	55	0.017
55	56	0.009
55	57	0.011
55	58	0.024
55	59	n/a
55	60	n/a
55	61	n/a
55	62	0.006
55	63	n/a
55	64	0.012
55	65	0.04
55	66	0.013
55	67	0.052
55	68	n/a
55	69	0.011
55	70	0.014
55	71	0.019
55	72	0.003
55	73	0.004
55	74	0.036
55	75	0.05
55	76	0.0
55	77	0.005
55	78	0.007
55	79	n/a
55	80	0.009
55	81	0.001
55	82	0.015
55	83	0.012
56	0	n/a
56	1	n/a
56	2	0.034
56	3	n/a
56	4	n/a
56	5	n/a
56	6	0.035
56	7	n/a
56	8	n/a
56	9	n/a
56	10	n/a
56	11	0.027
56	12	n/a
56	13	0.0
56	14	0.004
56	15	0.013
56	16	0.003
56	17	n/a
56	18	n/a
56	19	0.004
56	20	0.005
56	21	n/a
56	22	n/a
56	23	n/a
56	24	n/a
56	25	0.0
56	26	0.007
56	27	0.066
56	28	0.001
56	29	n/a
56	30	n/a
56	31	n/a
56	32	n/a
56	33	0.02
56	34	0.0
56	35	0.007
56	36	0.008
56	37	0.0
56	38	0.011
56	39	0.006
56	40	0.004
56	41	0.006
56	42	0.037
56	43	0.005
56	44	0.02
56	45	0.019
56	46	0.008
56	47	n/a
56	48	n/a
56	49	0.005
56	50	0.002
56	51	0.026
56	52	n/a
56	53	0.001
56	54	0.028
56	55	0.009
56	56	0.027
56	57	0.003
56	58	0.012
56	59	n/a
56	60	n/a
56	61	n/a
56	62	0.046
56	63	n/a
56	64	0.003
56	65	0.023
56	66	0.001
56	67	0.0
56	68	n/a
56	69	0.012
56	70	0.0
56	71	0.02
56	72	0.01
56	73	0.0
56	74	0.023
56	75	0.035
56	76	0.013
56	77	0.032
56	78	0.01
56	79	n/a
56	80	0.004
56	81	0.0
56	82	0.048
56	83	0.001
57	0	n/a
57	1	n/a
57	2	0.004
57	3	n/a
57	4	n/a
57	5	n/a
57	6	0.018
57	7	n/a
57	8	n/a
57	9	n/a
57	10	n/a
57	11	0.007
57	12	n/a
57	13	0.007
57	14	n/a
57	15	0.004
57	16	0.019
57	17	n/a
57	18	n/a
57	19	0.005
57	20	0.012
57	21	n/a
57	22	n/a
57	23	n/a
57	24	n/a
57	25	0.026
57	26	0.027
57	27	0.017
57	28	0.015
57	29	n/a
57	30	n/a
57	31	n/a
57	32	n/a
57	33	0.006
57	34	0.014
57	35	0.018
57	36	0.012
57	37	0.011
57	38	0.006
57	39	0.004
57	40	0.0
57	41	0.005
57	42	0.037
57	43	0.01
57	44	0.02
57	45	0.004
57	46	0.005
57	47	n/a
57	48	n/a
57	49	0.008
57	50	0.008
57	51	0.003
57	52	n/a
57	53	0.009
57	54	0.013
57	55	0.011
57	56	0.003
57	57	0.005
57	58	0.04
57	59	n/a
57	60	n/a
57	61	n/a
57	62	0.021
57	63	n/a
57	64	0.002
57	65	0.004
57	66	0.01
57	67	0.0
57	68	n/a
57	69	0.003
57	70	n/a
57	71	0.011
57	72	0.0
57	73	0.017
57	74	0.003
57	75	0.025
57	76	0.005
57	77	0.014
57	78	0.019
57	79	n/a
57	80	0.0
57	81	0.002
57	82	0.047
57	83	0.0
58	0	n/a
58	1	n/a
58	2	0.002
58	3	n/a
58	4	n/a
58	5	n/a
58	6	0.024
58	7	n/a
58	8	n/a
58	9	n/a
58	10	n/a
58	11	0.007
58	12	n/a
58	13	0.001
58	14	0.0
58	15	0.001
58	16	0.01
58	17	n/a
58	18	n/a
58	19	0.017
58	20	0.0
58	21	n/a
58	22	n/a
58	23	n/a
58	24	n/a
58	25	0.025
58	26	0.016
58	27	0.065
58	28	0.005
58	29	n/a
58	30	n/a
58	31	n/a
58	32	n/a
58	33	0.004
58	34	0.001
58	35	0.009
58	36	0.003
58	37	0.0
58	38	0.0
58	39	0.0
58	40	0.003
58	41	0.006
58	42	0.011
58	43	0.001
58	44	0.003
58	45	0.004
58	46	0.019
58	47	n/a
58	48	n/a
58	49	0.003
58	50	0.02
58	51	0.013
58	52	n/a
58	53	0.041
58	54	0.017
58	55	0.024
58	56	0.012
58	57	0.04
58	58	0.016
58	59	n/a
58	60	n/a
58	61	n/a
58	62	0.0
58	63	n/a
58	64	0.025
58	65	0.001
58	66	0.002
58	67	0.0
58	68	n/a
58	69	0.001
58	70	0.0
58	71	0.036
58	72	0.009
58	73	0.004
58	74	0.016
58	75	0.0
58	76	0.022
58	77	0.002
58	78	0.009
58	79	n/a
58	80	0.007
58	81	0.002
58	82	0.005
58	83	0.003
59	0	n/a
59	1	n/a
59	2	n/a
59	3	n/a
59	4	n/a
59	5	n/a
59	6	n/a
59	7	n/a
59	8	n/a
59	9	n/a
59	10	n/a
59	11	n/a
59	12	n/a
59	13	n/a
59	14	n/a
59	15	n/a
59	16	n/a
59	17	n/a
59	18	n/a
59	19	n/a
59	20	n/a
59	21	n/a
59	22	n/a
59	23	n/a
59	24	n/a
59	25	n/a
59	26	n/a
59	27	n/a
59	28	n/a
59	29	n/a
59	30	n/a
59	31	n/a
59	32	n/a
59	33	n/a
59	34	n/a
59	35	n/a
59	36	n/a
59	37	n/a
59	38	n/a
59	39	n/a
59	40	n/a
59	41	n/a
59	42	n/a
59	43	n/a
59	44	n/a
59	45	n/a
59	46	n/a
59	47	n/a
59	48	n/a
59	49	n/a
59	50	n/a
59	51	n/a
59	52	n/a
59	53	n/a
59	54	n/a
59	55	n/a
59	56	n/a
59	57	n/a
59	58	n/a
59	59	n/a
59	60	n/a
59	61	n/a
59	62	n/a
59	63	n/a
59	64	n/a
59	65	n/a
59	66	n/a
59	67	n/a
59	68	n/a
59	69	n/a
59	70	n/a
59	71	n/a
59	72	n/a
59	73	n/a
59	74	n/a
59	75	n/a
59	76	n/a
59	77	n/a
59	78	n/a
59	79	n/a
59	80	n/a
59	81	n/a
59	82	n/a
59	83	n/a
60	0	n/a
60	1	n/a
60	2	n/a
60	3	n/a
60	4	n/a
60	5	n/a
60	6	n/a
60	7	n/a
60	8	n/a
60	9	n/a
60	10	n/a
60	11	n/a
60	12	n/a
60	13	n/a
60	14	n/a
60	15	n/a
60	16	n/a
60	17	n/a
60	18	n/a
60	19	n/a
60	20	n/a
60	21	n/a
60	22	n/a
60	23	n/a
60	24	n/a
60	25	n/a
60	26	n/a
60	27	n/a
60	28	n/a
60	29	n/a
60	30	n/a
60	31	n/a
60	32	n/a
60	33	n/a
60	34	n/a
60	35	n/a
60	36	n/a
60	37	n/a
60	38	n/a
60	39	n/a
60	40	n/a
60	41	n/a
60	42	n/a
60	43	n/a
60	44	n/a
60	45	n/a
60	46	n/a
60	47	n/a
60	48	n/a
60	49	n/a
60	50	n/a
60	51	n/a
60	52	n/a
60	53	n/a
60	54	n/a
60	55	n/a
60	56	n/a
60	57	n/a
60	58	n/a
60	59	n/a
60	60	n/a
60	61	n/a
60	62	n/a
60	63	n/a
60	64	n/a
60	65	n/a
60	66	n/a
60	67	n/a
60	68	n/a
60	69	n/a
60	70	n/a
60	71	n/a
60	72	n/a
60	73	n/a
60	74	n/a
60	75	n/a
60	76	n/a
60	77	n/a
60	78	n/a
60	79	n/a
60	80	n/a
60	81	n/a
60	82	n/a
60	83	n/a
61	0	n/a
61	1	n/a
61	2	n/a
61	3	n/a
61	4	n/a
61	5	n/a
61	6	n/a
61	7	n/a
61	8	n/a
61	9	n/a
61	10	n/a
61	11	n/a
61	12	n/a
61	13	n/a
61	14	n/a
61	15	n/a
61	16	n/a
61	17	n/a
61	18	n/a
61	19	n/a
61	20	n/a
61	21	n/a
61	22	n/a
61	23	n/a
61	24	n/a
61	25	n/a
61	26	n/a
61	27	n/a
61	28	n/a
61	29	n/a
61	30	n/a
61	31	n/a
61	32	n/a
61	33	n/a
61	34	n/a
61	35	n/a
61	36	n/a
61	37	n/a
61	38	n/a
61	39	n/a
61	40	n/a
61	41	n/a
61	42	n/a
61	43	n/a
61	44	n/a
61	45	n/a
61	46	n/a
61	47	n/a
61	48	n/a
61	49	n/a
61	50	n/a
61	51	n/a
61	52	n/a
61	53	n/a
61	54	n/a
61	55	n/a
61	56	n/a
61	57	n/a
61	58	n/a
61	59	n/a
61	60	n/a
61	61	n/a
61	62	n/a
61	63	n/a
61	64	n/a
61	65	n/a
61	66	n/a
61	67	n/a
61	68	n/a
61	69	n/a
61	70	n/a
61	71	n/a
61	72	n/a
61	73	n/a
61	74	n/a
61	75	n/a
61	76	n/a
61	77	n/a
61	78	n/a
61	79	n/a
61	80	n/a
61	81	n/a
61	82	n/a
61	83	n/a
62	0	n/a
62	1	n/a
62	2	0.006
62	3	n/a
62	4	n/a
62	5	n/a
62	6	0.002
62	7	n/a
62	8	n/a
62	9	n/a
62	10	n/a
62	11	0.005
62	12	n/a
62	13	0.01
62	14	n/a
62	15	0.004
62	16	n/a
62	17	n/a
62	18	n/a
62	19	0.015
62	20	0.004
62	21	n/a
62	22	n/a
62	23	n/a
62	24	n/a
62	25	0.014
62	26	0.008
62	27	0.043
62	28	0.015
62	29	n/a
62	30	n/a
62	31	n/a
62	32	n/a
62	33	0.003
62	34	0.011
62	35	0.026
62	36	0.003
62	37	0.003
62	38	0.002
62	39	0.004
62	40	0.001
62	41	0.003
62	42	0.024
62	43	n/a
62	44	0.015
62	45	0.001
62	46	0.014
62	47	n/a
62	48	n/a
62	49	0.023
62	50	n/a
62	51	0.034
62	52	n/a
62	53	0.0
62	54	0.006
62	55	0.006
62	56	0.046
62	57	0.021
62	58	0.0
62	59	n/a
62	60	n/a
62	61	n/a
62	62	0.04
62	63	n/a
62	64	0.001
62	65	0.026
62	66	0.006
62	67	0.019
62	68	n/a
62	69	0.021
62	70	n/a
62	71	0.019
62	72	0.0
62	73	0.012
62	74	0.031
62	75	0.029
62	76	0.006
62	77	0.036
62	78	0.012
62	79	n/a
62	80	0.006
62	81	n/a
62	82	0.04
62	83	0.011
63	0	n/a
63	1	n/a
63	2	n/a
63	3	n/a
63	4	n/a
63	5	n/a
63	6	n/a
63	7	n/a
63	8	n/a
63	9	n/a
63	10	n/a
63	11	n/a
63	12	n/a
63	13	n/a
63	14	n/a
63	15	n/a
63	16	n/a
63	17	n/a
63	18	n/a
63	19	n/a
63	20	n/a
63	21	n/a
63	22	n/a
63	23	n/a
63	24	n/a
63	25	n/a
63	26	n/a
63	27	n/a
63	28	n/a
63	29	n/a
63	30	n/a
63	31	n/a
63	32	n/a
63	33	n/a
63	34	n/a
63	35	n/a
63	36	n/a
63	37	n/a
63	38	n/a
63	39	n/a
63	40	n/a
63	41	n/a
63	42	n/a
63	43	n/a
63	44	n/a
63	45	n/a
63	46	n/a
63	47	n/a
63	48	n/a
63	49	n/a
63	50	n/a
63	51	n/a
63	52	n/a
63	53	n/a
63	54	n/a
63	55	n/a
63	56	n/a
63	57	n/a
63	58	n/a
63	59	n/a
63	60	n/a
63	61	n/a
63	62	n/a
63	63	n/a
63	64	n/a
63	65	n/a
63	66	n/a
63	67	n/a
63	68	n/a
63	69	n/a
63	70	n/a
63	71	n/a
63	72	n/a
63	73	n/a
63	74	n/a
63	75	n/a
63	76	n/a
63	77	n/a
63	78	n/a
63	79	n/a
63	80	n/a
63	81	n/a
63	82	n/a
63	83	n/a
64	0	n/a
64	1	n/a
64	2	0.014
64	3	n/a
64	4	n/a
64	5	n/a
64	6	0.012
64	7	n/a
64	8	n/a
64	9	n/a
64	10	n/a
64	11	0.005
64	12	n/a
64	13	0.001
64	14	0.005
64	15	0.013
64	16	0.003
64	17	n/a
64	18	n/a
64	19	0.002
64	20	0.017
64	21	n/a
64	22	n/a
64	23	n/a
64	24	n/a
64	25	0.004
64	26	0.009
64	27	0.029
64	28	0.023
64	29	n/a
64	30	n/a
64	31	n/a
64	32	n/a
64	33	0.006
64	34	0.021
64	35	0.019
64	36	0.049
64	37	0.025
64	38	0.002
64	39	0.007
64	40	0.0
64	41	0.0
64	42	0.049
64	43	0.031
64	44	0.047
64	45	0.103
64	46	0.031
64	47	n/a
64	48	n/a
64	49	0.006
64	50	0.002
64	51	0.001
64	52	n/a
64	53	0.0
64	54	0.012
64	55	0.012
64	56	0.003
64	57	0.002
64	58	0.025
64	59	n/a
64	60	n/a
64	61	n/a
64	62	0.001
64	63	n/a
64	64	0.003
64	65	0.042
64	66	0.015
64	67	0.001
64	68	n/a
64	69	0.003
64	70	0.003
64	71	0.015
64	72	0.003
64	73	0.009
64	74	0.003
64	75	0.0
64	76	0.007
64	77	0.007
64	78	0.057
64	79	n/a
64	80	0.0
64	81	0.001
64	82	0.004
64	83	0.028
65	0	n/a
65	1	n/a
65	2	0.024
65	3	n/a
65	4	n/a
65	5	n/a
65	6	0.005
65	7	n/a
65	8	n/a
65	9	n/a
65	10	n/a
65	11	0.0
65	12	n/a
65	13	0.0
65	14	0.018
65	15	0.01
65	16	0.002
65	17	n/a
65	18	n/a
65	19	0.001
65	20	0.0
65	21	n/a
65	22	n/a
65	23	n/a
65	24	n/a
65	25	0.021
65	26	0.033
65	27	0.009
65	28	0.0
65	29	n/a
65	30	n/a
65	31	n/a
65	32	n/a
65	33	0.001
65	34	0.011
65	35	0.002
65	36	0.007
65	37	0.009
65	38	0.0
65	39	0.007
65	40	0.027
65	41	0.0
65	42	0.023
65	43	0.026
65	44	0.049
65	45	0.028
65	46	0.006
65	47	n/a
65	48	n/a
65	49	0.037
65	50	0.004
65	51	0.051
65	52	n/a
65	53	0.001
65	54	0.007
65	55	0.04
65	56	0.023
65	57	0.004
65	58	0.001
65	59	n/a
65	60	n/a
65	61	n/a
65	62	0.026
65	63	n/a
65	64	0.042
65	65	0.032
65	66	0.021
65	67	0.066
65	68	n/a
65	69	0.015
65	70	0.014
65	71	0.023
65	72	0.029
65	73	0.021
65	74	0.047
65	75	0.032
65	76	0.025
65	77	0.032
65	78	0.048
65	79	n/a
65	80	0.013
65	81	0.043
65	82	0.031
65	83	0.003
66	0	n/a
66	1	n/a
66	2	0.013
66	3	n/a
66	4	n/a
66	5	n/a
66	6	0.004
66	7	n/a
66	8	n/a
66	9	n/a
66	10	n/a
66	11	0.0
66	12	n/a
66	13	0.003
66	14	0.009
66	15	0.001
66	16	0.0
66	17	n/a
66	18	n/a
66	19	0.0
66	20	0.007
66	21	n/a
66	22	n/a
66	23	n/a
66	24	n/a
66	25	0.001
66	26	0.005
66	27	0.003
66	28	0.005
66	29	n/a
66	30	n/a
66	31	n/a
66	32	n/a
66	33	0.004
66	34	0.012
66	35	0.001
66	36	0.003
66	37	0.004
66	38	0.016
66	39	0.0
66	40	0.013
66	41	0.0
66	42	0.003
66	43	0.005
66	44	0.003
66	45	0.011
66	46	0.007
66	47	n/a
66	48	n/a
66	49	0.002
66	50	0.023
66	51	0.058
66	52	n/a
66	53	0.007
66	54	0.0
66	55	0.013
66	56	0.001
66	57	0.01
66	58	0.002
66	59	n/a
66	60	n/a
66	61	n/a
66	62	0.006
66	63	n/a
66	64	0.015
66	65	0.021
66	66	0.007
66	67	0.057
66	68	n/a
66	69	0.017
66	70	0.019
66	71	0.045
66	72	0.005
66	73	0.016
66	74	0.0
66	75	0.009
66	76	0.0
66	77	0.03
66	78	0.0
66	79	n/a
66	80	0.004
66	81	0.031
66	82	0.02
66	83	0.002
67	0	n/a
67	1	n/a
67	2	0.007
67	3	n/a
67	4	n/a
67	5	n/a
67	6	0.004
67	7	n/a
67	8	n/a
67	9	n/a
67	10	n/a
67	11	0.0
67	12	n/a
67	13	0.001
67	14	0.017
67	15	0.0
67	16	0.015
67	17	n/a
67	18	n/a
67	19	0.0
67	20	0.002
67	21	n/a
67	22	n/a
67	23	n/a
67	24	n/a
67	25	0.012
67	26	0.025
67	27	0.009
67	28	0.032
67	29	n/a
67	30	n/a
67	31	n/a
67	32	n/a
67	33	0.014
67	34	0.027
67	35	0.006
67	36	0.015
67	37	0.006
67	38	0.0
67	39	0.03
67	40	0.0
67	41	0.006
67	42	0.021
67	43	0.02
67	44	0.021
67	45	0.058
67	46	0.007
67	47	n/a
67	48	n/a
67	49	0.003
67	50	0.032
67	51	0.029
67	52	n/a
67	53	0.001
67	54	0.008
67	55	0.052
67	56	0.0
67	57	0.0
67	58	0.0
67	59	n/a
67	60	n/a
67	61	n/a
67	62	0.019
67	63	n/a
67	64	0.001
67	65	0.066
67	66	0.057
67	67	0.019
67	68	n/a
67	69	0.03
67	70	0.008
67	71	0.048
67	72	0.001
67	73	0.031
67	74	0.023
67	75	0.02
67	76	0.02
67	77	0.028
67	78	0.042
67	79	n/a
67	80	0.014
67	81	0.0
67	82	0.014
67	83	0.018
68	0	n/a
68	1	n/a
68	2	n/a
68	3	n/a
68	4	n/a
68	5	n/a
68	6	n/a
68	7	n/a
68	8	n/a
68	9	n/a
68	10	n/a
68	11	n/a
68	12	n/a
68	13	n/a
68	14	n/a
68	15	n/a
68	16	n/a
68	17	n/a
68	18	n/a
68	19	n/a
68	20	n/a
68	21	n/a
68	22	n/a
68	23	n/a
68	24	n/a
68	25	n/a
68	26	n/a
68	27	n/a
68	28	n/a
68	29	n/a
68	30	n/a
68	31	n/a
68	32	n/a
68	33	n/a
68	34	n/a
68	35	n/a
68	36	n/a
68	37	n/a
68	38	n/a
68	39	n/a
68	40	n/a
68	41	n/a
68	42	n/a
68	43	n/a
68	44	n/a
68	45	n/a
68	46	n/a
68	47	n/a
68	48	n/a
68	49	n/a
68	50	n/a
68	51	n/a
68	52	n/a
68	53	n/a
68	54	n/a
68	55	n/a
68	56	n/a
68	57	n/a
68	58	n/a
68	59	n/a
68	60	n/a
68	61	n/a
68	62	n/a
68	63	n/a
68	64	n/a
68	65	n/a
68	66	n/a
68	67	n/a
68	68	n/a
68	69	n/a
68	70	n/a
68	71	n/a
68	72	n/a
68	73	n/a
68	74	n/a
68	75	n/a
68	76	n/a
68	77	n/a
68	78	n/a
68	79	n/a
68	80	n/a
68	81	n/a
68	82	n/a
68	83	n/a
69	0	n/a
69	1	n/a
69	2	0.039
69	3	n/a
69	4	n/a
69	5	n/a
69	6	0.002
69	7	n/a
69	8	n/a
69	9	n/a
69	10	n/a
69	11	0.001
69	12	n/a
69	13	0.005
69	14	0.0
69	15	0.025
69	16	0.003
69	17	n/a
69	18	n/a
69	19	0.001
69	20	0.037
69	21	n/a
69	22	n/a
69	23	n/a
69	24	n/a
69	25	0.004
69	26	0.041
69	27	0.05
69	28	0.0
69	29	n/a
69	30	n/a
69	31	n/a
69	32	n/a
69	33	0.004
69	34	0.002
69	35	0.045
69	36	0.035
69	37	0.024
69	38	0.002
69	39	0.004
69	40	0.0
69	41	0.003
69	42	0.026
69	43	0.05
69	44	0.038
69	45	0.044
69	46	0.018
69	47	n/a
69	48	n/a
69	49	0.031
69	50	0.0
69	51	0.053
69	52	n/a
69	53	0.016
69	54	0.017
69	55	0.011
69	56	0.012
69	57	0.003
69	58	0.001
69	59	n/a
69	60	n/a
69	61	n/a
69	62	0.021
69	63	n/a
69	64	0.003
69	65	0.015
69	66	0.017
69	67	0.03
69	68	n/a
69	69	0.006
69	70	0.007
69	71	0.018
69	72	0.0
69	73	0.002
69	74	0.07
69	75	0.012
69	76	0.01
69	77	0.025
69	78	0.018
69	79	n/a
69	80	0.009
69	81	0.0
69	82	0.028
69	83	0.048
70	0	n/a
70	1	n/a
70	2	0.021
70	3	n/a
70	4	n/a
70	5	n/a
70	6	0.008
70	7	n/a
70	8	n/a
70	9	n/a
70	10	n/a
70	11	0.013
70	12	n/a
70	13	0.042
70	14	n/a
70	15	0.005
70	16	0.003
70	17	n/a
70	18	n/a
70	19	0.014
70	20	0.031
70	21	n/a
70	22	n/a
70	23	n/a
70	24	n/a
70	25	0.026
70	26	0.006
70	27	0.042
70	28	0.001
70	29	n/a
70	30	n/a
70	31	n/a
70	32	n/a
70	33	0.003
70	34	0.024
70	35	0.013
70	36	n/a
70	37	0.001
70	38	0.001
70	39	0.0
70	40	0.002
70	41	0.003
70	42	0.02
70	43	0.011
70	44	0.018
70	45	0.029
70	46	0.001
70	47	n/a
70	48	n/a
70	49	0.004
70	50	n/a
70	51	0.006
70	52	n/a
70	53	0.018
70	54	0.015
70	55	0.014
70	56	0.0
70	57	n/a
70	58	0.0
70	59	n/a
70	60	n/a
70	61	n/a
70	62	n/a
70	63	n/a
70	64	0.003
70	65	0.014
70	66	0.019
70	67	0.008
70	68	n/a
70	69	0.007
70	70	0.002
70	71	0.045
70	72	0.0
70	73	0.005
70	74	0.0
70	75	0.007
70	76	0.001
70	77	0.009
70	78	0.001
70	79	n/a
70	80	0.0
70	81	0.001
70	82	0.002
70	83	0.003
71	0	n/a
71	1	n/a
71	2	0.052
71	3	n/a
71	4	n/a
71	5	n/a
71	6	0.0
71	7	n/a
71	8	n/a
71	9	n/a
71	10	n/a
71	11	0.014
71	12	n/a
71	13	0.001
71	14	0.0
71	15	0.037
71	16	0.05
71	17	n/a
71	18	n/a
71	19	0.007
71	20	0.049
71	21	n/a
71	22	n/a
71	23	n/a
71	24	n/a
71	25	0.035
71	26	0.046
71	27	0.045
71	28	0.0
71	29	n/a
71	30	n/a
71	31	n/a
71	32	n/a
71	33	0.004
71	34	0.065
71	35	0.04
71	36	0.018
71	37	0.052
71	38	0.003
71	39	0.042
71	40	0.002
71	41	0.019
71	42	0.064
71	43	0.047
71	44	0.089
71	45	0.091
71	46	0.089
71	47	n/a
71	48	n/a
71	49	0.0
71	50	0.0
71	51	0.02
71	52	n/a
71	53	0.006
71	54	0.001
71	55	0.019
71	56	0.02
71	57	0.011
71	58	0.036
71	59	n/a
71	60	n/a
71	61	n/a
71	62	0.019
71	63	n/a
71	64	0.015
71	65	0.023
71	66	0.045
71	67	0.048
71	68	n/a
71	69	0.018
71	70	0.045
71	71	0.008
71	72	0.004
71	73	0.0
71	74	0.051
71	75	0.023
71	76	0.015
71	77	0.02
71	78	0.026
71	79	n/a
71	80	0.003
71	81	0.039
71	82	0.073
71	83	0.05
72	0	n/a
72	1	n/a
72	2	0.025
72	3	n/a
72	4	n/a
72	5	n/a
72	6	0.012
72	7	n/a
72	8	n/a
72	9	n/a
72	10	n/a
72	11	0.001
72	12	n/a
72	13	0.017
72	14	0.0
72	15	0.015
72	16	0.005
72	17	n/a
72	18	n/a
72	19	0.009
72	20	0.02
72	21	n/a
72	22	n/a
72	23	n/a
72	24	n/a
72	25	0.002
72	26	0.028
72	27	0.01
72	28	0.008
72	29	n/a
72	30	n/a
72	31	n/a
72	32	n/a
72	33	0.004
72	34	0.001
72	35	0.017
72	36	0.036
72	37	0.017
72	38	0.013
72	39	0.0
72	40	0.019
72	41	0.003
72	42	0.019
72	43	0.009
72	44	0.014
72	45	0.025
72	46	0.012
72	47	n/a
72	48	n/a
72	49	0.002
72	50	0.004
72	51	0.002
72	52	n/a
72	53	0.014
72	54	0.0
72	55	0.003
72	56	0.01
72	57	0.0
72	58	0.009
72	59	n/a
72	60	n/a
72	61	n/a
72	62	0.0
72	63	n/a
72	64	0.003
72	65	0.029
72	66	0.005
72	67	0.001
72	68	n/a
72	69	0.0
72	70	0.0
72	71	0.004
72	72	0.002
72	73	0.002
72	74	0.0
72	75	0.003
72	76	0.002
72	77	0.005
72	78	0.009
72	79	n/a
72	80	0.028
72	81	0.013
72	82	0.023
72	83	0.061
73	0	n/a
73	1	n/a
73	2	0.045
73	3	n/a
73	4	n/a
73	5	n/a
73	6	0.001
73	7	n/a
73	8	n/a
73	9	n/a
73	10	n/a
73	11	0.001
73	12	n/a
73	13	0.001
73	14	0.001
73	15	0.003
73	16	0.001
73	17	n/a
73	18	n/a
73	19	0.001
73	20	0.0
73	21	n/a
73	22	n/a
73	23	n/a
73	24	n/a
73	25	0.006
73	26	0.006
73	27	0.004
73	28	0.002
73	29	n/a
73	30	n/a
73	31	n/a
73	32	n/a
73	33	0.0
73	34	0.002
73	35	0.033
73	36	0.0
73	37	0.006
73	38	0.0
73	39	0.0
73	40	0.008
73	41	0.009
73	42	0.044
73	43	0.012
73	44	0.004
73	45	0.04
73	46	0.077
73	47	n/a
73	48	n/a
73	49	0.015
73	50	0.006
73	51	0.002
73	52	n/a
73	53	0.017
73	54	0.006
73	55	0.004
73	56	0.0
73	57	0.017
73	58	0.004
73	59	n/a
73	60	n/a
73	61	n/a
73	62	0.012
73	63	n/a
73	64	0.009
73	65	0.021
73	66	0.016
73	67	0.031
73	68	n/a
73	69	0.002
73	70	0.005
73	71	0.0
73	72	0.002
73	73	0.003
73	74	0.0
73	75	0.001
73	76	0.023
73	77	0.0
73	78	0.009
73	79	n/a
73	80	0.061
73	81	0.017
73	82	0.0
73	83	0.015
74	0	n/a
74	1	n/a
74	2	0.028
74	3	n/a
74	4	n/a
74	5	n/a
74	6	0.001
74	7	n/a
74	8	n/a
74	9	n/a
74	10	n/a
74	11	0.009
74	12	n/a
74	13	0.008
74	14	0.005
74	15	0.015
74	16	0.02
74	17	n/a
74	18	n/a
74	19	0.005
74	20	0.027
74	21	n/a
74	22	n/a
74	23	n/a
74	24	n/a
74	25	0.011
74	26	0.019
74	27	0.004
74	28	0.001
74	29	n/a
74	30	n/a
74	31	n/a
74	32	n/a
74	33	0.018
74	34	0.027
74	35	0.026
74	36	0.021
74	37	0.013
74	38	0.004
74	39	0.002
74	40	0.002
74	41	0.0
74	42	0.009
74	43	0.018
74	44	0.012
74	45	0.018
74	46	0.004
74	47	n/a
74	48	n/a
74	49	0.0
74	50	0.019
74	51	0.041
74	52	n/a
74	53	0.004
74	54	0.031
74	55	0.036
74	56	0.023
74	57	0.003
74	58	0.016
74	59	n/a
74	60	n/a
74	61	n/a
74	62	0.031
74	63	n/a
74	64	0.003
74	65	0.047
74	66	0.0
74	67	0.023
74	68	n/a
74	69	0.07
74	70	0.0
74	71	0.051
74	72	0.0
74	73	0.0
74	74	0.036
74	75	0.015
74	76	0.022
74	77	0.042
74	78	0.043
74	79	n/a
74	80	0.002
74	81	0.01
74	82	0.04
74	83	0.006
75	0	n/a
75	1	n/a
75	2	0.026
75	3	n/a
75	4	n/a
75	5	n/a
75	6	0.022
75	7	n/a
75	8	n/a
75	9	n/a
75	10	n/a
75	11	0.004
75	12	n/a
75	13	0.002
75	14	0.004
75	15	0.017
75	16	0.032
75	17	n/a
75	18	n/a
75	19	0.0
75	20	0.021
75	21	n/a
75	22	n/a
75	23	n/a
75	24	n/a
75	25	0.012
75	26	0.025
75	27	0.039
75	28	0.052
75	29	n/a
75	30	n/a
75	31	n/a
75	32	n/a
75	33	0.008
75	34	0.0
75	35	0.02
75	36	0.007
75	37	0.016
75	38	0.005
75	39	0.023
75	40	0.004
75	41	0.025
75	42	0.02
75	43	0.007
75	44	0.038
75	45	0.041
75	46	0.03
75	47	n/a
75	48	n/a
75	49	0.012
75	50	0.006
75	51	0.023
75	52	n/a
75	53	0.005
75	54	0.0
75	55	0.05
75	56	0.035
75	57	0.025
75	58	0.0
75	59	n/a
75	60	n/a
75	61	n/a
75	62	0.029
75	63	n/a
75	64	0.0
75	65	0.032
75	66	0.009
75	67	0.02
75	68	n/a
75	69	0.012
75	70	0.007
75	71	0.023
75	72	0.003
75	73	0.001
75	74	0.015
75	75	0.005
75	76	0.004
75	77	0.043
75	78	0.031
75	79	n/a
75	80	0.0
75	81	0.017
75	82	0.036
75	83	0.019
76	0	n/a
76	1	n/a
76	2	0.045
76	3	n/a
76	4	n/a
76	5	n/a
76	6	0.019
76	7	n/a
76	8	n/a
76	9	n/a
76	10	n/a
76	11	0.01
76	12	n/a
76	13	0.006
76	14	0.001
76	15	0.021
76	16	0.001
76	17	n/a
76	18	n/a
76	19	0.005
76	20	0.019
76	21	n/a
76	22	n/a
76	23	n/a
76	24	n/a
76	25	0.009
76	26	0.049
76	27	0.022
76	28	0.012
76	29	n/a
76	30	n/a
76	31	n/a
76	32	n/a
76	33	0.016
76	34	0.027
76	35	0.028
76	36	0.04
76	37	0.02
76	38	0.007
76	39	0.008
76	40	0.001
76	41	0.012
76	42	0.013
76	43	0.026
76	44	0.02
76	45	0.034
76	46	0.007
76	47	n/a
76	48	n/a
76	49	0.008
76	50	0.029
76	51	0.025
76	52	n/a
76	53	0.003
76	54	0.004
76	55	0.0
76	56	0.013
76	57	0.005
76	58	0.022
76	59	n/a
76	60	n/a
76	61	n/a
76	62	0.006
76	63	n/a
76	64	0.007
76	65	0.025
76	66	0.0
76	67	0.02
76	68	n/a
76	69	0.01
76	70	0.001
76	71	0.015
76	72	0.002
76	73	0.023
76	74	0.022
76	75	0.004
76	76	0.005
76	77	0.004
76	78	0.006
76	79	n/a
76	80	0.0
76	81	0.0
76	82	0.011
76	83	0.028
77	0	n/a
77	1	n/a
77	2	0.002
77	3	n/a
77	4	n/a
77	5	n/a
77	6	0.0
77	7	n/a
77	8	n/a
77	9	n/a
77	10	n/a
77	11	0.002
77	12	n/a
77	13	0.0
77	14	0.016
77	15	0.012
77	16	0.001
77	17	n/a
77	18	n/a
77	19	0.002
77	20	0.009
77	21	n/a
77	22	n/a
77	23	n/a
77	24	n/a
77	25	0.002
77	26	0.0
77	27	0.03
77	28	0.001
77	29	n/a
77	30	n/a
77	31	n/a
77	32	n/a
77	33	0.006
77	34	0.0
77	35	0.022
77	36	0.002
77	37	0.002
77	38	0.001
77	39	0.001
77	40	0.001
77	41	0.004
77	42	0.02
77	43	0.022
77	44	0.026
77	45	0.03
77	46	0.02
77	47	n/a
77	48	n/a
77	49	0.001
77	50	0.012
77	51	0.037
77	52	n/a
77	53	0.003
77	54	0.005
77	55	0.005
77	56	0.032
77	57	0.014
77	58	0.002
77	59	n/a
77	60	n/a
77	61	n/a
77	62	0.036
77	63	n/a
77	64	0.007
77	65	0.032
77	66	0.03
77	67	0.028
77	68	n/a
77	69	0.025
77	70	0.009
77	71	0.02
77	72	0.005
77	73	0.0
77	74	0.042
77	75	0.043
77	76	0.004
77	77	0.043
77	78	0.027
77	79	n/a
77	80	0.005
77	81	0.003
77	82	0.022
77	83	0.01
78	0	n/a
78	1	n/a
78	2	0.01
78	3	n/a
78	4	n/a
78	5	n/a
78	6	0.001
78	7	n/a
78	8	n/a
78	9	n/a
78	10	n/a
78	11	0.003
78	12	n/a
78	13	0.003
78	14	0.01
78	15	0.0
78	16	0.005
78	17	n/a
78	18	n/a
78	19	0.003
78	20	0.026
78	21	n/a
78	22	n/a
78	23	n/a
78	24	n/a
78	25	0.0
78	26	0.014
78	27	0.032
78	28	0.033
78	29	n/a
78	30	n/a
78	31	n/a
78	32	n/a
78	33	0.002
78	34	0.001
78	35	0.037
78	36	0.0
78	37	0.001
78	38	0.0
78	39	0.004
78	40	0.001
78	41	0.005
78	42	0.029
78	43	0.026
78	44	0.051
78	45	0.03
78	46	0.009
78	47	n/a
78	48	n/a
78	49	0.006
78	50	0.002
78	51	0.039
78	52	n/a
78	53	0.001
78	54	0.008
78	55	0.007
78	56	0.01
78	57	0.019
78	58	0.009
78	59	n/a
78	60	n/a
78	61	n/a
78	62	0.012
78	63	n/a
78	64	0.057
78	65	0.048
78	66	0.0
78	67	0.042
78	68	n/a
78	69	0.018
78	70	0.001
78	71	0.026
78	72	0.009
78	73	0.009
78	74	0.043
78	75	0.031
78	76	0.006
78	77	0.027
78	78	0.032
78	79	n/a
78	80	0.002
78	81	0.025
78	82	0.043
78	83	0.002
79	0	n/a
79	1	n/a
79	2	n/a
79	3	n/a
79	4	n/a
79	5	n/a
79	6	n/a
79	7	n/a
79	8	n/a
79	9	n/a
79	10	n/a
79	11	n/a
79	12	n/a
79	13	n/a
79	14	n/a
79	15	n/a
79	16	n/a
79	17	n/a
79	18	n/a
79	19	n/a
79	20	n/a
79	21	n/a
79	22	n/a
79	23	n/a
79	24	n/a
79	25	n/a
79	26	n/a
79	27	n/a
79	28	n/a
79	29	n/a
79	30	n/a
79	31	n/a
79	32	n/a
79	33	n/a
79	34	n/a
79	35	n/a
79	36	n/a
79	37	n/a
79	38	n/a
79	39	n/a
79	40	n/a
79	41	n/a
79	42	n/a
79	43	n/a
79	44	n/a
79	45	n/a
79	46	n/a
79	47	n/a
79	48	n/a
79	49	n/a
79	50	n/a
79	51	n/a
79	52	n/a
79	53	n/a
79	54	n/a
79	55	n/a
79	56	n/a
79	57	n/a
79	58	n/a
79	59	n/a
79	60	n/a
79	61	n/a
79	62	n/a
79	63	n/a
79	64	n/a
79	65	n/a
79	66	n/a
79	67	n/a
79	68	n/a
79	69	n/a
79	70	n/a
79	71	n/a
79	72	n/a
79	73	n/a
79	74	n/a
79	75	n/a
79	76	n/a
79	77	n/a
79	78	n/a
79	79	n/a
79	80	n/a
79	81	n/a
79	82	n/a
79	83	n/a
80	0	n/a
80	1	n/a
80	2	0.0
80	3	n/a
80	4	n/a
80	5	n/a
80	6	0.042
80	7	n/a
80	8	n/a
80	9	n/a
80	10	n/a
80	11	0.005
80	12	n/a
80	13	0.003
80	14	0.004
80	15	0.006
80	16	0.0
80	17	n/a
80	18	n/a
80	19	0.021
80	20	0.008
80	21	n/a
80	22	n/a
80	23	n/a
80	24	n/a
80	25	0.013
80	26	0.0
80	27	0.001
80	28	0.013
80	29	n/a
80	30	n/a
80	31	n/a
80	32	n/a
80	33	0.022
80	34	0.02
80	35	0.024
80	36	0.0
80	37	0.019
80	38	0.0
80	39	0.001
80	40	0.004
80	41	0.001
80	42	0.01
80	43	0.008
80	44	0.011
80	45	0.0
80	46	0.045
80	47	n/a
80	48	n/a
80	49	0.004
80	50	0.041
80	51	0.0
80	52	n/a
80	53	0.0
80	54	0.0
80	55	0.009
80	56	0.004
80	57	0.0
80	58	0.007
80	59	n/a
80	60	n/a
80	61	n/a
80	62	0.006
80	63	n/a
80	64	0.0
80	65	0.013
80	66	0.004
80	67	0.014
80	68	n/a
80	69	0.009
80	70	0.0
80	71	0.003
80	72	0.028
80	73	0.061
80	74	0.002
80	75	0.0
80	76	0.0
80	77	0.005
80	78	0.002
80	79	n/a
80	80	0.0
80	81	0.005
80	82	0.041
80	83	0.012
81	0	n/a
81	1	n/a
81	2	n/a
81	3	n/a
81	4	n/a
81	5	n/a
81	6	n/a
81	7	n/a
81	8	n/a
81	9	n/a
81	10	n/a
81	11	0.008
81	12	n/a
81	13	0.007
81	14	0.005
81	15	n/a
81	16	0.009
81	17	n/a
81	18	n/a
81	19	n/a
81	20	0.006
81	21	n/a
81	22	n/a
81	23	n/a
81	24	n/a
81	25	0.0
81	26	0.0
81	27	0.0
81	28	0.001
81	29	n/a
81	30	n/a
81	31	n/a
81	32	n/a
81	33	0.0
81	34	0.001
81	35	0.0
81	36	0.005
81	37	0.003
81	38	0.005
81	39	0.023
81	40	0.014
81	41	0.008
81	42	0.003
81	43	0.002
81	44	0.025
81	45	0.008
81	46	0.017
81	47	n/a
81	48	n/a
81	49	n/a
81	50	n/a
81	51	0.01
81	52	n/a
81	53	0.026
81	54	0.0
81	55	0.001
81	56	0.0
81	57	0.002
81	58	0.002
81	59	n/a
81	60	n/a
81	61	n/a
81	62	n/a
81	63	n/a
81	64	0.001
81	65	0.043
81	66	0.031
81	67	0.0
81	68	n/a
81	69	0.0
81	70	0.001
81	71	0.039
81	72	0.013
81	73	0.017
81	74	0.01
81	75	0.017
81	76	0.0
81	77	0.003
81	78	0.025
81	79	n/a
81	80	0.005
81	81	0.001
81	82	0.008
81	83	0.016
82	0	n/a
82	1	n/a
82	2	0.022
82	3	n/a
82	4	n/a
82	5	n/a
82	6	0.0
82	7	n/a
82	8	n/a
82	9	n/a
82	10	n/a
82	11	0.016
82	12	n/a
82	13	0.008
82	14	0.008
82	15	0.0
82	16	0.001
82	17	n/a
82	18	n/a
82	19	0.001
82	20	0.007
82	21	n/a
82	22	n/a
82	23	n/a
82	24	n/a
82	25	0.028
82	26	0.028
82	27	0.0
82	28	0.027
82	29	n/a
82	30	n/a
82	31	n/a
82	32	n/a
82	33	0.003
82	34	0.001
82	35	0.019
82	36	0.009
82	37	0.038
82	38	0.002
82	39	0.001
82	40	0.001
82	41	0.002
82	42	0.003
82	43	0.014
82	44	0.0
82	45	0.01
82	46	0.024
82	47	n/a
82	48	n/a
82	49	0.039
82	50	0.0
82	51	0.031
82	52	n/a
82	53	0.001
82	54	0.042
82	55	0.015
82	56	0.048
82	57	0.047
82	58	0.005
82	59	n/a
82	60	n/a
82	61	n/a
82	62	0.04
82	63	n/a
82	64	0.004
82	65	0.031
82	66	0.02
82	67	0.014
82	68	n/a
82	69	0.028
82	70	0.002
82	71	0.073
82	72	0.023
82	73	0.0
82	74	0.04
82	75	0.036
82	76	0.011
82	77	0.022
82	78	0.043
82	79	n/a
82	80	0.041
82	81	0.008
82	82	0.007
82	83	0.003
83	0	n/a
83	1	n/a
83	2	0.021
83	3	n/a
83	4	n/a
83	5	n/a
83	6	0.003
83	7	n/a
83	8	n/a
83	9	n/a
83	10	n/a
83	11	0.005
83	12	n/a
83	13	0.002
83	14	0.001
83	15	0.0
83	16	0.002
83	17	n/a
83	18	n/a
83	19	0.004
83	20	0.043
83	21	n/a
83	22	n/a
83	23	n/a
83	24	n/a
83	25	0.006
83	26	0.018
83	27	0.039
83	28	0.001
83	29	n/a
83	30	n/a
83	31	n/a
83	32	n/a
83	33	0.002
83	34	0.0
83	35	0.001
83	36	0.017
83	37	0.022
83	38	0.007
83	39	0.002
83	40	0.008
83	41	0.001
83	42	0.004
83	43	0.012
83	44	0.006
83	45	0.024
83	46	0.028
83	47	n/a
83	48	n/a
83	49	0.02
83	50	0.034
83	51	0.029
83	52	n/a
83	53	0.002
83	54	0.0
83	55	0.012
83	56	0.001
83	57	0.0
83	58	0.003
83	59	n/a
83	60	n/a
83	61	n/a
83	62	0.011
83	63	n/a
83	64	0.028
83	65	0.003
83	66	0.002
83	67	0.018
83	68	n/a
83	69	0.048
83	70	0.003
83	71	0.05
83	72	0.061
83	73	0.015
83	74	0.006
83	75	0.019
83	76	0.028
83	77	0.01
83	78	0.002
83	79	n/a
83	80	0.012
83	81	0.016
83	82	0.003
83	83	0.029
#subnet edge score	40.64400000000016