1	7	n/a
1	8	n/a
1	10	n/a
1	14	n/a
1	17	n/a
1	21	n/a
1	23	n/a
1	24	n/a
1	29	n/a
1	30	n/a
1	34	n/a
1	38	n/a
2	9	n/a
2	13	n/a
2	17	n/a
2	22	n/a
2	24	n/a
2	25	n/a
2	26	n/a
2	27	n/a
2	36	n/a
2	37	n/a
2	38	n/a
2	44	n/a
2	51	n/a
2	52	n/a
2	62	n/a
2	74	n/a
2	75	n/a
2	76	n/a
3	6	0.007279202553318146
3	7	0.09006124632606628
3	8	n/a
3	14	n/a
3	17	0.1556988924036032
3	19	n/a
3	21	0.016346519753042334
3	23	0.006497478093120846
3	24	0.17823635383002254
3	26	n/a
3	27	0.136509789711736
3	28	0.051452186790358366
3	29	0.03570109825535857
3	30	0.059480553287036574
3	34	0.08188387256370712
3	36	0.08006809311173452
3	37	n/a
3	38	0.13922076782744164
3	39	0.1992458226347852
3	40	0.06106573654477171
3	43	n/a
3	44	n/a
3	45	n/a
3	51	n/a
3	52	n/a
3	65	n/a
3	66	n/a
3	72	n/a
3	73	0.0986365513597972
3	75	n/a
3	76	0.09125164960948798
3	77	n/a
4	6	0.04790070602920323
4	7	0.13005576377041594
4	8	n/a
4	9	0.11690939313641559
4	10	n/a
4	12	n/a
4	14	n/a
4	15	n/a
4	20	n/a
4	24	0.058606324086103556
4	28	0.05532601489911037
4	34	0.19950041219632933
4	36	0.11879808738864625
4	38	0.16399110980695192
4	40	0.16333382811021124
4	47	n/a
4	53	n/a
4	58	n/a
4	59	n/a
4	61	n/a
4	69	n/a
4	73	0.13688320686668407
4	77	n/a
5	6	n/a
5	15	n/a
5	32	n/a
5	40	n/a
5	41	n/a
6	7	0.11919307310836054
6	8	n/a
6	9	0.15040202141001463
6	10	n/a
6	12	n/a
6	14	n/a
6	15	n/a
6	20	n/a
6	23	0.0707962666560285
6	24	0.04398341240954979
6	28	0.034338544280282976
6	29	0.06715038818918909
6	30	0.0931737781290493
6	34	0.03460309106305817
6	36	0.054786947867117484
6	38	0.10363721438687563
6	40	0.18857551569997794
6	41	n/a
6	73	0.025550109005771624
6	77	n/a
7	8	n/a
7	9	0.02458515814162687
7	10	n/a
7	12	n/a
7	14	n/a
7	15	n/a
7	17	0.0168515818651615
7	20	n/a
7	21	0.10534442970960702
7	23	0.17826789847041574
7	24	0.03397593622092568
7	26	n/a
7	27	0.043368824123245275
7	28	0.14182807057968666
7	29	0.10857361162385769
7	30	0.13002132340365716
7	33	n/a
7	34	0.11730689413974726
7	35	n/a
7	36	0.018242925416253403
7	38	0.03329956911486139
7	39	0.013269035748685149
7	40	0.06076686092864867
7	43	n/a
7	58	n/a
7	59	n/a
7	73	0.018763477826920612
7	76	0.042606133243909175
7	77	n/a
8	10	n/a
8	12	n/a
8	14	n/a
8	15	n/a
8	17	n/a
8	19	n/a
8	20	n/a
8	21	n/a
8	23	n/a
8	24	n/a
8	26	n/a
8	27	n/a
8	28	n/a
8	29	n/a
8	30	n/a
8	34	n/a
8	36	n/a
8	38	n/a
8	40	n/a
8	41	n/a
8	73	n/a
8	77	n/a
9	10	n/a
9	12	n/a
9	14	n/a
9	15	n/a
9	20	n/a
9	22	n/a
9	24	0.020835617313298076
9	25	n/a
9	26	n/a
9	27	0.0838370752718921
9	28	0.042500017920882614
9	29	0.03134416958095619
9	34	0.15817611338709772
9	36	0.1645774254616853
9	37	n/a
9	38	0.17620662533319056
9	40	0.05099576083139627
9	43	n/a
9	45	n/a
9	47	n/a
9	53	n/a
9	56	n/a
9	58	n/a
9	59	n/a
9	61	n/a
9	69	n/a
9	73	0.05220416189492659
9	76	0.10577225488503586
9	77	n/a
9	78	n/a
10	12	n/a
10	14	n/a
10	15	n/a
10	20	n/a
10	24	n/a
10	28	n/a
10	29	n/a
10	30	n/a
10	34	n/a
10	35	n/a
10	36	n/a
10	38	n/a
10	40	n/a
10	41	n/a
10	43	n/a
10	53	n/a
10	56	n/a
10	58	n/a
10	59	n/a
10	61	n/a
10	69	n/a
10	73	n/a
10	77	n/a
11	13	n/a
11	17	n/a
11	18	n/a
11	19	n/a
11	25	n/a
11	26	n/a
11	27	n/a
11	34	n/a
11	36	n/a
11	37	n/a
11	38	n/a
11	62	n/a
11	75	n/a
11	76	n/a
12	14	n/a
12	15	n/a
12	20	n/a
12	24	n/a
12	28	n/a
12	29	n/a
12	34	n/a
12	36	n/a
12	38	n/a
12	40	n/a
12	41	n/a
12	53	n/a
12	59	n/a
12	61	n/a
12	73	n/a
12	77	n/a
13	22	n/a
13	25	n/a
13	26	n/a
13	27	n/a
13	31	n/a
13	34	n/a
13	37	n/a
13	38	n/a
13	44	n/a
13	51	n/a
13	62	n/a
13	74	n/a
13	75	n/a
13	76	n/a
14	17	n/a
14	19	n/a
14	20	n/a
14	21	n/a
14	23	n/a
14	24	n/a
14	26	n/a
14	27	n/a
14	28	n/a
14	29	n/a
14	30	n/a
14	34	n/a
14	36	n/a
14	38	n/a
14	40	n/a
14	41	n/a
14	73	n/a
14	77	n/a
15	20	n/a
15	22	n/a
15	24	n/a
15	27	n/a
15	28	n/a
15	36	n/a
15	40	n/a
15	73	n/a
15	77	n/a
16	17	n/a
16	21	n/a
16	22	n/a
16	23	n/a
16	24	n/a
16	27	n/a
16	28	n/a
16	34	n/a
16	36	n/a
16	37	n/a
16	38	n/a
16	39	n/a
16	40	n/a
16	45	n/a
16	52	n/a
16	65	n/a
16	70	n/a
16	71	n/a
16	72	n/a
16	73	n/a
16	76	n/a
16	77	n/a
17	18	n/a
17	19	n/a
17	21	0.14132761374442457
17	23	0.1749237547328254
17	24	0.08004533170349358
17	26	n/a
17	27	0.11514547327213558
17	28	0.07837360494611006
17	29	0.17174546367475094
17	30	0.03705534234277922
17	33	n/a
17	34	0.007655788887888288
17	36	0.08820600947818101
17	37	n/a
17	38	0.029531638913715522
17	39	0.01320931651569167
17	51	n/a
17	52	n/a
17	72	n/a
17	75	n/a
17	76	0.07872385503584438
18	19	n/a
18	23	n/a
18	26	n/a
18	27	n/a
18	34	n/a
18	36	n/a
18	37	n/a
18	38	n/a
18	75	n/a
18	76	n/a
19	23	n/a
19	26	n/a
19	27	n/a
19	29	n/a
19	30	n/a
19	34	n/a
19	36	n/a
19	37	n/a
19	38	n/a
19	39	n/a
19	51	n/a
19	75	n/a
19	76	n/a
20	24	n/a
20	28	n/a
20	29	n/a
20	34	n/a
20	36	n/a
20	38	n/a
20	40	n/a
20	53	n/a
20	58	n/a
20	61	n/a
20	73	n/a
20	77	n/a
21	22	n/a
21	23	0.20539761762261724
21	24	0.24486680121269327
21	26	n/a
21	27	0.003935540124090244
21	28	0.049864843230875935
21	29	0.06830220617485191
21	30	0.10999036159970982
21	33	n/a
21	34	0.09377827111325159
21	35	n/a
21	36	0.04827182601190271
21	37	n/a
21	38	0.0676890379887666
21	39	0.08349791970855666
21	40	0.07169812052459097
21	43	n/a
21	45	n/a
21	65	n/a
21	70	n/a
21	71	n/a
21	72	n/a
21	73	0.12515248927776973
21	76	0.18589277089782288
21	77	n/a
21	78	n/a
21	79	n/a
21	84	n/a
22	23	n/a
22	24	n/a
22	25	n/a
22	27	n/a
22	28	n/a
22	36	n/a
22	37	n/a
22	38	n/a
22	43	n/a
22	52	n/a
22	65	n/a
22	70	n/a
22	71	n/a
22	72	n/a
22	73	n/a
22	75	n/a
22	76	n/a
22	77	n/a
23	24	0.19777955765866098
23	26	n/a
23	27	0.02277190239735201
23	28	0.005681701281107908
23	29	0.028135807612858076
23	30	0.08576333299578785
23	33	n/a
23	34	0.0044340132215834015
23	35	n/a
23	36	0.020805372838713414
23	37	n/a
23	38	0.01632847299753648
23	39	7.329249648673638E-4
23	40	0.1352478957069649
23	43	n/a
23	44	n/a
23	45	n/a
23	46	n/a
23	52	n/a
23	65	n/a
23	70	n/a
23	71	n/a
23	72	n/a
23	73	0.01947434622920133
23	76	0.04510450110702861
23	77	n/a
23	84	n/a
24	25	n/a
24	26	n/a
24	27	0.0036582364988652295
24	28	0.09349098569137249
24	29	0.06082428649588202
24	30	0.014161035254569111
24	33	n/a
24	34	0.03568908016239371
24	36	0.07438590624917257
24	37	n/a
24	38	0.011703372468364242
24	39	0.04659750789298292
24	40	0.18462259335335718
24	43	n/a
24	45	n/a
24	47	n/a
24	51	n/a
24	52	n/a
24	53	n/a
24	55	n/a
24	56	n/a
24	58	n/a
24	59	n/a
24	61	n/a
24	63	n/a
24	65	n/a
24	69	n/a
24	70	n/a
24	71	n/a
24	72	n/a
24	73	0.017177460004751493
24	76	0.17744912536612964
24	77	n/a
24	78	n/a
24	79	n/a
24	83	n/a
25	26	n/a
25	27	n/a
25	31	n/a
25	37	n/a
25	38	n/a
25	45	n/a
25	51	n/a
25	62	n/a
25	74	n/a
25	75	n/a
25	76	n/a
26	27	n/a
26	28	n/a
26	29	n/a
26	30	n/a
26	31	n/a
26	34	n/a
26	36	n/a
26	37	n/a
26	38	n/a
26	39	n/a
26	43	n/a
26	44	n/a
26	45	n/a
26	46	n/a
26	51	n/a
26	52	n/a
26	60	n/a
26	62	n/a
26	66	n/a
26	67	n/a
26	68	n/a
26	72	n/a
26	73	n/a
26	74	n/a
26	75	n/a
26	76	n/a
26	80	n/a
26	83	n/a
26	84	n/a
27	28	0.12434575303639164
27	29	0.047676966320519695
27	30	0.061580566683110204
27	31	n/a
27	34	0.010047013906655702
27	35	n/a
27	36	0.10814140096663438
27	37	n/a
27	38	0.027530046694267018
27	39	0.0777478313649026
27	40	0.02567183139546962
27	43	n/a
27	44	n/a
27	45	n/a
27	46	n/a
27	51	n/a
27	52	n/a
27	56	n/a
27	58	n/a
27	60	n/a
27	62	n/a
27	65	n/a
27	66	n/a
27	67	n/a
27	68	n/a
27	70	n/a
27	71	n/a
27	72	n/a
27	73	0.18963664936997354
27	74	n/a
27	75	n/a
27	76	0.10363912177301603
27	77	n/a
27	79	n/a
27	80	n/a
27	83	n/a
27	84	n/a
28	29	0.07440548299769191
28	30	0.10517373347571941
28	33	n/a
28	34	0.09135477300400748
28	35	n/a
28	36	0.061731571463216166
28	37	n/a
28	38	0.12661607223963775
28	39	0.13422667599169769
28	40	0.0402289009920967
28	41	n/a
28	43	n/a
28	45	n/a
28	47	n/a
28	52	n/a
28	53	n/a
28	55	n/a
28	56	n/a
28	57	n/a
28	58	n/a
28	59	n/a
28	61	n/a
28	63	n/a
28	65	n/a
28	69	n/a
28	70	n/a
28	71	n/a
28	72	n/a
28	73	0.043328959065019476
28	76	0.10570782049162403
28	77	n/a
28	78	n/a
28	79	n/a
28	83	n/a
28	84	n/a
29	30	0.006459589462582164
29	32	n/a
29	33	n/a
29	34	0.15910006920548309
29	36	0.05290420667461951
29	37	n/a
29	38	0.023032708419823383
29	40	0.0017390278478775637
29	43	n/a
29	73	0.055970696678364504
29	77	n/a
30	33	n/a
30	34	0.0914290300194491
30	36	0.18200080577810487
30	38	0.029080014138740097
30	39	0.013914133460221073
30	40	0.05923510691978816
30	76	0.06161453472285176
31	37	n/a
31	38	n/a
31	62	n/a
31	75	n/a
31	76	n/a
31	80	n/a
32	34	n/a
32	36	n/a
32	41	n/a
33	34	n/a
33	38	n/a
34	36	0.00294155665961608
34	37	n/a
34	38	0.16338569264981725
34	39	0.04991377799609197
34	40	0.008182711788796553
34	41	n/a
34	73	0.05795512312700952
34	75	n/a
34	76	0.02250238054303499
34	77	n/a
35	36	n/a
35	37	n/a
35	38	n/a
35	39	n/a
35	41	n/a
35	43	n/a
35	44	n/a
35	46	n/a
35	72	n/a
35	77	n/a
35	84	n/a
36	37	n/a
36	38	0.17293028463989304
36	39	0.006433272005481954
36	40	0.026622540001216603
36	41	n/a
36	43	n/a
36	45	n/a
36	46	n/a
36	47	n/a
36	51	n/a
36	52	n/a
36	56	n/a
36	58	n/a
36	65	n/a
36	70	n/a
36	71	n/a
36	72	n/a
36	73	0.041236016171080005
36	75	n/a
36	76	0.09998949557649549
36	77	n/a
36	78	n/a
36	83	n/a
36	84	n/a
37	38	n/a
37	39	n/a
37	40	n/a
37	43	n/a
37	44	n/a
37	45	n/a
37	51	n/a
37	52	n/a
37	62	n/a
37	74	n/a
37	75	n/a
37	76	n/a
37	80	n/a
37	84	n/a
38	39	0.15016776855857394
38	40	0.1101518585627266
38	41	n/a
38	43	n/a
38	44	n/a
38	45	n/a
38	46	n/a
38	51	n/a
38	52	n/a
38	56	n/a
38	62	n/a
38	65	n/a
38	71	n/a
38	72	n/a
38	73	0.044493373863477216
38	75	n/a
38	76	0.14203570081706582
38	77	n/a
38	83	n/a
38	84	n/a
39	40	0.07679590679148193
39	43	n/a
39	72	n/a
39	75	n/a
39	76	0.16413416088459007
39	84	n/a
40	41	n/a
40	43	n/a
40	47	n/a
40	58	n/a
40	59	n/a
40	61	n/a
40	73	0.10348972325500223
40	77	n/a
43	44	n/a
43	45	n/a
43	46	n/a
43	47	n/a
43	48	n/a
43	51	n/a
43	52	n/a
43	53	n/a
43	55	n/a
43	56	n/a
43	57	n/a
43	58	n/a
43	59	n/a
43	61	n/a
43	63	n/a
43	64	n/a
43	65	n/a
43	66	n/a
43	67	n/a
43	68	n/a
43	69	n/a
43	70	n/a
43	71	n/a
43	72	n/a
43	73	n/a
43	75	n/a
43	76	n/a
43	77	n/a
43	78	n/a
43	79	n/a
43	83	n/a
43	84	n/a
44	45	n/a
44	46	n/a
44	47	n/a
44	49	n/a
44	51	n/a
44	52	n/a
44	56	n/a
44	60	n/a
44	62	n/a
44	65	n/a
44	66	n/a
44	67	n/a
44	68	n/a
44	70	n/a
44	71	n/a
44	72	n/a
44	73	n/a
44	75	n/a
44	76	n/a
44	77	n/a
44	80	n/a
44	83	n/a
44	84	n/a
45	46	n/a
45	47	n/a
45	48	n/a
45	49	n/a
45	50	n/a
45	51	n/a
45	52	n/a
45	53	n/a
45	55	n/a
45	56	n/a
45	57	n/a
45	58	n/a
45	59	n/a
45	60	n/a
45	61	n/a
45	62	n/a
45	63	n/a
45	65	n/a
45	66	n/a
45	67	n/a
45	68	n/a
45	69	n/a
45	70	n/a
45	71	n/a
45	72	n/a
45	73	n/a
45	74	n/a
45	75	n/a
45	76	n/a
45	77	n/a
45	78	n/a
45	79	n/a
45	80	n/a
45	82	n/a
45	83	n/a
45	84	n/a
46	47	n/a
46	48	n/a
46	52	n/a
46	56	n/a
46	63	n/a
46	65	n/a
46	66	n/a
46	67	n/a
46	68	n/a
46	70	n/a
46	72	n/a
46	73	n/a
46	75	n/a
46	76	n/a
46	77	n/a
46	79	n/a
46	83	n/a
46	84	n/a
47	48	n/a
47	52	n/a
47	53	n/a
47	54	n/a
47	55	n/a
47	56	n/a
47	57	n/a
47	58	n/a
47	59	n/a
47	61	n/a
47	63	n/a
47	64	n/a
47	69	n/a
47	71	n/a
47	72	n/a
47	73	n/a
47	76	n/a
47	77	n/a
47	78	n/a
47	79	n/a
47	81	n/a
47	83	n/a
47	84	n/a
48	54	n/a
48	55	n/a
48	57	n/a
48	59	n/a
48	61	n/a
48	63	n/a
48	73	n/a
48	77	n/a
48	81	n/a
48	83	n/a
49	60	n/a
50	56	n/a
50	57	n/a
50	59	n/a
50	63	n/a
50	77	n/a
50	78	n/a
50	79	n/a
50	83	n/a
51	58	n/a
51	62	n/a
51	71	n/a
51	73	n/a
51	74	n/a
51	75	n/a
51	76	n/a
52	56	n/a
52	59	n/a
52	66	n/a
52	68	n/a
52	70	n/a
52	72	n/a
52	73	n/a
52	75	n/a
52	76	n/a
52	77	n/a
52	79	n/a
52	83	n/a
52	84	n/a
53	55	n/a
53	56	n/a
53	57	n/a
53	58	n/a
53	59	n/a
53	61	n/a
53	63	n/a
53	69	n/a
53	73	n/a
53	77	n/a
53	78	n/a
53	83	n/a
54	55	n/a
54	64	n/a
55	56	n/a
55	57	n/a
55	58	n/a
55	59	n/a
55	61	n/a
55	63	n/a
55	64	n/a
55	69	n/a
55	73	n/a
55	77	n/a
55	78	n/a
55	83	n/a
56	57	n/a
56	58	n/a
56	59	n/a
56	61	n/a
56	63	n/a
56	64	n/a
56	66	n/a
56	68	n/a
56	69	n/a
56	70	n/a
56	72	n/a
56	73	n/a
56	75	n/a
56	76	n/a
56	77	n/a
56	78	n/a
56	79	n/a
56	82	n/a
56	83	n/a
57	59	n/a
57	61	n/a
57	63	n/a
57	64	n/a
57	66	n/a
57	69	n/a
57	70	n/a
57	72	n/a
57	73	n/a
57	75	n/a
57	76	n/a
57	77	n/a
57	78	n/a
57	79	n/a
57	83	n/a
58	59	n/a
58	61	n/a
58	63	n/a
58	64	n/a
58	69	n/a
58	71	n/a
58	73	n/a
58	74	n/a
58	76	n/a
58	77	n/a
58	78	n/a
58	79	n/a
58	83	n/a
59	61	n/a
59	63	n/a
59	64	n/a
59	69	n/a
59	72	n/a
59	73	n/a
59	77	n/a
59	78	n/a
59	83	n/a
60	62	n/a
60	66	n/a
60	67	n/a
60	68	n/a
60	75	n/a
60	76	n/a
60	83	n/a
61	63	n/a
61	64	n/a
61	69	n/a
61	73	n/a
61	77	n/a
61	78	n/a
61	83	n/a
62	74	n/a
62	75	n/a
62	76	n/a
62	83	n/a
63	64	n/a
63	66	n/a
63	68	n/a
63	69	n/a
63	70	n/a
63	72	n/a
63	73	n/a
63	75	n/a
63	76	n/a
63	77	n/a
63	78	n/a
63	79	n/a
63	83	n/a
64	69	n/a
64	71	n/a
64	73	n/a
64	76	n/a
64	77	n/a
65	66	n/a
65	70	n/a
65	71	n/a
65	72	n/a
65	73	n/a
65	76	n/a
65	77	n/a
65	79	n/a
65	83	n/a
65	84	n/a
66	67	n/a
66	68	n/a
66	70	n/a
66	72	n/a
66	73	n/a
66	75	n/a
66	76	n/a
66	77	n/a
66	78	n/a
66	79	n/a
66	83	n/a
67	68	n/a
67	72	n/a
67	75	n/a
67	76	n/a
67	83	n/a
68	70	n/a
68	72	n/a
68	75	n/a
68	76	n/a
68	77	n/a
68	79	n/a
68	83	n/a
69	73	n/a
69	77	n/a
69	78	n/a
69	83	n/a
70	71	n/a
70	72	n/a
70	73	n/a
70	75	n/a
70	76	n/a
70	77	n/a
70	78	n/a
70	79	n/a
70	82	n/a
70	83	n/a
70	84	n/a
71	72	n/a
71	73	n/a
71	74	n/a
71	76	n/a
71	77	n/a
72	73	n/a
72	75	n/a
72	76	n/a
72	77	n/a
72	78	n/a
72	79	n/a
72	83	n/a
72	84	n/a
73	74	n/a
73	76	0.004973431479125749
73	77	n/a
73	78	n/a
73	79	n/a
73	83	n/a
73	84	n/a
74	76	n/a
75	76	n/a
75	77	n/a
75	78	n/a
75	79	n/a
75	80	n/a
75	83	n/a
75	84	n/a
76	77	n/a
76	78	n/a
76	79	n/a
76	80	n/a
76	83	n/a
76	84	n/a
77	78	n/a
77	79	n/a
77	82	n/a
77	83	n/a
77	84	n/a
78	79	n/a
78	81	n/a
78	82	n/a
78	83	n/a
79	82	n/a
79	83	n/a
81	83	n/a
82	83	n/a
#subnet edge score	13.05955826270328