1	7	n/a
1	8	n/a
1	14	n/a
1	17	n/a
1	23	n/a
1	29	n/a
1	30	n/a
2	9	n/a
2	13	n/a
2	17	n/a
2	22	n/a
2	24	n/a
2	25	n/a
2	26	n/a
2	27	n/a
2	31	n/a
2	36	n/a
2	37	n/a
2	38	n/a
2	42	n/a
2	51	n/a
2	62	n/a
2	75	n/a
2	76	n/a
2	80	n/a
3	7	n/a
3	8	n/a
3	14	n/a
3	17	n/a
3	19	n/a
3	21	n/a
3	23	n/a
3	26	n/a
3	27	n/a
3	28	n/a
3	30	n/a
3	34	n/a
3	36	n/a
3	37	n/a
3	38	n/a
3	39	n/a
3	51	n/a
3	52	n/a
3	76	n/a
4	9	n/a
4	10	n/a
4	12	n/a
4	15	n/a
4	20	n/a
4	24	n/a
4	28	n/a
5	6	n/a
5	9	n/a
5	12	n/a
5	15	n/a
5	24	n/a
5	32	n/a
5	34	n/a
5	36	n/a
5	40	n/a
5	41	n/a
6	7	n/a
6	8	n/a
6	10	n/a
6	12	n/a
6	14	n/a
6	15	n/a
6	20	n/a
6	28	n/a
6	32	n/a
6	36	n/a
6	40	n/a
6	41	n/a
7	8	n/a
7	9	n/a
7	10	n/a
7	14	n/a
7	15	n/a
7	17	n/a
7	21	n/a
7	23	n/a
7	24	n/a
7	28	n/a
7	29	n/a
7	30	n/a
7	33	n/a
7	34	n/a
7	36	n/a
7	38	n/a
7	39	n/a
7	40	n/a
7	41	n/a
8	10	n/a
8	12	n/a
8	14	n/a
8	15	n/a
8	17	n/a
8	23	n/a
8	26	n/a
8	28	n/a
8	29	n/a
8	30	n/a
8	32	n/a
8	36	n/a
8	40	n/a
8	41	n/a
9	10	n/a
9	12	n/a
9	15	n/a
9	20	n/a
9	22	n/a
9	24	n/a
9	25	n/a
9	27	n/a
9	28	n/a
9	36	n/a
9	40	n/a
9	42	n/a
9	58	n/a
9	73	n/a
9	77	n/a
10	12	n/a
10	14	n/a
10	15	n/a
10	20	n/a
10	24	n/a
10	28	n/a
10	29	n/a
10	34	n/a
10	36	n/a
10	38	n/a
10	40	n/a
10	41	n/a
11	13	n/a
11	17	n/a
11	18	n/a
11	19	n/a
11	25	n/a
11	26	n/a
11	27	n/a
11	31	n/a
11	34	n/a
11	37	n/a
11	38	n/a
11	42	n/a
11	49	n/a
11	62	n/a
11	76	n/a
11	80	n/a
12	14	n/a
12	15	n/a
12	20	n/a
12	24	n/a
12	28	n/a
12	36	n/a
12	40	n/a
12	41	n/a
13	25	n/a
13	26	n/a
13	27	n/a
13	31	n/a
13	32	n/a
13	34	n/a
13	36	n/a
13	37	n/a
13	38	n/a
13	41	n/a
13	42	n/a
13	44	n/a
13	49	n/a
13	60	n/a
13	62	n/a
13	74	n/a
13	75	n/a
13	76	n/a
13	80	n/a
14	17	n/a
14	23	n/a
14	26	n/a
14	28	n/a
14	29	n/a
14	30	n/a
14	32	n/a
14	34	n/a
14	36	n/a
14	40	n/a
14	41	n/a
15	20	n/a
15	24	n/a
15	27	n/a
15	28	n/a
15	32	n/a
15	36	n/a
15	40	n/a
16	21	n/a
16	22	n/a
16	23	n/a
16	24	n/a
16	27	n/a
16	28	n/a
16	36	n/a
16	37	n/a
16	38	n/a
16	39	n/a
16	65	n/a
16	70	n/a
16	71	n/a
16	72	n/a
16	76	n/a
17	18	n/a
17	19	n/a
17	21	n/a
17	23	n/a
17	26	n/a
17	27	n/a
17	29	n/a
17	30	n/a
17	33	n/a
17	34	n/a
17	36	n/a
17	37	n/a
17	38	n/a
17	39	n/a
17	76	n/a
18	19	n/a
18	26	n/a
18	27	n/a
18	31	n/a
18	34	n/a
18	36	n/a
18	37	n/a
18	38	n/a
18	75	n/a
18	76	n/a
18	80	n/a
19	23	n/a
19	26	n/a
19	27	n/a
19	34	n/a
19	36	n/a
19	37	n/a
19	38	n/a
19	75	n/a
19	76	n/a
20	24	n/a
20	28	n/a
20	40	n/a
21	22	n/a
21	23	n/a
21	27	n/a
21	28	n/a
21	29	n/a
21	30	n/a
21	33	n/a
21	34	n/a
21	36	n/a
21	37	n/a
21	38	n/a
21	39	n/a
21	40	n/a
21	65	n/a
22	23	n/a
22	24	n/a
22	25	n/a
22	27	n/a
22	28	n/a
22	36	n/a
22	38	n/a
22	42	n/a
22	65	n/a
22	71	n/a
22	72	n/a
22	73	n/a
22	76	n/a
23	26	n/a
23	27	n/a
23	28	n/a
23	29	n/a
23	30	n/a
23	33	n/a
23	34	n/a
23	36	n/a
23	37	n/a
23	38	n/a
23	39	n/a
23	40	n/a
23	65	n/a
23	71	n/a
23	72	n/a
23	76	n/a
24	25	n/a
24	27	n/a
24	28	n/a
24	29	n/a
24	33	n/a
24	36	n/a
24	38	n/a
24	39	n/a
24	40	n/a
24	43	n/a
24	47	n/a
24	58	n/a
24	65	n/a
24	71	n/a
24	73	n/a
24	77	n/a
25	26	n/a
25	27	n/a
25	31	n/a
25	37	n/a
25	38	n/a
25	42	n/a
25	49	n/a
25	62	n/a
25	74	n/a
25	75	n/a
25	76	n/a
25	80	n/a
26	27	n/a
26	31	n/a
26	34	n/a
26	36	n/a
26	37	n/a
26	38	n/a
26	39	n/a
26	42	n/a
26	44	n/a
26	51	n/a
26	62	n/a
26	67	n/a
26	68	n/a
26	74	n/a
26	75	n/a
26	76	n/a
26	80	n/a
27	28	n/a
27	31	n/a
27	34	n/a
27	36	n/a
27	37	n/a
27	38	n/a
27	39	n/a
27	40	n/a
27	42	n/a
27	43	7.607131169042298E-4
27	44	0.020001106550238033
27	45	0.02124432365564006
27	46	0.0968839023698638
27	51	n/a
27	52	0.18609289305249085
27	62	n/a
27	65	n/a
27	66	0.1913519579441421
27	67	0.0013713648744088063
27	68	0.034641393577234364
27	71	n/a
27	72	0.026444989639182993
27	74	n/a
27	75	0.009431651403709319
27	76	0.10363912177301603
27	80	n/a
28	29	n/a
28	30	n/a
28	33	n/a
28	34	n/a
28	36	n/a
28	38	n/a
28	39	n/a
28	40	n/a
28	41	n/a
28	43	n/a
28	58	n/a
28	73	n/a
28	77	n/a
29	30	n/a
29	32	n/a
29	33	n/a
29	34	n/a
29	36	n/a
29	38	n/a
29	40	n/a
29	41	n/a
30	33	n/a
30	34	n/a
30	36	n/a
30	38	n/a
30	39	n/a
31	34	n/a
31	37	n/a
31	38	n/a
31	42	n/a
31	44	n/a
31	60	n/a
31	62	n/a
31	74	n/a
31	75	n/a
31	76	n/a
31	80	n/a
32	34	n/a
32	36	n/a
32	40	n/a
32	41	n/a
33	34	n/a
33	38	n/a
34	36	n/a
34	37	n/a
34	38	n/a
34	40	n/a
34	41	n/a
34	42	n/a
35	36	n/a
35	39	n/a
35	43	n/a
35	46	n/a
35	84	n/a
36	37	n/a
36	38	n/a
36	39	n/a
36	40	n/a
36	41	n/a
36	42	n/a
36	43	n/a
36	73	n/a
36	76	n/a
36	77	n/a
36	84	n/a
37	38	n/a
37	39	n/a
37	40	n/a
37	42	n/a
37	49	n/a
37	62	n/a
37	75	n/a
37	76	n/a
37	80	n/a
38	39	n/a
38	40	n/a
38	41	n/a
38	42	n/a
38	76	n/a
39	40	n/a
39	41	n/a
39	76	n/a
39	84	n/a
40	41	n/a
40	73	n/a
40	77	n/a
42	44	n/a
42	45	n/a
42	49	n/a
42	60	n/a
42	62	n/a
42	74	n/a
43	44	0.08546311008860175
43	45	0.18868272988335652
43	46	0.013569361417861065
43	47	0.027623016556199878
43	48	0.06012092448106148
43	49	n/a
43	51	n/a
43	52	0.06258867476731103
43	55	0.13543682151805175
43	56	0.058189541312353175
43	57	0.022061603781886378
43	58	n/a
43	59	0.10517866316361427
43	61	0.02920711257365038
43	63	0.001162123528617023
43	64	0.05809658386746395
43	65	n/a
43	66	0.007508733855447029
43	67	0.0047042811991465
43	68	0.07126570667808492
43	70	0.021771124228281466
43	71	n/a
43	72	0.07045152650803849
43	73	0.051331697997448335
43	75	0.12129175138475867
43	76	0.058083899691475
43	77	0.01796638648624962
43	78	0.1502763665666481
43	79	0.07862819898187558
43	80	n/a
43	81	0.25622909782944153
43	83	0.20179592993491036
43	84	n/a
44	45	0.189540983561828
44	46	0.03981271349939899
44	49	n/a
44	51	n/a
44	52	0.05071555164636092
44	60	0.00604728609039803
44	62	n/a
44	65	n/a
44	66	0.03094836728564487
44	67	0.06465685765652328
44	68	0.009151019024351897
44	70	0.12114556855184604
44	72	0.026192706578669116
44	74	n/a
44	75	0.047198147378450454
44	76	0.033218925383448984
44	80	n/a
44	84	n/a
45	46	0.11513866132360691
45	47	0.18915557953788692
45	48	0.026825240327670793
45	49	n/a
45	51	n/a
45	52	0.06085280243844356
45	56	0.08109113755229609
45	59	0.045826464478313615
45	60	0.11064025261476587
45	62	n/a
45	63	0.1603507835096511
45	65	n/a
45	66	0.03928527156153108
45	67	0.1548701527495347
45	68	0.1587377365703501
45	70	0.06929095368653412
45	72	0.09377311059675653
45	73	0.13889951068332893
45	74	n/a
45	75	0.11613006944356527
45	76	0.03286092223501356
45	77	0.15138604277403947
45	78	0.009386869269983356
45	79	0.0038926157881372927
45	80	n/a
45	82	n/a
45	83	0.04748638087212383
46	47	0.023637315847390494
46	48	0.24232646945229638
46	52	0.15932347432110713
46	56	0.02579787333230906
46	65	n/a
46	70	0.08283937441447659
46	72	0.1251007338374062
46	73	0.1001312155819936
46	75	0.044979473838195866
46	76	0.046624967205163736
46	77	0.08407503174926784
46	83	0.06397356967593328
46	84	n/a
47	48	0.06228285608661865
47	54	0.1283816723093661
47	55	0.03888258358187923
47	56	0.041593307392354784
47	57	0.23601387130701404
47	58	n/a
47	59	0.060916419168096446
47	61	0.04863876918639727
47	63	0.07324039030866712
47	64	0.14930502577211854
47	69	n/a
47	70	0.0746839371074284
47	72	0.145249066423558
47	73	0.10766437966273168
47	76	0.11929729841363383
47	77	0.016241809882805602
47	78	0.058190085783119024
47	81	0.11588636445431415
47	83	0.04631511460712555
48	54	0.1371563935299182
48	55	0.07957019867270353
48	56	0.07722000594119573
48	57	0.1732005116740028
48	59	0.11957392340829334
48	60	0.11220132057195824
48	61	0.029934961352228777
48	63	0.134058596560754
48	64	0.11394169744360445
48	77	0.09665142184062081
48	78	0.17063499082119177
48	81	0.029023177530897434
48	83	0.06474639271916771
48	84	n/a
49	51	n/a
49	58	n/a
49	60	n/a
49	62	n/a
49	71	n/a
49	74	n/a
49	75	n/a
49	76	n/a
49	80	n/a
49	83	n/a
50	56	n/a
50	57	n/a
50	63	n/a
50	77	n/a
50	78	n/a
50	79	n/a
50	83	n/a
51	58	n/a
51	62	n/a
51	66	n/a
51	71	n/a
51	73	n/a
51	74	n/a
51	75	n/a
51	76	n/a
52	56	0.05022027448462182
52	57	0.022345002931699824
52	63	0.024513979096510555
52	66	0.06015670320992914
52	68	0.12343001810207135
52	70	0.048150703803177465
52	72	0.08852446800095264
52	75	0.05675588544350973
52	76	0.12080090530857145
52	77	0.1189277077284519
53	58	n/a
53	59	n/a
53	61	n/a
53	64	n/a
53	69	n/a
53	73	n/a
53	77	n/a
54	55	0.08673829433002958
54	58	n/a
54	61	0.23902078125396678
54	64	0.023461768124261418
54	73	0.07277571558730568
54	81	0.08245700932083141
54	83	0.05790350361416404
55	56	0.05318906820675037
55	57	0.06753357745314587
55	59	0.01023551654962197
55	61	0.06963790274011343
55	63	0.27005371395082306
55	64	0.19701931115169935
55	69	n/a
55	77	0.11334597590936969
55	81	0.053547786010651834
56	57	0.12393020172112275
56	58	n/a
56	59	0.031173601281309082
56	63	0.03351695504405074
56	64	0.003042975844206102
56	66	0.029082705088080918
56	68	0.06440693643535883
56	70	0.006025905704974956
56	72	0.013915397977240522
56	73	0.015478240432976697
56	75	0.013747277187262303
56	77	0.018791536464823753
56	78	0.11433073800591279
56	79	0.0021090128031417367
56	82	n/a
56	83	0.0901712023185739
57	59	0.1477267144000022
57	61	0.00873404857715732
57	63	0.019976913033328308
57	64	0.14060850435390718
57	72	0.0427889365272046
57	75	0.09041258485135115
57	77	0.1051082195960181
57	78	0.052873035655518076
57	79	0.07458089892077437
57	81	0.019510730497871213
57	83	0.09720025682776158
58	59	n/a
58	61	n/a
58	64	n/a
58	69	n/a
58	71	n/a
58	73	n/a
58	74	n/a
58	76	n/a
58	77	n/a
58	78	n/a
59	61	0.003990689696214373
59	63	0.1218438011671195
59	64	0.11746499188758762
59	69	n/a
59	73	0.09005242085397369
59	77	0.029182670851593914
59	78	0.0031398777784825563
59	83	0.05579503542127682
60	62	n/a
60	66	0.0976877479409182
60	67	0.005225134134360679
60	68	0.01943136802479847
60	74	n/a
60	75	0.15563190618324682
60	76	0.009548086750144734
60	78	0.06686082786040223
60	80	n/a
60	81	0.18153881502393965
60	83	0.16541537891387206
61	63	0.015563555940866907
61	64	0.1422134596537548
61	69	n/a
61	73	0.13189177661128482
61	77	0.019588261430987783
61	78	0.006336764242293739
61	83	0.033602944496527114
62	74	n/a
62	75	n/a
62	76	n/a
62	80	n/a
62	83	n/a
63	66	0.11439574796918596
63	68	0.011585728888209265
63	72	0.0027428230726633212
63	75	0.05393817164986069
63	77	0.061786847255529166
63	78	0.09593128685019393
63	79	0.09716465123013286
63	81	0.0470604732835445
63	83	0.10447898511758083
64	69	n/a
64	71	n/a
64	73	0.0014871860887074847
64	76	0.0885257910102717
64	77	0.026460217297542984
65	70	n/a
65	71	n/a
65	72	n/a
65	73	n/a
65	76	n/a
65	77	n/a
66	67	0.15865853768141505
66	68	0.02647528410862359
66	70	0.07223664785926415
66	72	0.017432331061899578
66	75	0.05409501682489957
66	76	0.01973170069708146
66	77	0.07497626312981301
66	79	0.10868370118356459
66	83	0.1904818952356633
67	68	0.013633355691934853
67	72	0.1654700041406587
67	75	0.0479503097304324
67	76	0.07962129214984319
67	79	0.15073786864621236
67	80	n/a
67	83	0.09963162631677745
68	72	0.13440615149085136
68	75	0.0020210313065449283
68	76	0.04732625859609053
68	79	0.06656914516489996
68	83	0.1380969866467422
69	73	n/a
69	77	n/a
70	71	n/a
70	72	0.1172574859613323
70	76	0.018381952663882185
70	77	0.010436310706081264
70	79	0.034768800009580186
70	82	n/a
70	83	0.08131796421086275
71	72	n/a
71	73	n/a
71	74	n/a
71	76	n/a
71	77	n/a
72	75	0.08517515010050562
72	76	0.03188189900326199
72	77	0.04180676431069408
72	79	0.21560288909325148
72	83	0.12089622055248977
73	74	n/a
73	76	0.004973431479125749
73	77	0.05853518612727265
73	78	0.05069297954988363
73	82	n/a
74	75	n/a
74	76	n/a
74	80	n/a
75	76	0.10607774965941441
75	79	0.0318461384844667
75	80	n/a
75	83	0.03276185337370074
76	77	0.04781823377910845
76	80	n/a
76	83	0.10185490120458249
77	78	0.023904042856326888
77	79	0.057089010960613876
77	82	n/a
77	83	0.03550698214680483
78	79	0.06864309791190466
78	81	0.016876762385627436
78	82	n/a
78	83	0.014080397150290077
79	82	n/a
79	83	0.048253044704560384
80	83	n/a
81	83	0.06334710732464074
82	83	n/a
#subnet edge score	17.770137403491123