1	7	n/a
1	8	n/a
1	14	n/a
1	23	n/a
1	29	n/a
1	30	n/a
2	9	n/a
2	13	0.13257281876249574
2	22	n/a
2	24	n/a
2	25	0.07111004417255357
2	26	0.11596413345565587
2	27	0.01738355745847767
2	31	0.112311907524003
2	36	0.12869966102103703
2	37	0.08092463595261247
2	38	0.07251742482968955
2	42	0.041396429594982444
2	51	n/a
2	76	0.14633720996755104
3	7	0.09006124632606628
3	8	n/a
3	17	0.1556988924036032
3	21	0.016346519753042334
3	23	0.006497478093120846
3	26	0.054650944419483705
3	27	0.136509789711736
3	36	0.08006809311173452
3	37	0.058962854845857754
3	38	0.13922076782744164
3	39	0.1992458226347852
3	52	n/a
3	76	0.09125164960948798
4	9	n/a
4	10	n/a
4	12	n/a
4	15	n/a
4	20	n/a
4	24	n/a
4	28	n/a
5	6	n/a
5	12	n/a
5	15	n/a
5	24	n/a
5	32	n/a
5	34	n/a
5	40	n/a
5	41	n/a
6	7	n/a
6	8	n/a
6	10	n/a
6	12	n/a
6	15	n/a
6	28	n/a
6	32	n/a
6	40	n/a
6	41	n/a
7	8	n/a
7	10	n/a
7	14	n/a
7	23	0.17826789847041574
7	24	n/a
7	28	0.14182807057968666
7	29	0.10857361162385769
7	30	0.13002132340365716
7	33	n/a
7	36	0.018242925416253403
7	38	0.03329956911486139
8	10	n/a
8	12	n/a
8	14	n/a
8	17	n/a
8	23	n/a
8	28	n/a
8	30	n/a
8	32	n/a
8	40	n/a
8	41	n/a
9	10	n/a
9	12	n/a
9	15	n/a
9	20	n/a
9	22	n/a
9	24	n/a
9	27	n/a
9	28	n/a
9	36	n/a
9	40	n/a
9	58	n/a
9	73	n/a
9	77	n/a
10	12	n/a
10	14	n/a
10	15	n/a
10	20	n/a
10	28	n/a
10	29	n/a
10	34	n/a
10	36	n/a
10	40	n/a
10	41	n/a
11	13	0.04060520248718188
11	17	0.04937971259106689
11	18	0.04386295645667384
11	19	0.09821719514108714
11	25	0.08572381646605445
11	26	0.04587063138716983
11	27	0.037748000358611006
11	31	0.07937997476476985
11	34	0.15310151025484592
11	37	0.004731351704887565
11	38	0.08534917406725145
11	42	0.004024355248260656
11	49	n/a
11	62	n/a
11	80	n/a
12	15	n/a
12	20	n/a
12	24	n/a
12	28	n/a
12	40	n/a
13	25	0.06315392686274732
13	26	0.03141328981164011
13	27	0.004366529802595454
13	31	0.10797459196656554
13	34	0.08005488667258133
13	36	0.03444575090514834
13	37	0.03846933011435009
13	38	0.08142291677114127
13	41	0.2615262632404029
13	42	0.12472744925992588
13	44	n/a
13	49	n/a
13	62	n/a
13	74	n/a
13	75	n/a
13	76	0.1562113577367674
13	80	n/a
14	17	n/a
14	23	n/a
14	28	n/a
14	29	n/a
14	30	n/a
14	32	n/a
14	34	n/a
14	41	n/a
15	20	n/a
15	24	n/a
15	28	n/a
15	36	n/a
15	40	n/a
16	21	n/a
16	22	n/a
16	23	n/a
16	24	n/a
16	27	n/a
16	28	n/a
16	36	n/a
16	38	n/a
16	39	n/a
16	65	n/a
16	71	n/a
16	72	n/a
16	76	n/a
17	18	0.05421253205622999
17	19	0.056113014128227084
17	21	0.14132761374442457
17	23	0.1749237547328254
17	26	0.0024773576281278283
17	27	0.11514547327213558
17	29	0.17174546367475094
17	30	0.03705534234277922
17	34	0.007655788887888288
17	36	0.08820600947818101
17	37	0.004037248007770442
17	38	0.029531638913715522
17	76	0.07872385503584438
18	19	0.05577772265134574
18	26	0.11707634532168006
18	27	0.03608209079640893
18	31	0.14419039611719725
18	34	0.0942831537704694
18	36	0.022247236183446057
18	37	0.041472859089484865
18	38	0.024045722619618598
18	75	n/a
18	76	0.03025636477902913
19	26	0.028498789608868712
19	27	0.011197255177208808
19	34	0.03371234560635967
19	36	0.12221424135903033
19	37	0.06458828678994685
19	38	0.09737160261610514
19	76	0.03700549715059676
20	24	n/a
20	28	n/a
21	23	0.20539761762261724
21	28	0.049864843230875935
21	30	0.10999036159970982
21	33	n/a
21	34	0.09377827111325159
21	36	0.04827182601190271
21	37	0.0496481884554365
21	38	0.0676890379887666
21	39	0.08349791970855666
21	40	n/a
22	23	n/a
22	24	n/a
22	25	n/a
22	27	n/a
22	28	n/a
22	65	n/a
22	71	n/a
22	72	n/a
22	76	n/a
23	27	0.02277190239735201
23	28	0.005681701281107908
23	29	0.028135807612858076
23	30	0.08576333299578785
23	34	0.0044340132215834015
23	36	0.020805372838713414
23	37	0.00215125163401316
23	38	0.01632847299753648
23	39	7.329249648673638E-4
23	40	n/a
23	65	n/a
23	71	n/a
23	72	n/a
23	76	0.04510450110702861
24	27	n/a
24	28	n/a
24	33	n/a
24	36	n/a
24	40	n/a
24	58	n/a
24	71	n/a
24	73	n/a
24	77	n/a
25	26	0.08974639833290127
25	27	0.05122814738059349
25	31	0.021659780227481024
25	42	0.16370006169158538
25	49	n/a
25	62	n/a
25	74	n/a
25	75	n/a
25	76	0.05436548623348196
25	80	n/a
26	27	0.02550773943589629
26	31	0.10516914386431082
26	34	0.08304566351918982
26	36	0.10816043500666492
26	37	0.04594283705806012
26	38	0.009287978625276127
26	39	0.0072966087634318425
26	42	0.07121234735340409
26	51	n/a
26	62	n/a
26	67	n/a
26	74	n/a
26	75	n/a
26	76	0.08876021095384654
26	80	n/a
27	28	0.12434575303639164
27	31	0.008485927513307885
27	34	0.010047013906655702
27	36	0.10814140096663438
27	37	0.025314482990029582
27	38	0.027530046694267018
27	39	0.0777478313649026
27	43	n/a
27	44	n/a
27	45	n/a
27	46	n/a
27	51	n/a
27	52	n/a
27	62	n/a
27	65	n/a
27	66	n/a
27	67	n/a
27	68	n/a
27	71	n/a
27	72	n/a
27	74	n/a
27	75	n/a
27	76	0.10363912177301603
27	80	n/a
28	29	0.07440548299769191
28	30	0.10517373347571941
28	33	n/a
28	34	0.09135477300400748
28	36	0.061731571463216166
28	38	0.12661607223963775
28	39	0.13422667599169769
28	40	n/a
28	58	n/a
28	73	n/a
28	77	n/a
29	30	0.006459589462582164
29	32	n/a
29	33	n/a
29	34	0.15910006920548309
29	41	0.14174731889342337
30	33	n/a
30	34	0.0914290300194491
30	36	0.18200080577810487
30	38	0.029080014138740097
31	34	0.12832011170542296
31	37	0.06765656852403437
31	38	0.0028038556679439385
31	62	n/a
31	74	n/a
31	75	n/a
31	76	0.15156230201505777
31	80	n/a
32	34	n/a
32	36	n/a
32	40	n/a
32	41	n/a
33	34	n/a
33	38	n/a
34	36	0.00294155665961608
34	38	0.16338569264981725
34	41	0.04790899944290422
34	42	0.11192214863458609
35	36	n/a
35	39	n/a
35	46	n/a
35	84	n/a
36	37	2.9332320818793836E-4
36	38	0.17293028463989304
36	39	0.006433272005481954
36	40	n/a
36	41	0.07284299023273119
36	42	0.0642297554959947
36	76	0.09998949557649549
36	84	n/a
37	38	0.0983498080938181
37	39	0.03550183369797388
37	42	0.10889299695607338
37	76	0.1881540388048588
38	39	0.15016776855857394
38	41	0.026786547505541256
38	42	0.031228284384640075
38	76	0.14203570081706582
39	40	n/a
39	41	0.12450423709833051
39	76	0.16413416088459007
39	84	n/a
40	41	n/a
42	44	n/a
42	49	n/a
42	62	n/a
43	44	n/a
43	45	n/a
43	46	n/a
43	47	n/a
43	48	n/a
43	49	n/a
43	51	n/a
43	52	n/a
43	56	n/a
43	58	n/a
43	59	n/a
43	64	n/a
43	65	n/a
43	67	n/a
43	68	n/a
43	70	n/a
43	71	n/a
43	72	n/a
43	73	n/a
43	75	n/a
43	76	n/a
43	77	n/a
43	81	n/a
43	83	n/a
43	84	n/a
44	45	n/a
44	46	n/a
44	49	n/a
44	51	n/a
44	52	n/a
44	60	n/a
44	62	n/a
44	66	n/a
44	67	n/a
44	68	n/a
44	70	n/a
44	72	n/a
44	75	n/a
44	76	n/a
44	80	n/a
45	46	n/a
45	48	n/a
45	49	n/a
45	51	n/a
45	52	n/a
45	56	n/a
45	59	n/a
45	60	n/a
45	62	n/a
45	66	n/a
45	67	n/a
45	68	n/a
45	70	n/a
45	72	n/a
45	73	n/a
45	75	n/a
45	76	n/a
45	77	n/a
45	78	n/a
45	79	n/a
45	80	n/a
45	82	n/a
45	83	n/a
46	47	n/a
46	48	n/a
46	52	n/a
46	65	n/a
46	70	n/a
46	72	n/a
46	75	n/a
46	76	n/a
46	77	n/a
46	84	n/a
47	48	n/a
47	54	n/a
47	55	n/a
47	56	n/a
47	57	n/a
47	58	n/a
47	59	n/a
47	61	n/a
47	63	n/a
47	64	n/a
47	72	n/a
47	73	n/a
47	77	n/a
47	81	n/a
48	54	n/a
48	55	n/a
48	57	n/a
48	59	n/a
48	63	n/a
48	77	n/a
48	78	n/a
48	81	n/a
48	83	n/a
49	51	n/a
49	60	n/a
49	62	n/a
49	74	n/a
49	80	n/a
49	83	n/a
50	56	n/a
50	57	n/a
50	63	n/a
50	77	n/a
50	78	n/a
50	79	n/a
51	58	n/a
51	62	n/a
51	71	n/a
51	73	n/a
51	74	n/a
51	75	n/a
51	76	n/a
52	56	n/a
52	57	n/a
52	66	n/a
52	68	n/a
52	72	n/a
52	75	n/a
52	76	n/a
52	77	n/a
53	58	n/a
53	59	n/a
53	61	n/a
53	69	n/a
53	73	n/a
53	77	n/a
54	55	n/a
54	64	n/a
54	73	n/a
54	81	n/a
54	83	n/a
55	56	n/a
55	57	n/a
55	59	n/a
55	61	n/a
55	64	n/a
55	77	n/a
55	81	n/a
56	57	n/a
56	59	n/a
56	63	n/a
56	66	n/a
56	70	n/a
56	72	n/a
56	73	n/a
56	77	n/a
56	78	n/a
56	79	n/a
56	82	n/a
56	83	n/a
57	59	n/a
57	61	n/a
57	63	n/a
57	64	n/a
57	77	n/a
57	79	n/a
57	81	n/a
58	59	n/a
58	61	n/a
58	64	n/a
58	71	n/a
58	73	n/a
58	76	n/a
58	77	n/a
59	61	n/a
59	63	n/a
59	64	n/a
59	69	n/a
59	77	n/a
59	78	n/a
59	83	n/a
60	62	n/a
60	67	n/a
60	68	n/a
60	74	n/a
60	75	n/a
60	80	n/a
60	83	n/a
61	64	n/a
61	69	n/a
61	73	n/a
61	77	n/a
62	74	n/a
62	75	n/a
62	76	n/a
62	80	n/a
62	83	n/a
63	75	n/a
63	77	n/a
63	78	n/a
63	79	n/a
63	81	n/a
63	83	n/a
64	69	n/a
64	73	n/a
64	77	n/a
65	70	n/a
65	71	n/a
65	72	n/a
65	73	n/a
65	76	n/a
65	77	n/a
66	67	n/a
66	68	n/a
66	70	n/a
66	72	n/a
66	75	n/a
66	76	n/a
66	79	n/a
66	83	n/a
67	68	n/a
67	75	n/a
67	76	n/a
67	80	n/a
67	83	n/a
68	72	n/a
68	75	n/a
68	76	n/a
68	79	n/a
68	83	n/a
69	73	n/a
69	77	n/a
70	72	n/a
70	77	n/a
70	79	n/a
70	82	n/a
70	83	n/a
71	72	n/a
71	73	n/a
71	74	n/a
71	76	n/a
71	77	n/a
72	75	n/a
72	76	n/a
72	77	n/a
72	79	n/a
72	83	n/a
73	76	n/a
73	77	n/a
73	78	n/a
73	82	n/a
74	75	n/a
74	76	n/a
74	80	n/a
75	76	n/a
75	80	n/a
75	83	n/a
76	80	n/a
76	83	n/a
77	78	n/a
77	79	n/a
77	82	n/a
77	83	n/a
78	79	n/a
78	81	n/a
78	82	n/a
78	83	n/a
79	82	n/a
79	83	n/a
80	83	n/a
81	83	n/a
82	83	n/a
#subnet edge score	11.907583089098258